Mal-032
Ken-050
BA71V-148
Ken-159
Pret-160
Pret-171
Pret-002
Mal-001
War-173
LIS375
Ken-034
Ken-036
Ken-002
War-002
Pret-003
Pret-007
Mal-020
Ken-024
Ken-031
Mal-027
Pret-031
Pret-174
Ken-169
War-023
Mal-021
Mal-029
War-031
Pret-035
Pret-036
Ken-038
Pret-037
BA71V-156
Pret-175
BA71V-007
War-005
Ken-023
Pret-025
BA71V-023
Pret-030
Mal-028
Ken-033
Mal-030
War-172
Ken-027
War-030
ken-037
War-034
War-035
Mal-046
Mal-155
War-158
BA71V-004
Mal-004
Ken-025
Pret-032
Pret-033
War-033
Mal-033
Mal-034
BA71V-038
War-169
Ken-001
Mal-167
Ken-006
LIS382
Pret-024
War-028
BA71V-024
War-029
BA71V-003
