TEL1
tefu
tel1
mus-21
ATM
Atm
mus304
mei-41
Blm
BRE2
clk-2
CTC1
Dclre1c
DNA2
ELG1
elg1
exo1
GBP2
HIST3H3
HIST1H4A
rqh1
mre-11
MMM1
MRC1
Mre11a
nbs1
nbn
PARP3
PBP2
PIF7
pif1
PIF1
PIF5
PIF3
PIF6
PIF2
pfh1
PIF4
POT1C
pmt3
POT1B
RAD50
rhp51
Rad51d
rad-50
RAD51D
PFF0285c
rad50
Rpa1
RPA1
ssb3
rpa2-a
Rpa2
Rif1
rpa2-b
RPA2
rif1
RIF1
RRM3
rtel-1
GF20802
GL14463
AGAP000634
GG18780
GJ16649
Rtel1
RTEL1
CPIJ003765
GH24089
GM12432
rtel1
GI15901
GA17940
GE16425
GK24923
AAEL008960
CG4078
SET1
set1
SUA5
SWD3
SWD1
tcg1
TERF1
Tnks2
trf1
IIV6-030L
IIV3-106R
Wrn
WRN
Xrn1
