BCE_0959
Bcer98_0703
BLi04092
BAPKO_0442
CAB235
CLJ_B1308
CLL_A0132
CLD_3302
CTC_01030
cgR_0192
CHU_1611
DSY3705
Dred_1635
ERGA_CDS_07460
FTH_0919
Haur_1276
LBA0113
lhv_0124
lp_1991
lin0928
Minf_1227
MAP_1395
Rv1688
Noc_0079
CD630_14930
Pfl01_4975
mll4583
PA4010
RAF_ORF0446
RT0340
pSG1.74
SAHV_2328
NWMN_2245
SA2134
SAS2235
SH0714
SAV_6486
Synpcc7942_0669
syc0860_c
Tery_2004
XC_1800
XCC2316
BCG9842_B4408
BCAH187_A1048
BB_0422
Bcen2424_2775
Bphy_3243
Meso_1432
Cphamn1_2088
CT1853
CLK_0705
CPR_2580
CE0119
jk0054
DR_2074
Ecaj_0750
FTT_0666c
gll2491
Acid345_4712
Ldb0170
LBUL_0146
lpp0929
lpl0898
Lxx06100
Memar_0903
JTY_1701
Mmcs_2956
Nmul_A1264
PSPTO_4830
RHE_CH03355
RPC_2571
RHOS4_09720
AnaeK_4364
BALH_0786
BCA_0925
BCE33L0774
yxlJ
BbuZS7_0428
Bcenmc03_2786
Bcep18194_A6105
CHY_1567
CF0767
Cpar_0350
CPn_0505
CLI_1349
CPE2576
PA14_11970
Pcryo_0162
mpg
RPB_2889
RPR_06885
Wbm0254
xcc-b100_1856
RC0480
RrIowa_0572
Rxyl_1309
SAUSA300_2290
SAOUHSC_02621
SAB2222
SAV2344
SAR2429
MW2265
SERP1931
CYB_2817
WP0867
Atu3335
BCAH820_0960
BC_0885
RBAM_035810
BcerKBAB4_0774
BG0429
Bcen_2161
Bphyt_4972
Cag_1802
Plut_0321
Cvib_0387
CLB_1293
EF_1978
FTA_0989
FTW_1062
GbCGDNIH1_1806
LJ_0088
LPC_2427
LMHCC_1694
UNCMA_17850
MLBr01351
MRA_1698
Nwi_1438
NFA_19900
Paes_1889
PLES_09661
RBE_0390
A1G_02715
SRU_1545
SaurJH1_2414
SaurJH9_2368
SACOL2339
USA300HOU_2325
SE_1919
SGR_5705
CYA_0301
WD_1110
APE_2247
A2cp1_4387
Anae109_4380
BAMEG_3690
BCQ_0959
BT9727_0773
ABC1936
Bd3793
bll4476
Bxeno_B1320
CCA_00239
Cpha266_2098
CA_C2969
CLH_0116
CLM_1424
CPF_2901
mag
Dgeo_1660
ECH_0277
Francci3_3167
FTL_0940
Lm4b_00947
lmo0928
Mb1714
ML1351
MT1727.1
MXAN_6462
Nham_1830
OB0297
PPA2247
PSPPH_4413
RB1416
RHA1_ro00943
A1I_05810
RP351
Sca_1843
SSP0561
SCO1792
sync_0342
XCV2626
Clos_1158
Adeh_4231
BAA_0975
BA_0869
BCB4264_A0922
Cbei_0072
CBO1265
NT01CX_1732
Erum7170
FTF0666c
LCA_0543
lpg0866
LMOf2365_0949
lwe0906
BCG_1726
Mkms_3000
Nther_0710
Psyr_4370
RL3782
RPA2586
RPD_2583
RF_0560
XAC2449
