CYP57
CYP19-4
Cwc27
CWC27
CPR8
cwc27
cyn-1
cyn-5
cyn-6
CPR5
cyn-2
cyn-7
cypE
cyn-10
cyn-11
cyn-8
cyn-3
cyn-9
cyp9
CPR2
CPR3
CPR4
dod
Fkbp7
Fkbpl
Fkbp10
FKBP14
RBP1
FKBP11
FKBP1A
FPR2
fpr4
fkr-4
Fkbp5
Fkbp9
FPR1
FKBP10
Fkbp14
FKBP2
Fkbp2
FKBP3
Fkbp3
FKBP9
fkpB
FKBP7
fkbB
FPR3
Fkbp11
Nktr
NKTR
PPIAL4D
PPIAL4G
PIN1
ppiA
PPIG
Ppil6
slr1251
cypB
PPIC
CPR6
cypD
CYP10
Ppil3
PPIL6
CYP3
PPIL1
PPIL3
ppiB
Ppig
PPIB
ppiC
ppi1
ppil3
PPWD1
sll0227
cyp33
Ppwd1
Ppic
Ppil1
Ttc9b
TTC9C
Ttc9c
ttc9c
TTC9B
SPBC428.12c
