Aebp2
AEBP2
Ascl2
ASCL2
Atf3
ATF3
BATF3
Bcl11a
Batf3
BCL11A
Btg2
BTG2
CC2D1A
Cc2d1a
Cc2d1b
CC2D1B
CBF1
chn
Ctcf
CUX2
Cux2
Dach1
DACH1
Dlx4
DLX4
dpn
dsx
E(spl)m5-HLH
Ets2
HLHm7
ETS2
FKH1
fkh2
FOXO1
Foxo1
Foxp4
Gcfc2
GCFC2
GIS1
Glis3
Gsc
HELT
HES5
HINFP
Hdgf
Helt
Hes1
En1
HES1
Hes5
Hinfp
HMGA2
Hmga2
HSF1
EN1
Hsf1
HOXA2
Ifi205a
Ifi203
Pyhin1
Hoxa2
IFI16
Jdp2
JDP2
KLF17
Klf16
Klf17
KLF16
MXD1
Mxd1
MCM1
MIG1
MIG2
Mlxipl
MIG3
Mndal
Mkx
MYPOP
Myef2
Mypop
NACC2
Nacc2
NFIL3
Nfatc4
MZF1
Nfatc2
Nfil3
NFATC4
NKX3-2
Nkx3-2
NFATC2
Nfe2l3
NFE2L3
NKX6-2
OVOL1
RIM101
pacC
Ovol1
PACC
Pitx2
Pou4f2
Pou3f1
Prdm5
POU4F2
PRDM5
Prox2
pros-1
PROX1
PROX2
Pydc3
rec16
RPH1
rsv1
sak1
SCRT2
SREBF2
sre1
Spi1
Srebf2
SPI1
SUM1
Stat6
ste11
TBX2
TGIF1
Tbx2
TBX15
Tgif1
Tbx15
Yy1
ush
SPAC25B8.19c
YLPM1
ZFP90
ZKSCAN3
Znf148
Zbtb20
ZBTB7A
ZNF148
ZNF217
Znf281
Ylpm1
ZNF281
yox1
Zfp90
ZNF536
ZBTB20
Zbtb7a
ZGPAT
ZNF219
Znf536
Zgpat
Zkscan3
