act10
Ahi1
ACTR1A
arpA
AHI1
act1
AGD7
Ap1g2
Ap1m1
apm1
AAP19-2
Ap3b2
APM3
apm4
AP5M
Ap1b1
GAMMA-ADR
AP1G1
apl4
AP1M1
AP1M2
APS1
Ap1s3
apl3
apl1
Ap2m1
Ap4m1
BETAA-AD
apl2
Ap1g1
AAP19-1
Ap3s2
Ap4b1
ARF1
ARF3
Arf3
At2g15310
ARF4
LRPAP1
AP2B1
APL2
At1g60070
ap3d1
Ap4e1
Arf2
ARF2
arf3
Arf4
ARF6
arfgap2
Arfgap3
ARF
NCU08340
APL4
Ap1m2
Ap2a1
Ap2a2
APL1
APL6
APL5
APS3
AP4M
Ap4s1
BETAB-AD
arf-1.2
arf-1.1
arf4
ARFGAP2
arrH
arl-5
aps2
AP3BA
AP3M
Ap3s1
aps3
APM2
Arf5
Arf6
Arfgap2
ARL1
vas2
ap3b-1
DELTA-ADR
At3g50860
ap4b1
At1g31730
AP4M1
BETAC-AD
arf1
ARF2-A
ARFGAP3
ARL17A
