ALMS1
Alms1
APC1
asp
AUNIP
aurka-b
Aspm
Aunip
aurka-a
Cam
CALM
CDC14A
Nedd9
CDC20
NEDD9
CEP19
Cep19
Cep44
CEP63
Cep95
CETN1
cdc-14
Cdc20
Cdc6
CEP128
cep63-b
cep19
cep44
CEP89
CCNB1
Cep85
Cetn1
Cdc14a
cep63-a
Cep63
cep89
Cep89
CEP44
CEP85
Ckap5
Cep128
CEP95
Ckap2
Ckap2l
cnn
CKAP2L
CKAP5
CSPP1
Ctdp1
Cspp1
DCTN1
Dctn1
DNAAF1
Ddx11
DSN1
eb1
FAM110A
Fam110c
FBF1
FAM110C
Fam110a
Fbf1
FRY
tubgcp3
Fry
GCP2
TUBGCP5
TUBGCP2
Golga2
Haus1
HAUS1
HAUS8
Haus8
haus8
IBD2
kif11-a
kif15-a
Klp59C
Kif2a
Klp10A
kif15-b
mei-1
Katna1
katnb1
kif11-b
KIF2A
Kntc1
katna1
KATNA1
Katnb1
KIF11
kif2a
KNTC1
KATNB1
LATS1
Kif11
LATS2
Lats1
PAC1
Lats2
lin-5
MAP65-4
MAP65-9
Lrmp
MAP65-2
MAP65-7
Mad2l1
MAP65-8
mei-2
MAD2L1
mop-25.2
CDC25B
Cdc25b
Mtcl1
mtaA
MTCL1
MTW1
Nedd1
Nek6
NEDD1
NEK6
NIP100
Nek7
NEK2
Nek2
NEK7
Nin
NIN
NSL1
Nudcd2
NUDCD2
ODF2
Odf2
PLEKHG6
Plk1
POC1A
PLK
Poc1b
Plekhg6
PKP4
polo
Ppp2ca
PPP2CB
Pkp4
POC1B
Ppp2cb
Poc1a
PRC1
PPP2CA
Prc1
Psrc1
PSRC1
RASSF10
Rassf1
RANGAP1
rassf10
Rassf10
Ralbp1
RMDN3
RMDN1
Rmdn2
Rmdn3
RMDN2
rmdn3
Rmdn1
sbds
SBDS
Sbds
SGO1
Sgol1
SGOL1
SLD7
Knstrn
KNSTRN
spdl1
SPAG5
SPDL1
Spdl1
Spag5
spdl1-a
SMC3
Smc3
spdl1-b
sub
tbccd1
Topbp1
topbp1-A
tpx2-b
Tpx2
topbp1-B
TPX2
TOPBP1
tpx2-a
ooc-5
TTC28
UMOD
Umod
wdr73
WDR73
Wdr73
WDR62
Wdr62
ZW10
zyg-9
Zw10
