14-3-3zeta
ywhaz
ywhab-a
aldh9a1a
ywhabb
ywhag-a
YWHAH
YWHAG
alkA
aldh9a1b
ywhab
ACH1
acpM
acpP
acpA
YWHAQ
ywhaq
MT2815
acpP2
acpP3
acpK
ywhab-b
ywhag-b
acpP1
ADF3
MRA_2770
atg-16.1
AcCoAS
aes
ADD37
AIM4
acdAI
acu-8
AIM29
ARL14EP
ECU01_0970
AKR1B1
ALDH3A1
aldh9A1
eda
Acyp
ANKS6
Arl14ep
ALDH9A1
amyA
aglQ
AKR1E2
CBG24701
R11A8.7
argF'
apt2
APT4
apt
APRT
Aprt
kdgA
anks1b
Apbb3
apt1
arcA
arcC1
arcC2
argA
Ankrd34a
aprt
ARPC2B
argB
argC1
AKR1C4
AKNAD1
AKR1B8
CLAH10
APT1
Arpc1a
ARPC5B
arcA2
arcA1
argC2
argH2
ARPC5A
argH
aroA
aroB
arcC3
argC
argHA
