Alx1
Alx4
ALX1
ALX4
ARID3A
Arid3a
ATF1
Atf1
ATF2
barx1
Barx1
BARHL2
Barx2
BHLH113
BHLH128
Bhlha15
BARX1
BHLH68
BHLH117
BHLH122
Barhl1
BHLH82
BHLH85
BHLH103
BHLH133
BHLHA15
BHLH54
BHLH66
BHLH80
BHLH86
BHLH130
BARHL1
BHLH81
Barhl2
BARX2
BHLH53
BHLH112
BHLH7
BHLH52
BHLH69
BHLH83
BHLH110
BHLH139
BHLH123
vvl
Ebf4
Creb3l4
CREB3L3
Creb3l3
CREB3L4
CSRNP3
Csrnp1
CSRNP1
Csrnp3
Csrnp2
CSRNP2
DMRT1
DLX2
Dmrt2
Dmrt1
Dlx2
E2f4
Eaf2
EAF2
ELF5
ETV5
Elf5
Etv5
Foxa2
FOXF2
Foxf2
GABPA
Gabpa
Grhl2
GRHL2
Nhlh1
NHLH1
ceh-31
HSF2
Hnf1a
ceh-30
Onecut1
Hsf2
HOXD8
Hoxd8
Ikzf3
IKZF3
Irf2
IRF2
Klf9
LEF1
MAFG
Mafg
Mafk
MAFF
MAFA
mafb
MAFB
MAFK
Mafb
Maff
mdt-29
MSGN1
Msgn1
MYOG
MYF5
Myf5
Myf6
MYF6
myf6
hlh-1
Myod1
Myog
myod1
MYOD1
nau
Nfatc3
NEUROD2
Nfix
Neurod2
Nrl
Nkx2-1
Osr2
OSR2
Ovol2
Onecut3
OVOL2
PAX9
Pax9
PLAGL1
PKNOX1
Pknox1
RAD21
Rad21
RUNX1
Runx1
Sohlh2
Sohlh1
SOHLH2
SOHLH1
Stag2
STAG1
Stat3
Stag1
STAG2
UNE12
