TA08425
GRF6
BAbS19_II04750
BAB2_0505
Rv2744c
NT5E
ARB_03024
ADORA2B
ADORA3
aaeX
aas
aaxC
ABCG2
Abcg3
abi
BOV_A0688
Oant_3884
ADORA1
ADORA2A
Adora3
fadE25
aapA
aarD
At5g17760
acoX
TP04_0437
BruAb2_0497
BMEII0552
BRA0735
yghJ
BSUIS_B0727
Mb0979
5HTB1
TP_0104
accD3
acfD
ACTB
ACTG1
actg1
MC2R
BCAN_B0743
MT0981
5HTB2
pgl
ABCB20
ACLY
ADCY9
MAP_0900
ANKRD20A1
At5g40000
abcb6
ACA1
Ace
ACE
ACLB-2
actA
actbb
actb
ADF2
Adtrp
AFI1
ag45
fadE12
acsAB
actba
ADRA1D
adoK
aglF
aglR
aglS
AGP17
AGP23
AGP9
ADGRB2
AIM36
acpM
Adcy9
Adcy8
add-2
adiC
mgpA
adrA
ADTRP
agcS
AGP15
AGP19
AGP24
AGP5
Adgre1
ALA1
ALA4
albD
alcS
Acly
adra2b
Adap2
ADCY7
ADD1
AGP12
AGP25
AGP40
AGP7
adgra3
ADGRF1
ADGRL4
albG
acp
ALS3
ALS6
alsA
alsT
acsAII
adeQ
AGP13
AGP18
ADGRE3
Adgrf1
Adgrf5
AIR12
ALA7
alkB1
alkJ
ALMT1
ALR1
ALS5
alsB
alx
TGVEG_315730
AMA1
amer2
amoA1
amt
adra1a
adhS
AGP10
AGP16
AGP21
AGP27
ahpA
alaE
albB
alkB2
alsC
AMER2
Amer2
amoB1
amtB
Ano9
gapA
ADRB3
aglG
AGP22
AGP4
ALA11
ALS10
amiC
pepA
ANKRD13D
ansP1
ANXA8
AOC4
YAP1801
ap2m1
ap2m1a
AGP1
ADGRE4P
adgrl4
Adgrl4
ALDH3B1
Ama
ampE
AMT1-3
ANKRD13A
ANKRD13B
Ankrd13d
ansP2
At2g42005
aotP
Apc2
aplnr-a
AGP20
AGP3
Rv0458
AMIGO2
Ankrd13b
Ano3
At5g65990
aplnr
apsA
apt
AQR1
araG1
araQ
arfB
ALIS5
alkB
AMER3
Ano4
Ano8
At4g38250
Anxa8
appB
araG2
arcD
ydgI
argO
Aldh3b1
ALA10
alg8
At1g60690
ARB_02240
ALS7
Ankrd13a
Ano10
ANO4
Ano7
aofH
YAP1802
AP2M1
araG
arfC
arlS
Amer3
ap2m1b
araP
Anxa13
AP2M
Rv2613c
Aph4
aplnr-b
APLNR
apl
appC
yvsH
