CTNNB1
IIV3-092R
IIV6-107L
abgR
ABI5
Abra
IIV6-343L
SNF4
PRKAA1
accR
ACE2
IIV6-454R
aadR
cbs2
PRKAA2
ABRA
ACTL6A
ABF1
abh
ABI3
ace1
acnR
FV3-001R
FV3-028R
aaeR
Prkaa1
aarP
Actl6a
acoR
1AP1
2AP1
Prkaa2
ABI4
ACTL6B
actII-4
abaA
ABR1
abrB
ABT1
Actl6b
acpA
ADIRF
Aef1
Aes
YAF9
yaf9
AFF3
lilli
acrR
actR
adhR
adn1
adn3
afsR
aggR
AGL1
AGL24
AGL62
AGL66
AGL97
agmR
AGO10
agrA
AG2
AG1
AHL12
adeR
Mllt3
afaF
Aff3
AGL11
AGL15
AGL30
SCM1
AGO1
AGO4
AHL13
acpB
acuR
adcR
ADF1
adiY
ADNP2
Adnp
aebp2
EAF1
MLLT3
AGL104
agaR
AGL3
AGL80
AGO9
AG
AHL23
AHL28
AHL5
AHL8
BZIP15
AIL7
algQ
Alkbh4
alkS
alx1
Alx3
Adnp2
AES
AFT1
AGL18
AGL27
AGL5
AGL93
TDR5
Ago1
AGO3
Ago2
AGO6
AGO8
AHC1
AHR
ABF2
AIL1
algB
algP
allR
allS
ADNP
aes
afaA
Aff1
AGL14
AGL21
AGL28
AGL61
AGL90
AGO2
AHL19
AHL20
AHL6
AHL9
ahyR
AIL5
ALF
ALKBH4
alsR
ampR
andR
PRMT12
prmt1
prmt5
PRMT5
prmt6
prmt7
adn2
arpA
afsQ1
AFT2
AGL13
AGL17
AGL23
AGL8
AGL9
aglR
AHL10
AHL14
AHL21
AHL25
AHL7
ahr-1
DPBF3
ABF4
ALC
ALX3
ANP32A
anfA
PMRT15
PRMT7
ANR1
anr
AP1A
At2g41710
tfap2e
Tfap2d
AGL16
AGL36
AGL65
AGL86
AGL92
AHL15
AHL24
AHL26
DPBF2
AIB
ALX4
ML1
amos
AMS
Anp32a
ANL2
csul
AP1C
APEX1
Apex1
APRR4
AGL29
TDR4
FBP2
AHL11
AHL17
DPBF4
ABF3
AIL6
PRMT11
AP1
At1g16060
APG
araR
arcR
ARF1
ARF11
ARF14
ARF16
ARF19
ARF23
CDKN2A
algR
alkR
ALX
pepA
angR
prmt1-b
Prmt7
TFAP2D
APRR3
APRR9
abaB
araC
arcA
arcB
ARF8
ARF10
ARF12
ARF21
argE
argP
argR1
argR2
alpA
ALX1
prmt-5
Prmt5
PRMT6
YAP1
At1g79700
AP2
AP3
APBB1
appY
APRR5
APRR8
ARF9
ARF13
ARF20
ARGLU1
arlR
amiR
prmt1-a
Prmt6
ansR
ANT
ARF2
ARF6
arfM
ARF17
ARF18
Cdkn2a
arid3a
ARID3C
Arid4b
ARID5A
ARID6
LC
ARNT
PFD0985w
tfap2d
ara
ARF4
ARF22
ARF25
ARG80
argR
Arid1a
ARID5B
ARID1
ARID5
