AARSD1
Aarsd1
alaXM
SPAC30C2.04
ARC1
arfA
csaA
NAB2
nsun2
Pstk
PSTK
PTCD1
Ptcd1
pylS
rplP
rplA
RPL35A
Rpl35a
rpl-33
rplE
rlmN
rlmN1
rlmN3
rnpA
rlmN2
DIS3
rpsM
rpsG
sepS
SLFN11
Aats-cys
cars
gltX2
OVA3
EARS2
MSE1
alaS
gltX1
ears2
farsa-a
pheS
phesA
pheT
ala1
cysS
CARS
DARS2
EBI_22775
FARSA
FRS2
lysS1
msk1
Cars
alpha-PheRS
ECU07_1660
frs2
metG
metG1
Os06g0508700
RARS
farsa-b
MARS
mse1
Farsa
NCER_100038
mrs-1
metS
slm5
Ears2
At4g39280
At4g13780
Mars
mars
Rars
trmG10
TRMT1L
At5g15810
trm1
Trmt1
At3g02320
AAEL009156
TRM8
GG12652
GL18335
GJ16889
AGAP004752
TRM1
GM18921
CG6388
CBG02883
CPIJ009694
GH24451
GA17913
GE16980
GF21935
GI21651
GK16167
trm8
GD16394
OsI_22311
trm-1
Bm1_01445
Os06g0236900
Trnau1ap
xpo5
XPO5
XPOT
Xpo5
MG449
MPN_663
yajQ
ygjH
YNL040W
ytpR
