APL_0231
Atu1316
Adeh_1232
AnaeK_2633
aq_1498
Avin_03140
BCE_4469
BF1690
BH08220
Bind_1895
Bpet0562
BAbS19_II06010
BruAb2_0627
BOV_A0563
yqgF
Bcen2424_0865
Bcep18194_A3963
BMASAVP1_A0917
BTH_I1463
TTE1250
Cj0635
CHY_0542
Caul_1518
CAB571
CTLon_0431
CMS0730
jk1037
CbuG_2096
Reut_A0706
PCC8801_1942
DET0051
Desal_1125
Dhaf_3562
DVU_3070
DICTH_0881
Erum5640
GTNG_2487
GOX2385
CGSHiEE_01525
HH_1229
jhp_0317
Krad_3031
Nham_2279
Noca_2408
PAM_304
OTBS_0498
Pden_0510
PM1870
PEPE_1261
PPA1179
RHE_CH01852
RPD_3023
RHOS4_12710
RF_0535
SPO2350
SAV1616
USA300HOU_1616
SE_1299
SSP1145
SAV_6851
SGO_2041
SPG_0181
SPs1795
CYB_1750
Syncc9902_0783
Teth39_1054
Tbd_2580
UPA3_0386
VCM66_0451
WD_0143
xcc-b100_1414
Acry_0873
APJL_0236
ASA_1194
Arad_1906
Anae109_2535
AZOSEA09500
AYWB_418
BALH_3971
BCA_4498
Bcer98_3099
BLi02867
ABC1594
BVU_4062
BCAN_B0598
Bamb_0738
BPSL2692
C8J_0594
Cla_0945
CCNA_02521
Caur_3849
CF0406
Cphamn1_2429
Chy400_4158
CT_184
CMM_1801
Cbei_1106
CLM_2869
Ccel_2239
CPE1778
HPSH_01735
HNE_2300
LSEI_0787
LGAS_0423
LCA_0389
lpg0587
LEUM_0558
lmo1502
Mfl464
MARTH_orf203
MAG4150
mhp179
MLBr00513
MYPE8530
MSMEG_3026
Rv2554c
NMCC_1250
Nmul_A2479
alr3100
Bpro_1143
P9515_07901
PMT_0526
PMN2A_0199
PSPPH_0475
PP_4996
Pcryo_0061
RHECIAT_CH0001940
SAB1487c
MW1566
SCO1500
SpyM3_1797
MGAS10270_Spy1864
SPH_0310
Spy49_1750c
SZO_18610
SYNAS_06690
SYNW0779
Tfu_2069
TWT_375
UU370
VFMJ11_0433
Wbm0696
XC_1366
PXO_02001
PD_1275
ACIAD0352
Aasi_1327
RBAM_024490
yrrK
BQ06360
BAD_0701
Blon_1601
BAB2_0643
BMEII0672
BceJ2315_30860
CTC_01056
DIP1349
ckrop_1006
EF_1203
Fphi_1753
FTA_1285
GK2554
HD_1795
HAPS_0933
LBA0419
MRA_2583
NMC1275
Nwi_2004
Oant_3664
Oter_3530
OTT_1426
Pnec_0265
NATL1_08311
PMT9312_0799
A9601_08551
PA14_05280
PLES_04021
PSHAa2601
Rpic_0620
R01309
RER_29860
RPC_2255
Rru_A3178
Rsph17025_1879
A1I_05165
TM1040_0967
SRU_1064
SaurJH1_1707
Sca_1228
gbs2044
SMU_2078c
M6_Spy1795
MGAS9429_Spy1807
SpyM51755
SSU98_0067
str1960
SPP_0247
Suden_0527
SYO3AOP1_0474
Syncc9605_1870
TT_C1478
TW394
UUR10_0379
VF_0433
VV1_1528
XCC2747
AM1_0036
APP7_0233
Avi_1768
VSAL_I0546
BCG9842_B0730
BCB4264_A4506
BC_4381
BT9727_4119
BT_0419
BAV3011
BMEA_B0572
Bcenmc03_0836
BMA1996
BURPS668_3111
CLB_2503
CLL_A1176
CLI_2625
CKR_1222
CPF_2031
cauri_1392
Cgl1631
CbuK_2144
CBU_2094
PCC7424_3098
DSY2418
DvMF_2352
Ecaj_0565
EUBELI_00774
FTF0986
GWCH70_2488
gll1132
HI_0305
HPG27_316
HP_0334
IL2219
LBUL_1484
ybeB
lp_2274
LSL_1109
Lxx10920
lin1537
MHP7448_0202
MMAR_2171
MPN_418
Mmcs_2347
NGO0568
P9215_08861
Pro_0867
PMM0791
PA0404
PSPTO_5038
Psyc_0056
RSc0676
mlr0681
Rfer_1378
RPB_2429
RPA3113
Rsph17029_1342
A1C_02470
RBE_0807
RP330
RrIowa_0544
A1G_02575
RD1_1766
Sden_2673
NWMN_1517
SAR1695
SPD_0181
spyM18_2171
MGAS10750_Spy1888
M28_Spy1780
syc1707_d
BB4404
BBta_4721
BRA0597
BamMC406_0755
BMA10247_1858
Bphy_2326
Bxeno_A0650
Csac_1776
CCA_00598
TC_0456
CPn_0237
CA_C1680
CLK_1947
CKL_1326
Cphy_2297
cce_1480
CHU_0692
DR_2509
Dde_0314
Dtur_1024
ECH_0460
FTM_0962
FTH_1192
FTT_0986
GDI2980
CGSHiGG_04340
Hore_05800
LVIS_1221
MSC_0255
MT2631
NMB1337
Paes_2162
SO_3347
SACOL1671
SA1444
SH1303
SAK_2029
SPy_2113
SP70585_0253
MGAS2096_Spy1829
SPCG_0206
SSA_2240
SUB1775
SPT_0243
SMGWSS_096
CYA_0707
Swol_0470
XF_2227
Asuc_0202
AHA_3131
ABO_0113
A2cp1_2727
AM859
azo3460
BAA_4634
BA_4614
BCQ_4170
BF1683
BARBAKC583_0838
BLD_0615
BP0320
blr5094
BSUIS_B0594
Bcen_0383
Bmul_2523
BURPS1710b_3169
Bphyt_0869
Athe_1211
JJD26997_1364
CJE0738
CC_2439
Cag_0014
Plut_2047
CTL0436
CT0082
CV_3910
CLH_1127
CLD_2003
CPR_1748
RALTA_A2396
Daro_3892
cbdbA67
Daud_0915
ERGA_CDS_05820
EUBREC_1895
FP1751
FTN_0867
FTW_0892
HCH_00551
HPP12_0331
lhv_0440
llmg_0151
Lreu_0535
lpp0637
Lm4b_01512
MS0261
MCA2335
Msil_0742
MAE_50370
Moth_1640
Mb2584c
MCAP_0215
MYCGA1230
MHJ_0198
Mkms_2394
MUL_1755
Nther_1778
NMA1551
Noc_0367
OB2007
pc0823
PTH_1065
CD630_12850
PHZ_c1322
P9301_08521
PSPA7_0504
Pfl01_5312
Psyr_0484
PsycPRwf_0143
Rleg2_1518
RB8076
ROP_69170
RPE_3368
RAF_ORF0423
RC0455
RoseRS_3225
Sde_3638
Sala_0925
SaurJH9_1673
SSU05_0067
STER_1938
SUN_0448
Synpcc7942_2398
tll2329
Tcr_1828
TGRD_521
VC0395_A0018
VV2870
XAC2917
XfasM23_1360
APH_0332
Ava_3804
CFPG_136
BAMEG_4651
BCAH820_4466
BCAH187_A4519
BCE33L4130
BH1269
BPUM_2378
BcerKBAB4_4233
BT_1141
BL0881
BPP3931
BRADO4497
BMA10229_A2747
BURPS1106A_3147
Bcep1808_0799
CJJ81176_0663
Meso_1361
Cagg_0094
CTA_0202
Csal_0059
CLJ_B2792
CBO2562
NT01CX_2278
Cthe_0153
COXBURSA331_A2220
Rmet_2742
Dred_0775
Dvul_0307
HPAG1_0338
Acid345_0556
Ldb1605
LJ_0476
LACR_0138
LAR_0521
LI0503
lpl0621
LCK_00469
amb1588
Maqu_3763
MAB_2850c
JTY_2571
MG291.1
MMOB4380
Mjls_2388
Neut_0449
OEOE_1165
BDI_0655
SAR11_1079
PBPRA3140
SAUSA300_1573
SAS1552
SERP1180
SAG2090
SEQ_2149
spr0176
stu1960
SPJ_0207
STH1994
SYNPCC7002_A0946
Teth514_1491
TTHA1829
VC_0466
VP2613
WRi_001100
XCV3062
XOO1426
CPS_1251
CE1747
CBUD_2194
H16_A2915
Fjoh_2528
Francci3_3213
FTL_1215
FN0698
GFO_2274
NTHI0416
HS_0010
Helmi_02370
HSM_1901
Jann_2181
LCABL_08480
LAF_0523
LMOf2365_1521
Mfla_2100
BCG_2577c
ML0513
MAP_1078
MYPU_5560
MS53_0377
MXAN_5823
NE1667
NFA_36430
Saro_0906
PG_2202
P9211_09701
PFL_5831
PFLU_5756
RL2073
RC1_1518
RHA1_ro07136
Rpal_3523
RSKD131_0999
A1E_03830
RPR_07035
RT0321
Rxyl_1360
Smed_0941
Swit_0601
SAOUHSC_01720
sll1547
XOO1310
Xfasm12_1427
ZMO0785
