aapQ
ABCA10
ABCI10
ABCE1
ABCB23
ABCB25
ABCE3
ABCF4
ABCA6
ABCA7
ABCA8
ABCI8
ABCI1
ABCB24
ABCB28
Abcb10
ABCB11
abcC5
abcC9
abcC10
ABCF2
ABCB29
ABCF3
ABCA4
ABCA3
ABCB8
abcC13
abcC14
abcB1
ABCA11
ABCA12
ABCA2
ABCE2
ABCG37
ABCF5
ABCI7
ABCF1
ABCI21
ABCB26
ABCA5
ABCI6
ABCA11P
abcB4
ABCB10
abcC1
abcC3
abcC7
abcC12
Slc25a4
aabA
aapJ
aapM
ABCI11
abcB2
abcB5
abcC2
abcC6
abcC8
AGAP002358
ANT2
SLC25A5
ANT-G2
SLC25A6
SLC25A31
ABT
ANT1
ANT-G1
AAC
aggC
Os02g0718900
acrF
Slc25a31
SLC25A4
ANT
afaC
AP3D1
AGAP006782
Slc25a5
pucI
AP2B1
APOD
Apod
aglE
AQP12B
Aqp11
AQP2
AQP4
AQP5
AQP7P3
araH
aprF
AQP3
AQY2-2
AP3S1
AP4B1
AQP
AQY1
AQP7
AGAP008842
araN
AP3B2
AP4S1
Aqp12
aqpM
