TP53
AR
Shh
BRCA1
FV3-081R
IIV6-095L
IIV6-165R
svp
APOBEC3B
APOBEC3G
Apobec3
T85
accD1
accD2
5MMP
APOBEC3H
APOBEC4
ABLIM1
ABP4
IIV3-095L
IIV6-332L
4MMP
Apobec4
ABP1
10HGO
IIV6-121R
1MMP
APOBEC3D
APOBEC1
APOBEC2
Apobec1
Ablim2
ERABP1
Msed_1426
accD
ACE2
IIV6-175R
AAP1
APOBEC3A
APOBEC3F
Apobec2
Ablim1
Ablim3
ace2
MGYG_02011
acuK
NECHADRAFT_59099
SNOG_12336
TRV_01442
3MMP
ACE
acr-2
acu-15
PTRG_06536
Tace
Adam17
ADAM18
Adam19
ADAM23
ADAM28
Adam28
ADAM29
ADAM5
Adam5
Adam9
DEADC1
ADAT2
ada
adcA
Ada
add
Adamdec1
RHECIAT_CH0000242
Smed_3344
2MMP
EF2
ABLIM2
ABLIM3
T92
ABP5
ackA
acuI
BC1G_14637
G17A4.270
PMAA_028970
adam10
Adam32
ADAM7
Adam8
adat2
ADAT3
PSEEN0674
PFLU_0667
AAH1
mll3163
WS0737
VPA1292
HCH_01503
ADH1A
ADH1B
ADH1C
alcA
adhT
ADH1
Adh1
adhA
ADH2
Adh4
adhB
adhC
At1g32780
ADH2-2
H24K24.3
Fdh
Adh5
adh
AEBP1
AFG3L2
APOBEC3C
APOBEC3
STK_04800
Acer
HCBG_00867
CHGG_09150
SMAC_06113
ADAM10
ADAM12
ADAM15
ADAM17
ADA2
adaA
Adam1
Adam7
Adat3
ADA
Mmwyl1_1922
Sala_2009
aah1
Rru_A0766
ADH2-1
ADH5
FDH
Os02g0815500
aflR
At5g18200
AGT2
ahr
Ace
ACR
BDCG_02812
CPC735_053490
PAAG_01030
UREG_00958
Adam26a
Adam10
ADAM20
ADAM22
Adam24
ADAM30
ADAM33
adcE
ADAMDEC1
ACIAD1245
Bxeno_A3461
Meso_3659
CC_3180
Glov_1001
Reut_A2428
RALTA_A0998
PP_0591
PA14_01830
Rpic_2249
Rleg2_4180
Psyr_0661
Pmen_3706
PLES_01491
alcB
ADH6
ADH7
At1g64710
Adam1b
Aebp1
Afg3l2
AHR1
AIR1
Ankib1
AKR1
AL4
Os01g0887700
OsI_26819
fbaA
fba1
BDBG_05438
MCYG_04674
Pc22g08580
SS1G_02293
Adam11
Adam15
Adam21
Adam22
Adam25
Adam33
ADAM2
ADAM8
Atu0136
PputGB1_0636
Rmet_0890
ADH3
ADH4
Adh7
ADH8
adhC2
adhD
adhI
At5g24760
Mllt10
AIRE
Ajuba
akr1
AKR2
fba
OsI_18576
AL3
Os05g0163100
OsI_35671
FBA1
cbbA
CIMG_05755
ALKBH8
Alkbh8
allB
HCAG_03671
PODANS_4_8760
Adat2
BAV0774
BPP1038
Bphyt_3044
Cla_0004
PA0148
PFL_0719
Pcryo_0456
PSPTO_0757
Plut_1524
PputW619_4572
RL0206
PST_3608
RPC_4230
Rfer_3297
SCO2546
R00132
adh1
sodh-2
adhc1
At1g22440
At5g42250
adhP
MLLT10
AJUBA
ptr-1
ALDH12A1
cbbAP
cfxB
OsI_25444
OsI_14081
OsI_07694
Os05g0419100
alkA
amdR
ECU08_0070
ARB_05058
PADG_03802
TSTA_069700
ADAM11
Adam12
Adam18
ADAM19
ADAM21
adam22
Adam23
Adam29
Adam2
ADAM9
add2
add1
Arad_0352
CCNA_03284
Gura_2399
RSc2098
RHE_CH00197
PSPA7_0226
sodh-1
At4g22110
adh5
ADHIII
ADH
MLLT6
Afg3l1
air1
jub
Akap8
cbbAC
FBA2
Os07g0233300
OsI_16049
OsI_19996
AL7
Os07g0608400
fda
allB1
ALN
pafA
ECU01_0140;
APE1
ANPEP
pepN
APN1
Aopep
AMT1
AMZ2
amzA
Ar
ada2
ADAM32
adat3
Avi_0230
Avin_22300
BB1254
H16_A1014
Cphamn1_1745
PSPPH_4636
Pfl01_0671
NGR_c34590
ZMO0971
cce_0747
adh-1
alcC
Adh6
At1g22430
Adam1a
AIR2
cfxA
AL2
Os04g0444900
AL6
ams2
Amz2
AOC1
AFG3
AICDA
Aicda
ANKIB1
alcR
Os03g0818300
AL5
LVRN
Aoc1
ANAPC11
anapc11
APC11
ape2
apeA
apeB
Ba71V-134
hnt3
AIP2
Aire
AKAP8
Os11g0244800
AL1
allB2
DAL1
phoK
phoV
PAM
Amfr
ENPEP
APN2
Anpep
ape1
APE2
Ken-146
Pret-146
War-144
araD
areA
AREA
AMFR
Rnpep
Enpep
Lvrn
Zfyve19
Os09g0362500
apn-1
argE
ankib1
ALA6
Alb
ALFIN-1
OsI_04717
Os02g0564100
alkbh8
Pam
ZFYVE19
ar
ANN1
apc-11
Anapc11
APEX2
Mal-142
ARHGEF2
amiD
RNPEP
AOPEP
Os02g0218200
araR
ARD1
ARIH1
arih1
ARIH2
ARI5
ARI8
Os08g0398700
Os09g0362800
APM1
ARI11
ARI13
ARI16
Arih1
ARI2
ari-2
ARI4
