ABF1
ACA1
ace2
CST6
Akna
Adf1
AKNA
pap1
AFT2
TFAP2E
TFAP2B
Tfap2b
Arnt2
Tfap2e
ARNT2
atf1
Atf4
Atoh1
Atf2
ATF4
ATOH1
BATF
Batf
Bcl11b
Barhl2
AZF1
BCL11B
BSX
Barhl1
Bsx
CARF
cbf11
cdc10
Carf
CEBPD
CEBPB
Cebpd
cbf12
Cdx4
CEBPG
Cebpe
CEBPE
CEBPZ
CDX4
Cebpz
Cf2
Cebpg
Cebpb
CAMTA1
CAMTA2
Camta1
CMTA3
EBF2
CMTA2
CMTA4
Camta2
Ebf1
EBF3
CMTA5
coe2
Ebf2
CREB3L1
Ebf3
EBF1
EBF4
Creb3l1
CTCFL
Creb5
Creb3l2
CREB3L2
Ctcfl
CRZ1
DBP
Dbp
DDIT3
Ddit3
da
Dlx5
Dlx3
DLX5
Dif
DLX3
Eip74EF
EGR1
Ehf
ELF1
Elf4
Elf3
EHF
ELF4
Egr1
ELF3
ELK1
Egr2
Elf1
Elk1
EGR2
ETV1
Etv6
Etv1
Etv2
ETV2
ETV4
Fli1
Foxd1
FOXJ1
FIGLA
Fosb
FLI1
FLO8
Foxi1
Foxj1
FOXL2
Figla
FOXA1
Foxa2
Foxj2
FOXK2
FOXI1
foxo
FZF1
FOSB
Foxk2
Foxa1
FOXJ2
FUBP3
GLIS2
GCR1
Gmeb1
Glis2
GRHL1
Grhl1
Gsx1
GMEB1
hap3
Hdac5
GSX1
hap5
hap2
Hnf1a
ceh-21
ceh-39
HNF1A
ONECUT1
Onecut1
HOXA5
Hoxa5
ceh-38
Hnrnpk
Hoxa7
HOXC11
HOXA7
Hoxc13
HOXD13
Tcf12
Hoxd13
TCF12
Hoxc11
HOXC13
INO2
INO4
Irf1
TCF4
Tcf4
IRF1
Irf4
Jund
KLF5
KLF13
Klf13
KLF15
Klf5
MAC1
mbx1
Mafa
Mafb
mat1-Mc
MBP1
mei4
MEIS2
Mesp2
Meis3
Mesp1
Meox1
MEIS1
MEIS3
MEOX1
MEF2B
Mef2d
Meis1
MESP1
Mitf
MSS11
MTF1
Mtf1
Mybl1
MYBL2
Mybl2
MYBL1
Neurod1
NFATC3
Nfat5
Rel
Ndn
NFYC
Nkx2-8
NEUROD1
NFAT5
Nfyc
NKX2-8
NEUROD6
Neurod6
Nfic
Nfkb2
Npas4
Nfia
Nfib
Nfya
NDN
NFIC
NFIB
Nobox
NPAS4
NOBOX
Nrf1
NRF1
NUCKS1
Nucks1
ONECUT2
Onecut2
Tp73
onecut
Otx1
Otx2
ONECUT3
OTX1
OTX2
PAX5
PBX1
Pax5
pdm2
PATZ1
pcr1
php4
Pitx3
Plscr1
Phox2b
Pou1f1
PHO2
POU1F1
PLAG1
PLAGL2
PITX3
Phox2a
PHOX2B
Plag1
PLSCR1
POU2F2
Pou3f2
Pou2f2
POU3F2
prz1
PGR
prr1
Ptf1a
PTF1A
rdp1
reb1
RFX4
Rfx4
res2
RPN4
rst2
Runx2
RUNX2
Rax
Six5
sep1
SOX9
Sox12
SOX12
Six2
SIX2
SOX2
Srebf1
Sry-delta
STP2
Stk16
STK16
SREBF1
STAT3
Stat92E
Stat3
STP1
SWI4
Tfeb
Tef
Tbr1
TEC1
TLX1
TFAM
TFE3
Twist1
unc-3
ARR1
YBX1
Ybx1
CAD1
Zfat
Zic3
Zbtb7b
Zic1
znf750
ZFAT
ZIC3
Zfp292
ZIC1
ZNF292
Znf750
Zscan21
ZNF750
ZSCAN21
