CV_1693
MIMI_R824
Nt5c2
PA0065
NT5C2
BPA1
Os07g0281000
Os07g0682400
Os08g0126700
At3g51950
Os07g0583300
At2g05160
Os03g0328900
At2g28450
Os03g0826400
Os06g0170500
Os03g0329200
At3g27700
At5g12440
QtsA-17053
CID13
cmr3
HP_1042
cmr2
cpdA
cpb-2
cpb-3
TMEM63A
SPAC2G11.09
CSTF2
Tmem63a
Tmem63b
CUS2
DCTPP1
ald
dmg
polB1
polB2
POL
BALF5
UL54
UL30
57/58
DPOL
hsdA
Hhal_0546
polA
dpo2
ORF28
War-100
FV3-060R
ORF9
MIMI_R303
TTHA1431
DNApol-delta
dpo1
IIV3-120R
ORF1
DRT100
At4g17620
DXO1
dpo3
pola1
ORF653
Ken-102
Mal-098
POLB
polI
U38
dpyd-1
PLA2
pol-alpha
MDV043
ORF100
dom-3
Elavl2
elav
ELAVL3
ELAVL4
PABPN1L
Elavl3
Pabpn1l
wbgU
GRP1
RAB15
GRP2
GRP10
hinT
hpt
HINT3
Hint3
hprT
HSH49
ITPA
Itpa
IMPDH
JSN1
MMAR_4233
mde7
mdlD
mel-47
nifk
Mocs2
moaD
cnxG
MIP6
Mocs2-1
CHLREDRAFT_109356
At4g10100
OsI_07667
UMAG_12084
mthfsd
K10D2.7
mocs2s
CBG26118
VP15
Os02g0558300
mocA
MSL1
mug24
NAB6
NCBP2L
ncbp-2
ndhS
nft-1
AND_17441
nnrE
Y18D10A.3
DDB_G0269890
GL16587
GK25285
EHI_136490
ISCW022186
NitFhit
BRAFLDRAFT_104103
CAWG_01161
GF19489
GM11335
GL50803_17366
NECHADRAFT_32190
AAEL002874
APOA1BP
apoa1bp
GSPATT00023156001
PKH_124640
UMAG_10306
YNL200C
AGAP003324
CBG07973
CaO19.11163
DAPPUDRAFT_327994
GJ19543
GE15417
PHUM009640
PF14_0570
PVX_117475
GG18945
CG2974
SS1G_11419
HCBG_04707
GH12525
GI11178
GA15549
v1g228490
THAPSDRAFT_30178
NCL
ncl
Nt5m
ML6
NXF1
odh1
OML7
ML5
PABN1
ML2
ML4
PABPC5
ML3
PABPC1L2A
PABN2
PABPC4L
PIN4
Ta1145
PPR4
HCF152
PPR336
pseB
PUF2
dpkA
RALYL
R3hcc1
rbm18
RBM43
rbm46
rbpB
R3HCC1L
RBM46
RBM7
RBMS3
rbpF
Rdm1
RDM1
R3hcc1l
rbm26
rbpA
RBM12B
rbm48
rbpD
rfbF
RBPMS2
Rbm43
Rbm46
rbpE
Rbpms2
RCAN2
rdm1
QtsA-10054
44M2.3
yfnH
yciV
Rnp4F
rnps1-a
RBMXL3
trpH
rnps1-b
HI_1400
RRP6L2
RRP6L1
RRP7A
RRP6L3
samp3
SET1
set1
set-1
SRSF1
SRSF2
SBP1
surE1
surE2
TE1
TDRD10
alyref
ALY1
ALY2
ALY4
ALY3
ALYREF
alyref-a
alyref-b
uap2
vip1
XII
XIX
sll1459
DR_0079
CG11505
ECU01_0840
AF_1548
alr3139
ECU09_1470
CG14230
yhjH
HI_0961
YME2
SPBC23E6.01c
YGR250C
SPBP35G2.14
R05D3.8
EEED8.4
yjjG
msp-45
SPBC56F2.08c
yme2
EEED8.12
