FV3-010R
IIV3-037L
IIV3-073R
FV3-075L
Ken-021
Pret-027
At2g46620
At5g17750
ABCB22
ABCC2
abhd12
Abhd1
ABHD2
FV3-002L
FV3-004R
Mal-017
Pret-023
Mal-005
Pret-021
War-019
IIV6-138R
IIV6-135R
IIV6-141R
IIV6-169L
Mal-023
War-025
IIV6-361L
IIV6-458R
At3g28520
At5g17740
ABCC13
Abhd14a
ABHD16A
FV3-020R
IIV6-056R
IIV6-061R
IIV6-065R
FV3-069R
IIV6-083L
IIV6-084L
Mal-018
War-020
BA71V-008
Ken-007
War-006
IIV6-140L
A38L
A45R
At3g28510
At3g28540
IIV3-013L
FV3-011R
IIV6-060L
Ken-020
Mal-016
War-022
Pret-008
Ken-010
Ken-019
IIV6-113L
IIV3-124R
IIV3-126R
A43R
VACWR168
ABCB21
ABHD1
abhd13
abhd14a
Abhd16a
CBG18997
IIV3-022L
FV3-034R
IIV6-034R
FV3-043R
FV3-053R
War-021
IIV6-227L
IIV6-300R
A40R
aap-2
ECU01_0200;
abc1
abcH4
abhd2a
ABHD14A
Pret-022
IIV6-234R
VACWR162
At2g18193
acrB
BA71V-019
IIV6-325L
ABCB8
abcC15
abhd2b
ABHD13
VACWR165
AAC4
ABCI12
ABCB11
Abcd4
ABHD12
CBG14199
apc-1
ADIPOR3
Adgre1
Adgrf2
Adgrg2
ADGRG4
ADGRG7
AIM11
acer1
AADACL2
Aadacl4
ADGRF2
ADGRF4
Adgrg5
Aig1
Aadacl3
ADIPOR2
ADGRF3
Adgrf4
ADGRG5
AIG1
Ajap1
ALIS2
Adgra1
ADGRD2
ajap1
ALE1
ALG14
ALIS4
akap-1
AMT1-3
AMT1-5
AMT3-1
jhp_1381
ano10
AADACL4
paqr-1
ALDH3A2
AMT1-1
AMT1-2
ANKRD46
ADGRA3
Adgrg4
Adgrg7
ADGRL2
AJAP1
AMT2-3
AMT3-2
AMT4-1
ankrd46
Ankrd46
APRL5
Adgra3
alg11
AMT2-2
AMT3-3
APY3
aqp-10
At4g20460
alkL
amyL
APRG1
APY1
CG10326
ARE2
ALG11
HP_1488
APQ13
arfA
Armcx6
ARL6IP1
ARL6IP6
UEL-2
ARIH2OS
ARMCX6
APRL6
UEL-3
