sll0209
CYB561C
At5g59530
anon-37Cs
At1g06640
2A6
CYB561B
acoB
Synpcc7942_1594
At1g06650
CYB561D
At1g04350
ZCYB
acg
At1g06620
ACO3
At1g04380
Os02g0642300
At5g59540
Os04g0533500
NDUFAB1
Adhr
ahpF
AIM14
ver1
aifB
OsI_15385
AKR1
AKR4C10
alcA
actIII
aflY
H0813E03.4
ALTA7
adh1
fdxr
AIFM2
AIFM3
AKR1C8P
Os04g0339400
amx-1
aifm2
AGD2
At1g60730
bdhB
aifA
Os04g0338000
cnbCa
chuR
CPE0635
atsB
AIF
Aifm3
Os04g0337500
CPF_0616
aofH
AIM33
andAb
adx
MAOA
MAOB
At1g10810
OsI_15387
At1g60750
amnA
NT01CX_0295
maoA
maoB-1
maoC-1
AOP2
