IIV3-080R
CD209L2
tag
bll6282
aau3
ablA
ACC1
ACC2
accD
accC
ACAP3
accC2
At1g77330
FV3-073L
FV3-095R
cfiA
a45
ACA12
ACO1
ACO3
ACO4
ACO2
Acly
Os12g0586600
Os12g0136900
AF_1938
acdBII
aceA
acsA
cfiB
Atu2573
acsA2
POPTR_0018s14250g
POPTRDRAFT_831870
At1g03400
At5g43440
At1g12010
ACLB-1
ACLY
Os08g0191100
acoC
acy3.1
Acy3
IIV6-132L
ACO
DK-ACO1
acsA1
adcD
adcy9
addB
4hbD
ACA13
Os01g0939100
Os11g0140400
accC1
CAC2
At3g61400
MAO1B
At5g43450
acy3
adhE
Os07g0688000
AGAP6
AGAP9
Os03g0616400
Os05g0495600
ACAC
cut6
Vejaci
ACL1
sll1541
rexB
Adpgk
ykfB
AGAP11
agaK
AGD11
AGD8
AF_1211
cdhA2
acdBI
D11DS
HP_0267
adh2
adhB
ADH3
AGD14
D1005.1
acy3.2
bdhA
nudF
adprm
aiiB
attM
alkK
ADPGK
Adprm
Agfg2
gltB
aioB
albE
Amy4N
AMY1
adh1
ADH2
At4g24730
AGAP4
AGAP7P
Y2-aiiA
albA
ALB
alb
At1g11780
alkB
Amy58
Amy-d;
Amy-p
Amy-d
Amyrel
yiaY
adhA
AK
agaAII
AGAP5
AGD4
AGFG2
aiiA
ahlD
aceB
AMY1.3
amy
ANKMY1
Ankmy2
AOP1.2
mrp
PH0949
apbC
C50D2.7
ADPRM
CA_C0192
AGD15
AGD2
MJ1351
phoD
AMPD
ada1
LAP3
AMY2B
AMYC
amyE
ANKMY2
AOP3
aor
MMP0704
apgM
AMPD1
Ampd2
Os12g0434400
Amy35
AMY1A
amyB
amyC
amyA
AOP1
apgM1
Ankmy1
AOP2
PF1145
SSO0460
Ampd3
AMY1B
antC
HI_1678
apgM2
aphA
arfA
argH2
ANGPT2
MJ0283
PYRAB08510
