aaeA
ABCB10
ABCB13
ABCB15
ABCB18
ABCG20
ABCG29
ABCG5
abc3
Abca1
Abca5
ABCA6
Abca7
ABCA9
ABCA10
ABCA13
Abcg8
ABCB11
ABCB12
ABCG13
ABCB2
Abca2
Abca6
Abca9
Abca13
abcB7
Abcb7
Abcb8
ABCB9
ABCC11
ABCG1
HTR3E
SLC7A10
HTR3D
ABCB14
ABCB16
ABCG17
ABCB19
ABCG31
ABCG32
ABCB3
abcB3
ABCB5
Abcg5
ABCG8
abcG24
Abcb6
ABCG24
ABCG25
ABCG35
RCN1
ADD2
HTR3C
ABCG11
ABCG16
ABCB17
ABCG18
ABCB1
ABCG23
ABCG28
ABCG34
ABCG4
Abca8a
ABCA1
ABCA5
abcA9
ABCA12
Abcb5
Abcb9
Abcb11
acrA
ABCG10
ABCG14
ABCG15
ABCG26
ABCG33
ABCG40
MRP4
ABCG6
ABCB7
Rv1747
abcB6
abcb8
ABCF1
Abcg1
abcG22
AAC3
PET9
ADNT1
ADP1
AGC1
ALR2
amiA
ampG2
ampG3
actII-2
ADD1
ADD3
ANO10
ANO8
ANO9
ampG1
appA
ampG4
ANO4
ANO7
ANO3
ANO2
ANKH
aprE
ARHGEF9
