acpS
acpT
ackA
act
acpS2
aasdhppt
AASDHPPT
aksF
AMS1
Ari1
apt
ARI1
lacZ2
bioD
bioD1
bioD2
bioW
lacZ1
BIO4
RCOM_1574350
SIAM614_28497
ygcB
Cib4
CIB4
CIB3
Cib3
comB
COP3
cyc2
dapD
dgoD
Avi_2676
BH09970
dgt
BBta_4424
BruAb1_0888
CCNA_02087
CE2173
Gmet_1762
LBL_1562
Mmcs_3443
Nham_1757
Plav_3021
Rpic_3246
RHE_CH01817
Rleg2_1481
RPB_2751
A1I_00360
RF_0110
RD1_3167
VIBHAR_01425
lin2806
PLES_20171
dgt2
VSAL_I1091
BQ07690
BCAN_A0890
CGSHiEE_04235
LIC_11663
ML0831
Mjls_3454
Mvan_3815
Oant_2352
RL2040
R01522
A1C_00500
RC0094
TM1040_0902
Sbal195_2184
Ssed_2346
Tbd_0316
VFMJ11_1806
WS0299
BPP0073
bll4758
DIP1703
Dgeo_1804
dgoD1
DR_1006
DR_1808
AZC_2807
azo3643
BRADO4053
BSUIS_A0914
Caul_3124
GSU1246
Jann_1505
MAV_2042
MAP_2132c
MUL_1458
PM0878
RSc2968
RPC_2507
Rsph17029_1317
Shew185_2134
Shewmr4_2042
Swoo_2264
THEYE_A0539
VV1112
lmo2657
PSPA7_2095
PA14_24730
dhaL
SeV_A0456
Asuc_1615
Arad_2118
BB0073
CGSHiGG_01465
LBJ_1337
NFA_14690
Pden_0927
RBE_1301
RP064
Sbal223_2250
Shal_2248
Spea_2046
Sputw3181_2138
Smed_1157
mll1093
mlr6429
Atu1712
BMEI1090
Dalk_0287
HSM_1439
RAF_ORF0088
A1G_00580
RT0068
Shewana3_2147
Shewmr7_1933
SYNAS_27820
SCO2470
VV1_0014
SEN1436
SBI_01856
dgoD2
BP3658
BAB1_0895
BOV_0867
CC_2008
cgR_2144
Deide_17690
NTHI1825
VP0925
dgtP
sll0398
dinB1
dbh2
dinB2
rspA
VC_A0308
BT_1371
TTE1757
CTC_02012
HS_0964
LA_2274
BCG_2367c
Mkms_3506
MRA_2364
Neut_0380
SAR11_0969
RHECIAT_CH0001903
RPD_2796
Rsph17025_1197
A1E_00305
RPR_02560
RrIowa_0122
Shew_1912
VF_1682
ligB
DUT1
dut
dbh1
dinB3
engB
entC
entD
entB
fbp1
fbp2
fbp3
FAS2
fasA
fen
ffp
XCC4069
galK
garL
GAS1
galU
GAS2
glkA
glgC
glnE
gmm
gsp
gudD
gyrB
hflX
hicd
HISN1B
hisG
HIS1
PH1722
hjc
hetI
HISN1A
his1
hisG1
Os03g0134300
VIC_002985
fni
Pecwa_4254
OG2516_05608
PC1_4063
VSWAT3_13707
VME_00770
EGBG_01401
Caci_4410
Cbei_4837
ECAG_02205
Pjdr2_1176
Ctu_1p00430
CLOBOL_02770
Ent638_0932
ECA0189
SSBG_02010
EGBG_02030
ISPS
Itpk1
ITPK4
Achl_0790
A1Q_3065
ITPK1
ITPK3
ITPK5
itpk1
ITPK2
kdsB
GA2
leu2A
leuB
LEU2
leuB1
leuB2
KS1
leu2B
leu1
LEUC
LEU1
leu-1
lpa-14
LYS5
mtnC
mtnC1
nagD
nfi
nudI
Nudt3
nudK
Nudt18
nudt18
nudE
NUDT3
Os03g0799700
OBGC1
parE
yvdM
pgmB
pfp
ppaX
npt
adss-b
adssl1-b
purA
purA1
ADSSL1
purA2
psf-1
adssl1b
purP
adss-a
adssl1-a
adssl1a
adssl1c
recB
CT1772
recR
recU
rhmA
rhmD
rnhC
rmlA
rffH
rusA
FPV187
SKL2
lysS
bamHIR
rsrIR
aplIR
xcyIR
pstIR
cfr9IR
ecoRIR
bglIIR
hsdBR
topA
top6A
XF_a0003
TPS1
ag11
ag10
uppS
ugpQ
vapC5
uvrD2
wbdQ
TV1259
TK1411
TON_0187
PD_1345
MJ1624
PM0116
HI_0152
XF_1666
PH1700
TGAM_1777
Mbar_A0484
PF1724
TSIB_0423
AF_0905
MA_4098
PYRAB04740
slr0495
MTH_890
YDJC
MM_0821
ydjc
TTHB029
Ydjc
yieE
yqaN
