Orm2
Orm1
ABCI19
ABCG27
ABCG38
ABCG39
ABCG40
ABCG41
ABCG9
abcA1
abcA3
abcA4
abcD3
abcG14
abcG19
ycf16
acbp-1
Dbi
aaeB
ABCG21
Abca3
abcA6
abcG1
SLC33A1
acbd5
acbp-3
ACBP4
DBI
HTR3B
ORM1
acbd5b
ACB2
ACBP3
CHRNA5
CHRNB3
Orm3
ABCG37
ABCG42
ABCG43
ABCG45
ABCG47
OsI_11044
Abca2
abcA8
ABCA8
abcA11
ABCB6
abcD1
abcG3
abcG5
abcG7
abcG15
abcG18
ACBD5
Acbd5
CHRNA1
aaeA
Abca8b
abcA2
ABCA2
abcG4
abcG10
abcG16
abcG21
abcX
CHRNA6
ABCG31
ABCG32
ABCG36
ABCG44
ABCG48
ABCG50
ACA2
Orm8
ABCI20
ABCG30
ABCG52
abcA5
abcA7
abcA10
ABCB7
abcD2
abcG9
abcG12
abcG17-1
abcG20
abcG23
CHRND
ORM2
ABCG34
ABCG35
ABCG46
ABCG49
ABCG51
ABCG53
ABCG7
Abcb6
ARB_01379
abcG2
abcG6
abcG8
abcG11
abcH2
acbd5a
ACABP
AGD1
CHRNE
CHRNG
ALB1
Alb
Agfg1
alb1
alb-a
ALB
amyC
AGFG1
HVO_1886
alb2
amiS
amyD
HVO_1887
arg-13
amiS2
alb-b
SDS-1
Rfabg
