ftt-2
GF14C
MAG
Mpg
GF14B
GF14E
ABHD14B
ECU05_1590;
Abtb2
abp2
abpF
ACTL7A
Andpro
SPBC1539.06
B14D6.310
ASPA
aspa
B''GAMMA
At4g39670
SPAC22A12.16
Acrbp
ABTB2
ACR1
acu-5
ADK
adr-2
Nt5c1b
AAE13
ACRC
AFP1
AGD6
AKR2A
SPBC1703.07
ACS1
facA
alg13
alkbh6
ACRBP
SPCC191.02c
akirin1
ALDH7A1
Aldh7a1
ALF4
ALG13
alm1
alp14
AIM18
ampp
AMPP
anp32b
Ankrd7
ADR1
AE7
aes1
Akirin1
Alkbh6
AMN1
amo1
ANKRD37
ankrd54
agn2
AIM7
AKIRIN1
alf1
alp7
ANP32B
ankrd1
APPBP2
APT1
ALKBH6
Ankrd37
api5-a
ARPC1A
ARPC1B
abh1
Ankrd34b
ANKRD1
Aac11
ALKBH2
Amigo2
anln
apl6
apeA
api5-b
YALI0A18337g
HNT3
AGL188W
B2J23.070
CNF02430
arb2
rad54l2
ANKRD34B
ankrd34b
Ankrd23
aph1
