agaA33
afcA
adg3
agdC
UDA1
BMY1
cga
ARB_02101
GAA
GAM1
GLU1
GLA1
STA1
amyD
STA2
asd-1
lacC
BAM9
lacA
lacB
BAM6
lacE
btgC
BAM2
CDA1
celK
cglA
CDA2
chbG
ARB_07371
CTS1
chit1
CHI1
CTS2
chi3
At2g43620
Cht7
chiA
chiB
SP2
chiA2
chiC
chi01
ARB_04768
cgiA
CHI2
CHI14
endo
chi11
Cht11
chi2
Cht2
chit33
chi4
At2g43590
At2g43610
Cht9
chiA1
Cht10
Cht12
CHIT1B
CHT1
ARB_03514
chit42
Cht4
WIN6
Cht8
Cht3
ARB_00204
CHT3
chit46
CHI4
Cht5
SE2
cht-3
ORF124
chtA
chit37
CaO19.12451
At2g43600
Cht6
WIN8
rsca
chiB1
rscc
chiD
Chit1
CHIT3
csn
csnC
csnB
dac
deaA
csxA
eglC
gls93
ARB_07888
gls1
exgB
exgD
exgA
gmuD
licB
hex20
exo
hypBA2
hypBA1
inu2
inuB
inuE
PGUG_02777
inuA
exoI
mndA
mndB
manA
man9
nag3
nagH
pelA
pelB
pelD
plyB
plyC
plyD
plyE
plyF
plyG
Smlt1473
BLi04129
psu1
rglA
rgxB
rhgE
rglB
rglC
rhgA
rhgC
rgxA
rgxC
rhgD
gmuE
SIM1
olpB
Cthe_3079
ARB_04747
SUN41
treS
ugl
gbs1889
UTH1
xghA
xgcA
XYL2
SPBC2G2.17c
BCA_5336
celC
OB2271
VC0395_A0904
LMHCC_2452
Teth39_1947
VC_1285
VP2633
BA_5440
BC_5208
BBR47_56650
EF_3048
LMOf2365_0202
lwe0160
Teth514_0263
VV2897
lin0230
BCE_5317
Cbei_4037
Lm4b_00188
lmo0191
ykvQ
lin2456
BCB4264_A5327
BH0913
TTE0334
VIBHAR_03621
VCM66_1240
VV1_1486
