Os05g0585400
ABIL1
ABIL2
Os01g0760900
ACTL7B
Os01g0622700
Os01g0236400
Actl7b
Os01g0551800
ABIL4
AC100
ACT1
ACTII
ACT2
MIC-ACT-1;
act2
ACT3
ACTIII
A4
ACT5
AC71
AC75
actbc
ACTC1
ACTG2
Actl9
acta1a
ACTA1
acta1
actA
SAC1
AC58
ACT1;
ABP1
actA3b
act3
ACTG1
HCBG_08711
ECU01_0460
ACT
AC101
MA2;
actA3a
SAC6
ARDA;
CYIB
act-1a
ACTA
ACTB
PB001050.02.0
PY01545
ARDD
CYIIIA
ACTL9
ACTRT2
ACT-1
PB000323.01.0
ACTIA;
AC1
ACT7
CA1
act1
SPBC1289.14
AC85C
AC97
ACTI
MA1A
SAC3
ACT6
Act88F
SAC7
ACT9
CYIIB
CYIIIB
ACTRT1
PY02240
act-2b
Act5C
CYIA
CYIIA
TB12;
Actrt2
AC
CNAG_00483
act
