Ackr3
Adm
ACKR3
AMOT
ADM
AGGF1
Amot
birc5.1
birc5.2
ccm2
Cited1
CITED1
Cul7
DSL1
Egfl7
EGFL7
Epha2
PTK2
Fbxw7
Ptk2
FBXW7
Foxm1
FZD4
Fzd4
FOXM1
GDF2
Gdf2
Glmn
GLMN
Hdac7
HHEX
HDAC7
hhex
hey2
Hhex
has2
HAS2
Has2
Junb
JUNB
MYO1E
mb
Myo1e
Ntrk2
Paxip1
PAXIP1
TIPARP
Tiparp
PTPRJ
Ptprj
RAMP2
Rasip1
RASIP1
RASA1
Qki
Ramp2
Rasa1
QKI
sema3aa
SGPL1
Sgpl1
Setd2
sox7
Sox17
SOX18
SOX17
Sox18
Wars2
tal1
WARS2
TDGF1
TEAD2
tbx20
Tead2
TIE1
TMEM100
Tdgf1
TGFBR2
Tie1
Tek
Tmem100
ZFP36L1
Zfp36l1
VEGFA
vegfaa
Kdr
vegt
Yap1
YAP1
