ARB_06334
ADM-B
acy1
ACY1
albF
Acy1
pepG
PF1861
AMPP
ampp
HCAG_02413
ARB_01886
AFUB_014460
CPSG_02684
MAA_08947
PTRG_10574
pepP2
TSTA_094700
pepP
PEPP
ampS
HCBG_01484
BDCG_04966
BC1G_13431
Amz1
HCDG_07916
MCYG_06503
AO090005001240
CPC735_009100
MGG_05684
NFIA_010500
PABG_05921
VDBG_02538
celM
AMZ1
aspnd1
HP_1037
pepPI
BDBG_08406
MGYG_06974
ATEG_00858
AN0832
PAAG_05466
PODANS_7_5850
SMAC_04549
PMAA_074180
UREG_07123
TTHA1152
AFUA_4G09580
ACLA_020440
AFUA_1G14920
GLRG_02280
MAC_04092
NCU11288
Pc16g13390
PTT_10145
SS1G_06948
GSTUM_00008071001
AFLA_084750
An01g13040
CHGG_02942
NECHADRAFT_60613
PADG_06815
SNOG_02267
TRV_02643
