mhpF
MSMEG_4149
Mvan_0596
NFA_4660
RER_07400
Pnap_4143
Rfer_0455
Shal_2089
TTHB247
Bcep18194_B1187
PputW619_1983
cmtH
BceJ2315_55590
amnH
H16_B0596
MAB_4374
NFA_30500
PputW619_2008
ROP_37350
Bcep18194_B2960
hsaG
Daro_3783
ROP_pROB02-02250
Mlg_2461
BCA_2154
BBR47_29770
Bphyt_1467
Msil_1478
Mflv_1521
xylQ
cbzQ
Rpic_4618
Strop_3526
Veis_2782
tesF
Daro_0906
Mpe_A2267
Mmcs_4660
Noca_1650
Swit_1640;
Daro_3239
NFA_33190
Avin_42130
RHA1_ro05800
hpdG
Arad_7256
bphG
Mmwyl1_3802
Mb3565c
hbzD
mhbM
Bxeno_A0903
MAB_0625
salG
aphF
Daro_1355
MMAR_5022
Mmcs_5437
Noca_2150
RHA1_ro03866
lapF
Chy400_1472
Dhaf_1244
pheF
Lcho_3341
MAV_0626
JTY_3600
MAP_0532
xlnD
Bphy_3511
Mkms_4748
Saro_3688
Bcep18194_B1458
Rmet_5208
MUL_4096
bphX2
RER_57570
Sare_4566
Mvan_5235
Swit_4924
bphJ
Daro_3807
ROP_58610
RHA1_ro10116
Reut_B5824
nbaJ
Bpro_5135
Rcas_2411
Swoo_1391
trd_1393
SGR_565
Bcep1808_7604
Mpe_A3322
Mjls_5043
Mvan_4392
Saro_3853
ROP_44490
Bcep18194_C7645
BCE_2156
nahO
BURPS1106A_A2455
BURPS668_A2591
Caur_1350
Moth_1776
BCG_3599c
nagX
Bphy_4538
Franean1_4744
Mkms_5834
Pput_2889
Bxeno_B0694
ROP_54060
RHA1_ro08084
Ajs_0223
BALH_1843
Cagg_2033
dmpF
RoseRS_2572
Spea_2117
Xaut_0937
Bcep1808_5385
Rmet_1320
Franean1_2883
Mjls_4223
Pput_2874
RHA1_ro00516
Sare_3901
amnF
amnD
amnC
amnE
andAd
antB
