Inositol phosphorylceramide synthase catalytic subunit AUR1
Inositol phosphorylceramide synthase catalytic subunit aur1
Lactosylceramide 1,3-N-acetyl-beta-D-glucosaminyltransferase
Beta-1,4-galactosyltransferase 6
Sphingolipid 10-desaturase
Putative elongation of fatty acids protein 2
Elongation of fatty acids protein 3
Putative elongation of fatty acids protein 1
Phosphatidylinositol:ceramide inositolphosphotransferase 1
Phosphatidylinositol:ceramide inositolphosphotransferase 3
3-ketodihydrosphingosine reductase
Inositol phoshorylceramide synthase regulatory subunit kei1
Serine palmitoyltransferase 1
Serine palmitoyltransferase 2
Long chain base biosynthesis protein 2b
Long chain base biosynthesis protein 1
Sphingoid long-chain bases kinase 1
Very-long-chain 3-oxoacyl-CoA reductase
Phospholipid phosphatase 2
Phospholipid phosphatase 1
Beta-glucan synthesis-associated protein SKN1
Serine palmitoyltransferase small subunit B
Serine palmitoyltransferase small subunit A
3-dehydrosphinganine reductase TSC10A
3-dehydrosphinganine reductase TSC10B
Serine palmitoyltransferase-regulating protein TSC3
3-ketodihydrosphingosine reductase TSC10
3-ketodihydrosphingosine reductase tsc10
Membrane protein PB1A10.07c
