Abl interactor 1
Alpha-adducin
Amyloid beta A4 precursor protein-binding family B member 3
Amyloid beta A4 precursor protein-binding family B member 2
Armadillo segment polarity protein
Ubiquitin-like modifier-activating enzyme ATG7
Protein big brother
Protein brother
NF-kappa-B inhibitor cactus
Chaperonin homolog Hsp-60, mitochondrial
Cyclin-dependent kinase inhibitor 2A
Cold shock domain-containing protein C2
Casein kinase II subunit beta
Casein kinase II subunit beta-3
Dapper homolog 2
DDB1- and CUL4-associated factor 11 homolog
Down-regulator of invasive growth 2
SOX domain-containing protein dichaete
Down-regulator of invasive growth 1
Histone-lysine N-methyltransferase, H3 lysine-79 specific
DnaJ homolog subfamily A member 3, mitochondrial
Homeobox protein egl-5
Epsin-1
Filamin-A
Gamma-aminobutyric acid type B receptor subunit 1
Glutathione peroxidase 3
Glycogen synthase kinase-3 beta
Huntingtin
Heterogeneous nuclear ribonucleoprotein F
High mobility group protein B1
Heterogeneous nuclear ribonucleoprotein D0
Unconventional myosin heavy chain 6
High mobility group protein DSP1
Hyaluronidase-1
Intraflagellar transport protein 172 homolog
Ribosomal protein S6 kinase alpha-1
Mitogen-activated protein kinase KSS1
Protein let-756
LIM domain-binding protein 1
NAD(P)H-dependent FMN reductase LOT6
Mediator of RNA polymerase II transcription subunit 6
MOG interacting and ectopic P-granules protein 1
Mediator of RNA polymerase II transcription subunit 12-like protein
Mitogen-activated protein kinase 1
Mitogen-activated protein kinase 9
Protein MtfA
N-acylethanolamine-hydrolyzing acid amidase
Nibrin
Protein Dr1
NIF3-like protein 1
Nucleolar and coiled-body phosphoprotein 1
Otefin
Phosphatidylinositol 3-kinase regulatory subunit alpha
Phosphatidylinositol 3-kinase regulatory subunit beta
Period circadian protein
Peptidyl-prolyl cis-trans isomerase D
Mitogen-activated protein kinase pmk-1
26S protease regulatory subunit 7
26S protease regulatory subunit 8
26S proteasome non-ATPase regulatory subunit 10
RNA binding protein fox-1 homolog 2
Protein RRP5 homolog
Prestin
SUMO-activating enzyme subunit 2
Small ubiquitin-related modifier 1-A
Transcription activator BRG1
Small ubiquitin-related modifier 1-B
Sclerostin
Protein sine oculis
Serine/threonine-protein kinase 36
Serine/threonine-protein kinase 4
Sorbin and SH3 domain-containing protein 1
Protein STB1
Small ubiquitin-related modifier 1
Stimulator of interferon genes protein
Suppressor of fused homolog
Transcription initiation factor IIA subunit 2
Transcription initiation factor TFIID subunit 11
TATA-box-binding protein
Translationally-controlled tumor protein
Transcription initiation factor TFIID subunit 11b
Protein timeless
Ubinuclein-1
Serine/threonine-protein kinase UCN
