ATP-binding cassette sub-family D member 4
Acetyl-CoA carboxylase 1
Acetyl-CoA carboxylase 2
L-aminoadipate-semialdehyde dehydrogenase-phosphopantetheinyl transferase
D-arabinono-1,4-lactone oxidase
Protein amnionless
C-1-tetrahydrofolate synthase, cytoplasmic
Biotinidase
Monofunctional C1-tetrahydrofolate synthase, mitochondrial
Biotin--protein ligase
CD320 antigen
Bifunctional coenzyme A synthase
Phosphopantothenoylcysteine decarboxylase
Chymotrypsinogen B
Cubilin
Cytochrome b5
Chymotrypsinogen B2
Chymotrypsin-C
Dihydrofolate reductase
FAD synthase
Fatty acid synthase
Folylpolyglutamate synthase, mitochondrial
Graves disease carrier protein
Gephyrin
Serine hydroxymethyltransferase, mitochondrial
Serine hydroxymethyltransferase, cytosolic
Solute carrier family 2, facilitated glucose transporter member 3
Gastric intrinsic factor
Probable lysosomal cobalamin transporter
Methylcrotonoyl-CoA carboxylase subunit alpha, mitochondrial
Methylcrotonoyl-CoA carboxylase beta chain, mitochondrial
Cob(I)yrinic acid a,c-diamide adenosyltransferase, mitochondrial
Methylmalonic aciduria and homocystinuria type C protein
Mitochondrial folate transporter/carrier
Molybdopterin synthase sulfur carrier subunit
Molybdenum cofactor sulfurase
Molybdenum cofactor biosynthesis protein 1
Adenylyltransferase and sulfurtransferase MOCS3
Methylmalonic aciduria type A protein, mitochondrial
Methylmalonic aciduria and homocystinuria type D protein, mitochondrial
Multidrug resistance-associated protein 1
Molybdopterin synthase catalytic subunit
Methylenetetrahydrofolate reductase
Methylmalonyl-CoA mutase, mitochondrial
Glutamine-dependent NAD(+) synthetase
Nicotinate-nucleotide pyrophosphorylase )
NAD kinase
Nicotinate-nucleotide adenylyltransferase
Probable nicotinate-nucleotide adenylyltransferase
Nicotinamide phosphoribosyltransferase
NADH-cytochrome b5 reductase 3
Nicotinamide/nicotinic acid mononucleotide adenylyltransferase 3
Cysteine desulfurase, mitochondrial
Nicotinamide/nicotinic acid mononucleotide adenylyltransferase 1
Nicotinamide/nicotinic acid mononucleotide adenylyltransferase 2
Pantothenate kinase 1
Propionyl-CoA carboxylase beta chain, mitochondrial
Proton-coupled folate transporter
Propionyl-CoA carboxylase alpha chain, mitochondrial
Pantothenate kinase 2, mitochondrial
PDZ domain-containing protein 11
Prostaglandin G/H synthase 2
Nicotinate phosphoribosyltransferase
Tartrate-resistant acid phosphatase type 5
Phosphopantothenate--cysteine ligase
Pyruvate carboxylase, mitochondrial
Riboflavin kinase
Thiamine transporter 2
Thiamine transporter 1
Solute carrier family 23 member 2
Solute carrier family 52, riboflavin transporter, member 3
Sodium-dependent multivitamin transporter
Folate transporter 1
Solute carrier family 23 member 1
Transcobalamin-1
Transcobalamin-2
Thiamine-triphosphatase
Thiamin pyrophosphokinase 1
Trypsin-1
