Acyl-CoA-binding protein
Long-chain-fatty-acid--CoA ligase 6
Angiopoietin-related protein 3
Apolipoprotein F
Caveolin-3
Catalase
Bile salt-activated lipase
Carnitine O-palmitoyltransferase 1, liver isoform
Glycerol kinase 2
Putative glycerol kinase 5
Glycerol kinase
Probable glycerol kinase
Glycerol-3-phosphate dehydrogenase , cytoplasmic
Glycerol-3-phosphate acyltransferase 4
Glycerol-3-phosphate acyltransferase 1, mitochondrial
Insulin-induced gene 2 protein
Insulin-induced gene 1 protein
Pancreatic lipase-related protein 2
Putative lysophosphatidic acid:oleoyl-CoA acyltransferase
Gastric triacylglycerol lipase
Lysophospholipid acyltransferase 2
Monoglyceride lipase
Homeobox protein Nkx-2.3
Tyrosine-protein phosphatase non-receptor type 11
Solute carrier family 22 member 4
Adenosylhomocysteinase
Tenascin-X
