RAC-alpha serine/threonine-protein kinase
Acyl-CoA-binding protein
Angiotensin-converting enzyme
Alpha-1,3-galactosyltransferase 2
Protein ALEX
Neuroblast differentiation-associated protein AHNAK
Aldehyde dehydrogenase family 3 member B1
Alpha-2-macroglobulin receptor-associated protein
Annexin A2
RAC-beta serine/threonine-protein kinase
Anoctamin-5
Annexin A7
Annexin A5
Annexin A6
Annexin A1
Rho guanine nucleotide exchange factor 2
Actin-related protein 2/3 complex subunit 4
Actin-related protein 2/3 complex subunit 2
Brain acid soluble protein 1
Calcium-dependent cell adhesion molecule 1
Calmodulin
Caveolin-3
Calcyphosin
CD59B glycoprotein
Adenylyl cyclase-associated protein
CD59 glycoprotein
CD81 antigen
Cholesteryl ester transfer protein
Calcium and integrin-binding protein 1
Major cardiolipin synthase ClsA
Cofilin-1
Coronin-1C
Protein commissureless
Coronin-A
Peripheral plasma membrane protein CASK
Cortexillin-1
Cytoplasmic dynein 1 intermediate chain 2
Dynactin subunit 2-B
Cystatin-A1
Cystatin-C
Dynactin subunit 2-A
Dynactin subunit 2
Cytoplasmic dynein 1 intermediate chain 1
Probable dynactin subunit 2
Discoidin-1 subunit B/C
Discoidin-2
Dipeptidyl peptidase 2
Egg cell-secreted protein 1.4
Egg cell-secreted protein 1.5
Egg cell-secreted protein 1.1
Endothelin-converting enzyme 1
Egg cell-secreted protein 1.2
Egg cell-secreted protein 1.3
Epidermal growth factor receptor kinase substrate 8
Ecotropic viral integration site 5 ortholog
Ezrin
Coagulation factor VII
Epidermal growth factor receptor kinase substrate 8-like protein 2
Alpha-2-HS-glycoprotein
Flotillin-2
Cyclin-G-associated kinase
Guanine nucleotide-binding protein subunit beta
Guanine nucleotide-binding protein G(I)/G(S)/G(T) subunit beta-2
Glyceraldehyde-3-phosphate dehydrogenase
Guanine nucleotide-binding protein G(s) subunit alpha isoforms XLas
Neuroendocrine secretory protein 55
G-protein coupled receptor family C group 5 member C
Guanine nucleotide-binding protein G(s) subunit alpha isoforms short
Glutathione S-transferase P 2
Heat shock cognate 70 kDa protein 1
Interleukin-1 receptor antagonist protein
Kinesin light chain 1
Kinesin-like protein KIF9
Pyruvate kinase PKM
Lysosome-associated membrane glycoprotein 1
Leucine-rich repeat-containing G-protein coupled receptor 6
Lens fiber membrane intrinsic protein
Lysosome membrane protein 2-B
Mitogen-activated protein kinase 8
Macrophage migration inhibitory factor
Moesin
Mucin-1
Mucin-16
Mucin-4
Myosin light polypeptide 6
Na(+)/H(+) exchange regulatory cofactor NHE-RF1
Nucleotide-binding oligomerization domain-containing protein 2
Sodium-dependent phosphate transport protein 2B
Pro-FMRFamide-related neuropeptide FF
Neurexin-1-beta
Delta-type opioid receptor
Cytosolic phospholipase A2 zeta
Parkin coregulated gene protein homolog
Phosphatidylinositol 4-phosphate 3-kinase C2 domain-containing subunit alpha
Parkin coregulated gene protein
Phosphatidylinositol-binding clathrin assembly protein
Phospholipase D2
Phospholipase D B
Platelet factor 4
Phospholipase D1
Cardiac phospholamban
Prominin-1
Polyphosphate kinase
Ras-related protein Rab-34
Ras-related protein Rab-4A
Ras-related protein Rab-7L1
Ras-like protein rasC
Ras-related protein rapA
Ras-like protein rasG
Receptor-interacting serine/threonine-protein kinase 2
Regulating synaptic membrane exocytosis protein 1
40S ribosomal protein S9
Solute carrier family 12 member 3
Sodium- and chloride-dependent neutral and basic amino acid transporter B(0+)
Synaptosomal-associated protein 25
Shadow of prion protein
Sorcin
Protein spinster
Stathmin-2
Syntaxin-5
Suppressor of smlA
Erythrocyte band 7 integral membrane protein
Syntabulin
Syntaxin-10
Syntaxin-8
Transgelin-2
Tubulin alpha-1C chain
Protein TERMINAL FLOWER 1
Transketolase
Serotransferrin
Tetraspanin-1
Tetraspanin-4
Vacuolar protein sorting-associated protein 26A-A
Vesicle-associated membrane protein-associated protein A
Vacuolar protein sorting-associated protein 26A-B
Vacuolar protein sorting-associated protein 26A
WD repeat and FYVE domain-containing protein 2
