Probable two-component-system connector protein AriR
Cyclic-di-GMP-binding biofilm dispersal mediator protein
Multiple stress resistance protein BhsA
Lipoprotein BsmA
Minor curlin subunit
Curli production assembly/transport component CsgE
Major curlin subunit
Curli production assembly/transport component CsgF
Curli production assembly/transport component CsgG
Esterase EstA
Arabinose 5-phosphate isomerase GutQ
Serine/threonine-protein kinase HipA
Autoinducer-2 kinase
Poly-beta-1,6-N-acetyl-D-glucosamine N-deacetylase
Exopolyphosphatase
Sensor histidine kinase RcsC
Ribosomal RNA large subunit methyltransferase I
Toxin-antitoxin biofilm protein TabA
Hha toxicity modulator TomB
L(+)-tartrate dehydratase subunit alpha
Universal stress protein E
Putative uncharacterized protein YjiP
UPF0441 protein YgiB
RutC family protein YoaB
