Artemin
Putative bacterioferritin subunit 2
Bacterioferritin
Bacterioferritin A
Bacterioferritin subunit 1
Putative bacterioferritin B
Ferritin BfrB
Bacterioferritin heavy chain
Bacterioferritin light chain
Enterochelin esterase
Putative ferritin heavy polypeptide-like 19
Ferritin heavy polypeptide-like 17
Ferritin, higher subunit
Ferritin-1, chloroplastic
Ferritin heavy chain
Ferritin, heavy subunit
Ferritin light chain
Ferritin light chain, oocyte isoform
Ferritin, middle subunit
Ferritin, chloroplastic
Ferritin-2, chloroplastic
Ferritin-4, chloroplastic
Ferritin heavy chain, oocyte isoform
Ferritin heavy chain B
Soma ferritin
Ferritin subunit
Ferritin-3, chloroplastic
Ferritin-2 heavy chain
Ferritin heavy chain A
Ferritin light chain 2
Bacterial non-heme ferritin-like protein
Ferritin-1 heavy chain
Ferritin light chain 1
Ferritin, liver middle subunit
Ferritin, lower subunit
Ferritin, spleen middle subunit
Yolk ferritin
Ferritin
Hemin transport protein HemS
Hemin transport protein HmuS
