Lactosylceramide 4-alpha-galactosyltransferase
Neuronal acetylcholine receptor subunit alpha-7
Adhesion G protein-coupled receptor L1
Azurocidin
Cytochrome P450 4B1
Desmoglein-1
Antitoxin epsilon 1
Antitoxin epsilon 2
Heat-stable enterotoxin receptor
Bifunctional epoxide hydrolase 2
Colicin-E8 immunity protein
Colicin-D immunity protein
Colicin-E1 immunity protein
Colicin-E1* immunity protein
Pyocin-S1 immunity protein
Colicin-E6 immunity protein
Colicin-A immunity protein
Colicin-Ia immunity protein
Colicin-E3 immunity protein
Colicin-E9 immunity protein
Colicin-Ib immunity protein
Colicin-E7 immunity protein
Colicin-B immunity protein
Colicin-E2 immunity protein
Pyocin-S2 immunity protein
Cloacin immunity protein
Colicin-E8 immunity protein in ColE6
Colicin-N immunity protein
Glutathione-regulated potassium-efflux system protein KefC
Signal peptidase I
Neurofilament medium polypeptide
Neurofilament heavy polypeptide
Phosphorylated adapter RNA export protein
Transmembrane protein 181
Putative antitoxin VapB5
