Bile salt export pump
Alkyl hydroperoxide reductase subunit C
Alkyl hydroperoxide reductase AhpD
Apoptosis-inducing factor 1, mitochondrial
Aldose reductase A
Double-stranded RNA-specific editase Adar
Actin-depolymerizing factor 3
Phosphatidylinositol 3-kinase age-1
Probable fructose-bisphosphate aldolase 3, chloroplastic
L-ascorbate peroxidase, cytosolic
L-ascorbate peroxidase 5, peroxisomal
Angiopoietin-related protein 7
L-ascorbate peroxidase 2, cytosolic
Probable L-ascorbate peroxidase 7, chloroplastic
Putative ascorbate peroxidase
L-ascorbate peroxidase 1, cytosolic
Probable L-ascorbate peroxidase 6, chloroplastic
L-ascorbate peroxidase S, chloroplastic/mitochondrial
Probable L-ascorbate peroxidase 4
Probable L-ascorbate peroxidase 5, chloroplastic
Probable L-ascorbate peroxidase 8, chloroplastic
Copper transport protein ATOX1
Attractin
ATP synthase subunit d, mitochondrial
FMN-dependent NADH-azoreductase
Glutathione peroxidase homolog BsaA
Bromoperoxidase-catalase
Protein BOLA2
Zinc finger CCCH domain-containing protein 45
Catalase-3
Catalase isozyme 1
Catalase isozyme 2
Catalase isozyme B
Catalase isozyme 3
Catalase-4
Catalase A
Peroxisomal catalase
Catalase
Catalase B
Catalase C
Protein BTG3
Catalase-like protein
Catalase R
Catalase isozyme A
Vegetative catalase
Catalase T
Putative heme-binding peroxidase
Putative cytochrome c peroxidase, mitochondrial
Cytochrome c peroxidase, mitochondrial
Catalase-1/2
Catalase HPII
Catalase X
Catalase-1
Peroxisomal catalase 1
Catalase-A
Protein charybde
ATP-dependent Clp protease ATP-binding subunit ClpA
30-kDa cleavage and polyadenylation specificity factor 30
Cytochrome c oxidase subunit 1
Cysteine-rich receptor-like protein kinase 11
Catalase-related peroxidase
Cytoglobin
Cytochrome c, somatic
Inactive diphosphatase DCS2
mRNA-decapping enzyme 2
m7GpppX diphosphatase
Alpha-dioxygenase 2
Diacylglycerol kinase kappa
Iron-sulfur cluster repair protein DnrN
Dual oxidase 1
Electron transfer flavoprotein-ubiquinone oxidoreductase, mitochondrial
FHA domain-containing protein FhaB
Ferritin-2, chloroplastic
Frataxin homolog, mitochondrial
Bacterial non-heme ferritin
Frataxin, mitochondrial
Gamma-glutamyltranspeptidase 1
Gamma-glutamyltransferase 5
Glutaredoxin
Galactinol synthase 4
Glutathione peroxidase 1
Hydroperoxy fatty acid reductase gpx2
Phospholipid hydroperoxide glutathione peroxidase, mitochondrial
Probable phospholipid hydroperoxide glutathione peroxidase
Glutathione peroxidase 7
Probable glutathione peroxidase 8-B
Phospholipid hydroperoxide glutathione peroxidase, chloroplastic
Glutathione peroxidase 3
Probable glutathione peroxidase 5
Epididymal secretory glutathione peroxidase
Putative glutathione peroxidase 7, chloroplastic
Probable glutathione peroxidase 8-A
Glutathione peroxidase
Hydroperoxy fatty acid reductase gpx1
Glutathione peroxidase 2
Probable glutathione peroxidase 4
Probable glutathione peroxidase 8
Glutathione peroxidase homolog
Glutathione peroxidase 6
Cuticular glutathione peroxidase
Glutamate--cysteine ligase regulatory subunit
Glutathione reductase
Glyoxylate/succinic semialdehyde reductase 1
Galactinol synthase 3
2,3-bisphosphoglycerate-independent phosphoglycerate mutase
Phospholipid hydroperoxide glutathione peroxidase 1, chloroplastic
Glutathione peroxidase 1, mitochondrial
Probable glutathione peroxidase 2
Hydroperoxide reductase
18.5 kDa class IV heat shock protein
Heme oxygenase 2
17.6 kDa class I heat shock protein 2
17.8 kDa class I heat shock protein
33 kDa chaperonin
Heme-binding protein HMX1
18.9 kDa heat shock protein
Interactor protein for cytohesin exchange factors 1
Isoflavone reductase homolog P3
Heat shock protein 22
Catalase-peroxidase 1
Catalase-peroxidase 2
Catalase-peroxidase 3
Adenylate kinase isoenzyme 6 homolog
Protein kinase C delta type
Ligninase LG3
Ligninase A
Ligninase H2
Lipoyl synthase, mitochondrial
Linoleate diol synthase
Ligninase B
Ligninase C
Low-redox potential peroxidase
Ligninase LG5
Ligninase LG2
Ligninase LG6
Ligninase H8
Ligninase-3
Mitogen-activated protein kinase 1
Nucleoside triphosphate pyrophosphohydrolase
Mannose-binding protein C
Metacaspase-8
Peroxidase mlt-7
Methylmalonate-semialdehyde dehydrogenase )
Peptide methionine sulfoxide reductase MsrA/MsrB 1
Peptide methionine sulfoxide reductase MsrA 1
Peptide methionine sulfoxide reductase MsrA 2
Peptide methionine sulfoxide reductase MsrA/MsrB
Mitochondrial peptide methionine sulfoxide reductase
Peptide methionine sulfoxide reductase MsrA
Peptide methionine sulfoxide reductase B8
Peptide methionine sulfoxide reductase MsrB
Methionine-R-sulfoxide reductase B1-A
Peptide methionine sulfoxide reductase B1, chloroplastic
Peptide methionine sulfoxide reductase B2, chloroplastic
Peptide methionine sulfoxide reductase MsrA/MsrB 2
Methionine-R-sulfoxide reductase B1
Peptide methionine sulfoxide reductase B5
Peptide methionine sulfoxide reductase msrA/msrB
Peptide methionine sulfoxide reductase B4
Peptide methionine sulfoxide reductase A1
Free methionine-R-sulfoxide reductase
Peptide methionine sulfoxide reductase A2-1
Peptide methionine sulfoxide reductase B9
Mannitol-1-phosphate 5-dehydrogenase
Peptide methionine sulfoxide reductase MsrA 3
Peptide methionine sulfoxide reductase A5
Peptide methionine sulfoxide reductase MsrB/MsrA
Methionine-R-sulfoxide reductase B2, mitochondrial
Peptide methionine sulfoxide reductase B6
Peptide methionine sulfoxide reductase A2-2
Peptide methionine sulfoxide reductase A2
Peptide methionine sulfoxide reductase A3
Peptide methionine sulfoxide reductase MsrB 2
Adenine DNA glycosylase
Ferredoxin-type protein NapF
NADH dehydrogenase  1 alpha subcomplex subunit 12
NADH dehydrogenase  1 beta subcomplex subunit 4
NADH dehydrogenase  iron-sulfur protein 2, mitochondrial
NADH dehydrogenase  iron-sulfur protein 8, mitochondrial
NADH dehydrogenase  1 alpha subcomplex subunit 6
NADPH--cytochrome P450 reductase 1
NADH dehydrogenase  iron-sulfur protein 1, mitochondrial
Nudix hydrolase 2
NAD(P)H dehydrogenase  1
NADH-ubiquinone oxidoreductase chain 3
Organic hydroperoxide resistance protein OhrA
Organic hydroperoxide resistance protein-like
Organic hydroperoxide resistance protein-like 1
Organic hydroperoxide resistance protein-like 2
Peroxiredoxin OsmC
Oxidation resistance protein 1
Organic hydroperoxide resistance protein OhrB
Rho guanine nucleotide exchange factor osg-1
Phenylalanine ammonia-lyase 2
Protein PLANT CADMIUM RESISTANCE 8
Serine/threonine-protein kinase OSR1
Manganese peroxidase 3
Peroxidase 13
Peroxidase 15
Peroxidase 18
Suberization-associated anionic peroxidase 1
Cationic peroxidase 2
Basic peroxidase
Peroxidase 31
Peroxidase 35
Peroxidase 4
Peroxidase 53
Peroxidase 56
Serine/threonine-protein kinase par-4
Manganese peroxidase 1
Peptide transporter family 1
Peroxidase 1
Peroxidase 25
Peroxidase 28
Suberization-associated anionic peroxidase 2
Peroxidase 42
Peroxidase 44
Peroxidase 59
Peroxidase 60
Peroxidase 64
Peroxidase 67
Peroxidase 7
Peroxidase 8
Peroxidase A
Anionic peroxidase
Chorion peroxidase
Peroxidase
Suberization-associated anionic peroxidase
Protein PLANT CADMIUM RESISTANCE 2
Manganese peroxidase 2
Manganese peroxidase H3
Peroxidase 10
Peroxidase 16
Peroxidase 19
Peroxidase 20
Peroxidase 27
Peroxidase 36
Peroxidase 45
Peroxidase 49
Peroxidase 57
Peroxidase 73
Eosinophil peroxidase
Peroxidase N1
Peroxidase P7
Lignin-forming anionic peroxidase
Prostaglandin G/H synthase 1
Prostaglandin G/H synthase 2
Cationic peroxidase 1
Peroxidase 5
Peroxidase 63
Peroxidase 66
Manganese peroxidase H4
Cationic peroxidase SPC4
Peroxidase 40
Putative Peroxidase 48
Peroxidase 62
Peroxidase 70
Peroxidase 14
Peroxidase 2
Peroxidase N
Peroxidase 39
Peroxidase 46
Peroxidase 55
Peroxidase 58
Probable peroxidase 61
Peroxidase 69
Peroxidase 72
Peroxidase 9
Peroxidase E5
Peroxidase 24
Probable peroxidase 26
Peroxidase 29
Peroxidase 30
Peroxidase 41
Peroxidase 43
Peroxidase 47
Peroxidase 68
Peroxidase A2
Neutral peroxidase
Peroxidase-like protein 2
Nicotinate phosphoribosyltransferase
Protein lysine acetyltransferase Pka
Pentatricopeptide repeat-containing protein At3g60980, mitochondrial
Phospholipase D gamma 2
Phospholipase D gamma 1
Peroxinectin A
Psi-producing oxygenase A
Peroxiredoxin-1
Peroxiredoxin-5, mitochondrial
Peroxiredoxin-6
Peroxidase-like protein 3
Bifunctional polynucleotide phosphatase/kinase
Major prion protein
F-box protein pof14
Peroxiredoxin-2F, mitochondrial
Peptidyl-prolyl cis-trans isomerase F, mitochondrial
Peroxiredoxin-2
Linoleate 10R-lipoxygenase
Peroxidasin-like protein
Peroxidasin homolog
Probable galactinol--sucrose galactosyltransferase 4
Protein RseC
Rubrerythrin
Iron-sulfur cluster repair protein ScdA
Selenoprotein K
Protein scylla
Peroxidase skpo-1
Serine/threonine-protein kinase stk11 homolog
Stress response regulator protein 1
FeS cluster assembly protein SufD
Survival factor 1
Survival factor 2
Thioredoxin-2
Thylakoid lumenal 29 kDa protein, chloroplastic
Protein Turandot C
Protein Turandot X
Protein Turandot Z
Protein Turandot X1/X2
Thioredoxin H5
Uroplakin-3b-like protein
Universal stress protein F
Versatile peroxidase VPS1
WSC domain-containing protein ARB_07870
Versatile peroxidase VPL1
VQ motif-containing protein 10
Versatile peroxidase VPL2
Probable receptor-like protein kinase At2g47060
Protein YhfA
SVF1-like protein YDR222W
Disulfide-bond oxidoreductase YfcG
Putative uncharacterized protein YfdO
Inner membrane protein YidH
Putative peroxiredoxin in ndh 5'region
