Atypical chemokine receptor 1
Angiomotin-like protein 2
Angiomotin-like 2a
Probable phospholipid-transporting ATPase IH
Phospholipid-transporting ATPase 11C
Late secretory pathway protein AVL9 homolog
Biogenesis of lysosome-related organelles complex-1 subunit 2
Type III endosome membrane protein TEMP
High affinity copper uptake protein 1
Protein DENND6A
Protein DENND6B
Protein DENND6 homolog
G protein-coupled receptor 161
G-protein coupled receptor 161
Glutamate receptor-interacting protein 1
Heme transporter hrg-1
Serine/threonine-protein kinase LMTK1
Pantothenate kinase 1
Gamma-secretase subunit pen-2
Ras-related protein Rab-11C
Serine/threonine-protein kinase Sgk3
Integrin beta-like protein A
Tubulin gamma-1 chain
Testis-expressed sequence 101 protein
Syndetin
Vacuolar protein sorting-associated protein 52 homolog
Vacuolar protein sorting-associated protein 51 homolog
