Cell polarity protein alp11
ADP-ribosylation factor-like protein 2
ADP-ribosylation factor-like protein alp41
GTP-binding protein CIN4
Chromosome instability protein 1
Alpha-crystallin A chain
Alpha-crystallin B chain
Protein PAC2
Probable prefoldin subunit 2
Probable prefoldin subunit 3
Prefoldin subunit 3
Probable prefoldin subunit 5
Prefoldin subunit 2
Prefoldin subunit 5
Prefoldin subunit 6
Prefoldin subunit 4
Probable prefoldin subunit 4
Probable prefoldin subunit 1
Probable prefoldin subunit 6
Tubulin-folding cofactor A
Tubulin-specific chaperone A
Tubulin-folding cofactor C
Tubulin-specific chaperone C
T-complex protein 1 subunit delta
Tubulin-folding cofactor D
