Protein ABIL3
Serine/threonine protein phosphatase 2A 59 kDa regulatory subunit B' gamma isoform
Actin-related protein 2/3 complex subunit 2A
Auxin response factor 11
Actin-related protein 2
Actin-related protein 3
Protein BRANCHLESS TRICHOME
Probable protein BRICK1
DNA-binding protein BIN4
Protein BRICK 1
Protein BRICK1
Cyclin-T1-4
Protein CPR-5
BAHD acyltransferase DCR
Transcription factor E2FB
Enolase 1, chloroplastic
Trihelix transcription factor GTL1
Homeobox-leucine zipper protein HDG2
Kinesin-13A
Transcription repressor MYB5
Myosin-5
Nijmegen breakage syndrome 1 protein
Protein NAP1
Myosin-17
Protein PIR
Retinoblastoma-related protein
40S ribosomal protein S13-2
Protein SCAR2
Meiotic recombination protein SPO11-2
DNA topoisomerase 6 subunit B
