5'-AMP-activated protein kinase subunit gamma-2
5'-AMP-activated protein kinase subunit gamma-3
Acyl carrier protein, chloroplastic
Acyl carrier protein 1, chloroplastic
Acyl carrier protein 2, chloroplastic
Acyl carrier protein phosphodiesterase
Acyl carrier protein homolog
Putative acyl carrier protein phosphodiesterase
Putative acetyl-coenzyme A carboxylase carboxyl transferase subunit beta
Acyl carrier protein SF2, chloroplastic
Acyl carrier protein 3, chloroplastic
Acyl carrier protein 4, chloroplastic
Biotin carboxyl carrier protein of acetyl-CoA carboxylase
Biotin carboxyl carrier protein of acetyl-CoA carboxylase, chloroplastic
Biotin carboxyl carrier protein of acetyl-CoA carboxylase 2, chloroplastic
Cyclopropane-fatty-acyl-phospholipid synthase
Probable enoyl-CoA hydratase 1
3-oxoacyl- synthase 1
3-oxoacyl- synthase 2
3-oxoacyl- synthase III)
Enoyl- 2
3-oxoacyl- synthase I)
Malonyl CoA-acyl carrier protein transacylase
3-oxoacyl- synthase II)
3-oxoacyl- reductase 1, chloroplastic
3-oxoacyl- reductase 5, chloroplastic
3-oxoacyl- synthase III protein 1)
3-oxoacyl- synthase III B)
3-oxoacyl- synthase III protein 2)
3-oxoacyl- synthase III protein 3)
Putative 3-oxoacyl- synthase III)
3-oxoacyl- synthase III, chloroplastic
Enoyl- 1
Dodecanoyl- hydrolase)
3-oxoacyl- reductase 2, chloroplastic
3-oxoacyl- reductase 4
3-oxoacyl- reductase FabG
3-oxoacyl- reductase FabG1
Enoyl- 1, chloroplastic
Enoyl-, chloroplastic
3-oxoacyl- reductase, chloroplastic
3-oxoacyl- synthase III protein 5)
3-oxoacyl- reductase 1
3-oxoacyl- reductase 3, chloroplastic
3-oxoacyl- synthase III A)
3-oxoacyl- synthase III protein 4)
Enoyl- 2, chloroplastic
3-oxoacyl- reductase 2
Enoyl- FabV
Probable acyl carrier protein IacP
Enoyl-
3-oxoacyl- synthase I, chloroplastic
Malonate decarboxylase acyl carrier protein
5'-AMP-activated protein kinase subunit gamma
UPF0219 protein Msed_1646
UPF0219 protein TON_1301
UPF0219 protein Ta1455
UPF0219 protein PYRAB13690
UPF0219 protein SSO0535
UPF0219 protein PH0677
UPF0219 protein TSIB_0799
