Cadherin-8
Protein cornichon homolog 3
Protein cornichon homolog 2
Calsyntenin-3
Glutamate receptor 1
Probable glutamate receptor
Glutamate receptor 2
Glutamate receptor 4
Glutamate receptor ionotropic, delta-1
Glutamate receptor ionotropic, delta-2
Glutamate receptor ionotropic, kainate 4
Metabotropic glutamate receptor 8
Glutamate receptor 3
Metabotropic glutamate receptor 3
Glutamate receptor ionotropic, kainate 1
Glutamate receptor ionotropic, kainate 3
Glutamate receptor ionotropic, NMDA 3B
Glutamate receptor ionotropic, NMDA 2D
Glutamate receptor ionotropic, NMDA 3A
Glutamate receptor ionotropic, NMDA 2C
Glutamate  receptor subunit 1
SHC-transforming protein 3
