Toxin BmKAEP
Conotoxin TVIIA
Mu-conotoxin GS
Mu-conotoxin GIIIA
Mu-conotoxin SIIIA
Mu-conotoxin-like pr3b
Mu-conotoxin TIIIA-like
Delta-conotoxin Am2766
Mu-conotoxin PIIIA
Delta-conotoxin-like Ai6.1
Delta-conotoxin-like Ac6.2
Delta-conotoxin-like S6.8
Delta-conotoxin-like AVIA
Mu-conotoxin SmIIIA
Delta-conotoxin EVIA
Delta-conotoxin NgVIA
Delta-conotoxin-like CVIE
Delta-conotoxin-like EVIB
Delta-conotoxin-like CnVIC
Mu-conotoxin GIIIB
Omega-conotoxin-like 9
Delta-conotoxin-like MVIA
Delta-conotoxin-like MVIB
Mu-conotoxin TIIIA
Mu-conotoxin GIIIC
Delta-conotoxin-like Ac6.3
Delta-conotoxin PVIA
Delta-conotoxin SVIE
Delta-conotoxin-like BVIA
Delta-conotoxin GmVIA
Delta-conotoxin-like SmVIA
Delta-conotoxin TxVIB
Delta-conotoxin-like MVIC
Delta-conotoxin TxVIA
Delta-conotoxin-like CnVIA
Delta-conotoxin-like MVID
Mu-conotoxin Lt5d
Mu-conotoxin CnIIIC
U11-theraphotoxin-Hhn1a
U11-theraphotoxin-Hhn1b
U11-theraphotoxin-Hhn1f
U11-theraphotoxin-Hhn1h
U11-theraphotoxin-Hhn1p
U11-theraphotoxin-Hhn1v
U11-theraphotoxin-Hhn1m
U11-theraphotoxin-Hhn1r
U9-theraphotoxin-Hhn1a
U11-theraphotoxin-Hhn1k
U11-theraphotoxin-Hhn1s
U11-theraphotoxin-Hhn1w
U11-theraphotoxin-Hhn1c
U11-theraphotoxin-Hhn1e
U11-theraphotoxin-Hhn1g
U11-theraphotoxin-Hhn1j
U11-theraphotoxin-Hhn1u
U11-theraphotoxin-Hhn1d
U11-theraphotoxin-Hhn1i
U11-theraphotoxin-Hhn1n
U11-theraphotoxin-Hhn1q
U11-theraphotoxin-Hhn1x
U11-theraphotoxin-Hhn1o
U11-theraphotoxin-Hhn1t
Hainantoxin F5-22.36
U16-barytoxin-Tl1a
U17-barytoxin-Tl1c
U17-barytoxin-Tl1d
U16-barytoxin-Tl1d
U16-barytoxin-Tl1c
U17-barytoxin-Tl1a
U16-barytoxin-Tl1f
U16-barytoxin-Tl1b
U16-barytoxin-Tl1e
U13-barytoxin-Tl1a
U17-barytoxin-Tl1b
U12-barytoxin-Tl1a
U26-theraphotoxin-Cg1b
Calcium/calmodulin-dependent protein kinase type II subunit delta
U26-theraphotoxin-Cg1a
Crotamine-IV-2
Neurotoxin B-IV
Neurotoxin B-II
Delta-conotoxin-like TxMKLT1-0111
Toxin Lqh4
Toxin Tst1
Neurotoxin BmK-M10
Toxin To3
Alpha-toxin OD1
Toxin To1
Toxin Css39.8
Toxin To4
Delta-actitoxin-Avd2b 4
Delta-actitoxin-Avd2a
Delta-actitoxin-Avd2b 2
Delta-actitoxin-Avd2b 1
Delta-actitoxin-Eqd1a
Delta-actitoxin-Avd2c
Delta-actitoxin-Dar1b
Delta-actitoxin-Avd2b 3
Delta-amaurobitoxin-Pl1d
Delta-amaurobitoxin-Pl1a
Delta-hexatoxin-Hv1b
Delta-amaurobitoxin-Pl1b
Delta-actinopoditoxin-Mb1a
Omega-agatoxin-Aa4a
Omega-hexatoxin-Hv2a
Omega-agatoxin-Aa4b
Omega-hexatoxin-Asp2a
Omega-hexatoxin-Hi2b
Omega-hexatoxin-Hi2a
Omega-hexatoxin-Asp2b
Beta-theraphotoxin-Cm1b
Beta-toxin KAaH2
U16-lycotoxin-Ls1b
U17-lycotoxin-Ls1a
Beta-hexatoxin-Mr1a
Mu-hexatoxin-Mg1a
Beta-theraphotoxin-Cm1a
U2-theraphotoxin-Lsp1a
Kappa-ctenitoxin-Pn1a
Omega-ctenitoxin-Pn1a
Delta-amaurobitoxin-Pl1c
Delta-hexatoxin-Hv1a
Mu-hexatoxin-Mg1b
Delta-hexatoxin-Mg1a
Beta-theraphotoxin-Cm2a
Beta-theraphotoxin-Ps1a
Beta-insect toxin AaBTxL1
Beta-toxin KAaH1
Toxin CSTX-17
U16-lycotoxin-Ls1a
U3-theraphotoxin-Hs1a
U12-hexatoxin-Mg1a
Toxin CSTX-18
Delta-hexatoxin-Ar1a
Delta-hexatoxin-Mg1b
Beta-hexatoxin-Mg1a
Omega-ctenitoxin-Pr1a
Omega-theraphotoxin-Bs2a
U10-ctenitoxin-Pr1a
Delta-hexatoxin-Iw1a
U5-hexatoxin-Mr1a
Omega-theraphotoxin-Asp3a
U10-theraphotoxin-Hs2a
Mu-hexatoxin-Mg1c
