Probable assembly chaperone of rpl4
Assembly chaperone of RPL4
Ribosomal protein arginine N-methyltransferase rmt3
ABC transporter ATP-binding protein ARB1
Box C/D snoRNA protein 1
Protein bfr2
25S rRNA
Probable Brix domain-containing ribosomal biogenesis protein
Ribosome biogenesis protein BRX1 homolog
Ribosome biogenesis protein BOP1
Ribosome biogenesis protein brx1
Bystin
rRNA-processing protein CGR1
DEAD-box ATP-dependent RNA helicase CshB
DEAD-box ATP-dependent RNA helicase CshA
Probable ATP-dependent RNA helicase DDX31
GTPase Der
ATP-dependent RNA helicase dbp10
DAR GTPase 3, chloroplastic
Probable ATP-dependent RNA helicase DHR2
Probable ATP-dependent RNA helicase ddx27
Putative ATP-dependent RNA helicase DHX30
ATP-dependent RNA helicase DRS1
ATP-dependent RNA helicase drs1
Probable rRNA-processing protein EBP2 homolog
Probable GTP-binding protein EngB
Probable rRNA-processing protein EBP2
Ribosome biogenesis protein erb1
GTPase Era
Genetic interactor of prohibitins 3, mitochondrial
Guanine nucleotide-binding protein-like 1
Guanine nucleotide-binding protein-like 3-like protein
Guanine nucleotide-binding protein-like 3 homolog
GTP-binding protein 10
GTP-binding protein 10 homolog
GTPase grn1
Interferon-stimulated 20 kDa exonuclease-like 2
Importin-4
Protein kri1
60S ribosomal subunit assembly/export protein loc1
60S ribosomal subunit assembly/export protein LOC1
60S ribosomal subunit assembly/export protein loc-1
Large subunit GTPase 1
Large subunit GTPase 1 homolog
GTPase LSG1-1
GTPase LSG1-2
ATP-dependent RNA helicase mak5
Protein LTV1
Protein MAK16 homolog
Protein mak16
Ribosome assembly factor mrt4
mRNA turnover protein 4 homolog
Mitochondrial ribosome-associated GTPase 1
Mitochondrial ribosome-associated GTPase 2
Mitochondrial GTPase 1
Ribosome assembly protein 4
Endoribonuclease Nob1
Nucleolar GTP-binding protein 1
Nucleolar GTP-binding protein 2
Nitric oxide-associated protein 1
Nucleolar complex protein 4 homolog B
Probable nucleolar protein 5-2
Ribosomal RNA small subunit methyltransferase NEP1
Putative nucleolar protein 5-3
Nucleolar complex protein 4 homolog A
Nucleolar protein 56
Probable nucleolar protein 5-1
Nucleolar complex protein 4 homolog
Nucleolar protein 58
60S ribosome subunit biogenesis protein nip7
Nuclear GTP-binding protein NUG1
Ribosome biogenesis protein nsa1
Nuclear/nucleolar GTPase 2
GTPase Obg 2
Guanine nucleotide-binding protein-like NSN1
GTPase Obg
GTPase Obg/CgtA
GTPase Obg 1
Pescadillo homolog
Pre-rRNA-processing protein PNO1
Probable ATP-dependent RNA helicase prh1
Protein pxr1
Ribosome biogenesis GTPase A
Probable ribosome biogenesis GTPase A
Probable ribosome-binding factor A, chloroplastic
Probable RNA 3'-terminal phosphate cyclase-like protein
Serine/threonine-protein kinase rio2
Ribosome assembly protein 1
50S ribosomal protein L10, chloroplastic
Ribosomal lysine N-methyltransferase 2
Probable serine/threonine-protein kinase RIO1 homolog
Serine/threonine-protein kinase rio1
60S ribosomal protein L7a
60S acidic ribosomal protein P0
60S acidic ribosomal protein P0-3
60S acidic ribosomal protein P0-like
Probable ribosome biogenesis protein RLP24
Ribosome biogenesis protein RLP24
Ribosome biogenesis protein RLP7
60S acidic ribosomal protein P0-2
Ribonuclease 3
Ribonuclease M5
60S acidic ribosomal protein P0-1
Protein arginine N-methyltransferase 2
Probable ribosome production factor 1
Ribosome biogenesis regulatory protein homolog
Ribonucleoprotein 1
Ribosome assembly protein rrb1
Ribosomal RNA-processing protein 12
Ribosome assembly protein 3
37S ribosomal protein YMR-31, mitochondrial
SET domain-containing protein 4
Ribosomal lysine N-methyltransferase set10
Shk1 kinase-binding protein 15
Short integuments 2, mitochondrial
Putative ribosome biogenesis protein slx9-like
Ribosomal lysine N-methyltransferase set11
ATP-dependent rRNA helicase spb4
Surfeit locus protein 6
Ribosome biogenesis protein tsr1
Pre-rRNA-processing protein TSR1 homolog
Probable nucleolar pre-ribosomal-associated protein 2
Nucleolar pre-ribosomal-associated protein 2
Probable protein deglycase
Der GTPase-activating protein YihI
Probable ATP-dependent RNA helicase YfmL
Ankyrin repeat-containing protein P16F5.05c
Ribosome biogenesis protein ytm1
Probable ribosomal protein YlxQ
