Intron-binding protein aquarius
DNA excision repair protein ckn1
COP9 signalosome complex subunit 2
COP9 signalosome complex subunit 4
COP9 signalosome complex subunit 7a
COP9 signalosome complex subunit 8
COP9 signalosome complex subunit 1
COP9 signalosome complex subunit 7b
DNA damage-binding protein 1
DNA ligase 1
Probable DNA repair helicase ercc3
DNA excision repair protein ERCC-1
TFIIH basal transcription factor complex helicase XPB subunit
DNA excision repair protein ERCC-6
DNA repair protein complementing XP-G cells homolog
DNA excision repair protein ERCC-8
TFIIH basal transcription factor complex helicase XPD subunit
DNA repair protein complementing XP-G cells
Non-histone chromosomal protein HMG-14
THO complex subunit HPR1
Pre-mRNA-splicing factor ISY1 homolog
Peptidyl-prolyl cis-trans isomerase E
DNA repair and recombination protein RAD26
DNA repair protein rhp26
Nuclear mRNA export protein SAC3
ATP-dependent RNA helicase sub2
ATP-dependent RNA helicase SUB2
Pre-mRNA-splicing factor SYF1
Nuclear mRNA export protein THP1
THO complex subunit 2
UV-stimulated scaffold protein A
DNA repair endonuclease XPF
DNA repair protein complementing XP-A cells
DNA repair protein XRCC1
Zinc finger protein 830
RNA annealing protein YRA1
