Acyl carrier protein, mitochondrial
Glycine cleavage system H protein
Glycine cleavage system H protein, mitochondrial
Putative glycine cleavage system H protein, mitochondrial
Prolipoprotein diacylglyceryl transferase 1
Prolipoprotein diacylglyceryl transferase 2
Lipoyl synthase, mitochondrial
Lipoyl synthase 2
Probable lipoyl synthase
Lipoyl synthase
Octanoyl-:E2 amidotransferase)
Octanoyltransferase LipM
Putative lipoyltransferase 2, mitochondrial
Prolipoprotein diacylglyceryl transferase
Lipoyl-:E2 amidotransferase)
Lipoyl synthase 1
Lipoyl synthase, apicoplast
Octanoyltransferase, mitochondrial
Octanoyltransferase
Probable octanoyltransferase
Lipoate-protein ligase LplJ
Lipoyl synthase, chloroplastic
