Protein bud22
Bud site selection protein 22
Protein cms1
mRNA export factor elf1
ATP-dependent RNA helicase HAS1
RNA cytidine acetyltransferase
 prion formation protein 1
Nucleolar MIF4G domain-containing protein 1 homolog
Ribosomal RNA small subunit methyltransferase NEP1
20S-pre-rRNA D-site endonuclease nob1
Nucleolar MIF4G domain-containing protein 1
Ribosome biogenesis protein enp2 homolog
Ribosome maturation factor RimP
Putative ribosome maturation factor RimP
Ribosome biogenesis protein UTP30
Ribosomal RNA-processing protein 14
Ribosomal RNA processing protein 36 homolog
rRNA biogenesis protein RRP36
rRNA biogenesis protein rrp36
Putative ribosome biogenesis GTPase RsgA
SAC3 family protein 1
SAC3 family protein 2
Suppressor of glycerol defect protein 1
Protein TMA23
