Acetyl-CoA decarbonylase/synthase complex subunit delta
Corrinoid/iron-sulfur protein small subunit
Cytosolic 10-formyltetrahydrofolate dehydrogenase
Mitochondrial 10-formyltetrahydrofolate dehydrogenase
Methenyltetrahydrofolate cyclohydrolase
Formyltransferase/hydrolase complex Fhc subunit A
Formyltransferase/hydrolase complex subunit D
Dihydromonapterin reductase
Formylmethanofuran--tetrahydromethanopterin formyltransferase-like protein
Formyltransferase/hydrolase complex Fhc subunit B
Formylmethanofuran--tetrahydromethanopterin formyltransferase
Glycine dehydrogenase
5,10-methenyltetrahydromethanopterin hydrogenase
Methionine adenosyltransferase 2 subunit beta
Methenyltetrahydromethanopterin cyclohydrolase
Methane monooxygenase component A alpha chain
S-adenosylmethionine synthase 1
S-adenosylmethionine synthase 2
S-adenosylmethionine synthase 3
S-adenosylmethionine synthase 4
Probable S-adenosylmethionine synthase
Probable S-adenosylmethionine synthase 1
S-adenosylmethionine synthase isoform type-2
S-adenosylmethionine synthase 5
Methane monooxygenase component A beta chain
Methane monooxygenase component A gamma chain
S-adenosylmethionine synthase isoform type-1
Probable S-adenosylmethionine synthase 3
Probable S-adenosylmethionine synthase 5
Methane monooxygenase component C
Probable S-adenosylmethionine synthase 4
Bifunctional protein MdtA
F420-dependent methylenetetrahydromethanopterin dehydrogenase
Bifunctional methylenetetrahydrofolate dehydrogenase/cyclohydrolase, mitochondrial
Putative methyltransferase mtx subunit H
Formyltetrahydrofolate deformylase
Adenosylhomocysteinase 3
Putative adenosylhomocysteinase 3
Adenosylhomocysteinase
Adenosylhomocysteinase 2
Adenosylhomocysteinase 1
Adenosylhomocysteinase A
Putative adenosylhomocysteinase 2
Adenosylhomocysteinase B
