Mannose-specific lectin
CD209 antigen-like protein E
Collectin-46
Collectin-43
Conglutinin
Collectin-10
Collectin-11
Flocculation protein FLO10
Flocculation protein FLO5
Flocculation protein FLO9
Griffithsin
Intelectin-like protein
Mannose/glucose-specific lectin alpha 1 chain
Mannose/glucose-specific lectin alpha chain
Lectin ESA-2
Seed lectin subunit I
Mannose-specific lectin 2
Horcolin
Lectin
Agglutinin beta-2 chain isoform 2
Mannose/glucose-specific lectin
Lectin OAA
Lectin alpha chain
Agglutinin beta-2 chain isoform 1
Mannose-specific lectin 1
Mannose/glucose-specific lectin alpha 2 chain
Mannose-specific lectin 3
Lectin DB58
Beta-mannosidase
Mannose-binding protein C
Leucoagglutinating phytohemagglutinin
Erythroagglutinating phytohemagglutinin
Membrane glycoprotein US3
