AT-rich interactive domain-containing protein 5B
Achaete-scute homolog 3
B-cell CLL/lymphoma 6 member B protein
CGG triplet repeat-binding protein 1
Diencephalon/mesencephalon homeobox protein 1
ETS translocation variant 3
Homeobox protein ESX1
Transcription factor ETV6
Transcription factor ETV7
Fez family zinc finger protein 2
Fer3-like protein
Zinc finger protein GLIS1
Transcription cofactor HES-6
Homeobox protein GHOX-7
Homeobox protein HMX1
Silenced mating-type protein ALPHA2
Homeobox protein Hox-D9
Protein Jumonji
Intestine-specific homeobox
Krueppel-like factor 12
Max-like protein X
Microphthalmia-associated transcription factor
MICOS complex subunit MIC19
MICOS complex subunit Mic19
Homeobox protein MSX-1
Mating-type protein ALPHA2
Max-binding protein MNT
Nuclear factor NF-kappa-B p105 subunit
Transcriptional activator protein Pur-beta
Rho GTPase-activating protein 35
DNA-binding protein SATB1
Zinc finger protein SNAI3
Transcription factor 7
Ventral anterior homeobox 1
Ventral anterior homeobox 2
Y-box-binding protein 3
Zinc finger and BTB domain-containing protein 4
Zinc finger E-box-binding homeobox 1
