Putative acyl carrier protein, mitochondrial
Acetoin utilization protein AcuA
6-hydroxynicotinate 3-monooxygenase
Adrenodoxin homolog
Adrenodoxin-like protein, mitochondrial
Adenine deaminase
2-aminoethanethiol dioxygenase
3-oxo-5-beta-steroid 4-dehydrogenase
Aldo/keto reductase slr0942
4-trimethylaminobutyraldehyde dehydrogenase
Probable 2-aminoethanethiol dioxygenase
Anaerobic sulfite reductase subunit A
Cytochrome b561 and DOMON domain-containing protein At3g61750
Cytochrome b561 and DOMON domain-containing protein At4g12980
Cytochrome b561 and DOMON domain-containing protein At5g47530
Cytochrome b561 domain-containing protein At4g18260
Uclacyanin-3
Bacterioferritin-associated ferredoxin
Cytochrome b561 and DOMON domain-containing protein At2g04850
Cytochrome b561 and DOMON domain-containing protein At3g07570
Cytochrome b561 and DOMON domain-containing protein At5g48750
Cytochrome b561 and DOMON domain-containing protein At4g17280
Blue copper protein
Cytochrome b561 and DOMON domain-containing protein At3g59070
Cytochrome b561 domain-containing protein At2g30890
Basic blue protein
Ent-cassadiene C11-alpha-hydroxylase 1
Cytochrome c-551
Cytochrome c-554(547)
Cytochrome b561 domain-containing protein 2
Cytochrome P450 71D18
Ent-isokaurene C2-hydroxylase
Cytochrome c-555
Oryzalexin D synthase
9-beta-pimara-7,15-diene oxidase
Cytochrome P450 71D13
Cytochrome b561 domain-containing protein 1
Cytochrome P450 71D15
Ferredoxin CarAc
Cytochrome c-554(548)
Putative 2Fe-2S ferredoxin
Cytochrome c-type biogenesis ccda-like chloroplastic protein 2
N(5)-(carboxyethyl)ornithine synthase
Cytochrome c-type biogenesis ccda-like chloroplastic protein 1
Cytochrome c-type heme lyase
Chlorate reductase subunit gamma
Chorismate mutase 1, chloroplastic
NADPH-dependent codeinone reductase 1-2
Cindoxin
Chlorate reductase subunit beta
Cytochrome c oxidase subunit 4 isoform 2, mitochondrial
NADPH-dependent codeinone reductase 1-3
Benzoate 4-monooxygenase
Cucumber peeling cupredoxin
NADPH-dependent codeinone reductase 1-1
NADPH-dependent codeinone reductase 1-4
Cytochrome c-550
Cytochrome b5
Soluble cytochrome b558
Probable cytochrome b5
3-hydroxybutyryl-CoA dehydratase
4-cresol dehydrogenase  cytochrome c subunit
Cytochrome b5-like protein
Cytochrome c5
Cytochrome c-552
Probable cytochrome b5 1
Cytochrome b5 isoform B
Cytochrome B5 isoform C
Cytochrome b5 type B
Cytochrome b5, seed isoform
Putative cytochrome b5 B11H24.095
Probable cytochrome b5 2
Cytochrome B5 isoform D
Cytochrome c2
Cytochrome c''
C-type polyheme cytochrome OmcB
C-type polyheme cytochrome OmcC
Desulforedoxin
NAD-specific glutamate dehydrogenase
Anaerobic dimethyl sulfoxide reductase chain B
Glutamate dehydrogenase 2, mitochondrial
Catabolic NAD-specific glutamate dehydrogenase RocG
Thiol:disulfide interchange protein DsbE
Dynein 16 kDa light chain, flagellar outer arm
Dynein 14 kDa light chain, flagellar outer arm
Probable electron transfer flavoprotein subunit alpha, mitochondrial
Electron transfer flavoprotein subunit alpha, mitochondrial
Acryloyl-CoA reductase electron transfer subunit gamma
Electron transfer flavoprotein subunit beta
Probable electron transfer flavoprotein subunit beta
Electron transfer flavoprotein subunit alpha
Electron transfer flavoprotein subunit beta, mitochondrial
Ferredoxin-1
Ferredoxin 1
2Fe-2S ferredoxin
Ferredoxin soy
Ferredoxin, plant-type
Ferredoxin 7Fe
Formate dehydrogenase iron-sulfur subunit
Ferredoxin-2
Ferredoxin-3
Putative ferredoxin-3
Ferredoxin B
Ferredoxin
Protein FixA
Protein FixB
Ferredoxin-like protein FixX
Long-chain-alcohol oxidase FAO3
Ferredoxin fas2
Ferredoxin-like protein in nif region
Ferredoxin, 2Fe-2S
Probable ferredoxin TA0517
Ferredoxin-5
Ferredoxin-like protein
Flavodoxin
Ferredoxin-like protein in vnf region
Ferredoxin-4
Ferredoxin-6
Zinc-containing ferredoxin A
Putative ferredoxin
Zinc-containing ferredoxin
Flavodoxin-1
Flavodoxin-2
Dimethylaniline monooxygenase  2
Dimethylaniline monooxygenase  4
Dimethylaniline monooxygenase  5
Probable ferredoxin
Flavodoxin-A
Probable flavodoxin-2
Ferredoxin, 2Fe-2s
NAD(P)H dehydrogenase
Ferredoxin-thioredoxin reductase catalytic chain, chloroplastic
2Fe-2S ferredoxin-5
Flavodoxin-B
Probable flavodoxin-1
Ferredoxin-thioredoxin reductase, catalytic chain
NADPH-ferredoxin reductase FprA
FAD-dependent oxidoreductase domain-containing protein 2
Gallate dioxygenase
Putative ferric-chelate reductase 1 homolog
Glyceraldehyde-3-phosphate dehydrogenase 2
Glyceraldehyde-3-phosphate:ferredoxin oxidoreductase
Glyceraldehyde-3-phosphate dehydrogenase 1
Probable glycolate oxidase iron-sulfur subunit
Glutaredoxin-2
Flavin-containing monooxygenase FMO GS-OX1
Glutathione S-transferase 3
Cryptic catabolic NAD-specific glutamate dehydrogenase GudB
Grixazone synthase
Flavin-containing monooxygenase FMO GS-OX5
Probable glutathione S-transferase gst-36
Inactive glutathione S-transferase D3
Probable glutathione transferase omega-2
Glutathione S-transferase 1
Glutathione S-transferase GstB
Outer membrane protein H.8
Flavin-containing monooxygenase FMO GS-OX4
Flavin-containing monooxygenase FMO GS-OX-like 2
Flavin-containing monooxygenase FMO GS-OX2
Glutathione S-transferase D7
Flavin-containing monooxygenase FMO GS-OX3
Glutathione S-transferase 1, isoform B
HIG1 domain family member 2A
CoB--CoM heterodisulfide reductase iron-sulfur subunit C
Hephaestin-like protein 1
Protein DVU_0531
Hydrogenase-4 component H
Probable rubredoxin HupJ
Electron transport protein HydN
Hydroxyphenylpyruvate reductase
Formate hydrogenlyase subunit 6
Formate hydrogenlyase subunit 2
Lignostilbene-alpha,beta-dioxygenase isozyme III
Leukotriene C4 synthase
Oplophorus-luciferin 2-monooxygenase catalytic subunit
Methylamine utilization ferredoxin-type protein MauM
Methylamine utilization ferredoxin-type protein MauN
Modulator of drug activity B
Mavicyanin
Adrenodoxin-like protein 2, mitochondrial
Protein MioC
Protein MioC homolog
Microsomal glutathione S-transferase 3
Molybdopterin synthase sulfur carrier subunit
Molybdopterin synthase catalytic subunit
Polyferredoxin protein MvhB
Mycothione reductase
Ferredoxin-type protein NapF
Ferredoxin-type protein NapG
Ferredoxin-type protein NapG homolog
Cytosolic Fe-S cluster assembly factor NAR1 homolog
Ferredoxin-type protein NapF homolog
NADH dehydrogenase  1 alpha subcomplex subunit 6
NADH dehydrogenase  1 alpha subcomplex subunit 10, mitochondrial
NADH dehydrogenase  1 beta subcomplex subunit 2, mitochondrial
Probable NADH dehydrogenase  1 beta subcomplex subunit 2, mitochondrial
NADH dehydrogenase  1 beta subcomplex subunit 11, mitochondrial
NADH dehydrogenase  1 subunit C1, mitochondrial
Ferredoxin MycCII
Cytosolic Fe-S cluster assembly factor NAR1
NADH dehydrogenase  1 alpha subcomplex subunit 2
Cytochrome c oxidase subunit NDUFA4
NADH dehydrogenase  1 alpha subcomplex subunit 8
NADH dehydrogenase  1 beta subcomplex subunit 6
NADH dehydrogenase  1 beta subcomplex subunit 8, mitochondrial
NADH dehydrogenase  1 beta subcomplex subunit 10
NADH dehydrogenase  1 alpha subcomplex subunit 1
NADH dehydrogenase  1 alpha subcomplex subunit 3
NADH dehydrogenase  1 beta subcomplex subunit 5, mitochondrial
Protein NifZ
NADH dehydrogenase  1 beta subcomplex subunit 9
2,5-dihydroxypyridine 5,6-dioxygenase
NADH dehydrogenase  1 alpha subcomplex subunit 8-B
NADH dehydrogenase  iron-sulfur protein 6, mitochondrial
NADH dehydrogenase  iron-sulfur protein 5
NADH dehydrogenase  flavoprotein 3, mitochondrial
NADH dehydrogenase  iron-sulfur protein 5-B
Thioredoxin-like protein Clot
Putative 12-oxophytodienoate reductase-like protein 2A
Putative 12-oxophytodienoate reductase-like protein 1
Putative 12-oxophytodienoate reductase-like protein 2B
D-aspartate oxidase 1
D-aspartate oxidase 2
L-amino-acid oxidase
Thiosulfate reductase electron transport protein PhsB
(R)-specific enoyl-CoA hydratase
Plastocyanin
Plastocyanin, chloroplastic
Plastocyanin A, chloroplastic
Plastocyanin B'/B''
Plastocyanin A'/A''
Plastocyanin B, chloroplastic
Plastocyanin A/B
NAD(P) transhydrogenase subunit alpha part 1
Putidaredoxin
Ubiquinol-cytochrome c reductase cytochrome c subunit
1H-3-hydroxy-4-oxoquinoline 2,4-dioxygenase
Ribonucleoside-diphosphate reductase large subunit-like protein U28
GDP-6-deoxy-D-mannose reductase
28S ribosomal protein S36, mitochondrial
Rubredoxin-1
Rubredoxin-2
Rubredoxin 3
Probable rubredoxin
Rubredoxin
Probable rubredoxin HupI
Rubredoxin 4
Putative rubredoxin
Probable Rubredoxin-1
Rubredoxin in uptake hydrogenase operon
Probable Rubredoxin-2
Selenoprotein W
Cytochrome c-type protein SHP
Stellacyanin
Rhodanese-like domain-containing protein 19, mitochondrial
Thioredoxin
Terpredoxin
Rhodocoxin
Thioredoxin H-type
Tryparedoxin
Tyrosinase
Umecyanin
Putative thioredoxin-like protein 453L
Polyferredoxin protein VhuB
Polyferredoxin protein VhcB
Putative thioredoxin-like protein 041R
Glutaredoxin-like protein C5orf63
Sulfoxide reductase heme-binding subunit YedZ
Glutaredoxin-like protein YDR286C
Putative electron transfer flavoprotein subunit YgcR
Putative cytochrome c-type biogenesis protein DbsD-like
Ferredoxin-like protein YdiT
Ferredoxin-like protein YgcO
Exoenzyme regulation regulon ORF2
Glutaredoxin-like protein YDR286C homolog
Glutaredoxin-like protein C5orf63 homolog
Putative electron transfer flavoprotein subunit YdiQ
Putative electron transfer flavoprotein subunit YgcQ
Probable anaerobic dimethyl sulfoxide reductase chain YnfG
Probable indole-3-pyruvate monooxygenase YUCCA9
Probable indole-3-pyruvate monooxygenase YUCCA5
Probable indole-3-pyruvate monooxygenase YUCCA8
Probable indole-3-pyruvate monooxygenase YUCCA3
Probable indole-3-pyruvate monooxygenase YUCCA10
Probable indole-3-pyruvate monooxygenase YUCCA11
Indole-3-pyruvate monooxygenase YUCCA2
