20.9 kDa protein
Protein CopA/IncA
Copy number protein
Protein dml1
Protein DML1
Replication initiation protein
Probable replication-associated protein repA1
Replication protein RepA
RepFIB replication protein A
Probable replication-associated protein repA2
Putative replication protein A
Putative defective replication initiation protein
Putative replication protein
Replication initiator protein
Regulatory protein RepI
Regulatory protein RepA
Protein RepA
GPI mannosyltransferase 4
Plasmid replication initiator protein TrfA
Endoribonuclease ToxN
