Cytochrome c heme lyase
Coiled-coil-helix-coiled-coil-helix domain-containing protein 7
Coiled-coil-helix-coiled-coil-helix domain-containing protein 5
Cx9C motif-containing protein 4, mitochondrial
Cytochrome c oxidase assembly factor 7
Cytochrome c oxidase copper chaperone
Cytochrome c oxidase assembly protein COX19
Cytochrome c oxidase-assembly factor COX23, mitochondrial
Cytochrome c oxidase assembly factor 7B
Cytochrome c oxidase assembly factor 7A
Cytochrome c oxidase-assembly factor cox23, mitochondrial
Cytochrome c oxidase-assembly factor cox-23, mitochondrial
Cytochrome c oxidase subunit 6B1
Cytochrome c oxidase subunit 6B2
Cytochrome c1 heme lyase
Cytochrome c oxidase copper chaperone 2
Anamorsin homolog 2
Anamorsin homolog 1
Fe-S cluster assembly protein DRE2
Anamorsin homolog
Adenylate kinase
Adenylate kinase 2, mitochondrial
NADH-cytochrome b5 reductase 2
Mitochondrial intermembrane space cysteine motif-containing protein MIX17
Mitochondrial intermembrane space cysteine motif-containing protein MIX23
Neurolysin, mitochondrial
Dynamin-like 120 kDa protein, mitochondrial
Dihydroorotate dehydrogenase
