Protein amnionless
Asialoglycoprotein receptor 1
ATP synthase subunit beta, mitochondrial
Adenylyl cyclase-associated protein 1
C-type lectin domain family 9 member A
Collectin-11
Cubilin
Disabled homolog 2
Ig gamma-2A chain C region, A allele
Huntingtin-interacting protein 1-related protein
Ig heavy chain V region 1-62-3
Ig heavy chain V region VH558 B4
Ig heavy chain V region S43
Ig gamma-2B chain C region
Ig gamma-2 chain C region
Ig gamma-4 chain C region
Ig mu chain C region
Immunoglobulin lambda-like polypeptide 1
Ig heavy chain V region 3
Ig heavy chain V region B1-8/186-2
Ig epsilon chain C region
Ig gamma-1 chain C region
Immunoglobulin lambda-like polypeptide 5
Ig gamma-2A chain C region
Ig delta chain C region
Ig kappa chain C region, B allele
Putative V-set and immunoglobulin domain-containing-like protein IGHV1OR21-1
Ig kappa chain C region, A allele
Putative V-set and immunoglobulin domain-containing-like protein IGHV4OR15-8
Ig lambda-1 chain C region
Ig lambda-2 chain C region
Low-density lipoprotein receptor-related protein 3
Low-density lipoprotein receptor-related protein 1B
Myosin-1
Oxidized low-density lipoprotein receptor 1
Major outer membrane protein P.IB
Palmitoyl-protein thioesterase 1
Secretoglobin family 3A member 2
T-cell receptor delta chain C region
UBA domain-containing protein 8
Vitellogenin receptor
