1-aminocyclopropane-1-carboxylate synthase 6
1-aminocyclopropane-1-carboxylate synthase 5
B9 domain-containing protein 1
Baculoviral IAP repeat-containing protein 5.2-A
Baculoviral IAP repeat-containing protein 5.2-B
Calcitonin gene-related peptide 1
CLAVATA3/ESR
Ethylene-responsive transcription factor ERF104
Ethylene-responsive transcription factor ERF109
Ethylene-responsive transcription factor 1A
Ethylene-responsive transcription factor 2
Ethylene-responsive transcription factor 6
LRR receptor-like serine/threonine-protein kinase ERECTA
Ethylene-responsive transcription factor 11
Ethylene-insensitive protein 2
Ethylene receptor 1
Eukaryotic translation initiation factor 3 subunit H-A
Ethylene-responsive transcription factor ERF018
Frizzled-5
Forkhead box C1-A
Forkhead box C1-B
Lymphoid enhancer-binding factor 1
Low-density lipoprotein receptor-related protein 5
5'-methylthioadenosine/S-adenosylhomocysteine nucleosidase 2
5'-methylthioadenosine/S-adenosylhomocysteine nucleosidase 1
Nodal
Nodal homolog
Programmed cell death protein 10-B
Programmed cell death protein 10-A
Phosphatidylinositol 4,5-bisphosphate 3-kinase catalytic subunit alpha isoform
Leucine-rich repeat receptor-like protein kinase PXL1
Leucine-rich repeat receptor-like protein kinase PXL2
Ras-related protein Rab-4A
U1 small nuclear ribonucleoprotein 70 kDa
Sphingosine 1-phosphate receptor 2
Sphingosine 1-phosphate receptor 1
Protein scribble homolog
Serine/threonine-protein kinase STK11
Serine/threonine-protein kinase stk11
Transcription factor PU.1
Transcription factor 21
Transmembrane protein 231
Vascular endothelial growth factor A
Vascular endothelial growth factor receptor 3
Protein Wnt-7b
WUSCHEL-related homeobox 14
WUSCHEL-related homeobox 4
