Activator of 90 kDa heat shock protein ATPase homolog
Activator of 90 kDa heat shock protein ATPase homolog 1
Activator of 90 kDa heat shock protein ATPase homolog 2
Indole-3-acetic acid-induced protein ARG2
Abscisic stress-ripening protein 2
Abscisic stress-ripening protein 3
Abscisic stress-ripening protein 1
Cell wall protein AWA1
Cyphokinin
cAMP-binding protein 2
cAMP-binding protein 1
Chemical-damaging agent resistance protein B
Cell growth regulator with EF hand domain protein 1
Chemical-damaging agent resistance protein C
Complement C5
Cold shock-like protein CspD
Cell wall protein DAN4
DNA protection during starvation protein 2
Nutrient stress-induced DNA-binding protein
DNA protection during starvation protein
DNA protection during starvation protein 1
Eukaryotic translation initiation factor 2-alpha kinase 1
Dual specificity protein phosphatase 10
Endoplasmin
Putative endoplasmin-like protein
Endoplasmin homolog
General stress protein 16U
General stress protein 20U
Growth arrest and DNA damage-inducible protein GADD45 gamma
Growth arrest and DNA damage-inducible protein GADD45 beta
Fine tangled pili major subunit
Glucagon-like peptide 1 receptor
Putative heat shock protein HSP 90-beta 2
Putative heat shock protein HSP 90-beta-3
Putative heat shock protein HSP 90-beta 4
Heat shock protein HSP 90-beta
Heat shock cognate protein 80
Heat shock protein HSP82
Heat shock protein 82
Heat shock protein 83
Heat shock protein 90
Heat shock 90 kDa protein homolog
Putative heat shock protein HSP90
Heat shock protein 81-1
Chaperone protein HtpG
Heat shock protein 90-6, mitochondrial
Heat shock cognate protein HSP 90-beta
Heat shock protein 81-2
Heat shock-like 85 kDa protein
Heat shock protein HSP 90-alpha A2
Heat shock protein 90 homolog
Protein HVA22
Putative heat shock protein HSP 90-alpha A4
Putative heat shock protein HSP 90-alpha A5
Heat shock protein 83-1
Heat shock protein HSP 90
Chaperone protein htpG
Heat shock protein 81-3
Heat shock protein hsp9
Chaperone protein IpgC
Sensor protein KdpD
Probable Kdp system regulatory protein KdpQ
Low calcium response locus protein H
Late embryogenesis abundant protein Lea5-A
Late embryogenesis abundant protein Lea5-D
Light-induced protein, chloroplastic
Late embryogenesis abundant protein Lea5
Mitogen-activated protein kinase kinase kinase MLT
Metalloregulation DNA-binding stress protein
Mycothiol acetyltransferase
G-protein coupled receptor Mth2
Stress response protein NhaX
Metalloendopeptidase OMA1, mitochondrial
Tumor protein p53-inducible protein 11
Seripauperin-15
Seripauperin-19
Seripauperin-24
Seripauperin-11
Seripauperin-18
Seripauperin-23
Seripauperin-13
Seripauperin-2
Seripauperin-7
Seripauperin-10
Seripauperin-20
Seripauperin-6
Seripauperin-4
Seripauperin-8
Seripauperin-14
Seripauperin-3
Seripauperin-16
Seripauperin-22
Seripauperin-5
Seripauperin-9
Seripauperin-12
Seripauperin-17
Seripauperin-21
Probable phosphatase PSR2
Phosphatase PSR1
Protoporphyrin uptake protein 1
Repressed By RIM101 protein 2
Sphingoid long-chain base transporter RSB1
Protein RTM1
Protein RTA1
Stress response protein SCP2
Stannin
Serine/threonine-protein kinase SMG1
Stress-induced-phosphoprotein 1
TP53-target gene 1 protein
TRAP-T-associated universal stress protein TeaD
Cell wall protein TIR3
Cell wall protein TIR4
Antigen TpF1
Antigen TyF1
Urocortin-2
Urocortin-3
Universal stress protein A
Universal stress protein B
Universal stress protein B homolog
Universal stress protein C
Universal stress protein D
Universal stress protein E
Universal stress protein F
Universal stress protein G
Universal stress protein A homolog
Universal stress protein A-like protein
Universal stress protein A homolog 2
Universal stress protein A homolog 1
Universal stress protein E homolog
Universal stress protein HP_0031
Putative universal stress protein SSP1056
Universal stress protein Slr1101
Universal stress protein Jhp_0027
Putative universal stress protein SA1532
Universal stress protein Rv1636
Universal stress protein Sll1654
Universal stress protein MTH_1154
Putative universal stress protein SE_1385
Universal stress protein MTBMA_c15380
Putative universal stress protein MW1653
Universal stress protein MT2052
Universal stress protein MT2085
Universal stress protein Rv2028c
White colony protein WHS11
Universal stress protein Sll1388
Putative universal stress protein SAUSA300_1656
Universal stress protein MT2382
Putative universal stress protein SAB1569
Putative universal stress protein SAR1788
Universal stress protein Aq_178
Universal stress protein Mb2019
Universal stress protein Mb2346c
Universal stress protein MT3220
Putative universal stress protein SH1215
Putative universal stress protein SAOUHSC_01819
Universal stress protein Rv2624c
Universal stress protein Slr1230
Putative universal stress protein SERP1273
Putative universal stress protein SACOL1759
Universal stress protein MSMEG_3950/MSMEI_3859
Putative universal stress protein SAS1637
Putative universal stress protein SAV1710
Universal stress protein Mb2028c
Universal stress protein MT1672
Universal stress protein MT2061
Universal stress protein Rv1996
Universal stress protein Rv2026c
Universal stress protein MT2087
Universal stress protein Rv2319c
Universal stress protein MT2698
Universal stress protein MT2699
Universal stress protein MSMEG_4207
Universal stress protein MJ0531
Universal stress protein A family protein C25B2.10
Universal stress protein MJ0577
Iron-sulfur cluster repair protein YtfE
Universal stress protein in QAH/OAS sulfhydrylase 3'region
Cell wall protein YLR040C
Universal stress protein YxiE
