7,8-dihydro-8-oxoguanine triphosphatase
Bud site selection protein 21
Protein sof1
Protein DSE1
Essential nuclear protein 1
H/ACA ribonucleoprotein complex subunit 1
Probable H/ACA ribonucleoprotein complex subunit 1
U3 small nucleolar ribonucleoprotein protein IMP4
U3 small nucleolar ribonucleoprotein protein imp4
U3 small nucleolar ribonucleoprotein protein IMP3
U3 small nucleolar ribonucleoprotein protein imp3
H/ACA ribonucleoprotein complex non-core subunit NAF1
Putative H/ACA ribonucleoprotein complex subunit 2-like protein
H/ACA ribonucleoprotein complex subunit 3
Ribosome biogenesis protein Nop10
Probable nucleolar complex protein 14
Nucleolar protein 56
Nucleolar protein 58
Nucleolar protein 6
H/ACA ribonucleoprotein complex subunit 3-like protein
Nucleolar protein 14
H/ACA ribonucleoprotein complex subunit 2-like protein
Nucleolar protein 14 homolog
Nucleolar complex protein 14
Putative H/ACA ribonucleoprotein complex subunit 3
Diphosphoinositol polyphosphate phosphohydrolase 2
ADP-sugar pyrophosphatase
Peroxisomal coenzyme A diphosphatase NUDT7
Periodic tryptophan protein 2 homolog
rRNA biogenesis protein rrp5
Ribosomal RNA-processing protein 9
Ribosome assembly 1 protein
Protein syndesmos
Ribosome biogenesis protein slx9
Transducin beta-like protein 3
U3 small nucleolar RNA-interacting protein 2
U3 small nucleolar RNA-associated protein 13
Probable U3 small nucleolar RNA-associated protein 16
Probable U3 small nucleolar RNA-associated protein 11
U3 small nucleolar RNA-associated protein 12
U3 small nucleolar RNA-associated protein 20
U3 small nucleolar RNA-associated protein 6 homolog
Probable U3 small nucleolar RNA-associated protein 7
Probable U3 small nucleolar RNA-associated protein 13
U3 small nucleolar RNA-associated protein 6
WD repeat-containing protein 3 homolog
U3 snoRNP-associated protein-like EMB2271
Brix domain-containing protein ZK795.3
U3 snoRNP-associated protein-like YAO
Putative 40S ribosomal protein S4-like
