Beta-2-microglobulin
C-C motif chemokine 27
Granulocyte-macrophage colony-stimulating factor
Granulocyte colony-stimulating factor
C-X-C motif chemokine 6
Eosinophil granule major basic protein 2
Eosinophil granule major basic protein 1
Guanylate-binding protein 6
G-protein-signaling modulator 3
Ig heavy chain V-I region DOT
Ig heavy chain V-III region GAR
Interleukin-12 subunit alpha
Viral interleukin-10 homolog
Interleukin-4
Ig heavy chain V-I region V35
Interleukin-13
Interleukin-15
Interleukin-5
Interleukin-6
Interleukin-10
Interleukin-21
Interleukin-3
Interferon-induced protein 44-like
Viral interleukin-8 homolog
Kidney-associated antigen 1
Protein K6
Leukemia inhibitory factor
Monocyte chemotactic protein 1B
Ig gamma lambda chain V-II region DOT
Putative viral CXC chemokine 2
Protein vCCL3
Viral interleukin-6 homolog
Putative CC-type chemokine FPV061
Viral macrophage inflammatory protein 2
