Cytotoxin 1
Cytotoxin 3
Cytotoxin 2
Three-finger hemachatoxin
Acyl-coenzyme A synthetase ACSM3, mitochondrial
Type-1 angiotensin II receptor-associated protein
Bradykinin-potentiating peptide 13a
Bradykinin-potentiating peptide 7a
Bradykinin-potentiating peptide 10f
Bradykinin-potentiating peptide 11f
Bradykinin-potentiating peptide 2
Bradykinin-potentiating peptide 13c
Bradykinin-potentiating peptide 10b
Bradykinin-potentiating peptide S
Bradykinin-potentiating peptide Phypo Xa
Bradykinin-potentiating peptide 7b
Bradykinin-potentiating peptide 10d
Bradykinin-potentiating peptide 11i
Bradykinin-potentiating peptide 12c
Bradykinin-potentiating peptide S5,1
Bombesin receptor subtype-3
Bradykinin-potentiating peptide 11b
Bradykinin-potentiating peptide 3
Bradykinin-potentiating peptide 11j
Bradykinin-potentiating peptide 13b
Bradykinin-potentiating peptide 10e
Bradykinin-potentiating peptide 11g
Bradykinin-potentiating peptide 11a
Bradykinin-potentiating peptide 9a
Bradykinin-potentiating peptide AP
Bradykinin-potentiating peptide 11d
Bradykinin-potentiating peptide 12a
Bradykinin-potentiating peptide 12e
Bradykinin-potentiating peptide F
Bradykinin-potentiating peptide 5
Bradykinin-potentiating peptide 7c
Caerulein-1.2
Bradykinin-potentiating peptide 11
Bradykinin-potentiating peptide TmF
Caerulein-3.1/3.1Y4
Bradykinin-potentiating peptide 11c
Bradykinin-potentiating peptide POL-236
Bradykinin-potentiating peptide 8a
Bradykinin-potentiating peptide 12d
Bradykinin-potentiating peptide 13d
Bradykinin-potentiating peptide 12b
Bradykinin-potentiating peptide S4,1,2
Bradykinin-potentiating peptide 11h
Bradykinin-potentiating peptide 14a
Caerulein-3.2/3.2Y4
Caerulein-2.2/2.2Y4
Caerulein-1.2/1.2Y4
Caerulein-4.1/4.1Y4
-Phyllocaerulein
Caerulein-2.1/2.1Y4
Caerulein-4.2/4.2Y4
Phyllocaerulein
Cholecystokinin-8
Cholecystoxin
Celestoxin
Exendin-3
Exendin-2-long
Exendin-1
Exendin-4
Hypotensin-like peptide
Lebetin-2-alpha
Bradykinin-potentiating peptide BmKbpp
Hypotensin-1
Bradykinin-potentiating peptide NDBP6
Bradykinin-potentiating peptide K12
Bradykinin-potentiating peptide T
Hypotensin-2
Bradykinin-potentiating peptide NDBP12
Bradykinin-potentiating peptide 25.12
Pro-neuropeptide Y
Pro-neuregulin-1, membrane-bound isoform
Neuropeptide Y
Acidic phospholipase A2 BpirPLA2-I
Acidic phospholipase A2 BmooPLA2
Acidic phospholipase A2 VpaPLA2
Acidic phospholipase A2 BthA-1
Goannatyrotoxin-Vere1
N-acylglucosamine 2-epimerase
