Homeotic protein antennapedia
Achaete-scute complex protein T5
Achaete-scute complex protein T4
Achaete-scute complex protein T3
ATP-dependent helicase brm
Transcription factor castor
G1/S-specific cyclin-E
Cyclin-T
Transcription factor collier
Protein dimmed
Embryonic polarity protein dorsal
Transcription factor E2f1
Homeotic protein empty spiracles
Protein grainyhead
Developmental protein eyes absent
F-box/WD repeat-containing protein 7
G protein alpha o subunit
G protein alpha i subunit
Protein gooseberry
Homeotic protein ocelliless
cAMP-dependent protein kinase type I regulatory subunit
G-protein coupled receptor moody
Protein numb
Homeobox protein prospero
Ras-related protein Rac1
Regulator of chromosome condensation
Regulator of G-protein signaling loco
Ribonuclease Z, mitochondrial
Segmentation protein Runt
Surfeit locus protein 6 homolog
Muscle-specific homeobox protein tinman
Putative U5 small nuclear ribonucleoprotein 200 kDa helicase
Homeobox protein vnd
