Protein ACCUMULATION AND REPLICATION OF CHLOROPLASTS 6, chloroplastic
Protein ACCUMULATION AND REPLICATION OF CHLOROPLASTS 3
N(4)-(Beta-N-acetylglucosaminyl)-L-asparaginase
Plastid division protein CDP1, chloroplastic
Chitin elicitor-binding protein
Protein dyf-7
Cell division protein FtsZ homolog 2-1, chloroplastic
Solute carrier family 2, facilitated glucose transporter member 1
Zygote defective protein 12
Leucine zipper putative tumor suppressor 3
Mannose-binding protein C
Nuclear envelope integral membrane protein 1b
Nuclear envelope integral membrane protein 1a
Parathyroid hormone/parathyroid hormone-related peptide receptor
Protein S100-A15A
Sterile alpha motif domain-containing protein 11
Protein S100-A7A
Protein disulfide-isomerase SCO2
Protein SIEVE ELEMENT OCCLUSION B
Protein SIEVE ELEMENT OCCLUSION A
Transmembrane protein 190
Transmembrane protein 43
