Actin-related protein 2
Actin-related protein 2/3 complex subunit 1
Actin-related protein 2/3 complex subunit 3
Actin-related protein 2/3 complex subunit 5
Protein CARMIL
Formin-F
Major sperm protein 152
Major sperm protein 10/36/56/76
Major sperm protein isoform alpha
Major sperm protein 1
Major sperm protein 32
Major sperm protein 38
Major sperm protein isoform beta
Major sperm protein 3
Major sperm protein 55/57
Major sperm protein 77/79
Major sperm protein 19/31/40/45/50/51/53/59/61/65/81/113/142
Major sperm protein 2
Major sperm protein 63
Myozenin-1
Major sperm protein 33
Major sperm protein 49
Major sperm protein 78
Myosin ID heavy chain
Protein pirA
