GTPase ArgK
Biofilm dispersion protein BdlA
Cas scaffolding protein family member 4
Chemotaxis protein CheA
Signal transduction histidine-protein kinase/phosphatase DegS
Hybrid signal transduction histidine kinase I
Hybrid signal transduction histidine kinase K
Hybrid signal transduction histidine kinase H
Hybrid signal transduction histidine kinase L
Probable ethylene response sensor 1
Probable ethylene response sensor 2
Ethylene receptor 1
Ethylene receptor 3
Ethylene receptor 2
Ethylene receptor 4
Exodeoxyribonuclease 7 large subunit
Histone H3.3 type b
Histone H3.3 type c
Helicase IV
Probable sensor histidine kinase HK
Putative sensor protein KdpD
5'-methylthioadenosine/S-adenosylhomocysteine nucleosidase
Methyl sulfide methyltransferase-associated sensor
Oxygen sensor histidine kinase NreB
Nitrogen regulation protein NtrB
Nitrogen regulation protein NR(II)
Cell-division control histidine kinase PdhS
Adaptive-response sensory-kinase SasA
Sensor protein TdiS
THO complex subunit 2
Sensor histidine kinase TodS
Sensor histidine kinase TmoS
Sensor histidine kinase YhcY
Putative uncharacterized protein YwpD
