Mobilization protein MbeC
Mobilization protein MbeB
Mobilization protein MbeD
Mobilization protein C
Mobilization protein MobL
Mobilization protein B
Mobilization protein A
Mobilization protein MobS
Probable mobilization protein MobA
Mobilization protein MobB
Putative DNA relaxase NicK
43 kDa relaxation protein
Protein TraH
Probable conjugal transfer protein TrbE part 2
Probable conjugal transfer protein TraC
Conjugal transfer protein TraD
Protein TraI
Protein TraE
Protein TraL
TraK lipoprotein
Protein TraN
Probable conjugal transfer protein TrbJ
Conjugal transfer protein TraA
Protein TraS
Protein TraV
Conjugal transfer protein TrbE
Conjugal transfer protein TrbG
Conjugal transfer protein TrbK
Conjugal transfer protein TraC
Probable conjugal transfer protein TraD
Probable conjugal transfer protein TrbE part 1
Conjugal transfer protein TrbJ
Probable conjugal transfer protein TraA
Protein TraB
