Mannan endo-1,4-beta-mannosidase 1
Mannan endo-1,4-beta-mannosidase 3
Probable mannan endo-1,4-beta-mannosidase A
Mannan endo-1,4-beta-mannosidase C
Probable mannan endo-1,4-beta-mannosidase F
Mannan endo-1,4-beta-mannosidase 2
Mannan endo-1,4-beta-mannosidase 4
Probable mannan endo-1,4-beta-mannosidase A-1
Mannan endo-1,4-beta-mannosidase F
Putative mannan endo-1,4-beta-mannosidase 9
Probable mannan endo-1,4-beta-mannosidase A-2
Mannan endo-1,4-beta-mannosidase A
Mannan endo-1,4-beta-mannosidase
Mannan endo-1,4-beta-mannosidase 5
Mannan endo-1,4-beta-mannosidase 8
Probable mannan endo-1,4-beta-mannosidase C
Mannan endo-1,4-beta-mannosidase D
Putative mannan endo-1,4-beta-mannosidase P
Putative mannan endo-1,4-beta-mannosidase 4
Putative mannan endo-1,4-beta-mannosidase 5
Mannan endo-1,4-beta-mannosidase 6
Beta-mannanase/endoglucanase A
Mannan endo-1,4-beta-mannosidase B
Mannan endo-1,4-beta-mannosidase 7
