Atrophin-1
CKLF-like MARVEL transmembrane domain-containing protein 2A
COP9 signalosome complex subunit 2
Ketimine reductase mu-crystallin
DNA
Geminin
Homeodomain-interacting protein kinase 3
Heat shock factor-binding protein 1
Mitogen-activated protein kinase kinase kinase 10
Negative cofactor 2 complex subunit beta
Negative cofactor 2 complex subunit alpha
Pre-B-cell leukemia transcription factor-interacting protein 1
Peroxisomal membrane protein PEX14
Prefoldin subunit 5
SIR4-interacting protein SIF2
Protein Tob1
Tonsoku-like protein
Protein URE2
Transcriptional regulator URE2
Protein Wnt-4
