UDP-glucose 6-dehydrogenase AglM
Amylovoran biosynthesis protein AmsF
Amylovoran biosynthesis protein AmsL
Amylovoran biosynthesis protein AmsC
Sensor protein ChvG
Endo-1,3-1,4-beta-glycanase EglC
Succinoglycan biosynthesis protein ExoI
Exopolysaccharide production negative regulator
UDP-glucose 4-epimerase
Endo-1,3-1,4-beta-glycanase ExoK
UTP--glucose-1-phosphate uridylyltransferase
Exopolysaccharide production repressor protein
Succinoglycan biosynthesis transport protein ExoT
Transmembrane protein EpsG
Exopolysaccharide production protein ExoQ
Succinoglycan biosynthesis protein ExoV
Endo-1,3-1,4-beta-glycanase ExsH
GDP-mannose:glycolipid 4-beta-D-mannosyltransferase
UDP-glucuronate:glycolipid 2-beta-glucuronosyltransferase
Mannose-1-phosphate guanylyltransferase 1
Lsg locus putative protein 1
N-acylneuraminate cytidylyltransferase
Mannose-1-phosphate guanylyltransferase
Exopolysaccharide production protein PSS
Putative mannose-1-phosphate guanylyltransferase
Protein SyrA
UDP-glucose 6-dehydrogenase TuaD
UDP-N-acetyl-D-glucosamine 6-dehydrogenase
UDP-glucose 6-dehydrogenase
UDP-N-acetyl-D-mannosamine dehydrogenase
UDP-2,3-diacetamido-2,3-dideoxy-D-glucuronate 2-epimerase
Inner membrane protein YghQ
UDP-glucose 6-dehydrogenase YwqF
Putative UDP-glucose 6-dehydrogenase YtcA
Probable cell division protein YtgP
