Pectinesterase 1
Pectinesterase 2
Putative pectinesterase 10
Probable pectinesterase 29
Pectinesterase 3
Probable pectinesterase 66
Pectinesterase
Probable pectinesterase 53
Probable pectinesterase A
Pectinesterase A
Pectinesterase/pectinesterase inhibitor
Putative pectinesterase 14
Probable pectinesterase 50
Pectinesterase QRT1
Probable pectinesterase 68
Probable pectinesterase/pectinesterase inhibitor
Pectinesterase 2.2
Pectinesterase 2.1
Pectinesterase/pectinesterase inhibitor PPE8B
Putative pectinesterase 11
Putative pectinesterase 52
Probable pectinesterase 55
Probable pectinesterase 8
Probable pectinesterase 49
Putative pectinesterase 63
Pectinesterase B
Pectinesterase/pectinesterase inhibitor U1
Probable pectinesterase 15
Pectinesterase 31
Probable pectinesterase 67
Putative acyl-CoA thioester hydrolase YbhC
