14-3-3 protein zeta
14-3-3 protein beta/alpha-2
14-3-3 protein beta/alpha-A
14-3-3 protein gamma-1
Aldehyde dehydrogenase family 9 member A1-A
14-3-3 protein beta/alpha-1
14-3-3 protein beta/alpha-B
14-3-3 protein gamma-2
14-3-3 protein gamma-A
14-3-3 protein eta
14-3-3 protein gamma
DNA-3-methyladenine glycosylase 2
Aldehyde dehydrogenase family 9 member A1-B
14-3-3 protein beta/alpha
Acetyl-CoA hydrolase
Meromycolate extension acyl carrier protein
Acyl carrier protein
Acyl carrier protein AcpP
14-3-3 protein theta
35 kDa protein
Acyl carrier protein 2
Acyl carrier protein 3
Polyketide biosynthesis acyl-carrier-protein AcpK
14-3-3 protein gamma-B
Acyl carrier protein 1
Actin-depolymerizing factor 3
Autophagic-related protein 16.1
Putative aspartate aminotransferase
Acetyl-coenzyme A synthetase
Acetyl esterase
Actophorin
Alpha1-proteinase inhibitor-degradation deficient protein 37
Altered inheritance of mitochondria protein 4
Acetate--CoA ligase  I subunit alpha
Altered inheritance rate of mitochondria protein 29
ARL14 effector protein
Aldose reductase
Aldehyde dehydrogenase, dimeric NADP-preferring
Aldehyde dehydrogenase family 9 member A1
KHG/KDPG aldolase
Acylphosphatase-1
Putative KHG/KDPG aldolase
Ankyrin repeat and SAM domain-containing protein 6
4-trimethylaminobutyraldehyde dehydrogenase
Cytoplasmic alpha-amylase
Archaeal glycosylation protein Q
1,5-anhydro-D-fructose reductase
Alpha-amylase 1
Ankyrin repeat and KH domain-containing protein CBG24701
Ankyrin repeat and KH domain-containing protein R11A8.7
Anthocyanin 5-aromatic acyltransferase
N-acetylornithine carbamoyltransferase
Adenine phosphoribosyltransferase 2
Adenine phosphoribosyltransferase 4
Ankyrin repeat and sterile alpha motif domain-containing protein 1B
Amyloid beta A4 precursor protein-binding family B member 3
Adenine phosphoribosyltransferase 1
Arginine deiminase
Carbamate kinase 1
Carbamate kinase 2
Amino-acid acetyltransferase
Ankyrin repeat domain-containing protein 34A
Adenine phosphoribosyltransferase
Probable adenine phosphoribosyltransferase
Actin-related protein 2/3 complex subunit 2B
Putative arginine deiminase
Acetylglutamate kinase
N-acetyl-gamma-glutamyl-phosphate reductase 1
Aldo-keto reductase family 1 member C4
Protein AKNAD1
Aldose reductase-related protein 2
Aldehyde dehydrogenase
Actin-related protein 2/3 complex subunit 1A
Actin-related protein 2/3 complex subunit 5B
Arginine deiminase 2
Arginine deiminase 1
N-acetyl-gamma-glutamyl-phosphate reductase 2
Argininosuccinate lyase 2
Bifunctional protein ArgH
Argininosuccinate lyase
Actin-related protein 2/3 complex subunit 5A
3-phosphoshikimate 1-carboxyvinyltransferase
3-dehydroquinate synthase
Carbamate kinase 3
N-acetyl-gamma-glutamyl-phosphate reductase
Bifunctional protein ArgHA
Argininosuccinate lyase 1
Armadillo repeat-containing protein 7
3-phosphoshikimate 1-carboxyvinyltransferase 2
Actin-related protein 2-B
Adenine phosphoribosyltransferase 5
Probable acetylglutamate kinase
3-phosphoshikimate 1-carboxyvinyltransferase 1
Chorismate mutase AroH
Probable actin-related protein 2/3 complex subunit 5
Arylamine N-acetyltransferase 1
cAMP-regulated phosphoprotein 21
Actin-related protein 2-A
Actin-related protein 3
Probable isoaspartyl peptidase/L-asparaginase GA20639
Probable L-asparaginase
Argininosuccinate synthase 2
Armadillo repeat-containing protein 5
Probable actin-related protein 2/3 complex subunit 2
Actin-related protein 2/3 complex subunit 3
Probable actin-related protein 2/3 complex subunit 3
Argininosuccinate synthase 1
Actin-related protein 2/3 complex subunit 5-like protein
Argininosuccinate synthase
Actin-related protein 2
Isoaspartyl peptidase/L-asparaginase
Arylamine N-acetyltransferase 2
N-acetylserotonin O-methyltransferase-like protein
L-asparaginase 1
Actin-related protein 2/3 complex subunit 4
Heat shock protein HSP.16.4
Putative protein ATXN8OS
Ataxin-10 homolog
UDP-D-apiose/UDP-D-xylose synthase
5-azacytidine-induced protein 2
Polyketide biosynthesis malonyl CoA-acyl carrier protein transacylase BaeC
Cellulose biosynthesis protein BcsQ
Branched-chain-amino-acid aminotransferase, cytosolic
Polyketide biosynthesis protein BaeE
Blue fluorescence protein
Pimeloyl- methyl ester esterase
Bleomycin hydrolase
Beta-glucosidase
Bridging integrator 2
Barstar
Butyrate kinase 1
Probable butyrate kinase
BBSome-interacting protein 1
Probable butyrate kinase 2
Butyrate kinase
Thermostable beta-glucosidase B
Putative cellulose biosynthesis protein BcsQ
Ferri-bacillibactin esterase BesA
Adenosylmethionine-8-amino-7-oxononanoate aminotransferase
L-carnitine CoA-transferase
Calglandulin
Protein BTR1
Probable butyrate kinase 1
Protein C10
Calcyphosin-like protein
Cephalosporin-C deacetylase
Caspase-3
Butyrate kinase 2
Calpain-C
F-actin-capping protein subunit alpha
Calcyphosin
Coiled-coil domain-containing protein 116
Coiled-coil domain-containing protein 125
Coiled-coil domain-containing protein 141
Coiled-coil domain-containing protein 38
Caspase-7
Coiled-coil domain-containing protein 184
Coiled-coil domain-containing protein 28B
Coiled-coil domain-containing protein 50
Coiled-coil domain-containing protein 81
Caspase-6
Cell division control protein 2 homolog
Calcium vector protein
UPF0602 protein C4orf47
Cell division cycle protein 123
Hsp90 co-chaperone Cdc37
Protein CbhE
Putative chemokine-related protein B42
UPF0602 protein C4orf47 homolog
Cell division cycle protein 123 homolog
Cyclin-dependent kinase-like 3
Cyclin-dependent kinase-like 4
CEN-like protein 1
CEN-like protein 4
Protein CDV3 homolog A
Cementoblastoma-derived protein 1
Protein C8orf37 homolog
10 kDa chaperonin
Renal cancer differentiation gene 1 protein
Hsp90 co-chaperone Cdc37-like 1
Centrosomal protein of 68 kDa
Centrosomal protein of 78 kDa
Cilia- and flagella-associated protein 52
60 kDa chaperonin
Cerebellar degeneration-related protein 2
Cytoplasmic filament protein A
Intracellular chorismate mutase
Protein CDV3 homolog B
Citrate lyase acyl carrier protein 1
Protein CDV3 homolog
Cellobiose 2-epimerase
Citrate lyase acyl carrier protein
Centrosomal protein of 85 kDa-like
CEN-like protein 2
Centrosomal protein C10orf90
Chronic lymphocytic leukemia up-regulated protein 1
Chaperone protein ClpB
Protein ClpV1
Calsensin
Probable calcium-binding protein CML21
Citrate lyase acyl carrier protein 2
Probable chaperone protein ClpB 1
Chlorate reductase assembly chaperone protein
Cofilin-5
Probable calcium-binding protein CML29
Colorectal cancer-associated protein 2
Copper chaperone CopZ
Probable calcium-binding protein CML26
Probable calcium-binding protein CML28
Calcium-binding protein CML39
Leukocyte cysteine proteinase inhibitor 1
Leukocyte cysteine proteinase inhibitor 2
Cofilin-3
Cytokine receptor-like factor 3
COP9 signalosome complex subunit 11
COP9 signalosome complex subunit 3
COP9 signalosome complex subunit 6
COP9 signalosome complex subunit 8
COP9 signalosome complex subunit 9
Cofilin-4
Clamp-binding protein CrfC
DEAD-box ATP-dependent RNA helicase CshA
Cop9 signalosome-interactor 1
COP9 signalosome complex subunit 10
COP9 signalosome complex subunit 2
COP9 signalosome complex subunit 7b
Carbamate kinase
Cold shock protein CSI5
Copper homeostasis protein CutC
Cysteine-rich PDZ-binding protein
Caskin-2
UPF0769 protein C21orf59 homolog
Adenylate cyclase
Protein csh3
Cop9 signalosome complex subunit 11
COP9 signalosome complex subunit 12
Caskin-1
COP9 signalosome complex subunit 7
Cystatin-B
COP9 signalosome complex subunit 4
COP9 signalosome complex subunit 7a
Cystatin-A5
Cancer/testis antigen 1
Cyanate hydratase
Dysbindin domain-containing protein 1
Adenylate cyclase CyaB
Cystatin-A
Stefin-3
Cystatin-A8
Dynein assembly factor 3, axonemal homolog
Stefin-C
Cytoplasmic FMR1-interacting protein 2
Stefin-1
Cystatin-A1
Dimethyl sulfide dehydrogenase assembly chaperone protein
DDB1- and CUL4-associated factor 12
Protein DEPP
Deleted in lung and esophageal cancer protein 1 homolog
2,3-diketo-L-gulonate reductase
3-alpha-hydroxysteroid dehydrogenase/carbonyl reductase
Error-prone DNA polymerase
DNA polymerase III subunit alpha
DNA polymerase III subunit beta
2,5-diketo-D-gluconic acid reductase B
Error-prone DNA polymerase 1
DNA polymerase III PolC-type
Dynein regulatory complex subunit 3
DNA polymerase III polC-type
D-aminoacyl-tRNA deacylase
Disorganized muscle protein 1
Developmentally-regulated GTP-binding protein 1
Developmentally-regulated G-protein 2
Error-prone DNA polymerase 2
D-tyrosyl-tRNA(Tyr) deacylase
Nucleoid-associated protein EbfC
ESX-3 secretion system protein EccA3
Error-prone DNA polymerase 3
ESX-1 secretion system protein EccA1
ESX-5 secretion system protein EccA5
Protein-lysine N-methyltransferase EFM6
ESX-2 secretion system protein EccA2
ER membrane protein complex subunit 8
ER membrane protein complex subunit 9
ESX-1 secretion system protein EccCb1
Epidermal growth factor receptor kinase substrate 8-like protein 3
Esterase 52 kDa subunit
Esterase 56 kDa subunit
Ewing's tumor-associated antigen 1 homolog
Ectopic P granules protein 5
ESX-1 secretion-associated protein EspK
ESX-3 secretion-associated protein EspG3
Hsc70-interacting protein
Putative protein FAM10A5
Protein FAM136A
Protein FAM19A2
Epidermal growth factor receptor kinase substrate 8-like protein 2
ESX-2 secretion-associated protein EspG2
Redox-regulatory protein FAM213A
ESX-1 secretion-associated protein EspG1
Protein FAM65A
ESX-5 secretion-associated protein EspG5
5,6,7,8-tetrahydromethanopterin hydro-lyase
Fanconi anemia group C protein homolog
Eukaryotic peptide chain release factor GTP-binding subunit
F-box/WD repeat-containing protein 2
Protein FdhE homolog
Ewing's tumor-associated antigen 1
Protein FAM185A
Fascin
FGFR1 oncogene partner 2 homolog
FAD synthase
Putative flagella synthesis protein FlgN
Flagella synthesis protein FlgN
Flagellar assembly factor FliW 1
Flagellar assembly factor FliW 2
F-box only protein 50
Protein FdhE
Flagellar assembly factor FliW
Filaggrin-2
WD repeat-containing protein fzy-1
G-protein coupled receptor-associated sorting protein 2
Putative regulatory protein FmdB
Family of serine hydrolases 2
Cell division protein FtsZ
Fuctinin-1
Fuctinin-2
L-fuculokinase
Rho GDP-dissociation inhibitor 3
N-acetylglucosamine-induced protein 1
Glucocorticoid-induced transcript 1 protein
Golgin subfamily A member 8A
PDZ domain-containing protein GIPC2
Golgin subfamily A member 8B
G-protein-signaling modulator 3
Protein GRE1
GSK3-beta interaction protein
Gasdermin-B
Glutathione S-transferase C-terminal domain-containing protein
DNA gyrase subunit A
DNA gyrase subunit B
Glutathione S-transferase C-terminal domain-containing protein homolog
Archaeal histone A
Archaeal histone B
Protein GrpE
Gasdermin-C
HSPB1-associated protein 1
Helicase IV
Putative cancer susceptibility gene HEPN1 protein
Probable archaeal histone A1-1
HSPB1-associated protein 1 homolog
Heterokaryon incompatibility protein S
Probable archaeal histone A1-2
Archaeal histone A1
Protein HGH1 homolog
Archaeal histone HAN1 subunit A
Archaeal histone A2
Probable archaeal histone 3
DNA-binding protein HMt-2
DNA-binding protein HmvA
DNA-binding protein HMf-2
DNA-binding protein HMt-1.2
16.9 kDa class I heat shock protein 1
Probable archaeal histone 1
DNA-binding protein HMf-1
Heat shock protein 105 kDa
15.4 kDa class V heat shock protein
Heat shock 70 kDa protein 1B
DNA mismatch repair protein HSM3
Putative heat shock protein PS1
18.3 kDa class I heat shock protein
18.5 kDa class I heat shock protein
17.5 kDa class II heat shock protein
18.8 kDa class II heat shock protein
Heat shock 70 kDa protein 1
Heat shock protein homolog SSE1
Heat shock protein 81
Heterokaryon incompatibility protein s
DNA-binding protein HMt-1.1
18.0 kDa class I heat shock protein
Class I heat shock protein
17.5 kDa class I heat shock protein
17.6 kDa class I heat shock protein
17.9 kDa class II heat shock protein
17.3 kDa class II heat shock protein
17.8 kDa class II heat shock protein
17.0 kDa class II heat shock protein
Heat shock protein 70 1
Heat shock protein HspQ
Proline/serine-rich protein C17A5.10
14.7 kDa heat shock protein
17.6 kDa class I heat shock protein 3
18.1 kDa class I heat shock protein
17.2 kDa class II heat shock protein
Hydrolethalus syndrome protein 1 homolog
Probable archaeal histone 2
Probable archaeal histone 4
21.7 kDa class VI heat shock protein
Putative heat shock protein 2
17.7 kDa class I heat shock protein
18.2 kDa class I heat shock protein
Heat shock protein HSS1
Heat shock protein 70 2
Protein HUA2
Intracellular exo-alpha-(1->5)-L-arabinofuranosidase
Intracellular exo-alpha-L-arabinofuranosidase 2
Probable class I heat shock protein
19.0 kDa class II heat shock protein
17.1 kDa class II heat shock protein
Small heat shock protein HSP16.5
58 kDa phosphoprotein
17.9 kDa heat shock protein 2
17.3 kDa class I heat shock protein
Heat shock 70 kDa protein 4
Heat shock 70 kDa protein 1A
17.8 kDa class I heat shock protein
30 kDa heat shock protein
97 kDa heat shock protein
Chaperone protein HtpG
Intracellular exo-alpha-L-arabinofuranosidase
Interferon-induced protein 44
Heat shock protein homolog ECU03_0520
Intracellular exo-alpha-(1->5)-L-arabinofuranosidase 1
Proline-rich protein HUA1
Amoebiasin-1
Anti-adapter protein IraD
Anti-adapter protein IraM
Anti-adapter protein IraP
Adenylate kinase 2
Probable adenylate kinase isoenzyme ZK673.2
Adenylate kinase
cAMP-dependent protein kinase, catalytic subunit-like
Protein JLP2
Probable adenylate kinase B
KN motif and ankyrin repeat domain-containing protein 4
J domain-containing protein required for chloroplast accumulation response 1
Creatine kinase M-type
Kinase-interacting protein 1
Kelch domain-containing protein 8B
Adenylate kinase 1
Creatine kinase B-type
Kelch domain-containing protein 1
Protein kintoun
2-dehydro-3-deoxyphosphooctonate aldolase
L-lactate dehydrogenase A chain
L-lactate dehydrogenase B chain
L-lactate dehydrogenase C chain
Kinase-interacting family protein
Keratinocyte proline-rich protein
L-lactate dehydrogenase A-like 6B
L-lactate dehydrogenase B-B chain
Protein lingerer
Protein limb expression 1 homolog
LIX1-like protein
L-lactate dehydrogenase B-A chain
D-galactoside-specific lectin
Leucine-rich repeat-containing protein 18
Leucine-rich repeat-containing protein 51
LRP2-binding protein
N-alpha-acetyltransferase 38, NatC auxiliary subunit
Protein limb expression 1
(4S)-4-hydroxy-5-phosphonooxypentane-2,3-dione isomerase
Target of rapamycin complex subunit lst8
Leucine-rich repeat-containing protein 16B
Leucine zipper transcription factor-like protein 1
Biotin carrier protein MADF
Septum formation protein Maf
Melanoma-associated antigen H1
4-alpha-glucanotransferase
Leucine-rich repeat-containing protein 45
Target of rapamycin complex subunit LST8
Protein LST8 homolog
Maf-like protein DDB_G0281937
Acyl carrier protein MbtL
Microcin J25-processing protein McjB
Acetyl-S-ACP:malonate ACP transferase
Microcin B17-processing protein McbB
Malonate decarboxylase acyl carrier protein
LAS seventeen-binding protein 3
L-xylulose/3-keto-L-gulonate kinase
Melanoma-associated antigen B18
Microcin J25-processing protein McjC
2-hydroxy-6-oxononadienedioate/2-hydroxy-6-oxononatrienedioate hydrolase 1
Microcin B17-processing protein McbD
2-hydroxy-6-oxononadienedioate/2-hydroxy-6-oxononatrienedioate hydrolase 2
Methylmalonic aciduria and homocystinuria type C protein homolog
Small protein MntS
Protein moonraker
Chemotaxis protein MotD
MAPK/MAK/MRK overlapping kinase
Modulator of retrovirus infection homolog
Meckel syndrome type 1 protein homolog
MMACHC-like protein
Mitogen-activated protein kinase 18
Methylthioribose-1-phosphate isomerase
Modulator of retrovirus infection
Myotubularin-related protein 9
Interferon-induced GTP-binding protein Mx
Putative methylthioribose-1-phosphate isomerase
Interferon-induced GTP-binding protein MxB
L-aspartate oxidase
Interferon-induced GTP-binding protein Mx3
N-alpha-acetyltransferase 25, NatB auxiliary subunit
N-alpha-acetyltransferase, 35 NatC auxiliary subunit homolog
NACHT, LRR and PYD domains-containing protein 9B
N-acetylneuraminate lyase
Neuroblastoma breakpoint family member 4
Neuroblastoma breakpoint family member 26
Interferon-induced GTP-binding protein Mx2
N-acetylneuraminate lyase 2
Protein NapD
N-acetyltransferase 6
Protein NBA1
Putative neuroblastoma breakpoint family member 5
Putative neuroblastoma breakpoint family member 8
Neuroblastoma breakpoint family member 14
Interferon-induced GTP-binding protein Mx1
Neuroblastoma breakpoint family member 9
Neuroblastoma breakpoint family member 20
L-aspartate oxidase 1
NACHT, LRR and PYD domains-containing protein 9A
NACHT, LRR and PYD domains-containing protein 9C
Neuroblastoma breakpoint family member 1
Neuroblastoma breakpoint family member 12
Neuroblastoma breakpoint family member 15
NACHT, LRR and PYD domains-containing protein 9
Putative neuroblastoma breakpoint family member 7
N-acyl-D-aspartate deacylase
N-acyl-D-glutamate deacylase
L-aspartate oxidase 2
Neutrophil cytosol factor 2
D-aminoacylase
Probable N-acylneuraminate cytidylyltransferase
N-myc-interactor
ATP-dependent
N-acetylneuraminate lyase 1
Neuroblastoma breakpoint family member 6
Neuroblastoma breakpoint family member 11
Protein NirF
N-acetylneuraminate lyase A
N-terminal EF-hand calcium-binding protein 1
NAD-dependent protein deacetylase
N-acetylneuraminate lyase B
Nebulette
Neuronal regeneration-related protein
Stress response protein NST1
Alpha N-terminal protein methyltransferase 1
N-acylneuraminate cytidylyltransferase
Stress response protein nst1
Protein NOXP20
Oxidant-induced cell-cycle arrest protein 5
Outer dense fiber protein 3
Oocyte-expressed protein homolog
Optineurin
Osteoclast-stimulating factor 1
Hydatid disease diagnostic antigen P-29
OPA3-like protein
Outer dense fiber protein 3-B
Oxoglutarate dehydrogenase inhibitor
Protein Noxp20
Prostate collagen triple helix protein
Probable plastid-lipid-associated protein 11
3-carboxy-cis,cis-muconate cycloisomerase
ATP-dependent DNA helicase PcrA
Aminopeptidase C
Perchlorate reductase assembly chaperone protein
Aminopeptidase G
Protein PAR32
Programmed cell death protein 2-like
Phosducin-like protein 3
Aminopeptidase E
PhoH-like protein
Programmed cell death protein 10 homolog
Peflin
Proline iminopeptidase
Aminopeptidase W
Protein PhoH
Putative proline iminopeptidase
Plastin-3
Probable proline iminopeptidase
Polyamine-modulated factor 1-binding protein 1
POC1 centriolar protein homolog
Polyketide biosynthesis malonyl CoA-acyl carrier protein transacylase PksC
Protein phosphatase 1 regulatory subunit 12C
Polyglutamine-repeat protein pqn-41
Plastin-2
Protein POLAR LOCALIZATION DURING ASYMMETRIC DIVISION AND REDISTRIBUTION
Pentatricopeptide repeat-containing protein PFL1605w
Profilin-1A
Protein prune homolog 2
D-proline reductase proprotein PrdA
D-proline reductase subunit gamma
Uridylate kinase
Regulator of calcineurin 2
RalBP1-associated Eps domain-containing protein 2
Probable ATP-dependent DNA helicase RecQ
Rab3 GTPase-activating protein catalytic subunit
Ribosome biogenesis GTPase A
Regulatory protein RecX
ATP-dependent RNA helicase RhlB
Ribonuclease inhibitor
Rho GTPase-activating protein 6
Regulation of enolase protein 1
Rubber elongation factor protein
Ribosomal RNA large subunit methyltransferase F
Putative ribosomal RNA large subunit methyltransferase F
Ribosomal RNA large subunit methyltransferase G
Ribosomal RNA large subunit methyltransferase L
Rop guanine nucleotide exchange factor 11
Ribosomal RNA small subunit methyltransferase C
Restriction of telomere capping protein 5
RNA 3'-terminal phosphate cyclase
Serine/threonine-protein kinase 11-interacting protein
SIT4-associating protein SAP155
DNA gyrase inhibitor 2
Antigenic heat-stable 120 kDa protein
Segregation and condensation protein A
Segregation and condensation protein B homolog
SIT4-associating protein SAP190
DNA gyrase inhibitor
Schwannomin-interacting protein 1
Segregation and condensation protein B
SPBc2 prophage-derived stress response protein SCP1
Late seed maturation protein P8B6
Selenoprotein W
Cell division protein SepF
Secretagogin
Cell division protein SepF 1
Cell division protein SepF 2
Cell division protein SepF 3
DNA gyrase inhibitor 1
Protein SELF-PRUNING
Endophilin-B2
Selenate reductase assembly chaperone protein
Suppressor of IKBKE 1
Protein sip5
Protein SIP5
Neuronal-specific septin-3
DNA translocase SftA
Src kinase-associated phosphoprotein 2
Src kinase-associated phosphoprotein 2-B
Structure-specific endonuclease subunit SLX4
Spermatogenesis-associated protein 5-like protein 1
Spermatogenesis-associated protein 4
Smc-like protein Sph1
Sperm-associated antigen 1A
Smc-like protein Sph2
Src kinase-associated phosphoprotein 2-A
Spermatogenesis-associated protein 17
Bile salt sulfotransferase
Sorcin
Small rubber particle protein
Protein SSUH2 homolog
Speriolin
Amine sulfotransferase
Aspartate--tRNA ligase, cytoplasmic 2
Probable aspartate--tRNA ligase, cytoplasmic
Asparagine--tRNA ligase
Probable asparagine--tRNA ligase, cytoplasmic
Arginine--tRNA ligase 2
Arginine--tRNA ligase, cytoplasmic
Systemin
Asparagine--tRNA ligase, cytoplasmic
Arginine--tRNA ligase 1
Probable arginine--tRNA ligase, cytoplasmic
Beta-synuclein
Octapeptide-repeat protein T2
Arginine--tRNA ligase
Protein TCP17
Translationally-controlled tumor protein homolog 2
Topoisomerase I damage affected protein 11
Topoisomerase I damage affected protein 2
Tryptophan aminotransferase-related protein 1
Putative T-complex protein 1 subunit theta-like 1
Translationally-controlled tumor protein homolog
T-complex protein 1 subunit delta
Testis-expressed sequence 22 protein
Probable acetyl-CoA acyltransferase
Translationally-controlled tumor protein homolog 1
Acetyl-CoA acetyltransferase
T-complex protein 1 subunit alpha
T-complex protein 1 subunit theta
Probable 3-mercaptopyruvate sulfurtransferase
TIP41-like protein
Protein tilB homolog
Hha toxicity modulator TomB
Tropomyosin
Tumor protein p63-regulated gene 1 protein
Tubulin polymerization-promoting protein family member 2
Relaxosome protein TraY
Trafficking protein particle complex subunit 2-like protein
Tripartite motif-containing protein 16-like protein
Protein TraJ
Tastin
Tetratricopeptide repeat protein 25
Small heat shock protein p36
Tat proofreading chaperone TtrD
Protein TusC homolog
DNA replication terminus site-binding protein
Tetratricopeptide repeat protein 41
Beta-taxilin
TSSK6-activating co-chaperone protein
Putative tetratricopeptide repeat protein 41
TEL2-interacting protein 1
UDP-N-acetylglucosamine pyrophosphorylase
UDP-N-acetylglucosamine diphosphorylase 2
UTP--glucose-1-phosphate uridylyltransferase
Probable UDP-N-acetylglucosamine pyrophosphorylase
Ubiquitin domain-containing protein 2
Tetratricopeptide repeat-containing protein trd-1
Ubiquitin-like protein 5
Transposon TyH3 Gag polyprotein
UBX domain-containing protein 1-B
UBX domain-containing protein 1-A
Probable DNA helicase II homolog
Ubiquitin-like protein 4B
UBX domain-containing protein 1
Protein VHS2
ATP-dependent DNA helicase UvrD1
Villin-3
UDP-glucuronic acid decarboxylase 3
Vigilin
Vimentin-type intermediate filament-associated coiled-coil protein
Urease accessory protein UreF
Vacuolar import and degradation protein 27
WD repeat-containing protein 26 homolog
WD repeat-containing protein 72
WD repeat-containing protein WRAP73
DNA helicase II
UDP-N-acetylglucosamine 2-epimerase
WD repeat-containing protein 6
WD repeat domain-containing protein 83 homolog
Maf-like protein GbCGDNIH1_0004
Maf-like protein LA_0017
Nucleoid-associated protein NATL1_00191
Nucleoid-associated protein BT9727_0020
Nucleoid-associated protein BCAH820_0024
Nucleoid-associated protein sync_0026
Nucleoid-associated protein jhp_0031
Nucleoid-associated protein CBO0032/CLC_0052
WD repeat domain-containing protein 83
Tyrosine recombinase XerC-like
Maf-like protein BQ00020
Maf-like protein HNE_0002
Nucleoid-associated protein P9211_00201
Nucleoid-associated protein Syncc9902_0023
Nucleoid-associated protein SYNW0027
Nucleoid-associated protein Teth514_0034
Nucleoid-associated protein CLM_0038
Nucleoid-associated protein CPn_0039/CP_0736/CPj0039/CpB0043
Nucleoid-associated protein Dred_0043
Nucleoid-associated protein MYPU_0500
Nucleoid-associated protein CPF_0053
Nucleoid-associated protein CTC_00074
Maf-like protein GbCGDNIH1_1029
Nucleoid-associated protein Cvib_1034
Nucleoid-associated protein Rpic_1036
Maf-like protein GOX1038
Maf-like protein Nwi_0103
Nucleoid-associated protein HAPS_1040
Nucleoid-associated protein SPJ_1041
Nucleoid-associated protein syc1054_d
UPF0294 protein YPO1077/y3099/YP_2772
Maf-like protein BAV1115
Maf-like protein BQ11190
Maf-like protein DET1120
Nucleoid-associated protein Bcer98_0019
Nucleoid-associated protein BCE_0021
Nucleoid-associated protein Oant_0022
Nucleoid-associated protein BAA_0027
Nucleoid-associated protein BCQ_0027
Nucleoid-associated protein Syncc9605_0027
Nucleoid-associated protein BOV_0033
Nucleoid-associated protein BCAN_A0034
Nucleoid-associated protein BSUIS_A0035
Maf-like protein WP0036
Nucleoid-associated protein CLJ_B0037
Nucleoid-associated protein ABC0038
Nucleoid-associated protein CLB_0043
Nucleoid-associated protein RBE_0048
Nucleoid-associated protein UU088
Nucleoid-associated protein Atu0095
Nucleoid-associated protein Smlt1015
Maf-like protein cbdbA1046
Maf-like protein RSc1046
Nucleoid-associated protein VC_1055
Nucleoid-associated protein PD_1058
UPF0298 protein USA300HOU_1059
Maf-like protein Nmul_A1068
Nucleoid-associated protein PC1_1077
UPF0298 protein SAR1095
Nucleoid-associated protein SPP_1108
Nucleoid-associated protein BCI_0116
Maf-like protein Saro_0116
Nucleoid-associated protein SP70585_1174
Nucleoid-associated protein Cphamn1_1179
Maf-like protein PMT_1181
Nucleoid-associated protein Amuc_1227
Maf-like protein blr1259
Maf-like protein RC1266
Nucleoid-associated protein llmg_0128
Maf-like protein RF_1293
Nucleoid-associated protein Sama_1311
Maf-like protein P9215_13651
Nucleoid-associated protein THA_1374
Maf-like protein BH00020
Maf-like protein RL0002
Maf-like protein LEPBI_I0014
Nucleoid-associated protein BCE33L0020
Nucleoid-associated protein Pro_0020
Nucleoid-associated protein P9303_00241
Nucleoid-associated protein BAMEG_0027
Nucleoid-associated protein HPP12_0031
Nucleoid-associated protein HPG27_32
Nucleoid-associated protein BH0035
Nucleoid-associated protein HP_0035
Nucleoid-associated protein TTE0040
Nucleoid-associated protein Hac_0048
Nucleoid-associated protein APL_0075
Nucleoid-associated protein UUR10_0100
UPF0298 protein SAUSA300_1021
UPF0291 protein SE_1024
UPF0294 protein YpsIP31758_1050
Maf-like protein SG1054
Nucleoid-associated protein THEYE_A1069
UPF0291 protein CPR_1073
Nucleoid-associated protein SP_1102
Nucleoid-associated protein XfasM23_1122
Maf-like protein Mmar10_1131
Nucleoid-associated protein NGK_1136
Maf-like protein Nham_0113
Nucleoid-associated protein SPT_1149
Nucleoid-associated protein Ppha_1174
Nucleoid-associated protein SPCG_1178
Maf-like protein HPAG1_1182
Maf-like protein TTHA1188
Nucleoid-associated protein Cag_1190
Nucleoid-associated protein Xfasm12_1216
UPF0291 protein GWCH70_1239
Maf-like protein HP_1240
UPF0291 protein SAS1281
Maf-like protein DICTH_1299
Maf-like protein Athe_1300
Maf-like protein CHU_1308
UPF0291 protein Spy49_1309c
UPF0291 protein GK1331
UPF0291 protein SPJ_1373
Nucleoid-associated protein FTH_1374
Maf-like protein ACL_1383
Maf-like protein Dtur_1405
Nucleoid-associated protein DP1429
UPF0298 protein OB1449
Maf-like protein Sfri_1493
Maf-like protein CLD_1540
UPF0291 protein EF_1580
Maf-like protein Csal_1596
Nucleoid-associated protein MARTH_orf159
Nucleoid-associated protein Pput_1600
Nucleoid-associated protein MGAS10750_Spy1638
Nucleoid-associated protein Cj1642
Nucleoid-associated protein MGAS10270_Spy1647
Maf-like protein Mbar_A1652
Nucleoid-associated protein NMA1657
Nucleoid-associated protein Minf_1672
WD repeat-containing protein 26
Putative tyrosine recombinase XerC
Nucleoid-associated protein GTNG_0017
Nucleoid-associated protein CD630_00170
Nucleoid-associated protein GK0018
Nucleoid-associated protein P9301_00191
Nucleoid-associated protein A9601_00191
Nucleoid-associated protein GWCH70_0020
Nucleoid-associated protein PMT9312_0020
Nucleoid-associated protein BMEA_A0033
Maf-like protein ZMO0043
Nucleoid-associated protein CPR_0056
Nucleoid-associated protein APJL_0075
Nucleoid-associated protein RPD_0086
Nucleoid-associated protein XCC1002
UPF0298 protein MW1004
Maf-like protein BTH_I1009
Maf-like protein ZMO1013
Nucleoid-associated protein LACR_0106
UPF0298 protein LCA_1075
Maf-like protein TON_1078
Nucleoid-associated protein XAC1110
Nucleoid-associated protein GAU_1113
Maf-like protein SYNAS_11200
Maf-like protein XAC1120
Maf-like protein BPSL1159
Maf-like protein PMM1159
UPF0291 protein Clos_1191
Nucleoid-associated protein PSHAa1202
UPF0291 protein MW1228
UPF0291 protein LMOf2365_1322
Maf-like protein A9601_13361
Nucleoid-associated protein PMN2A_1347
Maf-like protein P9301_13511
UPF0291 protein Ldb1355
Nucleoid-associated protein NMCC_1355
UPF0291 protein LVIS_1359
Nucleoid-associated protein RF_1365
Maf-like protein Anae109_1366
UPF0291 protein SPG_1401
UPF0291 protein SPN23F14380
Nucleoid-associated protein Csal_1459
UPF0291 protein SPCG_1462
UPF0291 protein Aflv_1503
Nucleoid-associated protein Mlg_1509
Maf-like protein Ppha_1527
Maf-like protein Rxyl_1531
Nucleoid-associated protein TTHA1599
Nucleoid-associated protein SpyM3_1606
Maf-like protein BT_1676
Maf-like protein RD1_1686
UPF0291 protein SPy_1687/M5005_Spy1383
UPF0291 protein BPUM_1689
UPF0291 protein CTC_01690.1
UPF0291 protein BT9727_1737
Nucleoid-associated protein BamMC406_1737
Maf-like protein Clos_1767
Maf-like protein HD_1805
Maf-like protein GFO_1813
Nucleoid-associated protein IL1848
Maf-like protein NMB1909
Maf-like protein MM_1910
Nucleoid-associated protein ABSDF1914
Nucleoid-associated protein spyM18_1926
Nucleoid-associated protein Avin_19840
Nucleoid-associated protein PPA0205
Maf-like protein BAB1_2069
WD repeat-containing protein 87
Tyrosine recombinase XerC
Maf-like protein LIC_10016
Nucleoid-associated protein BcerKBAB4_0019
Nucleoid-associated protein P9215_00191
Nucleoid-associated protein BC_0025
Nucleoid-associated protein SynRCC307_0025
Nucleoid-associated protein BCAH187_A0027
Nucleoid-associated protein OB0030
Nucleoid-associated protein Tfu_0045
Nucleoid-associated protein Cphy_0047
Nucleoid-associated protein APP7_0075
Maf-like protein Cthe_0087
Nucleoid-associated protein spr1010
Maf-like protein XCC1013
Nucleoid-associated protein SPN23F10240
Maf-like protein AM1_1059
UPF0298 protein SAOUHSC_01072
Putative cystathionine beta-synthase MT1108
Nucleoid-associated protein Cla_0113
Maf-like protein CD630_11430
Nucleoid-associated protein FTN_1196
Nucleoid-associated protein Sca_0120
Nucleoid-associated protein LSL_1227
Maf-like protein CA_C1240
Nucleoid-associated protein Mflv_1287
Maf-like protein Mmcs_1292
Maf-like protein tlr1302
Maf-like protein syc1303_d
UPF0291 protein lmo1304
Nucleoid-associated protein RC1337
UPF0291 protein SAV1341
Nucleoid-associated protein SYO3AOP1_1366
Maf-like protein BURPS1710b_1378
UPF0298 protein BPUM_1393
UPF0298 protein LVIS_1401
UPF0291 protein MGAS2096_Spy1406
Maf-like protein FP1422
Maf-like protein JJD26997_1428
Nucleoid-associated protein NMB1444
Maf-like protein A2cp1_1450
UPF0291 protein SP_1473
UPF0291 protein SP70585_1515
Nucleoid-associated protein M28_Spy1568
Nucleoid-associated protein Lferr_1592
UPF0298 protein SAK_1599
Nucleoid-associated protein Ldb1634
Maf-like protein NE1642
Maf-like protein RB1703
Maf-like protein PPA1709
Maf-like protein aq_1718
Maf-like protein Noc_1720
Maf-like protein Rfer_1726
Nucleoid-associated protein PsycPRwf_1729
Nucleoid-associated protein Bcep1808_1753
Nucleoid-associated protein Bamb_1764
Nucleoid-associated protein ABO_1774
Maf-like protein NGO0180
Nucleoid-associated protein VFMJ11_1810
Maf-like protein PSHAa1813
Nucleoid-associated protein Bcen2424_1826
UPF0291 protein BC_1827
Nucleoid-associated protein Ccon26_18480
Maf-like protein Meso_0186
Maf-like protein BMA1890
Nucleoid-associated protein cu1912
Maf-like protein Wbm0192
Maf-like protein Jann_0197
Nucleoid-associated protein DR_0199
Nucleoid-associated protein CHAB381_0200
UPF0298 protein lwe2074
Nucleoid-associated protein ASA_2087
Nucleoid-associated protein Cthe_2143
Nucleoid-associated protein VP2178
Nucleoid-associated protein BQ02190
Nucleoid-associated protein BURPS668_2205
Nucleoid-associated protein AHA_2212
Maf-like protein RHOS4_22300
Nucleoid-associated protein RC1_2305
UPF0291 protein BH2353
Nucleoid-associated protein BLi00029/BL02358
UPF0298 protein ABC2380
Maf-like protein CLK_2388
Putative adenylate cyclase MJ0240
Maf-like protein BVU_2498
Maf-like protein R00002
Maf-like protein LBF_0016
Nucleoid-associated protein Exig_0019
Nucleoid-associated protein BCB4264_A0025
Nucleoid-associated protein Moth_0028
Nucleoid-associated protein BruAb1_0033
Nucleoid-associated protein BR0033/BS1330_I0033
Nucleoid-associated protein HPAG1_0033
Nucleoid-associated protein CPE0046
Nucleoid-associated protein CLI_0048
Nucleoid-associated protein PTH_0052
Nucleoid-associated protein CFF8240_0066
Nucleoid-associated protein UPA3_0088
Maf-like protein GOX1003
UPF0298 protein SAS1056
Nucleoid-associated protein MADE_1013280
Nucleoid-associated protein NT01EI_1109
Maf-like protein PCC7424_1128
Nucleoid-associated protein XCV1128
UPF0298 protein SACOL1131
Nucleoid-associated protein Athe_1143
Maf-like protein PBPRA1189
UPF0291 protein LACR_1198
Nucleoid-associated protein Fphi_0115
Maf-like protein Cpar_1237
Maf-like protein VV1269
Nucleoid-associated protein CA_C0126
UPF0291 protein LCA_1274
Nucleoid-associated protein MCA1327
Maf-like protein Cag_1393
Nucleoid-associated protein PMI0140
Nucleoid-associated protein FTL_1411
Maf-like protein Mlg_1427
Nucleoid-associated protein BB1439
UPF0291 protein SPs0396
Nucleoid-associated protein PEPE_1483
Maf-like protein RrIowa_1484
Nucleoid-associated protein FTA_1499
UPF0291 protein MGAS10270_Spy1502
Maf-like protein LPC_1522
Maf-like protein NIS_1525
Nucleoid-associated protein RoseRS_1534
UPF0298 protein SSU05_1549
Maf-like protein Tbd_1557
UPF0298 protein SAG1583
Maf-like protein YPO1593/y1751/YP_2261
Nucleoid-associated protein str1598
Nucleoid-associated protein SUB1611
Maf-like protein Swol_1643
Maf-like protein jk1664
UPF0298 protein SMU_1670c
Nucleoid-associated protein HPSH_00175
Nucleoid-associated protein PSPPH_1786
Maf-like protein PFL_1791
Nucleoid-associated protein Swoo_1794
Maf-like protein MSMEG_1811/MSMEI_1767
Nucleoid-associated protein Ccur92_18190
Nucleoid-associated protein SPy_1862/M5005_Spy1580
UPF0291 protein SSA_1878
UPF0291 protein BA_1897/GBAA_1897/BAS1759
Nucleoid-associated protein AFE_1920
Maf-like protein YPA_1932
Maf-like protein TGAM_1933
Nucleoid-associated protein Acid345_1974
Maf-like protein Daro_2011
Nucleoid-associated protein SO_2014
Nucleoid-associated protein EUBELI_02017
Nucleoid-associated protein Bxeno_A2072
UPF0298 protein Lm4b_02075
Nucleoid-associated protein Rmet_2128
Maf-like protein Patl_2128
UPF0291 protein ABC2165
Maf-like protein LSEI_2233
Maf-like protein Csal_2237
Nucleoid-associated protein Rcas_2292
Nucleoid-associated protein BMA10229_A0046
Nucleoid-associated protein Mmwyl1_2533
Maf-like protein Ccel_2565
Nucleoid-associated protein Dtur_0258
Nucleoid-associated protein DIP0260
Nucleoid-associated protein HCH_02614
Nucleoid-associated protein YPA_2615
UPF0294 protein ETA_26410
Nucleoid-associated protein LMOf2365_2683
Nucleoid-associated protein CC_0268
Maf-like protein ECA0270
UPF0291 protein SAG0271
Maf-like protein TM1040_2861
Nucleoid-associated protein CYB_2894
Maf-like protein BURPS1710b_2911
UPF0291 protein CLM_2971
Maf-like protein Mmar10_2975
Maf-like protein Atu0002
Maf-like protein CC_0002
Maf-like protein RHE_CH00002
Nucleoid-associated protein P9515_00191
Nucleoid-associated protein BALH_0020
Nucleoid-associated protein BA_0020/GBAA_0020/BAS0022
Nucleoid-associated protein PMM0020
Maf-like protein CPn_0022/CP_0754/CPj0022/CpB0026
Nucleoid-associated protein PMT_0025
Nucleoid-associated protein SynWH7803_0026
Nucleoid-associated protein BCA_0027
Nucleoid-associated protein BAB1_0030
Nucleoid-associated protein Bsph_0039
Nucleoid-associated protein LBL_0065
Nucleoid-associated protein HEAR1046
Maf-like protein Saro_1057
Maf-like protein ABO_1064
Nucleoid-associated protein Ctha_1157
Maf-like protein jhp_1161
Nucleoid-associated protein Cpha266_1171
Nucleoid-associated protein ECA1177
Maf-like protein Bxeno_A1178
Maf-like protein Plut_1179
Maf-like protein HPG27_1184
Nucleoid-associated protein RSc1192
UPF0298 protein SaurJH1_1203
Maf-like protein Pcar_1221
Maf-like protein CV_0124
Maf-like protein MMAR_1254
Maf-like protein Pro_1257
Maf-like protein PMT9312_1258
UPF0291 protein CPF_1260
Nucleoid-associated protein Plut_1285
Maf-like protein Mjls_1328
UPF0291 protein lin1342
Maf-like protein IL1346
Nucleoid-associated protein CbuG_1351
Nucleoid-associated protein CYA_1369
UPF0291 protein MGAS9429_Spy1381
Maf-like protein BH14130
UPF0291 protein MGAS10750_Spy1494
Maf-like protein XC_1506
Maf-like protein Mfla_1513
Maf-like protein GM21_1532
Nucleoid-associated protein PA1533
Nucleoid-associated protein BP1550
Maf-like protein TM_1556
UPF0298 protein SSU98_1559
Nucleoid-associated protein RrIowa_1562
Nucleoid-associated protein MGAS2096_Spy1605
Nucleoid-associated protein SPs0261
Nucleoid-associated protein CV_1611
Maf-like protein Psyr_1642
Maf-like protein BMEI1672
Maf-like protein Mvan_1674
Nucleoid-associated protein WS1681
Nucleoid-associated protein A1S_1684
Maf-like protein Bcen_1688
Maf-like protein BDI_0169
Maf-like protein SYNW1702
Nucleoid-associated protein SAG1747
Nucleoid-associated protein Bcenmc03_1850
Nucleoid-associated protein BceJ2315_18610
Maf-like protein Csac_1865
Maf-like protein PP_1909
Maf-like protein Sala_1915
UPF0291 protein CLD_1956
Nucleoid-associated protein SSU98_0195
Maf-like protein Bpro_1974
Maf-like protein MXAN_1986
UPF0291 protein CLK_1994
Maf-like protein lpl2014
Maf-like protein lpg2036
Nucleoid-associated protein CE0210
Maf-like protein Exig_2117
UPF0298 protein lp_2135
Maf-like protein Mbur_2269
UPF0294 protein VP2298
Maf-like protein BP2314
Nucleoid-associated protein ML2330
Maf-like protein TDE_2348
UPF0291 protein SA2360
Nucleoid-associated protein BURPS1710b_2372
Nucleoid-associated protein Sfri_2406
Maf-like protein LCABL_24150
Maf-like protein Shewmr7_2472
Maf-like protein BR0248/BS1330_I0249
Maf-like protein OTBS_0250
Maf-like protein Reut_A2528
Nucleoid-associated protein SACE_0254
UPF0291 protein CLB_2550
UPF0298 protein BH2594
UPF0291 protein gbs0261
Maf-like protein MUL_2634
UPF0291 protein CLI_2672
Nucleoid-associated protein lmo2703
Nucleoid-associated protein YPDSF_2758
Maf-like protein Rru_A2768
UPF0298 protein SPs1571
Maf-like protein Fjoh_2955
Maf-like protein BF3120
Maf-like protein Sde_3189
Nucleoid-associated protein CLH_3225
Maf-like protein CLJ_B3262
Maf-like protein CV_3420
UPF0291 protein BT9727_3443
Nucleoid-associated protein Bpet3552
Maf-like protein NE0356
UPF0298 protein SZO_03600
Maf-like protein Rru_A3614
Nucleoid-associated protein Adeh_3636
Nucleoid-associated protein PSPTO_3645
Nucleoid-associated protein PHZ_c0369
Nucleoid-associated protein plu3840
UPF0291 protein EF_0064
UPF0291 protein CPE1003
Nucleoid-associated protein SPG_1021
Nucleoid-associated protein FTM_1023
Nucleoid-associated protein YPTS_1036
Nucleoid-associated protein XOO1065
UPF0291 protein CD630_10710
Nucleoid-associated protein VSAL_I1086
UPF0298 protein GK1096
UPF0291 protein Exig_1097
UPF0298 protein SAHV_1113
UPF0298 protein SAV1122
Maf-like protein XF_1124
Nucleoid-associated protein Spro_1136
Nucleoid-associated protein SERP0115
UPF0291 protein SA1176
UPF0298 protein SaurJH9_1181
Maf-like protein HPP12_1206
Nucleoid-associated protein LL0120
Nucleoid-associated protein TT_C1235
Nucleoid-associated protein BARBAKC583_1239
Maf-like protein PM1268
UPF0291 protein LBA1279
UPF0291 protein SPD_1303
UPF0291 protein spr1327
UPF0291 protein M28_Spy1426
UPF0291 protein M6_Spy1431
Maf-like protein Daud_1468
UPF0291 protein SPP_1494
Nucleoid-associated protein MS1507
UPF0298 protein SpyM51529
Nucleoid-associated protein STER_1560
Nucleoid-associated protein MGAS9429_Spy1585
UPF0291 protein SPH_1589
Nucleoid-associated protein Shal_1591
Nucleoid-associated protein Csac_1593
Nucleoid-associated protein stu1598
Nucleoid-associated protein CbuK_1603
UPF0298 protein Sez_1612
UPF0298 protein gbs1633
Maf-like protein PSPPH_1636
Maf-like protein Tery_0163
UPF0291 protein Bsph_1689
UPF0291 protein spyM18_1699
Nucleoid-associated protein Sputw3181_1707
Maf-like protein DP1711
Maf-like protein PYRAB17160
UPF0291 protein RBAM_017680
Maf-like protein ECA1791
Nucleoid-associated protein Bmul_1447/BMULJ_01796
Nucleoid-associated protein XF_1808
Nucleoid-associated protein Bphyt_1827
Nucleoid-associated protein slr1847
Nucleoid-associated protein MXAN_1931
Maf-like protein Cphy_1933
Nucleoid-associated protein RALTA_A1934
Nucleoid-associated protein ABAYE1967
Nucleoid-associated protein VV1_2004
Nucleoid-associated protein jk2011
Maf-like protein lpp2019
Maf-like protein BMEI2059
Nucleoid-associated protein PM0205
Maf-like protein VP2060
Maf-like protein RER_21290
Maf-like protein Teth514_2136
Maf-like protein Tmel_0214
Maf-like protein NGO2175
Maf-like protein Amet_2288
Nucleoid-associated protein Sputcn32_2301
Nucleoid-associated protein BH02310
Nucleoid-associated protein Sden_2380
Nucleoid-associated protein MAE_23910
Maf-like protein Shewmr4_2402
Maf-like protein Rmet_2434
Maf-like protein Tbd_2438
Nucleoid-associated protein Cgl0243/cg0297
Maf-like protein BPSL2446
UPF0291 protein MW2494
Nucleoid-associated protein SH2533
Nucleoid-associated protein PCC8801_2554
Nucleoid-associated protein Fjoh_2555
Nucleoid-associated protein lwe2654
Nucleoid-associated protein Lm4b_02677
Nucleoid-associated protein CKO_02678
Maf-like protein Gbem_2708
Maf-like protein BruAb1_0276
Maf-like protein XAC2771
Maf-like protein Nwi_0277
Nucleoid-associated protein EF_2780
Nucleoid-associated protein LMHCC_2831
Nucleoid-associated protein Clos_2855
Nucleoid-associated protein YpAngola_A2890
Maf-like protein LBL_2976
Maf-like protein CBO3004/CLC_2901
Maf-like protein LBJ_3012
Maf-like protein VV1_3015
Nucleoid-associated protein LPC_3038
Maf-like protein CLI_3058
Nucleoid-associated protein YpsIP31758_3058
Maf-like protein XOO3131
Maf-like protein EF_3165
Nucleoid-associated protein CLK_3166
Nucleoid-associated protein XC_3243
Nucleoid-associated protein SSA_0326
Maf-like protein MT3381
Maf-like protein EUBREC_3290
Nucleoid-associated protein HH_0332
Maf-like protein Sden_3331
Nucleoid-associated protein LIC_13475
Maf-like protein YPO3668/y0197/YP_3878
UPF0298 protein BT9727_3675
Nucleoid-associated protein Nwi_0368
Maf-like protein STH370
Maf-like protein VF_0375
Nucleoid-associated protein BCG_3776c
UPF0298 protein BCE_3979
UPF0291 protein EAT1b_0405
UPF0298 protein BA_4142/GBAA_4142/BAS3844
Nucleoid-associated protein SAB0428
Nucleoid-associated protein LA_4332
Nucleoid-associated protein NE0434
Nucleoid-associated protein NWMN_0443
Nucleoid-associated protein SAR0478
Maf-like protein RAF_ORF1157
Nucleoid-associated protein SPH_1195
Maf-like protein DR_1206
Maf-like protein TRQ2_1219
Nucleoid-associated protein BPP1222
Nucleoid-associated protein RAF_ORF1224
Maf-like protein Tpet_1236
UPF0291 protein LBUL_1264
Maf-like protein Dgeo_1267
Nucleoid-associated protein HS_1309
Maf-like protein Mkms_1309
UPF0291 protein SAR1351
Maf-like protein AnaeK_1353
Maf-like protein HNE_1355
Nucleoid-associated protein BMA1360
UPF0291 protein SACOL1376
Nucleoid-associated protein NMC1380
Nucleoid-associated protein ckrop_0143
Maf-like protein RBE_0143
Maf-like protein VV1_1452
UPF0291 protein SZO_14990
Nucleoid-associated protein LBUL_1514
Nucleoid-associated protein M6_Spy1591
Maf-like protein Syncc9902_1594
Maf-like protein SynWH7803_1656
Nucleoid-associated protein SZO_16661
UPF0291 protein OB1671
UPF0291 protein BCE33L1708
Nucleoid-associated protein EAT1b_1710
Nucleoid-associated protein ACICU_01718
Maf-like protein VF_1746
Nucleoid-associated protein ABBFA_001813
UPF0298 protein SEQ_1830
Maf-like protein BB1865
Maf-like protein Patl_0186
Nucleoid-associated protein CTN_1899
Nucleoid-associated protein BMEI1909
Nucleoid-associated protein SSU05_0194
Nucleoid-associated protein Lcho_1975
Nucleoid-associated protein Reut_A2111
Maf-like protein Mfla_2113
Maf-like protein HCH_02139
Maf-like protein CPE2145
Maf-like protein RSc2196
Nucleoid-associated protein Teth39_2199
Maf-like protein BAV2213
Nucleoid-associated protein SUN_2278
Nucleoid-associated protein mma_2329
Maf-like protein CC_2342
Maf-like protein Acid345_0240
Nucleoid-associated protein VV2410
Maf-like protein BP2447
Nucleoid-associated protein Tpet_0244
UPF0298 protein EF_2453
UPF0291 protein SAS2460
Maf-like protein Adeh_2502
UPF0294 protein VV2535
Nucleoid-associated protein NIS_0256
UPF0298 protein Bcer98_2635
Maf-like protein MXAN_2642
UPF0291 protein SAR2654
Nucleoid-associated protein lpp2803
UPF0291 protein CLJ_B2839
Maf-like protein RHOS4_28460
Nucleoid-associated protein lin2851
Nucleoid-associated protein BAbS19_I00290
Nucleoid-associated protein Sez_0297
Maf-like protein CLB_3029
Maf-like protein CAB310
Nucleoid-associated protein YPO3121/y1061/YP_0808
Maf-like protein CCA_00314
Nucleoid-associated protein cgR_0315
UPF0294 protein VIBHAR_03217
UPF0298 protein MGAS10270_Spy0325
Nucleoid-associated protein EUBREC_0329
UPF0298 protein MGAS9429_Spy0329
UPF0291 protein BBR47_33060
Nucleoid-associated protein CCA_00330
Maf-like protein BCG_3311
Maf-like protein Bxeno_A3340
Maf-like protein CHY_0340
Maf-like protein SAR11_0342
Maf-like protein Shewmr4_3469
UPF0298 protein M6_Spy0355
Nucleoid-associated protein LGAS_0369
UPF0298 protein SPy_0397/M5005_Spy0329
Nucleoid-associated protein amb4104
Maf-like protein PD_0415
Maf-like protein Pfl01_4162
Nucleoid-associated protein LJ_0424
Maf-like protein RPD_0425
Nucleoid-associated protein SA0437
Maf-like protein RPA4527
Nucleoid-associated protein SAUSA300_0453
Nucleoid-associated protein Nham_0463
Maf-like protein Bd0469
Nucleoid-associated protein alr5067
UPF0298 protein LMHCC_0506
Nucleoid-associated protein Caur_0522
Maf-like protein A1E_05240
Maf-like protein Atu0533
Maf-like protein CJJ81176_0535
Maf-like protein Moth_0535
Maf-like protein Bcep18194_A5627
UPF0291 protein SGO_0570
Maf-like protein AMF_588
Nucleoid-associated protein Neut_0591
Maf-like protein R00615
Nucleoid-associated protein RPA0616
Nucleoid-associated protein Rpal_0620
Maf-like protein Dde_0640
Maf-like protein mll6452
Nucleoid-associated protein CBUD_0666
Nucleoid-associated protein SG0690
Maf-like protein Teth39_1454
UPF0291 protein SpyM3_1470
UPF0291 protein llmg_1475
UPF0298 protein RBAM_014860
Nucleoid-associated protein BPSL1499
UPF0291 protein LJ_1507
Maf-like protein Tcr_1507
Nucleoid-associated protein Spea_1509
Maf-like protein NATL1_16091
Nucleoid-associated protein Maqu_1612
Maf-like protein Sde_1624
Maf-like protein NT01CX_1686
Maf-like protein BTH_I1713
Nucleoid-associated protein swp_1717
Maf-like protein Daro_0172
UPF0298 protein SSA_1730
Nucleoid-associated protein PSEEN1789
Nucleoid-associated protein PFL_1905
Nucleoid-associated protein AB57_1909
Maf-like protein ACIAD1930
Nucleoid-associated protein MCCL_1934
Nucleoid-associated protein Acry_1999
Maf-like protein YPN_2036
Maf-like protein BruAb1_2043
UPF0298 protein lmo2054
UPF0291 protein lp_2062
Maf-like protein PF0216
Nucleoid-associated protein Tola_2216
Nucleoid-associated protein PCC7424_2224
Nucleoid-associated protein Hhal_0231
Nucleoid-associated protein R00231
UPF0291 protein TTE2340
Maf-like protein BPP2416
Maf-like protein MAE_24240
Maf-like protein Bd2448
Maf-like protein PCC8801_2532
Maf-like protein Dred_2550
UPF0291 protein SAV2573
Nucleoid-associated protein Noc_2594
UPF0291 protein CBO2609/CLC_2481
Nucleoid-associated protein GbCGDNIH1_0260
Nucleoid-associated protein Pmen_2646
Nucleoid-associated protein SpyM50270
Nucleoid-associated protein Sfum_2790
Nucleoid-associated protein ESA_02800
Maf-like protein Sala_2841
Maf-like protein Jann_2870
Nucleoid-associated protein VIBHAR_03086
Nucleoid-associated protein MAP_0317c
Nucleoid-associated protein MAB_0319
Nucleoid-associated protein Cagg_3200
UPF0298 protein MGAS10750_Spy0325
Nucleoid-associated protein HD_0326
Maf-like protein XOO3316
Nucleoid-associated protein SGR_3378
Maf-like protein YPN_3503
Nucleoid-associated protein PputW619_3586
Nucleoid-associated protein A2cp1_3777
Maf-like protein IL0384
Nucleoid-associated protein RER_03900
Nucleoid-associated protein KPK_4227
Maf-like protein Bcep18194_A4229
Maf-like protein PSPTO_4469
UPF0298 protein spyM18_0447
Nucleoid-associated protein Npun_F0448
Maf-like protein THA_448
Maf-like protein WRi_004530
Nucleoid-associated protein PFLU_4577
Maf-like protein Lxx04750
Maf-like protein SCO4923
UPF0291 protein lin0497
Maf-like protein Erum5100/ERWE_CDS_05350
Nucleoid-associated protein SACOL0521
Maf-like protein CLH_0546
Maf-like protein Npun_F5518
Maf-like protein NMB0598
Maf-like protein HPSH_06415
Maf-like protein DIP0654
Nucleoid-associated protein A1C_06705
UPF0298 protein SPN23F06710
Nucleoid-associated protein TM_0687
UPF0298 protein SPCG_0698
Maf-like protein Tcr_0706
Nucleoid-associated protein OCAR_7544/OCA5_c05960
UPF0298 protein SPT_0762
Maf-like protein PMN2A_0769
Nucleoid-associated protein COXBURSA331_A0772
Nucleoid-associated protein CLD_0785
Nucleoid-associated protein Pcryo_0799
Maf-like protein NMA0802
UPF0291 protein Teth514_0818
Nucleoid-associated protein Smal_0858
Nucleoid-associated protein Clim_0875
Maf-like protein BBta_0900
Nucleoid-associated protein VF_1686
Nucleoid-associated protein Sbal223_1770
Nucleoid-associated protein SAK_1770
Nucleoid-associated protein gbs1791
Nucleoid-associated protein GFO_1796
UPF0291 protein Nther_1806
Nucleoid-associated protein Pfl01_1806
Nucleoid-associated protein Psyr_1826
UPF0294 protein VV1_1880
Maf-like protein PH1941
UPF0291 protein BCE_1981
Nucleoid-associated protein DICTH_1981
Maf-like protein MCA2007
UPF0291 protein BLi02035/BL02933
Maf-like protein BR2068/BS1330_I2062
Maf-like protein CTC_02076
UPF0298 protein LMOf2365_2085
Maf-like protein Synpcc7942_0209
UPF0294 protein VCM66_2161
UPF0294 protein VC_2238
Nucleoid-associated protein BURPS1106A_2243
Nucleoid-associated protein SSP2277
Maf-like protein Sden_2299
Nucleoid-associated protein SE_2306
Nucleoid-associated protein Ava_2322
UPF0291 protein Bcer98_2342
Nucleoid-associated protein Ccel_0243
Nucleoid-associated protein LCABL_24440
Maf-like protein YPTB2477
Nucleoid-associated protein Mpe_A2533
Nucleoid-associated protein Bind_0255
Nucleoid-associated protein BT_0257
Maf-like protein Noc_2658
Nucleoid-associated protein lpl2672
UPF0291 protein CA_C2726
Nucleoid-associated protein Msil_0275
Maf-like protein plu2839
Nucleoid-associated protein Ssed_2851
Nucleoid-associated protein NFA_2940
Maf-like protein RPC_0295
UPF0298 protein Spy49_0325
Maf-like protein PBPRA3267
Maf-like protein BF3281
Maf-like protein Mb3310
Maf-like protein BPP3311
Maf-like protein WD_0333
Maf-like protein CLM_3400
Maf-like protein MAP_3401
Nucleoid-associated protein CLL_A3446
Maf-like protein CYA_0360
Nucleoid-associated protein SCO3619
Nucleoid-associated protein MT3819
Nucleoid-associated protein HNE_0371
Maf-like protein MCA0378
UPF0298 protein BC_3932
UPF0298 protein LACR_0404
Maf-like protein Pcar_0404
Maf-like protein SPOA0078
Maf-like protein Psyr_4160
Maf-like protein RPC_4414
Nucleoid-associated protein KPN78578_04440
Nucleoid-associated protein PA14_44620
Maf-like protein mlr4491
Nucleoid-associated protein Caul_4574
Maf-like protein C8J_0471
Nucleoid-associated protein USA300HOU_0478
Nucleoid-associated protein BU482
Maf-like protein Shewmr7_0482
UPF0291 protein Sez_0489
Nucleoid-associated protein Mmcs_4904
Nucleoid-associated protein Mkms_4993
UPF0291 protein stu0508
Nucleoid-associated protein FMG_0513
Maf-like protein Ecaj_0518
Maf-like protein HCH_05331
Maf-like protein ABO_0533
Nucleoid-associated protein PERMA_0533
Nucleoid-associated protein Tmel_0542
UPF0291 protein SEQ_0545
Maf-like protein NMA0546
Nucleoid-associated protein mlr5504
Nucleoid-associated protein Mvan_5528
Maf-like protein cauri_0560
Nucleoid-associated protein CTL0589
Maf-like protein Emin_0602
Nucleoid-associated protein TC_0612
Nucleoid-associated protein AZOSEA06390
Nucleoid-associated protein Pnuc_0701
Maf-like protein A1I_07195
Nucleoid-associated protein tlr0723
Nucleoid-associated protein MMOB0740
Maf-like protein SRU_0763
Maf-like protein Cvib_0777
UPF0291 protein SPT_0802
Maf-like protein RP815
Maf-like protein TT_C0825
Maf-like protein Strop_0851
Maf-like protein NSE_0881
Maf-like protein PFL_0899
Nucleoid-associated protein VS_0917
Maf-like protein PP_0936
Nucleoid-associated protein XOO0965
UPF0294 protein YafD
Maf-like protein CPR_2112
Maf-like protein trd_0215
UPF0298 protein lin2160
Nucleoid-associated protein BTH_I2220
Nucleoid-associated protein Shew_2234
Maf-like protein AZOSEA22460
Maf-like protein Reut_A2269
Nucleoid-associated protein Ping_2276
Maf-like protein CPS_2292
Nucleoid-associated protein MLBr02330
Maf-like protein CPF_2400
Nucleoid-associated protein ETA_24730
UPF0291 protein SACOL2589
Maf-like protein PSHAa2679
Maf-like protein BAB1_0281
Maf-like protein XCV2928
Maf-like protein PA2972
Maf-like protein RPA0299
UPF0294 protein VC0395_A1830/VC395_2354
Maf-like protein all3075
Maf-like protein AZOSEA30990
Nucleoid-associated protein Noca_0318
UPF0298 protein M28_Spy0318
Maf-like protein XC_3232
Nucleoid-associated protein CAB326
Nucleoid-associated protein CT_335
Maf-like protein LCA_0364
Nucleoid-associated protein SEQ_0368
UPF0298 protein BCE33L3692
UPF0298 protein BcerKBAB4_3759
Maf-like protein BB3762
Nucleoid-associated protein LBA0378
Nucleoid-associated protein PputGB1_3833
UPF0291 protein SpyM50407
Maf-like protein VC_0418
Nucleoid-associated protein Abu_0429
UPF0298 protein SUB0431
Maf-like protein RPB_4346
Nucleoid-associated protein MW0434
Nucleoid-associated protein SAS0436
Nucleoid-associated protein HI_0442
Nucleoid-associated protein BUAP5A_475
Nucleoid-associated protein BUAPTUC7_476
Nucleoid-associated protein pc0477
Nucleoid-associated protein RPC_4847
Maf-like protein Cyan7425_4892
Nucleoid-associated protein ACP_0492
Nucleoid-associated protein Bcep18194_A5127
Nucleoid-associated protein SaurJH1_0513
Nucleoid-associated protein CGSHiGG_05435
Nucleoid-associated protein A1E_05550
Maf-like protein CLL_A0561
Maf-like protein CTL0603
Maf-like protein CJE0614
Nucleoid-associated protein Bcen_6253
Maf-like protein TC_0628
Maf-like protein RHA1_ro06290
Nucleoid-associated protein CBU_0656
Maf-like protein PG_0657
UPF0298 protein spr0657
Nucleoid-associated protein RPB_0667
Maf-like protein PGN_0695
Maf-like protein LI0702
UPF0298 protein SERP0712
Maf-like protein CE0735
Maf-like protein MA_0748
Maf-like protein Syncc9605_0768
Maf-like protein AM793
Nucleoid-associated protein Daro_0807
Maf-like protein PTH_0815
Maf-like protein ACIAD0829
UPF0298 protein SPH_0849
UPF0291 protein PEPE_0871
Maf-like protein Gmet_0895
Maf-like protein sync_0895
Maf-like protein TTE0896
UPF0291 protein SERP0911
UPF0294 protein YE0917
Nucleoid-associated protein YPN_0967
UPF0298 protein SA0970
UPF0298 protein NWMN_0985
Nucleoid-associated protein YbaB
Maf-like protein XCC2610
Maf-like protein VP2688
Nucleoid-associated protein CCNA_00269
Maf-like protein glr2715
Nucleoid-associated protein lpg2755
UPF0298 protein SpyM3_0288
Maf-like protein Nham_0292
Maf-like protein VV2931
UPF0298 protein BLi01717/BL02989
Nucleoid-associated protein LBJ_3002
Nucleoid-associated protein HSM_0308
Nucleoid-associated protein YE3092
Maf-like protein DSY3181
Nucleoid-associated protein YPK_3197
UPF0291 protein Teth39_0326
Maf-like protein SAV_3335
Maf-like protein amb3338
UPF0291 protein BCE33L3394
Nucleoid-associated protein GDI3467/Gdia_2910
Nucleoid-associated protein Rru_A3472
Maf-like protein CT_349
Maf-like protein YPTB3562
Nucleoid-associated protein CTA_0363
Maf-like protein Nmul_A0363
Nucleoid-associated protein BMASAVP1_A1850
Nucleoid-associated protein AnaeK_3694
Maf-like protein Sfri_3735
Nucleoid-associated protein CPS_3743
Nucleoid-associated protein MRA_3753
Nucleoid-associated protein Anae109_3761
Nucleoid-associated protein CKL_3826
Maf-like protein PSPTO_3837
Maf-like protein SPO3892
Nucleoid-associated protein SMU_394c
Maf-like protein APH_0396
Maf-like protein Mlg_0408
Nucleoid-associated protein RHA1_ro04210
Nucleoid-associated protein bbp_426
Nucleoid-associated protein Mmar10_0436
Nucleoid-associated protein SAOUHSC_00444
Maf-like protein PA4478
Maf-like protein amb4548
Maf-like protein Mflv_4776
Maf-like protein Pcryo_0481
Maf-like protein Cbei_0489
Maf-like protein ERGA_CDS_05250
Nucleoid-associated protein BCG9842_B5293
Maf-like protein Amuc_0586
Nucleoid-associated protein MYCGA6000
Nucleoid-associated protein GOX0603
Maf-like protein RL0617
UPF0298 protein SPG_0679
Nucleoid-associated protein lp_0699
Maf-like protein RT0803
Nucleoid-associated protein FTT_0810c
Maf-like protein DehaBAV1_0949
Nucleoid-associated protein Ent638_0951
Nucleoid-associated protein YaaK
Carboxylesterase YbfK
UPF0098 protein YbhB
Maf-like protein YceF 1
Maf-like protein YceF 2
Maf-like protein JTY_3307
Maf-like protein MRA_3323
Nucleoid-associated protein xcc-b100_3358
UPF0291 protein SAK_0343
Maf-like protein Meso_3479
Nucleoid-associated protein glr3498
Maf-like protein TM1040_3556
Nucleoid-associated protein BMA10247_1122
Maf-like protein Bpro_3654
Maf-like protein YPA_3681
Maf-like protein Gura_3686
UPF0291 protein BC_3688
UPF0291 protein BCE_3725
Nucleoid-associated protein Mb3743c
UPF0291 protein BA_3752/GBAA_3752/BAS3478
Nucleoid-associated protein JTY_3778
Maf-like protein CTA_0378
Nucleoid-associated protein PLES_37951
Maf-like protein RPB_0396
Maf-like protein plu4068
Maf-like protein XfasM23_0408
Nucleoid-associated protein PP_4268
Maf-like protein RD1_0437
UPF0291 protein SMU_447
Maf-like protein CPS_4557
Nucleoid-associated protein SAV0479
Nucleoid-associated protein RPE_4812
UPF0291 protein lmo0496
Nucleoid-associated protein SaurJH9_0500
Maf-like protein ECH_0512
Maf-like protein RPR_05215
UPF0291 protein LMOf2365_0526
Nucleoid-associated protein Chy400_0558
Maf-like protein RHE_CH00585
Maf-like protein CTLon_0601
Maf-like protein pc0610
Maf-like protein ROP_63540
Maf-like protein Bcen_0637
Nucleoid-associated protein A1I_00660
Nucleoid-associated protein CF0672
Maf-like protein A1G_06950
UPF0294 protein plu0699
Nucleoid-associated protein BCc_301
Maf-like protein CYB_0709
Nucleoid-associated protein BRADO0764
Nucleoid-associated protein Psyc_0793
UPF0298 protein SP70585_0793
Nucleoid-associated protein CT0805
UPF0298 protein SE_0821
Maf-like protein Ava_0836
Nucleoid-associated protein BAV0915
Maf-like protein TK0954
Nucleoid-associated protein YPTB0993
Nucleoid-associated protein lhv_0401
Nucleoid-associated protein ROP_41370
Maf-like protein PSPPH_4169
Maf-like protein RPD_4276
UPF0294 protein KPK_4510
Nucleoid-associated protein SAV_4556
Nucleoid-associated protein Synpcc7942_0464
Nucleoid-associated protein BUsg_467
Nucleoid-associated protein SAHV_0476
Nucleoid-associated protein Amet_4780
Maf-like protein Psyc_0486
Maf-like protein BMA0526
Nucleoid-associated protein Mjls_5272
Maf-like protein DVU_0527
Nucleoid-associated protein FTW_0607
Maf-like protein blr0638
UPF0298 protein SPD_0651
Maf-like protein ML0729
Nucleoid-associated protein A1G_07310
Nucleoid-associated protein BBta_7345
UPF0294 protein Ent638_0743
Nucleoid-associated protein CGSHiEE_00780
Maf-like protein XOO0800
Nucleoid-associated protein MYPE8070
Maf-like protein cgR_0825
Nucleoid-associated protein Cpar_0834
Maf-like protein CKL_0864
Nucleoid-associated protein Cyan7425_0899
Maf-like protein sll0905
Nucleoid-associated protein Bphy_0952
UPF0298 protein GTNG_0961
UPF0291 protein EUBELI_00985
UPF0291 protein MCCL_0996
Nucleoid-associated protein Asuc_0997
Maf-like protein YhdE
Maf-like protein Cj0507
UPF0291 protein str0508
Nucleoid-associated protein CTLon_0586
Maf-like protein A1C_06305
Nucleoid-associated protein Pnec_0645
Maf-like protein SACE_6507
UPF0298 protein SPJ_0686
Maf-like protein CF0689
Maf-like protein MLBr00729
Maf-like protein Smar_0734
Nucleoid-associated protein NGO0742
Maf-like protein FN0759
Nucleoid-associated protein FTF0810c
Nucleoid-associated protein NT01CX_0824
Maf-like protein P9303_08381
Maf-like protein Pfl01_0841
Nucleoid-associated protein RT0857
Maf-like protein XOO0876
Maf-like protein CT0974
UPF0298 protein SAB0986
Nucleoid-associated protein SPD_0987
Nucleoid-associated protein Tlet_0999
Pirin-like protein YhaK
Maf-like protein Cgl0705/cg0809
UPF0298 protein SP_0748
Nucleoid-associated protein RPR_07555
UPF0298 protein SPP_0758
Maf-like protein CKR_0777
Maf-like protein Rmet_0779
Nucleoid-associated protein RP866
Maf-like protein NFA_9920
UPF0298 protein GWCH70_0997
UPF0300 protein C737.04
Putative ATP-dependent DNA helicase YjcD
YAP1-binding protein 1
UPF0357 protein C1687.07
Transposon Ty2-GR1 Gag polyprotein
UPF0298 protein YdgE
Nucleoid-associated protein WIGBR5260
Transposon Ty1-LR1 Gag polyprotein
Dilute domain-containing protein C25B8.08
UPF0291 protein YlaC
Chaperone protein YscY
Putative acetyltransferase YjbC
Maf-like protein YOR111W
Protein PBDC1 homolog
Cell division protein ZapA
Cell division protein ZapB
Cell division protein ZapC
Cell division protein ZapD
PH domain-containing protein YHR131C
UPF0321 protein PJ695.01c
UPF0612 protein P20C8.01c
UPF0291 protein YnzC
COBW domain-containing protein C15D4.05
Smr domain-containing protein YPL199C
Putative reductase 1
Probable acetyl-CoA acetyltransferase
Nucleoid-associated protein bll8115
KH domain-containing protein YLL032C
Transposon Ty2-LR2 Gag polyprotein
UPF0298 protein YlbG
UPF0659 protein YMR090W
SPBc2 prophage-derived uncharacterized protein YotM
Cell division protein ZapE
Zinc-regulated protein 8
Putative ribonuclease inhibitor YrdF
Gamma-glutamylcyclotransferase family protein ytfP
ZAR1-like protein
