Pre-mRNA-splicing factor BRR1
Pre-mRNA-splicing factor cwf4
Pre-mRNA-splicing factor clf1
Crooked neck-like protein 1
Protein crooked neck
Cold sensitive U2 snRNA suppressor 1
Spliceosomal protein DIB1
Mitosis protein dim1
U2 snRNP component IST3
U2 snRNP component ist3
Pre-mRNA-splicing factor RDS3
Pre-mRNA-splicing factor RSE1
Pre-mRNA-splicing factor rse1
Pre-mRNA-splicing factor prp12
Pre-mRNA-splicing factor sap145
U2 snRNP component prp10
Splicing factor 3B subunit 1
U2 snRNP component HSH155
Survival of motor neuron-related-splicing factor 30
SRSF protein kinase 2
Transformer-2 sex-determining protein
Thioredoxin-like protein 4B
Female-specific protein transformer
Thioredoxin-like protein 4A homolog
U2 small nuclear ribonucleoprotein auxiliary factor 35 kDa subunit-related protein 2
Thioredoxin-like protein 4A
Thioredoxin-like protein YLS8
RDS3 complex subunit 10
