Transposon Tn552 resolvase
Transposon Tn552 DNA-invertase BinR
Putative DNA recombinase
Serine recombinase gin
DNA-invertase
DNA-invertase hin
Resolvase
Putative DNA-invertase from lambdoid prophage Qin
DNA-invertase from lambdoid prophage e14
Putative DNA-invertase from prophage CP4-44
Putative DNA-invertase from lambdoid prophage Rac
DNA repair protein RAD51 homolog 2
R46 site-specific recombinase
Transposon gamma-delta resolvase
Transposon Tn501 resolvase
Transposon Tn917 resolvase
Resolvase/recombinase
Transposon Tn3 resolvase
Transposon Tn1546 resolvase
Transposons Tn4653 resolvase
Transposon Tn2501 resolvase
Transposons Tn1721 resolvase
Transposon Tn21 resolvase
Transposon Tn1331 resolvase
Protein uvp1
Probable DNA-invertase y4cG
Putative resolvase L103
Resolvase homolog YefC
Resolvase homolog YneB
Resolvase homolog YokA
