Truncated 3-beta hydroxy-5-ene steroid dehydrogenase homolog
3 beta-hydroxysteroid dehydrogenase type 4
3 beta-hydroxysteroid dehydrogenase type 7
3-oxosteroid 1-dehydrogenase
3 beta-hydroxysteroid dehydrogenase type 3
3 beta-hydroxysteroid dehydrogenase type 5
Adrenodoxin, mitochondrial
NADPH:adrenodoxin oxidoreductase, mitochondrial
Botryococcene C-methyltransferase
Cytochrome P450 11B1, mitochondrial
Cycloartenol synthase
Cytochrome P450 11B, mitochondrial
Steroid 21-hydroxylase
Cholesterol side-chain cleavage enzyme, mitochondrial
Steroid 17-alpha-hydroxylase/17,20 lyase
Short-chain dehydrogenase/reductase family 42E member 1
Putative short-chain dehydrogenase/reductase family 42E member 2
Estradiol 17-beta-dehydrogenase 11
3-keto-steroid reductase
Lanosterol synthase
Squalene synthase
NADPH-dependent methylglyoxal reductase GRE2
11-beta-hydroxysteroid dehydrogenase-like 4B
Histidine triad nucleotide-binding protein 2, mitochondrial
Flavin-dependent monooxygenase, oxygenase subunit HsaA
Flavin-dependent monooxygenase, reductase subunit HsaB
4,5:9,10-diseco-3-hydroxy-5,9,17-trioxoandrosta-1(10),2-diene-4-oate hydrolase
11-beta-hydroxysteroid dehydrogenase-like 4A
11-beta-hydroxysteroid dehydrogenase 1A
11-beta-hydroxysteroid dehydrogenase-like 5
11-beta-hydroxysteroid dehydrogenase-like 2
Hydroxysteroid dehydrogenase-like protein 1
11-beta-hydroxysteroid dehydrogenase-like 3
11-beta-hydroxysteroid dehydrogenase 1B
11-beta-hydroxysteroid dehydrogenase-like 6
3-ketosteroid-9-alpha-hydroxylase reductase subunit
3-ketosteroid-9-alpha-monooxygenase oxygenase subunit
Very-long-chain 3-oxooacyl-coA reductase let-767
Protostadienol synthase A
Prolactin receptor
Sterol methyltransferase-like 2
Squalene methyltransferase 2
Sterol methyltransferase-like 1
Sterol methyltransferase-like 3
StAR-related lipid transfer protein 3
Steroidogenic acute regulatory protein, mitochondrial
Squalene methyltransferase 1
Putative steroid dehydrogenase 1
Putative steroid dehydrogenase 4
Putative steroid dehydrogenase 2
Putative steroid dehydrogenase 3
Putative peripheral benzodiazepine receptor-related protein
Translocator protein
KsdD-like steroid dehydrogenase Rv0785
KsdD-like steroid dehydrogenase MT0809
