Fibrillin-1
Atrial natriuretic peptide receptor 3
Cadherin-11
Chordin
C-type lectin domain family 3 member A
Collagen alpha-2(IX) chain
Chemokine-like receptor 1
Collagen alpha-1(XII) chain
Collagen alpha-1(X) chain
Collagen alpha-1(XIX) chain
Cartilage oligomeric matrix protein
Collagen alpha-1(XXVII) chain A
Collagen alpha-1(XXVII) chain B
Versican core protein
Delta-like protein 3
Dentin sialophosphoprotein
Exostosin-like 1
Extracellular serine/threonine protein kinase FAM20C
Alpha-2-HS-glycoprotein
Fibroblast growth factor receptor 3
Follistatin
Beta-hexosaminidase subunit alpha
Putative inactive beta-glucuronidase-like protein SMA3
Hyaluronan and proteoglycan link protein 4
Beta-hexosaminidase subunit beta
Hyaluronan and proteoglycan link protein 1
Hyaluronan and proteoglycan link protein 2
Hyaluronan and proteoglycan link protein 3
Inositol monophosphatase 3
Leukocyte cell-derived chemotaxin 1
Leukocyte cell-derived chemotaxin-2
Matrilin-3
Matrix extracellular phosphoglycoprotein
Neurocan core protein
Noggin-2
Ovocleidin-116
Prostaglandin E2 receptor EP2 subtype
Aggrecan core protein
Extracellular tyrosine-protein kinase PKDCC
Alkaline phosphatase, tissue-nonspecific isozyme
Lysosomal acid phosphatase
Parathyroid hormone/parathyroid hormone-related peptide receptor
Ras association domain-containing protein 2
Stress-associated endoplasmic reticulum protein 1
Short stature homeobox protein 2
Secreted phosphoprotein 24
Tetranectin
WAP, Kazal, immunoglobulin, Kunitz and NTR domain-containing protein 1
