Antidiuretic factor A
Abdominal ganglion neuropeptides L5-67
Adipokinetic prohormone type 1
Adipokinetic prohormone type 3
Adipokinetic hormone
Adipokinetic prohormone type 2
Carcinustatin-10
Cydiastatin-1
Allatostatin-1
Cydiastatin-6
Allatostatin-A3
Allatostatin-C2
Allatotropin
Abdominal ganglion neuropeptide R3-14
Carcinustatin-12
Allatostatin-2
Carcinustatin-3
Cydiastatin-4
Allatostatin-3
Callatostatin-5
Carcinustatin-8
Carcinustatin-9
Allatostatin-A1
Allatostatins
Allatotropin-related peptide
Adipokinetic prohormone
Carcinustatin-14
Cydiastatin-2
Antidiuretic factor B
Abdominal ganglion neuropeptide L11
Carcinustatin-18
Callatostatin-4
Carcinustatin-5
Allatostatin A
Carcinustatin-13
Carcinustatin-19
Carcinustatin-17
Callatostatin-1
Carcinustatin-20
Carcinustatin-7
Allatostatin-A2
Neuroactive polyprotein R15
Adipokinetic hormone G
Carcinustatin-15
Carcinustatin-16
Cydiastatin-3
Carcinustatin-4
Cydiastatin-7
Carcinustatin-2
Cydiastatin-5
Allatostatin-A4
Allatostatin-C1
Helicostatins
Alytesin
Carcinustatin-11
APGW-amide-related neuropeptide
Bombesin
3-14-bombesin
CAPA peptides
Bombesin-like peptide L
Buccalin
Cardioactive peptide
Neuropeptide CCHamide-1
Neuropeptide CCHamide-2
Neuropeptide CCHamide-1 receptor
Crustacean hyperglycemic hormones 1
Crustacean hyperglycemic hormones 2
Crustacean hyperglycemic hormones 5
Crustacean hyperglycemic hormones isoform A
CHH-like protein
Crustacean hyperglycemic hormone
Crustacean hyperglycemic hormones 3
Crustacean hyperglycemic hormones 7
Crustacean hyperglycemic hormones isoform B
Crustacean hyperglycemic hormones A*
Crustacean hyperglycemic hormone A
Crustacean hyperglycemic hormone B
Crustacean hyperglycemic hormones B
Crustacean hyperglycemic hormones A
Crustacean hyperglycemic hormones 4
Crustacean hyperglycemic hormone 6
Crustacean hyperglycemic hormone isoform 1
Cionin
Pro-opiomelanocortin-2
Pro-corazonin
Corazonin
Pro-opiomelanocortin A
Cardio acceleratory peptide 2b
Pro-opiomelanocortin-1
Pro-opiomelanocortin B
Neuropeptides CP2
CHH precursor-related peptide
Beta-endorphin
Pro-opiomelanocortin
Callisulfakinin
Dermorphin
-deltorphin
Lymna-DF-amide 4
Lymna-DF-amide 1
Deltorphin-like peptide
Lymna-DF-amide 5
Lymna-DF-amide 2
Locupressin
Lymna-DF-amide 3
Eclosion hormone
Califin-B
Egg-laying-like hormone
ELH type 1
Atrial gland and califin peptides
Egg-laying hormone
Beta-endorphin-2
ELH
Atrial gland peptide B
ELH type 2
Califin-C
Enterin neuropeptides
FMRFamide-like neuropeptide SAQGQDFMRF-amide
Extended FMRFamide-10
Extended FMRFamide-12
FMRFamide-13
FMRFamide-17
Extended FMRFamide-1
Cardio-excitatory FMRFamide homolog NF1
Extended FMRFamide-2
CalliFMRFamide-1
FMRFamide-related peptides type HF-1
FMRFamide-like neuropeptide FLP2
SIFamide related peptide
FMRFamide-like neuropeptide 3
FMRFamide-3
Extended FMRFamide-3
FMRFamide-like neuropeptide 4
FMRFamide-like neuropeptide AF5
FMRFamide-like neuropeptide GGKYMRF-amide
Extended FMRFamide-5
FMRFamide-like neuropeptide FLP5
Extended FMRFamide-7
Extended FMRFamide-8
Extended FMRFamide-9
CalliFMRFamide-10
FMRFamide-related neuropeptides
FMRFamide-16
FMRFamide-19
FMRFamide-2
CalliFMRFamide-3
Extended FMRFamide-4
CalliFMRFamide-4
FMRFamide-like neuropeptide PGQDFMRF-amide
CalliFMRFamide-6
FMRFamide-like neuropeptide FLP6
Extended FMRFamide-6
FMRFamide-like neuropeptide TPGQDFMRF-amide
FMRFamide-like neuropeptide FLP7
SchistoFLRFamide
FMRFamide-like neuropeptide
FMRFamide-like neuropeptide GDNFMRF-amide
FMRFamide-1
FMRFamide-like neuropeptide FLP1
FMRFamide-like neuropeptide GGNDFMRF-amide
CalliFMRFamide-5
FMRFamide-like neuropeptide PF4
FMRFamide-6
FMRFamide-like neuropeptide PF6
CalliFMRFamide-11
CalliFMRFamide-13
FMRFamide-like neuropeptide RYIRF-amide
FMRFamide-15
FMRFamide-18
Cardio-excitatory FMRFamide homolog DF2
FMRFamide-like neuropeptide FLP3
FMRFamide-like neuropeptide APGQDFMRF-amide
FMRFamide-like neuropeptide AF7
SIFamide-related peptide
FMRFamide-like neuropeptide AF2
FMRFamide-14
FMRFamide-related peptides type HF-4
FMRFamide-like neuropeptide PDNFMRF-amide
FMRFamide-like neuropeptide PF5
CalliFMRFamide-7
FMRFamide-like neuropeptide AF9
FMRFamide-like neuropeptide LPEQDFMRF-amide
CalliFMRFamide-12
FMRFamide-like neuropeptides 11
FMRFamide-like neuropeptides 16
FMRFamide-like neuropeptides 27
Antho-RNamide
FMRFamide-like neuropeptide AF1
FMRFamide-11
SabFMRFamide-17
FMRFamide-like neuropeptide PF1
FMRFamide-like neuropeptide FLP4
FMRFamide-like neuropeptide YLRF-amide
FMRFamide-5
CalliFMRFamide-8
FMRFamide-like neuropeptide FLP8
FMRFamide-like neuropeptide AF11
CalliMIRFamide-1
FLRFamide
FMRFamide-related peptides
FMRFamide-like neuropeptide GDPFLRF-amide
CalliFMRFamide-2
FMRFamide-like neuropeptide GQDFMRF-amide
FMRFamide-like neuropeptide YMRF-amide
FMRFamide-like neuropeptide SAPGQDFMRF-amide
FMRFamide-like neuropeptides
FMRFamide-like neuropeptides 6
FMRFamide-like neuropeptides 14
FMRFamide-like neuropeptides 19
FMRFamide-like neuropeptides 26
FMRFamide-related protein 1
FMRFamide-like neuropeptide PF2
FMRFamide-like neuropeptide PF3
CalliFMRFamide-9
FMRFamide-9/10/11/12
FMRFamide-like neuropeptide GNFFRF-amide
FMRFamide-like neuropeptide ALAGDHFFRF-amide
FMRFamide-like neuropeptides 5
FMRFamide-like neuropeptides 13
FMRFamide-like neuropeptide 18
FMRFamide-like neuropeptides 24
Feeding circuit activating peptides
Antho-RFamide neuropeptides
FMRF-amide neuropeptides
FMRFamide
Antho-KAamide
FMRFamide-like neuropeptide 23
FMRFamide neuropeptides
Galanin
Galanin-like peptide
Antho-RFamide neuropeptides type 1
Antho-RFamide neuropeptides type 2
Antho-RIamide-1
Gonad-inhibiting hormone
Growth hormone-releasing peptides
Prepro-gonadotropin-releasing hormone-like protein
Gastrin-releasing peptide
Neuromedin-C
Neuropeptide GWa
Hypertrehalosaemic factor 1
Hypertrehalosaemic factor 2
Hypertrehalosaemic neuropeptide
Hypertrehalosaemic factor
Head peptide
Hypertrehalosaemic hormone
RO-1
Hypertrehalosaemic prohormone
Insulin
Ion transport peptide
Kinin-3
Kinin-1
Kinin-5
Kinin-2
Leucokinin-2
Kinin-4
Leucokinin-1
Leucokinin-8
Leucokinin-6
Leucomyosuppressin
Leucokinin-7
Litorin
Locustamyoinhibiting peptide
Locustamyotropin-2
Leucokinin-4
Leucokinin-5
Leucokinins
Rhodei-litorin
Leucokinin-like peptide
Leucokinin-3
Prolevitide
Sulfakinin
-phyllolitorin
Lom-AG-myotropin-2
Lom-AG-myotropin-1
Locustamyotropin-1
Long neuropeptide F
Locustapyrokinin-2
Locustapyrokinin-1
Locustamyotropin-3
Leucosulfakinin-2
Locustamyotropin-4
Locustakinin-1
Leukopyrokinin
Bradykinin-like neuropeptide
LWamide neuropeptides
Molt-inhibiting hormone
Probable molt-inhibiting hormone
Mandibular organ-inhibiting hormone 1
Molt-inhibiting hormone-like
MIP-related peptides
Mas-related G-protein coupled receptor member A1
Mandibular organ-inhibiting hormone 2
Myotropic neuropeptide 1
Mandibular organ-inhibiting hormone
Mas-related G-protein coupled receptor member A4
Myomodulin neuropeptides
Myoactive tetradecapeptide
Myomodulin neuropeptides 2
Myomodulin neuropeptides 1
Myosuppressin
Dromyosuppressin
Neuropeptide-like protein 28
Neuromedin-B
Neomyosuppressin
Neuropeptide-like protein 29
Neuroparsin-A
Neuropeptide B
Neuromedin-S
APK peptide
Neuropeptide W
Neuropeptide Y
Pro-neuropeptide Y
Melanostatin
Neuropeptide-like peptide 11
Neuropeptide-like protein 32
Neuropeptide F
Neuropeptide-like 2
Neuropeptide H
Neuropeptide-like 4
Pro-FMRFamide-related neuropeptide VF
Neuropeptide-like protein 31
Neuropeptide-like 3
Neuropeptide-like protein 30
Neuropeptide NPF-2
Neuropeptide-like protein 33
Pro-FMRFamide-related neuropeptide FF
Morphine-modulating neuropeptide A
Morphine-modulating neuropeptide B
Neuropeptide NPF-1
Neuropeptide-like 1
Neuropeptide S
Neosulfakinin-1
Neosulfakinin-2
Neurexophilin-4
Neurexophilin-2
Orcokinin peptides
Orcokinin peptides type B
Orcokinin peptides type A
Oviductal motility-stimulating peptide
Neurexophilin-3
Ovary maturating parsin
PBAN-type neuropeptides
Orcomyotropin
Ovulation prohormone
ProSAAS
Proenkephalin-A-A
Peptide hormone 2
Proenkephalin-A-B
Peptide hormone 3
Peptide hormone 1
HUG-Pyrokinin
Peptide hormone 4
Pars intercerebralis major peptide D1
Pheromonotropin
CAPA-Pyrokinin
Pyrokinin-1
Pyrokinin-2
Pyrokinin-3
Pyrokinin-4
Pyrokinin-5b
Pyrokinin-5
Pyrokinin-6
Proctolin
Pol-RFamide neuropeptides
Prolactin-releasing peptide receptor
ITG-like peptide
Pyrokinin-5a
IDLSRF-like peptide
Prothoracicotropic hormone
Protein PRQFV-amide
CAPA-Periviscerokinin-1
Periviscerokinin-2.1
Periviscerokinin-2 type 2
CAPA-Periviscerokinin-2
Peptide tyrosine phenylalanine 1
Periviscerokinin-1
Periviscerokinin-2 type 1
Periviscerokinin-2.2
Periviscerokinin-3
Peptide tyrosine phenylalanine 4
Periviscerokinin-2
Peptide tyrosine phenylalanine
Peptide tyrosine phenylalanine 2
Peptide tyrosine phenylalanine 3
Peptide YY
Periviscerokinin-3b
Ranatensin-C
Peptide YY-like
Ranatensin-R
Small cardioactive peptides
Small cardioactive peptide-related peptide
Sulfakinin-1
Sulfakinin-2
Short neuropeptide F
Soricidin
Short neuropeptide F-1
VPS10 domain-containing receptor SorCS1
VPS10 domain-containing receptor SorCS2
Tachykinins
Tuberoinfundibular peptide of 39 residues
Callitachykinin-1
Ranatachykinin-D
Neurokinin-B
Ranamargarin
Tachykinin-1
Ranatachykinin-B
Locustatachykinin-3
Tachykinin-2
Callitachykinin-2
Eledoisin
Scyliorhinin-1
Uperin-1.1
Neurokinin-A
Locustatachykinin-4
Prosialokinin
Urechistachykinin-1
Locustatachykinin-1
Phyllomedusin
Tachykinin-related peptide 4
Tachykinin-related peptide 6
Tachykinin-related peptide 7
Locustatachykinin-2
Ranatachykinin-C
Urechistachykinin-2
Tachykinin-related peptide 1
Tachykinin-related peptide GLGNNAFLGVR-amide
Tachykinin-related peptide 3
Tachykinin-related peptide 5
Tachykinin-related peptide 8
Tachykinin-related peptide 2
Tachykinin-related peptide TPTAFYGVR-amide
Tachykinin-related peptide 9
Tachykinin-related peptide 10
Tryptophyllin-5.1
Vitellogenesis-inhibiting hormone
WWamide-1
WWamide-3
WWamide-2
Neuropeptide Y-amide
