Hexon-interlacing protein
Hexon protein
Cathepsin L1
Cathepsin B
CD81 antigen
DNA-invertase
Dynein light chain Tctex-type 1
Epidermal growth factor receptor substrate 15
Serine recombinase gin
Virulence plasmid integrase pGP8-D
Virulence plasmid integrase pGP7-D
Minor spike protein H
Integrase/recombinase
Prophage lambda integrase
Integrase
Prophage DLP12 integrase
Putative prophage CPZ-55 integrase
Putative prophage phiRv2 integrase
Putative lambdoid prophage defective integrase
Integrin beta-3
Putative lambdoid prophage Rac integrase
Putative prophage CPS-53 integrase
ICEBs1 integrase
Putative prophage CP4-6 integrase
Putative prophage P4 integrase
Putative integrase
Prophage CP4-57 integrase
Putative lambdoid prophage Qin defective integrase
E3 ubiquitin-protein ligase Itchy homolog
Protein Ku
Protein Malvolio
Niemann-Pick C1 protein
Outer membrane protein A
Prophage ps2 probable integrase
Pol polyprotein
Gag-Pol polyprotein
Profilin
Transposase from transposon Tn916
Transposase from transposon Tn1545
Nucleoside-specific channel-forming protein tsx
Tyrosine-protein kinase receptor UFO
Vesicle-associated membrane protein 8
UV radiation resistance-associated gene protein
Putative DNA transfer protein p35
UV radiation resistance associated protein
Minor spike protein
Integrase homolog
Vacuolar protein sorting-associated protein 16 homolog
Putative integrase V10
DNA transfer protein gp7
DNA transfer protein gp16
Putative DNA transfer protein p32
DNA transfer protein gp20
Probable integrase/recombinase
Vacuolar protein sorting-associated protein 18 homolog
NEDD4-like E3 ubiquitin-protein ligase WWP2
Integrase/recombinase xerD homolog
Putative DNA transfer protein p33
Putative integrase/recombinase HI_1572
NEDD4-like E3 ubiquitin-protein ligase WWP1
Putative integrase/recombinase HI_1414
Probable integrase/recombinase protein MJ0367
Putative integrase/recombinase y4rA
Putative integrase/recombinase y4rE
Putative integrase/recombinase y4qK
Putative integrase/recombinase y4rC
Putative integrase/recombinase y4rF
Putative integrase ORF241
Putative integrase/recombinase y4rB
Putative integrase/recombinase y4rD
Putative integrase/recombinase y4eF
Putative integrase/recombinase y4gC
SPBc2 prophage-derived probable integrase/recombinase YopP
Probable integrase/recombinase aq_aa09
Probable integrase/recombinase YoeC
Zinc finger protein 639
