Alpha-internexin
Apolipoprotein D
Carboxypeptidase Q
Cadherin-2
Glycine amidinotransferase, mitochondrial
Gelsolin
Insulin-like growth factor-binding protein 1
Immunoglobulin superfamily member 10
Kallikrein-6
Protein kinase C theta type
Musculoskeletal embryonic nuclear protein 1
Neuromodulin
Ninjurin-1
Ninjurin-2
Tyrosine-protein phosphatase non-receptor type 12
Ribonucleoside-diphosphate reductase large subunit
Transmembrane 4 L6 family member 4
Metalloproteinase inhibitor 3
Dual specificity protein kinase Ttk
Urocortin-2
von Willebrand factor
Protein Z-dependent protease inhibitor
