Active breakpoint cluster region-related protein
ALS2 C-terminal-like protein
Rho guanine nucleotide exchange factor 28
Rho guanine nucleotide exchange factor 39
Rho guanine nucleotide exchange factor 10-like protein
Rho guanine nucleotide exchange factor 38
Rho guanine nucleotide exchange factor 1
Rho guanine nucleotide exchange factor 6
Rho guanine nucleotide exchange factor 37
Rho guanine nucleotide exchange factor 40
Rho guanine nucleotide exchange factor 3
Rho guanine nucleotide exchange factor 9
Rho guanine nucleotide exchange factor 33
Rho guanine nucleotide exchange factor 10
Rho guanine nucleotide exchange factor 12
Rho guanine nucleotide exchange factor 16
Rho guanine nucleotide exchange factor 17
Rho guanine nucleotide exchange factor 4
Neuroepithelial cell-transforming gene 1 protein
Bud site selection protein 3
Bud site selection protein 3 homolog
Epithelial cell-transforming sequence 2 oncogene-like
FYVE, RhoGEF and PH domain-containing protein 3
FYVE, RhoGEF and PH domain-containing protein 4
FYVE, RhoGEF and PH domain-containing protein 6
Rac guanine nucleotide exchange factor B
Rac guanine nucleotide exchange factor JJ
RhoGEF domain-containing protein gxcH
RhoGEF domain-containing protein gxcJ
RhoGEF domain-containing protein gxcI
Intersectin-2
Kalirin
Kinase and exchange factor for Rac B
Kinase and exchange factor for Rac A
Guanine nucleotide exchange factor DBS
Probable guanine nucleotide exchange factor MCF2L2
Meiotically up-regulated gene 10 protein
Ephexin-1
Pleckstrin homology domain-containing family G member 1
Pleckstrin homology domain-containing family G member 3
Puratrophin-1
Pleckstrin homology domain-containing family G member 7
Pleckstrin homology domain-containing family G member 4B
Pleckstrin homology domain-containing family G member 2
Pleckstrin homology domain-containing family G member 5
Phosphatidylinositol 3,4,5-trisphosphate-dependent Rac exchanger 2 protein
Putative protein tag-52
T-lymphoma invasion and metastasis-inducing protein 2
Triple functional domain protein
