Glutathione S-transferase F12
Glutathione S-transferase U6
Glutathione S-transferase U12
Glutathione S-transferase U15
Glutathione S-transferase U17
Glutathione S-transferase T1
Glutathione S-transferase U3
Glutathione S-transferase U9
Glutathione S-transferase F4
Glutathione S-transferase F11
Glutathione S-transferase U4
Glutathione S-transferase U7
Glutathione S-transferase U24
Glutathione S-transferase U28
Glutathione S-transferase Z1
Glutathione reductase, cytosolic
Glutathione S-transferase F13
Glutathione S-transferase T2
Glutathione S-transferase U1
Glutathione S-transferase U2
Glutathione S-transferase U8
Glutathione S-transferase U23
Glutathione S-transferase U27
Glutathione S-transferase Z2
Glutathione S-transferase F3
Glutathione S-transferase F5
Glutathione S-transferase T3
Glutathione S-transferase U5
Glutathione S-transferase U13
Glutathione S-transferase U20
Glutathione S-transferase F14
Glutathione S-transferase U10
Glutathione S-transferase U21
Glutathione S-transferase U25
Glutathione S-transferase U11
Glutathione S-transferase U14
Glutathione S-transferase U16
Glutathione S-transferase U18
Glutathione S-transferase U22
Glutathione S-transferase U26
Sulfocarbamoylase-1
Ubiquitin-fold modifier-conjugating enzyme 1
