5-hydroxytryptamine receptor 3A
Potassium channel AKT2
Potassium channel AKT2/3
Potassium channel AKT3
Potassium channel AKT1
Probable potassium channel AKT5
Potassium channel AKT6
cGMP-gated cation channel alpha-1
Cyclic nucleotide-gated cation channel alpha-3
Cyclic nucleotide-gated cation channel beta-1
Putative cyclic nucleotide-gated ion channel 7
Probable cyclic nucleotide-gated ion channel 17
Cyclic nucleotide-gated channel rod photoreceptor subunit alpha
Cyclic nucleotide-gated olfactory channel
Cyclic nucleotide-gated cation channel alpha-4
Probable cyclic nucleotide-gated ion channel 14
Putative cyclic nucleotide-gated ion channel 15
Cyclic nucleotide-gated cation channel beta-3
Probable cyclic nucleotide-gated ion channel 6
Putative cyclic nucleotide-gated ion channel 9
Potassium/sodium hyperpolarization-activated cyclic nucleotide-gated channel 1
Potassium/sodium hyperpolarization-activated cyclic nucleotide-gated channel 2
Potassium/sodium hyperpolarization-activated cyclic nucleotide-gated channel 4
Potassium channel KAT2
Voltage-gated potassium channel subunit beta-2
Potassium voltage-gated channel subfamily E member 1
Potassium voltage-gated channel subfamily H member 4
Potassium voltage-gated channel subfamily H member 5
Voltage-gated potassium channel subunit beta-3
Potassium voltage-gated channel subfamily E member 2
Potassium voltage-gated channel subfamily H member 2
Potassium voltage-gated channel subfamily H member 3
Potassium voltage-gated channel subfamily H member 8
Potassium channel KAT1
Voltage-gated potassium channel subunit beta-1
Potassium voltage-gated channel subfamily E member 4
Potassium voltage-gated channel subfamily H member 6
Potassium voltage-gated channel subfamily H member 7
Potassium channel KAT4
Potassium channel subfamily K member 5
Potassium channel subfamily K member 9
Potassium channel KAT3
Potassium channel KAT6
Two-pore potassium channel 1
Potassium channel KOR2
Potassium channel KOR1
SH2 domain-containing protein 4A
Outward-rectifier potassium channel TOK1
