BET1 homolog
Protein transport protein BOS1
Protein transport protein bos1
Golgi SNAP receptor complex member 2
Golgin candidate 6
Probable Golgi SNAP receptor complex member 2
Membrin-12
Membrin-11
Novel plant SNARE 12
Novel plant SNARE 13
Novel plant SNARE 11
Vesicle-trafficking protein SEC22b-A
Vesicle-trafficking protein SEC22a
Vesicle-trafficking protein SEC22c
Protein transport protein SEC22
Alpha-soluble NSF attachment protein
Vesicular-fusion protein SEC17
Vesicle-trafficking protein SEC22b
Protein transport protein sec22
Vesicular-fusion protein SEC18
Integral membrane protein SED5
Protein SLY1
Syntaxin-5
Intracellular protein transport protein USO1
General vesicular transport factor p115
Intracellular protein transport protein uso1
Vesicle transport v-SNARE 12
Vesicle transport through interaction with t-SNAREs homolog 1B
Vesicle transport v-SNARE 11
t-SNARE VTI1
Vesicle transport through interaction with t-SNAREs homolog 1A
Vesicle transport v-SNARE protein vti1
Protein transport protein yip1
