Histamine oxidase
Putative amine oxidase
Copper amine oxidase 1
Carbonyl reductase family member 4
Carbon monoxide-induced hydrogenase
Quinoprotein glucose dehydrogenase A
F(420)H(2) dehydrogenase subunit B
F(420)H(2) dehydrogenase subunit D
HIPL1 protein
HHIP-like protein 2
HIPL2 protein
Formate hydrogenlyase subunit 5
Hydrogenase-4 component I
Formate hydrogenlyase subunit 7
Hydrogenase-4 component G
L-lysine 6-oxidase
Thiol-disulfide oxidoreductase LTO1
Membrane-bound hydrogenase subunit alpha
NAD(P)H-quinone oxidoreductase subunit I, chloroplastic
NAD(P)H-quinone oxidoreductase subunit N, organellar chromatophore
NADH dehydrogenase  iron-sulfur protein 7, mitochondrial
NAD(P)H-quinone oxidoreductase subunit L, organellar chromatophore
NADH-quinone oxidoreductase chain 10
NADH-quinone oxidoreductase subunit 12
NADH-quinone oxidoreductase subunit 14
NADH-quinone oxidoreductase subunit 15
NADH-quinone oxidoreductase subunit 8
NADH-quinone oxidoreductase subunit 9
Probable NADH-quinone oxidoreductase subunit 5
NAD(P)H-quinone oxidoreductase subunit M, organellar chromatophore
NAD(P)H-quinone oxidoreductase subunit O, organellar chromatophore
NADH-ubiquinone oxidoreductase 49 kDa subunit
NADH-quinone oxidoreductase chain 2
NADH-quinone oxidoreductase chain 3
NADH-quinone oxidoreductase subunit 3
NAD(P)H-quinone oxidoreductase subunit 1, chloroplastic
NAD(P)H-quinone oxidoreductase chain 4, chloroplastic
NADH-quinone oxidoreductase subunit 2
NADH-quinone oxidoreductase subunit 6
NAD(P)H-quinone oxidoreductase chain 5
NADH-quinone oxidoreductase subunit 10
NADH-quinone oxidoreductase chain 12
NADH-quinone oxidoreductase chain 13
NADH-quinone oxidoreductase subunit 13
NADH-quinone oxidoreductase chain 1
NAD(P)H-quinone oxidoreductase subunit 2, organellar chromatophore
NADH-quinone oxidoreductase subunit E 1
NADH-quinone oxidoreductase subunit F
NADH-quinone oxidoreductase subunit G
NADH-quinone oxidoreductase subunit H 1
NADH-quinone oxidoreductase subunit H 2
NADH-quinone oxidoreductase subunit I
NADH-quinone oxidoreductase subunit I 1
NADH-quinone oxidoreductase subunit I 2
NAD(P)H-quinone oxidoreductase chain 6
NADH-quinone oxidoreductase subunit E
NADH-quinone oxidoreductase subunit L
NADH-quinone oxidoreductase subunit M
NADH-quinone oxidoreductase subunit B
NADH-quinone oxidoreductase subunits H/I
NADH-quinone oxidoreductase subunit H
NADH-quinone oxidoreductase subunit J
NADH-quinone oxidoreductase subunit N
NADH-quinone oxidoreductase subunit E 2
NADH-quinone oxidoreductase subunit F 1
NADH-quinone oxidoreductase subunit F 2
NADH-quinone oxidoreductase subunit G 2
Coenzyme PQQ synthesis protein D
Coenzyme PQQ synthesis protein D 1
Bifunctional coenzyme PQQ synthesis protein C/D
Coenzyme PQQ synthesis protein D 2
Quinate/shikimate dehydrogenase
Probable quinate dehydrogenase
L-sorbosone dehydrogenase
Sulfide-quinone reductase
Vitamin K epoxide reductase homolog
