Beta-centractin
Alpha-centractin
Fructose-bisphosphate aldolase B
Bardet-Biedl syndrome 5 protein homolog
Coiled-coil domain-containing protein 96
Centrosomal protein of 97 kDa
Centrosomal protein of 70 kDa
Centrosomal protein of 120 kDa
Centrosomal protein of 152 kDa
Centrosomal protein of 78 kDa
Protein doublecortin
Dynactin subunit 4
Protein FAM110B
FGFR1 oncogene partner
Intraflagellar transport protein 20 homolog A
Intraflagellar transport protein 43 homolog
Intraflagellar transport protein 20 homolog B
Leucine-rich repeat-containing protein 45
Microcephalin
Ninein-like protein
Protein PTHB1
Rab GTPase-activating protein 1
T-complex protein 1 subunit alpha
Protein ZNF365
