Active breakpoint cluster region-related protein
FAD-linked sulfhydryl oxidase ALR
Alveolar macrophage chemotactic factor 2
Apolipoprotein A-I-1
Breakpoint cluster region protein
C-C chemokine receptor type 5
C-X-C motif chemokine 6
C-X-C motif chemokine 9
C-X-C motif chemokine 11
C-X-C motif chemokine 10
C-X-C motif chemokine 3
C-X-C motif chemokine 5
Platelet basic protein
C-X-C motif chemokine 15
C-X-C motif chemokine 13
Dual specificity protein phosphatase 10
Extracellular signal-regulated kinase 2
Ephrin type-A receptor 3
Growth-regulated protein homolog beta
Growth-regulated protein homolog gamma
Growth-regulated alpha protein
Interleukin-10 receptor subunit alpha
Interleukin-12 receptor subunit beta-2
Interleukin-18-binding protein
Interleukin-12 subunit alpha
Interleukin-8
Interleukin-23 receptor
ATP-sensitive inward rectifier potassium channel 8
Galectin-9
Lipopolysaccharide-binding protein
Leukotriene C4 synthase
Lysyl oxidase homolog 1
Multidrug resistance-associated protein 5
Nocturnin
Protein NLRC3
Paralemmin-3
Prostaglandin E2 receptor EP3 subtype
Prostaglandin E2 receptor EP1 subtype
Prostaglandin E2 receptor EP4 subtype
Prostaglandin F2-alpha receptor
Platelet factor 4 variant
Prostacyclin receptor
Platelet factor 4
Tartrate-resistant acid phosphatase type 5
Vitamin K-dependent protein S
Platelet-activating factor receptor
Renin
Serum amyloid P-component
Spondin-2
Ovotransferrin
UDP-glucuronosyltransferase 2B1
UDP-glucuronosyltransferase 2B17
