PTS system glucose-specific EIICBA component
PTS system glucose-specific EIICB component
Glucitol/sorbitol-specific phosphotransferase enzyme IIB component
Phosphocarrier protein HPr
Cellobiose-specific phosphotransferase enzyme IIB component
Multiphosphoryl transfer protein
Fructose-like permease IIC component
Multiphosphoryl transfer protein 1
Galactitol-specific phosphotransferase enzyme IIB component
PTS system mannose-specific EIIAB component
Oligo-beta-mannoside-specific phosphotransferase enzyme IIB component
Fructose-like phosphotransferase enzyme IIA component
Glucitol/sorbitol-specific phosphotransferase enzyme IIA component
Lichenan permease IIC component
N-acetylgalactosamine-specific phosphotransferase enzyme IIB component 1
PTS system sucrose-specific EIIBCA component
Phosphotransferase enzyme IIB component GlvB
PTS system N-acetylmuramic acid-specific EIIBC component
Fructose-like permease IIC component 1
PTS system mannose-specific EIIBCA component
PTS system maltose- and glucose-specific EIICB component
PTS system sucrose-specific EIIBC component
Nitrogen regulatory protein homolog
PTS system glucoside-specific EIICBA component
PTS system alpha-glucoside-specific EIICB component
PTS system N-acetylglucosamine-specific EIICBA component
N-acetylgalactosamine-specific phosphotransferase enzyme IIB component 2
N,N'-diacetylchitobiose-specific phosphotransferase enzyme IIB component
PTS system EIIBC component SAUSA300_0194
Oligo-beta-mannoside permease IIC component
Cellobiose permease IIC component
Fructose-specific phosphotransferase enzyme IIA component
Fructose-specific phosphotransferase enzyme IIB component
PTS system maltose-specific EIICB component
Sorbose-specific phosphotransferase enzyme IIB component
Sucrose-specific phosphotransferase enzyme IIB component
Nitrogen regulatory protein
Putative PTS system glucosamine-specific EIICBA component
PTS system EIIBC component SAOUHSC_00158
PTS system EIIBC component SAR0193
PTS system EIIBC component MW0166
PTS system EIIBC component SE_1890
PTS system EIIBC component SSP0594
PTS system glucose-specific EIIBCA component
PTS system beta-glucoside-specific EIIBCA component
PTS system N-acetylglucosamine-specific EIICB component
Putative PTS system EIIBC component YbbF
PTS system EIIBC component SACOL0178
PTS system EIIBC component SAV0192
PTS system EIIBC component SAS0167
PTS system EIIBC component SERP1900
PTS system EIIBC component SH0741
Putative permease IIC component GlvC
Lichenan-specific phosphotransferase enzyme IIB component
N,N'-diacetylchitobiose permease IIC component
PTS system EIIBC component SAB0132
PTS system EIIBC component SA0186
Negative regulator of SacY activity
Putative phosphotransferase enzyme IIB component SgcB
Ascorbate-specific phosphotransferase enzyme IIB component
Putative phosphotransferase enzyme IIB component MG129
Putative phosphotransferase enzyme IIB component UU178
Putative phosphotransferase enzyme IIB component MPN_268
Putative phosphotransferase enzyme IIB component BB_0367
Probable phosphotransferase enzyme IIB component M6_Spy0801
Putative permease IIC component YwbA
