Ataxin-3 homolog
Putative ataxin-3-like protein
Ataxin-3
Ubiquitin carboxyl-terminal hydrolase BAP1
Lys-63-specific deubiquitinase BRCC36
Vacuolar protein-sorting protein bro1
Lys-63-specific deubiquitinase BRCC36-like
Ubiquitin carboxyl-terminal hydrolase calypso
Vacuolar protein-sorting protein BRO1
Deubiquitinase and deneddylase Dub1
Deubiquitinase and deneddylase Dub2
COP9 signalosome complex subunit 5
Ubiquitin carboxyl-terminal hydrolase creB
Eukaryotic translation initiation factor 3 subunit F
Eukaryotic translation initiation factor 3 subunit F-1
Eukaryotic translation initiation factor 3 subunit H
Eukaryotic translation initiation factor 3 subunit F-2
Josephin-like protein
Josephin-2
Histone H2A deubiquitinase MYSM1
Ubiquitin thioesterase otubain-like
OTU domain-containing protein 3
OTU domain-containing protein 4
Protein ovarian tumor locus
OTU domain-containing protein 5-A
Ubiquitin thioesterase OTUB1
OTU domain-containing protein 1
OTU domain-containing protein 5
Ubiquitin thioesterase otulin
Ubiquitin thioesterase OTU1
OTU domain-containing protein 6A
Ubiquitin thioesterase otu2
Ubiquitin thioesterase OTUB2
Putative ubiquitin thioesterase otu1
OTU domain-containing protein 5-B
PAB-dependent poly(A)-specific ribonuclease subunit PAN2
26S proteasome non-ATPase regulatory subunit 14
26S proteasome regulatory subunit rpn11
26S proteasome regulatory subunit RPN11
Ubiquitin carboxyl-terminal hydrolase RPN11
Sentrin-specific protease 3
Pre-mRNA-splicing factor spp42
AMSH-like protease sst2
STAM-binding protein
Ubiquitin carboxyl-terminal hydrolase 17-like protein 5
Ubiquitin carboxyl-terminal hydrolase 17-like protein 17
Ubiquitin carboxyl-terminal hydrolase 17-like protein 21
Ubiquitin carboxyl-terminal hydrolase 17-like protein A
Ubiquitin carboxyl-terminal hydrolase 17-like protein 10
Ubiquitin carboxyl-terminal hydrolase 17-like protein 13
Ubiquitin carboxyl-terminal hydrolase 17-like protein 18
Ubiquitin carboxyl-terminal hydrolase 10-A
Probable ubiquitin carboxyl-terminal hydrolase 1
Ubiquitin carboxyl-terminal hydrolase 10
Ubiquitin carboxyl-terminal hydrolase 11
Ubiquitin carboxyl-terminal hydrolase 14
Ubiquitin carboxyl-terminal hydrolase 15
Ubiquitin carboxyl-terminal hydrolase 16
Ubiquitin carboxyl-terminal hydrolase 19
Ubiquitin carboxyl-terminal hydrolase 21
Ubiquitin carboxyl-terminal hydrolase 24
Ubiquitin carboxyl-terminal hydrolase 26
Ubiquitin carboxyl-terminal hydrolase 28
Ubiquitin carboxyl-terminal hydrolase 30
Ubiquitin carboxyl-terminal hydrolase 34
Probable ubiquitin carboxyl-terminal hydrolase 3
Putative ubiquitin carboxyl-terminal hydrolase 41
Ubiquitin carboxyl-terminal hydrolase 42
Ubiquitin carboxyl-terminal hydrolase 48
Ubiquitin carboxyl-terminal hydrolase 64E
Ubiquitin carboxyl-terminal hydrolase isozyme L1
Ubiquitin carboxyl-terminal hydrolase isozyme L4
Ubiquitin carboxyl-terminal hydrolase 17-like protein 11
Ubiquitin carboxyl-terminal hydrolase 17-like protein 19
Ubiquitin carboxyl-terminal hydrolase 10-B
Ubiquitin carboxyl-terminal hydrolase 12
Ubiquitin carboxyl-terminal hydrolase 13
Ubiquitin carboxyl-terminal hydrolase 17
Ubiquitin carboxyl-terminal hydrolase 36
Ubiquitin carboxyl-terminal hydrolase 37
Ubiquitin carboxyl-terminal hydrolase 40
Ubiquitin carboxyl-terminal hydrolase 43
Ubiquitin carboxyl-terminal hydrolase 46
Ubiquitin carboxyl-terminal hydrolase 47
Ubiquitin carboxyl-terminal hydrolase 17-like protein 22
Ubiquitin carboxyl-terminal hydrolase 20
Ubiquitin carboxyl-terminal hydrolase 25
Ubiquitin carboxyl-terminal hydrolase 27
Probable ubiquitin carboxyl-terminal hydrolase 2
Ubiquitin carboxyl-terminal hydrolase 30 homolog
Probable ubiquitin carboxyl-terminal hydrolase 4
Probable ubiquitin carboxyl-terminal hydrolase 5
Ubiquitin carboxyl-terminal hydrolase 7
Ubiquitin carboxyl-terminal hydrolase 8
Ubiquitin hydrolase B
Ubiquitin carboxyl-terminal hydrolase isozyme L3
Ubiquitin carboxyl-terminal hydrolase isozyme L5
Ubiquitin carboxyl-terminal hydrolase 12-B
Ubiquitin carboxyl-terminal hydrolase 29
Ubiquitin carboxyl-terminal hydrolase 38
Ubiquitin carboxyl-terminal hydrolase 5
Probable ubiquitin carboxyl-terminal hydrolase 9
Ubiquitin carboxyl-terminal hydrolase 17-like protein 15
Ubiquitin carboxyl-terminal hydrolase 17-like protein 20
Ubiquitin carboxyl-terminal hydrolase 12-A
Probable ubiquitin carboxyl-terminal hydrolase ubh-4
Ubiquitin carboxyl-terminal hydrolase 18
Ubiquitin carboxyl-terminal hydrolase 3
Ubiquitin carboxyl-terminal hydrolase 4
Ubiquitin carboxyl-terminal hydrolase 9
Probable ubiquitin carboxyl-terminal hydrolase FAF-X
Ubiquitin carboxyl-terminal hydrolase 17-like protein E
Ubiquitin carboxyl-terminal hydrolase 2
Ubl carboxyl-terminal hydrolase 18
Ubiquitin carboxyl-terminal hydrolase 1
Ubiquitin carboxyl-terminal hydrolase 32
Ubiquitin carboxyl-terminal hydrolase 35
Inactive ubiquitin carboxyl-terminal hydrolase 50
Ubiquitin carboxyl-terminal hydrolase 6
Ubiquitin carboxyl-terminal hydrolase YUH1
Putative ubiquitin carboxyl-terminal hydrolase 11
Probable ubiquitin carboxyl-terminal hydrolase 12
Probable ubiquitin carboxyl-terminal hydrolase 16
Ubiquitin carboxyl-terminal hydrolase 31
Putative ubiquitin carboxyl-terminal hydrolase 50
Probable ubiquitin carboxyl-terminal hydrolase
Ubiquitin carboxyl-terminal hydrolase 17-like protein 12
Ubiquitin carboxyl-terminal hydrolase 12A
Ubiquitin carboxyl-terminal hydrolase 23
Deubiquitinating protein VCIP135
Ubiquitin fusion degradation protein 1 homolog
Probable ubiquitin carboxyl-terminal hydrolase FAF-Y
