Heptahelical transmembrane protein ADIPOR1
Progestin and adipoQ receptor-like protein 1
ADIPOR-like receptor SPBC12C2.09c
Anthrax toxin receptor 1
Anthrax toxin receptor-like
Annexin-2 receptor
B- and T-lymphocyte attenuator
Butyrophilin subfamily 1 member A1
Vitamin B12 transporter BtuB
Putative neural-cadherin 2
Natural killer cell receptor 2B4
C-type lectin domain family 4 member E
C-type lectin domain family 4 member F
Protein COS7
D(2) dopamine receptor
Erythrocyte-binding antigen 175
Endothelial protein C receptor
Ephrin type-B receptor 6
Exostosin-like 3
Peptidyl-prolyl cis-trans isomerase FKBP3
Formyl peptide receptor 2
Formyl peptide receptor-related sequence 1
GDNF family receptor alpha-2
GDNF family receptor alpha-4
Guanylate cyclase 32E
GDNF family receptor alpha-1
Guanylate cyclase soluble subunit beta-1
Cell surface A33 antigen
Interleukin-18 receptor accessory protein
Iron-regulated outer membrane virulence protein
Integrin alpha-PS5
Integrin alpha-X
Integrin beta-5
Integrin beta-8
ADIPOR-like receptor IZH4
Integrin beta-nu
Integrin beta-6
ADIPOR-like receptor IZH1
Integrin alpha-PS4
Integrin beta-2
ADIPOR-like receptor IZH3
Killer cell lectin-like receptor subfamily B member 1C
Killer cell lectin-like receptor subfamily B member 1B allele B
Killer cell lectin-like receptor subfamily B member 1B allele A
Killer cell lectin-like receptor subfamily B member 1F
Lymphocyte antigen 75
Cell surface glycoprotein CD200 receptor 4
Cell surface glycoprotein CD200 receptor 2
Cell surface glycoprotein CD200 receptor 3
Opioid growth factor receptor-like protein 1
Progestin and adipoQ receptor family member 4
Progestin and adipoQ receptor family member 3
Progestin and adipoQ receptor family member 6
Progestin and adipoQ receptor family member 9
Fibrocystin-L
Porimin
Duffy receptor
Duffy receptor gamma form
Abscisic acid receptor PYL6
Duffy receptor alpha form
Duffy receptor beta form
Reticulon-4 receptor-like 1
Reticulon-4 receptor-like 2
Renin receptor
Roundabout homolog 4
Disease resistance protein RPS4
Putative epidermal cell surface receptor
Reticulon-4 receptor
Lysosome membrane protein 2
Tumor necrosis factor receptor superfamily member 27
Transmembrane protein 158
Tumor necrosis factor receptor superfamily member 22
Trem-like transcript 2 protein
