Actin-interacting protein 1
GDP-Man:Man(3)GlcNAc(2)-PP-Dol alpha-1,2-mannosyltransferase
NAD/NADP-dependent betaine aldehyde dehydrogenase
BTB/POZ and MATH domain-containing protein 6
Glycine betaine transporter BetL
BTB/POZ and MATH domain-containing protein 3
Oxygen-dependent choline dehydrogenase
BTB/POZ and MATH domain-containing protein 2
BTB/POZ and MATH domain-containing protein 4
BTB/POZ and MATH domain-containing protein 5
Protein OSCA1
Dauer abnormal formation protein 25
Flagellar L-ring protein
Glycine betaine/carnitine transport ATP-binding protein GbuA
Glycine betaine/carnitine transport binding protein GbuC
Glycine betaine/carnitine transport permease protein GbuB
Monothiol glutaredoxin-5, mitochondrial
Glycerol-1-phosphate phosphohydrolase 1
Glycerol-1-phosphate phosphohydrolase 2
24.1 kDa heat shock protein, mitochondrial
Volume-regulated anion channel subunit LRRC8A
BEACH domain-containing protein lvsB
MARVEL domain-containing protein 3
Myosin-3
NADH dehydrogenase  iron-sulfur protein 4, mitochondrial
Nuclear cap-binding protein complex subunit 1
Osmotically-inducible lipoprotein E
Osmotic avoidance abnormal protein 8
Glucans biosynthesis protein G
Osmotically-inducible protein Y
Paracaspase
Purkinje cell protein 4
Mitogen-activated protein kinase pmk-3
Lysophospholipase 1
Mitogen-activated protein kinase pmk-2
Serine/threonine-protein phosphatase 2A activator 2
Serine/threonine-protein phosphatase 2A activator 1
Sodium-dependent neutral amino acid transporter B(0)AT3
Serine/threonine-protein kinase SRK2J
Stress-activated protein kinase alpha
Serine/threonine-protein kinase SRK2C
TPR repeat-containing thioredoxin TTL4
Inactive TPR repeat-containing thioredoxin TTL3
Vesicle-associated protein 4-1
Miniconductance mechanosensitive channel YbdG
