Beta-2 adrenergic receptor
Beta-1 adrenergic receptor
Aquaporin-1
Rho guanine nucleotide exchange factor 19
Beta-1,4-galactosyltransferase 1
Zinc finger protein basonuclin-1
Bone morphogenetic protein 4
Caspase-3
Caveolin-1
Tyrosine kinase receptor Cad96Ca
Cadherin-3
Cadherin-7
C-C motif chemokine 20
Cerebral cavernous malformations 2 protein-like
Cdc42 homolog
Bombesin receptor-activated protein C6orf89 homolog
CD2 antigen cytoplasmic tail-binding protein 2 homolog
Cadherin EGF LAG seven-pass G-type receptor 1
Serine/threonine-protein kinase grp
Collagen alpha-1(I) chain
Calponin-2
Collagen alpha-1(III) chain
Calcium-binding mitochondrial carrier protein Aralar1
Coronin-1B
Catenin beta
C-X-C motif chemokine 2
C-reactive protein
Discoidin, CUB and LCCL domain-containing protein 2
Desmoplakin
D(1B) dopamine receptor
Band 4.1-like protein 4B
Ell-associated factor Eaf
ETS domain-containing protein Elk-3
Endoglin
Proepiregulin
Early growth response protein 1
Receptor tyrosine-protein kinase erbB-2
Receptor tyrosine-protein kinase erbB-3
Coagulation factor XIII A chain
FGFR1 oncogene partner 2 homolog
Fibroblast growth factor 10
Fibroblast growth factor receptor 1
Fibroblast growth factor 2
Fibronectin
Fibroblast growth factor 7
Fibromodulin
Transcription factor kayak, isoforms D/sro
Transcription factor kayak, isoforms A/B/F
Alpha-(1,3)-fucosyltransferase 10
Transcriptional activator GLI3
Gelsolin
Grainyhead-like protein 3 homolog
Probable pseudouridine-5'-phosphatase
Dual specificity mitogen-activated protein kinase kinase hemipterous
Heparanase
Insulin-like growth factor II
Interleukin-8
Interleukin-6
Inducible metalloproteinase inhibitor protein
Interleukin-1 beta
Interleukin-24
Insulin-2
Insulin
Interleukin-1 alpha
Integrin alpha-PS3
Keratin, type II cytoskeletal 6A
Integrin alpha-9
Integrin beta-3
Transcription factor AP-1
Krueppel-like factor 6
Arachidonate 15-lipoxygenase
Protein lozenge
Protein-lysine 6-oxidase
Microtubule-actin cross-linking factor 1
Microtubule-actin cross-linking factor 1, isoforms 1/2/3/5
Melanoma inhibitory activity protein 3
Macrophage migration inhibitory factor
Musculoskeletal embryonic nuclear protein 1
Serine/threonine-protein kinase mTOR
Neurobeachin-like protein 2
Myosin heavy chain, non-muscle
NACHT, LRR and PYD domains-containing protein 6
Neurofibromin
Noggin
Nitric oxide synthase, inducible
Natural resistance-associated macrophage protein 1
Pro-neuregulin-1, membrane-bound isoform
Neurogenic locus notch homolog protein 2
Mu-type opioid receptor
Optineurin
Cellular tumor antigen p53
P2Y purinoceptor 1
P2Y purinoceptor 2
Serine/threonine-protein kinase PAK 1
Plasminogen activator inhibitor 2, macrophage
Plasminogen activator inhibitor 1
Plasminogen activator inhibitor 2 type A
Polycomb group protein Pc
Palladin
Platelet-derived growth factor subunit A
Platelet-derived growth factor subunit B
Platelet endothelial cell adhesion molecule
Platelet-derived growth factor receptor alpha
Decorin
Platelet-derived growth factor receptor beta
POU domain, class 2, transcription factor 3
Profilin
Inactive tyrosine-protein kinase 7
RAF proto-oncogene serine/threonine-protein kinase
Ras-like GTP-binding protein Rho1
Scavenger receptor class B member 1
Syndecan-1
Syndecan-2
Protein scribble homolog
Syndecan-4
Protein singed
SPARC
Mothers against decapentaplegic homolog 1
Myosin regulatory light chain sqh
Small proline-rich protein 3
Transforming growth factor beta-2
Transforming growth factor beta-1
TGF-beta receptor type-2
Protransforming growth factor alpha
Transforming growth factor beta-3
TGF-beta receptor type-1
Prothrombin
Trefoil factor 1
Trefoil factor 3
Metalloproteinase inhibitor 1
Tissue-type plasminogen activator
Tropomyosin alpha-1 chain
Trem-like transcript 1 protein
UPF0598 protein CG30010
Vang-like protein 2
Urokinase-type plasminogen activator
Vascular endothelial growth factor A
Protein Wnt-5a
Fractalkine
