Retinal-specific ATP-binding cassette transporter
Protein sevenless
Neuronal acetylcholine receptor subunit beta-2
Aryl-hydrocarbon-interacting protein-like 1
ADP-ribosylation factor-like protein 6
Phosrestin-2
Arrestin-C
S-arrestin
Phosrestin-1
Arrestin, lateral eye
Protein aveugle
Ataxin-7
Homeobox protein B-H2
Bardet-Biedl syndrome 4 protein
Bardet-Biedl syndrome 7 protein
Bardet-Biedl syndrome 5 protein
Homeobox protein B-H1
Bestrophin-1
Transforming growth factor-beta-induced protein ig-h3
Protein bride of sevenless
Bardet-Biedl syndrome 1 protein
Bardet-Biedl syndrome 2 protein
Bardet-Biedl syndrome 10 protein
Phakinin
Calcium-binding protein 4
Cadherin-23
Phosphatidate cytidylyltransferase, photoreceptor-specific
Chaoptin
Cadherin-related family member 1
Protein CLN8
Ceroid-lipofuscinosis neuronal protein 5
Ceroid-lipofuscinosis neuronal protein 5 homolog
Clarin-1
Retinal cone rhodopsin-sensitive cGMP 3',5'-cyclic phosphodiesterase subunit gamma
Retinal rod rhodopsin-sensitive cGMP 3',5'-cyclic phosphodiesterase subunit gamma
Metal transporter CNNM4
Claudin-19
Collagen alpha-1(II) chain
Collagen alpha-1(I) chain
Collagen alpha-1(XI) chain
Ceroid-lipofuscinosis neuronal protein 6
Cyclic nucleotide-gated channel cone photoreceptor subunit alpha
Cyclic nucleotide-gated cation channel beta-1
Cyclic nucleotide-gated cation channel beta-3
Beta-crystallin A4
Beta-crystallin B2
Beta-crystallin B3
Beta-crystallin A3
Beta-crystallin B1
Gamma-crystallin C
Cone-rod homeobox protein
Collagen alpha-1(XVIII) chain
Gamma-crystallin B
Calphotin
Gamma-crystallin A
Gamma-crystallin D
Gap junction alpha-8 protein
Gap junction gamma-1 protein
Cytochrome P450 4V2
Beta-crystallin A1
Alpha-crystallin A chain
Gap junction alpha-3 protein
Gap junction delta-2 protein
Peptidyl-prolyl cis-trans isomerase, rhodopsin-specific isozyme
Delta-like protein 4
Eye-specific diacylglycerol kinase
DNA damage-regulated autophagy modulator protein 2
Short-chain dehydrogenase/reductase 3
Protein disconnected
Homeobox protein DLL-4
Serine/threonine-protein kinase Doa
Endothelial PAS domain-containing protein 1
Echinoderm microtubule-associated protein-like 2
Protein FAM161A
Probable ubiquitin carboxyl-terminal hydrolase FAF
Eyes absent homolog 4
Eyes absent homolog 3
Protein eyes shut homolog
EGF-containing fibulin-like extracellular matrix protein 1
Fragile X mental retardation syndrome-related protein 1
Fascin-2
Guanine nucleotide-binding protein subunit gamma-e
Gamma-aminobutyric acid receptor subunit rho-1
Gamma-aminobutyric acid receptor subunit rho-2
Head-specific guanylate cyclase
Protein glass
Guanine nucleotide-binding protein subunit beta-2
Glycine receptor subunit alpha-1
Guanylyl cyclase inhibitory protein
Glycine receptor subunit beta
Guanine nucleotide-binding protein G(t) subunit alpha-1
G-protein coupled receptor 98
G protein alpha q subunit
G protein-coupled receptor kinase 7B
Metabotropic glutamate receptor 6
Guanine nucleotide-binding protein G(t) subunit alpha-2
Guanylyl cyclase-activating protein 1
Probable G-protein coupled receptor 179
Metabotropic glutamate receptor 8
Guanylyl cyclase-activating protein 2
Guanylyl cyclase GC-E
Guanine nucleotide-binding protein G(t) subunit alpha-3
G-protein coupled receptor 143
G-protein coupled receptor family C group 5 member C
G-protein-coupled receptor kinase 7A
G protein-coupled receptor kinase 7
Retinal guanylyl cyclase 1
Retinal guanylyl cyclase 2
G protein-coupled receptor kinase 7A
Guanylyl cyclase-activating protein 3
Hermansky-Pudlak syndrome 5 protein homolog
Hermansky-Pudlak syndrome 1 protein
Hemicentin-1
Heat shock factor protein 4
Interphotoreceptor matrix proteoglycan 2
Intermediate filament protein ON3
Iroquois-class homeodomain protein IRX-5
Inactivation-no-after-potential D protein
Integrin beta-PS
Inositol 1,4,5-trisphosphate receptor
Interphotoreceptor matrix proteoglycan 1
ATP-sensitive inward rectifier potassium channel 10
Keratin, type I cytoskeletal 12
Keratocan
Laminin subunit beta-2
Laminin subunit gamma-3
Lecithin retinol acyltransferase
Lumican
Leucine-rich repeat, immunoglobulin-like domain and transmembrane domain-containing protein 3
Protein muscleblind
McKusick-Kaufman/Bardet-Biedl syndromes putative chaperonin
Multidrug resistance-associated protein 6
Myosin-IIIa
Myosin-IIIb
Unconventional myosin-Va
Unconventional myosin-VIIa
Myocilin
Unconventional myosin-IXa
Sodium/potassium/calcium exchanger 1
Norrin
Sodium/potassium/calcium exchanger 2
Neuroglobin
Neither inactivation nor afterpotential protein G
Neither inactivation nor afterpotential protein C
RNA-binding protein NOB1
Noelin-2
Protein no-on-transient A
Neural retina-specific leucine zipper protein
Nyctalopin
Opsin-1, short-wave-sensitive 1
Dynamin-like 120 kDa protein, mitochondrial
Opsin-1
Opsin Rh2
Opsin-3
Opsin Rh4
Blue-sensitive opsin
Rhodopsin
Green-sensitive opsin-1
Medium-wave-sensitive opsin 1
Pineal opsin
Red-sensitive opsin-1
Long-wave-sensitive opsin 1
Red-sensitive opsin
Ultraviolet-sensitive opsin
Melanopsin-A
Melanopsin-B
Opsin Rh1
Short-wave-sensitive opsin 1
Green-sensitive opsin-2
Green-sensitive opsin P521
Lateral eye opsin
Parapinopsin
Violet-sensitive opsin
Visual pigment-like receptor peropsin
Ornithine aminotransferase, mitochondrial
Optic atrophy 3 protein homolog
Opsin Rh6
Rhodopsin, deep-sea form
Pinopsin
Putative violet-sensitive opsin
Opsin-1, short-wave-sensitive 2
Melanopsin
Opsin Rh3
Opsin Rh5
Blue-sensitive opsin P467
Compound eye opsin BCRH2
Rhodopsin, freshwater form
Nucleoredoxin-like protein 2
Melanopsin-like
Opsin-5
Opsin-2
Compound eye opsin BCRH1
Green-sensitive opsin-3
Green-sensitive opsin-4
Opsin, longwave 563 nm
Ocellar opsin
Red-sensitive opsin-2
Ceropsin
Rhodopsin, GQ-coupled
Rhodopsin, G0-coupled
Rhodopsin, long-wavelength
Opsin, ultraviolet-sensitive
Optic atrophy 3 protein
Paired box protein Pax-6
Cone cGMP-specific 3',5'-cyclic phosphodiesterase subunit alpha'
Probable cGMP 3',5'-cyclic phosphodiesterase subunit delta
Protocadherin-15
Rod cGMP-specific 3',5'-cyclic phosphodiesterase subunit beta
Retinal rod rhodopsin-sensitive cGMP 3',5'-cyclic phosphodiesterase subunit delta
Phosphodiesterase delta-like protein
Rod cGMP-specific 3',5'-cyclic phosphodiesterase subunit alpha
Paired box protein Pax-2
Phosducin-like protein
Protein phyllopod
1-phosphatidylinositol 4,5-bisphosphate phosphodiesterase
Phosphatidylinositol transfer protein alpha isoform
POU domain, class 6, transcription factor 2
Serine/threonine-protein phosphatase with EF-hands 2
POU domain, class 4, transcription factor 3
Palmitoyl-protein thioesterase 1
Progressive rod-cone degeneration protein
Proline-rich protein 4
Peripherin-2
Progressive rod-cone degeneration protein homolog
Protein PTHB1
Rab proteins geranylgeranyltransferase component A 1
Retinal-binding protein
Retina and anterior neural fold homeobox protein 2
Ras-like protein 3
Retinol dehydrogenase 10
11-cis retinol dehydrogenase
Retinol dehydrogenase 8
Retinol dehydrogenase 12
Photoreceptor outer segment membrane glycoprotein 2
Recoverin
Protein RD3
Retinochrome
Retinol-binding protein 3
Regulator of G-protein signaling 9
Serine/threonine-protein phosphatase rdgC
Retinol-binding protein 4
Protein retinal degeneration B
RDS/peripherin-like protein xRDS35
RDS/peripherin-like protein xRDS36
RPE-retinal G protein-coupled receptor
Regulator of G-protein signaling 16
Regulating synaptic membrane exocytosis protein 1
Rhodopsin kinase
Retinaldehyde-binding protein 1
Retinitis pigmentosa 1-like 1 protein
Retinoid isomerohydrolase
Rod outer segment membrane protein 1
Oxygen-regulated protein 1
X-linked retinitis pigmentosa GTPase regulator
Homeobox protein rough
X-linked retinitis pigmentosa GTPase regulator-interacting protein 1
Retinal homeobox protein Rx
Membrane-associated transporter protein
Sodium bicarbonate cotransporter 3
SLIT and NTRK-like protein 6
Secreted frizzled-related protein 5
S-modulin
Homeobox protein SIX3
Transcription factor SOX-14
Homeobox protein SIX6
Spermatogenesis-associated protein 7 homolog
Spermatogenesis-associated protein 7
Protein Star
Tumor-associated calcium signal transducer 2
Metalloproteinase inhibitor 3
Mitochondrial import inner membrane translocase subunit TIM14
Oculomedin
Transient receptor potential cation channel subfamily M member 1
Tyrosine 3-monooxygenase
Protein unc-119 homolog A
Tubby-related protein 1
Tyrosinase
Tubby-related protein 2
Usherin
Ventral anterior homeobox 2
Vesicular glutamate transporter 2.1
Visinin
Visual system homeobox 2
Visual system homeobox 1
WD repeat-containing protein 36
Wolframin
Retinoschisin
Protein XRP2
Zinc finger protein ZIC 2-B
Zinc finger protein 513
Zinc finger protein ZIC 2-A
