DNA-3-methyladenine glycosylase
Aldose reductase
Insulin-like growth factor-binding protein complex acid labile subunit
Aldehyde dehydrogenase X, mitochondrial
Ankyrin repeat domain-containing protein 12
Actin-binding protein anillin
Serine/threonine-protein phosphatase 6 regulatory ankyrin repeat subunit A
Aprataxin
Adenine phosphoribosyltransferase
Arginine and glutamate-rich protein 1
Active regulator of SIRT1
ATP synthase subunit d, mitochondrial
ATR-interacting protein
Barrier-to-autointegration factor
D-beta-hydroxybutyrate dehydrogenase, mitochondrial
Chromatin complexes subunit BAP18
Macrophage-capping protein
Protein CDKN2AIP homolog B
Coiled-coil domain-containing protein 106
Coiled-coil domain-containing protein 174
Protein CDKN2AIP homolog A
Protein CASP
Coiled-coil domain-containing protein 181
Calcium-binding protein 4a
Cell division control protein 45 homolog
Centromere protein O
Coiled-coil domain-containing protein 51
Centrosomal protein of 164 kDa
Centromere protein N
Centromere protein Q
Centrosomal protein of 70 kDa
UPF0705 protein C11orf49 homolog
Putative uncharacterized protein C8orf44
CKLF-like MARVEL transmembrane domain-containing protein 8
SNF2 domain-containing protein CLASSY 1
CKLF-like MARVEL transmembrane domain-containing protein 2
CLK4-associating serine/arginine rich protein
UPF0705 protein C11orf49
CKLF-like MARVEL transmembrane domain-containing protein 2B
Condensin-2 complex subunit H2
Condensin-2 complex subunit G2
Condensin-2 complex subunit D3
Anamorsin
COP9 signalosome complex subunit 6
COP9 signalosome complex subunit 3
COP9 signalosome complex subunit 7b
Chromosome transmission fidelity protein 18 homolog
COP9 signalosome complex subunit 7a
CUE domain-containing protein 2
Pre-mRNA-splicing factor CWC25 homolog
Calcyclin-binding protein
m7GpppN-mRNA hydrolase
Protein DDI1 homolog 2
Dynactin subunit 5
DnaJ homolog subfamily C member 8
DNA ligase 4
DNA polymerase delta subunit 2
DnaJ homolog subfamily C member 7
DNA polymerase epsilon subunit 2
E1A-binding protein p400
Ephrin type-A receptor 6
Protein FAM222B
Protein FAM188A
Protein FAM63B
Epsin-2
MIP18 family protein FAM96A
Fibronectin type 3 and ankyrin repeat domains protein 1
Fanconi anemia core complex-associated protein 24
F-box only protein 34
Fanconi anemia group B protein
Flap endonuclease 1-B
Flap endonuclease 1-1
Flap endonuclease 1-A
Probable flap endonuclease 1 homolog
Flap endonuclease 1
Protein FAM63A
Protein FAM71D
F-box only protein 3
Fibronectin type 3 and ankyrin repeat domains 1 protein
Formin-binding protein 4
Flap endonuclease 1-2
Fibronectin type III domain-containing protein 1
Fanconi anemia core complex-associated protein 100
FLYWCH-type zinc finger-containing protein 1
Glucose-induced degradation protein 8 homolog
GTPase IMAP family member 8
Glucokinase regulatory protein
RAB6-interacting golgin
G patch domain and KOW motifs-containing protein
GPN-loop GTPase 1
Gasdermin-D
Hydroxyacyl-coenzyme A dehydrogenase, mitochondrial
Heparan-sulfate 6-O-sulfotransferase 2
Helicase POLQ-like
Host cell factor C1 regulator 1
Heat shock protein 105 kDa
Interleukin-17 receptor D
Huntingtin-interacting protein K
Interferon-induced protein 44-like
Inositol polyphosphate multikinase
Integrin-alpha FG-GAP repeat-containing protein 2
Chromosome-associated kinesin KIF4B
KAT8 regulatory NSL complex subunit 2
Cyclin-dependent kinase inhibitor 3
Cyclin-dependent kinase inhibitor 7
Chromosome-associated kinesin KIF4
Cyclin-dependent kinase inhibitor 6
Cyclin-dependent kinase inhibitor 2
Leucine-rich repeat and coiled-coil domain-containing protein 1
LYR motif-containing protein 1
Protein LTV1 homolog
Mediator of DNA damage checkpoint protein 1
Microcephalin
Protein MENT
DNA replication licensing factor MCM5
Multiple C2 and transmembrane domain-containing protein 2
Male-specific lethal 1 homolog
Double-strand break repair protein MRE11
N-alpha-acetyltransferase 25, NatB auxiliary subunit
UPF0160 protein MYG1, mitochondrial
NADH dehydrogenase  1 alpha subcomplex subunit 13
Nucleolar protein 4-like
Magnesium transporter NIPA4
Nurim
Ribosyldihydronicotinamide dehydrogenase  2)
Nucleoside diphosphate-linked moiety X motif 22
Peptidase M20 domain-containing protein 2
PCNA-interacting partner
Phosphorylated CTD-interacting factor 1
DNA replication complex GINS protein PSF3
Ankycorbin
PWWP domain-containing protein 2B
Glutamine-rich protein 1
Cell cycle checkpoint control protein RAD9B
RNA-binding protein 48
ATP-dependent DNA helicase Q1
Protein Red
Replication factor C subunit 2
RNA exonuclease 1 homolog
RNA 3'-terminal phosphate cyclase
Stromal membrane-associated protein 2
SH3 domain-binding glutamic acid-rich-like protein 2
Smith-Magenis syndrome chromosomal region candidate gene 8 protein homolog
Smoothelin
Endophilin-B2
Smith-Magenis syndrome chromosomal region candidate gene 8 protein
U11/U12 small nuclear ribonucleoprotein 48 kDa protein
U11/U12 small nuclear ribonucleoprotein 25 kDa protein
Sperm-associated antigen 17
Signal transducing adapter molecule 2
Synaptonemal complex protein 2-like
Synapse-associated protein 1
Arginine--tRNA ligase, cytoplasmic
Tubulin-folding cofactor B
Putative deoxyribonuclease TATDN1
Transmembrane and ubiquitin-like domain-containing protein 1
Complex I assembly factor TIMMDC1, mitochondrial
Transportin-1
DNA topoisomerase 2-beta
Transmembrane protein 94
Transmembrane protein 70, mitochondrial
TM2 domain-containing protein 1
TELO2-interacting protein 2
UBX domain-containing protein 7
UAP56-interacting factor
WD repeat-containing protein 13
WD repeat-containing protein 18
WD repeat and HMG-box DNA-binding protein 1
WD repeat-containing protein 26
WD repeat-containing protein 27
ATP-dependent zinc metalloprotease YME1L1
Protein ZBED8
Zinc finger CCCH domain-containing protein 18
