Protein BFR2
Protein bfr2
ATP-dependent RNA helicase dbp4
DDB1- and CUL4-associated factor 13
ATP-dependent RNA helicase HCA4
Digestive organ expansion factor homolog
ATP-dependent RNA helicase DBP4
Protein SOF1
Digestive organ expansion factor
Probable ATP-dependent RNA helicase DHR1
rRNA-processing protein FCF1 homolog
rRNA-processing protein fcf1
KRR1 small subunit processome component homolog
U3 small nucleolar ribonucleoprotein protein LCP5
U3 small nucleolar RNA-associated protein MPP10
U3 small nucleolar ribonucleoprotein protein MPP10
U3 small nucleolar ribonucleoprotein protein mpp10
Ribosomal RNA small subunit methyltransferase NEP1
Neuroguidin
Ribosomal RNA small subunit methyltransferase nep-1
Ribosomal RNA small subunit methyltransferase mra1
Nucleolar complex protein 4 homolog
Nucleolar complex protein 4
Ribosome biogenesis protein ENP2
Nucleolar protein 56
rRNA biogenesis protein RRP5
Something about silencing protein 10
Transducin beta-like protein 3
U3 small nucleolar RNA-interacting protein 2
U3 small nucleolar RNA-associated protein 25
Probable U3 small nucleolar RNA-associated protein 11
U3 small nucleolar RNA-associated protein 14
Ribonuclease VapC4
U3 small nucleolar RNA-associated protein 11
Small subunit processome component 20 homolog
rRNA-processing protein UTP23 homolog
U3 small nucleolar RNA-associated protein 21
rRNA-processing protein UTP23
U3 small nucleolar RNA-associated protein 14 homolog A
U3 small nucleolar RNA-associated protein 18 homolog
Probable U3 small nucleolar RNA-associated protein 18
U3 small nucleolar RNA-associated protein 20
U3 small nucleolar RNA-associated protein 21 homolog
rRNA-processing protein utp23
U3 small nucleolar RNA-associated protein 7
WD repeat-containing protein 46
Putative ATP-dependent RNA helicase PB1A10.06c
