Arsenite oxidase subunit AioB
Cytochrome b
Mitochondrial-processing peptidase subunit alpha
Cytochrome b-c1 complex subunit 8
Cytochrome b-c1 complex subunit 6, mitochondrial
Cytochrome b-c1 complex subunit 10
Cytochrome b-c1 complex subunit 6
Probable cytochrome b-c1 complex subunit 6
Cytochrome b-c1 complex subunit 9
Probable cytochrome b-c1 complex subunit 8
Ubiquinol-cytochrome c reductase iron-sulfur subunit
Cytochrome b-c1 complex subunit Rieske-1, mitochondrial
Cytochrome b6-f complex iron-sulfur subunit, chloroplastic
Cytochrome b6-f complex iron-sulfur subunit
Cytochrome b-c1 complex subunit Rieske, mitochondrial
Cytochrome b6-f complex iron-sulfur subunit 2
Putative cytochrome b-c1 complex subunit Rieske-like protein 1
Cytochrome b-c1 complex subunit Rieske-3, mitochondrial
Cytochrome b-c1 complex subunit Rieske-5, mitochondrial
Cytochrome b6-f complex iron-sulfur subunit 2, chloroplastic
Cytochrome b6-f complex iron-sulfur subunit 3
Cytochrome b6-f complex iron-sulfur subunit 1, chloroplastic
Cytochrome b6-f complex iron-sulfur subunit 1
Cytochrome b-c1 complex subunit Rieske-4, mitochondrial
Cytochrome b-c1 complex subunit Rieske-2, mitochondrial
Cytochrome b6-f complex iron-sulfur subunit 1, cyanelle
Cytochrome b6-f complex iron-sulfur subunit 2, cyanelle
Putative Rieske 2Fe-2S iron-sulfur protein YhfW
