Thiosulfate sulfurtransferase GlpE
Adenylyltransferase and sulfurtransferase MOCS3
Adenylyltransferase and sulfurtransferase MOCS3-2
Adenylyltransferase and sulfurtransferase MOCS3-1
Thiosulfate sulfurtransferase PspE
Thiosulfate sulfurtransferase RDL2, mitochondrial
Thiosulfate sulfurtransferase RDL1, mitochondrial
Putative thiosulfate sulfurtransferase, mitochondrial
Thiosulfate sulfurtransferase 18
Thiosulfate/3-mercaptopyruvate sulfurtransferase 2
Thiosulfate sulfurtransferase 16, chloroplastic
Thiosulfate/3-mercaptopyruvate sulfurtransferase 1, mitochondrial
Putative thiosulfate sulfurtransferase SseA
3-mercaptopyruvate sulfurtransferase
Thiosulfate sulfurtransferase
Putative thiosulfate sulfurtransferase
Putative thiosulfate sulfurtransferase mpst-4
Putative thiosulfate sulfurtransferase SseB
Putative thiosulfate sulfurtransferase 1
Putative thiosulfate sulfurtransferase mpst-1
Putative thiosulfate sulfurtransferase 2
Probable 3-mercaptopyruvate sulfurtransferase
Thiosulfate sulfurtransferase TUM1
Thiosulfate sulfurtransferase/rhodanese-like domain-containing protein 3
Adenylyltransferase and sulfurtransferase uba4
Adenylyltransferase and sulfurtransferase UBA4
CDC25-like phosphatase YCH1
Inner membrane protein YgaP
Thiosulfate sulfurtransferase YnjE
