Abscisic acid 8'-hydroxylase 2
Abscisic acid 8'-hydroxylase 3
Abscisic acid 8'-hydroxylase 4
Sterol O-acyltransferase 1
Protein ARV1
Sterol 3-beta-glucosyltransferase
Protein arv1 homolog
Cytochrome P450 724B1
Cytochrome P450 85A1
3-epi-6-deoxocathasterone 23-monooxygenase
Putative cytochrome P450 135B1
Cytochrome P450 90A1
Putative cytochrome P450 135A1
Cytochrome P450 85A2
Lanosterol 14-alpha demethylase
Putative cytochrome P450 128
Mycocyclosin synthase
Putative cytochrome P450 139
Putative cytochrome P450 137
Pulcherriminic acid synthase
Emopamil-binding protein-like
Lanosterol synthase
Ent-kaurenoic acid oxidase 2
Ent-kaurenoic acid oxidase 1
Mevalonate kinase
Lysosomal acid lipase/cholesteryl ester hydrolase
Pentatricopeptide repeat-containing protein At4g14850
Acetyl-CoA acetyltransferase, cytosolic 1
Sterol esterase TGL1
Sterol 3-beta-glucosyltransferase UGT80A2
Probable inactive linolenate hydroperoxide lyase
Sterol esterase 2
Sterol esterase 1
