Age-related maculopathy susceptibility protein 2
Beta-2-microglobulin
Bardet-Biedl syndrome 10 protein homolog
Cystatin-S
Ig kappa chain C region
Ig gamma-3 chain C region
Lysozyme C
Lysozyme C-2
Polymeric immunoglobulin receptor
Prolactin-inducible protein homolog
POC1 centriolar protein homolog B
POTE ankyrin domain family member J
POTE ankyrin domain family member I
POTE ankyrin domain family member F
Proline-rich protein 1
Sodium/nucleoside cotransporter 2
Solute carrier family 28 member 3
Serotransferrin
Zinc-alpha-2-glycoprotein
Zymogen granule protein 16 homolog B
