Abrin-a
Abrin-b
Abrin-c
Abrin-d
Albumin b-32
Agglutinin
Agglutinin-1
Aralin A chain
Ribosome-inactivating protein charantin
60 kDa jasmonate-induced protein
N-acetyl-D-galactosamine-binding lectin subunit A
Beta-galactoside-specific lectin 1
Beta-galactoside-specific lectin 2
Beta-galactoside-specific lectin 3
Beta-galactoside-specific lectin 4
Nigrin b
Ricin
Antiviral protein GAP-31
Ribosome-inactivating protein saporin-6
Ribosome-inactivating protein luffin-B
Ribosome-inactivating protein lychnin
Ribosome-inactivating protein SNAI'
Protein synthesis inhibitor II
Ribosome-inactivating protein saporin-2
Ribosome-inactivating protein 3
Ribosome-inactivating protein saporin-5
Ribosome-inactivating protein luffaculin 1
Type I ribosome-inactivating protein trichoanguina
Ribosome-inactivating protein cucurmosin
Ribosome-inactivating protein luffin P1
Ribosome-inactivating protein momordin I
Antiviral protein I
Ribosome-inactivating protein bryodin II
Ribosome-inactivating protein saporin-3
Ribosome-inactivating protein saporin-4
Ribosome-inactivating protein saporin-7
Antiviral protein alpha
Ribosome-inactivating protein gelonin
Ribosome-inactivating protein PD-L3/PD-L4
Ribosome-inactivating protein karasurin-C
Ribosome-inactivating protein pleuturegin
Protein synthesis inhibitor PD-S2
Heterotepalin-4
Ribosome-inactivating protein saporin-9
Ribosome-inactivating protein luffin-alpha
Ribosome-inactivating protein PD-L1/PD-L2
Antiviral protein S
Ribosome-inactivating protein
Ribosome-inactivating protein charybdin
Antiviral protein DAP-32
Ribosome-inactivating protein luffacylin
Ribosome-inactivating protein momorcochin-S
Putative ribosome-inactivating protein
Protein synthesis inhibitor I
Ribosome-inactivating protein momordin II
Ribosome-inactivating protein TAP-29
Ribosome-inactivating protein 9
Ribosome-inactivating protein trichokirin
Ribosome-inactivating protein bryodin I
Ribosome-inactivating protein gynostemmin
Ribosome-inactivating protein saporin-1
Antiviral protein 2
Antiviral protein MAP
Ribosome-inactivating protein velutin
Ribosome-inactivating protein momorgrosvin
Shiga-like toxin 2 subunit A
Shiga toxin subunit A
Shiga-like toxin 1 subunit A
