Glucosylglycerol-phosphate synthase
Maltokinase
Transcription factor JUNGBRUNNEN 1
Alpha,alpha-trehalose-phosphate synthase
Trehalose-phosphate synthase
Probable alpha,alpha-trehalose-phosphate synthase
Phosphoglucomutase 2
Phosphoglucomutase 1
Alpha,alpha-trehalose-phosphate synthase  1
Alpha,alpha-trehalose-phosphate synthase  2
Probable alpha,alpha-trehalose-phosphate synthase  4
Probable alpha,alpha-trehalose-phosphate synthase  10
Probable alpha,alpha-trehalose-phosphate synthase  2
Probable alpha,alpha-trehalose-phosphate synthase  8
Putative alpha,alpha-trehalose-phosphate synthase  100 kDa subunit
Malto-oligosyltrehalose trehalohydrolase
Alpha,alpha-trehalose-phosphate synthase  56 kDa subunit
Trehalose synthase complex regulatory subunit TPS3
Alpha,alpha-trehalose-phosphate synthase  5
Probable alpha,alpha-trehalose-phosphate synthase  9
Alpha,alpha-trehalose-phosphate synthase  B
Probable alpha,alpha-trehalose-phosphate synthase  3
Trehalose synthase/amylase TreS
Alpha,alpha-trehalose-phosphate synthase  A
Putative alpha,alpha-trehalose-phosphate synthase  106 kDa subunit
Probable alpha,alpha-trehalose-phosphate synthase  11
Probable alpha,alpha-trehalose-phosphate synthase  7
Putative maltooligosyl trehalose synthase
Trehalose synthase complex regulatory subunit TSL1
