CUGBP Elav-like family member 1
Eukaryotic translation initiation factor 3 subunit M
Protein GCN20
Serine/threonine-protein kinase GCN2
Translational activator GCN1
Nucleoporin GLE1
Nucleoporin gle1
Eukaryotic translation initiation factor 1A
Eukaryotic translation initiation factor 2 subunit beta
Eukaryotic translation initiation factor 5
Eukaryotic translation initiation factor 5B
DNA-directed RNA polymerase II subunit 4
DNA-directed RNA polymerase II subunit 7
Protein krasavietz
DNA-directed RNA polymerase II subunit rpb4
DNA-directed RNA polymerase II subunit RPB7
DNA-directed RNA polymerase II subunit rpb7
DNA-directed RNA polymerase II subunit RPB4
40S ribosomal protein S19
40S ribosomal protein S3a
Eukaryotic translation initiation factor eIF-1
Transforming acidic coiled-coil-containing protein 3
Transducin beta-like protein 2
