BAG family molecular chaperone regulator 2
ATP-dependent Clp protease ATP-binding subunit ClpA homolog CD4A, chloroplastic
Chaperone protein ClpB
Probable ATP-dependent Clp protease ATP-binding subunit
ATP-dependent Clp protease ATP-binding subunit ClpC
Chaperone protein ClpD2, chloroplastic
Putative chaperone protein ClpB2, chloroplastic
ATP-dependent Clp protease ATP-binding subunit ClpC1
Chaperone protein ClpC3, chloroplastic
ATP-dependent Clp protease ATP-binding subunit ClpA homolog
Chaperone protein ClpC1, chloroplastic
Chaperone protein ClpC, chloroplastic
Chaperone protein ClpD, chloroplastic
Chaperone protein ClpB1
Chaperone protein ClpB 2
Heat shock protein 100
ATP-dependent Clp protease ATP-binding subunit ClpA homolog, chloroplastic
ATP-dependent Clp protease ATP-binding subunit ClpA homolog CD4B, chloroplastic
Probable chaperone protein ClpB 2
Chaperone protein ClpC2, chloroplastic
ATP-dependent Clp protease ATP-binding subunit CLPT2, chloroplastic
Hemolysin B
Numb-like protein
