ATP-citrate synthase alpha chain protein 2
ATP-citrate synthase subunit alpha chain protein 1
ATP-citrate synthase alpha chain protein 3
ATP-citrate synthase alpha chain protein 1
Aldehyde dehydrogenase family 3 member B2
Anther-specific proline-rich protein APG
ASC1-like protein 1
Protein ASC1
ASC1-like protein
Probable BRI1 kinase inhibitor 1
Butyrophilin subfamily 2 member A1
Cyprosin
Esterase EstA
Arylesterase
Alcohol-forming fatty acyl-CoA reductase
Glycerophosphodiester phosphodiesterase GDPD4
Glycerophosphodiester phosphodiesterase GDPD6
Glycerophosphodiester phosphodiesterase GDE1
Glycerophosphodiester phosphodiesterase GDPDL7
Glycerophosphodiester phosphodiesterase GDPDL5
Protein transport protein got1
Glycerophosphodiester phosphodiesterase GDPDL6
Increased rDNA silencing protein 4
Lecithin-cholesterol acyltransferase-like 1
Acyl-CoA 6-desaturase
Ceramide synthase subunit LIP1
N-alpha-acetyltransferase 40
Antimicrobial peptide NK-lysin
Non-pathogenic pore-forming peptide
Tear acid lipase-like protein
Protein TAX4
Tubby protein homolog 1
UDP-glucuronosyltransferase 2B10
Acyl-CoA thioesterase YbgC
Putative lipase YJR107W
