Probable metalloprotease ARX1
Barrier-to-autointegration factor A
Barrier-to-autointegration factor B
Cationic amino acid transporter 3, mitochondrial
Protein CSN12 homolog
COP9 signalosome complex subunit 12
Deoxyribonuclease-1
Protein FAM156A/FAM156B
GH3 domain-containing protein
Putative GRINL1B complex locus protein 2
DNA-directed RNA polymerase II subunit GRINL1A
Inner nuclear membrane protein HEH2
3-hydroxy-3-methylglutaryl-coenzyme A reductase 2
3-hydroxy-3-methylglutaryl-coenzyme A reductase 1
Importin subunit beta
Leucine-rich repeat-containing protein 59
Mitotic spindle checkpoint protein MAD1
Meiotic expression up-regulated protein 18
Oncoprotein-induced transcript 3 protein
Inactive phospholipid phosphatase 7
1-acyl-sn-glycerol-3-phosphate acyltransferase gamma
1-acyl-sn-glycerol-3-phosphate acyltransferase epsilon
Protein rogdi homolog
Protein S100-A6
Inner nuclear membrane protein SRC1
ULP1-interacting protein 4
Vacuolar import and degradation protein 27
Meiotic chromosome segregation protein C17A2.07c
