Apoptosis-inducing factor 1, mitochondrial
Bcl-2-modifying factor
Holin-like protein CidA
Cell death abnormality protein 8
Holin-like protein CidA 2
Cell death abnormality protein 1
Holin-like protein CidA 1
Claspin
Diablo homolog, mitochondrial
DNA fragmentation factor subunit beta
Desmoglein-3
Histone H1.0
Small toxic protein IbsA
Small toxic protein IbsC
Small toxic protein IbsE
Antiholin-like protein LrgA
Antiholin-like protein LrgB
Protein lgg-1
Serine/threonine-protein phosphatase PGAM5, mitochondrial
Serine/threonine-protein phosphatase 2B catalytic subunit gamma isoform
Small toxic protein ShoB
Netrin receptor UNC5B
Netrin receptor UNC5A
