Aspartic proteinase-like protein 1
Aspartic proteinase Asp1
Protein ASPARTIC PROTEASE IN GUARD CELL 2
Rhizopuspepsin-2
Endothiapepsin
Podosporapepsin
Mucorpepsin
Rhizopuspepsin-5
Acid protease
Polyporopepsin
Rhizopuspepsin-1
Rhizopuspepsin-4
Rhizopuspepsin-3
Syncephapepsin
Protein DDI1 homolog 1
Protein DDI1 homolog 2
Proteinase p15
Nuclear receptor-interacting protein 3
Pregnancy-associated glycoprotein 67
Pregnancy-associated glycoprotein 62
Pregnancy-associated glycoprotein 59
Pregnancy-associated glycoprotein 55
Pregnancy-associated glycoprotein 66e
Pepsin-1
Pepsin-3
Pepsin-2
Penicillopepsin
Pol polyprotein
Scytalidopepsin B
Aspergillopepsin-2
Putative ankyrin repeat protein FPV219
Protease
