2-methyl-6-phytyl-1,4-hydroquinone methyltransferase 1, chloroplastic
2-methyl-6-phytyl-1,4-hydroquinone methyltransferase, chloroplastic
2-methyl-6-phytyl-1,4-hydroquinone methyltransferase 2, chloroplastic
Geranylgeranyl diphosphate reductase, chloroplastic
Tocopherol O-methyltransferase, chloroplastic
Probable tocopherol O-methyltransferase, chloroplastic
Homogentisate geranylgeranyltransferase, chloroplastic
Probable homogentisate phytyltransferase 1, chloroplastic
Homogentisate phytyltransferase
Homogentisate phytyltransferase 1, chloroplastic
Probable homogentisate phytyltransferase 2, chloroplastic
Phytol kinase 1, chloroplastic
Probable phytol kinase, chloroplastic
Probable phytol kinase 2, chloroplastic
Probable phytol kinase 1, chloroplastic
Probable phytol kinase 3, chloroplastic
Phospholipid transfer protein
Phytol kinase
Probable aminotransferase TAT2
Probable tocopherol cyclase, chloroplastic
