Three-finger toxin 3FTx-1
Delta-ctenitoxin-Asp2e
Tapetum-specific protein A9
Probable alpha-L-arabinofuranosidase A
Probable alpha-L-arabinofuranosidase C
Protein 29C
Dendrotoxin A
Alpha-1B-glycoprotein
Dendrotoxin B
Antibacterial factor-related peptide 1
Protein 108
Three-finger toxin MALT0063C
Alpha-L-arabinofuranosidase A
14 kDa antigen
U3-ctenitoxin-Asp1a
33kDa venom protein
Weak toxin S4C11
Extracellular protein ARB_03106
Accessory gland protein Acp29AB
Venom acid phosphatase Acph-1
Acrosin-binding protein
ADM
Kappa-theraphotoxin-Gr2c
Heat-stable 19 kDa antigen
Anterior gradient protein 1
Beta-agarase AgaB34
Beta-agarase D
Extracellular agarase
Allergen Asp f 15 homolg
Alpha-crystallin
Anterior gradient protein 2-A
Putative lipid-binding protein AIR1B
Major pollen allergen Art v 1
Allergen Asp f 4
Mite allergen Lep d 7
Antimicrobial peptide AJN-10
Mite group 2 allergen Gly d 2.02
Mite group 2 allergen Lep d 2
Allergen Asp f 7 homolog
Allergen Ulo b 1
Antimicrobial peptide CHP1
Antimicrobial peptide 1
ADM5
Beta-agarase C
Mite group 2 allergen Gly d 2.01
Mite group 2 allergen Eur m 2
Alkaline phosphatase
Antimicrobial peptide THP1
Antimicrobial protein 2
Alpha-amylase A type-3
Amylosucrase
Serine/threonine-rich protein adg2
Putative adrenomedullin-5-like protein
Beta-theraphotoxin-Gr1b
Beta-agarase AgaA34
Allergen C-C
Antimicrobial protein 1
Antimicrobial peptide THP2
Alpha-amylase
Probable alpha-amylase 2
Angiopoietin-related protein 5
Kidney androgen-regulated protein
Gastrin/cholecystokinin-like peptide
Alanine and proline-rich secreted protein Apa
Anterior gradient protein 2-B
Mite group 2 allergen Der p 2
Mite group 2 allergen Pso o 2
Mite allergen Der p 7
Anti-lipopolysaccharide factor
Angiopoietin-related protein 7
Angiopoietin-4
Aspartyl protease inhibitor
Alanine and glycine-rich protein
Allergen Asp f 15
Major allergen Blo t 12
Mite group 2 allergen Der f 2
Mite group 2 allergen Tyr p 2
Mite allergen Der f 7
Allatostatin C
Antimicrobial peptide THP3
Apamin
Alpha-amylase 1
Alpha-amylase A
Anantin
Anoplin
Aldehyde dehydrogenase 22A1
30 kDa salivary gland allergen Aed a 3
Major allergen Alt a 1
Allergen Ste b 1
Cellulosome-anchoring protein
Filarial antigen Av33
Angiopoietin-1
Allergen Ani s 4
Major pepsin inhibitor 3
Pepsin inhibitor Dit33
Immunodominant antigen Ov33-3
Ascaphin-2
Probable ABC transporter arginine-binding protein ArtJ
Ascaphin-1
L-ascorbate oxidase
Astakine
Calcium-binding acidic-repeat protein
Acidic skeletal organic matrix protein
Probable L-asparaginase 3
Allergen Arg r 1
MANF/CDNF-like protein
Aggregation substance
L-asparaginase 2-1
L-asparaginase 2-3
Ascaphin-6
Probable L-asparaginase 2
Ascaphin-4
Ascaphin-5
Anther-specific protein SF2
Ancylostoma secreted protein
Ascaphin-3
L-asparaginase 2-2
L-asparaginase 2-4
Probable L-asparaginase 4
Ascaphin-7
Probable L-asparaginase 1
Probable aspartic protease At2g35615
Aurein-1.1
Aurein-3.2
Aurein-3.3
Aurein-5.2
Aurein-5.1
Aurein-4.4
Major allergen Cav p 2
Avidin-related protein 3
Avidin-related protein 2
Avidin-related protein 7
Brevinin-2DYa
Beta-2-microglobulin
Attacin
Aurein-1.2
Avidin-related protein 1
Augerpeptide-s7a
Augerpeptide-s11a
Balbiani ring protein 1
Balbiani ring protein 2
Balbiani ring protein 3
Secreted protein BARF1
Bacteriocin bavaricin-MN
Bacteriocin bavaricin-A
Aurein-2.5
Brevinin-1DYe
Brevinin-2DYe
B melanoma antigen 2
Brain-derived neurotrophic factor
Aurein-2.3
Aurein-3.1
Aurein-2.1
Bacteriocin aureocin A53
Avidin-related protein 6
Brevinin-2DYb
Bacteriocin mutacin F-59.1
B melanoma antigen 4
Kunitz-type proteinase inhibitor BbCI
Bacteriocin SRCAM 1580
Beta-glucosidase A
Probable beta-glucosidase A
Probable beta-glucosidase D
Probable beta-glucosidase F
Probable beta-glucosidase G
Probable beta-glucosidase I
Probable beta-glucosidase K
Aurein-4.1
Augerpeptide-s6a
Brevinin-2CDYb
Bacteriocin SRCAM 37
Probable beta-glucosidase C
Probable beta-glucosidase L
Probable beta-glucosidase M
Allergen Bla g 4
Prokineticin Bm8-b
Bombinin-like peptides 1
Aurein-2.6
Avidin-related protein 4/5
Brevinin-1PLa
Bacteriocin
B melanoma antigen 5
Probable beta-glucosidase H
Prokineticin Bm8-e
Bombinin-like peptides 3
Small basic protein 1
Brevinin-1Bc
Brevinin-1E
Brevinin-1Sb
Brevinin-1SY
Brevinin-1Vb
Brevinin-2GHc
Brevinin-2Rb
Brevinin-2Ta
Brevinin-2Tc
Balbiani ring A 28 kDa protein
BMP/retinoic acid-inducible neural-specific protein 2
B melanoma antigen 3
Blight-associated protein p12
Bacteriocin SRCAM 602
Probable beta-glucosidase J
Beta-lactamase-like protein 1
Beta-lactamase-like protein ARB_00930
Prokineticin Bm8-a
Prokineticin Bm8-d
Bombinin-like peptide 4
Brevinin-1Sc
-bradykinin
Fulvonin
BTB/POZ domain-containing protein 17
Aurein-2.2
Aurein-2.4
Brevinin-1CDYd
Brevinin-1DYd
Brevinin-2DYc
Brevinin-2DYd
B melanoma antigen 1
Balbiani ring protein 6
Beta-glucosidase 12
Beta-lactamase inhibitory protein
Beta-lactamase-like protein 2
Bombinin-like peptide 2
BolA-like protein 3
Brevinin-1Sa
Brevinin-1PTb
Brevinin-2PTb
Phyllokinin-1
Complement C1q tumor necrosis factor-related protein 8
Conotoxin sr7a
Turripeptide Gsg9.1
Turripeptide Gsp9.2
Bifunctional beta-D-glucosidase/beta-D-fucosidase
Probable beta-glucosidase N
Prokineticin Bv8-like peptide 2
Brevinin-1Bf
Brevinin-1HSb
Brevinin-1La
Brevinin-1Ra
Bubble protein
Complement C1q and tumor necrosis factor-related protein 9
Turripeptide Gdm9.1
Putative uncharacterized protein C1orf134
Kappa-conotoxin-like PIVF
Carbonic anhydrase-related protein 11
Probable beta-glucosidase ARB_05654
Brevinin-1HSa
Brevinin-1S
Brevinin-1AVa
Brevinin-2HSa
Brevinin-2PTd
Brevinin-2Rd
Brevinin-2Tb
Balbiani ring A 67 kDa protein
Probable beta-glucosidase btgE
Bursicon
C1q-related factor
Complement C1q tumor necrosis factor-related protein 1
Kappa-conotoxin-like S4.3
Conotoxin PIVE
Calcitonin gene-related peptide
Cathelicidin antimicrobial peptide
Antimicrobial peptide LCI
Beta-lactamase-like protein 3
Prokineticin Bm8-c
Prokineticin Bm8-f
Bradykinin-potentiating peptide Pb
Brevinin-2HSb
Brevinin-2PTe
Nephilakinin-2
Fr.III-4
Cytochrome P450-like protein
Conotoxin S5.1
Turripeptide gsp9a
Preprocaerulein type-4
Calcitonin
Candidapepsin-1
Candidapepsin-7
Bioactive peptide 1
Beta-lactamase-like protein 4
Small basic protein 2
Brevinin-1Be
Brevinin-1R
Brevinin-1PTa
Brevinin-2GHb
Brevinin-2PTc
Brevinin-2Rc
Brevinin-2Td
Bromoheptapeptide Im
Nephilakinin-3
BTB/POZ domain-containing protein Y57A10B.3
Turripeptide Gkn9.1
Conotoxin Bu21
Preprocaerulein type-1
Calcitonin-2
Calcitonin gene-related peptide 1
Calcitonin gene-related peptide 2
Caltrin-like protein 1
Protein CAP22
Candidapepsin-4
Candidapepsin-6
Candidapepsin-9
Kappa-casein
Cathepsin L 1
UPF0565 protein C2orf69 homolog
Prokineticin Bo8
Brevinin-1Ba
Brevinin-1Lb
Brevinin-1AVb
Brevinin-2GHa
Brevinin-2PTa
Brevinin-2Ra
Nephilakinin-1
Kininogen-1
Buthinin
Chondroitin sulfate ABC exolyase
Caerulein 1.2
Preprocaerulein type-3
Putative carbonic anhydrase-like protein 2
Probable secreted aspartic protease ARB_07536
Candidapepsin-2
Bacteriocin carnobacteriocin B2
Probable 1,4-beta-D-glucan cellobiohydrolase A
Prokineticin Bv8
Conotoxin QcVIA
Turripeptide gsp9b
Skin calcitonin gene-related peptide
Cassiicolin
Bacteriocin carnobacteriocin-A
Probable 1,4-beta-D-glucan cellobiohydrolase B
Probable 1,4-beta-D-glucan cellobiohydrolase C
Coiled-coil domain-containing protein 3
Antimicrobial protein CAP18
Candidapepsin-3
Candidapepsin-8
Cathepsin L 2
Cholecystokinin A
Turripeptide Gsp9.1
Preprocaerulein type I'
Preprocaerulein clone PXC202
F1 capsule antigen
Putative carbonic anhydrase-like protein 1
1,4-beta-D-glucan cellobiohydrolase A
Bromosleeper peptide
Coiled-coil domain-containing protein 134
Cholecystokinin
CUB domain-containing protein 2
Calcitonin-3
Bacteriocin carnobacteriocin BM1
Coiled-coil domain-containing protein 1
Coiled-coil domain-containing protein 70
Neuropeptide-like protein C4orf48 homolog
Caeridin-1.1/1.2/1.3
Caeridin-2
Alpha-S1-casein
Beta-casein
Putative cathepsin L 3
1,4-beta-D-glucan cellobiohydrolase B
Coiled-coil domain-containing glutamate-rich protein 2
Cholecystokinin B
Neuropeptide-like protein C4orf48
Cerebral dopamine neurotrophic factor
CUB domain-containing protein
Endoglucanase cel12A
1,4-beta-D-glucan cellobiohydrolase CEL6A
Endoglucanase 7a
UPF0669 protein C6orf120 homolog
Counting factor-associated protein A
UPF0565 protein C2orf69
Cerebrin prohormone
Carnocyclin-A
Textile convulsant peptide
Caeridin-6
Cecropin-P2
Cecropin-P1
Probable endo-beta-1,4-glucanase celB
Cerato-platanin
Conophysin-conopressin
Low molecular weight protein antigen 6
Cellulose-binding protein A
Conotoxin De13.1
Caeridin-1.4
Putative inactive carboxylesterase 4
Chorion protein S36
Conotoxin de13a
Caeridin-3
Endoglucanase cel12C
Choriogonadotropin subunit beta
Caeridin-7.1
Putative uncharacterized protein CELF2-AS1
Colicin-V
Cecropin-P3
Putative chitinase
Cholinesterase
Conotoxin Lt11.1
Caeridin-5
Caeridin-4
1,4-beta-D-glucan cellobiohydrolase CEL6C
Complement factor H
Conotoxin Cl6.15
Kappa-conotoxin-like 1
Conotoxin Im11.1
Conotoxin Lt11.3
Conotoxin Cp1.1
conotoxin S11.3
Conotoxin Pu11.1
Kappa-conotoxin-like Im11.3
C-type lectin domain-containing protein 162
C-type lectin domain family 18 member A
C-type lectin domain family 19 member A
Clavanin-A
Cecropin-P4
Beta-glucosidase cel3A
Cardio-excitatory peptide 1
Counting factor-associated protein B
Conotoxin di16a
Cell growth regulator with EF hand domain protein 1
Chitosanase
Conotoxin Eb11.3
Conotoxin Bu28
Conotoxin Cl14.1a
Putative cat eye syndrome critical region protein 9
Protein CEI
1,4-beta-D-glucan cellobiohydrolase CEL6B
Endo-beta-1,4-glucanase
Counting factor-associated protein C
Chorionicgonadotropic hormone-like protein
Conotoxin Ep11.1
Conotoxin Cl11.2
Conotoxin Lt6.4
Putative uncharacterized protein C11orf45
UPF0454 protein C12orf49 homolog
Clavanin-B
Clavanin-E
Conotoxin Cl14c
Clusterin-like protein 1
Conotoxin PnMLKMF-01
Conotoxin Bu15
Conotoxin mr3a
Conotoxin 5
Conotoxin Cl6.7
Chemotactic peptide
Putative chitinase 1
Conotoxin Bt11.1
Conotoxin M11.2
Conotoxin ar11a
Conotoxin Im11.4
Kappa-conotoxin-like 2
Conotoxin fe11.1
Conotoxin Vi11.3
Kappa-conotoxin-like Em11.8
Kappa-conotoxin SrXIA
Conotoxin Mi11.1
C-type lectin domain-containing protein 161
Conotoxin flf14a
Clitocypin
Conotoxin 1
Conotoxin Lt16.1
Conotoxin Cal1.2
Conotoxin Eb6.15
Conotoxin de7b
Putative chitinase 2
Chitinase domain-containing protein 1
Iota-conotoxin-like L11.5
Conotoxin Au11.6
Conotoxin Rg11a
Conotoxin Im11.2
Conotoxin Lt11.2
Conotoxin Em11.5
Conotoxin Vi11.7
Kappa-conotoxin-like Em11.10
Conotoxin Fi11.11
Conotoxin Gla-TxXI
Conotoxin Pu6.1
Conotoxin Ca11b
C-type lectin domain family 3 member A
Conotoxin Cl14b
Conotoxin BeTXIb
Conotoxin pr3a
Mu-conotoxin SIIIB
Conotoxin CnIIIF
Mu-conotoxin PnIVA
Conotoxin Eb6.18
Omega-conotoxin-like Bu11
C-type lectin domain-containing protein 160
Clavanin-C
C-type lectin domain family 3 member A homolog
Conotoxin Cl14.4
Kappa-conotoxin vil14a
Conotoxin flf14c
Conotoxin Bu17
Mu-conotoxin-like SxIIIB
Conotoxin CnIIID
Conotoxin Reg12k
Protein canopy 4
Conotoxin r7a
Conotoxin Eb6.16
Conotoxin Bu14
Conotoxin Bu9
Mu-conotoxin-like Cal 12.1.2a
Mu-conotoxin-like Cal 12.2a
Conotoxin Cal6.1d
Conotoxin Cal6.1h
Clavanin-D
Kappa-conotoxin-like as14a
Conotoxin flf14b
Conotoxin QcIIIB
Conotoxin 4
Conotoxin Cl6.8
Conomap-Vt
Conotoxin Reg12e
Conotoxin pr6c
Conotoxin Cal6.1c
Contulakin-Lt2
Conophan vil-M
Arg-conopressin S
Conotoxin Bt11.4
Kappa-conotoxin-like Sx11.2
Conotoxin Lt11.6
Conotoxin Eb11.7
Conotoxin Ep11.12
Kappa-conotoxin BtX
Kappa-conotoxin ViTx
C-type lectin protein 160
C-type lectin domain-containing protein 180
C-type lectin domain-containing protein 91
Conotoxin Cl14.1b
Conotoxin Cl14.2b
Conotoxin Cl14.8
Kappa-conotoxin-like as14b
Mu-conotoxin CnIIIA
Mu-conotoxin KIIIA
Mu-conotoxin CnIIIB
Conotoxin mr3b
Conotoxin mr3c
Conotoxin ArMLKMS-01
Conopeptide Vt3.2
Conotoxin Reg12g
Conotoxin Bu10
Mu-conotoxin-like Cal 12.1.1e
Mu-conotoxin-like Cal 12.1.2e
Pro-opiomelanocortin
Corticotropin
Contryphan-Lo
Conotoxin QcIIIA
Conotoxin Reg12a
Conotoxin Reg12h
Protein canopy homolog 4
Conotoxin mr1e
Conotoxin pr6b
Conotoxin Bu12
Gamma-conotoxin-like As7a
Mu-conotoxin-like Cal 12.2c
Colossin-A
Contulakin-G
Conophan vil-I'/vil-I'(O2P)
Conopressin/neurophysin
Conotoxin BtIIIA
Conotoxin PnMLKM-D0211
Mu-conotoxin CIIIA
Mu-conotoxin MIIIA
Mu-conotoxin SxIIIA
Mu-conotoxin-like PnMMSK-D013
Conotoxin Reg12l
Conotoxin Reg12f
Conotoxin Reg12i
Putative uncharacterized protein C14orf144
Conotoxin cal6.4a
Conotoxin Eb6.17
Conotoxin pr6a
Conotoxin pr6d
Collagen alpha chain
Mu-conotoxin-like Cal 12.1.2h
Mu-conotoxin-like Cal 12.2d
Conotoxin Cal6.1f
Conotoxin im23.3
Contulakin-Lt1
Conopressin
Conorfamide-Sr1
Caerin-1.8
Conotoxin Cal6.5a
Collagen alpha-6(IV) chain
Conotoxin Bu13
Gamma-conotoxin-like de7a
Mu-conotoxin-like Cal 12.1.1d
Mu-conotoxin-like Cal 12.1.2c
Mu-conotoxin-like Cal 12.1.2g
Colossin-B
Colossin-C
Colossin-D
Conotoxin im23a
Conophan gld-V
Contryphan-Am
Contryphan-Vn
Cyanophlyctin
Caerin-1.1
Caerin-1.3
Caerin-1.5
Caerin-2.2
Caerin-3.4
Corticoliberin
Corticotropin-releasing factor-binding protein
Serotriflin
C-reactive protein P1
Putative cysteine-rich repeat secretory protein 14
Putative cysteine-rich repeat secretory protein 16
Putative cysteine-rich repeat secretory protein 33
Cysteine-rich repeat secretory protein 50
Cysteine-rich repeat secretory protein 53
Calcitonin receptor-stimulating peptide 1
Cysteine-rich venom protein 2
Cysteine-rich venom protein ENH2
Cysteine-rich venom protein VAR4
Cysteine-rich venom protein VAR7
Cysteine-rich venom protein notescatin
Cysteine-rich venom protein 25
Cysteine-rich venom protein Bco13
Cysteine-rich venom protein catrin
Cysteine-rich venom protein latisemin
Cysteine-rich venom protein pseudechetoxin-like
Cysteine-rich venom protein triflin
Cysteine-rich venom protein tigrin
Mu-conotoxin-like Cal 12.1.2d
Conotoxin Cal6.1g
Conotoxin Ac3.1
Conophan mus-V
Leu-contryphan-P
Cerebral peptide 1
Caerin-1.18
Caerin 1.1
Caerin-1.4
Caerin-1.6
Caerin-1.7
Caerin-2.3
Cysteine-rich with EGF-like domain protein 2-A
Putative cysteine-rich repeat secretory protein 17
Cysteine-rich repeat secretory protein 26
Cysteine-rich repeat secretory protein 29
Putative cysteine-rich repeat secretory protein 36
Cysteine-rich repeat secretory protein 44
Cysteine-rich repeat secretory protein 48
Cysteine-rich repeat secretory protein 54
Cysteine-rich repeat secretory protein 4
Cysteine-rich repeat secretory protein 9
Cysteine-rich venom protein asurin-1
Alpha-S2-casein-like A
Conotoxin Ca8.1
Competence-stimulating peptide type 1
Mu-conotoxin-like Cal 12.1.1c
Mu-conotoxin-like Cal 12.1.2b
Mu-conotoxin-like Cal 12.1.2f
Mu-conotoxin-like Cal 12.1.3b
Mu-conotoxin-like CalTx 12.2.1E
Communication mutant protein F
Contryphan-In
UPF0764 protein C16orf89 homolog
Caerin-1.17
Caerin-1.9
Caerin-2.1
Caerin-2.4
Caerin-3.1
Caerin-3.5
Caerin-4.3
Cysteine-rich atrial secretory protein
Cysteine-rich secretory protein 2
Putative uncharacterized protein encoded by CRHR1-IT1
C-reactive protein
Cysteine-rich repeat secretory protein 34
Cysteine-rich repeat secretory protein 43
Cysteine-rich repeat secretory protein 47
Putative cysteine-rich repeat secretory protein 7
Calcitonin receptor-stimulating peptide 2
Cysteine-rich venom protein VAR1
Cysteine-rich venom protein collettin-a
Cysteine-rich venom protein 24
Cysteine-rich venom protein piscivorin
Cysteine-rich venom protein LIO1
Cysteine-rich venom protein hematin
Cysteine-rich venom protein ophanin
Cryparin
Conotoxin Ac8.1
Sigma-conotoxin GVIIIA
Cell surface glycoprotein
S-layer protein
Protein PS1
Cystatin-11
Cystatin-14
Cystatin-8
Cystatin-9
Citropin-1.1.3
Conotoxin Cal1.1b
Citropin-1.2.4
Conotoxin TxMRCL-D012
Conotoxin mr5.1b
Conotoxin Sr5.4
Conotoxin Lt5.5
Conotoxin Pu5.6
Conotoxin Sr5.7
Conotoxin Lt5.9
Conopeptide CnVA
Conotoxin Ts-011
Calcitonin-like peptide 2
Conotoxin im23b
Conotoxin BeTXIIb
Egg protein CP422
Conotoxin Lt9a
Caerin-1.10
Caerin-1.19
Splendipherin
Caerin-4.2
Cysteine-rich with EGF-like domain protein 2-B
Corticoliberin-1
Cysteine-rich secretory protein 1
Cysteine-rich secretory protein LCCL domain-containing 1
Putative cysteine-rich repeat secretory protein 35
Putative cysteine-rich repeat secretory protein 40
Cysteine-rich repeat secretory protein 45
Cysteine-rich repeat secretory protein 8
Cysteine-rich venom protein 1
Cysteine-rich venom protein natrin-1
Cysteine-rich venom protein pseuguttin
Cysteine-rich venom protein annuliferin-b
Cysteine-rich venom protein Cau1
Helicopsin
Cysteine-rich venom protein mossambin
Cysteine-rich venom protein okinavin
Cysteine-rich venom protein TRI1
Conotoxin Tx8.1
Probable cystatin-16
Cystatin-9-like
Conotoxin
Conotoxin VnMLCL-05
Conotoxin VnMLCL-041
Citropin-1.1.4
Conotoxin Cal1.1a
Citropin-1.2.5
Conotoxin Pn-B0151
Conotoxin TeAr154
Conotoxin LeDr192
Chi-conotoxin MrIB
Conotoxin LiC33
Conotoxin PnMRCL-0111
Conotoxin Im5.1
Conotoxin Lt5.1
Conotoxin Ca5.2
Conotoxin Lp5.2
Conotoxin mr5.2
Conotoxin Pu5.2
Conotoxin Lt5.3
Conotoxin Pu5.3
Conotoxin VnMRCL-021
Conotoxin mr5.4b
Conotoxin Pu5.5
Conotoxin TsMLCL-E01
Conotoxin Lt5.6
Conotoxin Sr5.6
Conotoxin Lt5.8
Conotoxin ViVB
Conotoxin PnMRCL-022
Cathelicidin-3
Cathelicidin-7
Conotoxin pc1b
Conotoxin Cal9.2d
Conotoxin Cl9b
Conotoxin Cl14.5
Conotoxin Cl14.10
Conotoxin Cl14.12
Probable cutinase 5
65 kDa cell wall protein
60 kDa cell wall protein
24 kDa cell wall protein
62 kDa cell wall protein
23 kDa cell wall protein
18 kDa cell wall protein
44 kDa cell wall protein
36 kDa cell wall protein
31 kDa cell wall protein
34 kDa cell wall protein
Caerin-3.2
Caerin-4.1
Cysteine-rich with EGF-like domain protein 2
Cysteine-rich secretory protein LCCL domain-containing 2
Putative cysteine-rich repeat secretory protein 19
Putative cysteine-rich repeat secretory protein 21
Putative cysteine-rich repeat secretory protein 24
Putative cysteine-rich repeat secretory protein 28
Cysteine-rich venom protein DIS1
Cysteine-rich venom protein kaouthin-1
Cysteine-rich venom protein VAR8
Cysteine-rich venom protein 25-A
Cysteine-rich venom protein 23
Cysteine-rich venom protein bucarin
Cysteine-rich venom protein tripurin
Conotoxin Ca8.2
Competence-stimulating peptide type 2
Cystatin-13
Conotoxin VnMLCL-033
Conotoxin Leo-T2
Conotoxin TeAr151
Conotoxin BeB34
Cathelicidin-1
Conotoxin Cal12.1p4
Conotoxin Cal14a
Conotoxin Cl14.9
Conotoxin Cal16a
Probable cutinase 1
Probable cutinase 2
Cutinase 2
Probable cutinase 3
Cutinase
Conotoxin CalMKLL-2
Conotoxin Cltx-1
Cysteine-rich venom protein 6
42 kDa cell wall protein
45 kDa cell wall protein
35 kDa cell wall protein
26 kDa cell wall protein
33 kDa cell wall protein
64 kDa cell wall protein
48 kDa cell wall protein
27 kDa cell wall protein
Linear conopeptide
Conotoxin-like peptide 1
Conophysin-R
Chi-conotoxin-like Ar1311
Chi-conotoxin-like Ar1248
Conotoxin Qc5.1
Putative uncharacterized protein encoded by LINC00305
Caerin-1.2
Caerin-3.3
Complement receptor 3-related protein
Putative cysteine-rich repeat secretory protein 13
Putative cysteine-rich repeat secretory protein 32
Putative cysteine-rich repeat secretory protein 37
Cysteine-rich repeat secretory protein 46
Cysteine-rich repeat secretory protein 51
Putative cysteine-rich repeat secretory protein 61
Cysteine-rich repeat secretory protein 1
Cysteine-rich venom protein
Cysteine-rich venom protein asurin-2
Cysteine-rich venom protein natrin-2
Cysteine-rich venom protein VAR2
Cysteine-rich venom protein VAR3
Cysteine-rich venom protein VAR6
Cysteine-rich venom protein VAR9
Cysteine-rich venom protein VAR10
Cysteine-rich venom protein ascarin
Cysteine-rich venom protein LEI1
CRISP/Allergen/PR-1
Cysteine-rich venom protein tropirin
Chorionic somatomammotropin hormone 1
37 kDa cell surface protein
Cystatin-12
Conotoxin Vn-05
Conotoxin VnMLCL-042
Conotoxin TsMLCL-02
Conotoxin Cl1.1
Conotoxin LiC121
Conotoxin Pn-B01121
Chi-conotoxin-like 1
Conotoxin LeDr243
Citropin-3.1.2
Conotoxin Vi5.1a
Cathelicidin-5
Chi-conotoxin-like PnMRCL-013
Conotoxin pc1a
Conotoxin Cal12.1p5
Conotoxin pc16a
Conotoxin Cal22b
Conotoxin Cal22d
Conotoxin Cal22e
Bacteriocin curvaticin
Probable cutinase cut2
Probable cutinase cut3
Probable cutinase 4
Conotoxin CalMKLL-1
53 kDa cell wall protein
30 kDa cell wall protein
46 kDa cell wall protein
96 kDa cell wall protein
40 kDa cell wall protein
17 kDa cell wall protein
44 kDa cell wall protein 2
Caerin-2.5
Crambin
Cysteine-rich repeat secretory protein 18
Putative cysteine-rich repeat secretory protein 20
Putative cysteine-rich repeat secretory protein 23
Putative cysteine-rich repeat secretory protein 27
Cysteine-rich repeat secretory protein 30
Cysteine-rich repeat secretory protein 41
Cysteine-rich repeat secretory protein 52
Putative cysteine-rich repeat secretory protein 5
Calcitonin receptor-stimulating peptide 3
Cysteine-rich venom protein DIS2
Cysteine-rich venom protein kaouthin-2
Cysteine-rich venom protein DIS3
Cysteine-rich venom protein VAR5
Cysteine-rich venom protein annuliferin-a
Cysteine-rich venom protein VAR11
Cysteine-rich venom protein Bfon12
Cysteine-rich secretory protein
Cysteine-rich venom protein ablomin
Cysteine-rich venom protein helothermine
Cysteine-rich venom protein TEL1
Conotoxin Ca8.3
Chi-conotoxin MrIA
Citropin-2.1.3
Conotoxin Mo1274
Conotoxin VnMRCL-012
Conotoxin Gm5.2
Conotoxin Lt5.2
Conotoxin TsMRCL-05
Conotoxin Pu5.4
Conotoxin VnMRCL-04
Conotoxin Sr5.5
Conotoxin Lt5.10
Conotoxin vc5a
Conotoxin vc5b
Conotoxin vc5c
Ctenidin-1
Chitinase-like protein 2
Calcitonin-like peptide 1
Conotoxin Mi
Chi-conotoxin CMrX
Conotoxin pc3a
Conotoxin Cal5a L1
Conotoxin Cal9.2c
Conotoxin Cl9.2
Conotoxin Cl9.5
Conotoxin Cal12.1p2
Conotoxin Cal14.1b
Conotoxin Cal22f
Conopeptide-pc
Cutinase 3
Conotoxin TxMEKL-0422
Conotoxin Cltx-2
Cysteine-rich venom protein 5
56 kDa cell wall protein
43 kDa cell wall protein
28 kDa cell wall protein
76 kDa cell wall protein
55 kDa cell wall protein
100 kDa cell wall protein
38 kDa cell wall protein
32 kDa cell wall protein
50 kDa cell wall protein
Conotoxin Qc5.2
Corticoliberin-2
Putative cysteine-rich receptor-like protein kinase 34
Cysteine-rich neurotrophic factor
Putative cysteine-rich repeat secretory protein 10
Putative cysteine-rich repeat secretory protein 22
Putative cysteine-rich repeat secretory protein 25
Putative cysteine-rich repeat secretory protein 31
Cysteine-rich repeat secretory protein 42
Cysteine-rich repeat secretory protein 49
Cysteine-rich venom protein ENH1
Competence-stimulating peptide
Probable cystatin-15
Conotoxin VnMLCL-01
Conotoxin VnMLCL-031
Conotoxin Tx-D0111
Citropin-1.2
Conotoxin Tx-D021
Chi-conotoxin-like 2
Conotoxin Pn-B01411
Conotoxin Lp5.1
Conotoxin Tx5.1
Conotoxin ArMLCL-D01
Conotoxin mr5.3
Conotoxin Vc5.3
Conotoxin mr5.4a
Conotoxin au5b
Conotoxin TxXIIIA
Conotoxin Ca15a
Cathelicidin-2
Crotasin
Conotoxin nt3a
Conotoxin Cl6.13
Conotoxin pc6d
Conotoxin Cal9.2a
Conotoxin Cal12.1p3
Conotoxin Cal14.1c
Conotoxin Cal22a
Conotoxin Cal22c
Probable cutinase Mb2006c
70 kDa cell wall protein
41 kDa cell wall protein
52 kDa cell wall protein
57 kDa cell wall protein
39 kDa cell wall protein
47 kDa cell wall protein
15 kDa cell wall protein
68 kDa cell wall protein
20 kDa cell wall protein
Putative cell wall protein
Conotoxin Gla-MrII
Conotoxin as25a
Cyclotide cter-N
Cyclotide cter-P
Cysteine proteinase inhibitor 10
Cysteine proteinase inhibitor 8
Cystatin-POGU1
Beta-defensin 103A
Beta-defensin 105
Beta-defensin 107A
Cystatin-like 1
Putative cystatin-9-like protein CST9LP1
Geographus scratcher peptide
Conotoxin Ts-03
Conotoxin 3
Conotoxin Pn-014
Conotoxin 2
Conotoxin Vi1361
Conotoxin mr5.1a
Conotoxin Vi5.1b
Conotoxin Gm5.1
Conotoxin Pu5.1
Conotoxin TsMRCL-04
Conotoxin ArMLCL-012
Conotoxin Cal5.2
Conotoxin PnMLCL-01
Conotoxin VnMRCL-011
Conotoxin TeAr193
Conotoxin au5a
Conotoxin mr5a
Conotoxin Lt5.11
Salivary antigen 1
SE-cephalotoxin
Conotoxin Cl1.2
Conotoxin Cal5a L2
Conotoxin Cl6c
Conotoxin Cl6.16
Conotoxin Cal9.2f
Conotoxin Cl9.6
Conotoxin Cal12.1p1
Conotoxin qc16a
Conotoxin Cl10.1
Probable cutinase MT2037
Conotoxin TsMEKL-02
Conotoxin Cltx-4
Conotoxin Vt15.1
230 kDa cell wall protein
22 kDa cell wall protein
66 kDa cell wall protein
25 kDa cell wall protein
200 kDa cell wall protein
Conotoxin p21a
Crassipeptide cce9a
Cysteine proteinase inhibitor 5
Putative cysteine proteinase inhibitor 7
Cystatin-F
Beta-defensin 105A
Putative beta-defensin 108A
Dybowskin-1CDYa
Dybowskin-2CDYa
Conotoxin Pn-B02
Conotoxin ArMLCL-022
Conotoxin Leo-T1
Citropin-1.1
Conotoxin Pn-B01122
Citropin-1.3
Conotoxin LiC32
Conotoxin Ca5.1
Conotoxin Ca5.3
Conotoxin ArMLCL-D02173
Conotoxin TxMRCL-04
Conotoxin Lt5.7
Conotoxin p5a
Conotoxin ViVA
Conotoxin VnMRCL-022
Trixin
Chi-conotoxin CMrVIA
Ctenidin-3
Countin-like protein
Cuticle protein 1
Bacteriocin curvaticin FS47
Conotoxin Cal5a L3
Conotoxin Cal6.3b
Conotoxin Cl6.14
Conotoxin Cal9.2b
Conotoxin Cl9.3
Conotoxin Cl9a
Conotoxin Cal14.1a
Cysteine-rich venom protein 7
58 kDa cell wall protein
136 kDa hydroxyproline-rich cell wall glycoprotein, major component
14 kDa cell wall protein
29 kDa cell wall protein
10 kDa cell wall protein
Conotoxin-like peptide 2
Conotoxin ca17a
Cysteine-rich peptide clone 2
Putative cysteine proteinase inhibitor 11
AsCystatin
Beta-defensin 106A
Beta-defensin 119
Beta-defensin 126
Beta-defensin 129
Beta-defensin 131
Beta-defensin 132
Beta-defensin 133
Beta-defensin 136
Cephalotoxin-like protein
Conotoxin Cl5.3
Conotoxin Cal6.3a
Conotoxin Cl6a
Conotoxin Cl6.12
Conotoxin Cl6d
Conotoxin Cal9.2e
Conotoxin Cl9.4
Conotoxin Cl12a
Conotoxin Cl14.7
Conotoxin Cl14.11
Conotoxin pc16c
Cutinase 1
Conotoxin Vi15a
54 kDa cell wall protein
21 kDa cell wall protein
80 kDa cell wall protein
Conotoxin BeTXIIa
Conotoxin-like peptide
Omega-conotoxin RsXXVIA
Conotoxin Gla-TxX
Cyclotide cter-R
Cystatin-2
Cystatin-C
Bitiscystatin
Cystatin
Beta-defensin 104A
Beta-defensin 107
Dahlein-1.1
Dispase autolysis-inducing protein
Beta-defensin 110
Beta-defensin 118
Beta-defensin 125
Beta-defensin 128
DNA-binding protein HU homolog
Putative conotoxin
Cytotoxin A-III
Dicynthaurin
Cystatin-1
Cysteine proteinase inhibitor 2
Beta-defensin 108B
Dahlein-1.2
Cyclotide cter-O
Cysteine proteinase inhibitor 12
Cysteine proteinase inhibitor 3
Cysteine proteinase inhibitor 4
Cysteine proteinase inhibitor 6
Putative cysteine proteinase inhibitor 9
Dybowskin-2CDYb
Dahlein-4.3
Beta-defensin 135
Protein dcd1B
Dermadistinctin-L
Tddefensin
Cyclotide cter-Q
Cysteine proteinase inhibitor 7
Gastrin/cholecystokinin-like peptide D1
Beta-defensin 109
Beta-defensin 113
Beta-defensin 1
Beta-defensin 2
Beta-defensin 3
Beta-defensin 4
Defensin-B5
Beta-defensin 6
Beta-defensin 8
Beta-defensin 9
Dahlein-4.1
Beta-defensin 112
Beta-defensin 123
Beta-defensin 130
Protein dcd1A
4 kDa defensin
Dahlein-4.2
DAN domain family member 5
Dermadistinctin-K
Decorsin
Corticostatin-2
Corticostatin-6
Beta-defensin 5
Defensin-like peptide TXKs2
Beta-defensin 33
Beta-defensin 38
Beta-defensin 50
Dicentracin
Disintegrin EO5A
Disintegrin EC6 subunit alpha
Diuretic hormone 44
Distinctin-like peptide
Disintegrin obtustatin
Disintegrin viperistatin
Diuretic hormone 1
Diuretic hormone 2
Dermadistinctin-Q1
Defensin-B2
Defensin-B3
Defensin-B4
Beta-defensin 7
Defensin-B
Dermatoxin-J2
Beta-defensin 10
Beta-defensin 11
Beta-defensin 13
Beta-defensin 18
Aspartate, glycine, lysine and serine-rich protein
Deleted in autism-related protein 1
Disintegrin VLO5B
Dirigent-like protein
Disintegrin ocellatusin
Tau-theraphotoxin-Hs1a
Dermaseptin PD-1-5
Dermaseptin AA-2-5
Dermaseptin-3
Dermaseptin PD-3-6
Dermaseptin DRS-DI4-like peptide
Dermaseptin-5
Dermaseptin-6
Dermaseptin-J8
Defensin-like turtle egg white protein TEWP
Dermadistinctin-M
Defensin-A4
Deserticolin-1
Dextranase
Beta-defensin 35
Beta-defensin 39
Beta-defensin 41
Beta-defensin 4A
Beta-defensin C7
Disintegrin lebein-2-alpha
Disintegrin VLO4
Disintegrin EMS11A
Disintegrin schistatin-like subunit A
Diuretic hormone 41
DOMON domain-containing protein CBG21753
DOMON domain-containing protein Y73F4A.1
Dermaseptin PD-2-2
Dermaseptin-J3
Dermaseptin AA-3-4
Dermaseptin-J7
Dermaseptin-J9
Dermadistinctin-Q2
Beta-defensin 40
Deleted in autism-related protein 1 homolog
Disintegrin gabonin-1
Disintegrin Eo1 subunit 1
Disintegrin CC5
Disintegrin EMF10A
Disintegrin subunit alpha
Disintegrin DS-AN
Diuretic hormone class 2
Bacteriocin divergicin M35
Dermaseptin-J10
Dermaseptin-H2
Dermaseptin-H3
Dermaseptin-H4
Dermaseptin-H5
Dermaseptin-J6
Defensin
Defensin-A
Defensin-B6
Defensin-BvL
Dermatoxin-J1
Beta-defensin 17
Beta-defensin 37
Aspartate and glycine-rich protein
Disintegrin EO4A
Disintegrin DS-AC
Diuretic hormone class 1
Dermaseptin AA-3-3
Dermaseptin-B4
Plancitoxin-1
Dermatoxin-J3
Beta-defensin 12
Dart gland peptide
Disintegrin VB7A
Disintegrin DS-AS
Diuretic hormone 45
Disintegrin CV
Diuretic hormone
Ornithorhynchus venom defensin-like peptide A
DOMON domain-containing protein CBG21755
Dermaseptin AA-3-6
Dermaseptin DS VIII-like peptide
Beta-defensin 14
Beta-defensin 42
Disintegrin CC8B
Disintegrin piscivostatin-alpha
Disintegrin CV-11-beta
Disintegrin jerdostatin
Dermaseptin AA-1-1
Dermaseptin-2
Dermaseptin-B6
Dermaseptin DRG2
Dermaseptin DRG3
Disintegrin gabonin-2
Disintegrin EO5B
Disintegrin CC8A
Disintegrin CV-11-alpha
Disintegrin schistatin-like subunit B
Disintegrin lebestatin
DOMON domain-containing protein Y73F4A.2
Dermaseptin-1
Dermaseptin III-like peptide
Dermaseptin-7
DNA polymerase III subunit beta
Extracellular deoxyribonuclease
Aspartate-rich protein
Lantibiotic duramycin B
Dermokine
Dermaseptin-J2
Dermaseptin AA-3-1
Dermaseptin PD-3-3
Dermaseptin-B3
Dermaseptin-J4
Dermaseptin-4
Dermaseptin-J5
Dermaseptin-B5
Dermaseptin-H6
Deoxyribonuclease
Protein DSE2
Dynastin-5
Lantibiotic duramycin C
Dynastin-3
Extracellular exo-alpha-L-arabinofuranosidase
Enteric beta-defensin
Lantibiotic duramycin
Dynastin-1
Dynastin-2
Blood-group-substance endo-1,4-beta-galactosidase
Ectin
Aspartic and glutamic acid-rich protein
Dynastin-7
Epidermal growth factor-like protein 8
Dermaseptin DRG1
Dermaseptin-01
Dynastin-4
Calcium-binding protein SP84
probable endo-beta-1,4-glucanase B
Probable endo-beta-1,4-glucanase B
EF-hand calcium-binding domain-containing protein 1
Epidermal growth factor
Probable endo-beta-1,4-glucanase D
Electrin-2.1
Antimicrobial peptide eNAP-1
Adropin
Dynastin-6
Endo-beta-1,4-glucanase B
Protein E6
Electrin-5
Ependymin
Erythropoietin
Equistatin
EG45-like domain containing protein
Electrin-3
EGF-like domain-containing protein 1
EGF-like domain-containing protein 2
Ependymin-1
Ependymin-2
Esculentin-1HSa
Electrin-4
Electrin-2.2
Epididymal secretory protein E3-beta
Ependymin-related protein 1
15 kDa excretory/secretory protein
Esculentin-1Vb
Esculentin-2JDa
Esculentin-2R
ESX-1 secretion-associated protein EspB
Esterase-5A
Esterase-5B
Esterase-5C
6 kDa early secretory antigenic target
ESAT-6-like protein EsxB
ESAT-6-like protein EsxG
Bacteriocin E50-52
Evasin-4
Putative EG45-like domain containing protein 1
Electrin-1
EGF-like domain containing protein 1
EGF-like domain containing protein 2
Ependymin-related protein 2
pEARLI1-like lipid transfer protein 2
Carboxylesterase
Carboxylesterase 5A
Venom carboxylesterase-6
Esterase 6
Esterase P
ESAT-6-like protein EsxN
Expansin-like A4
Expansin-like B1
Extracellular endonuclease
Enticin
Epoxide hydrolase 3
Esculentin-2HSa
Esculentin-2P
U18-ctenitoxin-Co1a
Protein FAM150B
Protein FAM172A
Protein FAM24B
pEARLI1-like lipid transfer protein 3
Esculentin-2Ra
30 kDa antigenic glycoprotein
Expansin-like A1
Protein FAM198A
Protein FAM19A4
Protein FAM24A-like
Mammalian ependymin-related protein 1
Esculentin-2Vb
6 kDa early secretory antigenic target homolog
ESAT-6-like protein EsxK
Protein FAM131A
Coagulation factor XIII B chain
Protein FAM19A1
Protein FAM19A3
Protein FAM24A
Ecdysteroid-regulated 16 kDa protein
Esculentin-2Rb
Esterase S
Enterocin E-760
Protein FAM150A
Ervatamin-B
Esculentin-2JDb
Bacteriocin enterocin-M
Expansin-like protein 5
Protein FAM180A
U14-ctenitoxin-Co1c
Fallaxidin-3.2.1
Preprofallaxidin-2
Preprofallaxidin-4
Preprofallaxidin-6
Ryncolin-4
Fc receptor-like A
ESAT-6-like protein EsxH
Enterocin-HF
Bacteriocin enterocin-P
Evasin-3
Evasin-1
Expansin-like A3
Expansin-like protein 2
Expansin-like protein 7
U14-ctenitoxin-Co1b
Fallaxidin-3.1.1
Coagulation factor V
Ficolin-2
Ryncolin-1
Fibrinogen-like protein 1
U22-ctenitoxin-Co1a
Fish-egg lectin
Fibrinogen alpha chain
Fin bud initiation factor homolog
Fibroin light chain
Fasciclin-like arabinogalactan protein 21
Flagellin
Expansin-like A2
Expansin-like protein DDB_G0293186
U4-ctenitoxin-Co1c
U20-ctenitoxin-Co1a
Protein FAM150-like
Preprofallaxidin-8
Protein FAM3A
Fasciclin-like arabinogalactan protein 15
B-type flagellar hook-associated protein 2
Preprofallaxidin-3
Preprofallaxidin-5
Preprofallaxidin-9
EGF-containing fibulin-like extracellular matrix protein 2
Ryncolin-2
Major allergen I polypeptide chain 1
Fibrinogen beta chain
Stamen-specific protein FIL1
Fibronectin type III domain-containing protein 7
Preprofallaxidin-7
Ryncolin-3
Alpha-2-HS-glycoprotein
Complement factor H-related protein 2
Fasciclin-like arabinogalactan protein 16
Lateral flagellar hook-associated protein 2
Flagellar hook-associated protein 2
Fibronectin type III domain-containing protein 2
Veficolin-1
Fasciclin-like arabinogalactan protein 19
Follitropin subunit beta
Follicular dendritic cell secreted peptide
Follistatin
Fin bud initiation factor
Fletcherin
A-type flagellar hook-associated protein 2
Adhesive plaque matrix protein 2
Follistatin-related protein 4
Follistatin-related protein 5
Complement factor H-related protein 5
Four-jointed box protein 1
Flagellin-like protein
Fibronectin type III domain-containing protein 1
Foot protein 1 variant 1
Galensin
Polar flagellar hook-associated protein 2
Frenatin-1
Frenatin-2
Frenatin-3
Gastrin
Foot protein 1 variant 2
Adhesive plaque matrix protein
Frenatin-4
Glycine, alanine and asparagine-rich protein
Bacteriocin glycocin F
Gelsolin
Gaegurin-3
Growth hormone-related protein 4
Gastrokine-2
Gastrokine-3
Gastrolith matrix protein
Protein GAST1
Growth-differentiation transition protein 7
Gaegurin-6
Beta-galactosidase-1-like protein
Glycoprotein hormones alpha chain
Gallinacin-10
Glycosylation-dependent cell adhesion molecule 1
Ig gamma-2A chain C region secreted form
Gaegurin-2
Gaegurin-5
Beta-galactosidase-1-like protein 2
Gallinacin-14
Gallinacin-3
Gallinacin-8
Glucagon-1
Glucagon-2
Gaegurin-1
Ghrelin
Gastric inhibitory polypeptide
Gallinacin-12
Gallinacin-5
Glucagon-4
Glucagon-like peptide
Gaegurin-4
Glycoprotein hormones alpha chain 2
Gallinacin-7
Gallinacin-13
Gallinacin-4
Gloverin
Urine glycopeptide
Glycoprotein hormones alpha chain 1
Gallinacin-11
Gallinacin-6
Gallinacin-2
Glucagon-3
Grammistin Gs A
Glycine-rich cell wall structural protein 1.0
Glycine-rich protein 3
Glucagon-5
Growth factor
Glycine-rich cell wall structural protein
Dense granule protein 1
Ripening-related protein grip22
Gonadotropin subunit beta-1
Gonadotropin subunit beta-2
Glycine and tyrosine-rich protein
Grammistin Gs B
Putative glycine-rich cell wall structural protein 1
Glycine-rich cell wall structural protein 1.8
Glycine-rich protein 2
Endoglucanase 12
Endoglucanase 13
Endoglucanase 16
Endoglucanase 4
Endoglucanase 5A
Beta-glucuronidase
Exoglucanase 1
Hainantoxin-X
Hainantoxin-X-3
U8-theraphotoxin-Hhn1a
U8-theraphotoxin-Hhn1c 2
U8-theraphotoxin-Hhn1e
Hainantoxin-XV
Hainantoxin-XVIII-3
Hainantoxin-XVIII-7
Glycine-rich cell wall structural protein 2
Endoglucanase 17
Endoglucanase EG-1
Endoglucanase 23
Endoglucanase EG-II
Endoglucanase 3
Endoglucanase A
Probable endoglucanase
Endoglucanase N
Endoglucanase 5
Hainantoxin-X.3
Hainantoxin-X-2
U11-theraphotoxin-Hhn1l
Hainantoxin-XVIII
Hainantoxin-XVIII-5
Hainantoxin-XX.2
Buforin-EC
Hemagglutinin 2
Halocin-H4
Granulin
Platelet binding protein GspB
Guanylin
Endoglucanase 15
Endoglucanase 20
Endoglucanase 22
Endoglucanase B
Endoglucanase 2
Endoglucanase gh5-1
Endoglucanase-4
Endoglucanase-1
Hainantoxin-X.2
U8-theraphotoxin-Hhn1c 3
U8-theraphotoxin-Hhn1f
Hainantoxin-XVIII-2
Grammistin Gs C
Glycine-rich protein 1
Endoglucanase 11
Galaxin-2
Hainantoxin-XV-3
Hainantoxin-XVII
Hainantoxin-XVII-2
Male-specific histamine-binding salivary protein
Protein hcp1
Glycine-rich cell wall structural protein 1
Guentherin
Endoglucanase 19
Endoglucanase 1
Exoglucanase-6A
Putative exoglucanase type C
Hainantoxin-XVIII-4
Female-specific histamine-binding protein 2
Endoglucanase 14
Endoglucanase 18
Endoglucanase 21
Endoglucanase 24
Endoglucanase 7
Putative endoglucanase type B
Putative endoglucanase type F
Endoglucanase
Exoglucanase 3
Hainantoxin-XV-2
Hainantoxin-XVIII.2
Hainantoxin-XVIII-6
Hainantoxin-XX
Halocin-S8
Beta-hexosaminidase ARB_07893
Endoglucanase-5
Endoglucanase 6
Endoglucanase 8
Putative endoglucanase type K
Galaxin
U8-theraphotoxin-Hhn1c 1
U8-theraphotoxin-Hhn1d
U8-theraphotoxin-Hhn1g
Hainantoxin-XVII.2
Hainantoxin-XX.3
Hemagglutinin/amebocyte aggregation factor
Putative protein heh-1
Hepcidin-1
Probable beta-hexosaminidase ARB_01353
Endoglucanase Z
U8-theraphotoxin-Hhn1b
Hainantoxin-XV.2
Hainantoxin-XV-4
Hainantoxin-XV-5
Hainantoxin-XVII.3
Female-specific histamine-binding protein 1
HERV-H LTR-associating protein 1
Humanin-like 1
Humanin-like 4
HERV-H LTR-associating protein 1 homolog
Humanin-like 10
Hepcidin
Bacteriocin hiracin-JM79
Halocidin subunit B
Humanin-like 2
Humanin-like 7
Protein HP-25 homolog 1
Halocidin subunit A
Humanin-like 11
Humanin-like 6
27 kDa hemolymph glycoprotein
Humanin-like 13
Humanin-like 5
Hainantoxin F7-28.42
Haptoglobin-related protein
Hydralysin-3
Hainantoxin F8-35.23
Protein HP-20 homolog
Ig heavy chain Mem5
Hyposin-HA5
Hydralysin
Humanin-like 12
Humanin-like 3
Humanin-like 8
Hainantoxin F6-34.84
Protein HP-25 homolog 2
Hyposin-J1
Islet amyloid polypeptide
Icarapin
Toxin ICK-10
Toxin ICK-12
Toxin ICK-22
U9-barytoxin-Tl1a
Mu-theraphotoxin-Phlo2a
Humanin-like 9
Hexagonally packed intermediate-layer surface protein
Hyposin-HA4
Extracellular exo-alpha-(1->5)-L-arabinofuranosidase
Haemoporin
Hydrophobin-1
Hyposin-HA3
Toxin ICK-11
Toxin ICK-14
Toxin ICK-16
Toxin ICK-18
Toxin ICK-20
Toxin ICK-24
Toxin ICK-42
Histatherin
Hyposin-HA1
Toxin ICK-8
Immunoglobulin J chain
Interleukin-18-binding protein
Alpha-amylase inhibitor
Sex pheromone inhibitor determinant
Cathelin
Chitinase-like protein EN03
IgW chain C region, secreted form 2
Toxin ICK-13
Toxin ICK-15
Toxin ICK-17
Toxin ICK-19
Toxin ICK-21
Gastric intrinsic factor
Probable insulin-like peptide beta-type 2
Insoluble matrix shell protein 4
Insoluble matrix shell protein 5
Hyphal wall protein 1
Hyposin-HA2
Icarapin-like
Toxin ICK-23
Ig delta chain C region secreted form
Ig mu chain C region secreted form
Immunoglobulin lambda-like polypeptide 1
Immunoglobulin superfamily member 21
IgW chain C region, secreted form 1/3
Probable insulin-like peptide alpha-type 2
Probable insulin-like peptide beta-type 5
Interphotoreceptor matrix proteoglycan 1
Insulin-like 3
Toxin ICK-41
Toxin ICK-9
Insulin growth factor-like family member 3
Internalin-I
Immunodominant staphylococcal antigen B
Insulin growth factor-like family member 2
Pancreatic IgW, short secretory form
Internalin-A
Insulin, isoform 2
Isotocin
Ig gamma-2 chain C region
IgA-inducing protein
IgLON family member 5
Splenic IgW, short secretory form
Probable insulin-like peptide alpha-type 1
Probable insulin-like peptide alpha-type 3
Probable insulin-like peptide beta-type 3
Putative insulin-like peptide beta-type 6
Insoluble matrix shell protein 2
Insoluble matrix shell protein 3
Insoluble matrix shell protein 6
Isthmin
Ig gamma-1 chain C region secreted form
IgA-inducing protein homolog
Pheromone peptide ILME
Early placenta insulin-like peptide
Insulinotropic peptide 2
Antimicrobial peptide ISAMP
Integrin beta-like protein 1
Japonicin-1
Juvenile hormone-binding protein
U6-theraphotoxin-Cg1a
U33-theraphotoxin-Cg1a
U35-theraphotoxin-Cg1a
Probable insulin-like peptide beta-type 1
Probable insulin-like peptide beta-type 4
Insoluble matrix shell protein 1
Isthmin-1
U23-theraphotoxin-Cg1a 2
U14-theraphotoxin-Cg1c
Kappa-theraphotoxin-Cg2a
U37-theraphotoxin-Cg1b
U34-theraphotoxin-Cg1a
Protein KIAA0100
Potassium channel toxin alpha-KTx Tx308
Neurotoxin alpha-KTx 28.1
Neurotoxin alpha-KTx 30.3
Insulinotropic peptide 1
Inositol 1,4,5-trisphosphate receptor-interacting protein
Immunoglobulin superfamily containing leucine-rich repeat protein
Isthmin-2
BPTI-like protein
Japonicin-1CDYa
U23-theraphotoxin-Cg1a 1
U14-theraphotoxin-Cg1a 1
U25-theraphotoxin-Cg1a
U15-theraphotoxin-Cg1a
U27-theraphotoxin-Cg1a
U31-theraphotoxin-Cg1a
U33-theraphotoxin-Cg1b
Toxin KTx8
Potassium channel toxin alpha-KTx 14.5
Potassium channel toxin alpha-KTx 14.1
Potassium channel toxin alpha-KTx 18.3
Neurotoxin alpha-KTx 29.2
Hongotoxin-5
Potassium channel toxin alpha-KTx 6.16
Potassium channel toxin TsTXK-beta
Neurotoxin beta-KTx 14.3
Potassium channel toxin BmTXK-beta
Scorpine-like
Serine protease inhibitor Kazal-type 4
U14-theraphotoxin-Cg1a 2
U4-theraphotoxin-Cg1a
U25-theraphotoxin-Cg1b
U30-theraphotoxin-Cg1a
U33-theraphotoxin-Cg1c
Toxin BmKK12
Potassium channel toxin alpha-KTx 20.1
Potassium channel toxin alpha-KTx 21.1
U10-hottentoxin-Hj3a
Neurotoxin alpha-KTx 29.3
Neurotoxin alpha-KTx 30.2
Kassinatuerin-2
Potassium channel toxin Meg-beta-KTx1
Scorpine-like peptide Tco 41.46-2
Potassium channel toxin Tst-beta-KTx
Heteroscorpine-1
Japonicin-2
U37-theraphotoxin-Cg1a
U5-theraphotoxin-Cg1a
Potassium channel toxin alpha-KTx 14.x
Potassium channel toxin alpha-KTx 17.1
Potassium channel toxin alpha-KTx 18.2
Toxin Ts16
Potassium channel toxin alpha-KTx Tx790
Potassium channel toxin alpha-KTx 27.2
Potassium channel toxin alpha-KTx 6 OcyKTx4
Potassium channel toxin Hge-beta-KTx
Potassium channel toxin TcoKIK
Intelectin-2
U32-theraphotoxin-Cg1a
Jingzhaotoxin F7-15.33
Kappa-theraphotoxin-Cg2b
Potassium channel toxin alpha-KTx 14.3
Neurotoxin alpha-KTx 30.1
Potassium channel toxin alpha-KTx
Neurotoxin beta-KTx 31.1
Neurotoxin beta-KTx 7
Putative killer cell immunoglobulin-like receptor like protein KIR3DP1
Ion transport peptide-like
Potassium channel toxin alpha-KTx 13.4
Potassium channel toxin alpha-KTx 14.4
Toxin BmKK16
Kappa-buthitoxin-Tt2b
U10-buthitoxin-Hj1a
Neurotoxin alpha-KTx 26.2
Kielin/chordin-like protein
Izumo sperm-egg fusion protein 4
U14-theraphotoxin-Cg1a 3
U14-theraphotoxin-Cg1b
U31-theraphotoxin-Cg1b
Beta/kappa-theraphotoxin-Cg2a
Potassium channel toxin alpha-KTx 14.2
Potassium channel toxin alpha-KTx 17.2
Potassium channel toxin alpha-KTx 22.1
U10-hottentoxin-Hj2a
Potassium channel toxin alpha-KTx Tx773
Potassium channel toxin alpha-KTx 27.3
Neurotoxin alpha-KTx 29.1
Potassium channel toxin alpha-KTx 31.1
Potassium channel toxin BmTXK-beta-2
Neurotoxin beta-KTx 52.1
Neurotoxin beta-KTx 17
Potassium channel toxin TstKMK
Putative killer cell immunoglobulin-like receptor-like protein KIR3DX1
Potassium channel toxin kappa-KTx 2.8
Knob-associated histidine-rich protein
Potassium channel toxin alpha-KTx J123
Potassium channel toxin alpha-KTx 13.3
Potassium channel toxin BuTXK-beta
Potassium channel toxin Tdi-beta-KTx
Potassium channel toxin Ttr-beta-KTx
Beta-KTx-like peptide LaIT2
Potassium channel toxin beta-Ktx 2
Scorpine-like peptide
Metastasis-suppressor KiSS-1
Potassium channel toxin kappa-KTx 2.3
Potassium channel toxin kappa-KTx 3.2
Kassorin-M
Potassium channel toxin AaTXK-beta
Neurotoxin beta-KTx 12
Potassium channel toxin TtrKIK
Scorpine-like peptide Ev37
Kiwellin
Potassium channel toxin kappa-KTx 2.7
Low molecular mass 30 kDa lipoprotein 19G1
Venom peptide MmKTx1
Lantibiotic lichenicidin A2
Lantibiotic nisin-U
Lantibiotic mutacin-1140
Potassium channel toxin kappa-KTx 1.2
Potassium channel toxin kappa-KTx 2.5
Potassium channel toxin kappa-KTx 3.4
Potassium channel toxin kappa-KTx 4.1
Cell wall synthesis protein KRE9
Toxin BmTxKS4
Keratinocyte differentiation-associated protein
Putative neurotoxin-D
Putative neurotoxin-G
Putative neurotoxin-I
Lantibiotic epidermin
Lantibiotic lichenicidin A1
Lantibiotic nukacin
Latex clearing protein
Lectin
Potassium channel toxin TdiKIK
Low molecular mass 30 kDa lipoprotein 21G1
Insecticidal toxin LaIT1
Lantibiotic nisin-A
Lung adenoma susceptibility protein 2
M-zodatoxin-Lt6a/c
Bacteriocin leucocin-A
Corticostatin-related peptide LCRP
Liver-expressed antimicrobial peptide 2
Helofensin-1
Helofensin-3
Potassium channel toxin kappa-KTx 2.6
Venom peptide HsVx1
Bacteriocin acidocin 8912
Lantibiotic lacticin 3147 A2
Lantibiotic mutacin B-Ny266
M-zodatoxin-Lt7a
Bacteriocin lactococcin MMFII
Hemolymph 65 kDa lectin BG04
Fucose-specific lectin
Leukocyte cell-derived chemotaxin-2
Helofensin-2
Potassium channel toxin kappa-KTx 2.2
Potassium channel toxin kappa-KTx 3.3
Potassium channel toxin kappa-KTx 5.1
Potassium channel toxin kappa-KTx 3.1
Putative neurotoxin-H
Venom toxin OcyC11
Lantibiotic lacticin-481
Lantibiotic paenibacillin
Hemolymph 65 kDa lectin BG01
Echinoidin
Leucine-rich repeat LGI family member 2
Subpeptin JM4-B
Subpeptin JM4-A
Ig kappa chain V region Mem5
La1-like protein 15
Venom peptide La1
Lantibiotic lacticin 3147 A1
Lantibiotic salivaricin-A
Lantibiotic nisin-Z
Lung adenoma susceptibility protein 2 homolog
Bacteriocin leucocin-B
Hemolymph 65 kDa lectin BG05
Embryonic protein DC-8
Protein LEG1 homolog
Bacteriocin licheniocin 50.2
KP6 killer toxin
Killer toxin KT395
La1-like protein 13
Lantibiotic gallidermin
Lingual antimicrobial peptide
M-zodatoxin-Lt6a/b
Bacteriocin leucocin-C
Leptoglycin
Leptin
Lithostathine
Venom peptide Pc
Anti-platelet protein
Antibacterial protein LC3
Bacteriocin lactococcin-B
Hemolymph 65 kDa lectin BG06
Alpha-(1-6)-linked fucose-specific lectin
C-type lectin 2
Leptin-A
Putative lipid-binding protein At4g00165
C-type lectin domain-containing protein 1
C-type lectin domain-containing protein 2
Lichenin
Leucine-rich repeat and calponin homology domain-containing protein 3
Leptin-B
Protein LIM2
Protein LIM3
Lutropin subunit beta
Lutropin/choriogonadotropin subunit beta
Protein LIM1
Oplophorus-luciferin 2-monooxygenase non-catalytic subunit
Lymphocyte antigen 6 complex locus protein G5c
Ly6/PLAUR domain-containing protein 6
Putative apolipoprotein(a)-like protein 2
LIRP
Leucine zipper protein 2
U1-lycotoxin-Ls1a
Protein M6
Major allergen Mal f 1
Nacrein-like protein
Latartoxin-1a
Latartoxin-2a
Major exported protein
Hemolymph lipopolysaccharide-binding protein
Latent-transforming growth factor beta-binding protein 1
Lipolysis-activating peptide 1-beta chain
Lymphocyte antigen 6 complex locus protein G5b
M-lycotoxin-Ls4a
Beta-mannosidase A
Male-cone protein 1
Probable peptidoglycan endopeptidase LytE
Maximins-S type A
Maculatin-1.2
Latartoxin-2b
Protein M7
Dominulin-B
Maximins-S type B/C
Microcin J25
Maculatin-1.1
Latartoxin-1b
Latartoxin-2c
Peptidoglycan endopeptidase LytF
U18-ctenitoxin-Co1b
Maculatin-3.1
Multiple epidermal growth factor-like domains protein 6
Mating pheromone 2
Mating pheromone Er-2/Er-9
Mating pheromone 3
Protein MEN-8
Mating pheromone Er-10
Matrix Gla protein
Dominulin-A
Maximins-S type D
Maculatin-2.1
Putative mandelonitrile lyase
Mating pheromone En-1
Mating pheromone En-2
Mating pheromone Er-22
MAM and fibronectin type III domain-containing protein 2
Melanotropin alpha
Mating pheromone Er-11
Mating pheromone Er-20
Mating pheromone Er-23
Mating pheromone 4
Maximin-Hu
Melanotropin beta
Mulatexin
Melanoma-derived growth regulatory protein
Mating pheromone 1
Mexicain
Promotilin
Immunogenic protein MPT64
Meiotic expression up-regulated protein 10
Toxin MIT1
Multimerin-1
Immunogenic protein MPT70 analog
Pollen allergen Dac g 2
Maximin-Ht
Myotoxin inhibitor protein MIP
Motilin
Immunogenic protein MPT70
Pollen allergen Lol p 3
Melanotropin gamma
Monosaccharide transporter
Beta-microseminoprotein
Immunogenic protein MPB64
Pollen allergen Amb p 5b
Small serum protein 2
Low molecular weight antigen MTB12
Pollen allergen Dac g 3
Pollen allergen Lol p 2-A
Pollen allergen Phl p 2
Cysteine-rich venom protein Mr30
Major royal jelly protein 4
Methionine-rich nacre protein
Small serum protein 1
Small serum protein 5
Beta-microseminoprotein E1
Integumentary mucin B.1
Immunogenic protein MPB70
Mantle protein
Major royal jelly protein 2
Beta-microseminoprotein A1
Kappa-theraphotoxin-Gr2a
Major royal jelly protein 3
Low molecular weight antigen MTB12 homolog
Major royal jelly protein 5
Small serum protein 3
Submaxillary mucin-like protein
Mucus envelope protein
Small serum protein 4
Beta-microseminoprotein J1
Bacteriocin mesentericin Y105
Crotamine CRO3
Pilosulin-5
Mucin-5B
Pilosulin-3
Mytilin-2
Myotoxin-2
Integumentary mucin A.1
Bacteriocin mundticin
Pilosulin-3a
Crotamine-IV-3
N-acetylmuramoyl-L-alanine amidase L2
Integumentary mucin C.1
Apomucin
Submaxillary mucin
Myeloid-derived growth factor homolog
Pilosulin-3b
Pilosulin-4
Myotoxin-A
Myotoxin-3
Mytilin-3
Myotoxin-1
Anionic peptide clone 7
Putative antimicrobial peptide clone 6
Venom peptide 7
Venom protein 27.7
Peptide BmKa1
Non-cysteinic peptide Bs 10
Crotamine CRO1
Putative Na(+)/H(+) antiporter
Sialidase
Putative antimicrobial peptide clone 4
Meucin-25
Anionic peptide
Myticin-A
Mytilin-1
Crotamine Ile-19
Neuroblastoma suppressor of tumorigenicity 1
Anionic peptide clone 10
Probable antimicrobial peptide Con10
Venom peptide 1
Venom peptide 3
Venom protein 22.1
Venom protein 49.1
Myotoxin
Anionic peptide clone 8
OcyC3
Protein kinase C-binding protein NELL2
Aspartic proteinase nepenthesin-2
Isotocin-neurophysin IT 1
Isotocin-neurophysin IT 2
Vasotocin-neurophysin VT
Vasotocin-neurophysin VT 2
Protein new-glue 3
Meucin-49
Potassium channel toxin MeuTXKbeta3
Glycine-rich protein
Venom protein 4.1
Anionic peptide 17.1
Venom protein 37.1
Toxin Tpa3
Netrin-5
Oxytocin
Neurophysin 2
Protein new-glue 4
Nerve growth factor
NHL repeat-containing protein 3
Myotoxin-4
Peptide BmKa2
Anionic peptide clone 9
Venom protein HGE029
Venom peptide 6
Putative antimicrobial peptide 7848
Anionic peptide NDBP7
Putative neuropeptide precursor protein
Neuromacin-like protein
Nigrocin-2HSa
Neuromedin-S
Pape peptide
Neurophysin 1
Vasotocin-neurophysin VT 1
Nidogen-2
Novel peptide 3
Putative antimicrobial peptide clone 5
Venom protein 3.1
Anionic peptide 10.1
Mesotocin-neurophysin MT
Protein new-glue 2
Aspartic proteinase nepenthesin-1
Oxytocin-neurophysin 1
Protein new-glue 1
Novel peptide 2
Nuclear pore complex-interacting protein family member B15
Asparagine-rich protein
Neuferricin homolog
Neurotrophin-3
Neuromacin
Nigrocin-2HSb
Palmitoleoyl-protein carboxylesterase notum2
Novel peptide 1
Non-toxic venom protein
Epididymal secretory protein E1
Nuclear pore complex-interacting protein family member B7
Neuropeptide Y1-like conopeptide
Neurotrophin-7
Neuropeptide Y2-like conopeptide
NXPE family member 4
Neurexophilin-1
NXPE family member 3
Neurexophilin-4
Olfactomedin-like protein 1
Olfactomedin-like protein 2A
Olfactomedin-like protein 2B
Osmotin-like protein
NXPE family member 1
Neurexophilin-2
Putative odorant-binding protein A5
Cardioactive peptide Ocp-1/Ocp-2
Cardioactive peptide Ocp-3/Ocp-4
Neurexophilin-3
Conotoxin ArMSGL-013
Putative odorant-binding protein A10
Odontogenic ameloblast-associated protein
Oocyte-secreted protein 1
Long neurotoxin F1
Odorranain-B1
L-amino acid oxidase Bs29
L-amino acid oxidase Lm29
Seritocin
Annetocin
Otoraplin
L-amino-acid oxidase
Vasotocin
Peptide 1196
Peptide 2699
27 kDa hemolymph protein
Protein P54
Palustrin-1c
Opacity-associated protein OapA
Odorranain-A6
Otolith matrix protein 1
Glumitocin
Palustrin-2c
Basic phospholipase A2 homolog BmatTX-II
Phospholipase A2 homolog 4
Palustrin-3b
Pancreatic hormone
Pancreatic prohormone
Ostricacin-4
L-amino acid oxidase
L-amino acid oxidase Cdc18
Aspartocin
Cephalotocin
Valitocin
Phospholipase A2 homolog nigroviriditoxin acidic subunit A
Palustrin-1a
Palustrin-1d
Acidic phospholipase A2 homolog cannitoxin gamma chain
Glucagon family neuropeptides
Inactive serine protease PAMR1
Oncorhyncin-1
Oocyte-secreted protein 2
Osteocalcin
Otolin-1
Phasvatocin
15 kDa protein B
Peptide 7629
Basic phospholipase A2 homolog
Pituitary adenylate cyclase-activating polypeptide
Pregnancy-associated glycoprotein 70
Prostate and testis expressed protein 3
Protein PBMUCL2
Putative oocyte-secreted protein 1 homolog
Ostricacin-1
Protein gp17
Peptide 9797
Palustrin-1b
Phospholipase A2 homolog
Major cell-surface adhesin PAc
Pregnancy-associated glycoprotein 55
Asvatocin
27 kDa glycoprotein
Basic phospholipase A2 homolog Vur-S49 analog
Neutral phospholipase A2 homolog cannitoxin beta chain 1
Basic phospholipase A2 homolog CTs-K49c
Protease-associated domain-containing protein 1
Pregnancy-associated glycoprotein 75
Prostate and testis expressed protein 1
Parkinson disease 7 domain-containing protein 1
Ostricacin-3
Peptide 4913
Bacteriocin plantaricin ASM1
Partner of bursicon
Palustrin-2a
Palustrin-2b
Pregnancy-associated glycoprotein 59
Probable cell-surface antigen I/II
Pancreatic beta cell growth factor
Peritrophin-55
Pepsin II-1
Aspartic protease pep1
Aspartic protease pepA
Pepsin A
Pepsin B
Gastricsin
Peptidase 1
Ponericin-G5
Peritrophin-48
Pepsin-3
Palustrin-3a
Pregnancy-associated glycoprotein 57
Peptide 1
Pepsin II-2/3
Pepsin II-4
Aspartic protease PEP1
Aspartic protease pepB
Protegrin-5
Cell wall protein PGA48
Peroniin-1.2a
Platelet-derived growth factor receptor-like protein
Protodermal factor 1
Peroniin-1.1b
Peroniin-1.5
Peritrophin-1
Pepsin A-4
Pepsin F
Protegrin-3
Peritrophin-44
Protegrin-1
Protegrin-2
Predicted GPI-anchored protein 6
Phylloseptin-J6
Phylloseptin-7
Phylloseptin-8
Peroniin-1.3a
Pepsin A-2/A-3
Hydrophilin PGA14
Phylloseptin-J1
Phylloseptin-1
Phylloplanin
Prolactin-inducible protein homolog
Placenta-specific protein 9
Carboxypeptidase 1
Pepsin A-1
Protegrin-4
Phosphatase RapH inhibitor
Phylloseptin-10
Phylloseptin-12
Phylloseptin-13
3-phytase A
Phylloseptin-4
Phylloseptin-J7
Phylloseptin-9
Plectasin
PLIalpha-like protein
Bacteriocin plantaricin KL-1Y
Prophenin-2
Acid phosphatase
3-phytase
Phylloseptin-J4
Phylloseptin-2
Phylloseptin-J3
Phylloseptin-3
Plasminogen-like protein A
Plasminogen-like protein B
Placental prolactin-related protein 3
PGA52-like protein ARB_06390
Phylloseptin-11
Phylloseptin-15
Phylloseptin Bu-2
Phylloseptin Bu-1
Major pollen allergen Pla l 1
Perlucin-like protein
Antimicrobial peptide PGQ
Phylloseptin-14
Phylloxin
Phylloseptin-5
Phylloseptin-P1
Protein PIF
Protein PIGBOS1
Bacteriocin piscicolin-126
Phosphate-repressible acid phosphatase
Phylloseptin-J2
Pleurocidin-like peptide WF4
Placental prolactin-related protein 1
Placental prolactin-related protein 4
Antibacterial peptide PMAP-23
Antibacterial peptide PMAP-37
Phylloseptin-J5
Phylloseptin-6
Placental protein
Pleurocidin-like peptide WF3
Placental prolactin-related protein 2
Putative invertase inhibitor
Pleurocidin
27 kDa primary mesenchyme-specific spicule protein
Pancreatic polypeptide MY
Tyrosinase inhibitor
Pancreatic propolypeptide YG
Prolactin-5A1
Prolactin-7C1
Polyphemusin-2
Prolactin-2A1
Prolactin-3C1
Prolactin-3D1
Pathogenesis-related protein PR-4A
Prolactin-6A1
Prolactin-7A2
Prolactin-7B1
Prolactin-8A4
Prolactin-8A8
Basic salivary proline-rich protein 2
Procalin
Proline-rich protein HaeIII subfamily 1
Prolactin
Antibacterial peptide PMAP-36
U24-ctenitoxin-Pn1a
Protein PopC
Purple acid phosphatase isozyme LeSAP2
Prolactin-3B1
Pathogenesis-related protein PR-4
Proline-rich acidic protein 1
Prismalin-14
Probable outer membrane protein pmp12
Polyphemusin-1
Prolactin-4A1
Pathogenesis-related protein PR-4B
Prolactin-8A9
Putative testis-specific prion protein
Protein B
Prohormone-1
Protonectin
Proline-rich protein 2
Protein PopB
Antibacterial protein PR-39
Basic salivary proline-rich protein 3
Basic salivary proline-rich protein 4
Prolactin-2
Prolactin-releasing peptide
Parvalbumin alpha
Bacteriocin pediocin PA-1
Repressible acid phosphatase
Prolactin-2B1
Properdin
Acidic proline-rich protein PRP25
Proline-rich protein 4
Proline-rich proteoglycan 2
Psoriasis susceptibility 1 candidate gene 2 protein homolog
Purple acid phosphatase isozyme LeSAP1
Inactive serine protease 35
Secreted protein PRY1
Psoriasis susceptibility 1 candidate gene 2 protein
Paragonial peptide PS-1
Proline-rich 28 kDa antigen
Prolactin-7A1
Prolactin-8A7
Prolactin-1
Prohormone-4
Basic salivary proline-rich protein 1
Basic proline-rich protein
Protein psiR
Protein PSY2
Prohormone-2
Proline-rich protein 1
Pregnancy-specific beta-1-glycoprotein 8
Propionicin-F
Protein psiC
Phytosulfokine-alpha
Beta/kappa-theraphotoxin-Pm2a
Pathogenesis-related protein P2
Acidic proline-rich protein PRP33
Acidic proline-rich protein HP43A
Proline-rich protein
Protein psiS
Protein PSY3
Protein psiB
Protein psiE
Protein psiQ
Shell matrix protein
Protein psiD
Peptide YY-like
Pentraxin-related protein PTX3
Plantazolicin
Cell wall protein qid3
Ranatuerin-2PLa
Ranatuerin-3
Ranatuerin-7
Putative peptide YY-3
Ranatuerin-2PLg
Rubellidin-2.1
Rubellidin-4.1
Putative peptide YY-2
Glutamine-rich protein
Ranatuerin-2R
Ranatuerin-4
Ranatuerin-9
Rubellidin-3.1
Rubellidin-4.2/4.3
Ranatuerin-8
Ranatuerin-5
Rubellidin-3.2
Resistin-like alpha
Ranatuerin-2
Ranatuerin-6
Rubellidin-1.1
Cell wall protein RTB1
Reticulocalbin-2
Relaxin-like protein SQ10
Resistin-like beta
Relaxin-3
Prorelaxin
Relaxin-like protein AGF
Relaxin
Relaxin B chain
Prorelaxin H1
Probable root meristem growth factor 8
Bacteriocin rhamnosin A
Putative ripening-related protein 5
Riparin-1.5 amide
Riparin-1.6
Putative ripening-related protein 2
Prorelaxin H2
Riparin-1.4
Putative ripening-related protein 7
Rathke gland glycoprotein
Riparin-1.3
Riparin-1.5 acid
Putative ripening-related protein 1
Putative ripening-related protein 6
Ripening-related protein 3
Riparin-2.1
Putative ripening-related protein 4
Riparin-5.1
Corticostatin-related peptide RK-1
Ranatuerin-2Ra
Ranatuerin-2AVb
Raniseptin-3
Ribonuclease
Ranatuerin-2AVa
Raniseptin-7
Rothein 3.2
Protein rliB
Raniseptin-2
Rothein 2.1
Rothein 3.3
Ranatuerin-1T
Ranatuerin-2Vb
Raniseptin-6
Raniseptin-9
Raniseptin-4
Raniseptin-8
Ranatuerin-2Pa
Ranatuerin-2Va
Raniseptin-1
Rothein 4.1
Protein RoBo-1
Rothein 3.1
Raniseptin-5
Rothein 2.2
Rothein 3.4
Protein RSI-1
Retbindin
Rugosin-B
Protein S100-A7
Atherin
Serum amyloid P-component
Sperm-attracting peptide SepSAP
Sauvatide
Rugosin-A
Skeletal aspartic acid-rich protein 1
Bacteriocin curvacin-A
Salmocidin-2B
Peptide 2900
Rugosin-C
Salivary gland SP38-40.B protein
Secreted acidic protein 1A
Schistosomin
Peptide TsPep1
Toxin Cll3
Beta-toxin Cn4
Rugosin A-like peptide
Salivary gland SP38-40.A protein
Salmocidin-1
Streptavidin-V2
Beta-toxin Cii1
Toxin Tb4
Putative beta-neurotoxin
Scygonadin
Salmocidin-3
Streptavidin
Secreted chorismate mutase
Toxin TdII-3
Bacteriocin sakacin-A
Bacteriocin sakacin-P
Saxiphilin
Cathelin-related peptide SC5
Neurotoxin BmK A3-6
Putative potassium channel blocker
Neurotoxin II.22.5
Secapin
Secretin
Selenoprotein Pb
Rhamnose-binding lectin
Fruiting body protein SC14
Secretoglobin family 2B member 2
Fruiting body protein SC7
Peptide 2412
Leiurutoxin-3
Toxin TdII-1
Putative calcium channel toxin 196
Beta-toxin Cn8
Semaphorin-3C
Semaphorin-like protein 139
Sericin-1
Sericin-2
Seroin
Surfactant-associated protein 2
Salmocidin-2A
Secreted acidic protein 2
Sauvagin
Streptavidin-V1
Subtilosin-A
Toxin II.9
Toxin Cll2b
Neurotoxin X-29S
Neurotoxin BmKX-A1-S31
Toxin TdNa9
Scrapie-responsive protein 1
Beta-toxin Cll1m
Potassium channel toxin KTx1
Toxin TdII-2
Neurotoxin-2
Toxin Cll4
Mammal toxin PlMT
Selenoprotein P
Sperm-associated antigen 11A
Secretoglobin family 1C member 2
Secretoglobin family 1D member
Salivary glue protein Sgs-4
Neurotoxin BmP08
Signal peptide, CUB and EGF-like domain-containing protein 2
Toxin BmKNJX11
Beta-toxin Cn9
Toxin BmCa-1
Semaphorin-like protein A39
Anther-specific protein SF18
Secretoglobin family 3A member 2
Glycine/glutamate-rich protein sgp1
Proline-rich protein sgp2
Sillucin
Sporulation killing factor
Snaclec crotocetin-1
Snaclec 1
Snaclec alboaggregin-A subunit alpha
Snaclec alboaggregin-A subunit beta
Snaclec A9
Snaclec A16
Snaclec bitiscetin subunit alpha
Snaclec convulxin subunit alpha
Snaclec ophioluxin subunit alpha
Snaclec tokaracetin subunit alpha
Snaclec trowaglerix subunit alpha
Snaclec B2
Snaclec B6
Snaclec B9
Snaclec stejaggregin-B subunit beta-1
Snaclec trowaglerix subunit beta
C-type lectin 13
Snaclec rhodocetin subunit alpha
Somatoliberin
Toxin TdII-4
Putative calcium channel toxin Tx758
Insect toxin PlIT
Alpha-toxin
Skin secreted peptide 5
Snaclec CTL-Eoc125
Snaclec 2
Snaclec 3
Snaclec 4
Snaclec 7
Snaclec A2
Snaclec flavocetin-A subunit alpha
Snaclec stejaggregin-A subunit beta-3
Snaclec A13
Snaclec B3/B5
Snaclec B7
Snaclec aspercetin subunit beta
Snaclec CHH-B subunit beta
Snaclec subunit B
Snaclec botrocetin subunit alpha
Snaclec rhodocetin subunit beta
Snaclec rhodocetin subunit delta
Shematrin-like protein 1
Snaclec trimecetin subunit alpha
Snaclec crotocetin
Snaclec clone 2100755
Sporulation delaying protein C
Selenoprotein Pa
Sensorin-A
Secretoglobin family 1C member 1
Serine, glycine and glutamine-rich protein
Skin secreted peptide 2
Snaclec
Snaclec 5
Snaclec 6
Snaclec 8
Snaclec 9
Snaclec agglucetin subunit alpha-1
Snaclec A4
Snaclec A6
S-layer protein sap
Cell surface protein
Snaclec bothroinsularin subunit alpha
Snaclec CHH-B subunit alpha
Snaclec echicetin subunit alpha
Snaclec mamushigin subunit alpha
Snaclec agglucetin subunit beta-1
Snaclec B4
Snaclec ophioluxin subunit beta
Snaclec tokaracetin subunit beta
Snaclec lebecin subunit beta
Snaclec jerdonuxin subunit beta
SMR2 protein
Submaxillary gland androgen-regulated protein 3A
Somatostatin-1A
Somatostatin-2
Snakin-1
Signiferin-2.2
UPF0506 protein SJCHGC02380
Skin secreted peptide 3
Snaclec agglucetin subunit alpha-2
Snaclec alboaggregin-A subunit alpha'
Snaclec A10
Snaclec stejaggregin-A subunit beta-2
Snaclec bothroalternin subunit alpha/beta
Snaclec bothrojaracin subunit beta
Snaclec A12
Surface layer protein
Middle cell wall protein
Snaclec aspercetin subunit alpha
Snaclec VP12 subunit A
Snaclec lebecetin subunit alpha
Snaclec coagulation factor IX-binding protein subunit A
Snaclec B8
Snaclec alboaggregin-B subunit alpha
Snaclec alboaggregin-B subunit beta
Snaclec agkicetin-C subunit alpha
Snaclec mucetin subunit beta
Snaclec rhinocetin subunit beta
Snaclec Bfon18
Sushi, nidogen and EGF-like domain-containing protein 1
Somatotropin-1
Somatolactin
Sericin 1
Serine, glycine, tyrosine and glutamine-rich protein
Skin secreted peptide 4
Snaclec GPIB-binding protein subunit beta
Snaclec bitiscetin-2
C-type lectin 9a
Snaclec A1
Snaclec A7
Snaclec dabocetin subunit alpha
Snaclec EMS16 subunit alpha
Snaclec subunit A
Snaclec B1
Snaclec agglucetin subunit beta-2
Snaclec stejaggregin-B subunit alpha
Snaclec stejaggregin-B subunit beta-2
Snaclec convulxin subunit beta homolog
Snaclec bitiscetin subunit beta
Snaclec VP12 subunit B
Snaclec EMS16 subunit beta
Snaclec lebecin subunit alpha
Snaclec jerdonuxin subunit alpha
34 kDa spicule matrix protein
Somatostatin-1B
Growth hormone variant
Beta-insect excitatory toxin LqhIT1d
Skin secreted peptide 1
Snaclec alboaggregin-A subunit beta'
Snaclec A8
Snaclec stejaggregin-A subunit beta-1
Snaclec A14
Snaclec A15
Snaclec convulxin subunit beta
Snaclec echicetin subunit beta
Snaclec lebecetin subunit beta
Snaclec agkicetin-C subunit beta
Snaclec alboaggregin-D subunit alpha
Snaclec mucrocetin subunit alpha
Shematrin-like protein 2
Snaclec rhinocetin subunit alpha
Submandibular gland protein C
Somatotropin-2
Somatolactin-1
Lantibiotic subtilin
Prostatic spermine-binding protein
Spiderine-2b
Secreted phosphoprotein 24
Secretoglobin family 1D member 4
Salivary glue protein Sgs-3
Signal-regulatory protein delta
UPF0506 protein SJCHGC03144
UPF0506 protein SJCHGC09643
Skin granule protein
Snaclec GPIB-binding protein subunit alpha
Snaclec 27
Snaclec coagulation factor IX/factor X-binding protein subunit B
Snaclec A3
Snaclec A5
Outer cell wall protein
S-layer-related protein
Surface-layer 125 kDa protein
Snaclec bothroinsularin subunit beta
Snaclec mucrocetin subunit beta
Somatostatin-1
Somatostatin-14
SepOvotropin
Secreted protein F1
Secreted protein F2
Insect toxin BmK AngP1
UPF0506 protein SJCHGC03047
UPF0506 protein SJCHGC02381
UPF0506 protein SJCHGC02965
Snaclec CTL-Eoc124
C-type lectin 6
Snaclec bothrojaracin subunit alpha
Snaclec stejaggregin-A subunit alpha
Snaclec A11
Snaclec flavocetin-A subunit beta
Snaclec mamushigin subunit beta
Snaclec alboaggregin-D subunit beta
Snaclec mucetin subunit alpha
Snaclec botrocetin subunit beta
Snaclec rhodocetin subunit gamma
41 kDa spicule matrix protein
Neurotoxin LmNaTx28
Snakin-2
Somatotropin
Cell surface antigen I/II
Shematrin-like protein 3
Snaclec trimecetin subunit beta
Spiderine-1a
Spiderine-2a
Lantibiotic streptin
Skin secreted peptide P1-2
Skin secreted peptide P3-1
Scolopendra 20385.85 Da toxin
Somatostatin-37
Protein SnodProt1
Sperm-associated antigen 11
Putative uncharacterized protein SSBP3-AS1
Scolopendra 20528.11 Da toxin
Scolopendra 20466.84 Da toxin
Spermatophorin SP23
Spiderine-1b
Skin secreted peptide P1-3
Scolopendra 7913.19 Da toxin
Somatotropin-A
Somatolactin-2
Surface protein P34
Scolopendra 20417.15 Da toxin
Stanniocalcin
Scolopendra 4511.92 Da toxin
Scolopendra 5920.47 Da toxin
Small vasohibin-binding protein
Spore germination protein 1/2/3-related protein
Secreted seminal-vesicle Ly-6 protein 1
Skin secreted peptide P1-4
Skin secreted peptide P2-1
Skin secreted peptide P5-1
Scolopendra 20566.01 Da toxin
Stanniocalcin-2
Scolopendra 5924.74 Da toxin
Poly-His-poly-Gly peptide 1
Probable salivary secreted peptide
Scolopendra 6940.74 Da toxin
Scolopendra 8013.07 Da toxin
SPBc2 prophage-derived bacteriocin sublancin-168
Skin secreted peptide P4-1
Protein STIG1
Scolopendra 5848.46 Da toxin
Scolopendra 5971.33 Da toxin
Styelin-A
Styelin-C
Styelin-E
Bacteriocin sublancin-168
Toxin Plt
Skin secreted peptide P1-1
Scolopendra 4610.56 Da toxin
Scolopendra 4722.07 Da toxin
Scolopendra 5885.28 Da toxin
Scolopendra 8011.73 Da toxin
Scolopendra 10564.33 Da toxin
Small venom protein 1
Scolopendra 4767.06 Da toxin
Scolopendra 7997.01 Da toxin
Styelin-D
Small venom protein 2
Saxitoxin and tetrodotoxin-binding protein 2
Scolopendra 5848.48 Da toxin
Scolopendra 5887.74 Da toxin
Scolopendra 5928.03 Da toxin
Styelin-B
Seminal vesicle protein SVP-2
Teretoxin Tan6.1
Teretoxin Tsu6.4
Teretoxin Tan6.8
Putative TP73 antisense gene protein 1
U1-hexatoxin-Iw1e
U2-agatoxin-Ao1s
U11-ctenitoxin-Pn1b
Teretoxin Tsu6.5
Tan_10cys
U2-agatoxin-Ao1d
U2-agatoxin-Ao1g
U2-agatoxin-Ao1u
Tracheal antimicrobial peptide
U1-hexatoxin-Iw1b
Tachyplesin-3
U2-agatoxin-Ao1n
U2-agatoxin-Ao1q
U2-agatoxin-Ao1r
Teretoxin Tan6.2
Teretoxin Tsu6.8
U2-agatoxin-Ao1w
Translationally-controlled tumor protein homolog
Teretoxin Tan6.14
Teretoxin Tan9.6
U2-agatoxin-Ao1e
Tachyplesin-1
U2-agatoxin-Ao1p
U2-agatoxin-Ao1t
Tan_12Cys
Temporin-1Cd
Temporin-F
Temporin-GH
Terepressin/terephysin
Teretoxin Tsu6.16
U2-agatoxin-Ao1m
U2-agatoxin-Ao1x
U2-agatoxin-Ao1z
Temporin-1Ce
Teretoxin Tan14.1
Augerpeptide hhe9
Temporin-CDYa
Temporin-E
Teretoxin Tan1.1
Temporin-1DYa
Temporin-1PLa
U2-agatoxin-Ao1v
U2-agatoxin-Ao1f
U2-agatoxin-Ao1j
U2-agatoxin-Ao1l
Teretoxin Tsu11.2
Transcobalamin-1
Temporin-1Cc
Augerpeptide hheTx2
Augerpeptide hhe6.3
Augerpeptide Hhe9a
Augerpeptide hheTx3
Augerpeptide hheTx5
Temporin-1P
Temporin-A
Temporin-CDYd
Temporin-D
Temporin-K
Testis, prostate and placenta-expressed protein
Teretoxin Tsu1.1
Teretoxin Tsu6.15
U1-hexatoxin-Iw1a
U1-hexatoxin-Iw1c
U1-hexatoxin-Iw1d
U1-hexatoxin-Hi1a
Tachyplesin-2
U2-agatoxin-Ao1c
U2-agatoxin-Ao1i
U2-agatoxin-Ao1k
U2-agatoxin-Ao1o
U2-agatoxin-Ao1y
Teretoxin Tan11.1
11.9 kDa wall protein
Temporin-1Ca
Temporin-1V
Temporin-B
Temporin-C
Temporin-H
Protein THEM6
Alpha-1-purothionin
Thionin-2.2
Probable leaf thionin
Denclatoxin-B
Thermopsin
U2-agatoxin-Ao1b
Augerpeptide hhe9.2
Augerpeptide hheTx1
Temporin-G
Trefoil factor 2
Thiocillin
Augerpeptide hhe6.1
Augerpeptide hhe6.2
Trypsin-resistant surface T6 protein
Augerpeptide hhe1a
Temporin-PTa
Theromacin
Leaf-specific thionin
Ligatoxin-A
Viscotoxin-B
Omega-lycotoxin-Gsp2671c
Omega-lycotoxin-Gsp2671f
Temporin-1BYa
Temporin-1Ja
Augerpeptide hheTx4
Temporin-ECa
Temptin
Teretoxin Tan15.2
Probable thionin-2.3
Alpha-2-purothionin
Type-5 thionin
Thionin-like protein 2
Phoratoxin
Thaumatin-like protein 1
Temporin-1Cb
Temporin-1La
Augerpeptide hhe53
Augerpeptide hhe6.4
Augerpeptide hhe7a
Temporin-L
Teretoxin Tsu15.4
Thionin
Omega-lycotoxin-Gsp2671b
Omega-lycotoxin-Gsp2671g
Thaumatin-like protein 4
Teretoxin Tan22.13
Thiocillin GE2270
Thiostrepton
Viscotoxin-A2
Viscotoxin-A3
Alpha-hordothionin
Ligatoxin-B
Purothionin A-1
Tachykinin-like peptide-XIII
Thaumatin-like protein 2
Tachykinin-like peptide-III
Tachykinin-like peptide-V
Tachykinin-like peptide-IX
Myotoxin TmC4-47.2
Omega/kappa-hexatoxin-Hv1g
Prosalusin
Omega-oxotoxin-Ol1b
Thrombin inhibitor subunit 1
Viscotoxin-1-PS
Thionin-2.1
Leaf-specific thionin BTH6
Beta-hordothionin
Hellethionin-D
Omega-lycotoxin-Gsp2671a
Tachykinin-like peptide-XV
Tachykinin-like peptide-II
Thaumatin-like protein 3
Tachykinin-like peptide-VI
Protein TMEM155
Protein TOS6
Theromyzin
Probable thionin-2.4
Leaf-specific thionin DB4
Thionin BTH7
Thionin-like protein 1
Omega-lycotoxin-Gsp2671e
Tachykinin-like peptide-X
Tachykinin-like peptide-I
Omega-agatoxin-Aa3d
Omega/kappa-hexatoxin-Ar1g
U20-ctenitoxin-Pn1a
Tetrapandin-1
Tryptophyllin-1
Thyrotropin-releasing hormone
Omega-lycotoxin-Gsp2671d
Tachykinin-like peptide-XI
Tachykinin-like peptide-XII
Tachykinin-like peptide-XIV
Tachykinin-like peptide-VII
Tachykinin-like peptide-VIII
Teretoxin Tan22.12
Thaumatin-like protein 1b
Tetrapandin-2
Teretoxin Tan22.5
Omega-hexatoxin-Hv1f
Tachykinin-like peptide-IV
Thaumatin-like protein 5
Omega-oxotoxin-Ol1a
Prolyl tri/tetrapeptidyl aminopeptidase
Omega-oxotoxin-Ot1a
Thaumatin-like protein 1a
Threonine-rich protein
Thyrotropin subunit beta
Turripeptide Lol142
Turripeptide OL49
Turripeptide Lol6.1
Turripeptide IX-04
Peptide TRP-J1
Protein TsetseEP
U1-hexatoxin-Hv1a
U1-lycotoxin-Ls1b
U1-lycotoxin-Ls1e
U1-lycotoxin-Ls1d
U1-lycotoxin-Ls1m
U1-lycotoxin-Ls1f
U1-lycotoxin-Ls1o
U1-lycotoxin-Ls1s
U1-lycotoxin-Ls1u
U2-ctenitoxin-Cs1a
U1-lycotoxin-Ls1z
U1-lycotoxin-Ls1dd
U1-lycotoxin-Ls1hh
U19-ctenitoxin-Pn1a
U5-ctenitoxin-Pk1a
Beta-theraphotoxin-Gr1a
U1-TRTX-Sp1a
U2-ctenitoxin-Pn1b
Pro-rich toxin 4
U8-ctenitoxin-Pk1a
U4-ctenitoxin-Pk1a
U3-lycotoxin-Ls1w
U3-lycotoxin-Ls1c
U3-lycotoxin-Ls1e
U3-lycotoxin-Ls1a
U3-lycotoxin-Ls1h
U3-lycotoxin-Ls1j
U3-lycotoxin-Ls1k
Delta-ctenitoxin-Pr2d
U7-ctenitoxin-Pn1a
Omega-ctenitoxin-Pn4a
U4-lycotoxin-Ls1c
U4-theraphotoxin-Spl1a
U6-lycotoxin-Ls1d
U6-lycotoxin-Ls1b
U7-lycotoxin-Ls1d
U7-lycotoxin-Ls1c
U8-lycotoxin-Ls1a
U10-lycotoxin-Ls1c
Alpha-latrotoxin associated low molecular weight protein
Alpha-latrotoxin associated low molecular weight protein 2
Alpha-latrotoxin-associated low molecular weight protein-2
U11-lycotoxin-Ls1c
Cupiennin-2b
Cupiennin-4a
Cupiennin-6d
Cupiennin-7a
U5-ctenitoxin-Co1a
U8-ctenitoxin-Co1a
Kappa-scoloptoxin-Ssm1d
Kappa-scoloptoxin-Ssm2e
Kappa-scoloptoxin-Ssm3a
Omega-scoloptoxin-Ssm1a
Putative neurotoxin 3
Short cationic peptide-1d
Short cationic peptide-4b
Toxin-like protein 10
U27-ctenitoxin-Pn1a
U1-theraphotoxin-Cv1a
Toxin-like structure LSTX-D4
Toxin-like structure LSTX-D8
Toxin-like structure LSTX-D9
Tryptophyllin-T2-7
Tryptophyllin-T3-1
Tryptophyllin-T2-1
Tsukushin
Turripeptide OL184
Turripeptide Lol6.2
Turripeptide OL55-like
Turripeptide XIV-18
Twisted gastrulation protein homolog 1-A
U1-lycotoxin-Ls1g
U1-lycotoxin-Ls1j
Neurotoxin
U2-ctenitoxin-Pk1a
U3-lycotoxin-Ls1u
U3-lycotoxin-Ls1f
U3-lycotoxin-Ls1g
U3-lycotoxin-Ls1i
Omega-segestritoxin-Sf1a
U3-lycotoxin-Ls1p
U3-lycotoxin-Ls1r
U9-ctenitoxin-Pn1a
U11-ctenitoxin-Pn1a
U6-lycotoxin-Ls1e
U6-lycotoxin-Ls1h
Mu-scoloptoxin-Ssm6a
U7-lycotoxin-Ls1g
U8-lycotoxin-Ls1t
U8-lycotoxin-Ls1b
U8-lycotoxin-Ls1i
U8-lycotoxin-Ls1l
U8-lycotoxin-Ls1q
Cupiennin-3d
U23-ctenitoxin-Pn1a
U13-lycotoxin-Ls1a
U13-lycotoxin-Ls1f
U1-theraphotoxin-Pc1a
Neurotoxin Hm-3
Kappa-scoloptoxin-Ssm1e
Toxin Tx1
U13-ctenitoxin-Co1a
U15-hexatoxin-Mg1b
U10-hexatoxin-Mg1a
Putative neurotoxin 2
Short cationic peptide-1a
Short cationic peptide-1f
Short cationic peptide-4e
Short cationic peptide-6a
Toxin-like structure LSTX-D1
Toxin-like structure LSTX-D3
Tryptophyllin-T2-3
Tryptophyllin-T3-3
UPF0375 protein Y45F10B.15
UPF0499 protein NFIA_054990
Peptide Ts20
Turripeptide OL08
Turripeptide OL179
Turripeptide UID-02
Turripeptide VI/VII-01
Turripeptide IX-23
Turripeptide XIV-01
U1-sicaritoxin-Li1a
U9-ctenitoxin-Pk1a
Omega-ctenitoxin-Pr2a
Omega-ctenitoxin-Pn2a
U7-ctenitoxin-Pk1a
U4-lycotoxin-Ls1a
U4-lycotoxin-Ls1d
U6-lycotoxin-Ls1f
U6-lycotoxin-Ls1g
U7-lycotoxin-Ls1a
U10-lycotoxin-Ls1d
U10-lycotoxin-Ls1a
Alpha-latrotoxin associated low molecular weight protein SGV150-311
Alpha-latrotoxin associated low molecular weight protein SGV242-280
Toxin b subunit beta
Cupiennin-2c
Cupiennin-3b
Cupiennin-6b
Toxin CSTX-8
U13-lycotoxin-Ls1c
U1-agatoxin-Ta1a
Kappa-scoloptoxin-Ssm1c
U11-hexatoxin-Mg1a
U15-hexatoxin-Mg1a
U14-ctenitoxin-Co1a
Conotoxin Ar1446
U8-hexatoxin-Mg1a
Putative neurotoxin 9
Putative neurotoxin 10
Purotoxin-1
Short cationic peptide-1g
Short cationic peptide-4c
Short cationic peptide-5a
Tryptophyllin-T2-6
Tryptophyllin-T2-5
Tryptophyllin-3
U36-theraphotoxin-Cg1a
UPF0375 protein C08F11.12
UPF0375 protein R05A10.4
UPF0375 protein Y45F10C.4
UPF0499 protein CHGG_06021
Turripeptide OL135
Turripeptide OL47
Turripeptide OL57
Turripeptide OL71
Turripeptide IX-07
Tuftelin
Insecticidal toxin OcyC10
U1-lycotoxin-Ls1h
U1-lycotoxin-Ls1i
U1-lycotoxin-Ls1l
U1-lycotoxin-Ls1p
U1-lycotoxin-Ls1cc
U1-lycotoxin-Ls1ff
U1-lycotoxin-Ls1jj
U1-lycotoxin-Ls1kk
U1-lycotoxin-Ls1mm
U1-ctenitoxin-Pr1a
U7-ctenitoxin-Pr1a
U1-sicaritoxin-Li1b
U18-ctenitoxin-Pn1a
U3-lycotoxin-Ls1b
U3-lycotoxin-Ls1d
U3-lycotoxin-Ls1l
U3-lycotoxin-Ls1s
U10-ctenitoxin-Pn1a
Toxin OcyKTx3
U7-ctenitoxin-Pn1b
Delta-ctenitoxin-Pn1b
U6-lycotoxin-Ls1c
U7-lycotoxin-Ls1f
U7-lycotoxin-Ls1h
U8-lycotoxin-Ls1u
U8-lycotoxin-Ls1w
U8-lycotoxin-Ls1e
U8-lycotoxin-Ls1k
U8-lycotoxin-Ls1m
U9-lycotoxin-Ls1a
U8-agatoxin-Ao1a
U11-lycotoxin-Ls1a
U12-lycotoxin-Ls1b
U12-lycotoxin-Ls1a
Toxin CSTX-12
Toxin CSTX-16
Cupiennin-2a
Cupiennin-2e
Cupiennin-5a
Cupiennin-6e
U13-lycotoxin-Ls1e
U13-lycotoxin-Ls1b
U2-theraphotoxin-Pc1a
U1-agatoxin-Ta1b
Kappa-scoloptoxin-Ssm1a
U11-ctenitoxin-Co1a
U14-hexatoxin-Mg1a
U12-ctenitoxin-Co1a
U7-hextatoxin-Mg1a
Omega-scoloptoxin-Ssm2b
U1-cyrtautoxin-As1b
U2-plectoxin-Pt1a
Beta/omega-theraphotoxin-Tp2a
Short cationic peptide-4d
Toxin-like structure LSTX-D6
Toxin-like structure LSTX-D10
Tryptophyllin-like peptide PbT-1
Tryptophyllin-13
Tryptophyllin-2
Tryptophyllin-T3-2
Tryptophyllin-T2-4
Bacteriocin uberolysin
Turripeptide VIII-01
Turripeptide IX-01
Turripeptide IX-03
Turripeptide Lol11.1
Turripeptide GpIAa
Dinoponeratoxin Dq-3104
U12-theraphotoxin-Hs1a
U1-lycotoxin-Ls1q
U1-lycotoxin-Ls1t
Omega-filistatoxin-Kh1a
U1-lycotoxin-Ls1ii
U1-lycotoxin-Ls1ll
U7-theraphotoxin-Hs1a
U1-ctenitoxin-Pk1a
U5-ctenitoxin-Pk1b
U2-ctenitoxin-Pn1a
U3-lycotoxin-Ls1n
Omega-ctenitoxin-Pn3a
Dinoponeratoxin Da-1837
Dinoponeratoxin Da-1039
U4-lycotoxin-Ls1b
U8-lycotoxin-Ls1d
U8-lycotoxin-Ls1g
U8-lycotoxin-Ls1n
U6-agatoxin-Ao1a
U11-lycotoxin-Ls1d
U11-lycotoxin-Ls1b
U12-lycotoxin-Ls1d
U12-lycotoxin-Ls1e
Toxin CSTX-11
Toxin CSTX-14
Toxin CSTX-19
Cupiennin-6f
U17-ctenitoxin-Co1a
U6-ctenitoxin-Co1a
Mu-thomitoxin-Hme1b
U1-agatoxin-Ta1c
Kappa-scoloptoxin-Ssm1b
Kappa-scoloptoxin-Ssm2d
U1-plectoxin-Pt1e
U1-cyrtautoxin-As1a
Putative neurotoxin 6
Short cationic peptide-1c
Short cationic peptide-4f
Tryptophyllin-T2-2
Tryptophyllin-4
UPF0375 protein Y45F10C.2
UPF0376 protein C03G6.5
Turripeptide NCR-01
Turripeptide OL127
Turripeptide OL22
Turripeptide Lol11.2
Dinoponeratoxin Da-3105
U1-lycotoxin-Ls1r
U1-lycotoxin-Ls1v
Alpha-latrotoxin-associated low molecular weight protein
U4-agatoxin-Ao1a
U9-agatoxin-Ao1a
Toxin b subunit alpha
U12-lycotoxin-Ls1c
Toxin CSTX-10
Toxin CSTX-15
Cupiennin-3a
Cupiennin-4b
Cupiennin-6c
U1-ctenitoxin-Cs1a
U7-ctenitoxin-Co1a
U9-ctenitoxin-Co1a
Omega-theraphotoxin-Hs1a
Kappa-scoloptoxin-Ssm2a
Neurotoxin lambda-MeuTx
U15-ctenitoxin-Co1a
Mu-hexatoxin-Mg2a
Putative neurotoxin 1
Kappa-theraphotoxin-Ps1b
Short cationic peptide-1b
Phi-liotoxin-Lw1a
Short cationic peptide-6b
Short cationic peptide-6d
U3-theraphotoxin-Lsp1a
Toxin-like protein 14
U28-ctenitoxin-Pn1a
Toxin-like structure LSTX-R1
Toxin-like structure LSTX-D5
Tryptophyllin-14
U8-theraphotoxin-Hs1b
UPF0499 protein ATEG_06693
Unknown protein 3
Turripeptide OL139
Turripeptide OL172
Turripeptide OL55
U1-lycotoxin-Ls1c
U1-lycotoxin-Ls1n
U1-lycotoxin-Ls1w
U1-lycotoxin-Ls1y
U1-lycotoxin-Ls1aa
U1-lycotoxin-Ls1gg
Delta-ctenitoxin-Pn2c
U3-lycotoxin-Ls1x
U3-lycotoxin-Ls1v
U2-sicaritoxin-Li1b
U3-lycotoxin-Ls1q
U8-ctenitoxin-Pr1a
U12-ctenitoxin-Pn1a
U2-sicaritoxin-Li1a
U1-sicaritoxin-Li1c
U5-lycotoxin-Ls1a
U6-lycotoxin-Ls1a
U7-lycotoxin-Ls1e
U8-lycotoxin-Ls1v
U8-lycotoxin-Ls1f
U8-lycotoxin-Ls1h
U8-lycotoxin-Ls1p
U5-agatoxin-Ao1a
Toxin CSTX-20
Cupiennin-2d
Cupiennin-7b
U15-lycotoxin-Ls1b
U1-ctenitoxin-Co1a
U4-ctenitoxin-Co1a
U4-theraphotoxin-Hs1a
Kappa-scoloptoxin-Ssm2b
Kappa-scoloptoxin-Ssm2f
Mu-ctenitoxin-Pn1a
U13-hexatoxin-Mg1a
Omega-scoloptoxin-Ssm2a
U3-plectoxin-Pt1a
U1-cyrtautoxin-As1c
U1-cyrtautoxin-As1d
Toxin tox21A
Purotoxin-2
Short cationic peptide-4a
Tryptophyllin-T2-9
Tryptophyllin-5.1
U8-theraphotoxin-Hs1a
UPF0499 protein ACLA_083080
Unknown protein 1
Unknown protein 2
Unknown protein 8
Turripeptide PaIAa
U1-lycotoxin-Ls1k
U1-lycotoxin-Ls1x
U1-lycotoxin-Ls1bb
U1-lycotoxin-Ls1ee
U9-ctenitoxin-Pr1a
Delta-ctenitoxin-Pn2a
U3-lycotoxin-Ls1o
U7-lycotoxin-Ls1b
U8-lycotoxin-Ls1r
U8-lycotoxin-Ls1s
U8-lycotoxin-Ls1c
U8-lycotoxin-Ls1j
U8-lycotoxin-Ls1o
U10-lycotoxin-Ls1b
U7-agatoxin-Ao1a
U2-agatoxin-Ao1a
Toxin a
Cupiennin-3c
Cupiennin-6a
U3-aranetoxin-Ce1a
U2-ctenitoxin-Co1a
U4-ctenitoxin-Co1b
Mu-thomitoxin-Hme1a
Kappa-scoloptoxin-Ssm2c
Mu-scoloptoxin-Ssm1a
U11-ctenitoxin-Co1b
Kappa-theraphotoxin-Ps1a
Pi-theraphotoxin-Pc1a
Toxin TxP-I
Putative neurotoxin 4
Putative neurotoxin 5
U3-cyrtautoxin-As1a
Putative neurotoxin 7
Short cationic peptide-1e
Short cationic peptide-3a
Short cationic peptide-6c
Toxin-like structure LSTX-D2
Toxin-like structure LSTX-D7
Tryptophyllin-T1
Tryptophyllin-T2-8
UPF0499 protein NCU07353
UPF0669 protein v1g209471
Unknown protein 7
Urinary protein 1
Uperin-3.1
Uperin-2.8
Uperin-6.1
Upsalin
UPF0375 protein C08F11.11
Bacteriocin ubericin-A
Unknown protein 6
Uperin-2.7
Uperin-3.7
Uperin-2.1
Venom allergen 2
Venom allergen 5.02
Anthocyanidin 3-O-glucosyltransferase
Uperin-2.2
Uperin-3.6
Uperin-6.2
Uperin-4.1
Protein USP1
Venom allergen 5
Urinary protein 2
Urinary protein 3
Uperin-3.3
Uperin-2.4
Uperin-2.3
UI
Venom allergen 3
Venom allergen 5 2
Very early lactation protein
Thaicobrin
Ohanin-like protein
Vespryn
Uperin-2.5
Uperin-3.4
Uperin-2.6
Uperin-5.1
Venom allergen 4
Disintegrin horrdistatin-2
Disintegrin VA6
Disintegrin isoform D-3
Disintegrin echistatin-gamma
Disintegrin ussuristatin-2
Disintegrin viridistatin
Disintegrin molossin
Disintegrin pyramidin-B
Disintegrin eristicophin
Disintegrin triflavin
Venom peptide Ocy7
Venom protein 184
Unknown protein 4
Unknown protein 5
Uperin-3.5
Uperin-3.2
Uperin-7.1
Protein USP2
Venom allergen 5.01
Antigen 5
Disintegrin EC6 subunit beta
Disintegrin viridin
Disintegrin tergeminin
Disintegrin jarastatin
Disintegrin eristostatin
Disintegrin rubistatin
Disintegrin halysin
Venom peptide Ocy6
Peptide Dq-1030
Venom peptide 4
Peptide Dq-1288
CRISP-1
Vasoactive intestinal peptide
Viresin
Disintegrin VLO5A
Disintegrin trigramin-beta-2
Disintegrin isoform D-2
Disintegrin echistatin-alpha
Disintegrin cerastin
Disintegrin lutosin
Disintegrin leucogastin-A
Disintegrin bitistatin
Disintegrin batroxostatin
Disintegrin saxatilin
Venom peptide OcyTx1
Venom protein 30.1
Peptide Dq-1132
Venom protein 51.1
Venom peptide 5
Pre-small/secreted glycoprotein
Super small secreted glycoprotein
von Willebrand factor A domain-containing protein 7
Urotensin-1
Probable growth factor FPV211
VEGF coregulated chemokine 1
Vespin
Venom protein TxLP11
Venom protein 55.1
Venom serine proteinase-like protein 1
V-set and transmembrane domain-containing protein 2A
Wall-associated protein
Protein WFDC9
WSC domain-containing protein ARB_07867
AVIToxin-VAR2
Ohanin
Disintegrin EC3A
Disintegrin VB7B
Disintegrin EMF10B
Disintegrin trigramin-gamma
Disintegrin ussuristatin-1
Disintegrin crotatroxin
Disintegrin cereberin
Disintegrin barbourin
Disintegrin multisquamatin
Disintegrin pyramidin-A
Disintegrin DisBa-01
Disintegrin cotiarin
Venom peptide Ocy5
Venom protein 29
Venom peptide 8
Peptide Dq-987
Turripeptide Pal9a
1095.6 Da venom vasodilator peptide
von Willebrand factor A domain-containing protein 5B1
WAG22 antigen
Protein WFDC11
Wall protein 1
Venom peptide PPM3
Protein XA-1
D-xylose 1-dehydrogenase
AVIToxin-VAR1
Vitellogenin-2
Microvitellogenin
Disintegrin mojastin-2
Disintegrin atroxatin
Venom peptide Ocy2
Venom protein 164
Venom protein 214
Snake venom serine protease homolog
Bacteriocin weissellin-A
Skin secretory protein xP2
Vespryn-21
VIP peptides
Vitellogenin-1
Virulence factor MDV010
Venom peptide Ocy4
Venom peptide Ocy8
2.4 kDa venom peptide
Venom protein 27.1
Venom protein 54.1
von Willebrand factor D and EGF domain-containing protein
Xenoxin-2
Retinoschisin
Putative gastrointestinal growth factor xP1
Disintegrin EC3B
Disintegrin CTF-II
Disintegrin echistatin-beta
Disintegrin albolabrin
Disintegrin basilicin
Disintegrin durissin
Disintegrin lachesin
Disintegrin leucogastin-B
Disintegrin ocellatin
Disintegrin applaggin
Disintegrin accutin
Venom peptide Ocy3
2.39 kDa venom peptide
Venom peptide 2
Venom protein 7.1
Venom peptides
Kappa-theraphotoxin-Gr2b
Vitelline membrane protein Vm34Ca
Mastoparan-like peptide PMM2
Coagulation factor X inhibitor
Valine-rich protein
Venom serine proteinase-like HS120
1370.6 Da venom vasodilator peptide
von Willebrand factor A domain-containing protein 3A
1,4-beta-D-glucan cellobiohydrolase xynA
Xenoxin-3
Antimicrobial peptide 3
Protein Rv1269c
UPF0098 protein Rv1910c
Phage-like element PBSX protein XkdG
Probable endopeptidase Cgl2188
Xenoxin-1
Putative gastrointestinal growth factor xP4
Probable endopeptidase cgR_2070
N-acetylmuramoyl-L-alanine amidase domain-containing protein SAOUHSC_02979
Probable endopeptidase Rv2190c
Putative uncharacterized protein DDB_G0291508
Putative uncharacterized protein DDB_G0282937
Putative uncharacterized protein DDB_G0286451
Putative aspergillopepsin A-like aspartic endopeptidase AFUA_2G15950
Putative uncharacterized protein DDB_G0284813
Putative uncharacterized protein DDB_G0286675
Putative uncharacterized protein DDB_G0278881
Putative uncharacterized protein DDB_G0290419
Putative uncharacterized protein DDB_G0277445
Putative uncharacterized protein UNQ5830/PRO19650/PRO19816
STAS-domain containing protein PA14_20770
Putative uncharacterized protein DDB_G0285441/DDB_G0288841
Putative uncharacterized protein DDB_G0289443
Putative uncharacterized protein ENSP00000380674
Putative uncharacterized protein DDB_G0291626
Putative uncharacterized protein DDB_G0290521
Putative uncharacterized protein DDB_G0277463
Putative aspergillopepsin A-like aspartic endopeptidase MCYG_07979
Putative uncharacterized protein DDB_G0275629
Putative prophage major tail sheath protein
G8 domain-containing protein DDB_G0288475
Putative uncharacterized protein DDB_G0271974
Ig-like and fibronectin type-III domain-containing protein C27B7.7
Putative uncharacterized protein DDB_G0282065
Protein YebF
Protein YGP1
Putative uncharacterized protein DDB_G0275685
P17/29C-like protein DDB_G0287399
Putative uncharacterized protein DDB_G0287599
Follistatin-like domain-containing protein DDB_G0289517
Putative uncharacterized protein UNQ6190/PRO20217
Putative cell agglutination protein C1289.15
Putative uncharacterized protein PRO2829
GILT-like protein CBG03282
Expansin-YoaJ
Yop proteins translocation protein X
Putative uncharacterized protein UNQ6494/PRO21346
Putative chemokine-related protein FP248
Putative uncharacterized protein ENSP00000381830
Putative uncharacterized protein YHL037C
Putative EGF-like domain-containing protein R659
Putative uncharacterized protein UNQ9165/PRO28630
Putative lectin L633
GILT-like protein ZK669.3
Putative uncharacterized protein FLJ46089
Cell wall-binding protein YqgA
Zona pellucida-binding protein 1
GILT-like protein F37H8.5
Cell wall-binding protein YwsB
Anther-specific protein MZm3-3
Zona pellucida-binding protein 2
