1-Cys peroxiredoxin
Alkyl hydroperoxide reductase subunit C
2-Cys peroxiredoxin BAS1, chloroplastic
Putative peroxiredoxin MT1643
Putative peroxiredoxin YgaF
Putative 2-Cys peroxiredoxin BAS1
Putative peroxiredoxin bcp
Putative peroxiredoxin Rv1608c
Putative peroxiredoxin MT2597
4-carboxymuconolactone decarboxylase
Peroxiredoxin Q, chloroplastic
Peroxiredoxin-2
Peroxiredoxin-6
Peroxiredoxin-4
Peroxiredoxin-2C
Peroxiredoxin-2E-1, chloroplastic
Putative peroxiredoxin Q, chloroplastic
Selenocysteine-containing peroxiredoxin PrxU
Peroxiredoxin-2E-2, chloroplastic
Peroxiredoxin-1
Peroxiredoxin-like protein DDB_G0282517, mitochondrial
Thioredoxin-dependent peroxide reductase, mitochondrial
Peroxiredoxin-2A
Putative peroxiredoxin in rubredoxin operon
1-Cys peroxiredoxin A
1-Cys peroxiredoxin PER1
Probable 1-Cys peroxiredoxin
1-Cys peroxiredoxin B
Probable peroxiredoxin prdx-3
Peroxiredoxin 2
Thioredoxin peroxidase 2
Peroxiredoxin 1
Thioredoxin peroxidase
Putative thioredoxin peroxidase
Thioredoxin peroxidase 1
Probable peroxiredoxin
Putative peroxiredoxin
Putative peroxiredoxin sll1621
Putative peroxiredoxin Mb2262c
Putative peroxiredoxin sll0755
Putative peroxiredoxin MT2298
Putative peroxiredoxin y4vD
Putative peroxiredoxin ycf42
Thioredoxin-like protein YkuU
Putative peroxiredoxin in rpoN2 3'region
