Keratin, type I cytoskeletal 40
Cytoskeletal protein 4.1
Protein 4.1
Protein 4.1 homolog
Accumulates dyads protein 4
Gamma-adducin
Beta-adducin
Annexin A1
Ankyrin-1
Actin-related protein 2/3 complex subunit 2
Actin-related protein 2/3 complex subunit 4
ATP synthase subunit a
Autophagy-related protein 38
ATP synthase subunit d, mitochondrial
Actin-related protein 2/3 complex subunit 5
Muscle cell intermediate filament protein AV71
ATP synthase subunit e, mitochondrial
ATP synthase subunit 5, mitochondrial
ATP synthase subunit g, mitochondrial
CDC42 small effector protein 1
CDC42 small effector protein 2
CDC42 small effector protein 2-B
Spindle pole component BBP1
CDC42 small effector protein homolog
CDC42 small effector protein 2-C
Capsid protein
Coat protein
Major capsid protein
CDC42 small effector protein 2-A
Capsid readthrough protein
Cadherin-3
Capsid protein VP1
Capsid protein F
Cell division control protein 31
Caveolin-1
Cell division control protein 11
Cell division control protein 10
Cell division control protein 12
Central kinetochore subunit CHL4
Cell division control protein 3
Clathrin heavy chain 2
Claudin-14
Claudin-15
Claudin-18
Claudin-19
Claudin-2
Claudin-4
Claudin-7
Claudin-9
Clathrin light chain
Clathrin light chain B
Claudin-22
Claudin-3
Claudin-5
Claudin-8
Clathrin light chain A
Collagen alpha-2(IV) chain
Clc-like protein 2
Claudin-10
Claudin-12
Putative claudin-25
Claudin-34
Claudin-7-B
Claudin-like protein ZF-A9
Claudin-11
Claudin-16
Claudin-17
Claudin-23
Putative claudin-24
Claudin-6
Claudin-like protein ZF-A89
Probable clathrin heavy chain 1
Collagen alpha-3(IV) chain
Collagen alpha-1(XV) chain
Claudin-20
Coatomer subunit alpha
Coatomer subunit beta'
Coatomer subunit epsilon-2
Claudin-13
Claudin-7-A
Coatomer subunit epsilon
Collagen alpha-1(XVIII) chain
Coatomer subunit gamma-1
Coatomer subunit gamma-2
Putative coatomer subunit alpha
Coatomer subunit beta
Coatomer subunit epsilon-1
Probable coatomer subunit gamma
Coatomer subunit alpha-2
Probable coatomer subunit beta'
Cysteine-rich C-terminal protein 1
Rootletin
Coatomer subunit alpha-1
Probable coatomer subunit epsilon
Catenin alpha-1
Catenin alpha-2
Cylicin-1
Cystatin-A
Dynactin subunit 3
Desmin
Extracellular matrix protein A
Band 4.1-like protein 1
Band 4.1-like protein 2
Iron-sulfur cluster insertion protein ErpA 2
Putative iron-sulfur cluster insertion protein ErpA
Iron-sulfur cluster insertion protein ErpA
Iron-sulfur cluster insertion protein ErpA 1
Ethanolamine utilization protein EutK
Ethanolamine utilization protein EutL
Envoplakin-like protein
Putative iron-sulfur cluster insertion protein ErpA 1
Putative iron-sulfur cluster insertion protein ErpA 2
Ethanolamine utilization protein EutM
Ethanolamine utilization protein EutS
Envoplakin
Fibrinogen beta chain
Fibrinogen gamma chain
Major fimbrial subunit protein type-2
Major fimbrial subunit protein type-4
Probable flagellin PH0546
Probable flagellin PH0548
Flagellin
Flagellin A
Flagellin B1
Flagellar filament core protein flaB2
Flagellin B2
Flagellar filament 31.3 kDa core protein
Flagellin B4
Flagellin B5
Flagellar filament 35 kDa core protein
Flagellin B
Flagellar L-ring protein
Flagellar P-ring protein
Peptidoglycan hydrolase FlgJ
Flagellar hook-associated protein 3
Flagellar hook-basal body complex protein FliE
Flotillin-1
Flotillin-2
Major fimbrial subunit protein type-5
Flagellar filament 34.5 kDa core protein
Flagellin B3
Flagellin C
Flagellin D
Flagellin E
Polar flagellin E
Putative flagella-related protein G
Flagellar P-ring protein 1
Flagellar hook-associated protein 1
Filaggrin
Major fimbrial subunit protein type-1
Flagellin A1
Polar flagellin B/D
Flagellar P-ring protein 2
Flagellin 2
B-type flagellin
Flagellar hook-basal body complex protein FliE 2
Flagellar protein FliS
Flagellin FljJ
Fibrinogen alpha chain
Major fimbrial subunit protein type-3
Flagellin FljM
24 kDa flagellin
Probable flagellin 1
Probable flagellin 2
Flagellar filament 31 kDa core protein
Polar flagellin F
Flagellin A2
Flagellar hook-associated protein 2
Phase 2 flagellin
Flagellin FljK
Flagellin FljN
Filaggrin-2
Major fimbrial subunit protein type Ib
Flagellar filament 41 kDa core protein
Flagellar filament 33 kDa core protein
Probable flagellin PH0549
Probable flagellin E
Phase 1 flagellin
Flagellar hook-basal body complex protein FliE 1
Polar flagellin A
Flagellar filament 30.7 kDa core protein
Polar flagellin C
Lateral flagellin
Flagellin FljL
Flagellin FljO
Flagellin 1
A-type flagellin
Glial fibrillary acidic protein
Gamma-tubulin complex component 3
Guanine nucleotide-binding protein-like 1
External core antigen
Truncated HBeAg protein
Protein HesB
Protein HesB, heterocyst
Protein HesB, vegetative
Hyaluronan and proteoglycan link protein 1
Non-neuronal cytoplasmic intermediate filament protein
Intermediate filament protein ifa-2
Intermediate filament protein ifc-2
Non-neuronal cytoplasmic intermediate filament protein A
Intermediate filament family orphan 2
Type III intermediate filament
Intermediate filament protein ifb-1
Intermediate filament protein ifa-4
Intermediate filament protein ifd-2
Intermediate filament protein ifc-1
Involucrin
Intermediate filament protein ifa-3
Intermediate filament protein A
Non-neuronal cytoplasmic intermediate filament protein B
Iron-sulfur assembly protein IscA-like 2, mitochondrial
Iron-binding protein IscA
Intermediate filament protein ifa-1
Intermediate filament protein ifd-1
Intermediate filament protein B
Intermediate filament protein ifp-1
Iron-sulfur assembly protein IscA-like 1, mitochondrial
Iron-sulfur cluster assembly 2 homolog, mitochondrial
Iron-sulfur assembly protein 1
Iron-sulfur cluster assembly 1 homolog, mitochondrial
Keratin, type I cytoskeletal 25
Keratin, type I cytoskeletal 27
Keratin, type I cytoskeletal 28
Keratin, type I cytoskeletal 39
Keratin, type I cuticular Ha1
Keratin, type I cuticular Ha2
Keratin, type I microfibrillar, 47.6 kDa
Keratin, type II cytoskeletal 2 epidermal
Keratin, type II cytoskeletal 1b
Keratin, type II cytoskeletal 72
Keratin, type II microfibrillar, component 7C
Iron-sulfur cluster assembly protein 1
Keratin, type I cytoskeletal 10
Keratin, type I cytoskeletal 12
Keratin, type I cytoskeletal 15
Keratin, type I cytoskeletal 18
Keratin, type I cytoskeletal 19
Keratin, type I cytoskeletal 26
Keratin, type I cytoskeletal 42
Keratin, type I microfibrillar 48 kDa, component 8C-1
Keratin, type II cytoskeletal 2 oral
Keratin, type II cytoskeletal 1
Keratin, type II cytoskeletal I
Keratin, type II cytoskeletal 59 kDa, component IV
Keratin, type II cytoskeletal 4
Keratin, type II cytoskeletal 5
Keratin, type II cytoskeletal 71
Keratin, type II cytoskeletal 73
Keratin, type II cytoskeletal 75
Keratin, type II cytoskeletal 8
Keratin, type I cytoskeletal 18-A
Keratin, type I cytoskeletal 14
Keratin, type I cytoskeletal 17
Keratin, type I cytoskeletal 50 kDa
Keratin, type I cytoskeletal 20
Keratin, type I cytoskeletal 24
Keratin, type II cytoskeletal 74
Keratin, type II cytoskeletal 78
Keratin, type II cytoskeletal 79
Protein jagged-1
C-Jun-amino-terminal kinase-interacting protein 2
Keratin-3, type I cytoskeletal 51 kDa
Keratin, type 1 cytoskeletal 11
Keratin, type I cytoskeletal 13
Keratin, type I cytoskeletal 47 kDa
Keratin, type I cytoskeletal 9
Keratin, type II cytoskeletal 80
Iron-sulfur cluster assembly protein 3
Keratin, type I cytoskeletal 18-B
Keratin, type II cytoskeletal cochleal
Iron-sulfur cluster assembly protein 2
Keratin, type I cytoskeletal 23
Keratin, type II microfibrillar, component 5
Keratin, type II cytoskeletal 60 kDa, component III
Keratin, type II cytoskeletal 3
Keratin, type II cytoskeletal 68 kDa, component IB
Keratin, type II cytoskeletal 6B
Keratin, type II cytoskeletal 6C
Keratin, type II cytoskeletal 68 kDa, component IA
Keratin, type II microfibrillar
Kelch-like protein 3
Keratin-associated protein 11-1
Keratin, type I cuticular Ha3-II
Keratin-associated protein 3-1
Keratin-associated protein 3-2
Keratin, type I cuticular Ha4
Keratin, type I cuticular Ha5
Keratin, type II cuticular Hb5
Keratin, type II cuticular Hb6
Keratin-like protein KRT222
Keratin, type I cuticular Ha3-I
Ladinin-1
Laminin subunit alpha-2
Laminin subunit alpha-3
Lamprin 1.8-10
Keratin, high sulfur matrix protein, IIIB4
Keratin, type II cuticular Hb1
Keratin, type II cuticular Hb2
Keratin, type II cuticular Hb3
Lamin-L(II)
Late cornified envelope protein 1D
Late cornified envelope protein 2C
Late cornified envelope protein 3D
Keratin-associated protein 3-3
Late cornified envelope protein 2B
Late cornified envelope protein 5A
Keratin, type I cuticular Ha7
Late cornified envelope protein 1A
Late cornified envelope protein 1E
Late cornified envelope protein 2D
Keratin-associated protein 24-1
Putative keratin-87 protein
Keratin, high sulfur matrix protein, IIIB3
Keratin, type I cuticular Ha8
Lamin-L(I)
Late cornified envelope protein 1C
Late cornified envelope protein 1F
Late cornified envelope protein 3A
Laminin subunit beta-3
Lamin-L(III)
Late cornified envelope protein 3C
Lamprin 0.9
Late cornified envelope protein 2A
Late cornified envelope protein 3E
Late cornified envelope-like proline-rich protein 1
Lamin-1
Late cornified envelope protein 1B
Late cornified envelope protein 3B
Prelamin-A/C
Lamin-B1
Lamin tail domain-containing protein 1
Late cornified envelope protein 4A
Lamin-B2
MAP7 domain-containing protein 2
Lamin-A
Loricrin
MAP7 domain-containing protein 1
Ensconsin
Major capsid protein 25
Microtubule-associated protein 4
Microtubule-associated protein 1B
Mediator of RNA polymerase II transcription subunit 9
Major outer membrane porin, serovar D
Major outer membrane porin, serovar L3
Sporulation-specific protein 21
Major outer membrane porin, serovar H
Monopolar spindle protein 2
Major outer membrane porin, serovar E
Male-specific sperm protein Mst87F
Major outer membrane porin
Major outer membrane porin, serovar F
Major outer membrane porin, serovar A
Major outer membrane porin, serovar B
Major outer membrane porin, serovar L1
Microtubule-associated protein 2
Major outer membrane porin, serovar C
70 kDa neurofilament protein
60 kDa neurofilament protein
Neurofilament light polypeptide
NifU-like protein 4, mitochondrial
Neurofilament medium polypeptide
Nestin
NifU-like protein 1, chloroplastic
NifU-like protein 5, mitochondrial
NifU-like protein 3, chloroplastic
Nitrogen fixation protein NifU
Neurofilament heavy polypeptide
Kinetochore protein Nuf2 homolog
NifU-like protein 2, chloroplastic
Nuclear mitotic apparatus protein 1
Outer membrane protein P5
Osteocalcin
Otoconin-90
Outer membrane protein A
Otogelin
OmpA-like protein
Muscle cell intermediate filament protein OV71
Outer dense fiber protein 2
Propanediol utilization protein PduB
Phosphoglucomutase-like protein 5
Junction plakoglobin
Structural polyprotein
Proline-rich protein 9
26S proteasome non-ATPase regulatory subunit 13 homolog A
Spindle pole body protein ppc89
26S proteasome non-ATPase regulatory subunit 6
Prestalk protein
Protein PUN1
Cytochrome b-c1 complex subunit 2, mitochondrial
Retrograde protein of 51 kDa
Protein transport protein sec13
Protein transport protein sec31
Semenogelin-1
Protein transport protein SSS1
Semenogelin-2
Protein transport protein SEC13
Protein transport protein SEC31
Fibrohexamerin
Septin-4
S-layer protein EA1
Septation initiation protein sid4
Protein Skeletor, isoforms D/E
Gamma-2-syntrophin
Sperm-associated antigen 4 protein
Small proline-rich protein 2D
Small proline-rich protein 2G
Putative small proline-rich protein 2J
Gamma-1-syntrophin
Cornifin-B
Small proline-rich protein 2B
Cornifin
Small proline-rich protein 4
Syntrophin-1
Small proline-rich protein 2A
Small proline-rich protein 2H
Alpha-1-syntrophin
Cornifin-A
Small proline-rich protein 2E
Sporulation-specific protein 74
Small proline-rich protein 2F
Small proline-rich protein 2I
Sporulation-regulated protein 3
Sporulation-regulated protein 28
Small proline-rich protein 2K
Small proline-rich protein 3
Side tail fiber protein homolog from lambdoid prophage Qin
Side tail fiber protein homolog from lambdoid prophage Rac
Seminal vesicle secretory protein 2
Syncoilin
Tanabin
Tubulin alpha-1A chain
Thread biopolymer filament subunit gamma
Toxin coregulated pilin
Trefoil factor 2
Thread biopolymer filament subunit alpha
Tubulin gamma-2 chain
Mitochondrial import receptor subunit tom7
Testis-specific gene 10 protein
Tetratricopeptide repeat protein 8
Vimentin
Protein unc-112
Basement membrane proteoglycan
Uroplakin-1b
Vimentin beta
Vinculin
Vimentin A1
Vacuolar protein-sorting-associated protein 25
Skin-specific protein 32
Vimentin-1/2
Vimentin-4
Vimentin A2
Low molecular weight neuronal intermediate filament
Vacuolar protein sorting-associated protein 25
Protein Mb2227c
Protein aq_1857
Protein MT2260
Putative flagellin YvzB
