Autolysin
38 kDa autolysin
Acid trehalase-like protein 1
Beta-glucosidase 6
Beta-galactosidase
Exochitosanase
Putative DNA glycosylase At3g47830
Endonuclease V
Furostanol glycoside 26-O-beta-glucosidase
Putative glycoside hydrolase 22789
Putative glycoside hydrolase BT_3595
Endo-1,6-beta-glucanase
Probable transglycosylase IsaA
Exo-glucosaminidase LytG
Beta-porphyranase B
Beta-porphyranase A
N-glycosidase R617
N-glycosidase YbiA
Probable transglycosylase SceD 1
Probable transglycosylase SceD 3
Probable transglycosylase SceD 2
Thaumatin-like protein 1a
Unsaturated rhamnogalacturonyl hydrolase YesR
Unsaturated rhamnogalacturonyl hydrolase YteR
Xyloglucanase
