Cytochrome P450 ARB_01131
Angelicin synthase
P450 monooxygenase AflN
Amorpha-4,11-diene 12-monooxygenase
Protein AknT
Averantin hydroxylase
5-methyl-1-naphthoate 3-hydroxylase
5,6-dimethylbenzimidazole synthase
Biotin biosynthesis cytochrome P450
Putative cytochrome P450 133B1
Cytochrome P450 714A1
Cytochrome P450 714C1
Cytochrome P450 716B2
Cytochrome P450 27C1
Probable cytochrome P450 49a1
Probable cytochrome P450 513A1
Probable cytochrome P450 513F1
Probable cytochrome P450 554A1
Probable cytochrome P450 6a20
Cytochrome P450 71A3
Cytochrome P450 71A9
Indoleacetaldoxime dehydratase
Cytochrome P450 71A27
Cytochrome P450 76A2
Cytochrome P450 72A14
Beta-amyrin 11-oxidase
Cytochrome P450 704C1
Putative cytochrome P450 CYP13A3
Cytochrome P450 714C2
Cytochrome P450 716B1
Probable cytochrome P450 4ac3
Probable cytochrome P450 4d20
Probable cytochrome P450 513D1
Probable cytochrome P450 517A4
Probable cytochrome P450 520A1
Probable cytochrome P450 525A1
Ent-kaurene oxidase-like 5
Cytochrome P450 71B8
Cytochrome P450 750A1
Cytochrome P450 CYP749A22
Cytochrome P450 71BL1
Cytochrome P450 CYP71D313
Cytochrome P450 CYP82H23
(S)-N-methylcoclaurine 3'-hydroxylase-like protein
Cytochrome P450 82A2
Cytochrome P450 94A1
Cytochrome P450 98A2
Probable cytochrome P450 12c1, mitochondrial
Putative cytochrome P450 135B1
Putative cytochrome P450 CYP13A6
Putative cytochrome P450 cyp-13B1
Cytochrome P450 714B1
Cytochrome P450 167A1
Probable cytochrome P450 4ad1
Probable cytochrome P450 4d14
Probable cytochrome P450 513E1
Probable cytochrome P450 514A4
Probable cytochrome P450 519A1
Cytochrome P450 709B1
Cytochrome P450 709B3
Cytochrome P450 71A2
Psoralen synthase
Putative cytochrome P450 71A28
Cytochrome P450 720B2
Cytochrome P450 76AD1
Valine N-monooxygenase 1
Cytochrome P450 CYP736A12
Cytochrome P450 CYP72A219
Cytochrome P450 71AV8
Costunolide synthase
Putative cytochrome P450 133B2
Probable cytochrome P450 4ac1
Cytochrome P450 4d10
Probable cytochrome P450 4d21
Probable cytochrome P450 508C1
Probable cytochrome P450 521A1
Probable cytochrome P450 6a14
Cytochrome P450 71C3
Cytochrome P450 71D9
7-ethoxycoumarin O-deethylase
Cytochrome P450 77A3
Isoleucine N-monooxygenase 1
Protopanaxadiol 6-hydroxylase
Premnaspirodiene oxygenase
Cytochrome P450 82A3
Cytochrome P450 85A3
Cytochrome P450 97B3, chloroplastic
Probable cytochrome P450 313a1
Cytochrome P450 12b1, mitochondrial
2,5-diketocamphane 1,2-monooxygenase
Putative cytochrome P450 CYP13A10
Cytochrome P450 714B2
Cytochrome P450 4ae1
Probable cytochrome P450 513A3
Probable cytochrome P450 517A2
Probable cytochrome P450 519C1
Cytochrome P450 71A1
Cytochrome P450 71A8
Cytochrome P450 71A12
Cytochrome P450 71D8
5-epiaristolochene 1,3-dihydroxylase
Ent-cassadiene C2-hydroxylase
Cytochrome P450 78A3
Cytochrome P450 79B1
Cytochrome P450 CYP82D47
Cytochrome P450 71D94
Cytochrome P450 82A1
Cytochrome P450 85A1
Cytochrome P450 87A3
Cytochrome P450 97B1, chloroplastic
Cytochrome P450 98A1
Chlorophyllide a oxygenase, chloroplastic
Probable cytochrome P450 12e1, mitochondrial
Putative cytochrome P450 CYP13A1
Probable cytochrome P450 513B1
Probable cytochrome P450 514A1
Probable cytochrome P450 517A1
Probable cytochrome P450 6a23
Cytochrome P450 71A24
Cytochrome P450 71B1
Cytochrome P450 71B38
Cytochrome P450 71D10
Cytochrome P450 734A5
Linolenate hydroperoxide lyase, chloroplastic
Inactive cytochrome P450 76AD1
Cytochrome P450 76M5
Cytochrome P450 77A1
Cytochrome P450 78A4
Cytochrome P450 72A15
Cytochrome P450 82A4
Cytochrome P450 CYP12A2
Probable cytochrome P450 12a5, mitochondrial
Putative cytochrome P450 135A1
Putative cytochrome P450 CYP13A4
Putative cytochrome P450 CYP13A5
Putative cytochrome P450 CYP13A7
Cytochrome P450 714B3
Cytochrome P450 714C3
3,6-diketocamphane 1,6 monooxygenase
Putative inactive cytochrome P450 2G1
Probable cytochrome P450 4ac2
Cytochrome P450 4g15
Probable cytochrome P450 513C1
Probable cytochrome P450 514A2
Putative cytochrome P450 520B1
Probable cytochrome P450 556A1
Ent-kaurene oxidase-like protein 1
Cytochrome P450 709B2
Alpha-humulene 10-hydroxylase
Cytochrome P450 71A6
Cytochrome P450 71D7
Cytochrome P450 76A1
Cytochrome P450 77A2
Phenylalanine N-monooxygenase
Valine N-monooxygenase 2
Isoleucine N-monooxygenase 2
Cytochrome P450 72A11
Dammarenediol 12-hydroxylase
Cytochrome P450 85A
Cytochrome P450 90D2
Beta-amyrin 24-hydroxylase
Cytochrome P450 97B2, chloroplastic
Probable cytochrome P450 12b2, mitochondrial
Putative cytochrome P450 CYP13A2
Putative cytochrome P450 CYP13A8
Cytochrome P450 714A2
Cytochrome P450 714D1
Aromatase
Probable cytochrome P450 4aa1
Probable cytochrome P450 6a19
Ent-kaurene oxidase-like 3
Cytochrome P450 71A4
Cytochrome P450 71A18
Cytochrome P450 71D6
Cytochrome P450 71D11
Cytochrome P450 78A1
Cytochrome P450 CYP73A100
Cytochrome P450 72A13
Beta-amyrin 28-oxidase
Cytochrome P450 CYP71D312
Cytochrome P450 81E8
Cytochrome P450 88A1
Probable cytochrome P450 CYP44
Cytochrome P450 93A2
Cytochrome P450 93A3
Cytochrome P450 94A2
Cytochrome P450 CYP99A1
Cytochrome P450 99A2
3-chlorobenzoate-3,4-dioxygenase oxygenase subunit
Capsanthin/capsorubin synthase, chromoplastic
Putative cytochrome P450 126
Putative cytochrome P450 132
Putative cytochrome P450 140
Putative cytochrome P450 143
Aromatase 1
Cytochrome P450 20A1
Cytochrome P450 4e3
Cytochrome P450 6l1
Cytochrome P450 119
Putative cytochrome P450 123
Probable cytochrome P450 313a3
Cytochrome P450 26A1
Probable cytochrome P450 313b1
Probable cytochrome P450 318a1
Cytochrome P450 4d2
Probable cytochrome P450 4p2
Cytochrome P450-pinF1, plant-inducible
Cytochrome P450 BJ-1
Cytochrome P450 BJ-4
Mycocyclosin synthase
Putative cytochrome P450 124
Putative cytochrome P450 137
Putative cytochrome P450 138
Probable cytochrome P450 308a1
Cytochrome P450 4A6
Cytochrome P450 4A24
Cytochrome P450 4c3
Cytochrome P450 4e2
Cytochrome P450 4V2
Putative inactive cytochrome P450 family member 4Z2
Cytochrome P450 9e2
Probable cytochrome P450 9h1
Cytochrome P450 105C1
Linalool 8-monooxygenase
Cytochrome P450 BJ-3 homolog
Cytochrome P450 BJ-4 homolog
Lycopene cyclase
Cytochrome P450 10
Putative cytochrome P450 120
Cytochrome P450 144
Cytochrome P450 307a1
Cytochrome P450 4A22
Cytochrome P450 4d1
Cytochrome P450 4p1
Probable cytochrome P450 4s3
Cytochrome P450 6j1
Cytochrome P450 9b1
Cytochrome P450 109
Phytoene dehydrogenase, chloroplastic/chromoplastic
Cytochrome P450 121
Cytochrome P450 130
Probable cytochrome P450 313a2
Putative cytochrome P450 136
Ovarian aromatase
Probable cytochrome P450 304a1
Probable cytochrome P450 311a1
Cytochrome P450 315a1, mitochondrial
Cytochrome P450 4A5
Probable cytochrome P450 4e1
Cytochrome P450 6d1
Cytochrome P450 105A3
Cytochrome P450(BM-1)
6-deoxyerythronolide B hydroxylase
Cytochrome P450 BJ-1 homolog
Probable cytochrome P450 313a5
Putative cytochrome P450 139
Putative cytochrome P450 142
Cytochrome P450 302a1, mitochondrial
Probable cytochrome P450 316a1
Probable cytochrome P450 309a2
Cytochrome P450 4e5, mitochondrial
Probable cytochrome P450 4p3
Putative sterol 14-demethylase-like protein
Cytochrome P450 67
Cytochrome P450 6k1
Cytochrome P450 9c1
Cytochrome P450-pinF2, plant-inducible
Cytochrome P450-SOY
Probable cytochrome P450 110
Aromatase 2
Cytochrome P450 26B1
Probable cytochrome P450 305a1
Probable cytochrome P450 312a1
Probable cytochrome P450 309a1
Cytochrome P450 6d3
Probable cytochrome P450 313a4
Brain aromatase
Aromatase 3
Cytochrome P450
Cytochrome P450 4A7
Cytochrome P450 4A14
Cytochrome P450 4A25
Cytochrome P450 4d8
Cytochrome P450 4g1
Cytochrome P450 9b2
Cytochrome P450-SU2
Cytochrome P450 107B1
Cytochrome P450-terp
Cytochrome P450(MEG)
Fatty-acid peroxygenase
Ferruginol synthase
9-divinyl ether synthase
Anthracycline biosynthesis protein DnrQ
Cytochrome P450 family protein EryCII
Cytochrome P450 FAS1
F420-dependent glucose-6-phosphate dehydrogenase
F420-dependent glucose-6-phosphate dehydrogenase 1
F420-dependent glucose-6-phosphate dehydrogenase 2
Fumitremorgin C monooxygenase
Tryprostatin B 6-hydroxylase
Fumitremorgin C synthase
Germacrene A oxidase
Ent-kaurenoic acid oxidase 1
Lycopene beta cyclase, chloroplastic
Lycopene beta cyclase, chloroplastic/chromoplastic
Lycopene epsilon cyclase, chloroplastic
Lycopene beta cyclase
5,10-methylenetetrahydromethanopterin reductase
Putative monooxygenase MoxC
Mycinamicin IV hydroxylase/epoxidase
Mycinamicin VIII C21 methyl hydroxylase
2-hydroxy-5-methyl-1-naphthoate 7-hydroxylase
Cytochrome P450 55A2
Nitrilotriacetate monooxygenase component A
Cytochrome P450 55A3
NADP nitrous oxide-forming nitric oxide reductase
Cytochrome P450 NovI
2-oxoglutarate and iron-dependent oxygenase domain-containing protein 2
2-oxoglutarate and iron-dependent oxygenase domain-containing protein 3
O-methylsterigmatocystin oxidoreductase
15-cis-phytoene desaturase, chloroplastic/chromoplastic
Phthiodiolone/phenolphthiodiolone dimycocerosates ketoreductase
Cytochrome P450 monooxygenase PikC
Pisatin demethylase
Phenoxybenzoate dioxygenase subunit alpha
Dibenzothiophene desulfurization enzyme A
Pristinamycin IIA synthase subunit A
Pristinamycin IIA synthase subunit B
Bifunctional protein STORR
Cytochrome P450 116
Cytochrome P450 708A2
Isotrichodermin C-15 hydroxylase
Trichodiene oxygenase
20-oxo-5-O-mycaminosyltylactone 23-monooxygenase
Protein TylM3
PKHD-type hydroxylase Mfla_0096
Probable cytochrome P450 127A1
Putative cytochrome P450 YjiB
Putative monooxygenase YxeK
