5-hydroxytryptamine receptor 1A-alpha
5-hydroxytryptamine receptor 1B
5-hydroxytryptamine receptor 1D
5-hydroxytryptamine receptor 2B
5-hydroxytryptamine receptor 7
5-hydroxytryptamine receptor 1A
5-hydroxytryptamine receptor 1A-beta
Crinia-angiotensin-2
Angiotensinogen
Angiotensin-like peptide 1
Angiotensin-like peptide 2
B2 bradykinin receptor
Bradykinin-related peptide Pnor-5
Caveolin-1
Endothelin-converting enzyme 2
Endothelin-3 receptor
Endothelin-1 receptor
Endothelin B receptor
Endothelin-1
Endothelin-2
Endothelin-3
Kasstasin
Kell blood group glycoprotein
Vasopressin-neurophysin 2-copeptin
Orpotrin
Sodium-dependent serotonin transporter
Sarafotoxin-i2
Bibrotoxin
Long-sarafotoxin
Sarafotoxin-i1
Sarafotoxin-D
Transient receptor potential cation channel subfamily M member 4
