Apolipoprotein E
60 kDa chaperonin
10 kDa chaperonin
Probable DNA-binding protein
Protein E6
Head-tail joining protein
Furin
I-leader protein
Matrix protein
Protein Nef
Nucleoprotein
Nuclear export protein
Glycylpeptide N-tetradecanoyltransferase 2
Polymerase basic protein 2
Polymerase acidic protein
Packaging protein 3
Portal protein
Portal protein B
Probable portal protein
Ras-related protein Rab-1A
Ras-related protein Rab-1B
Ras-related protein Rab-43
RNA-directed RNA polymerase catalytic subunit
Protein Rev
Ubiquitin-40S ribosomal protein S27a
TBC1 domain family member 20
Polyubiquitin-C
Capsid assembly protein UL37 homolog
USP6 N-terminal-like protein
Polyubiquitin-B
Protein BOLF1
Vacuolar protein sorting-associated protein 37B
Tail attachment protein
Protein Vpr
Vacuolar protein sorting-associated protein 28 homolog
Protein Vpu
Virion infectivity factor
Vacuolar protein sorting-associated protein 37D
Vacuolar protein sorting-associated protein 37C
Vacuolar protein sorting-associated protein 37A
