ABA-responsive protein ABR17
ABA-responsive protein ABR18
Thaumatin-like protein
Major allergen Api g 1, isoallergen 1
Major allergen Api g 1, isoallergen 2
Major pollen allergen Bet v 1-C
Major pollen allergen Bet v 1-M/N
Major pollen allergen Bet v 1-L
Major pollen allergen Bet v 1-E
Major pollen allergen Bet v 1-K
Major pollen allergen Bet v 1-J
Major pollen allergen Bet v 1-F/I
Major pollen allergen Bet v 1-B
Major pollen allergen Bet v 1-A
Major pollen allergen Bet v 1-D/H
Major pollen allergen Bet v 1-G
Acidic 27 kDa endochitinase
Acidic endochitinase
Acidic 26 kDa endochitinase
Acidic endochitinase P
Acidic endochitinase Q
Major allergen Dau c 1
Disease resistance response protein Pi49
Disease resistance response protein 206
Dispanin subfamily A member 2b
Disease resistance response protein DRRG49-C
Putative dispanin subfamily A member 2d
Glucan endo-1,3-beta-glucosidase
Disease resistance response protein Pi176
Glucan endo-1,3-beta-glucosidase, basic isoform
Allergen Fra a 1
Glycine-rich protein
Probable glutathione S-transferase
Interferon-induced transmembrane protein 5
Interferon-induced transmembrane protein 10
Probable intracellular pathogenesis-related protein T1
Protein LlR18B
Protein LlR18A
Major allergen Mal d 1
MLP-like protein 168
MLO-like protein 8
MLP-like protein 34
MLO-like protein 11
MLO-like protein 13
Major pollen allergen Car b 1 isoform 2
MLP-like protein 423
MLO-like protein 1
MLO-like protein 5
MLO-like protein 9
MLO protein homolog 1
MLP-like protein 28
MLP-like protein 43
MLO-like protein 15
Major pollen allergen Car b 1 isoforms 1A and 1B
MLP-like protein 165
MLO-like protein 10
MLO-like protein 14
MLO-like protein 4
MLO-like protein 7
MLO-like protein
Protein MLO
MLO-like protein 3
MLP-like protein 31
Major pollen allergen Cor a 1 isoforms 5, 6, 11 and 16
Major pollen allergen Aln g 1
S-norcoclaurine synthase 2
Non-specific lipid-transfer protein 1
Nodulin-13
Osmotin-like protein
Phytohormone-binding protein
Protein PR-L1
Protein PR-L4
Protein PR-L5
Protein PR-L6
Protein PR-L2
Protein PR-L3
Pathogenesis-related protein 1A1
Pathogenesis-related protein 2
Pathogenesis-related protein A
Pathogenesis-related protein 1A/1B
Basic form of pathogenesis-related protein 1
Class-10 pathogenesis-related protein 1
Pathogenesis-related protein 1C
Pathogenesis-related leaf protein 4
Pathogenesis-related protein PRB1-3
Pathogenesis-related protein PR-1 type
Pathogen-related protein
Pathogenesis-related protein B
Pathogenesis-related protein 1
Pathogenesis-related protein STH-21
Major allergen Pru ar 1
Major allergen Pru av 1
Pathogenesis-related protein PRB1-2
Pathogenesis-related protein PRMS
Pathogenesis-related protein STH-2
Major allergen Pyr c 1
Major pollen allergen Que a 1
Root allergen protein
Ribonuclease 2
Ribonuclease 1
Stress-induced protein SAM22
Synapse differentiation-inducing gene protein 1-like
Thaumatin-like protein PWIR2
Thaumatin-like protein 2
Transmembrane protein 91
Thaumatin-like protein 1
Transmembrane protein 233
Transmembrane protein 265
Tumor suppressor candidate 5
Tumor suppressor candidate 5 homolog
