Myosin-11
Myosin-13
Myosin-3
Myosin-4
Paramyosin
Myosin-1
Myosin-2
Myosin-7B
Myosin-binding protein C, slow-type
Myosin-binding protein C, cardiac-type
Paramyosin, long form
Myosin heavy chain, skeletal muscle
Myosin-binding protein H
Myosin-6
Myosin-7
Myosin-binding protein C, fast-type
Myosin heavy chain, striated muscle
Myosin-15
Myosin heavy chain, clone 203
Myosin heavy chain, cardiac muscle isoform
Myosin heavy chain, fast skeletal muscle
Myosin heavy chain, muscle
Myosin heavy chain, embryonic smooth muscle isoform
Myosin-8
Paramyosin, short form
Myosin heavy chain, skeletal muscle, adult
