Delta-1 crystallin
Argininosuccinate lyase
Phakinin
Filensin
Beta-crystallin A1-2
Beta-crystallin A4
Beta-crystallin B1
Beta-crystallin B2
Beta-crystallin B3
Beta-crystallin S-2
Gamma-crystallin M1-2
Gamma-crystallin-1
Gamma-crystallin 2
Gamma-crystallin A
Gamma-crystallin B
Gamma-crystallin E
Gamma-crystallin M1
Alpha-crystallin A chain
Beta-crystallin S
Gamma-crystallin-4
Gamma-crystallin D
Gamma-crystallin F
Crystallin J1C
Alpha-crystallin B chain
Beta-crystallin A1-1
Beta-crystallin A3-2
Beta-crystallin A2
Gamma-crystallin-2
Gamma-crystallin M2
Gamma-crystallin N-A
Beta-crystallin A1
Gamma-crystallin M3
Omega-crystallin
Rho crystallin
Lambda-crystallin
Beta-crystallin A3-1
Rho beta-crystallin
Beta-crystallin S-1
Gamma-crystallin M1-1
Gamma-II crystallin
Gamma-crystallin-3
Gamma-crystallin-5
Crystallin J1B
Gamma-crystallin 1
Gamma-crystallin C
Gamma-crystallin N-B
Crystallin J1A
Alpha-enolase
Oxygen-dependent coproporphyrinogen-III oxidase, mitochondrial
Heat shock protein beta-2
Heat shock protein beta-6
L-lactate dehydrogenase B chain
Lens fiber membrane intrinsic protein
S-crystallin SL20-1
S-crystallin 3
S-crystallin SL11
S-crystallin 1
S-crystallin 4
S-crystallin SL18
S-crystallin SL4
S-crystallin 2
Vimentin
