Golgi pH regulator A
Sodium-dependent phosphate transport protein 4
Outer envelope pore protein 21A, chloroplastic
Outer envelope pore protein 21, chloroplastic
Outer envelope pore protein 21B, chloroplastic
S-type anion channel SLAH1
S-type anion channel SLAH3
S-type anion channel SLAH4
S-type anion channel SLAH2
Guard cell S-type anion channel SLAC1
Mitochondrial outer membrane protein porin 1
Voltage-dependent anion-selective channel protein 1
Voltage-dependent anion-selective channel protein 2
Mitochondrial outer membrane protein porin of 36 kDa
Voltage-dependent anion-selective channel protein 3
Mitochondrial outer membrane protein porin
Mitochondrial outer membrane protein porin 3
Mitochondrial outer membrane protein porin 4
Outer plastidial membrane protein porin
Mitochondrial outer membrane porin
Mitochondrial outer membrane protein porin 6
Mitochondrial outer membrane protein porin 2
Probable voltage-dependent anion-selective channel
Probable mitochondrial outer membrane protein porin
Mitochondrial outer membrane protein porin of 34 kDa
Mitochondrial outer membrane protein porin 5
Voltage-dependent anion-selective channel
