Alpha-bungarotoxin isoform V31
Alpha-elapitoxin-Bc2a
Alpha-elapitoxin-Ls2a
Long neurotoxin 1
Alpha-elapitoxin-As2a
Alpha-elapitoxin-Dpp2c
Alpha-elapitoxin-Ast2b
Alpha-elapitoxin-Lh2a
Long neurotoxin 3
Long neurotoxin 469
Long neurotoxin OH-57
Long neurotoxin 5
Long neurotoxin OH-5
Alpha-elapitoxin-Aa2a
Long neurotoxin LlLong
Alpha-bungarotoxin N3
Long neurotoxin 3FTx-Oxy2
Long neurotoxin LNTX8
Kappa-3-bungarotoxin
Kappa 1a-bungarotoxin
Kappa-flavitoxin
Cytotoxin 3
Cytotoxin 4
Cytotoxin 5a
Cytotoxin Vc-5
Cytotoxin 7
Cytotoxin 8
Cytotoxin 9
Cytotoxin 10
Cytotoxin SP15c
Cytotoxin I-like T-15
Muscarinic m1-toxin3
Adrenergic toxin rho-elapitoxin-Dp1b
Muscarinic toxin 4
Toxin C10S2C2
Ringhalexin
Short neurotoxin homolog NTL4
Cytotoxin homolog Clbp-3
Cardiotoxin 7a
Pyruvoyl-dependent arginine decarboxylase AaxB
Alpha-delta-bungarotoxin-4
Irditoxin subunit B
Weak toxin 2
Probable weak neurotoxin NNAM2
Probable weak neurotoxin NNAM3
Weak neurotoxin WNTX34
Three finger toxin W-V
Weak neurotoxin 8
Weak toxin CM-9a
Weak neurotoxin 10
Tryptophan-containing weak neurotoxin
Neurotoxin BM10-1-like
Long neurotoxin homolog TA-bm16
Cytotoxin-like protein TA-BMBGT3
Cardiotoxin-like protein BMLCL
Probable weak neurotoxin 3FTx-Lio1
Micrurotoxin 1
Short neurotoxin SN160
Short neurotoxin 1
Frontoxin I
Three-finger toxin MS1
Weak neurotoxin D2B
Short neurotoxin 2
Short neurotoxin OKI-01/OKI-19
Short neurotoxin NCA-04
Short neurotoxin 3FTx-Oxy4
Three finger toxin MALT0052C
Short neurotoxin NCA-02/NCA-05/UER-05
Frontoxin VI
Alpha-neurotoxin NTX-2
Short neurotoxin C
Erabutoxin a
Cytotoxin 5b
Cytotoxin 1
Cytotoxin SP13b
Cytotoxin najalgesin
Cytotoxin 6
Beta-cardiotoxin CTX21
Beta-cardiotoxin CTX9
Toxin AdTx1
Muscarinic toxin 3
Synergistic-type venom protein C9S3, chain 1
Synergistic-type venom protein S2C4
Toxin S4C8
Short neurotoxin homolog
Cytotoxin homolog
Cytotoxin homolog 5V
Neurotoxin 3FTx-LI
Muscarinic toxin-like protein 1
Toxin 3FTx-Oxy6
Maticotoxin A
Long neurotoxin OH-17
Alpha-elapitoxin-Aa2b
Long neurotoxin LNTX-1
Alpha-elapitoxin-Lc2c
Alpha-elapitoxin-Nk2a
Alpha-elapitoxin-Nss2a
Alpha-delta-bungarotoxin-2
Long neurotoxin 2
Long neurotoxin 31
Long neurotoxin OH-34
Long neurotoxin LNTX37
Alpha-elapitoxin-Bc2c
Long neurotoxin 43
Alpha-elapitoxin-Dpp2d
Long neurotoxin OH-55
Alpha-elapitoxin-Oh2b
Toxin Lc b
Alpha-elapitoxin-Aa2d
Long neurotoxin 3FTx-Oxy1
Long neurotoxin LNTX1
Kappa-2-bungarotoxin
Kappa-4-bungarotoxin
Kappa-6-bungarotoxin
Denmotoxin
Probable weak neurotoxin NNAM1
Weak toxin CM-11
Micrurotoxin 2
Long neurotoxin MS4
Weak toxin DE-1 homolog 1
Short neurotoxin A
Short neurotoxin SNTX-1
Three-finger toxin Mnn I
Frontoxin III
Short neurotoxin 3
Short neurotoxin 3FTx-Oxy3
Short neurotoxin D
Three-finger toxin W-IV
Three finger toxin MALT0054C
Toxin 5
Alpha-neurotoxin NTX-1
Toxin aagardi
Short neurotoxin B
Cobrotoxin-b
Cobrotoxin homolog
Short neurotoxin D1
Erabutoxin b
Short neurotoxin 6
Cytotoxin 2c
Cytotoxin 4N
Cytotoxin 2
Cytotoxin I-like P-15
Beta-cardiotoxin CTX15
Muscarinic m1-toxin2
Three-finger toxin A2
Toxin 3FTx-Dis4
Toxin 3FTx-Oxy5
Scutelatoxin
Sialidase 85-1.3
Accessory cholera enterotoxin
Toxin 3FTx-Tri2
Fulgimotoxin
Three-finger toxin 3FTx-2
Weak neurotoxin 5
Weak neurotoxin 6
Weak neurotoxin 7
Weak toxin CM-10
Long neurotoxin homolog
Oxiana weak toxin
Alpha-neurotoxin homolog 8
Candoxin
Muscarinic toxin BM14
Toxin 3FTx-Lei1
Long neurotoxin MS2
Long neurotoxin MS5
Short neurotoxin OKI-10
Weak toxin DE-1
Short neurotoxin OKI-17/NCA-06
Three-finger toxin A1
Short neurotoxin 342
Three-finger toxin W-III
Short neurotoxin 4
Three finger toxin MALT0057C
Pelamitoxin a
Cobrotoxin
Erabutoxin c
Cytotoxin
Cytotoxin 1c
Cytotoxin 2b
Cytotoxin 3a
Muscarinic toxin MTX6
Muscarinic toxin 38
Adrenergic toxin rho-elapitoxin-Dp1a
Synergistic-like venom protein
Toxin FS-2
Neurotoxin 3FTx-RK
Weak toxin CM-2
Muscarinic toxin-like protein 3
Neurotoxin-like protein pMD18-NTL3
Cardiotoxin homolog TA-ctx-like
Toxin C13S1C1
Cytotoxin homolog 2
Cytotoxin 11
Cytotoxin homolog 5
Cytotoxin-like basic protein
Neurotoxin 3FTx-LK
Weak toxin CM-3
Thrombostatin
Muscarinic toxin-like protein 2
Mambalgin-2
Mambalgin-3
Nicotinic acetylcholine receptor-binding protein Mnn-3C
Short neurotoxin SNTX6
Short neurotoxin SNTX11
Long neurotoxin 13
Alpha-bungarotoxin isoform A31
Alpha-elapitoxin-Djk2a
Alpha-elapitoxin-Nno2a
Long neurotoxin LNTX28
Alpha-elapitoxin-Oh2a
Long neurotoxin LNTX-2 homolog
Long neurotoxin 77
Toxin 3FTx-Tel4
Alpha-colubritoxin
Weak toxin 1
Weak toxin 3
Neurotoxin Ntx4
Neurotoxin 3FTx-8a
Weak neurotoxin 9
Weak toxin CM-13b
Cytotoxin 1a
Cytotoxin 2a
Cytotoxin 3b
Cytotoxin 4b
Cytotoxin 5
Cytotoxin KJC3
Beta-cardiotoxin CTX23
Fasciculin-1
Acetylcholinesterase toxin C
Neurotoxin Oh9-1
Three-finger toxin 3
Short neurotoxin OH-5
Sialidase 85-1.2
Long neurotoxin 7
Toxin Lc a
Pseudonajatoxin b
Irditoxin subunit A
Neurotoxin 3FTx-LT
Weak neurotoxin OH-72
Long neurotoxin homolog NTL2
Gamma-bungarotoxin
Bucandin
Frontoxin IV
Frontoxin V
Short neurotoxin VAN-10
Three-finger toxin MS3
Neurotoxin 3
Short neurotoxin VAN-29
Three finger toxin MALT0051C
Neurotoxin 5
Alpha-neurotoxin NTX-4
Cobrotoxin II
Cobrotoxin-c
Short neurotoxin OKI-Ed
Short neurotoxin 1/5
Short neurotoxin 7
Cytotoxin 1b
Cytotoxin 1d/1e
Cytotoxin 3d
Muscarinic m1-toxin4
Short neurotoxin OH-35
Three-finger muscarinic toxin 1
Synergistic-type venom protein C8S2, chain 1
Neurotoxin-like protein NTL2
Neurotoxin-like protein 1
Candiduxin-1
Short neurotoxin homolog NTL1
Toxin 4.9.6
Cytotoxin homolog S4C8
Cytotoxin homolog 3
Mambalgin-1
Three-finger toxin 3FTx-3
Three-finger toxin MALT0065C
Short neurotoxin SNTX14
Short neurotoxin OH-26
Rho-elapitoxin-Da1b
Muscarinic toxin 2
Muscarinic toxin alpha
Synergistic-type venom protein C8S2, chain 2
Synergistic-type venom protein C9S3, chain 2
Calciseptin
Short neurotoxin D2A
Muscarinic toxin-like protein
Haditoxin
Candiduxin-2
Neurotoxin-like protein pMD18-NTL1/2/4/5
Toxin S5C4
Alpha-neurotoxin homolog 1
Cytotoxin homolog S3C2
Weak toxin CM-2a
Three-finger toxin MALT0070C
Toxin 3FTx-Psa1
Short neurotoxin OH-32
Weak neurotoxin WNTX33
Three-finger toxin MALT0044C
Toxin 3FTx-Thr5
Short neurotoxin OH-46
Short neurotoxin SNTX26
Short neurotoxin MS11
Sialidase 85-1.1
Alpha-elapitoxin-Al2b
Alpha-elapitoxin-Dpp2a
Alpha-elapitoxin-Dv2b
Alpha-elapitoxin-Ast2a
Long neurotoxin 20
Long neurotoxin LNTX22
Alpha-elapitoxin-Al2a
Alpha-elapitoxin-Aa2e
Long neurotoxin LNTX-2
Alpha-elapitoxin-Dv2a
Long neurotoxin-like OH-31
Long neurotoxin OH-37
Alpha-elapitoxin-Dpp2b
Long neurotoxin 4
Long neurotoxin OH-56
Long neurotoxin 73
Alpha-elapitoxin-Bm2a
Long neurotoxin homolog Pa ID
Taicatoxin, alpha-neurotoxin-like component
Pseudonajatoxin b homolog
Kappa-5-bungarotoxin
Kappa 1b-bungarotoxin
Kappa-bungarotoxin
Toxin 3FTx-Tri3
Probable weak neurotoxin NNAM2I
Toxin S5C10
Alpha-elapitoxin-Bf1b
Short neurotoxin II
Three finger toxin MALT0058C
Three finger toxin MALT0066C
Alpha-neurotoxin NTX-3
Neurotoxin 3FTx-RI
Short neurotoxin 8
Cytotoxin 4a
Cytotoxin SP15a
Cytotoxin SP15d
Cytotoxin sagitoxin
Beta-cardiotoxin CTX14
Beta-cardiotoxin CTX27
Fasciculin-2
Bucain
Weak toxin CM-1c
Neurotoxin homolog NL1
Toxin F-VIII
Alpha-neurotoxin homolog 7
Cytotoxin A5
Cardiotoxin 7''
Weak toxin CM-1b
Toxin S5C1
Dendroaspin
Muscarinic m2-toxin
Mipartoxin-1
Aerolysin
Attachment invasion locus protein
Albumin-1 B
Acyl carrier protein
Aerolysin-3
Aerolysin-5
Albumin-1 C
Aldehyde dehydrogenase
Apical membrane antigen 1
Probable anguibactin biosynthesis thioesterase AngT
Toxin Ado1
Albumin-1 A
Albumin-1 D
Agglutinin-like protein 2
Aerolysin-4
Albumin-1
Albumin-1 E
Albumin-1 F
Cysteine protease avirulence protein AvrRpt2
Cell wall acid trehalase ARB_03719
Adhesin Ata autotransporter
Cell wall acid trehalase ATC1
Effector protein AvrPphDPgy
Cysteine protease avirulence protein AvrPphB
Effector protein AvrPphD
Bone sialoprotein-binding protein
Race-specific elicitor A9
Avirulence protein A
Avirulence protein B
Avirulence protein AvrRxv
DeltaKappa-actitoxin-Avd4b
Probable cysteine protease avirulence protein AvrPpiC2
Race-specific elicitor A4
Avirulence protein C
Effector protein AvrPphDPsv
DeltaKappa-actitoxin-Avd4a
Toxin Bcg III 29.21
U-actitoxin-Ael2c
U-actitoxin-Bgr3c
Kappa-actitoxin-Avd4d
Toxin Bcg III 28.78
Kappa-actitoxin-Avd4j
Kappa-actitoxin-Avd4m
Translocator protein BipB
C protein alpha-antigen
U-actitoxin-Bgr3a
U-actitoxin-Bgr3d
U-AITX-Bg1a
Kappa-actitoxin-Avd4e
Effector protein BipC
Translocator protein BipD
Effector protein BopA
Protein BptA
Cd-146 peptide
Kappa-actitoxin-Avd4a
Pi-actitoxin-Ael2b
Kappa-actitoxin-Avd4i
Kappa-actitoxin-Avd4l
Toxin BcV
Kappa-actitoxin-Ael2a
Delta-actitoxin-Ael2d
Toxin Bcg III 25.52
Kappa-actitoxin-Avd4f
Kappa-actitoxin-Avd4h
Putative surface-exposed virulence protein BigA
Bombolitin-1
U-actitoxin-Bgr3b
Kappa-actitoxin-Avd4c
Kappa-actitoxin-Avd4g
Kappa-actitoxin-Avd4k
Kappa-actitoxin-Avd4n
Botulinum neurotoxin type C1 non-toxic component
Botulinum neurotoxin type E non-toxic component
Conotoxin Vx2
Conotoxin Bu19
Alpha-conotoxin-like Qc1.1a
Alpha-conotoxin-like Ca1.1
Alpha-conotoxin-like Pu1.1
Conotoxin Bu1.4
Alpha-conotoxin-like Ai1.2
Alpha-conotoxin-like Bn1.2
Alpha-conotoxin-like Lp1.2
Alpha-conotoxin Vc1.2
Alpha-conotoxin-like ts14a
Alpha-conotoxin-like Lp1.4
Alpha-conotoxin-like Qc1.5
Alpha-conotoxin Mr1.7a
Alpha-conotoxin AuIA
Alpha-conotoxin Lo1a
Alpha-conotoxin PeIA
Alpha-conotoxin CnIC
Alpha-conotoxin CnIJ
Alpha-conotoxin-like PuSG1.2
Alpha-conotoxin EI
Alpha-conotoxin-like 289
Toxin Bcg III 31.16
Delta-actitoxin-Amc2a
Bombolitin-3
Guanine nucleotide exchange factor BopE
Conotoxin TxMEKL-021
Alpha-conotoxin-like Pu1.2
Alpha-conotoxin-like Qc1.4a
Alpha-conotoxin-like Lp1.9
Alpha-conotoxin AuIB
Alpha-conotoxin CnID
Alpha-conotoxin CnIG
Alpha-conotoxin-like PuSG1.1
Alpha-conotoxin-like EpI
Putative alpha-conotoxin Qc alphaL-1
Kappa-conotoxin-like MIVA
Alpha-conotoxin EIVB
Alpha-conotoxin LvIA
Conotoxin Eb6.14
Conotoxin Bu1.2
Alpha-conotoxin Lp1.1
Alpha-conotoxin-like Sm1.1
Conotoxin Bu22
Alpha-conotoxin-like Lt1.2
Alpha-conotoxin-like Lp1.7
Alpha-conotoxin-like Leo-A1
Alpha-conotoxin SrIA/SrIB
Conotoxin Bu25
U1-nemetoxin-Csp1c
RNA polymerase-binding transcription factor CarD
Alpha-conotoxin S1
Bombolitin-4
Bombolitin-2
Alpha-conotoxin-like Qc1.1b
Alpha-conotoxin-like Ai1.1
Alpha-conotoxin-like C1.1
Alpha-conotoxin-like Lt1.1
Alpha-conotoxin-like Ca1.2
Alpha-conotoxin-like Lp1.8
Alpha-conotoxin OmIA
Rho-conotoxin TIA
Alpha-conotoxin MII
Alpha-conotoxin-like PnMGMR-02
Alpha-conotoxin-like Qc1.1c
Alpha-conotoxin-like Bn1.1
Alpha-conotoxin-like Mr1.1
Alpha-conotoxin-like S1.1
Alpha-conotoxin-like Mr1.2
Alpha-conotoxin-like Pu1.4
Alpha-conotoxin-like Pu1.5
Alpha-conotoxin-like lp1.6a
Alpha-conotoxin BuIA
Alpha-conotoxin PnIB
Alpha-conotoxin GID
Alpha-conotoxin EIIA
Putative alpha-conotoxin Qc alphaL-2
Conotoxin Bu26
U1-nemetoxin-Csp1a
Biofilm regulatory protein A
Conotoxin Bu1.1
Alpha-conotoxin-like Ac1.1a
Alpha-conotoxin-like Lt1.3
Alpha-conotoxin-like Pu1.6
Alpha-conotoxin PIA
Alpha-conotoxin-like ImIIA
Conotoxin Bu24
Kappa-conotoxin-like Bu27
Kappa-conotoxin-like Ac4.3b
Kappa-conotoxin-like SmIVA
Kappa-conotoxin-like SIVB
Alpha-conotoxin ArIA
Alpha-conotoxin-like Ac1.1b
Alpha-conotoxin-like Mr1.3
Conotoxin Vc1.3
Alpha-conotoxin-like Qc1.4b
Alpha-conotoxin-like Qc1.6
Alpha-conotoxin GIC
Alpha-conotoxin CnIL
Alpha-conotoxin-like Tx2
Kappa-conotoxin-like Ac4.3a
Alpha-conotoxin EIVA
Alpha-conotoxin PIVA
Kappa-conotoxin-like SmIVB
Alpha-conotoxin S2
Alpha-conotoxin-like Tx1
Alpha-conotoxin-like Bn1.3
Alpha-conotoxin-like Pu1.3
Alpha-conotoxin Pu14.1
Alpha-conotoxin-like lp1.6b
Alpha-conotoxin CnIA
Alpha-conotoxin-like Lp1.10
Alpha-conotoxin Vc1A
Conotoxin Bu23
Kappa-conotoxin Ac4.2
Kappa-conotoxin SIVA
Alpha-conotoxin-like 291
Calcineurin subunit B
Alpha-conotoxin TxIB
U1-nemetoxin-Csp1b
Cytolethal distending toxin subunit A
Colicin-E7
Colicin-E2
Colonization factor
Cytolethal distending toxin subunit B
Cytolethal distending toxin subunit C
Colicin-E9
Cerato-ulmin
NAD(+)--arginine ADP-ribosyltransferase Chelt
Cytolethal distending toxin subunit B homolog
Ceramide glucosyltransferase
Chemotaxis inhibitory protein
Iota-conotoxin-like M11.1
Iota-conotoxin-like R11.5
Iota-conotoxin-like R11.7
Iota-conotoxin RXIA
Conantokin-G
Conantokin-L
Conantokin-P
Conantokin-R1-C
Clumping factor A
Clumping factor B
Conotoxin Cl11.1
Iota-conotoxin-like S11.2
Iota-conotoxin-like M11.5
Iota-conotoxin-like r11c
Iota-conotoxin-like R11.16
Iota-conotoxin-like R11.10
Iota-conotoxin-like R11.13
Conantokin-T
Conotoxin VnMMSK-03
Conotoxin TxMMSK-05
Conotoxin TsMMSK-021
Conotoxin 2
Conotoxin Tx3.1
Conotoxin VnMLKM-01
Conotoxin Mr3.4
Conotoxin Pu3.6
Mu-conotoxin BuIIIA
Conotoxin tx3b
Iota-conotoxin-like R11.3
Iota-conotoxin-like Fi11.6
Iota-conotoxin-like r11b
Iota-conotoxin-like r11d
Conotoxin Ca11a
Conantokin-R1-B
Conotoxin VnMMSK-02
Conotoxin VnMMSK-01
Conotoxin TxMMSK-06
Conotoxin TsMMSK-011
Conotoxin Mr3.8
Conotoxin mr3d
Mu-conotoxin PnIVB
Conotoxin Cl6.6a
Omega-conotoxin-like TxMKLT1-0211
Conotoxin MiEr95
Conotoxin 10
Conotoxin 3
Conotoxin King-Kong 2
Conotoxin MaI51
Conotoxin Vc6.11
Conotoxin Cap15a
Conotoxin LiCr173
Conotoxin Eb6.20
Conotoxin Cl6.2
Iota-conotoxin-like R11.2
Iota-conotoxin-like Fi11.8
Conotoxin r11e
Iota-conotoxin-like R11.17
Iota-conotoxin-like R11.12
Conotoxin Pu11.2
Conotoxin TsMLKM-011
Conotoxin VnMLKM-04
Conotoxin TsMMSK-B022
Iota-conotoxin LtIIIA
Mu-conotoxin-like T3.1
Conotoxin VnMLKM-02
Conotoxin Pu3.5
Conotoxin tx3c
Conotoxin Cl6.6b
Omega-conotoxin-like CnVIIF
Conotoxin Leo-O1
Omega-conotoxin-like PuIIA
Omega-conotoxin-like TxO2
Conotoxin BeB42
Omega-conotoxin-like TxO5
Conotoxin Lt6.1
Omega-conotoxin-like TeA61
Omega-conotoxin-like SVIA mutant 2
Omega-conotoxin-like Vc6.4
Omega-conotoxin-like MaIr137
Conotoxin AbVIA
Omega-conotoxin GVIA
Conotoxin LvVIB
Conotoxin Vc6b
Conotoxin C11GB
Conotoxin LvVID
Conotoxin AbVIK
Conotoxin AbVIO
Omega-conotoxin-like 6
Conotoxin LvVIIB
Conotoxin MaIr193
Conotoxin Bu6
Omega-conotoxins GVIIA/GVIIB
Omega-conotoxin MVIIC
Omega-conotoxin-like Bu8
Conotoxin Ca11.3
Conantokin-E
Conotoxin TsMMSK-B021
Conotoxin Lt3.2
Conotoxin Lt3.4
Conotoxin Lt3.5
Conotoxin tx3a-a
Conopeptide Vt3.1
Omega-conotoxin-like 3
Omega-conotoxin-like TxO3
Conotoxin LiC42
Omega-conotoxin-like TxO4
Conotoxin 5
Conotoxin Lt6.3
Conotoxin Lt6.4
Conotoxin Cl6.10
Omega-conotoxin-like PuIA
Conotoxin VxVIA
Mu-conotoxin MrVIB
Conotoxin LvVIC
Conotoxin A11GB
Conotoxin S6.10
Omega-conotoxin-like TxO6
Kappa-conotoxin PVIIA
Conotoxin LiC53
Conotoxin Vc6.7
Conotoxin Vc6.8
Conotoxin Vc6.9
Conotoxin Vc6.10
Conotoxin Vc6.13
Conotoxin Vc6.15
Conotoxin Vc6.17
Conotoxin 6
Conotoxin Lt7.1
Gamma-conotoxin PnVIIA
Gamma-conotoxin-like TxVIIA
Conotoxin Lv15a
Conotoxin Vx15a
Conotoxin CaFr179
Conotoxin Bu2
Conotoxin Bu4
Conotoxin ArMLKM-01
Mu-conotoxin BuIIIB
Psi-conotoxin PIIIE
Conotoxin mr3g
Kappa-conotoxin RIIIK
Conotoxin Cl9.1
Omega-conotoxin-like 12
Conotoxin 1
Omega-conotoxin-like 15
Conotoxin Leo-O2
Conotoxin Leo-O3
Omega-conotoxin SO-3
Conotoxin MiK42
Omega-conotoxin-like SO-4
Omega-conotoxin-like SVIA mutant 1
Omega-conotoxin-like Ai6.2
Omega-conotoxin-like Ai6.3
Omega-conotoxin-like Ac6.4
Omega-conotoxin-like Ac6.5
Conotoxin Vc6a
Conotoxin AbVIC
Omega-conotoxin CVID
Conotoxin AbVIF
Conotoxin CaHr91
Conotoxin AbVIL
Omega-conotoxin MVIIA
Omega-conotoxin-like TeAr94
Conotoxin 12
Conotoxin Eb6.21
Omega-conotoxin MVIID
Omega-conotoxin TxVII
Mu-conotoxin cal12b
Mu-conotoxin-like Cal 12.2b
Iota-conotoxin-like Fi11.1
Iota-conotoxin-like R11.1
Iota-conotoxin-like R11.15
Iota-conotoxin-like R11.18
Iota-conotoxin-like R11.11
ATP-dependent Clp protease ATP-binding subunit ClpL
Conotoxin TxMMSK-01
Conotoxin PnMLKM-011
Conotoxin Qc3.1
Conotoxin Lp3.2
Conotoxin Mr3.3
Conotoxin Mr3.5
Conotoxin mr3e
Conotoxin CnIIIG
Conotoxin Im6.1
Conotoxin Cl6.9
Omega-conotoxin-like CnVIIG
Cyclopropane mycolic acid synthase 3
Conotoxin Eb6.19
Omega-conotoxin PnVIA
Omega-conotoxin-like CnVIIH
Conotoxin Cal6.1a
Contryphan-Tx
Contryphan-Sm
Conotoxin TsMLKM-02
Mu-conotoxin BuIIIC
Conotoxin CnIIIE
Conotoxin mr3f
Conotoxin Cl6.5
Omega-conotoxin-like CnVIIJ
Omega-conotoxin-like 2/7
Conotoxin MaIr332
Omega-conotoxin-like TxMKLT1-0141
Conotoxin Lt6.5
Omega-conotoxin SVIA
Conotoxin Cl6b
Conotoxin VxVIB
Conotoxin Vc6c
Conotoxin AbVIE
Conotoxin AbVIG
Conotoxin AbVII
Conotoxin AbVIN
Conotoxin MiEr92
Conotoxin MiEr93
Conotoxin King-Kong 1
Omega-conotoxin-like TxO1
Conotoxin BeB54
Conotoxin S6.11
Conotoxin Bt15a
Conotoxin Ec15a
Conotoxin Lt15a
Conotoxin Ml15b
Omega-conotoxin RVIA
Omega-conotoxin TVIA
Omega-conotoxin CVIB
Omega-conotoxin CVIC
Omega-conotoxin MVIIB
Conotoxin Cal6.1e
Im-conomarphin
Conomarphin
Conotoxin PnMLKM-013
Conotoxin TsMLKM-012
Conotoxin ArMMSK-01
Conotoxin TxMMSK-02
Conotoxin TxMMSK-04
Conotoxin Lp3.1
Conotoxin Lt3.3
Conotoxin Pu3.4
Conotoxin Tx3.5-a
Psi-conotoxin PrIIIE
Omega-conotoxin-like CnVIIE
Omega-conotoxin-like TxMKLT1-0142
Conotoxin Vc6.3
Omega-conotoxin-like S6.6
Conotoxin AbVIB
Omega-conotoxin SVIB
Conotoxin AbVID
Conotoxin AbVIH
Conotoxin AbVIJ
Conotoxin AbVIM
Conotoxin 8
Conotoxin MaIr94
Conotoxin Eb6.22
Mu-conotoxin MrVIA
Omega-conotoxin PnVIB
Omega-conotoxin-like Bu1
Conotoxin Bu3
Conotoxin Bu5
Trp-Contryphan-P
Contryphan-R/Tx
Beta-cyclopiazonate dehydrogenase
Gingipain R1
Conopeptide Y-Pl1
Omega-conotoxin-like 2
Conotoxin MaIr34
Conotoxin MiK41
Conotoxin Leo-O4
Omega-conotoxin-like SO-5
Delta-conotoxin-like Ac6.1
Conotoxin Lt6.2
Conotoxin Vc6.6
Omega-conotoxin CVIA
Conotoxin LvVIA
Conotoxin ViKr92
Conotoxin LiCr95
Omega-conotoxin-like 1
Conotoxin Cl12.3
Conotoxin PnMKLT1-0122
Conotoxin Vc6.12
Conotoxin Vc6.14
Conotoxin Vc6.16
Conotoxin Ml15a
Conotoxin Cap15b
Conotoxin Eb6.1
Conotoxin Eb6.9
Mu-conotoxin-like Cal 12.1.3a
Conotoxin Gla(1)-TxVI
Gingipain R2
Conopeptide Y-Fe1
Putative ADP-ribosyltransferase Certhrax
Probable extracellular glycosidase ARB_05253
Extracellular glycosidase CRH12
Mu-conotoxin cal12a
Conotoxin Gm9.1
Conotoxin Cal6.1b
Contryphan-Bu
Contryphan-Lt
Glacontryphan-M
Contryphan-R
Conotoxin ArMLCL-D02171
Conotoxin VnMLCL-022
Conorfamide-Sr2
Leu-contryphan-Tx
Conotoxin TsMLCL-04
Conotoxin sr5a
Small toxin
Chlorotoxin-like peptide Bs 14
Conserved virulence factor B
Conserved virulence factor C
Contryphan-S
Conotoxin Rg9.1
Cutinase 2
Putative conotoxin
Spasmodic peptide tx9a
Cutinase 1
Conotoxin
Conotoxin VnMLCL-021
Insectotoxin-I5A
Conotoxin pc6b
Conotoxin Ge14.1
Alpha-conotoxin-like Qc1.2
Conotoxin TsMLCL-03
Beta-1,2-xylosyltransferase 1
Bifunctional hemolysin/adenylate cyclase
Cysteine proteinase
Insectotoxin-I1
Insectotoxin-I5
Neurotoxin MeuClTx-1
Probable toxin Lqh 8/6
Chlorotoxin-like peptide
Conotoxin Cl6.4
Insectotoxin-I4
Toxin PBITx1
Neurotoxin Bm12-b
Cysteine-rich venom protein 3
Conotoxin Qc6.2
Insectotoxin-I3
Toxin GaTx1
Neurotoxin BtITx3
Neurotoxin P2
Neurotoxin MeuClTx
Neurotoxin BmK CT
Conotoxin Qc6.1
Cysteine proteinase 1
Cysteine proteinase 2
DNA-binding protein HU
Trypomastigote decay-accelerating factor
Defensin-like protein 113
FAD-dependent catabolic D-arginine dehydrogenase DauA
Defensin-like peptide 3
Defensin-like peptide 2/4
Dihydrolipoyl dehydrogenase
D-alanine--poly(phosphoribitol) ligase subunit 1
Defensin-like peptide 1
D-alanine--poly(phosphoribitol) ligase subunit 2
Cyclic GMP-AMP synthase
Deoxyribonuclease
Heat-labile enterotoxin IIB, A chain
Diphtheria toxin homolog CRM228
Heat-labile enterotoxin IIA, A chain
Extracellular matrix-binding protein EbhB
Extracellular cysteine protease
Ectatomin subunit B
Intimin
Ectatomin subunit A
Heat-labile enterotoxin IIA, B chain
Heat-labile enterotoxin IIB, B chain
Elicitin Vex1
Acidic elicitin A1
Alpha-elicitin capsicein
Alpha-elicitin MGM-alpha
Beta-elicitin MGM-beta
Heat-labile enterotoxin B chain
Enterotoxin type C-3
Elicitin Vex2
Beta-elicitin cryptogein
Probable UDP-N-acetylglucosamine 2-epimerase
Heat-labile enterotoxin A chain
Elastase
Elicitin-like protein 1
Highly acidic elicitin 26
Alpha-elicitin DRE-alpha
Alpha-elicitin hibernalin
Beta-elicitin DRE-beta
Elicitin
Protein EsaC
Protein EsaB
Elicitin-like protein 2
Highly acidic elicitin 20
Alpha-elicitin syringicin
ESX-1 secretion-associated protein EspD
ESX-1 secretion-associated protein EspJ
Virulence factor EsxA
ESAT-6-like protein EsxH
NAD(+)--arginine ADP-ribosyltransferase EFV
Virulence metalloprotease
Enterotoxin type C-1
Secreted effector protein EspF(U)
ESX-1 secretion-associated protein EspA
Virulence factor EsxB
Enterotoxin type C-2
ESAT-6-like protein EsxG
Enterotoxin
Enterotoxin type A
Enterotoxin type D
Enterotoxin type G
Enterotoxin type H
Secretory immunoglobulin A-binding protein EsiB
ESX-1 secretion-associated protein EspC
Enterotoxin type B
U21-ctenitoxin-Co1a
Enterotoxin type E
Fibrinogen-binding protein
FPRL1 inhibitory protein
Fibronectin-binding protein A
Nonribosomal peptide synthetase 13
Iron-regulated protein FrpA
Iron-regulated protein FrpC
UTP--glucose-1-phosphate uridylyltransferase
Endo-alpha-N-acetylgalactosaminidase
Antibacterial protein 2
Antibacterial protein 3
Antibacterial protein 1 homolog
Antibacterial protein 2 homolog
Glucosamine 6-phosphate N-acetyltransferase
Antibacterial protein 1
Antibacterial protein 3 homolog
U7-theraphotoxin-Hhn1a 5
U7-theraphotoxin-Hhn1b
U7-theraphotoxin-Hhn1g
Mu-theraphotoxin-Hhn2b 3
U4-theraphotoxin-Hhn1a
U7-theraphotoxin-Hhn1j
U7-theraphotoxin-Hhn1l
U4-theraphotoxin-Hhn1aa
U4-theraphotoxin-Hhn1z
U4-theraphotoxin-Hhn1ac
U4-theraphotoxin-Hhn1i
U4-theraphotoxin-Hhn1l
U4-theraphotoxin-Hhn1q
Mu-theraphotoxin-Hhn2j 3
Mu-theraphotoxin-Hhn2k
Mu-theraphotoxin-Hhn2g
Mu-theraphotoxin-Hhn1d
Omega-theraphotoxin-Hhn1f 4
Omega-theraphotoxin-Hhn1a 3
Hemagglutinin A
U6-theraphotoxin-Hhn1a 3
U4-theraphotoxin-Hhn1u
U4-theraphotoxin-Hhn1x
Mu-theraphotoxin-Hhn2a 2
Mu-theraphotoxin-Hhn2a 1
Mu-theraphotoxin-Hhn2m
Mu-theraphotoxin-Hhn2d
Mu-theraphotoxin-Hhn1b 3
U3-theraphotoxin-Hhn1a 17
U3-theraphotoxin-Hhn1k
U3-theraphotoxin-Hhn1n
U3-theraphotoxin-Hhn1e
Omega-theraphotoxin-Hhn1a 1
Omega-theraphotoxin-Hhn1c
Heparin-binding hemagglutinin
U6-theraphotoxin-Hhn1a 2
U6-theraphotoxin-Hhn1a 4
U7-theraphotoxin-Hhn1a 3
U7-theraphotoxin-Hhn1a 6
U7-theraphotoxin-Hhn1d
U7-theraphotoxin-Hhn1e
U7-theraphotoxin-Hhn1i
U4-theraphotoxin-Hhn1w
Mu-theraphotoxin-Hhn2o
Mu-theraphotoxin-Hhn2e
Mu-theraphotoxin-Hhn1b 2
U3-theraphotoxin-Hhn1a 16
U3-theraphotoxin-Hhn1o
U3-theraphotoxin-Hhn1c
U3-theraphotoxin-Hhn1h
Omega-theraphotoxin-Hhn1f 3
Omega-theraphotoxin-Hhn1a 2
Omega-theraphotoxin-Hhn1e
Heparin-binding hemagglutinin homolog
Mu-theraphotoxin-Hhn2b 1
Mu-theraphotoxin-Hhn2a 3
Mu-theraphotoxin-Hhn2a 7
Mu-theraphotoxin-Hhn2a 10
Mu-theraphotoxin-Hhn2j 4
Mu-theraphotoxin-Hhn2f
Mu-theraphotoxin-Hhn2i
U3-theraphotoxin-Hhn1a 1
U3-theraphotoxin-Hhn1a 3
U3-theraphotoxin-Hhn1a 7
U3-theraphotoxin-Hhn1a 15
U3-theraphotoxin-Hhn1a 18
U3-theraphotoxin-Hhn1j
U3-theraphotoxin-Hhn1m
U7-theraphotoxin-Hhn1a 1
U7-theraphotoxin-Hhn1a 8
U4-theraphotoxin-Hhn1s
Mu-theraphotoxin-Hhn2a 5
Mu-theraphotoxin-Hhn2a 9
Mu-theraphotoxin-Hhn2j 2
Mu-theraphotoxin-Hhn2l
Mu-theraphotoxin-Hhn2c
U3-theraphotoxin-Hhn1a 4
U3-theraphotoxin-Hhn1a 10
U3-theraphotoxin-Hhn1a 14
U3-theraphotoxin-Hhn1q
U3-theraphotoxin-Hhn1d
U3-theraphotoxin-Hhn1f
U3-theraphotoxin-Hhn1i
U7-theraphotoxin-Hhn1c
U7-theraphotoxin-Hhn1f
U7-theraphotoxin-Hhn1k
Mu-theraphotoxin-Hhn2b 2
U4-theraphotoxin-Hhn1ab
U4-theraphotoxin-Hhn1c
U4-theraphotoxin-Hhn1b
U4-theraphotoxin-Hhn1y
U4-theraphotoxin-Hhn1e
U4-theraphotoxin-Hhn1h
U4-theraphotoxin-Hhn1o
Mu-theraphotoxin-Hhn2a 6
Mu-theraphotoxin-Hhn2a 8
Mu-theraphotoxin-Hhn2a 11
Mu-theraphotoxin-Hhn2n
U5-theraphotoxin-Hhn1a
U3-theraphotoxin-Hhn1a 5
U3-theraphotoxin-Hhn1a 8
U3-theraphotoxin-Hhn1a 11
U3-theraphotoxin-Hhn1a 13
U3-theraphotoxin-Hhn1a 19
U3-theraphotoxin-Hhn1l
U3-theraphotoxin-Hhn1p
Hemagglutinin components HA-22/23/53
Hemolysin BL-binding component
U6-theraphotoxin-Hhn1a 1
U7-theraphotoxin-Hhn1a 2
U7-theraphotoxin-Hhn1a 4
U7-theraphotoxin-Hhn1a 7
U7-theraphotoxin-Hhn1h
U4-theraphotoxin-Hhn1t
U4-theraphotoxin-Hhn1ad
U4-theraphotoxin-Hhn1d
U4-theraphotoxin-Hhn1g
U4-theraphotoxin-Hhn1j
U4-theraphotoxin-Hhn1m
U4-theraphotoxin-Hhn1p
U4-theraphotoxin-Hhn1r
Mu-theraphotoxin-Hhn2q
U3-theraphotoxin-Hhn1a 2
U3-theraphotoxin-Hhn1a 6
U3-theraphotoxin-Hhn1a 9
U3-theraphotoxin-Hhn1a 12
U3-theraphotoxin-Hhn1b
U3-theraphotoxin-Hhn1g
Omega-theraphotoxin-Hhn1f 1
Omega-theraphotoxin-Hhn1d
U4-theraphotoxin-Hhn1f
U4-theraphotoxin-Hhn1k
U4-theraphotoxin-Hhn1n
Mu-theraphotoxin-Hhn2a 4
Mu-theraphotoxin-Hhn2j 1
Mu-theraphotoxin-Hhn2p
Mu-theraphotoxin-Hhn2h
Mu-theraphotoxin-Hhn1b 1
Mu-theraphotoxin-Hhn1c
Omega-theraphotoxin-Hhn1f 2
Omega-theraphotoxin-Hhn1b
Alpha-hemolysin
Gamma-hemolysin component A
Gamma-hemolysin component C
Heme ligase
Gamma-hemolysin component B
Hemolysin H2U
Hemolysin H3C
Putative hemolysin E-like protein
Cytadherence high molecular weight protein 2
Hainantoxin F1-31.97
U3-theraphotoxin-Hhn1r
Hypha-specific G1 cyclin-related protein 1
Hemolysin
Effector protein hopAB1
Hemolysin H3U
Hemolysin C
Hydralysin-1
Mu-theraphotoxin-Phlo1a
Effector protein HopM1
Surface-adhesin protein E
Hemolysin H1C
U4-theraphotoxin-Hhn1v
Effector protein HopAB3
Harpin HrpZ
Hemolysin H2C
Hemolysin, plasmid
Hydralysin-2
Heat-stable enterotoxin II
Hemolysin, chromosomal
U1-theraphotoxin-Hhn1a
Effector protein HopAB2
Heat shock protein homolog SSE1
Hemolysin H1U
Effector protein hopD1
Effector protein hopAB3
Type III secretion protein HrcQb
Heat-stable enterotoxin A2
Heat-stable enterotoxin B
Heat-stable enterotoxin ST
Invasion protein IagB
U8-barytoxin-Tl1a
Mu-theraphotoxin-Phlo1b
Putative metal ABC transporter substrate-binding protein Hpf
N-acetylglucosamine kinase 1
Hyphally regulated cell wall protein 1
U11-barytoxin-Tl1a
Effector protein hopM1
Heat-stable enterotoxin ST-IA/ST-P
Heat-stable enterotoxin A3/A4
Heat-stable enterotoxin C
Hyphal wall protein 2
Hyphally regulated cell wall protein 4
U11-barytoxin-Tl1b
Outer membrane protease IcsP
Cell wall protein IFF5
Cell wall protein IFF9
Heat-stable enterotoxin STO
Invasion protein B
Poly-beta-1,6-N-acetyl-D-glucosamine N-deacetylase
Beta/kappa-theraphotoxin-Hlv1a
Hyphally regulated cell wall protein 3
Invasion protein iagB
Heat-stable enterotoxin ST-2
Beta-theraphotoxin-Hlv1a
Hyphal wall protein 1
Cell wall protein IFF6
Probable hydrogenase nickel incorporation protein HypA
U10-barytoxin-Tl1a
Inclusion membrane protein G
Invasin IpaC
Virulence protein IcsB
Cell wall protein IFF4
Cell wall protein IFF7
Inclusion membrane protein A
Internalin-J
Chaperone protein IpgA
Cell wall protein IFF3
Immune inhibitor A
Toxin Iob1
Invasin IpaB
Protein IpgF
Iron-regulated surface determinant protein B
Cell wall protein IFF11
Induced during hyphae development protein 1
Imperatoxin-A
Inclusion membrane protein D
Invasion lipoprotein invH
Invasin IpaD
Chaperone protein IpgE
Kappa-theraphotoxin-Cg1a 2
Mu-theraphotoxin-Cg2a 1
U21-theraphotoxin-Cg1a 3
U3-theraphotoxin-Cg1b
Jingzhaotoxin F5-21.66
U22-theraphotoxin-Cg1a
U29-theraphotoxin-Cg1a
U30-theraphotoxin-Cg1b
U3-theraphotoxin-Cg1a
Inclusion membrane protein E
Inclusion membrane protein F
Kappa-theraphotoxin-Cg1a 5
U8-theraphotoxin-Cg1a 1
Jingzhaotoxin F6-27.63
U16-theraphotoxin-Cg1a
U18-theraphotoxin-Cg1a
Internalin-A
Invasion lipoprotein InvH
U10-theraphotoxin-Cg1a 3
Mu-theraphotoxin-Cg2a 3
U21-theraphotoxin-Cg1a 1
U2-theraphotoxin-Cg1b 2
U24-theraphotoxin-Cg1a
U21-theraphotoxin-Cg1c
Kappa-theraphotoxin-Cg1d
U1-theraphotoxin-Cg1a 1
U7-theraphotoxin-Cg1a
Potassium channel toxin alpha-KTx 15.2
Potassium channel toxin alpha-KTx 15.5
Potassium channel toxin alpha-KTx 16.2
Potassium channel toxin alpha-KTx 16.9
Potassium channel toxin alpha-KTx 19.1
Potassium channel toxin alpha-KTx 23.1
Potassium channel toxin alpha-KTx 26.3
Potassium channel toxin alpha-KTx 1.2
Potassium channel toxin alpha-KTx 1.6
Potassium channel toxin alpha-KTx 1.14
Potassium channel toxin alpha-KTx 2.1
Potassium channel toxin alpha-KTx 2.5
Potassium channel toxin alpha-KTx 2.13
Potassium channel toxin alpha-KTx 3.3
Potassium channel toxin alpha-KTx 3.9
Potassium channel toxin alpha-KTx 4.1
Potassium channel toxin alpha-KTx 4.5
Potassium channel toxin alpha-KTx 5.2
Potassium channel toxin alpha-KTx 6.1
Potassium channel toxin alpha-KTx 6.5
Potassium channel toxin alpha-KTx 6.9
Potassium channel toxin alpha-KTx 6.12
Potassium channel toxin alpha-KTx 6 hetlaxin
Potassium channel toxin alpha-KTx 9.2
Protein IpgB
U-theraphotoxin-Aju1a
U1-theraphotoxin-Cg1d 1
Mu-theraphotoxin-Cg2a 2
U20-theraphotoxin-Cg1a 2
U21-theraphotoxin-Cg1a 4
U1-theraphotoxin-Cg1b
U11-theraphotoxin-Cg1b
Delta-theraphotoxin-Cg1a 2
Kappa-theraphotoxin-Cg1c
U13-theraphotoxin-Cg1a
U3-theraphotoxin-Cg1c
U1-theraphotoxin-Cg1a 2
Beta/kappa-theraphotoxin-Cg1a
Potassium channel toxin alpha-KTx 10.1
Potassium channel toxin alpha-KTx 12.4
Potassium channel toxin alpha-KTx 15.3
Potassium channel toxin alpha-KTx 16.3
Potassium channel toxin alpha-KTx 16.5
Potassium channel toxin alpha-KTx 16.8
Potassium channel blocker alpha-KTx 26.1
Potassium channel toxin alpha-KTx 27.1
Increased rDNA silencing protein 4
Kappa-theraphotoxin-Cg1a 3
U1-theraphotoxin-Cg1d 2
U10-theraphotoxin-Cg1a 2
U11-theraphotoxin-Cg1a
Delta-theraphotoxin-Cg1a 3
U2-theraphotoxin-Cg1a
U28-theraphotoxin-Cg1a
Potassium channel toxin alpha-KTx 10.2
Neurotoxin alpha-KTx 12.6
Potassium channel toxin alpha-KTx Ctri9577
Potassium channel toxin alpha-KTx 15.7
Potassium channel toxin alpha-KTx 16.4
Potassium channel toxin alpha-KTx 16.6
Potassium channel toxin alpha-KTx 23.2
Potassium channel toxin alpha-KTx 1.4
Potassium channel toxin alpha-KTx 1.9
Potassium channel toxin alpha-KTx 1.12
Potassium channel toxin alpha-KTx 2.3
Potassium channel toxin alpha-KTx 2.8
Potassium channel toxin alpha-KTx 2.11
Hongotoxin-4
Potassium channel toxin alpha-KTx 3.1
Potassium channel toxin alpha-KTx 3.10
Potassium channel toxin alpha-KTx 3.15
Potassium channel toxin alpha-KTx 3.18
Potassium channel toxin alpha-KTx 4.2
Potassium channel toxin alpha-KTx 5.3
Potassium channel toxin alpha-KTx 6.3
Potassium channel toxin alpha-KTx 6.6
Potassium channel toxin alpha-KTx 8.1
Potassium channel toxin alpha-KTx 8.6
Potassium channel toxin alpha-KTx 9.9
Kappa-theraphotoxin-Cg1a 1
U21-theraphotoxin-Cg1a 2
Jingzhaotoxin F4-32.60
U12-theraphotoxin-Cg1a
Delta-theraphotoxin-Cg1a 1
U13-theraphotoxin-Cg1b
Kappa-theraphotoxin-Cg3a 2
Potassium channel toxin alpha-KTx 1.15
Potassium channel toxin alpha-KTx BmKcug1a
Potassium channel toxin alpha-KTx 2.9
Potassium channel toxin alpha-KTx 2.12
Potassium channel toxin alpha-KTx 3.2
Potassium channel toxin alpha-KTx 3.8
Potassium channel toxin alpha-KTx 3.12
Potassium channel toxin alpha-KTx 3.19
Potassium channel toxin alpha-KTx 5.1
Potassium channel toxin alpha-KTx 5.4
Potassium channel toxin alpha-KTx 6.4
Potassium channel toxin alpha-KTx 6.7
Potassium channel toxin alpha-KTx 6.13
Potassium channel toxin alpha-KTx 6 OcyKTx5
Potassium channel toxin alpha-KTx 8.2
Potassium channel toxin alpha-KTx 9.3
Potassium channel toxin alpha-KTx 9.8
Potassium channel toxin alpha-KTx 9.11
Potassium channel toxin gamma-KTx 2.2
Kappa-theraphotoxin-Cg1a 4
U19-theraphotoxin-Cg1a
U21-theraphotoxin-Cg1b
U9-theraphotoxin-Cg1a
Potassium channel toxin alpha-KTx 15.4
Potassium channel toxin alpha-KTx 15.8
Potassium channel toxin alpha-KTx 27.4
Potassium channel toxin alpha-KTx 1.5
Potassium channel toxin alpha-KTx 1.11
Potassium channel toxin alpha-KTx 6.21
Potassium channel toxin alpha-KTx 8.4
Lys-gingipain W83
Potassium channel toxin gamma-KTx 2.1
U10-theraphotoxin-Cg1a 1
U8-theraphotoxin-Cg1a 2
U20-theraphotoxin-Cg1a 1
U2-theraphotoxin-Cg1b 1
Jingzhaotoxin F7-10.36
U16-theraphotoxin-Cg1b
Kappa-theraphotoxin-Cg1b
Mu-theraphotoxin-Cg1a
Kappa-theraphotoxin-Cg3a 1
Potassium channel toxin alpha-KTx 12.2
Potassium channel toxin alpha-KTx 12.3
Potassium channel toxin alpha-KTx 15.1
Potassium channel toxin alpha-KTx 15.9
Potassium channel toxin alpha-KTx 16.7
Potassium channel toxin alpha-KTx 1.1
Potassium channel toxin alpha-KTx 8.7
Potassium channel toxin kappa-KTx 1.1
Potassium channel toxin alpha-KTx 12.1
Neurotoxin alpha-KTx 12.7
Potassium channel toxin alpha-KTx 12.5
Potassium channel toxin alpha-KTx 16.1
Potassium channel toxin alpha-KTx 1.3
Potassium channel toxin alpha-KTx 1.10
Potassium channel toxin alpha-KTx 1.13
Potassium channel toxin alpha-KTx 1.17
Potassium channel toxin alpha-KTx 2.4
Potassium channel toxin alpha-KTx 2.7
Potassium channel toxin alpha-KTx 3.4
Potassium channel toxin alpha-KTx 3.7
Potassium channel toxin alpha-KTx 3.11
Potassium channel toxin alpha-KTx 3.16
Potassium channel toxin alpha-KTx 6.17
Potassium channel toxin alpha-KTx 7.2
Potassium channel toxin alpha-KTx 9.1
Potassium channel toxin alpha-KTx 9.6
Potassium channel toxin alpha-KTx 9.10
Potassium channel toxin-like Tx677
Lys-gingipain 381
Potassium channel toxin kappa-KTx 1.4
KP4 killer toxin
Potassium channel toxin alpha-KTx 1.16
Potassium channel toxin alpha-KTx 2.2
Potassium channel toxin alpha-KTx 2.6
Potassium channel toxin alpha-KTx 2.10
Potassium channel toxin alpha-KTx 2.14
Potassium channel toxin alpha-KTx 3.5
Potassium channel toxin alpha-KTx 3.17
Potassium channel toxin alpha-KTx 4.3
Potassium channel toxin alpha-KTx 4.6
Potassium channel toxin alpha-KTx 5.5
Potassium channel toxin alpha-KTx 6.2
Potassium channel toxin alpha-KTx 6.8
Potassium channel toxin alpha-KTx 6.10
Potassium channel toxin alpha-KTx 6.11
Potassium channel toxin alpha-KTx 6.14
Potassium channel toxin alpha-KTx6 OcyKTx1
Potassium channel toxin alpha-KTx 7.1
Gating modifier of anion channels 2
Potassium channel toxin alpha-KTx 9.4
Potassium channel toxin alpha-KTx 9.7
Potassium channel toxin ImKTx88
Potassium channel toxin kappa-KTx 1.3
Probable leucine aminopeptidase 1
Probable leucine aminopeptidase ARB_01443
Probable leucine aminopeptidase MCYG_04170
Lys-gingipain
Probable leucine aminopeptidase 2
Virulence-associated V antigen
Leucine aminopeptidase 1
Lys-gingipain HG66
Probable leucine aminopeptidase MCYG_08380
Leucine aminopeptidase 2
Probable leucine aminopeptidase TRV_05286
Protease LasA
Probable leucine aminopeptidase TRV_05750
Putative neurotoxin-A
Probable leucine aminopeptidase ARB_03492
Probable leucine aminopeptidase TRV_02148.1
Leukotoxin
Probable leucine aminopeptidase MCYG_03459
Probable leucine aminopeptidase ARB_00576
Major outer membrane lipoprotein 1
Leucotoxin LukDv
Leukocidin-F subunit
Lysis protein for colicin A
Lysis protein for colicins E2 and E3
Lysis protein for colicin E1
Lysis protein for colicin E6
Lysis protein for colicin E9
Lysis protein for colicin E8
Glycyl-glycine endopeptidase LytM
NAD(P)H dehydrogenase
Major outer membrane lipoprotein 2
Outer membrane antigenic lipoprotein B
Leucotoxin LukEv
Lysis protein
LysM domain-containing protein ARB_03442
Adhesin MafA 1/4
Listeria nuclear targeted protein A
LysM domain-containing protein ARB_01488
cAMP-regulated M3L protein
Adhesin MafA 2/3
Eumenine mastoparan-OD
Leucotoxin LukE
LysM domain-containing protein ARB_00327
Spindle assembly checkpoint component MAD2
Adhesin MafA 2
Lysis protein for colicin E1*
Lysis protein for colicin N
LysM domain-containing protein ARB_01155/01156
Adhesin MafA 3
Lysis protein for colicin E5
Lysis protein for colicin E7
LysM domain-containing protein ARB_03438
Leucotoxin LukD
Leukocidin-S subunit
LysM domain-containing protein ARB_05157
Adhesin MafA 1
Neutral protease 2 homolog MEP2
Extracellular metalloprotease MCYG_04966
Extracellular metalloprotease MCYG_03238
cAMP-regulated M3R protein
Adhesin MafA 1/2
Putative NAD(+)--arginine ADP-ribosyltransferase Mav
Extracellular metalloprotease MGYG_00389
Extracellular metalloprotease TRV_07111
Extracellular metalloprotease AFUB_008060
Neutral protease 2 homolog MEP6
Neutral protease 2 homolog MEP4
Neutral protease 2 homolog MEP5
Neutral protease 2 homolog MEP7
Neutral protease 2 homolog MEP8
Extracellular metalloprotease AFUA_1G07730
Extracellular metalloprotease 1
Neutral protease 2 homolog mep20
Neutral protease 2 homolog MEP3
Extracellular metalloprotease MGYG_07913
Extracellular metalloprotease ARB_07495
Extracellular metalloprotease MGYG_03559
Micronemal protein 1
Micronemal protein 6
Probable phospholipid-binding lipoprotein MlaA
Virulence protein MsgA
M-theraphotoxin-Gr1a
Protein MxiK
Lipoprotein MxiM
Sialidase
Protein Nef
UDP-N,N'-diacetylbacillosamine 2-epimerase
Non-hemolytic enterotoxin 105 kDa component
Protein NorD
Probable neutral protease 2 homolog MCYG_00239
Neutral protease 2 homolog AFUB_070680
Probable neutral protease 2 homolog TRV_02539
Neutral protease 2 homolog TRV_03208
Neutral protease 2 homolog AFUA_4G13750
Probable neutral protease 2 homolog B
Probable neutral protease 2 homolog TRV_06370
Probable neutral protease 2 homolog MCYG_07155
Neutral protease 2 homolog MGYG_06241
Nonribosomal peptide synthetase 1
Non-structural protein 6
Venom nerve growth factor
Glycylpeptide N-tetradecanoyltransferase
Neutral protease 2 homolog AFUB_100460
Neutral protease 2 homolog MGYG_03465
Non-structural glycoprotein 4
Probable neutral protease 2 homolog MCYG_05201
Probable neutral protease 2 homolog ARB_05817
Neutral protease 2 homolog MGYG_02351
Probable neutral protease 2 homolog MCYG_01991
Probable neutral protease 2 homolog A
Neutral protease 2 homolog MGYG_00813
Probable neutral protease 2 homolog ARB_00849
Neutral protease 2 homolog MGYG_04094
Probable neutral protease 2 homolog TRV_05367
Probable neutral protease 2 homolog ARB_04769
Probable neutral protease 2 homolog MCYG_04257
Probable neutral protease 2 homolog ARB_03949
Neutral protease 2 homolog ARB_04336
Lysophospholipase NTE1
Conotoxin VnMKLT1-01121
Conotoxin ArMKLT2-0111
Conotoxin VnMKLT2-0221
Conotoxin ArMKLT2-022
Conotoxin ArMKLT2-031
Omega-conotoxin-like ArMKLT1-011
Conotoxin VnMKLT2-021
Conotoxin ArMKLT2-0251
Conotoxin ArMKLT2-0312
Conotoxin Asp7/Gla(3)-TxVI
Gamma-conotoxin-like TxMEKL-0511
Conotoxin VnMEKL-0222
Conotoxin VnMEKL-023
Conotoxin PnMEKL-032
Conotoxin VnMSGL-0122
Conotoxin VnMSGL-0111
Conotoxin ArMSGL-011
Conotoxin TsMSGL-13
Conotoxin VnMSGL-0112
Conotoxin ArMKLT2-0322
Conotoxin Gla(3)-TxVI
Conotoxin LeD51
Conotoxin VnMEKL-0111
Conotoxin PnMEKL-04
Conotoxin PnMSGL-03
Conotoxin ArMKLT2-0313
Conotoxin VnMKLT2-011
Conotoxin VnMKLT2-012
Conotoxin VnMKLT2-013
Omega-conotoxin-like ArMKLT1-02
Conotoxin ArMKLT2-0122
Conotoxin Gla(2)-TxVI/A
Conotoxin TxMEKL-011
Conotoxin TsMEKL-P012
Conotoxin TsMEKL-011
Conotoxin VnMEKL-021
Conotoxin VnMEKL-024
Conotoxin TsMEKL-03
Conotoxin ArMSGL-0122
Initiation-specific alpha-1,6-mannosyltransferase
Phosphothreonine lyase OspF
Conotoxin VnMKLT1-021
Conotoxin VnMKLT1-022
Omega-conotoxin-like VnMKLT1-0111
Conotoxin VnMSGL-0121
Conotoxin VnMSGL-0123
Conotoxin ArMSGL-0143
Conotoxin TsMSGL-12
Oxygen-regulated invasion protein OrgA
Oxygen-regulated invasion protein OrgB
Conotoxin PnMKLT1-1111
Conotoxin ArMKLT2-0311
Conotoxin ArMKLT2-032
Conotoxin ArMKLT2-041
Conotoxin VnMKLT1-01122
Gamma-conotoxin-like TeA53
Conotoxin VnMEKL-0221
Gamma-conotoxin-like TxMEKL-053
Conotoxin VnMEKL-012
Conotoxin VnMEKL-0223
Conotoxin PnMSGL-01
Conotoxin VnMKLT1-012
Conotoxin ArMSGL-0124
Conotoxin ArMSGL-0121
Conotoxin ArMSGL-0141
Conotoxin TsMSGL-2
Virulence membrane protein PagC
Conotoxin ArMKLT2-0321
Conotoxin PnMKLT1-0121
Mu-conotoxin-like PnMKLT1-014
Conotoxin ArMKLT2-0112
Omega-conotoxin-like TxMKLT1-031
Omega-conotoxin-like TxMKLT1-0223
Conotoxin ArMKLT2-0211
Conotoxin Gla(2)-TxVI/B
Conotoxin ArMSGL-0123
Conotoxin TsMSGL-11
Conotoxin ArMSGL-021
Dihydrolipoyllysine-residue acetyltransferase component of pyruvate dehydrogenase complex
Virulence protein PagD
Outer membrane protein PagN
Peptostreptococcal albumin-binding protein
Pantothenate synthetase
Exotoxin PaxA
Aspartic protease PEP1
Aspartic protease PEP3
Aspartic protease pep1
Aspartate 1-decarboxylase
Probable cell wall protein PGA15
Probable cell wall protein PGA50
Probable GPI-anchored adhesin-like protein PGA25
PE-PGRS family protein PE25
GPI-anchored protein 13
Cell wall protein PGA31
Cell wall adhesin EAP1
Probable cell wall protein PGA61
Secreted effector protein PipB2
Aspartic endopeptidase PEP1
Toxin PezT
Probable GPI-anchored adhesin-like protein PGA18
Probable cell wall protein PGA41
Plasmin and fibronectin-binding protein A
Probable cell wall protein PGA42
Photox toxin
Phenazine biosynthesis protein PhzA
Phenazine biosynthesis protein PhzB 2
Merozoite receptor PK66
PPE family protein PPE41
Protease PrtH
Zinc metalloproteinase
Phenol-soluble modulin alpha 1 peptide
Phenol-soluble modulin alpha 2 peptide
Phenol-soluble modulin alpha 3 peptide
Phenol-soluble modulin alpha 4 peptide
Toxin Ptu1
Beta-theraphotoxin-Pm1a
MFS antiporter QDR1
MFS antiporter QDR2
Pyocin-S2
Pyocin-S1
Cell wall protein RBR3
Secreted protein RBT4
Repressed by EFG1 protein 1
Rhamnogalacturonate lyase
Ribonuclease R
RNA pyrophosphohydrolase
Resuscitation-promoting factor RpfA
RTX-I toxin determinant A from serotypes 1/9
RTX-III toxin determinant A from serotype 8
RTX-I toxin determinant A from serotypes 5/10
RTX-II toxin determinant A
RTX-III toxin determinant A from serotype 2
Immunoglobulin-binding protein sbi
Regulator of cytoskeleton and endocytosis RVS161
Toxin To46
Maurocalcin
Regulator of cytoskeleton and endocytosis RVS167
Toxin To29
Toxin To39
Toxin To56
Toxin To61
Toxin To83
Putative potassium channel blocker TXKS1
Opicalcin-1
Surface protein G
Toxin To31
Toxin To58
Toxin To64
Staphylococcal complement inhibitor
Serine-aspartate repeat-containing protein E
Serine-aspartate repeat-containing protein F
Opicalcin-2
Toxin To7
Toxin To35
Toxin To40
Peptide TsPep3
Calcium-channel toxin-like 20
Chaperone protein SicP
Toxin To27
Toxin To33
Toxin To37
Toxin To41
Peptide TsPep2
Peptide 2
Toxin To5
Toxin To6
Hadrucalcin
Protein SEY1
U2-segestritoxin-Sf1b
Cell invasion protein SipC
Cell invasion protein SipD
N-acetylmuramoyl-L-alanine amidase sle1
U2-segestritoxin-Sf1c
U2-segestritoxin-Sf1e
Secreted effector protein SifB
Chaperone protein SigE
S-layer protein
Serine-aspartate repeat-containing protein G
U2-segestritoxin-Sf1f
U2-segestritoxin-Sf1g
U1-segestritoxin-Sf1a
Bifunctional solanapyrone synthase
U2-segestritoxin-Sf1i
Guanine nucleotide exchange factor SopE
Surface presentation of antigens protein SpaK
Surface presentation of antigens protein SpaM
Exotoxin type A
Cell invasion protein SipA
Cell invasion protein SipB
Guanine nucleotide exchange factor sopE2
Streptopain
Exotoxin type C
Exotoxin type G
Exotoxin type H
U2-segestritoxin-Sf1a
U2-segestritoxin-Sf1d
U2-segestritoxin-Sf1h
Cell invasion protein sipA
Surface presentation of antigens protein SpaN
Immunoglobulin G-binding protein A
Virulence protein SpvA
Mono(ADP-ribosyl)transferase SpvB
Virulence protein SpvD
Serine-rich adhesin for platelets
Immunoglobulin G-binding protein G
SpiC homolog
Staphylococcal secretory antigen ssaA1
Staphylococcal secretory antigen ssaA2
Staphylococcal secretory antigen SsaA
Secreted effector protein SseI
MAPK phosphothreonine lyase
Deubiquitinase SseL
Staphopain B
Staphostatin B
Secreted effector protein SteB
Staphopain A
Secreted effector protein SteA
Shiga-like toxin 1 subunit B
Secreted effector protein SseJ
Type III secretion system chaperone SseA
Shiga-like toxin 2 subunit B
Shiga toxin subunit B
Putative beta-neurotoxin RjAa12f
Secreted effector kinase SteC
Metalloprotease StcE
Mu-agatoxin-Aa1e
U3-agatoxin-Ao1f
U3-agatoxin-Ao1h
U3-agatoxin-Ao1j
Mu-agatoxin-Aa1a
Listeriolysin O
Streptolysin O
Translocation and assembly module TamA
Mu-agatoxin-Aa1b
Pneumolysin
U3-agatoxin-Ao1d
Mu-agatoxin-Aa1d
U3-agatoxin-Ao1g
U3-agatoxin-Ao1i
Translocated actin-recruiting phosphoprotein
U3-agatoxin-Ao1a
Mu-agatoxin-Hc1b
Mu-agatoxin-Aa1c
U3-agatoxin-Ao1b
U3-agatoxin-Ao1e
Mu-agatoxin-Ao1a
Seeligeriolysin
Alveolysin
Perfringolysin O
U13-ctenitoxin-Pn1c
Mu-agatoxin-Hc1c
U3-agatoxin-Ao1c
Mu-agatoxin-Aa1f
U3-agatoxin-Ao1k
Mu-agatoxin-Ao1b
Ivanolysin
Translocated intimin receptor Tir
Kappa-hexatoxin-Hv1b
Kappa-hexatoxin-Hv1a
Kappa-hexatoxin-Hv1e
Kappa-hexatoxin-Hmo1d
Kappa-hexatoxin-Hv1d
Omega-hexatoxin-Hi1a
Omega-hexatoxin-Hvn1a
Omega-hexatoxin-Hf1a
Omega-hexatoxin-Hi1c
Omega-hexatoxin-Ar1d
Omega-hexatoxin-Hi1e
Omega-hexatoxin-Hi1g
Omega/Kappa-hexatoxin-Hv1h
Kappa-hexatoxin-Hf1a
Kappa-hexatoxin-Hv1c
Omega-hexatoxin-Hmo1a
Omega-hexatoxin-Hv1b
Omega-hexatoxin-Hi1d
Omega-hexatoxin-Hv1d
Omega-hexatoxin-Hi1f
Oxyopinin-4a
Pertussis toxin subunit 2
Pertussis toxin subunit 3
Omega-hexatoxin-Ar1a
Omega-hexatoxin-Hv1a
Omega-hexatoxin-Hi1b
Omega-hexatoxin-Ar1f
DNA topoisomerase 1
Signal transduction protein TRAP
Omega-hexatoxin-Ar1b
Omega-hexatoxin-Hmo1b
Omega-hexatoxin-Ar1c
Omega-hexatoxin-Hv1c
Omega-hexatoxin-Hv1e
Omega-actinopoditoxin-Mb1a
Pertussis toxin subunit 1 homolog
Pertussis toxin subunit 5
Pertussis toxin subunit 4
Salt-mediated killer protoxin 1
Killer toxin HM-1
Thiol protease
Omega-hexatoxin-Hvn1b
Omega-hexatoxin-Hmo1c
Omega-hexatoxin-Hmo1d
Omega-hexatoxin-Ar1e
Killer toxin
Toxin B
U6-ctenitoxin-Pr1a
Orally active insecticidal peptide
Orally active insecticidal peptide-3
Omega-sparatoxin-Hv1a
U1-theraphotoxin-Hs1b
Omega-theraphotoxin-Hs2a
Kappa-sparatoxin-Hv1c
U19-lycotoxin-Ls1b
U5-theraphotoxin-Hs1a 4
U1-theraphotoxin-Lsp1b
U1-plectoxin-Pt1d
Toxic shock syndrome toxin-1
Kappa-theraphotoxin-Sc1a
Kappa-theraphotoxin-Hm2a
Omega-agatoxin-Aa5a
Kappa-theraphotoxin-Pg2a
U1-theraphotoxin-Hs1a
U5-theraphotoxin-Hs1c
U1-theraphotoxin-Lsp1c
U10-ctenitoxin-Co1b
Kappa-theraphotoxin-Scg1a
Neurotoxin PRTx26An0C3
U17-ctenitoxin-Pn1a
U6-ctenitoxin-Pn1a
Omega-theraphotoxin-Hg1a
Omega-sparatoxin-Hv1b
Mu-theraphotoxin-Hhn1a
Kappa-theraphotoxin-Gr1a
U18-lycotoxin-Ls1a
U19-lycotoxin-Ls1a
U5-theraphotoxin-Hs1a 5
Omega-theraphotoxin-Ba1c
U2-theraphotoxin-Bs1a
Kappa-sparatoxin-Hv1d
U13-ctenitoxin-Pn1a
Kappa-theraphotoxin-Tb1b
Kappa-theraphotoxin-Tb1c
U1-theraphotoxin-Ap1a
Mu/omega-theraphotoxin-Hs1a
Mu-theraphotoxin-Hs2a
Kappa-theraphotoxin-Gr1b
Kappa-sparatoxin-Hv1e
U5-theraphotoxin-Hs1a 3
U5-theraphotoxin-Hs1b 1
U1-theraphotoxin-Pm1a
U1-plectoxin-Pt1a
Uro-adherence factor A
Omega-theraphotoxin-Gr2a
U2-ctenitoxin-Pr1a
U4-ctenitoxin-Pr1a
Omega-theraphotoxin-Asp1g
Toxin OAIP 5
Kappa-theraphotoxin-Pg1b
U1-theraphotoxin-Hs1f
Kappa-sparatoxin-Hv1a
U1-theraphotoxin-Lp1a
U1-theraphotoxin-Lsp1a
U5-theraphotoxin-Hs1d
U9-hexatoxin-Mg1a
U1-plectoxin-Pt1b
Beta/omega-theraphotoxin-Tp1a
Omega-theraphotoxin-Asp1f
Mu-agatoxin-Hc1a
U3-ctenitoxin-Co1a
Kappa-theraphotoxin-Pg1a
U5-theraphotoxin-Hs1a 1
U1-theraphotoxin-Lp1b
U5-theraphotoxin-Hs1a 6
U5-theraphotoxin-Hs1b 2
Kappa-theraphotoxin-Hm1a
Kappa-theraphotoxin-Tb1a
U5-ctenitoxin-Pn1a
Tau-theraphotoxin-Pc1b
Tau-theraphotoxin-Pc1c
U2-theraphotoxin-Hhn1a
Omega-theraphotoxin-Bs1a
Mu-cyrtautoxin-As1a
Urease accessory protein UreD 1
Urease accessory protein UreF
Tau/kappa-theraphotoxin-Pc1a
U3-ctenitoxin-Pk1a
U13-ctenitoxin-Pn1b
U6-ctenitoxin-Pk1a
U10-ctenitoxin-Co1a
Mu-theraphotoxin-Hs1a
Kappa-sparatoxin-Hv1b
U2-hexatoxin-Hi1a
U1-plectoxin-Pt1c
U1-plectoxin-Pt1f
Omega-theraphotoxin-Ba1a
Omega-theraphotoxin-Ba1b
U6-theraphotoxin-Hs1a
Virulence-associated protein B
Urease accessory protein UreH
Endoribonuclease VapD homolog
Urease accessory protein UreG 1
Endoribonuclease VapD
Virulence protein STM3117
Type IV secretion system protein virB1
Urease accessory protein UreF 1
Virulence protein VirA
Type IV secretion system protein virB4
Outer membrane lipoprotein virB7
Putative NAD(+)--arginine ADP-ribosyltransferase Vis
Zinc metalloproteinase leucurolysin-B
Type IV secretion system protein virB9
T-DNA border endonuclease virD2
Single-strand DNA-binding protein
Endoribonuclease VapD 1
Type IV secretion system protein virB5
Vacuolar protein sorting-associated protein 27
Virulence protein vsdE
Protein VirF
Virulence-associated protein VagC
Endoribonuclease VapD 2
Cysteine protease-like VirA
Protein U54
Actin cross-linking toxin VgrG1
28.1 kDa virulence protein
VirE locus 9 kDa virulence protein
Virulence protein VsdF
Probable aspartic-type endopeptidase AFUA_3G01220
Kappa-theraphotoxin-Gr4a
Kappa-theraphotoxin-Gr3a
Putative cysteine protease YopT-like blr2058
Probable pathogenesis-related protein CaO19.2336
Putative cysteine protease YopT-like blr2140
Putative cysteine protease YopT-like y4zC
Probable aspartic-type endopeptidase TRV_05382
Probable aspartic-type endopeptidase ARB_04018
Virulence factor CaO19.6688
Protein CPn_0808/CP_1063/CPj0808/CpB0837
Protein CT_579
Probable aspartic-type endopeptidase TRV_06366
Adhesin YadA
Probable pathogenesis-related protein CaO19.6200
Probable aspartic-type endopeptidase MCYG_06955
Intracellular septation protein
Probable aspartic-type endopeptidase ARB_07403
CAP1-binding-protein
Outer membrane virulence protein YopE
Yop proteins translocation protein K
Putative uncharacterized protein YgeO
Cysteine protease yopT1
Cysteine protease YopT
Yop proteins translocation protein A
Yop proteins translocation protein L
Yop proteins translocation protein P
Type IV secretion system putative outer membrane lipoprotein BruAb2_0058
Type IV secretion system putative outer membrane lipoprotein BAB2_0057
Type IV secretion system putative outer membrane lipoprotein BMEII0036
Yop proteins translocation protein O
Type IV secretion system putative outer membrane lipoprotein BRA0058/BS1330_II0058
Putative Yop proteins translocation protein E
Protein YopQ
Zona occludens toxin
