Archaeosine synthase
tRNA-guanine(15) transglycosylase
Putative CCA tRNA nucleotidyltransferase 1
tRNA-dihydrouridine(16/17) synthase
tRNA-dihydrouridine(47) synthase
tRNA-dihydrouridine(20a/20b) synthase
tRNA-dihydrouridine(47) synthase -like
tRNA-dihydrouridine(20) synthase
Glutamyl-Q tRNA(Asp) synthetase
tRNA modification GTPase GTPBP3, mitochondrial
tRNA modification GTPase gtpbp3, mitochondrial
tRNA dimethylallyltransferase 2
Adenylate isopentenyltransferase 6, chloroplastic
Adenylate isopentenyltransferase 3, chloroplastic
Adenylate dimethylallyltransferase
Adenylate isopentenyltransferase 8, chloroplastic
Adenylate isopentenyltransferase 5, chloroplastic
Adenylate isopentenyltransferase 1, chloroplastic
Adenylate isopentenyltransferase 4
Adenylate isopentenyltransferase 7, mitochondrial
Lupus La protein
tRNA dimethylallyltransferase
tRNA-specific 2-thiouridylase MnmA 1
tRNA-specific 2-thiouridylase MnmA 2
tRNA modification GTPase MnmE
Probable tRNA modification GTPase MnmE
tRNA-specific 2-thiouridylase MnmA 3
tRNA-specific 2-thiouridylase MnmA
tRNA dimethylallyltransferase, mitochondrial
Bifunctional protein NifU/MnmA
tRNA modification GTPase mss1, mitochondrial
Poly(A) RNA polymerase protein 2
tRNA pseudouridine synthase 4
S-adenosylmethionine:tRNA ribosyltransferase-isomerase
Alanine--tRNA ligase, cytoplasmic
Alanine--tRNA ligase, mitochondrial
Queuine tRNA-ribosyltransferase-like protein
Probable queuine tRNA-ribosyltransferase
Queuine tRNA-ribosyltransferase
tRNA(Ile)-lysidine synthase
tRNA(Ile)-lysidine synthase, chloroplastic
tRNA(His) guanylyltransferase 1
Bifunctional protein TilS/HprT
tRNA(His) guanylyltransferase 2
Putative queuine tRNA-ribosyltransferase
tRNA/tmRNA
Probable tRNA pseudouridine synthase 1
RCC1 repeat-containing protein C10F6.04
UPF0553 protein C589.05c
