N(4)-bis(aminopropyl)spermidine synthase
4-hydroxyphenylpyruvate 3-dimethylallyltransferase
tRNA
Dehydrosqualene synthase
All-trans-phytoene synthase
Dehydrodolichyl diphosphate synthase 7
Dehydrodolichyl diphosphate synthase 5
Dehydrodolichyl diphosphate synthase 1
Deoxyhypusine synthase-like protein
Dehydrodolichyl diphosphate synthase 4
Dehydrodolichyl diphosphate synthase 2
Dehydrodolichyl diphosphate synthase 8
7,8-dihydropterin-6-methyl-4-(beta-D-ribofuranosyl)-aminobenzene-5'-phosphate synthase
Dehydrodolichyl diphosphate synthase 6
Dehydrodolichyl diphosphate syntase complex subunit DHDDS
2-(3-amino-3-carboxypropyl)histidine synthase
Enterobactin synthase component B
Fumigaclavine A dimethylallyltransferase
Metallothiol transferase FosB 1
Metallothiol transferase FosB 2
Furaquinocin biosynthesis prenyltransferase
Metallothiol transferase FosB
Heptaprenyl diphosphate synthase component 1
Heptaprenyl diphosphate synthase component 2
Hexaprenyl-diphosphate synthase large subunit
Hexaprenyl-diphosphate synthase small subunit
 hydrogenase maturase subunit HydE
Cyclic dehypoxanthine futalosine synthase
Aminodeoxyfutalosine synthase
Quinolinate synthase A
Quinolinate synthase A 2
Quinolinate synthase A 1
N,N'-diacetyllegionaminic acid synthase
Dehydrodolichyl diphosphate syntase complex subunit nus1
Prenyl transferase
3-methylornithine synthase
Dehydrodolichyl diphosphate synthase
Adenosyl-chloride synthase
Diterpene synthase
Di-trans,poly-cis-decaprenylcistransferase
tRNA(Phe)
Ditrans,polycis-undecaprenyl-diphosphate synthase
Dehydrodolichyl diphosphate syntase complex subunit NUS1
(2Z,6Z)-farnesyl diphosphate synthase, chloroplastic
