Acyl-coenzyme A synthetase ACSM6, mitochondrial
Asialoglycoprotein receptor 2
Apoptosis-associated speck-like protein containing a CARD
Cullin-associated NEDD8-dissociated protein 1
CDKN2A-interacting protein
Casein kinase II subunit alpha
Dolichol-phosphate mannosyltransferase subunit 3
Diphthine--ammonia ligase
Dolichol phosphate-mannose biosynthesis regulatory protein
ELMO domain-containing protein 1
Glutamyl-tRNA(Gln) amidotransferase subunit A, mitochondrial
G-protein coupled receptor 26
Glycosyltransferase-stabilizing protein Gtf2
Intraflagellar transport protein 46
F-box/WD repeat-containing protein lin-23
Lysosome-associated membrane glycoprotein 2
Leucine-rich repeat-containing protein 46
NACHT, LRR and PYD domains-containing protein 5
N-cym protein
PHO85 cyclin-5
Proapoptotic nucleolar protein 1
PHO85 cyclin-7
26S proteasome non-ATPase regulatory subunit 8
Probable 26S protease regulatory subunit 10B
Phosphatidylinositol 3,4,5-trisphosphate 3-phosphatase and dual-specificity protein phosphatase PTEN
Tyrosine-protein phosphatase non-receptor type 61F
Protein SGT1 homolog
Endophilin-B1
Mitochondrial import receptor subunit TOM7 homolog
