ATP synthase subunit epsilon, mitochondrial
ATP synthase subunit alpha
ATP synthase subunit alpha, plastid
ATP synthase subunit alpha, chloroplastic
ATP synthase subunit beta 2
ATP synthase subunit delta', mitochondrial
Putative ATP synthase subunit epsilon, mitochondrial
ATP synthase subunit alpha 2
ATP synthase subunit alpha 1
ATP synthase subunit alpha 1/3
ATP synthase subunit alpha, mitochondrial
ATP synthase subunit delta, mitochondrial
ATP synthase epsilon chain 1
ATP synthase epsilon chain 2
ATP synthase epsilon chain, chloroplastic
ATP synthase subunit alpha, cyanelle
ATP synthase subunit beta 1
ATP synthase subunit beta, mitochondrial
ATP synthase gamma chain
ATP synthase gamma chain, chloroplastic
ATP synthase subunit gamma, mitochondrial
ATP synthase epsilon chain
ATP synthase subunit epsilon-like protein, mitochondrial
ATP synthase epsilon chain, plastid
ATP synthase epsilon chain, cyanelle
ATP synthase gamma chain 1
ATP synthase subunit gamma, chloroplastic
ATP synthase subunit c
ATP synthase subunit 9, mitochondrial
ATP synthase subunit alpha 3
ATP synthase gamma chain, sodium ion specific
ATP synthase subunit b
ATP synthase gamma chain 2
