tRNA pseudouridine synthase Pus10
tRNA pseudouridine synthase 1
tRNA pseudouridine synthase 2
Probable tRNA pseudouridine synthase 4
tRNA pseudouridine(27/28) synthase
RNA pseudouridine synthase 4, mitochondrial
tRNA pseudouridine(38/39) synthase
21S rRNA pseudouridine(2819) synthase
tRNA pseudouridine(31) synthase
RNA pseudouridine synthase 1
RNA pseudouridine synthase 3, mitochondrial
tRNA pseudouridine(32) synthase, mitochondrial
Multisubstrate pseudouridine synthase 7
Ribosomal large subunit pseudouridine synthase A
RNA pseudouridylate synthase domain-containing protein 2
RNA pseudouridylate synthase domain-containing protein 1
RNA pseudouridylate synthase domain-containing protein 4
RNA pseudouridylate synthase domain-containing protein 3
tRNA pseudouridine synthase A 1
tRNA pseudouridine synthase B
Probable tRNA pseudouridine synthase B
tRNA pseudouridine synthase C
Probable tRNA pseudouridine synthase D 2
Probable tRNA pseudouridine synthase D 1
tRNA pseudouridine synthase A 2
tRNA pseudouridine synthase D
Probable tRNA pseudouridine synthase D
tRNA pseudouridine synthase A
Putative tRNA pseudouridine synthase C16C4.06c
Putative tRNA pseudouridine synthase C25B8.05
Putative pseudouridine synthase C1A4.09
