Superoxide dismutase  2
Superoxide dismutase  1
Bursicon
Methanobactin mb-OB3b
Copper metallothionein 1-2
Copper metallothionein 1-1
Nectarin-1
NAD(P)H dehydrogenase  1
Neelaredoxin
37S ribosomal protein MRP1, mitochondrial
Putative 37S ribosomal protein S26B, mitochondrial
Putative 37S ribosomal protein S26A, mitochondrial
37S ribosomal protein S26, mitochondrial
Probable superoxide dismutase , chloroplastic
Superoxide dismutase
Superoxide dismutase  1, mitochondrial
Superoxide dismutase , mitochondrial
Superoxide dismutase  5
Superoxide dismutase , chloroplastic
Extracellular superoxide dismutase
Extracellular superoxide dismutase  2
Extracellular superoxide dismutase  3
Superoxide dismutase  2, mitochondrial
Probable superoxide dismutase  6
Superoxide dismutase  3.4, mitochondrial
Probable superoxide dismutase , mitochondrial
Superoxide dismutase  4A
Superoxide dismutase  4AP
Superoxide dismutase  3.2, mitochondrial
Superoxide dismutase  3
Superoxide dismutase -like
Superoxide dismutase  2, chloroplastic
Probable superoxide dismutase
Superoxide dismutase  B
Superoxide dismutase  II)
Superoxide dismutase  4
Putative superoxide dismutase
Superoxide dismutase  A
Cell surface Cu-only superoxide dismutase ARB_03674
Superoxide dismutase  3.1, mitochondrial
Superoxide dismutase  3.3, mitochondrial
