ATPase family gene 2 protein
Probable metalloprotease arx1
Ribosome biogenesis protein BOP1 homolog
Probable rRNA-processing protein ebp2
Ribosome biogenesis protein ERB1
WD repeat-containing protein JIP5
WD repeat-containing protein jip5
60S ribosomal subunit assembly/export protein LOC1
ATP-dependent RNA helicase MAK5
Protein MAK11
Protein MAK16
Mitochondrial assembly of ribosomal large subunit protein 1
Protein MAK16 homolog
Ribosome biogenesis protein MAK21
Ribosome assembly factor MRT4
Nucleolar protein 16
Nucleolar complex protein 2
Ribosome biogenesis protein nsa2
Ribosome biogenesis protein NSA1
Nucleolar protein 4
60S ribosome subunit biogenesis protein NOP8
Ribosome biogenesis protein NSA2
Ribosome biogenesis protein 15
25S rRNA
Protein ORAOV1 homolog
Oral cancer-overexpressed protein 1
Pescadillo homolog
Cytoplasmic 60S subunit biogenesis factor REI1
Cytoplasmic 60S subunit biogenesis factor REH1
Putative ribosome biogenesis protein C306.07c
Probable ribosome biogenesis protein RLP24
60S ribosomal protein L7
Ribosome biogenesis protein RLP7
Ribosome biogenesis protein RLP24
Ribosome biogenesis protein rlp24
Ribosomal RNA-processing protein 14-N
Ribosomal RNA-processing protein 14-C
Ribosome biogenesis regulatory protein homolog
Ribosome biogenesis protein WDR12 homolog
WD repeat-containing protein 55
WD repeat-containing protein 55 homolog
Ribosome biogenesis protein YTM1
