Probable protein phosphatase 2C BIPP2C1
Serine/threonine-protein phosphatase BSL1 homolog
Serine/threonine-protein phosphatase BSL2 homolog
Serine/threonine-protein phosphatase CPPED1
Probable C-terminal domain small phosphatase
CTD small phosphatase-like protein 2-A
CTD small phosphatase-like protein 2-B
CTD small phosphatase-like protein 2
Formin-like protein 20
Formin-like protein 6
Formin-like protein 13
Formin-like protein 18
Formin-like protein 5
RNA polymerase II subunit A C-terminal domain phosphatase
Formin-like protein 12
Formin-like protein 7
Formin-like protein 3
Phytochrome-associated serine/threonine-protein phosphatase 1
Serine/threonine-protein phosphatase PP1-beta
Serine/threonine-protein phosphatase PP1-alpha
Putative protein phosphatase 2C 23
Putative protein phosphatase 2C 24
Probable protein phosphatase 2C 55
Probable protein phosphatase 2C 80
Probable protein phosphatase 2C 71
Probable protein phosphatase 2C 62
14 kDa phosphohistidine phosphatase
PH domain leucine-rich repeat-containing protein phosphatase 2
Protein phosphatase PHLPP-like protein
ADP-ribose 1''-phosphate phosphatase
Serine/threonine-protein phosphatase PP1 isozyme 1
Serine/threonine-protein phosphatase PP1 isozyme 7
Serine/threonine-protein phosphatase PP2A-2 catalytic subunit
Serine/threonine-protein phosphatase PP2A catalytic subunit 2
Serine/threonine-protein phosphatase PP2A-3 catalytic subunit
Serine/threonine-protein phosphatase PP2A-4 catalytic subunit
Serine/threonine-protein phosphatase PP1 isozyme 2
Probable serine/threonine-protein phosphatase ECU05_0440
Serine/threonine-protein phosphatase PP1
Serine/threonine-protein phosphatase PP2A-1 catalytic subunit
Serine/threonine-protein phosphatase PP2A catalytic subunit 3
Serine/threonine-protein phosphatase 6 catalytic subunit
Serine/threonine-protein phosphatase 7 long form homolog
Serine/threonine-protein phosphatase PP-X homolog 4
Serine/threonine-protein phosphatase PP1(4.8)
Serine/threonine-protein phosphatase PP2A catalytic subunit
Serine/threonine-protein phosphatase 4 catalytic subunit A
Protein phosphatase PTC7 homolog
Serine/threonine-protein phosphatase PP2A-5 catalytic subunit
Probable serine/threonine-protein phosphatase 2A catalytic subunit B
Serine/threonine-protein phosphatase 2B catalytic subunit A1
Serine/threonine-protein phosphatase 4 catalytic subunit
Putative serine/threonine-protein phosphatase pph-6
Serine/threonine-protein phosphatase 5
Putative serine/threonine-protein phosphatase PP2A-4 catalytic subunit
Serine/threonine-protein phosphatase 2B catalytic subunit
Serine/threonine-protein phosphatase PP-X homolog 2
Serine/threonine-protein phosphatase PP1(5.9)
Serine/threonine-protein phosphatase PP1 isozyme 3
Serine/threonine-protein phosphatase 4 catalytic subunit 1
Serine/threonine-protein phosphatase with EF-hands 1
Serine/threonine-protein phosphatase PP2A catalytic subunit 1
Serine/threonine-protein phosphatase 2B catalytic subunit gamma isoform
Serine/threonine-protein phosphatase 4 catalytic subunit 2
Serine/threonine-protein phosphatase PP-X homolog 1
Serine/threonine-protein phosphatase PP-X homolog 3
Serine/threonine-protein phosphatase 1
Serine/threonine-protein phosphatase 2
Response regulator aspartate phosphatase H
Response regulator aspartate phosphatase K
Response regulator aspartate phosphatase E
Response regulator aspartate phosphatase C
Response regulator aspartate phosphatase G
Response regulator aspartate phosphatase I
Response regulator aspartate phosphatase D
Response regulator aspartate phosphatase F
Response regulator aspartate phosphatase J
Putative RNA polymerase II subunit B1 CTD phosphatase RPAP2 homolog
Putative RNA polymerase II subunit B1 CTD phosphatase R08D7.2
Phosphohistidine phosphatase SixA
Phosphohistidine phosphatase SixA homolog
RNA polymerase II subunit A C-terminal domain phosphatase SSU72
RNA polymerase II subunit A C-terminal domain phosphatase ssu-72
Putative protein phosphatase tag-83
Ubiquitin-like domain-containing CTD phosphatase 1
Putative CTD phosphatase-like protein 355R
Putative serine/threonine-protein phosphatase C23G10.1
Putative serine/threonine-protein phosphatase C06A1.3
Putative serine/threonine-protein phosphatase C27B7.6
