BTB/POZ domain-containing protein 1
BTB/POZ domain-containing protein 2
BTB/POZ domain-containing protein 3
Cullin-associated NEDD8-dissociated protein 1
Cyclin-C
DCN1-like protein 1
Defective in cullin neddylation protein 1
DnaJ homolog subfamily A member 1
Dual specificity tyrosine-phosphorylation-regulated kinase 2
F-box only protein 7
Prosaposin receptor GPR37
Putative ERAD-associated E3 ubiquitin-protein ligase component
Heat shock cognate 71 kDa protein
Mediator of RNA polymerase II transcription subunit 23
Mediator of RNA polymerase II transcription subunit 20
Mediator of RNA polymerase II transcription subunit 24
NF-kappa-B essential modulator
F-box/WD repeat-containing protein pof11
F-box protein pof12
F-box/TPR repeat protein pof3
F-box protein pof15
Protein pof8
F-box protein pof13
F-box protein pof9
Protein pof5
F-box/WD repeat-containing protein pof10
SCF E3 ubiquitin ligase complex F-box protein pof2
Protein SGT1 homolog
Ubiquitin-conjugating enzyme E2 C
Ubiquitin-conjugating enzyme E2 variant 1
