Classical arabinogalactan protein 26
Ammonium transporter 1 member 1
Arogenate dehydratase 4, chloroplastic
Beta-glucosidase 4
Beta-glucosidase 28
Beta-galactosidase 10
Probable chalcone--flavonone isomerase 3
Chalcone--flavonone isomerase 1
Cysteine-rich repeat secretory protein 55
CASP-like protein 2A1
Enoyl-CoA delta isomerase 3
Protein DETOXIFICATION 37
Early light-induced protein 1, chloroplastic
Protein EXORDIUM-like 3
Ferredoxin-1, chloroplastic
F-box protein At2g16365
Flavonol synthase/flavanone 3-hydroxylase
GDT1-like protein 4
Glycerol-3-phosphate acyltransferase 1
3-hydroxyisobutyryl-CoA hydrolase-like protein 5
Probable esterase KAI2
Lectin-like protein At1g53070
Multicopper oxidase LPR1
Protein LHCP TRANSLOCATION DEFECT
Mechanosensitive ion channel protein 9
Protein NRT1/ PTR FAMILY 2.11
Reticulon-like protein B5
F-box/kelch-repeat protein SKIP25
UDP-glycosyltransferase 78D1
UDP-glycosyltransferase 78D2
