Protein AAR2 homolog
A1 cistron-splicing factor aar2
A1 cistron-splicing factor AAR2
CD2 antigen cytoplasmic tail-binding protein 2
Pre-mRNA-splicing factor ATP-dependent RNA helicase-like protein cdc28
Probable ATP-dependent RNA helicase DDX20
LIN1-like protein
U6 snRNA-associated Sm-like protein LSm2
U4/U6 small nuclear ribonucleoprotein Prp31
Pre-mRNA-splicing factor 6
U4/U6 small nuclear ribonucleoprotein Prp3
Pre-mRNA-processing-splicing factor 8 homolog
Pre-mRNA-splicing factor 8
Pre-mRNA-splicing factor 8 homolog
Pre-mRNA-processing factor 31
U4/U6 snRNA-associated-splicing factor PRP24
Pre-mRNA-splicing factor prp1
Pre-mRNA-processing-splicing factor 8
Squamous cell carcinoma antigen recognized by T-cells 3
Pre-mRNA-splicing factor cwf10
Splicing factor spf30
Protein STABILIZED1
Splicing factor U2AF 59 kDa subunit
