Neuroendocrine protein 7B2
Angiogenin-4
Angiopoietin-related protein 6
Brain-specific angiogenesis inhibitor 1-associated protein 2
BPI fold-containing family A member 2
Breast cancer type 2 susceptibility protein homolog
60 kDa heat shock protein, mitochondrial
Calcium-activated chloride channel regulator 1
Pro-opiomelanocortin
Cystatin-S
Alpha-defensin-related sequence 2
Follistatin-related protein 4
Gastrokine-1
Hypoxia-inducible lipid droplet-associated protein
Hepatocyte growth factor-regulated tyrosine kinase substrate
Glucokinase
Insulin-1
Integrin beta-2-like protein
Phospholipase A2
Myeloperoxidase
Prostatic acid phosphatase
Prolactin
Receptor-binding cancer antigen expressed on SiSo cells
Regulated endocrine-specific protein 18
Sperm acrosome membrane-associated protein 3
Secretogranin-2
Secretogranin-1
Glycine--tRNA ligase
Trefoil factor 3
Zona pellucida sperm-binding protein 2
