Weak neurotoxin E3
Short neurotoxin E1
Short neurotoxin N1
Nicotinic acetylcholine receptor-binding protein Mnn-1A
Nicotinic acetylcholine receptor-binding protein Mnn-4
Short neurotoxin N2
Frontoxin II
Three-finger toxin MALT0059C
Venom protein E2
Muscarinic toxin-like protein 1
Muscarinic toxin Mlalpha
Azemiopsin
Alpha-conotoxin AnIB
Alpha-conotoxin MI
Alpha-conotoxin-like Reg2a
Alpha-conotoxin OIVB
Alpha-conotoxin-like Br1.4
Alpha-conotoxin-like Mn1.4
Alpha-conotoxin-like MIB
Alpha-conotoxin AuIC
Alpha-conotoxin GIA
Alpha-conotoxin PnIA
Alpha-conotoxin-like 1
Alpha-conotoxin PeIVB
Alpha-conotoxin VxXXIVA
Alpha-conotoxin AusIA
Alpha-conotoxin-like MIA
Alpha-conotoxin PIB
Alpha-conotoxin-like Reg1d
Alpha-conotoxin-like Vn
Alpha-conotoxin OIVA
Alpha-conotoxin-like Reg1b/Reg1c
Alpha-conotoxin-like Reg1f
Alpha-conotoxin ImI
Alpha-conotoxin GII
Alpha-conotoxin SIA
Alpha-conotoxin-like AnIC
Alpha-conotoxin ImII
Alpha-conotoxin PeIVA
Alpha-conotoxin PrXA
Alpha-conotoxin VxXXA
Alpha-conotoxin VxXXC
Alpha-conotoxin Ms20.3
Alpha/kappa-conotoxin-like fe14.1
Alpha/kappa-conotoxin-like pl14.3
Conantokin-Br
Conantokin-Pr1
Alpha-conotoxin Cp20.3
Alpha-conotoxin VxXXB
Alpha/kappa-conotoxin pl14a
Alpha-conotoxin Lt14.1
Conantokin-Pr3
Alpha/kappa-conotoxin-like fe14.2
Alpha/kappa-conotoxin-like pl14.2
Alpha/kappa-conotoxin-like pl14.1
Conantokin-Pr2
Conantokin-R1-A
Psi-conotoxin PIIIF
Con-ikot-ikot
Alpha-conotoxin-like Ms20.2
Alpha-conotoxin-like Ml20.4
Alpha-conotoxin RVIIIA
Alpha-conotoxin-like Ms20.5
Alpha-conotoxin RgIA
Alpha-conotoxin-like Ml20.2
Alpha-conotoxin-like Reg1e
Alpha-conotoxin-like Cp20.1
Alpha-conotoxin-like Vt20.1
Alpha-conotoxin-like Rt20.2
Alpha-conotoxin-like Ml20.1
Alpha-conotoxin-like Rt20.1
Alpha-conotoxin-like Cp20.4
Alpha-conotoxin-like RgIB
Alpha-conotoxin-like Ms20.1
Alpha-conotoxin-like Cp20.2
Alpha-conotoxin-like Ml20.3
Alpha-conotoxin-like Ms20.4
Alpha-conotoxin-like Cp20.5
Eumenine mastoparan-AF
Venom peptide Tv1
U1-ctenitoxin-Pn1a
GAMMA-ctenitoxin-Pn1a
Waglerin-4
Waglerin-3
