Atypical chemokine receptor 3
ADM
Angiomotin
Angiogenic factor with G patch and FHA domains 1
Brachyury protein
Baculoviral IAP repeat-containing protein 5.1
Baculoviral IAP repeat-containing protein 5.2
Cerebral cavernous malformations protein 2 homolog
Cbp/p300-interacting transactivator 1
Cullin-7
Dorsalin-1
Epidermal growth factor-like protein 7
Ephrin type-A receptor 2
Focal adhesion kinase 1
F-box/WD repeat-containing protein 7
Forkhead box protein M1
Frizzled-4
Growth/differentiation factor 2
Glomulin
Histone deacetylase 7
Hematopoietically-expressed homeobox protein HHEX
Hematopoietically-expressed homeobox protein hhex
Hairy/enhancer-of-split related with YRPW motif protein 2
Hematopoietically-expressed homeobox protein Hhex
Hyaluronan synthase 2
Transcription factor jun-B
Unconventional myosin-Ie
Myoglobin
BDNF/NT-3 growth factors receptor
PAX-interacting protein 1
TCDD-inducible poly  polymerase 7)
Receptor-type tyrosine-protein phosphatase eta
Receptor activity-modifying protein 2
Ras-interacting protein 1
Ras GTPase-activating protein 1
Protein quaking
Semaphorin-3aa
Sphingosine-1-phosphate lyase 1
Histone-lysine N-methyltransferase SETD2
Transcription factor Sox-7
Transcription factor SOX-17
Transcription factor SOX-18
Tryptophan--tRNA ligase, mitochondrial
T-cell acute lymphocytic leukemia protein 1
Teratocarcinoma-derived growth factor 1
Transcriptional enhancer factor TEF-4
T-cell acute lymphocytic leukemia protein 1 homolog
T-box transcription factor TBX20
Tyrosine-protein kinase receptor Tie-1
Transmembrane protein 100
Teratocarcinoma-derived growth factor
TGF-beta receptor type-2
Angiopoietin-1 receptor
Zinc finger protein 36, C3H1 type-like 1
Vascular endothelial growth factor A
Vascular endothelial growth factor A-A
Vascular endothelial growth factor receptor 2
T-box protein VegT
Transcriptional coactivator YAP1
