Acetaldehyde dehydrogenase 1
Probable inactive acetaldehyde dehydrogenase 1
Acetaldehyde dehydrogenase 2
Acetaldehyde dehydrogenase 3
Acetaldehyde dehydrogenase 4
Acetaldehyde dehydrogenase 6
Acetaldehyde dehydrogenase 1/2
3-hydroxybenzoate 6-hydroxylase 2
Acetaldehyde dehydrogenase 2/3
3-hydroxybenzoate 6-hydroxylase 1
Acetaldehyde dehydrogenase 5
Acetaldehyde dehydrogenase 7
3-hydroxybenzoate 6-hydroxylase
2-oxopent-4-enoate hydratase
2-aminomuconate deaminase
2-aminomuconic 6-semialdehyde dehydrogenase
4-oxalocrotonate decarboxylase
Anthranilate 1,2-dioxygenase small subunit
2-hydroxy-6-oxo-6-phenylhexa-2,4-dienoate hydrolase
Putative chaperone BssE
2,3-dihydroxy-2,3-dihydro-p-cumate dehydrogenase
4-carboxymuconolactone decarboxylase
5-carboxymethyl-2-hydroxymuconate Delta-isomerase
4-nitrophenol 4-monooxygenase/4-nitrocatechol 2-monooxygenase, reductase component
4-formylbenzenesulfonate dehydrogenase TsaC1/TsaC2
