ARS-binding factor 1
ATF/CREB activator 1
Metallothionein expression activator
ATF/CREB activator 2
AT-hook-containing transcription factor
Transcription factor Adf-1
AP-1-like transcription factor
Iron-regulated transcriptional activator AFT2
Transcription factor AP-2-epsilon
Transcription factor AP-2-beta
Aryl hydrocarbon receptor nuclear translocator 2
Transcription factor atf1
Cyclic AMP-dependent transcription factor ATF-4
Protein atonal homolog 1
Cyclic AMP-dependent transcription factor ATF-2
Basic leucine zipper transcriptional factor ATF-like
B-cell lymphoma/leukemia 11B
BarH-like 2 homeobox protein
Asparagine-rich zinc finger protein AZF1
Brain-specific homeobox protein homolog
BarH-like 1 homeobox protein
Calcium-responsive transcription factor
Transcription factor cbf11
Start control protein cdc10
CCAAT/enhancer-binding protein delta
CCAAT/enhancer-binding protein beta
Transcription factor cbf12
Homeobox protein CDX-4
CCAAT/enhancer-binding protein gamma
CCAAT/enhancer-binding protein epsilon
CCAAT/enhancer-binding protein zeta
Chorion transcription factor Cf2
Calmodulin-binding transcription activator 1
Calmodulin-binding transcription activator 2
Calmodulin-binding transcription activator 3
Transcription factor COE2
Calmodulin-binding transcription activator 4
Transcription factor COE1
Transcription factor COE3
Calmodulin-binding transcription activator 5
Cyclic AMP-responsive element-binding protein 3-like protein 1
Cyclic AMP-responsive element-binding protein 3
Transcription factor COE4
Transcriptional repressor CTCFL
Cyclic AMP-responsive element-binding protein 5
Cyclic AMP-responsive element-binding protein 3-like protein 2
Transcriptional regulator CRZ1
D site-binding protein
DNA damage-inducible transcript 3 protein
Protein daughterless
Homeobox protein DLX-5
Homeobox protein DLX-3
Dorsal-related immunity factor Dif
Ecdysone-induced protein 74EF isoform A
Early growth response protein 1
ETS homologous factor
ETS-related transcription factor Elf-1
ETS-related transcription factor Elf-4
ETS-related transcription factor Elf-3
Ecdysone-induced protein 74EF isoform B
ETS domain-containing protein Elk-1
E3 SUMO-protein ligase EGR2
ETS translocation variant 1
Transcription factor ETV6
ETS translocation variant 2
ETS translocation variant 4
Friend leukemia integration 1 transcription factor
Forkhead box protein D1
Forkhead box protein J1
Factor in the germline alpha
Protein fosB
Transcriptional activator FLO8
Forkhead box protein I1
Forkhead box protein L2
Hepatocyte nuclear factor 3-alpha
Hepatocyte nuclear factor 3-beta
Forkhead box protein J2
Forkhead box protein K2
Forkhead box protein O
Zinc finger protein FZF1
Far upstream element-binding protein 3
Zinc finger protein GLIS2
Glycolytic genes transcriptional activator GCR1
Glucocorticoid modulatory element-binding protein 1
Grainyhead-like protein 1 homolog
GS homeobox 1
Transcriptional activator hap3
Histone deacetylase 5
Transcriptional activator hap5
Transcriptional activator hap2
Hepatocyte nuclear factor 1-alpha
Homeobox protein ceh-21
Homeobox protein ceh-39
Hepatocyte nuclear factor 6
Homeobox protein Hox-A5
Homeobox protein ceh-38
Heterogeneous nuclear ribonucleoprotein K
Homeobox protein Hox-A7
Homeobox protein Hox-C11
Homeobox protein Hox-C13
Homeobox protein Hox-D13
Transcription factor 12
Protein INO2
Protein INO4
Interferon regulatory factor 1
Transcription factor 4
Interferon regulatory factor 4
Transcription factor jun-D
Krueppel-like factor 5
Krueppel-like factor 13
Krueppel-like factor 15
Metal-binding activator 1
MADS-box transcription factor 1
Transcription factor MafA
Transcription factor MafB
Mating-type M-specific polypeptide Mc
Transcription factor MBP1
Meiosis-specific transcription factor mei4
Homeobox protein Meis2
Mesoderm posterior protein 2
Homeobox protein Meis3
Mesoderm posterior protein 1
Homeobox protein MOX-1
Homeobox protein Meis1
Myocyte-specific enhancer factor 2B
Myocyte-specific enhancer factor 2D
Microphthalmia-associated transcription factor
Transcription activator MSS11
Metal regulatory transcription factor 1
Myb-related protein A
Myb-related protein B
Transcriptional activator Myb
Neurogenic differentiation factor 1
Myb protein
Nuclear factor of activated T-cells, cytoplasmic 3
Nuclear factor of activated T-cells 5
Nuclear factor NF-kappa-B p110 subunit
Necdin
Nuclear transcription factor Y subunit gamma
Homeobox protein Nkx-2.8
Neurogenic differentiation factor 6
Nuclear factor 1 C-type
Nuclear factor NF-kappa-B p100 subunit
Neuronal PAS domain-containing protein 4
Nuclear factor 1 A-type
Nuclear factor 1 B-type
Nuclear transcription factor Y subunit alpha
Homeobox protein NOBOX
Nuclear respiratory factor 1
Nuclear ubiquitous casein and cyclin-dependent kinase substrate 1
One cut domain family member 2
Tumor protein p73
Homeobox protein onecut
Homeobox protein OTX1
Homeobox protein OTX2
One cut domain family member 3
Paired box protein Pax-5
Pre-B-cell leukemia transcription factor 1
POU domain protein 2, isoform B
POZ-, AT hook-, and zinc finger-containing protein 1
Transcription factor pcr1
POU domain protein 2, isoform A
CCAAT-binding factor complex subunit php4
Pituitary homeobox 3
Phospholipid scramblase 1
Paired mesoderm homeobox protein 2B
Pituitary-specific positive transcription factor 1
Regulatory protein PHO2
Zinc finger protein PLAG1
Zinc finger protein PLAGL2
Paired mesoderm homeobox protein 2A
POU domain, class 2, transcription factor 2
POU domain, class 3, transcription factor 2
Transcriptional regulator prz1
Progesterone receptor
Transcription factor prr1
Pancreas transcription factor 1 subunit alpha
Transcriptional activator protein rdp1
DNA-binding protein reb1
Transcription factor RFX4
Cell division cycle-related protein res2/pct1
Protein RPN4
Zinc finger protein rst2
Runt-related transcription factor 2
Retinal homeobox protein Rx
Homeobox protein SIX5
Forkhead protein sep1
Transcription factor SOX-9
Transcription factor SOX-12
Homeobox protein SIX2
Transcription factor SOX-2
Sterol regulatory element-binding protein 1
Serendipity locus protein delta
Transcription factor STP2
Serine/threonine-protein kinase 16
Signal transducer and activator of transcription 3
Signal transducer and transcription activator
Transcription factor STP1
Regulatory protein SWI4
Transcription factor EB
Thyrotroph embryonic factor
T-box brain protein 1
Ty transcription activator TEC1
T-cell leukemia homeobox protein 1
Transcription factor A, mitochondrial
Transcription factor E3
Twist-related protein 1
Transcription factor unc-3
AP-1-like transcription factor YAP8
Nuclease-sensitive element-binding protein 1
AP-1-like transcription activator YAP2
Zinc finger protein ZFAT
Zinc finger protein ZIC 3
Zinc finger and BTB domain-containing protein 7B
Zinc finger protein ZIC 1
Zinc finger protein 750
Zinc finger protein 292
Zinc finger and SCAN domain-containing protein 21
