Probable serine/threonine-protein kinase abkC
Serine/threonine-protein kinase-like protein CCR2
Putative serine/threonine-protein kinase 019R
Putative serine/threonine-protein kinase 040L
Probable serine/threonine-protein kinase abkB
Putative serine/threonine-protein kinase-like protein CCR3
Abscisic acid-inducible protein kinase
Probable serine/threonine-protein kinase abkA
Serine/threonine-protein kinase-like protein CCR4
AarF domain-containing protein kinase 4
Probable serine/threonine-protein kinase 389L
Seven transmembrane domain-containing serine/threonine-protein kinase 2
Serine/threonine-protein kinase-like protein CCR1
Serine/threonine-protein kinase AfsK
Serine/threonine-protein kinase AGC1-5
Activated CDC42 kinase 1
Aurora/IPL1-related protein kinase 2
RAC-gamma serine/threonine-protein kinase
Serine/threonine-protein kinase akt-2
Serine/threonine-protein kinase Haspin homolog ALK1
Alpha-protein kinase 3
Actin-fragmin kinase
Serine/threonine-protein kinase akt-1
Serine/threonine-protein kinase Haspin homolog ALK2
Alpha-protein kinase 1
Alpha-protein kinase 2
Ankyrin repeat and protein kinase domain-containing protein 1
5'-AMP-activated serine/threonine-protein kinase catalytic subunit alpha
Protein kinase 2A, chloroplastic
Protein kinase 2B, chloroplastic
Ankyrin repeat-containing protein kinase A
Serine/threonine-protein kinase atg1
Serine/threonine-protein kinase ATG1
Serine/threonine-protein kinase MEC1
Probable serine/threonine-protein kinase MEC1 homolog
Serine/threonine-protein kinase ATM
Serine/threonine-protein kinase TEL1
Serine/threonine-protein kinase ATR
Serine/threonine-protein kinase atr
 kinase, mitochondrial
Mitotic checkpoint serine/threonine-protein kinase BUB1
Probable serine/threonine-protein kinase atr1
Serine/threonine-protein kinase BtrW
CDPK-related kinase 2
Mitotic checkpoint serine/threonine-protein kinase BUB1 beta
CDPK-related kinase 4
CDPK-related kinase 5
Serine/threonine-protein kinase CBK1
CDPK-related kinase 6
Serine/threonine-protein kinase cbk1
CDPK-related kinase 3
CDPK-related kinase 8
Serine/threonine-protein kinase-like protein At3g51990
Cell division control protein 18
Probable cell division control protein 7 homolog 2
CDPK-related kinase 7
Serine/threonine-protein kinase CDG1
Probable cyclin-dependent kinase 10
Calcium-dependent protein kinase 1
Calcium-dependent protein kinase 23
Calcium-dependent protein kinase isoform 11
Probable serine/threonine-protein kinase CCRP1
Cyclin-dependent kinase 15
Calcium-dependent protein kinase 2
Calcium-dependent protein kinase isoform 2
Calcium-dependent protein kinase 3
Calcium-dependent protein kinase 4
Calcium-dependent protein kinase 5
Calcium-dependent protein kinase 10
Calcium-dependent protein kinase 13
Calcium-dependent protein kinase 18
Calcium-dependent protein kinase 22
Probable kinase CHARK
Serine/threonine-protein kinase-like protein At1g28390
Probable cell division control protein 7 homolog 1
Probable serine/threonine-protein kinase cdc7
Cyclin-dependent kinase 11
Serine/threonine-protein kinase chk-1
Probable serine/threonine-protein kinase CHK1 homolog
Serine/threonine-protein kinase CDL1
Calcium-dependent protein kinase 15
Calcium-dependent protein kinase 26
Calcium-dependent protein kinase isoform 1
Calcium-dependent protein kinase 29
Calcium-dependent protein kinase SK5
Serine/threonine-protein kinase CHK1
Serine/threonine-protein kinase chk-2
CBL-interacting serine/threonine-protein kinase 15
CBL-interacting serine/threonine-protein kinase 17
Serine/threonine-protein kinase CLA4
Probable serine/threonine-protein kinase clkA
CBL-interacting serine/threonine-protein kinase 21
Calmodulin-binding receptor-like cytoplasmic kinase 2
Cysteine-rich receptor-like protein kinase 18
Cysteine-rich receptor-like protein kinase 21
Cysteine-rich receptor-like protein kinase 26
Cysteine-rich receptor-like protein kinase 10
Cysteine-rich receptor-like protein kinase 14
Cysteine-rich receptor-like protein kinase 28
Putative cysteine-rich receptor-like protein kinase 32
Cysteine-rich receptor-like protein kinase 37
Casein kinase II subunit alpha
Calmodulin-binding receptor-like cytoplasmic kinase 3
Cysteine-rich receptor-like protein kinase 15
Putative cysteine-rich receptor-like protein kinase 20
Cysteine-rich receptor-like protein kinase 24
Putative cysteine-rich receptor-like protein kinase 33
Putative cysteine-rich receptor-like protein kinase 39
Cysteine-rich receptor-like protein kinase 42
Casein kinase II subunit alpha-2
Casein kinase II subunit alpha 3
Casein kinase II subunit alpha, chloroplastic
Copine-E
Cysteine-rich receptor-like protein kinase 17
Cysteine-rich receptor-like protein kinase 22
Cysteine-rich receptor-like protein kinase 40
Putative cysteine-rich receptor-like protein kinase 12
Putative cysteine-rich receptor-like protein kinase 16
Cysteine-rich receptor-like protein kinase 25
Putative cysteine-rich receptor-like protein kinase 30
Casein kinase II subunit alpha'
Serine/threonine-protein kinase CtkA
Putative cysteine-rich receptor-like protein kinase 31
Putative cysteine-rich receptor-like protein kinase 35
Cysteine-rich receptor-like protein kinase 3
Putative cysteine-rich receptor-like protein kinase 43
Putative casein kinase II subunit beta-4
Putative cysteine-rich receptor-like protein kinase 23
Cysteine-rich receptor-like protein kinase 38
Cysteine-rich receptor-like protein kinase 41
Cysteine-rich receptor-like protein kinase 8
CDPK-related protein kinase
Probable casein kinase II subunit alpha homolog
Probable serine/threonine-protein kinase Cx32, chloroplastic
Casein kinase II subunit alpha-1
Serine/threonine-protein kinase D6PKL2
Serine/threonine-protein kinase D6PKL3
Serine/threonine-protein kinase GG21441
Serine/threonine-protein kinase GL21140
Serine/threonine-protein kinase GE16371
Serine/threonine-protein kinase D6PK
Serine/threonine-protein kinase CG17528
Serine/threonine-protein kinase DCLK2
Serine/threonine-protein kinase D6PKL1
Serine/threonine-protein kinase DCLK3
Serine/threonine-protein kinase GM11705
Serine/threonine-protein kinase GD17699
Serine/threonine-protein kinase DCLK1
Serine/threonine-protein kinase GA29083
Probable serine/threonine-protein kinase drkD
Serine/threonine-protein kinase dkf-1
Serine/threonine-protein kinase dkf-2
Probable serine/threonine-protein kinase drkB
Eukaryotic translation initiation factor 2-alpha kinase 1
Probable serine/threonine-protein kinase drkA
Protein EFR3
Extracellular serine/threonine protein kinase CeFam20
Extracellular serine/threonine protein CG31145
Probable serine/threonine-protein kinase fhkC
Probable serine/threonine-protein kinase fhkB
Probable serine/threonine-protein kinase fhkE
Probable serine/threonine-protein kinase fnkB
Probable serine/threonine-protein kinase FMP48
LRR receptor-like serine/threonine-protein kinase FEI 1
Probable serine/threonine-protein kinase fhkD
Probable serine/threonine-protein kinase fhkA
Serine/threonine-protein kinase fray2
Probable serine/threonine-protein kinase fnkA
Probable serine/threonine-protein kinase fnkE
Protein kinase G11A
Phytochrome-associated serine/threonine-protein phosphatase 3
Fatty acyl-CoA synthetase and RNA processing-associated kinase 1
Cyclin-G-associated kinase
Probable serine/threonine-protein kinase gdt9
Probable serine/threonine-protein kinase gdt4
Probable serine/threonine-protein kinase gdt8
Probable serine/threonine-protein kinase gdt2
Glycerophosphodiester phosphodiesterase protein kinase domain-containing GDPDL2
LRR receptor-like serine/threonine-protein kinase GSO1
LRR receptor-like serine/threonine-protein kinase GSO2
Serine/threonine-protein kinase greatwall
Serine/threonine-protein kinase HAL5
Probable serine/threonine-protein kinase HAL5-like
Serine/threonine-protein kinase hal4
Putative serine/threonine-protein kinase haspin homolog
Serine/threonine-protein kinase HipA
Homeodomain-interacting protein kinase 4
Homeodomain-interacting protein kinase 1
Receptor-like protein kinase HSL1
Serine/threonine-protein kinase HSL1
Hormonally up-regulated neu tumor-associated kinase
Serine/threonine-protein kinase ICK
Serine/threonine-protein kinase HRK1
Hormonally up-regulated neu tumor-associated kinase homolog A
Probable serine/threonine-protein kinase ifkC
Serine/threonine-protein kinase HT1
Hormonally up-regulated neu tumor-associated kinase homolog B
Probable leucine-rich repeat receptor-like protein kinase IMK3
Inhibitor of nuclear factor kappa-B kinase epsilon subunit homolog 1
Probable serine/threonine-protein kinase iksA
Probable serine/threonine-protein kinase IKS1
Receptor-like protein kinase HAIKU2
Interleukin-1 receptor-associated kinase 4
Probable serine/threonine protein kinase IRE4
Casein kinase I isoform alpha
Probable serine/threonine-protein kinase ireA
Serine/threonine-protein kinase ISR1
Probable casein kinase I homolog ECU03_0910
Probable serine/threonine protein kinase IRE3
Spermatozoon-associated protein kinase
Casein kinase I isoform gamma-3
Casein kinase I isoform delta
Casein kinase I isoform gamma-1
Serine/threonine-protein kinase KDX1
cGMP-dependent protein kinase, isozyme 1
Serine/threonine-protein kinase KIN3
Protein kinase DC1
Protein kinase kin1
Serine/threonine-protein kinase KIN2
Probable serine/threonine-protein kinase kinX
Probable serine/threonine-protein kinase KKQ8
Serine/threonine-protein kinase H2
Protein kinase ORF74
Probable casein kinase I homolog ECU11_1980
Casein kinase I
Serine/threonine-protein kinase
Probable serine/threonine-protein kinase B12
Protein kinase DC2
Probable serine/threonine-protein kinase KIN1 homolog
Serine/threonine protein kinase KIN1
Serine/threonine-protein kinase KIPK
Putative protein kinase C delta type homolog
Shaggy-related protein kinase kappa
Shaggy-related protein kinase beta
Kinase suppressor of Ras 2
Serine/threonine-protein kinase kin-29
Serine/threonine-protein kinase H1
Probable serine/threonine-protein kinase kinY
Protein kinase PVPK-1
Ribosomal protein S6 kinase 2 alpha
Shaggy-related protein kinase gamma
Shaggy-related protein kinase theta
Protein kinase C zeta type
Serine/threonine-protein kinase H1 homolog
Ribosomal protein S6 kinase alpha-5
Ribosomal protein S6 kinase alpha-6
Protein kinase ORF16
Putative L-type lectin-domain containing receptor kinase I.10
Probable serine/threonine-protein kinase 2
Protein kinase ORF14
Protein kinase ORF15
Protein kinase ORF73
Ribosomal protein S6 kinase 2 beta
Shaggy-related protein kinase delta
Putative L-type lectin-domain containing receptor kinase I.1
Putative L-type lectin-domain containing receptor kinase I.4
L-type lectin-domain containing receptor kinase I.7
L-type lectin-domain containing receptor kinase IV.4
Putative L-type lectin-domain containing receptor kinase V.8
L-type lectin-domain containing receptor kinase VIII.2
Serine/threonine-protein kinase LMTK3
Putative L-type lectin-domain containing receptor kinase V.2
L-type lectin-domain containing receptor kinase IV.2
L-type lectin-domain containing receptor kinase IX.1
L-type lectin-domain containing receptor kinase S.6
Mitogen-activated protein kinase kinase kinase 12
Putative L-type lectin-domain containing receptor kinase I.11
Probable L-type lectin-domain containing receptor kinase I.6
Probable L-type lectin-domain containing receptor kinase II.1
L-type lectin-domain containing receptor kinase V.4
L-type lectin-domain containing receptor kinase V.7
Probable L-type lectin-domain containing receptor kinase VII.2
Probable L-type lectin-domain containing receptor kinase I.2
Putative L-type lectin-domain containing receptor kinase II.2
Putative L-type lectin-domain containing receptor kinase V.1
Putative L-type lectin-domain containing receptor kinase V.6
Probable L-type lectin-domain containing receptor kinase VI.1
L-type lectin-domain containing receptor kinase VIII.1
Probable L-type lectin-domain containing receptor kinase S.5
Mitogen-activated protein kinase kinase 6
MAP/microtubule affinity-regulating kinase 3
Microtubule-associated serine/threonine-protein kinase 3
Probable L-type lectin-domain containing receptor kinase I.5
L-type lectin-domain containing receptor kinase I.8
L-type lectin-domain containing receptor kinase IV.3
Probable L-type lectin-domain containing receptor kinase V.3
L-type lectin-domain containing receptor kinase V.9
L-type lectin-domain containing receptor kinase VII.1
L-type lectin-domain containing receptor kinase IX.2
L-type lectin-domain containing receptor kinase S.4
Receptor like protein kinase S.3
Probable L-type lectin-domain containing receptor kinase S.7
Mitogen-activated protein kinase kinase kinase 13
Mitogen-activated protein kinase kinase kinase 2
Mitogen-activated protein kinase kinase kinase kinase 5
Microtubule-associated serine/threonine-protein kinase 4
Probable LRR receptor-like serine/threonine-protein kinase MEE39
Mitogen-activated protein kinase kinase 10
Microtubule-associated serine/threonine-protein kinase 1
Maternal embryonic leucine zipper kinase
Myosin heavy chain kinase B
Meiosis-specific serine/threonine-protein kinase MEK1
Myosin heavy chain kinase D
Mitogen-activated protein kinase 4
Myosin heavy chain kinase C
Mixed lineage kinase domain-like protein
Serine/threonine-protein kinase mos
Serine/threonine-protein kinase-transforming protein mos
Myosin heavy chain kinase A
Serine/threonine-protein kinase-transforming protein mil
Proto-oncogene serine/threonine-protein kinase mos
Probable serine/threonine-protein kinase MRK1 homolog
Probable serine/threonine-protein kinase MARK-C
Serine/threonine-protein kinase MRCK gamma
Serine/threonine-protein kinase mrck-1
Shaggy-related protein kinase NtK-1
Serine/threonine-protein kinase MRCK alpha
Serine/threonine-protein kinase MRCK beta
Probable serine/threonine-protein kinase MARK-B
Glycogen synthase kinase-3 homolog MsK-2
Leucine-rich repeat receptor protein kinase MSP1
Mitogen-activated protein kinase 17
Probable serine/threonine-protein kinase MARK-A
Glycogen synthase kinase-3 homolog MsK-3
Glycogen synthase kinase-3 homolog MsK-1
Probable myosin light chain kinase DDB_G0271550
Myosin light chain kinase family member 4
Probable myosin light chain kinase DDB_G0292624
Serine/threonine-protein kinase Nek3
Serine/threonine-protein kinase Nek5
Serine/threonine-protein kinase Nek9
Probable myosin light chain kinase DDB_G0282429
Probable myosin light chain kinase DDB_G0275057
Probable serine/threonine-protein kinase NAK
Serine/threonine-protein kinase D1044.8
Probable serine/threonine-protein kinase ndrB
Probable serine/threonine-protein kinase ndrA
Serine/threonine-protein kinase Nek1
Probable serine/threonine-protein kinase nek2
Serine/threonine-protein kinase Nek2
Serine/threonine-protein kinase Nek4
Probable serine/threonine-protein kinase ndrC
Probable serine/threonine-protein kinase ndrD
Serine/threonine-protein kinase nekl-3
Serine/threonine-protein kinase NIM1
G2-specific protein kinase nimA
Serine/threonine-protein kinase Nek10
Serine/threonine-protein kinase Nek11
Serine/threonine-protein kinase Nek6
Serine/threonine-protein kinase Nek7
Serine/threonine-protein kinase nekl-2
Nuclear receptor-binding protein
Nodulation receptor kinase
Putative serine/threonine-protein kinase B
Putative serine/threonine-protein kinase A
NUAK family SNF1-like kinase 2
Protein kinase and PP2C-like domain-containing protein
Serine/threonine-protein kinase PAK 3
Serine/threonine-protein kinase PAK 6
Probable LRR receptor-like serine/threonine-protein kinase PAM74
Serine/threonine-protein kinase PAK 4
Serine/threonine-protein kinase par-1
Serine/threonine-protein kinase par-4
3-phosphoinositide-dependent protein kinase 1
Putative pyruvate, phosphate dikinase regulatory protein
Protein phosphatase 2C and cyclic nucleotide-binding/kinase domain-containing protein
Putative pyruvate, phosphate dikinase regulatory protein 1
Probable pyruvate, phosphate dikinase regulatory protein, chloroplastic
Pyruvate, phosphate dikinase regulatory protein 1, chloroplastic
Pyruvate, phosphate dikinase regulatory protein 2
Putative pyruvate, phosphate dikinase regulatory protein 2
Serine/threonine-protein kinase PBS1
Serine/threonine-protein kinase pdik1l-B
Serine/threonine-protein kinase PDIK1L
Putative 3-phosphoinositide-dependent protein kinase 2
3-phosphoinositide-dependent protein kinase B
Pyruvate, phosphate dikinase regulatory protein, chloroplastic
Proline-rich receptor-like protein kinase PERK14
Proline-rich receptor-like protein kinase PERK2
Proline-rich receptor-like protein kinase PERK5
3-phosphoinositide-dependent protein kinase 2
Proline-rich receptor-like protein kinase PERK3
Proline-rich receptor-like protein kinase PERK7
Serine/threonine-protein kinase pdik1l-A
Proline-rich receptor-like protein kinase PERK13
Putative proline-rich receptor-like protein kinase PERK6
Putative proline-rich receptor-like protein kinase PERK11
Phosphoglycolate phosphatase 2
Serine/threonine-protein kinase pdik1l
Proline-rich receptor-like protein kinase PERK10
Proline-rich receptor-like protein kinase PERK15
Proline-rich receptor-like protein kinase PERK9
Phosphoinositide 3-kinase regulatory subunit 4
Proline-rich receptor-like protein kinase PERK12
Serine/threonine-protein kinase 1
Developmentally-regulated protein kinase 1
Serine/threonine-protein kinase pkn5
Serine/threonine-protein kinase PknA
Probable serine/threonine-protein kinase PknB
Serine/threonine-protein kinase PknB
Serine/threonine-protein kinase PknD
Serine/threonine-protein kinase PknE
Serine/threonine-protein kinase PknF
Serine/threonine-protein kinase PKZ1
Protein kinase PINOID 2
Plant intracellular Ras-group-related LRR protein 3
Phosphatidylinositol 4,5-bisphosphate 3-kinase catalytic subunit gamma isoform
Protein kinase 4
Serine/threonine-protein kinase pkn1
Serine/threonine-protein kinase PknG
Serine/threonine-protein kinase PknL
Probable serine/threonine-protein kinase PkwA
Serine/threonine-protein kinase PLK4
Serine/threonine-protein kinase PkaB
Serine/threonine-protein kinase PKH2
Serine/threonine-protein kinase pkn6
Serine/threonine-protein kinase PknJ
Probable serine/threonine-protein kinase pkgA
Serine/threonine-protein kinase PKH3
Serine/threonine-protein kinases drp72
Serine/threonine-protein kinase pkn2
Serine/threonine-protein kinase pkn3
Probable serine/threonine-protein kinase pknA2
Putative serine/threonine-protein kinase
Serine/threonine-protein kinase pkpA
Serine/threonine-protein kinase pim-3
Protein kinase 3
Serine/threonine-protein kinase PknH
Serine/threonine-protein kinase PknI
Serine/threonine-protein kinase PknK
Serine/threonine-protein kinase plk-3
Membrane-associated tyrosine- and threonine-specific cdc2-inhibitory kinase
Serine/threonine-protein kinase pim-2
Serine/threonine-protein kinase PK-1
Serine/threonine-protein kinase PkaA
Probable serine/threonine-protein kinase Sps1
Probable serine/threonine-protein kinase CE0033
Serine/threonine-protein kinase Pkn1
Probable serine/threonine-protein kinase CA_C1728
Probable serine/threonine-protein kinase SCO3848
Serine/threonine-protein kinase PksC
Probable serine/threonine-protein kinase YabT
Probable serine/threonine-protein kinase CPE1738
Serine/threonine-protein kinase ppk4
Serine/threonine-protein kinase ppk29
Serine/threonine-protein kinase ppk18
Actin-regulating kinase PRK1
Serine/threonine-protein kinase PRP4 homolog
Serine/threonine-protein kinase prp4
Serine/threonine-protein kinase PRR2
Probable pollen receptor-like kinase 6
Putative phosphoenolpyruvate synthase regulatory protein
Phosphoenolpyruvate synthase regulatory protein
Phosphocarrier protein HPr
Pollen receptor-like kinase 1
Putative serine/threonine-protein kinase PRKY
Serine/threonine-protein kinase prpf4B
Serine/threonine-protein kinase PTK1/STK1
Phosphocarrier protein NPr
Phytosulfokine receptor 1
Probable serine/threonine-protein kinase pXi
Pto-interacting protein 1
Serine/threonine-protein kinase PTK2
Serine/threonine-protein kinase PTK2/STK2
Serine/threonine-protein kinase-transforming protein raf
Protein kinase rad3
Casein kinase I homolog RAG8
Negative regulator of sexual conjugation and meiosis
Receptor-like cytosolic serine/threonine-protein kinase RBK2
Serine/threonine protein kinase RdoA
RGS domain-containing serine/threonine-protein kinase A
LRR receptor-like serine/threonine-protein kinase RCH1
Serine/threonine-protein kinase rio2
Serine/threonine-protein kinase RIO1
Serine/threonine-protein kinase RIO2
Receptor-interacting serine/threonine-protein kinase 4
RIO-type serine/threonine-protein kinase Rio1
RIO-type serine/threonine-protein kinase Rio2
Serine/threonine-protein kinase rio1
Serine/threonine-protein kinase RIO3
Carbon catabolite-derepressing protein kinase
Serine/threonine-protein kinase-transforming protein Rmil
Probable serine/threonine-protein kinase RLCKVII
G-type lectin S-receptor-like serine/threonine-protein kinase RLK1
Rho-associated protein kinase let-502
DNA damage-responsive serine/threonine-protein kinase RqkA
Probable serine/threonine-protein kinase RTK1
Serine/threonine-protein kinase RsbT
Serine/threonine-protein kinase S6KL
Serine/threonine-protein kinase SAPK3
Serine/threonine-protein kinase SAPK10
Probable inactive serine/threonine-protein kinase samkD
Serine/threonine-protein kinase sck1
Serine/threonine-protein kinase SAPK2
Serine/threonine-protein kinase SAPK6
Serine/threonine-protein kinase sck2
Serine/threonine-protein kinase SAPK5
Serine/threonine-protein kinase SAPK8
Serine/threonine-protein kinase sax-1
Serine/threonine-protein kinase SBK1
Probable serine/threonine-protein kinase samkC
Probable serine/threonine-protein kinase samkA
Serine/threonine-protein kinase SAPK4
Serine/threonine-protein kinase SAPK9
Serine/threonine-protein kinase Sgk1-B
Probable serine/threonine-protein kinase samkB
Serine/threonine-protein kinase SAPK1
Serine/threonine-protein kinase SAPK7
Serine/threonine-protein kinase SCH9
Cytokinesis protein sepH
Serine/threonine-protein kinase Sgk1
Serine/threonine-protein kinase SIK3 homolog
STE20-like serine/threonine-protein kinase
Sperm motility kinase 3
Sperm motility kinase Y
Serine/threonine-protein kinase Sgk1-A
Serine/threonine-protein kinase sgk-1
Serine/threonine-protein kinase smg-1
Sperm motility kinase 2A
SNF-related serine/threonine-protein kinase
Sperm motility kinase Z
Serine/threonine-protein kinase D
Serine/threonine-protein kinase SMG1
Putative sperm motility kinase W
Striated muscle preferentially expressed protein kinase
Serine/threonine-protein kinase C
Senescence-induced receptor-like serine/threonine-protein kinase
Probable serine/threonine-protein kinase sky1
Sperm motility kinase 2B
Sperm motility kinase X
Probable serine/threonine-protein kinase smg1
Serine/threonine-protein kinase B
Serine/threonine-protein kinase A
Serine/threonine-protein kinase 17B
Serine/threonine-protein kinase 32C
Serine/threonine-protein kinase 33
Serine/threonine-protein kinase 40
Serine/threonine-protein kinase 3/4
Serine/threonine-protein kinase spk-1
Stress response kinase A
Serine/threonine-protein kinase 32B
Serine/threonine-protein kinase CST20
Serine/threonine-protein kinase 38
Serine/threonine-protein kinase F
Serine/threonine-protein kinase SRPK
Serine/threonine-protein kinase 32A
Serine/threonine-protein kinase SRK2A
Serine/threonine-protein kinase SRK2D
Serine/threonine-protein kinase 4
Serine/threonine kinase-like domain-containing protein STKLD1
SRSF protein kinase 3
Serine/threonine-protein kinase STE7 homolog
Serine/threonine-protein kinase 19 homolog
Serine/threonine-protein kinase 35
Serine/threonine-protein kinase 19
Serine/threonine-protein kinase 25
Serine/threonine-protein kinase 31
Serine/threonine-protein kinase-like protein At5g23170
Serine/threonine-protein kinase stt7, chloroplastic
Mitosis inhibitor protein kinase SWE1
Serine/threonine-protein kinase TAO3
Serine/threonine-protein kinase TDA1
Serine/threonine-protein kinase TBK1
Receptor-like kinase TMK2
Receptor-like kinase TMK4
Receptor-like kinase TMK3
Receptor-like protein kinase THESEUS 1
Phosphatidylinositol 3-kinase tor1
Target of rapamycin
Serine/threonine-protein kinase TOS3
Lymphokine-activated killer T-cell-originated protein kinase
Serine/threonine-protein kinase TIO
Serine/threonine-protein kinase tousled-like 1-B
Serine/threonine-protein kinase tousled-like 2
Serine/threonine-protein kinase TNNI3K
Lymphokine-activated killer T-cell-originated protein kinase homolog
Serine/threonine-protein kinase TOUSLED
Serine/threonine-protein kinase ULK3
Twitchin
Serine/threonine-protein kinase US3 homolog
Serine/threonine-protein kinase UCNL
Serine/threonine-protein kinase Kist
Protein kinase US3 homolog
Probable serine/threonine-protein kinase FPV111
Serine/threonine-protein kinase ULK4
Probable serine/threonine-protein kinase FPV226
Probable serine/threonine-protein kinase 380R
Serine/threonine-protein kinase 2
Serine/threonine-protein kinase US3
Probable serine/threonine-protein kinase 010L
Wall-associated receptor kinase-like 2
Serine/threonine-protein kinase VHS1
Wall-associated receptor kinase-like 17
Putative wall-associated receptor kinase-like 16
Serine/threonine-protein kinase WNK1
Probable serine/threonine-protein kinase WNK1
Serine/threonine-protein kinase WNK2
Probable serine/threonine-protein kinase WNK2
Probable serine/threonine-protein kinase WNK6
Probable serine/threonine-protein kinase FPV212
Wall-associated receptor kinase 3
Putative wall-associated receptor kinase-like 13
Wall-associated receptor kinase-like 21
Probable serine/threonine-protein kinase WNK11
Probable serine/threonine-protein kinase WNK3
Probable serine/threonine-protein kinase WNK4
Probable serine/threonine-protein kinase WNK7
Serine/threonine-protein kinase VRK1
Wall-associated receptor kinase-like 4
Wall-associated receptor kinase-like 20
Serine/threonine-protein kinase WNK
Probable serine/threonine-protein kinase DDB_G0280111
Wall-associated receptor kinase-like 1
Wall-associated receptor kinase-like 8
Probable LRR receptor-like serine/threonine-protein kinase At1g12460
Wall-associated receptor kinase-like 18
Wall-associated receptor kinase-like 6
Probable serine/threonine-protein kinase DDB_G0278521
Probable serine/threonine-protein kinase DDB_G0278665
Putative serine/threonine-protein kinase VPS15
Wall-associated receptor kinase 5
Wall-associated receptor kinase-like 14
Wall-associated receptor kinase-like 9
Wall-associated receptor kinase-like 3
Probable serine/threonine-protein kinase WNK5
Probable serine/threonine-protein kinase DDB_G0272282
Probable LRR receptor-like serine/threonine-protein kinase At1g14390
Probable LRR receptor-like serine/threonine-protein kinase At1g53420
Probable LRR receptor-like serine/threonine-protein kinase At1g63430
Wall-associated receptor kinase-like 5
Putative wall-associated receptor kinase-like 11
Wall-associated receptor kinase-like 15
Probable serine/threonine-protein kinase WNK8
Probable serine/threonine-protein kinase WNK9
Probable serine/threonine-protein kinase DDB_G0290621
Probable LRR receptor-like serine/threonine-protein kinase At1g51860
Probable LRR receptor-like serine/threonine-protein kinase At1g56130
Probable receptor-like protein kinase At1g67000
Probable LRR receptor-like serine/threonine-protein kinase At1g74360
Probable serine/threonine-protein kinase DDB_G0277449
Probable serine/threonine-protein kinase DDB_G0278509
Probable serine/threonine-protein kinase DDB_G0288147
Probable serine/threonine-protein kinase DDB_G0282895
Probable LRR receptor-like serine/threonine-protein kinase At1g05700
Probable leucine-rich repeat receptor-like protein kinase At1g35710
Probable LRR receptor-like serine/threonine-protein kinase At1g07550
Probable LRR receptor-like serine/threonine-protein kinase At1g07650
Receptor-like serine/threonine-protein kinase At1g78530
Probable LRR receptor-like serine/threonine-protein kinase At2g16250
Probable serine/threonine-protein kinase DDB_G0282417
Probable serine/threonine-protein kinase DDB_G0283065
Probable serine/threonine-protein kinase DDB_G0288795
Probable serine/threonine-protein kinase DDB_G0286841
Probable receptor-like protein kinase At1g11050
Putative leucine-rich repeat receptor-like serine/threonine-protein kinase At2g24130
Receptor-like serine/threonine-protein kinase At3g01300
Probable protein kinase DDB_G0277539
Probable serine/threonine-protein kinase DDB_G0278845
Probable serine/threonine-protein kinase DDB_G0290859
G-type lectin S-receptor-like serine/threonine-protein kinase At1g67520
Probable LRR receptor-like serine/threonine-protein kinase At1g67720
Probable serine/threonine-protein kinase At1g18390
Probable LRR receptor-like serine/threonine-protein kinase At2g24230
Probable receptor-like protein kinase At2g39360
Putative serine/threonine-protein kinase F31E3.2
Probable protein kinase DDB_G0291133
Probable LRR receptor-like serine/threonine-protein kinase At1g34110
Probable serine/threonine-protein kinase At1g54610
Probable LRR receptor-like serine/threonine-protein kinase At1g06840
Probable LRR receptor-like serine/threonine-protein kinase At1g07560
Putative leucine-rich repeat receptor-like serine/threonine-protein kinase At2g19230
Probable serine/threonine-protein kinase DDB_G0283301
Serine/threonine-protein kinase At3g07070
Probable serine/threonine-protein kinase At1g01540
Probable receptor-like protein kinase At1g33260
Probable serine/threonine-protein kinase DDB_G0291516
Probable serine/threonine-protein kinase DDB_G0280717
Probable serine/threonine-protein kinase DDB_G0291664
Probable leucine-rich repeat receptor-like protein kinase At1g68400
Putative receptor-like protein kinase At1g80870
Probable leucine-rich repeat receptor-like protein kinase At2g33170
Leucine-rich repeat receptor-like serine/threonine-protein kinase At2g14510
Probable LRR receptor-like serine/threonine-protein kinase At4g29180
Probable receptor-like serine/threonine-protein kinase At4g34500
Probable LRR receptor-like serine/threonine-protein kinase At4g08850
Probable LRR receptor-like serine/threonine-protein kinase At5g16900
Probable LRR receptor-like protein kinase At1g51890
Probable receptor-like protein kinase At5g24010
Probable LRR receptor-like serine/threonine-protein kinase At1g53440
Probable LRR receptor-like serine/threonine-protein kinase At5g37450
Probable LRR receptor-like serine/threonine-protein kinase At5g65240
Probable serine/threonine-protein kinase DDB_G0276461
Probable receptor-like protein kinase At1g49730
Putative receptor-like protein kinase At1g72540
Probable LRR receptor-like serine/threonine-protein kinase At1g29720
Probable receptor-like protein kinase At2g23200
Probable LRR receptor-like serine/threonine-protein kinase At2g02780
Probable serine/threonine-protein kinase DDB_G0282777
Probable LRR receptor-like serine/threonine-protein kinase At4g36180
Putative receptor-like protein kinase At4g00960
Probable serine/threonine-protein kinase At5g41260
Probable LRR receptor-like serine/threonine-protein kinase At5g10290
Probable leucine-rich repeat receptor-like serine/threonine-protein kinase At5g15730
Probable LRR receptor-like serine/threonine-protein kinase At1g51810
Probable receptor-like protein kinase At5g18500
Probable receptor-like protein kinase At5g38990
Probable receptor-like protein kinase At5g39030
Probable LRR receptor-like serine/threonine-protein kinase At5g45780
Probable receptor-like protein kinase At5g59700
Probable LRR receptor-like serine/threonine-protein kinase At1g56140
Probable leucine-rich repeat receptor-like protein kinase At5g63930
Probable leucine-rich repeat receptor-like protein kinase At5g49770
Probable serine/threonine-protein kinase DDB_G0286481
Probable serine/threonine-protein kinase DDB_G0268642
Probable LRR receptor-like serine/threonine-protein kinase At1g69990
Leucine-rich repeat receptor-like serine/threonine-protein kinase At1g17230
Probable receptor-like protein kinase At1g80640
Probable serine/threonine-protein kinase At1g09600
Probable receptor-like protein kinase At2g21480
Probable LRR receptor-like serine/threonine-protein kinase At2g23950
Probable receptor-like protein kinase At2g42960
Putative receptor-like protein kinase At2g30940
Receptor-like serine/threonine-protein kinase At2g45590
Putative leucine-rich repeat receptor-like protein kinase At2g19210
Probable serine/threonine-protein kinase DDB_G0293958
Probable LRR receptor-like serine/threonine-protein kinase At4g30520
Probable LRR receptor-like serine/threonine-protein kinase At4g20940
Putative actin-fragmin kinase DDB_G0268748
Probable serine/threonine-protein kinase DDB_G0293276
Probable serine/threonine-protein kinase kinase DDB_G0280643
Probable serine/threonine-protein kinase DDB_G0267686
Probable serine/threonine-protein kinase DDB_G0281745
Putative leucine-rich repeat receptor-like serine/threonine-protein kinase At2g14440
Probable LRR receptor-like serine/threonine-protein kinase At2g28960
Probable serine/threonine-protein kinase ECU02_0550
Probable leucine-rich repeat receptor-like protein kinase At2g28990
Probable receptor-like protein kinase At3g17420
Putative receptor-like protein kinase At3g46340
Probable LRR receptor-like serine/threonine-protein kinase At4g26540
Probable LRR receptor-like serine/threonine-protein kinase At4g31250
Probable serine/threonine-protein kinase DDB_G0284491
Probable leucine-rich repeat receptor-like protein kinase At5g05160
G-type lectin S-receptor-like serine/threonine-protein kinase At5g35370
Probable serine/threonine-protein kinase DDB_G0277989
Probable cyclin-dependent serine/threonine-protein kinase DDB_G0278487
Probable serine/threonine-protein kinase DDB_G0268550
Probable serine/threonine-protein kinase kinase DDB_G0280557
Probable serine/threonine-protein kinase DDB_G0271402
Probable serine/threonine-protein kinase DDB_G0276181
Probable serine/threonine-protein kinase YbdM
Probable leucine-rich repeat receptor-like serine/threonine-protein kinase At3g14840
Serine/threonine-protein kinase At5g01020
Probable receptor-like protein kinase At5g15080
Probable LRR receptor-like serine/threonine-protein kinase At1g53430
Probable receptor-like protein kinase At5g39020
Probable LRR receptor-like serine/threonine-protein kinase At5g48740
Putative leucine-rich repeat receptor-like serine/threonine-protein kinase At2g04300
Probable LRR receptor-like serine/threonine-protein kinase At5g59680
Putative receptor-like protein kinase At5g39000
Probable serine/threonine-protein kinase DDB_G0269628
Probable serine/threonine-protein kinase DDB_G0275165
Probable serine/threonine-protein kinase DDB_G0271682
Probable serine/threonine-protein kinase DDB_G0283337
Putative leucine-rich repeat receptor-like serine/threonine-protein kinase At3g53590
Putative receptor-like protein kinase At3g47110
Probable LRR receptor-like serine/threonine-protein kinase At3g47570
Probable receptor-like protein kinase At3g55450
Probable LRR receptor-like serine/threonine-protein kinase At4g20450
Probable LRR receptor-like serine/threonine-protein kinase At5g63710
Probable serine/threonine-protein kinase DDB_G0278535
Probable serine/threonine-protein kinase DDB_G0268876
Probable serine/threonine-protein kinase DDB_G0272254
Probable LRR receptor-like serine/threonine-protein kinase At4g37250
Probable receptor-like protein kinase At4g39110
Receptor-like serine/threonine-protein kinase At4g25390
Probable LRR receptor-like serine/threonine-protein kinase At5g45840
Probable receptor-like serine/threonine-protein kinase At5g57670
Probable serine/threonine-protein kinase DDB_G0291350
Probable serine/threonine-protein kinase DDB_G0286627
Probable serine/threonine-protein kinase DDB_G0267566
Probable serine/threonine-protein kinase DDB_G0286465
Probable inactive serine/threonine-protein kinase DDB_G0268656
Probable serine/threonine-protein kinase DDB_G0279719
Probable serine/threonine-protein kinase DDB_G0267514
Probable receptor-like protein kinase At5g20050
Probable LRR receptor-like serine/threonine-protein kinase At1g51820
Probable LRR receptor-like serine/threonine-protein kinase At1g51880
Probable receptor-like protein kinase At5g56460
Probable receptor-like protein kinase At5g47070
Probable serine/threonine-protein kinase DDB_G0280461
Probable serine/threonine-protein kinase DDB_G0293292
Putative serine/threonine-protein kinase L205
Putative serine/threonine-protein kinase L268
Probable serine/threonine-protein kinase DDB_G0282963
Probable serine/threonine-protein kinase DDB_G0272092
Probable serine/threonine-protein kinase DDB_G0271538
Putative serine/threonine-protein kinase L670
Putative serine/threonine-protein kinase R517/R518
Putative serine/threonine-protein kinase L232
Putative serine/threonine-protein kinase YPL150W
AGC kinase YPK3
Putative serine/threonine-protein kinase/receptor R826
Putative serine/threonine-protein kinase L673
Protein kinase YpkA
Putative serine/threonine-protein kinase R436
Putative serine/threonine-protein kinase R03D7.5
Putative serine/threonine-protein kinase YrzF
Putative serine/threonine-protein kinase/receptor R831
Probable serine/threonine-protein kinase zyg-1
Putative serine/threonine-protein kinase B0495.2
Putative serine/threonine-protein kinase/receptor R818
