ATP-binding cassette transporter abc2
Apoptosis-inducing factor 1, mitochondrial
Aflatoxin B1 aldehyde reductase member 3
Asparagine synthetase
FMN-dependent NADH-azoreductase 1
Bleomycin hydrolase
FMN-dependent NADH-azoreductase 2
D-beta-hydroxybutyrate dehydrogenase, mitochondrial
Valacyclovir hydrolase
Beta-1,4-N-acetylgalactosaminyltransferase bre-4
Beta-1,3-galactosyltransferase bre-5
Phenolic acid decarboxylase subunit D
Putative oxidoreductase CatD
Catechol-2,3-dioxygenase
C-C motif chemokine 4
C-C motif chemokine 5
Cyclin-dependent kinase 2
Choline kinase alpha
Cinnamate beta-D-glucosyltransferase
Leukotriene-B4 omega-hydroxylase 3
Cytochrome P450 4F1
Gap junction gamma-2 protein
Putative glutathione S-transferase DHAR4
Haloalkane dehalogenase
Dehydrogenase/reductase SDR family member 2, mitochondrial
Glutathione S-transferase DHAR3, chloroplastic
Glutathione S-transferase DHAR2
Entericidin A
Entericidin B
Protein DETOXIFICATION 19
5,6,7,8-tetrahydromethanopterin hydro-lyase
Flavohemoprotein A
Flavohemoprotein B
Flavo-diiron protein FprA1
Flavo-diiron protein FprA2
Glycine N-acyltransferase
Stress-70 protein, mitochondrial
Glutathione S-transferase D6
Glutathione S-transferase L2, chloroplastic
Glutathione S-transferase D4
Glutathione S-transferase E14
Glutathione S-transferase L3
Glutathione S-transferase S1
Glutathione S-transferase D5
Glutathione S-transferase PM239X14
Glutathione S-transferase D1
Glutathione S-transferase L1
Glutathione S-transferase D2
Glutathione S-transferase D7
Flavohemoprotein
3-hexulose-6-phosphate synthase
Heat shock protein SSA2
Epoxide hydrolase 1
Flavohemoprotein-1
Flavohemoprotein-2
ADIPOR-like receptor IZH2
Probable galaptin lec-8
Hexachlorocyclohexane dehydrochlorinase 1
Gamma-hexachlorocyclohexane dehydrochlorinase
Chlorohydroquinone/hydroquinone 1,2-dioxygenase
LPS-assembly protein LptD
Hexachlorocyclohexane dehydrochlorinase 2
2,5-dichloro-2,5-cyclohexadiene-1,4-diol dehydrogenase
Methylated-DNA--protein-cysteine methyltransferase
Putative hydrolase MhqD
Putative ring-cleaving dioxygenase MhqE
Putative ring-cleaving dioxygenase MhqA
Putative oxidoreductase MhqP
Putative NAD(P)H nitroreductase MhqN
Putative ring-cleaving dioxygenase MhqO
FMN reductase
Oleate hydratase
Probable UbiX-like flavin prenyltransferase
Phenolic acid decarboxylase PadC
Xaa-Pro dipeptidase
3-hexulose-6-phosphate isomerase
Phosphonoacetaldehyde hydrolase
Phenolic glucoside malonyltransferase 2
Serum paraoxonase/arylesterase 2
Serum paraoxonase/lactonase 3
Phenolic glucoside malonyltransferase 1
2-iminobutanoate/2-iminopropanoate deaminase
Reverse rubrerythrin-1
Reverse rubrerythrin-2
Rubredoxin
Solute carrier family 22 member 8
Sanguinarine reductase
Sodium- and chloride-dependent GABA transporter 1
Immunity protein SdpI
Submaxillary gland androgen-regulated protein 2, isoform alpha
SHC-transforming protein 1
Submaxillary gland androgen-regulated protein 2, isoform gamma
Submaxillary gland androgen-regulated protein 2, isoform epsilon
Submaxillary gland androgen-regulated protein 2, isoform beta
Submaxillary gland androgen-regulated protein 2, isoform delta
Glutathione S-transferase TCHQD
Transient receptor potential cation channel subfamily M member 6
UDP-glycosyltransferase 73B4
UDP-glycosyltransferase 75D1
UDP-glycosyltransferase 72E1
Synaptic vesicular amine transporter
DNA repair protein complementing XP-A cells homolog
Protein YiiM
Putative monooxygenase YcnE
Putative NAD(P)H nitroreductase YodC
