Arginine attenuator peptide
ATPase expression protein 1, mitochondrial
Mitochondrial translation factor ATP22
Cytochrome B translational activator protein CBS2
Cytochrome b translational activator protein CBS1, mitochondrial
Protein cup
Eukaryotic translation initiation factor 3 subunit A
Insulin-like growth factor 2 mRNA-binding protein 2
Insulin-like growth factor 2 mRNA-binding protein 3
Insulin-like growth factor 2 mRNA-binding protein 1
Protein MSS51, mitochondrial
Protein PET54
Protein phosphatase 1 regulatory subunit 15B
Pentatricopeptide repeat-containing protein PET309, mitochondrial
COX3 mRNA-specific translational activator PET494
Protein PET111, mitochondrial
40S ribosomal protein S23
40S ribosomal protein S14
40S ribosomal protein S9
Secretion monitor
Y-box-binding protein 2
