Alpha/beta hydrolase domain-containing protein 14B
Mth938 domain-containing protein
Armadillo repeat-containing X-linked protein 3
ATPase family AAA domain-containing protein 2B
Bcl-2-like protein 12
Cyclin-C1-1
Coiled-coil domain-containing protein 62
Cyclin-T1-2
Centromere protein K
Putative cyclin-T1-1
Cyclin-T1-3
Granulocyte colony-stimulating factor
Cyclin-related protein FAM58A
Fibroblast growth factor 1
Putative cyclin-related protein FAM58B
FH1/FH2 domain-containing protein 1
Putative fibroblast growth factor 1
Galanin receptor type 2
Galanin receptor type 3
Galanin receptor type 1
Histone H2A.Z
Hepcidin
Interferon regulatory factor 2-binding protein-like
Interleukin-17A
Interleukin-26
Interleukin-11
Interferon-related developmental regulator 1
Putative ribosomal protein S6 kinase alpha-2
Mating-type P-specific polypeptide Pi
mRNA-capping enzyme subunit alpha
Mating-type M-specific polypeptide Mi
Mediator of RNA polymerase II transcription subunit 6
Myelomonocytic growth factor
Mediator of RNA polymerase II transcription subunit 21
Mediator of RNA polymerase II transcription subunit 16
Dosage compensation regulator
Motile sperm domain-containing protein 1
Myeloid-derived growth factor
Nicotinamide phosphoribosyltransferase
Protein PDC2
Prothymosin alpha
Histone-lysine N-methyltransferase SMYD3
Sperm-associated antigen 8
Mediator of RNA polymerase II transcription subunit 12
Transcription initiation factor TFIID subunit 9
Tat-binding homolog 7
Tumor necrosis factor ligand superfamily member 8
Tetratricopeptide repeat protein 5
WW domain-binding protein 2
