Adhesion G protein-coupled receptor E2
Allograft inflammatory factor 1
RAC-beta serine/threonine-protein kinase B
Allograft inflammatory factor 1-like
RAC-beta serine/threonine-protein kinase A
Adenomatous polyposis coli protein
Protein BNI1
C2 domain-containing protein 5
Cyclin-dependent kinase-like 5
Calcineurin B homologous protein 3
Cofilin-1
Epidermal growth factor receptor kinase substrate 8-like protein 1
Ezrin
Fermitin family homolog 1
FYVE, RhoGEF and PH domain-containing protein 2
FYVE, RhoGEF and PH domain-containing protein 5
Heat shock protein HSP 90-alpha
Integrin beta-1-B
Integrin beta-1-A
LAS seventeen-binding protein 3
Neurabin-2
Protein kinase C and casein kinase substrate in neurons protein 2
Protein kinase C and casein kinase substrate in neurons 2 protein
Podoplanin
Phosphatidylinositol 4-phosphate 5-kinase type-1 alpha
Pyridoxal phosphate phosphatase
Pleckstrin homology domain-containing family O member 1
Plastin-2
Receptor-type tyrosine-protein phosphatase eta
SH3 domain-containing YSC84-like protein 1
Spermatogenesis-associated protein 13
Protein sprouty homolog 2
Protein sprouty homolog 4
Synaptojanin-2
Acyl-coenzyme A thioesterase THEM4
Toll/interleukin-1 receptor domain-containing adapter protein
SH3 domain-containing protein PJ696.02
Protein YSC84
