Proteasomal ubiquitin receptor ADRM1 homolog
SKP1-like protein 10
SKP1-like protein 11
SKP1-like protein 7
Protein ASI2
SKP1-like protein 12
SKP1-like protein 5
SKP1-like protein 14
SKP1-like protein 19
SKP1-like protein 21
SKP1-like protein 13
SKP1-like protein 18
SKP1-like protein 4
SKP1-like protein 9
SKP1-like protein 16
SKP1-like protein 20
SKP1-like protein 17
SKP1-like protein 6
SKP1-like protein 15
SKP1-like protein 3
SKP1-like protein 8
Large proline-rich protein bag6-B
Large proline-rich protein BAG6
Large proline-rich protein bag6
Large proline-rich protein bag6-A
Metal homeostatis protein BSD2
Vacuolar protein-sorting protein bro1
Cell division cycle protein 48
Cullin-like protein 5
COP9 signalosome complex subunit 3
Ubiquitin-binding protein CUE5
Cullin-2
Cullin-5
COP9 signalosome complex subunit 6a
Cullin-6
Cullin-7
Cullin-1
Cullin homolog 1
RNA polymerase II degradation factor 1
Protein DDI1 homolog
Denticleless protein homolog A
EIN3-binding F-box protein 1
Protein DOA1
Denticleless protein homolog
Denticleless protein homolog B
EIN3-binding F-box protein 2
Elongin-C
F-box only protein 8
F-box/LRR-repeat protein 4
F-box/WD repeat-containing protein 4
F-box/kelch-repeat protein At5g48990
F-box only protein 4
F-box/WD repeat-containing protein 1A
F-box only protein 2
Silencing boundary-establishment protein FUB1-like protein
F-box/LRR-repeat protein 12
Homocysteine-responsive endoplasmic reticulum-resident ubiquitin-like domain member 1 protein
UBA domain-containing protein mud1
NEDD8
Nuclear protein localization protein 4
NPL4-like protein 1
Nuclear protein localization protein 4 homolog
NEDD8 ultimate buster 1
Phosphatidylinositol-binding clathrin assembly protein unc-11
Serine/threonine-protein kinase PINK1, mitochondrial
F-box protein pof7
26S protease regulatory subunit 4 homolog
26S protease regulatory subunit 6B homolog
26S protease regulatory subunit 7
26S proteasome non-ATPase regulatory subunit 11A
WD repeat-containing protein pop2
Probable 26S proteasome regulatory subunit rpn-6.1
26S proteasome non-ATPase regulatory subunit 11B
Proteasome subunit alpha type-1
Proteasome subunit alpha type-2
Proteasome subunit alpha type-4
Proteasome subunit alpha type-5
Proteasome subunit alpha type-6
WD repeat-containing protein pop1
Proteasome subunit alpha 1
Proteasome subunit alpha type-3
Proteasome subunit alpha type-4-1
Proteasome subunit alpha type-7-B
26S protease regulatory subunit 7 homolog
Proteasome subunit alpha type-7-1
Proteasome subunit alpha type-7-1B
26S proteasome non-ATPase regulatory subunit 13
26S proteasome non-ATPase regulatory subunit 4
Probable 26S proteasome regulatory subunit p27
Proteasome inhibitor PI31 subunit
26S protease regulatory subunit 6A
Proteasome subunit alpha type-4-2
26S proteasome non-ATPase regulatory subunit 13 homolog B
Probable proteasome subunit alpha type-5
Proteasome subunit alpha type-7-A
26S proteasome non-ATPase regulatory subunit 11
26S proteasome non-ATPase regulatory subunit 3
Pre-mRNA-processing factor 19
Proteasome subunit alpha type-2-B
Proteasome subunit alpha 2
Proteasome subunit alpha type-7-like
Probable proteasome subunit alpha type-2
Putative proteasome subunit alpha type-4-B
Proteasome subunit alpha
Ubiquitin-40S ribosomal protein S27a-2
Ubiquitin-60S ribosomal protein L40
26S proteasome regulatory subunit RPN13
26S proteasome regulatory subunit RPN5
26S proteasome regulatory subunit RPN9
26S proteasome regulatory subunit RPN12
26S proteasome regulatory subunit RPN7
26S proteasome regulatory subunit RPN8
26S proteasome regulatory subunit RPN2
26S proteasome regulatory subunit RPN3
26S proteasome regulatory subunit RPN6
Probable 26S proteasome regulatory subunit rpn9
26S proteasome regulatory subunit RPN10
26S proteasome regulatory subunit RPN14
Ubiquitin-NEDD8-like protein RUB2
Succinate dehydrogenase subunit 5, mitochondrial
26S proteasome complex subunit SEM1
Protein SGT1 homolog A
E3 ubiquitin ligase complex SCF subunit sconC
SCF ubiquitin ligase complex protein SKP1b
Skp1-related protein
Protein SGT1 homolog B
SCF ubiquitin ligase complex protein SKP1a
S-phase kinase-associated protein 1
S-phase kinase-associated protein 2
Succinyl-CoA ligase  subunit beta, mitochondrial
Tumor protein p53-inducible nuclear protein 2
Transitional endoplasmic reticulum ATPase TER94
Short transient receptor potential channel 4-associated protein
Ubiquitin-conjugating enzyme E2 8
Ubiquitin-like modifier-activating enzyme 6
Probable ubiquitin-conjugating enzyme E2 7
Ubiquitin D
Ubiquitin-conjugating enzyme E2 S
UBX domain-containing protein 7
UBX domain-containing protein 4
Ubiquitin-conjugating enzyme E2-17 kDa
Proteasome maturation factor UMP1
Ubiquitin-conjugating enzyme E2 C
Polyubiquitin 11
Polyubiquitin 4
Polyubiquitin 12
Ubiquitin fusion degradation protein 1 homolog
Ubiquitin-conjugating enzyme E2 15
Polyubiquitin-C
UBX domain-containing protein 6
UBX domain-containing protein 2
CUE domain-containing protein C354.10
Zinc finger-interacting factor 1
Ran-specific GTPase-activating protein 1
