Calcineurin subunit B type 2
Calcineurin B-like protein 4
CTD small phosphatase-like protein
CTD small phosphatase-like protein 2
CTTNBP2 N-terminal-like protein
Carboxy-terminal domain RNA polymerase II polypeptide A small phosphatase 2
CTD small phosphatase-like protein 2-A
CTD small phosphatase-like protein 2-B
Sensor histidine kinase DesK
Phospholysine phosphohistidine inorganic pyrophosphate phosphatase
Signal transduction histidine-protein kinase/phosphatase MprB
Nuclear envelope morphology protein 1
Serine/threonine-protein phosphatase Pgam5, mitochondrial
Serine/threonine-protein phosphatase 2B catalytic subunit A1
4-nitrophenylphosphatase
Serine/threonine-protein phosphatase PP2A-2 catalytic subunit
Alkaline phosphatase
Purple acid phosphatase 25
Repressible alkaline phosphatase
Serine/threonine-protein phosphatase 2
Serine/threonine-protein phosphatase 2B catalytic subunit A2
Protein phosphatase 1M
Serine/threonine-protein phosphatase 2B catalytic subunit
Serine/threonine-protein phosphatase PPQ
Tyrosine-protein phosphatase non-receptor type 18
Tyrosine-protein phosphatase non-receptor type 4
CTD small phosphatase-like protein 3
Type 1 phosphatidylinositol 4,5-bisphosphate 4-phosphatase
Type 2 phosphatidylinositol 4,5-bisphosphate 4-phosphatase
