Heat shock 70 kDa protein 4
Mitochondrial distribution and morphology protein 10
Mitochondrial distribution and morphology protein 12
Maintenance of mitochondrial morphology protein 1
Maintenance of mitochondrial morphology protein 1-1
Mitochondrial import protein 1
Maintenance of mitochondrial morphology protein 1-2
Metaxin-1
Sorting assembly machinery 37 kDa subunit
Sorting assembly machinery 35 kDa subunit
Sorting and assembly machinery component 50 homolog
Sorting assembly machinery 50 kDa subunit
SAM50-like protein SPAC17C9.06
Mitochondrial import receptor subunit TOM20-1
Probable mitochondrial import receptor subunit TOM20
Mitochondrial import receptor subunit TOM20
Mitochondrial import receptor subunit TOM7
Mitochondrial import receptor subunit TOM22 homolog
Mitochondrial import receptor subunit tom22
Mitochondrial import receptor subunit TOM7 homolog
