Acetylserotonin O-methyltransferase
3-hydroxy-5-methyl-1-naphthoate 3-O-methyltransferase
Erythromycin 3''-O-methyltransferase
Juvenile hormone acid O-methyltransferase
Methyltransferase-like protein 7B
Methyltransferase-like protein 7A
2-ketoarginine methyltransferase
Mycinamicin III 3''-O-methyltransferase
Probable inactive O-methyltransferase 11
Tricin synthase 2
O-methyltransferase 2
5-pentadecatrienyl resorcinol O-methyltransferase
Flavone 3'-O-methyltransferase 1
O-methyltransferase 7
O-methyltransferase 10
Eugenol O-methyltransferase
O-methyltransferase 4
O-methyltransferase 9
8-hydroxyquercetin 8-O-methyltransferase
Macrocin O-methyltransferase
Demethylmacrocin O-methyltransferase
Williams-Beuren syndrome chromosomal region 27 protein
