Dol-P-Glc:Glc(2)Man(9)GlcNAc(2)-PP-Dol alpha-1,2-glucosyltransferase
UDP-N-acetylglucosamine transferase subunit alg14
Chitobiosyldiphosphodolichol beta-mannosyltransferase
Dolichyl pyrophosphate Man9GlcNAc2 alpha-1,3-glucosyltransferase
Dolichyl pyrophosphate Glc1Man9GlcNAc2 alpha-1,3-glucosyltransferase
Probable dolichyl pyrophosphate Glc1Man9GlcNAc2 alpha-1,3-glucosyltransferase
UDP-N-acetylglucosamine transferase subunit ALG14
Dol-P-Man:Man(5)GlcNAc(2)-PP-Dol alpha-1,3-mannosyltransferase
Probable dolichyl pyrophosphate Man9GlcNAc2 alpha-1,3-glucosyltransferase
Mannan polymerase II complex anp1 subunit
Alpha-1,2-mannosyltransferase alg9
Mannan polymerase II complex ANP1 subunit
Dol-P-Man:Man(7)GlcNAc(2)-PP-Dol alpha-1,6-mannosyltransferase
Dolichyldiphosphatase
Coiled-coil domain-containing protein 126
Mannosyl-oligosaccharide glucosidase
Dolichyl-diphosphooligosaccharide--protein glycosyltransferase subunit 2
Dolichyldiphosphatase 1
N-glycosylation protein eos1
N-glycosylation protein EOS1
Alpha-glucosidase 2
Glutamine--fructose-6-phosphate aminotransferase  2
Probable mannosyl-oligosaccharide glucosidase
Glutamine--fructose-6-phosphate aminotransferase  1
Glucosidase 2 subunit beta
GDP-mannose transporter
Probable mannosyltransferase KTR7
Probable mannosyltransferase KTR2
Probable mannosyltransferase KTR5
Lipid phosphate phosphatase gamma, chloroplastic
Alpha-1,3-mannosyl-glycoprotein 2-beta-N-acetylglucosaminyltransferase
Beta-1,4-mannosyl-glycoprotein 4-beta-N-acetylglucosaminyltransferase
Alpha-1,6-mannosylglycoprotein 6-beta-N-acetylglucosaminyltransferase B
Putative alpha-1,3-mannosyl-glycoprotein 2-beta-N-acetylglucosaminyltransferase
Alpha-1,6-mannosylglycoprotein 6-beta-N-acetylglucosaminyltransferase A
Probable alpha-1,6-mannosyltransferase MNN10
Malectin-A
Mannan polymerase complex subunit mnn9
Probable mannosyl-oligosaccharide alpha-1,2-mannosidase 1B
Mannan polymerase complexes subunit MNN9
Meiotically up-regulated gene 136 protein
Dolichyl-diphosphooligosaccharide--protein glycosyltransferase subunit 4
Probable dolichyl-diphosphooligosaccharide--protein glycosyltransferase subunit 3B
Probable dolichyl-diphosphooligosaccharide--protein glycosyltransferase subunit ost2
Dolichyl-diphosphooligosaccharide--protein glycosyltransferase subunit OST2
Probable dolichyl-diphosphooligosaccharide--protein glycosyltransferase subunit 3
Dolichyl-diphosphooligosaccharide--protein glycosyltransferase subunit swp1
Dolichol kinase sec59
Dolichyl-diphosphooligosaccharide--protein glycosyltransferase subunit STT3
Dolichyl-diphosphooligosaccharide--protein glycosyltransferase subunit stt3
Probable mannosyltransferase YUR1
