Actin-10
Jouberin
Alpha-centractin
Centractin
Major actin
ADP-ribosylation factor GTPase-activating protein AGD7
AP-1 complex subunit gamma-like 2
AP-1 complex subunit mu-1
AP-1 complex subunit sigma-2
AP-3 complex subunit beta-2
AP-3 complex subunit mu
AP-4 complex subunit mu
AP-5 complex subunit mu
AP-1 complex subunit beta-1
AP-1 complex subunit gamma-1
AP-1 complex subunit mu-2
AP-1 complex subunit sigma-1
AP-1 complex subunit sigma-3
AP-2 complex subunit alpha
AP-2 complex subunit beta
AP-2 complex subunit mu
AP-4 complex subunit mu-1
Beta-adaptin-like protein A
AP-3 complex subunit sigma-2
AP-4 complex subunit beta-1
ADP-ribosylation factor 1
ADP-ribosylation factor 3
Probable ADP-ribosylation factor At2g15310
ADP-ribosylation factor 4
Alpha-2-macroglobulin receptor-associated protein
AP-1 complex subunit gamma-2
AP-3 complex subunit delta
AP-4 complex subunit epsilon-1
ADP-ribosylation factor 2
ADP-ribosylation factor 6
ADP-ribosylation factor GTPase-activating protein 2
ADP-ribosylation factor GTPase-activating protein 3
AP-2 complex subunit alpha-1
AP-2 complex subunit alpha-2
AP-3 complex subunit beta
AP-3 complex subunit sigma
AP-4 complex subunit sigma-1
Beta-adaptin-like protein B
Clathrin-associated protein AP-3 complex component APS3
ADP-ribosylation factor 1-like 2
ADP-ribosylation factor 1-like 1
ADP-ribosylation factor H
ADP-ribosylation factor-like protein 5
AP-2 complex subunit sigma
AP3-complex subunit beta-A
AP-3 complex subunit sigma-1
Adaptin medium chain homolog APM2
ADP-ribosylation factor 5
ADP-ribosylation factor-like protein 1
AP-4 complex subunit beta
AP-4 complex subunit epsilon
Beta-adaptin-like protein C
ADP-ribosylation factor 2-A
ADP-ribosylation factor-like protein 17
AP-1 complex subunit beta
AP-1 complex subunit mu-1-I
AP-1 complex subunit sigma-1A
Arf-GAP with Rho-GAP domain, ANK repeat and PH domain-containing protein 3
ADP-ribosylation factor 2-B
ADP-ribosylation factor F
ADP-ribosylation factor GTPase-activating protein 1
ADP-ribosylation factor J
ADP-ribosylation factor K
ADP-ribosylation factor-like protein 3
Brefeldin A-inhibited guanine nucleotide-exchange protein 3
Bet1-like SNARE 1-1
Brefeldin A-inhibited guanine nucleotide-exchange protein 1
B-cell receptor-associated protein 31
BET1 homolog
Brefeldin A-inhibited guanine nucleotide-exchange protein 2
Protein BFR2
Protein transport protein BOS1
Bet1-like protein At1g29060
Bet1-like protein At4g14600
Biogenesis of lysosome-related organelles complex 1 subunit 5
Vacuolar fusion protein CCZ1 homolog
Calcineurin subunit B type 1
Calcineurin subunit B type 2
Calcium-dependent secretion activator
Putative uncharacterized protein C3orf49
Vacuolar fusion protein CCZ1 homolog B
Cyclin-dependent kinase 1
Charged multivesicular body protein 1a
Cat eye syndrome critical region protein 2
Clathrin light chain 1
Clathrin light chain 3
Clathrin heavy chain 1
Clathrin light chain 2
Clathrin light chain
Probable clathrin heavy chain
Coatomer subunit beta'-1
Coatomer subunit beta'-3
Putative coatomer subunit beta'-3
Coatomer subunit beta-1
Coatomer subunit beta'
Coatomer subunit gamma-1
Coatomer subunit gamma-2
Clathrin heavy chain 2
Protein cornichon homolog 1
Coatomer subunit zeta-1
Coatomer subunit alpha-2
Coatomer subunit gamma
Coatomer subunit zeta-2
Protein cornichon
Coatomer subunit beta'-2
Coatomer subunit alpha-1
Coatomer subunit beta-2
Copine-1
Coatomer subunit alpha-3
Coatomer subunit beta
Coatomer subunit delta-3
Coatomer subunit zeta-3
Probable coatomer subunit gamma
Copine-3
Copine-6
Cytohesin-1
DNA damage-inducible protein 1
CTP-dependent diacylglycerol kinase 1
DnaJ homolog subfamily C member 5 homolog
Dynamin-related protein 1E
Protein-lysine N-methyltransferase efm4
Dynamin
Protein-lysine N-methyltransferase EFM4
Elongation of fatty acids protein 2
ER lumen protein-retaining receptor 1-A
Putative ER lumen protein-retaining receptor C28H8.4
ER lumen protein-retaining receptor 2
ER lumen protein-retaining receptor 3
ER lumen protein-retaining receptor B
ER lumen protein-retaining receptor 1
Endoplasmic reticulum-Golgi intermediate compartment protein 1
Endoplasmic reticulum-Golgi intermediate compartment protein 2
Endoplasmic reticulum-Golgi intermediate compartment protein 3
Protein ERP5
Separase
Exocyst complex component 7
ER lumen protein-retaining receptor 1-B
Probable endoplasmic reticulum-Golgi intermediate compartment protein 3
Exocyst complex component 4
Exocyst complex component 5
Exocyst complex component 6
ER lumen protein-retaining receptor A
Protein ERP3
Exocyst complex component 2
Formin-2
Rab GDP-dissociation inhibitor
Golgi to ER traffic protein 1
Golgi to ER traffic protein 2
Golgi to ER traffic protein 4
ADP-ribosylation factor-binding protein GGA3
Rab GDP dissociation inhibitor beta
ATPase GET3
Probable secretory pathway GDP dissociation inhibitor 1
Gelsolin
ADP-ribosylation factor-binding protein GGA1
ADP-ribosylation factor-binding protein GGA2
Golgi SNAP receptor complex member 2
Vesicle transport protein GOT1B
Vesicle transport protein GOT1A
Protein transport protein got1 homolog
Probable Golgi SNAP receptor complex member 2
ARF guanine-nucleotide exchange factor GNOM
Golgin subfamily A member 4
Protein transport protein gos1
Golgi SNAP receptor complex member 1
Probable Golgi transport protein 1
GTPase-activating protein GYP1
GTPase-activating protein gyp10
GTPase-activating protein gyp7
GTPase-activating protein gyp2
GTPase-activating protein GYP5
GTPase-activating protein GYP7
GTPase-activating protein GYP8
Heat shock 70 kDa protein cognate 4
Golgin IMH1
Increased recombination centers protein 6
Vacuolar protein sorting-associated protein ist1
Protein jagunal homolog 1
Protein jagunal homolog 1-A
C-Jun-amino-terminal kinase-interacting protein 3
Casein kinase I homolog 3
C-Jun-amino-terminal kinase-interacting protein 1
JNK-interacting protein 3
Kinesin-like protein KIF17
Protein jagunal homolog 1-B
C-Jun-amino-terminal kinase-interacting protein 4
Kalirin
Kinesin-like protein KIF1B
Protein kish
Protein kinase C iota type
KxDL motif-containing protein 1
Kinesin-like protein unc-104
Kinesin-like protein KIF1A
Kinesin-like protein KIF1C
Vacuole membrane protein KMS1
Kinesin-like protein KIF20A
Vacuole membrane protein KMS2
Protein HOMOLOG OF MAMMALIAN LYST-INTERACTING PROTEIN 5
Protein ERGIC-53
Guanine nucleotide exchange factor LTE1
Latrophilin Cirl
MAP kinase-activating death domain protein
Multiple coagulation factor deficiency protein 2 homolog
Membrane protein MLC1
Vacuolar fusion protein MON1 homolog A
Protein MON2 homolog
Vacuolar fusion protein mon1
Vacuolar fusion protein MON1 homolog B
Monensin-resistant homolog 2
Multicopy suppressor of SEC21 protein 28
Multicopy suppressor of SEC21 protein 27
Unconventional myosin-Va
Myosin-2
Unconventional myosin-Vb
Neurocalcin-delta
Vesicle-fusing ATPase 2
Probable kinetochore protein NUF2
Vesicle-fusing ATPase
Transmembrane emp24 domain-containing protein p24delta5
Transmembrane emp24 domain-containing protein p24delta10
Transmembrane emp24 domain-containing protein p24delta4
Transmembrane emp24 domain-containing protein p24beta2
Transmembrane emp24 domain-containing protein p24delta8
Vacuolar v-SNARE NYV1
Transmembrane emp24 domain-containing protein p24beta3
Transmembrane emp24 domain-containing protein p24delta9
Oxysterol-binding protein-related protein 1
Transmembrane emp24 domain-containing protein p24delta11
Transmembrane emp24 domain-containing protein p24delta6
Transmembrane emp24 domain-containing protein p24delta3
Transmembrane emp24 domain-containing protein p24delta7
Membrane protein P8A7
PGA2-homolog C27.01c
Phosphatidylinositol-binding clathrin assembly protein
Blood vessel epicardial substance
Blood vessel epicardial substance-A
Serine/threonine-protein phosphatase 2B catalytic subunit 1
PRA1 family protein B2
PRA1 family protein F3
PRA1 family protein E
PRA1 family protein A2
PRA1 family protein B1
PRA1 family protein C
Prolactin regulatory element-binding protein
Perilipin-3
PRA1 family protein B3
PRA1 family protein F2
PRA1 family protein H
Blood vessel epicardial substance-B
PRA1 family protein B5
PRA1 family protein D
Pheromone-regulated membrane protein 9
PRA1 family protein A3
PRA1 family protein B4
PRA1 family protein F4
PRA1 family protein G2
PRA1 family protein A1
PRA1 family protein F1
Prenylated Rab acceptor protein 1
PRA1 family protein B6
PRA1 family protein G1
Pheromone-regulated membrane protein 8
Syntaxin-like protein psy1
Plant UBX domain-containing protein 8
Ras-related protein Rab-10
Ras-related protein Rab-2A
Rab GTPase-binding effector protein 1
Rab proteins geranylgeranyltransferase component A
Ras-related protein Rab6
Ras-related protein Rab-11A
Ras-related protein Rab-14
Ras-related protein Rab-1A
Ras-related protein RABH1a
Rab3 GTPase-activating protein regulatory subunit
Ras-related protein Rab-26
Ras-related protein Rab-2B
Ras-related protein Rab-39B
Ras-related protein Rab-3
Ras-related protein Rab-27A
Protein RCR2
Regulator of V-ATPase in vacuolar membrane protein 1
Rab11 family-interacting protein 3
Protein RCR1
Protein ROP
Reticulon-3-B
GTP-binding protein SAR1A
GTP-binding protein SAR1a
GTP-binding protein SAR1b
Small COPII coat GTPase sar1
Small COPII coat GTPase SAR1
Reticulon-3
Reduced viability upon starvation protein 167
GTP-binding protein Sar1B
Protein transport protein SEC13 homolog B
Vesicle-trafficking protein SEC22b
Protein transport protein Sec31B
Reticulon-3-A
GTP-binding protein Sar1
Protein transport protein Sec31A
Vesicle-trafficking protein SEC22b-B
GTP-binding protein Sar1A
Protein transport protein SEC31 homolog A
Guanine nucleotide-exchange factor SEC12
Vesicular-fusion protein SEC17
Protein transport protein SEC31
Protein transport protein sec73
Protein transport protein SEC13-1
Vesicle-trafficking protein SEC22a
Protein transport protein sec13
Protein transport protein SEC39
Arf guanine nucleotide exchange factor sec74
Putative guanine nucleotide-exchange factor SED4
Integral membrane protein sed5
GTP-binding protein SAR1B
GTP-binding protein SAR2
Protein transport protein SEC13 homolog A
Probable vesicular-fusion protein sec17 homolog
Protein transport protein SEC13
COPII coat assembly protein sec16
Vesicle transport protein SFT2B
Protein SAND
GTP-binding protein SAR1
Protein transport protein SEC31 homolog B
Vesicular-fusion protein SEC18
Vesicle transport protein SEC20
Protein transport protein SEC22
Protein transport protein sec31
Vesicle transport protein SFT2A
Protein transport protein SEC13-2
Protein SEC13 homolog
Protein sey1
Vesicle transport protein SFT2C
Secretory component protein psh3
Gamma-soluble NSF attachment protein
Small glutamine-rich tetratricopeptide repeat-containing protein 2
Putative SNAP25 homologous protein SNAP30
SNAP25 homologous protein SNAP33
Sorting nexin-12
Sorting nexin 2B
Alpha-soluble NSF attachment protein
Synaptosomal-associated protein 25
Protein spire homolog 1
Protein spire homolog 2
Guanine nucleotide exchange factor SPIKE 1
SCOCO-like protein 1
Synaptosomal-associated protein 23
SNAP25 homologous protein SNAP29
Protein SSH4
Spectrin beta chain, non-erythrocytic 4
Syntaxin
Protein transport protein SSO2
Syntaxin-4
Syntaxin-5
Syntaxin-12
Syntaxin-1B
Syntaxin-7A
Syntaxin-132
Synaptobrevin
Spectrin beta chain, non-erythrocytic 2
Syntaxin-18
Syntaxin-1A
Syntaxin-2
Syntaxin-3
Syntaxin-19
Syntaxin-6
Syntaxin-7
Synaptobrevin homolog 1
Syntaxin-8
Syntaxin-121
Synaptobrevin-like protein
Synaptotagmin 1
Synaptobrevin-1
Putative syntaxin-24
Syntaxin-51
Probable syntaxin-7B
Syntaxin-binding protein 6
Syntaxin-52
Syntaxin-32
Synaptotagmin-13
Syntaxin-23
Arf guanine nucleotide exchange factor SYT1
Synaptotagmin-like protein 1
Synaptotagmin-like protein 2
TBC1 domain family member 4
Transforming growth factor-beta receptor-associated protein 1 homolog
Endoplasmic reticulum vesicle protein 25
Transmembrane emp24 domain-containing protein 2
Trafficking protein particle complex subunit 11
Trafficking protein particle complex subunit 3-like protein
Trafficking protein particle complex subunit 6B
Tropomyosin-1
Trafficking protein particle complex subunit 12
Probable trafficking protein particle complex subunit 3
t-SNARE affecting a late Golgi compartment protein 2
Probable trafficking protein particle complex subunit 2
Trafficking protein particle complex subunit 5
Transmembrane emp24 domain-containing protein 10
t-SNARE affecting a late Golgi compartment protein 1
Trafficking protein particle complex subunit 6A
Tropomyosin-2
Trafficking protein particle complex subunit 4
Putative trafficking protein particle complex subunit TRS31
t-SNARE domain-containing protein 1
Golgi apparatus membrane protein TVP23 homolog B
Golgi apparatus membrane protein TVP15
Golgi apparatus membrane protein-like protein ECHIDNA
Golgi apparatus membrane protein TVP23
Golgi apparatus membrane protein tvp38
Golgi apparatus membrane protein tvp23
Golgi apparatus membrane protein tvp18
Golgi apparatus membrane protein TVP18
Golgi apparatus membrane protein TVP23 homolog A
Tubby-related protein 1
Golgi apparatus membrane protein TVP23 homolog C
Golgi apparatus membrane protein tvp15
Golgi apparatus membrane protein TVP38
Syntaxin ufe1
Vesicle transport protein USE1
Vacuolar morphogenesis protein 6
Vesicle-associated membrane protein 1
Vesicle-associated membrane protein 3
Vesicle-associated membrane protein 722
Vesicle-associated membrane protein 724
Vacuolar protein sorting-associated protein 13b
Vacuolar protein sorting-associated protein 33A
Vacuolar protein sorting-associated protein 33B
Vacuolar protein sorting-associated protein 16 homolog
Vam6/Vps39-like protein
Vacuolar protein sorting-associated protein 53
Vacuolar protein sorting-associated protein 54
Vesicle-associated membrane protein 8
Protein SUPPRESSOR OF K(+) TRANSPORT GROWTH DEFECT 1
Vacuolar protein sorting-associated protein vps5
Vesicle transport through interaction with t-SNAREs homolog 1B
Vesicle-associated membrane protein 7A
Vesicle-associated membrane protein 2
Vesicle-associated membrane protein 7
Vacuolar protein sorting-associated protein 13a
Vacuolar protein sorting-associated protein 41
Vacuolar protein sorting-associated protein 55
Vacuolar protein sorting-associated protein 17
Vacuolar protein sorting-associated protein vts1
Vesicle transport v-SNARE 13
Vesicle transport through interaction with t-SNAREs homolog 1A
Vacuolar protein sorting-associated protein 52
von Willebrand factor A domain-containing protein DDB_G0285975
PH and SEC7 domain-containing protein C11E3.11c
Endoplasmic reticulum transmembrane protein 2
Endoplasmic reticulum transmembrane protein YET-like
TBC domain-containing protein C4G8.04
GRIP and coiled-coil domain-containing protein C365.11
TBC domain-containing protein C215.01
Endoplasmic reticulum transmembrane protein 1
GRIP and coiled-coil domain-containing protein C27D7.02c
Protein YIPF5
Guanine-nucleotide exchange factor YEL1
Protein YIF1A
Protein YIP5
TBC domain-containing protein C23D3.03c
Protein yop1
Protein YIP4
Synaptobrevin homolog YKT6-A
Synaptobrevin homolog ykt6
Phosphoinositide 3-phosphatase
Protein transport protein yos1
GTP-binding protein YPT32/YPT11
Protein YIPF5 homolog
Synaptobrevin homolog YKT6
Cell division protein ZapB
Endoplasmic reticulum transmembrane protein 3
Protein transport protein YIP1
GTP-binding protein YPT31/YPT8
UPF0220 protein C8D2.02c
Transmembrane 9 superfamily protein C1105.08
GTP-binding protein YPT7
VAMP-like protein YKT61
UPF0589 protein C32H8.01c
TBC domain-containing protein C1778.09
Protein YOP1
Zinc finger protein-like 1
Centromere/kinetochore protein zw10 homolog
