Nuclear nucleic acid-binding protein C1D
Cytochrome b termination protein 1
rRNA-processing protein CGR1
rRNA-processing protein cgrA
rRNA-processing protein cgr-1
rRNA-processing protein cgr1
ATP-dependent RNA helicase DBP10
ATP-dependent RNA helicase DBP2
ATP-dependent RNA helicase DBP2-A
ATP-dependent RNA helicase dbp2
ATP-dependent RNA helicase DBP3
ATP-dependent RNA helicase DBP4
ATP-dependent RNA helicase DBP7
ATP-dependent RNA helicase dbp7
ATP-dependent RNA helicase DBP8
ATP-dependent RNA helicase DBP9
ATP-dependent RNA helicase dbp10
ATP-dependent RNA helicase dbp3
ATP-dependent RNA helicase DBP6
ATP-dependent RNA helicase dbp-8
ATP-dependent RNA helicase dbp8
ATP-dependent RNA helicase dbp9
ATP-dependent RNA helicase dbp4
ATP-dependent RNA helicase dbp-7
Putative ATP-dependent RNA helicase T26G10.1
Probable ATP-dependent RNA helicase DDX47
ATP-dependent RNA helicase DDX51
Probable ATP-dependent RNA helicase Dbp73D
Probable ATP-dependent RNA helicase ddx52
Probable ATP-dependent RNA helicase DDX52
ATP-dependent RNA helicase dbp-10
ATP-dependent RNA helicase dbp-9
ATP-dependent RNA helicase dbp-4
Probable ATP-dependent RNA helicase DDX56
ATP-dependent RNA helicase dbp-3
ATP-dependent RNA helicase dbp6
Probable ATP-dependent RNA helicase ddx18
Probable ATP-dependent RNA helicase ddx55
DIS3-like exonuclease 1
Probable ATP-dependent RNA helicase ddx10
Probable ATP-dependent RNA helicase ddx56
Probable ATP-dependent RNA helicase ddx17
Probable ATP-dependent RNA helicase ddx47
Probable ATP-dependent RNA helicase ddx51
ATP-dependent RNA helicase ddx54
DIS3-like exonuclease 2
Dimethyladenosine transferase
Inactive exonuclease DIS3L2
ATP-dependent RNA helicase drs1
Exoribonuclease II, mitochondrial
rRNA-processing protein EFG1
rRNA-processing protein efg1
Probable rRNA-processing protein EBP2
Probable rRNA-processing protein EBP2 homolog
rRNA-processing protein EBP2
Pre-rRNA-processing protein ESF2
Pre-rRNA-processing protein ESF1
Exosome complex component CSL4
Putative exosome complex component RRP41
Pre-rRNA-processing protein esf1
Pre-rRNA-processing protein esf-2
Pre-rRNA-processing protein esf2
ATP-dependent RNA helicase FAL1
Exosome complex component MTR3
ATP-dependent RNA helicase fal-1
ATP-dependent RNA helicase fal1
rRNA-processing protein fcf2
Protein FRG1
Protein FRG1 homolog
rRNA-processing protein FYV7
H/ACA ribonucleoprotein complex subunit 1
Probable H/ACA ribonucleoprotein complex subunit 1-like protein
Polynucleotide 5'-hydroxyl-kinase GRC3
Polynucleotide 5'-hydroxyl-kinase grc3
ATP-dependent RNA helicase has1
ATP-dependent RNA helicase HAS1
ATP-dependent RNA helicase has-1
Pre-rRNA-processing protein IPI1-1
Pre-rRNA-processing protein IPI3
Pre-rRNA-processing protein ipi1
Pre-rRNA-processing protein IPI1
Eukaryotic initiation factor 4A-III
Pre-rRNA-processing protein IPI1-2
Interferon-stimulated gene 20 kDa protein
Ribosomal biogenesis protein LAS1L
ATP-dependent RNA helicase MAK5
ATP-dependent RNA helicase mak5
ATP-dependent RNA helicase mak-5
rRNA methyltransferase 3, mitochondrial
Multiple RNA-binding domain-containing protein 1
rRNA methyltransferase 2, mitochondrial
rRNA methyltransferase 3B, mitochondrial
rRNA methyltransferase 3A, mitochondrial
rRNA methyltransferase 1, mitochondrial
DExH-box ATP-dependent RNA helicase DExH9
Nuclear cap-binding protein subunit 2
Nuclear cap-binding protein complex subunit 1
Nucleolar protein 8
Nucleolar protein 12
Probable 28S rRNA
Nucleolar protein 9
RNA exonuclease NGL2
H/ACA ribonucleoprotein complex subunit 1-like protein 2
Probable nucleolar GTP-binding protein 1
Polynucleotide 5'-hydroxyl-kinase nol9
Nucleolar and coiled-body phosphoprotein 1
Polynucleotide 5'-hydroxyl-kinase NOL9
Nucleolar complex-associated protein 3
Polynucleotide 5'-hydroxyl-kinase nol-9
Ribosome biogenesis protein NSA1
5-methylcytosine rRNA methyltransferase NSUN4
25S rRNA
Putative H/ACA ribonucleoprotein complex subunit 1-like protein 1
Nucleolin 2
Nucleolin 1
Probable oligoribonuclease
Non-canonical poly(A) RNA polymerase PAPD5
Pre-rRNA-processing protein pno1
Pre-rRNA-processing protein pro-1
Photosystem II reaction center W protein, chloroplastic
Photosystem I reaction center subunit XI
Protein PXR1
Protein pxr1
21S rRNA pseudouridine(2819) synthase
Periodic tryptophan protein 1
Protein pxr-1
Ribosome-binding factor A
RNA 3'-terminal phosphate cyclase-like protein
Putative ribosome-binding factor A, mitochondrial
RNA exonuclease 3
RNA exonuclease 4
DEAD-box ATP-dependent RNA helicase 20
Probable RNA 3'-terminal phosphate cyclase-like protein
DEAD-box ATP-dependent RNA helicase 34
DEAD-box ATP-dependent RNA helicase 5
DEAD-box ATP-dependent RNA helicase 14
DEAD-box ATP-dependent RNA helicase 30
DEAD-box ATP-dependent RNA helicase 2
DEAD-box ATP-dependent RNA helicase 36
DEAD-box ATP-dependent RNA helicase 40
Pre-rRNA-processing protein RIX1
DEAD-box ATP-dependent RNA helicase 57
Putative ribosomal RNA large subunit methyltransferase H 2
Ribosomal RNA large subunit methyltransferase M
Ribosomal RNA large subunit methyltransferase E
Ribosomal RNA large subunit methyltransferase K
Ribosomal large subunit pseudouridine synthase B
Ribosomal large subunit pseudouridine synthase C
Ribosomal large subunit pseudouridine synthase D
Ribosomal large subunit pseudouridine synthase E
Ribosomal large subunit pseudouridine synthase F
23S rRNA
ATP-dependent RNA helicase CHR1
ATP-dependent RNA helicase ROK1
Ribosomal RNA large subunit methyltransferase H
ATP-dependent RNA helicase rok1
Putative 23S rRNA
RNA-binding protein rnp24
Ribosome production factor 1
Exoribonuclease 2
ATP-dependent rRNA helicase rrp3
ATP-dependent rRNA helicase rrp-3
ATP-dependent rRNA helicase RRP3
Probable exosome complex exonuclease RRP44
Protein RRP5 homolog
Ribonuclease TTHA0252
Ribonuclease II, chloroplastic/mitochondrial
Ribosomal RNA-processing protein 15
Ribosomal RNA-processing protein 17
Ribosomal RNA processing protein 1 homolog
Ribosomal RNA processing protein 1 homolog A
Ribosomal RNA processing protein 1 homolog B
Exosome complex exonuclease RRP44
Ribosomal RNA-processing protein 1 homolog
Ribosomal RNA-processing protein 1
Ribosomal RNA processing protein 36 homolog
Ribosomal RNA small subunit methyltransferase E 1
Ribosomal RNA small subunit methyltransferase F
Ribosomal RNA small subunit methyltransferase E 2
Ribosomal RNA small subunit methyltransferase I
Ribosomal RNA small subunit methyltransferase J
Ribosomal small subunit pseudouridine synthase A
Ribosomal RNA small subunit methyltransferase E
Ribosomal RNA small subunit methyltransferase H
Restriction of telomere capping protein 3
Ribosome biogenesis protein SLX9
Protein shq1
ATP-dependent rRNA helicase SPB4
ATP-dependent rRNA helicase spb4
ATP-dependent rRNA helicase spb-4
ATP-dependent rRNA helicase SPB42
ATP-dependent rRNA helicase SPB41
Protein SQS1
Virulence protein SSD1
16S/23S rRNA
Pre-rRNA-processing protein TSR2 homolog
Probable ribosome biogenesis protein VNG_2075C
Probable ribosome biogenesis protein Mbur_0088
Probable ribosome biogenesis protein MM_3074
Probable ribosome biogenesis protein TV0075
Probable ribosome biogenesis protein Msp_1293
Probable ribosome biogenesis protein YN1551_1255
Probable ribosome biogenesis protein SSO0551
Probable ribosome biogenesis protein MK0638
Probable ribosome biogenesis protein Ta0023
Probable ribosome biogenesis protein Mbar_A2412
Probable ribosome biogenesis protein MTH_554
Probable ribosome biogenesis protein M1627_1693
Probable ribosome biogenesis protein LS215_1685
Probable ribosome biogenesis protein OE_3895F
Probable ribosome biogenesis protein MA_2508
Probable ribosome biogenesis protein Msm_0126
Probable ribosome biogenesis protein M164_1574
Probable ribosome biogenesis protein MJ0708
Probable ribosome biogenesis protein M1425_1577
Probable ribosome biogenesis protein YG5714_1581
Probable ribosome biogenesis protein STK_03110
U3 small nucleolar RNA-associated protein 15 homolog
U3 small nucleolar RNA-associated protein 18 homolog
Probable 18S rRNA
WD repeat-containing protein 55
Ribosome biogenesis protein WDR12 homolog
Probable RNA methyltransferase Daro_1157
Probable RNA methyltransferase BAV1540
Probable RNA methyltransferase sce1580
Putative ribosomal RNA large subunit methyltransferase MJ1649
Probable RNA methyltransferase CV_2253
Probable RNA methyltransferase PSPA7_3453
Probable RNA methyltransferase azo0122
Probable RNA methyltransferase Tbd_1951
Probable RNA methyltransferase Pmen_2155
Probable RNA methyltransferase Lcho_2507
Probable RNA methyltransferase Mpe_A3613
Putative ribosomal RNA large subunit methyltransferase MJ1653
Probable RNA methyltransferase PST_2231
Probable RNA methyltransferase RPD_2859
Probable RNA methyltransferase Adeh_4229
Probable RNA methyltransferase sce3898
Probable RNA methyltransferase AZOSEA28700
Probable RNA methyltransferase PA14_40730
Probable RNA methyltransferase Anae109_4379
Probable RNA methyltransferase RB6963
Endoribonuclease YbeY
Putative RNA methyltransferase At5g10620
Probable RNA methyltransferase MXAN_6459
Putative ribonuclease
Probable RNA exonuclease C9B6.11c
Putative rRNA methyltransferase YqxC
Putative pre-16S rRNA nuclease
Acetazolamide conferring resistance protein zam
Putative ribosomal RNA large subunit methyltransferase YwbD
