A-kinase-interacting protein 1
Ephrin-A1
Ephrin type-B receptor 3
Fibronectin
Fibronectin type III domain-containing protein 3B
Frizzled-7
Integrin-linked protein kinase
Integrin alpha-8
Integrin alpha-4
Integrin beta-7
Laminin subunit alpha-5
Laminin subunit beta-1
Laminin subunit gamma-1
Alpha-parvin
Pseudopodium-enriched atypical kinase 1
Ras-associating and dilute domain-containing protein
Secreted frizzled-related protein 1
SLIT-ROBO Rho GTPase-activating protein 2
Tiggrin
Fermitin family homolog 3
