Autophagy-related protein 16-2
Autophagy-related protein 16-1
Aladin
Alpha- and gamma-adaptin-binding protein p34
Apical endosomal glycoprotein
Aftiphilin
AKT-interacting protein
Putative ABC transporter ATP-binding protein AlbC
Oligopeptide-binding protein AliB
Oligopeptide transport system permease protein AmiC
Oligopeptide transport system permease protein AmiD
AKT-interacting protein homolog B
Oligopeptide transport ATP-binding protein AmiE
Oligopeptide transport ATP-binding protein AmiF
AP-5 complex subunit beta-1
AP-5 complex subunit mu-1
AP-5 complex subunit sigma-1
AKT-interacting protein homolog A
Clathrin coat assembly protein AP180
Oligopeptide-binding protein AliA
Ankyrin repeat domain-containing protein 27
Nucleoporin AMO1
AP-5 complex subunit zeta-1
Amyloid protein-binding protein 2
Ubiquitin-like protein ATG12
Autophagy-related protein 13
Autophagy protein 16
Autophagy-related protein 16
Accessory Sec system protein Asp3
Autophagy-related protein 13a
Ubiquitin-like-conjugating enzyme ATG10
Autophagy-related protein 11
Autophagy-related protein 18
Serine/threonine-protein kinase ATG1b
Autophagy-related protein 20
Autophagy-related protein 23
Autophagy-related protein 29
Autophagy-related protein 3
Cysteine protease ATG4A
Cysteine protease ATG4b
Cysteine protease 1
Probable cysteine protease ATG4
Autophagy protein 5
Ubiquitin-like modifier-activating enzyme atg7
Autophagy-related protein 8B
Autophagy-related protein 8C
Autophagy-related protein 8d
Autophagy-related protein 9
ATG8-interacting protein 2
Accessory Sec system protein Asp1
Autophagy-related protein 21
Autophagy-related protein 27
Cysteine protease ATG4
Probable cysteine protease atg4
Autophagy-related protein 8e
Autophagy-related protein 8g
Autophagy-related protein 9A
Accessory secretory protein Asp5
Ubiquitin-like protein atg12
Serine/threonine-protein kinase ATG1t
Ubiquitin-like-conjugating enzyme ATG3
Autophagy-related protein 8b
Autophagy-related protein 8D
Autophagy-related protein 8f
Autophagy-related protein 13b
Serine/threonine-protein kinase ATG1a
Cysteine protease ATG4B
Autophagy-related protein 5
Autophagy-related protein 8A
Accessory Sec system protein Asp2
Serine/threonine-protein kinase ATG1
Autophagy-related protein 25
Autophagy-related protein 31
Autophagy-related protein 8
Serine/threonine-protein kinase ATG1c
Serine/threonine-protein kinase atg1
Autophagy-related protein 37
Autophagy-related protein 8a
Accessory secretory protein Asp4
Autophagy-related protein 101
Ubiquitin-like protein ATG12A
Ubiquitin-like protein ATG12B
Cysteine protease ATG4a
Cysteine protease ATG4C
Cysteine protease ATG4D
Autophagy-related protein 19
Autophagy-related protein 8c
Putative autophagy-related protein 8E
Autophagy-related protein 8h
Bardet-Biedl syndrome 7 protein homolog
Bet1-like SNARE 1-2
BET1-like protein
Protein BCP1
BBSome-interacting protein 1
Bardet-Biedl syndrome 5 protein homolog
Protein BCH2
Protein bcp-1
Bardet-Biedl syndrome 4 protein homolog
Vacuolar protein-sorting protein BRO1
Bud site selection protein 7
Bardet-Biedl syndrome 2 protein homolog
Protein BCH1
Vacuolar protein-sorting protein bro-1
Protein BRE4
Protein cappuccino
WASH complex subunit CCDC53
Coiled-coil domain-containing protein 93
Zinc finger CCCH domain-containing protein 16
Coiled-coil domain-containing protein 22
Coiled-coil domain-containing protein 91
Outer membrane transporter CdiB
Cell division control protein 48 homolog C
Cell division control protein 48 homolog E
UNC119-binding protein C5orf30 homolog
Centrosomal protein of 290 kDa
Centrosomal protein of 41 kDa
Outer membrane transporter CdiB-2
WASH complex subunit CCDC53 homolog
Cell division control protein 48 homolog B
Centrosomal protein of 41 kDa A
Calcineurin B homologous protein 2
Chitin synthase export chaperone
Centrosomal protein of 41 kDa B
Cell division control protein 48
Chitin biosynthesis protein CHS6
Conserved oligomeric Golgi complex subunit 4
Conserved oligomeric Golgi complex subunit 5
Conserved oligomeric Golgi complex subunit 6
Protein cornichon homolog 4
Conserved oligomeric Golgi complex subunit 8
Protein cornichon
Probable coatomer subunit zeta-A
Conserved oligomeric Golgi complex subunit 1
Probable coatomer subunit zeta-B
UPF0505 protein C16orf62 homolog
Mitochondrial inner membrane protein COX18
UPF0505 protein C16orf62
Choline transporter-like protein ctl1
Colicin V secretion/processing ATP-binding protein CvaB
Probable cubilin
Peptidyl-prolyl cis-trans isomerase
ATP-dependent RNA helicase DBP5
ATP-dependent RNA helicase dbp5
DNA damage-inducible protein 1
Probable D,D-dipeptide transport ATP-binding protein DdpD
DENN domain-containing protein 1A
Probable D,D-dipeptide transport ATP-binding protein DdpF
DEAD-box helicase Dbp80
ATP-dependent RNA helicase DDX19A
ATP-dependent RNA helicase dbp-5
ATP-dependent RNA helicase DDX19B
DnaJ homolog subfamily C member 14
DnaJ homolog subfamily C member 15
HLA class II histocompatibility antigen, DM alpha chain
DENN domain-containing protein 1B
DENN domain-containing protein 4C
Protein dopey-2
Dual oxidase maturation factor 1
Protein dopey-1
Dipeptide transport system permease protein DppB
Dipeptide transport ATP-binding protein DppD
Dipeptide transport ATP-binding protein DppF
Dipeptide permease D
Di-/tripeptide transporter
Class II histocompatibility antigen, M alpha chain
Protein dopey-1 homolog
Protein dopey homolog PFC0245c
DnaJ protein ERDJ2B
Dipeptide transport system permease protein DppC
DnaJ protein ERDJ2A
Protein ELC-like
Protein ERP6
Protein ELYS
Protein EMP46
Epsin-3
Protein ERD1
ER-derived vesicles protein ERV46
Exocyst complex protein EXO70
Exocyst complex component 3
Exocyst complex component 7
Exocyst complex component 8
Epidermal growth factor receptor substrate 15 homolog
Protein ERD1 homolog 1
Protein ERP1
Protein ERP4
Epsin-5
Clathrin interactor EPSIN 3
ER-derived vesicles protein ERV41
Exocyst complex component 1
FTS and Hook-interacting protein homolog
ER lumen protein-retaining receptor
FTS and Hook-interacting protein
Protein ERP2
Exocyst complex component 2
Filamentous hemagglutinin transporter protein FhaC
Flagellar assembly protein FliH
Flagellar FliJ protein
FAS1 domain-containing protein fsc1
Non-classical export protein 2 homolog 1
Probable flagellar assembly protein FliH
Germinal-center associated nuclear protein
Gamma-aminobutyric acid receptor-associated protein-like 2
Guanosine nucleotide diphosphate dissociation inhibitor 1
Rab GDP dissociation inhibitor beta
Geranylgeranyl pyrophosphate synthase
Nucleoporin GLE1
mRNA transport factor GFD1
Guanosine nucleotide diphosphate dissociation inhibitor At5g09550
Golgi reassembly-stacking protein 1
Golgi SNAP receptor complex member 1
Nucleoporin GLE2
Probable Golgi SNAP receptor complex member 2
Golgi-associated PDZ and coiled-coil motif-containing protein
Type II secretion system protein M
Nuclear pore complex protein GP210
Type II secretion system protein J
Golgi SNAP receptor complex member 1-2
Type II secretion system protein L
Putative type II secretion system protein M
Glutamate receptor-interacting protein 2
Putative type II secretion system protein J
Type II secretion system protein N
Type II secretion system protein I
GTPase-activating protein GYP5
Protein Hook homolog 3
Hemolysin transporter protein HpmB
Protein Hook homolog 1
Protein Hook homolog 2
Heme/hemopexin transporter protein HuxB
Intraflagellar transport protein 56 homolog
Outer membrane transporter protein IbpB
Phosphatidylinositol 4,5-bisphosphate 5-phosphatase INP51
Phosphatidylinositol 4,5-bisphosphate 5-phosphatase INP54
Janus kinase and microtubule-interacting protein 1
Polyphosphatidylinositol phosphatase INP52
Polyphosphatidylinositol phosphatase INP53
Vacuolar protein sorting-associated protein IST1
Lebercilin
Protein lap1
Lacticin-481/lactococcin-DR transport/processing ATP-binding protein lcnDR3
VIP36-like protein
Protein lin-7 homolog C
Protein ERGIC-53
Large subunit GTPase 1 homolog
Vesicular integral-membrane protein VIP36
Protein LST4
Outer-membrane lipoprotein carrier protein
Lysosomal-trafficking regulator
Protein transport protein SEC16A homolog
Probable microcin-H47 secretion/processing ATP-binding protein MchF
Mitochondrial protein import protein mas5
Microcin-J25 export ATP-binding/permease protein McjD
Multivesicular body subunit 12A
RINT1-like protein MAG2L
Mitochondrial intermembrane space import and assembly protein 40
Multiple coagulation factor deficiency protein 2
Membrane protein insertase MisCB
Melanoma inhibitory activity protein 3
Mitochondrial import protein 1
Ran guanine nucleotide release factor
Protein MON2 homolog
Mannose 6-phosphate receptor-like protein 1
Membrane protein insertase MisCA
Sorting nexin MVP1
Protein MxiI
Myosin-2
Metaxin-2
Nascent polypeptide-associated complex subunit alpha-2
Nascent polypeptide-associated complex protein
Metaxin-2 homolog
Myosin-2A
Nascent polypeptide-associated complex subunit alpha
Myosin-2B
Nascent polypeptide-associated complex subunit alpha-like protein 4
NAC-alpha domain-containing protein 1
Nuclear autoantigenic sperm protein
Non-classical export protein 102
Nucleoporin ndc-1
Nucleoporin NDC1
Nascent polypeptide-associated complex subunit alpha-like protein 2
Sorting nexin mvp1
Nascent polypeptide-associated complex subunit alpha-like protein
Nuclear envelope protein ndc1
Adaptin ear-binding coat-associated protein 1
Nascent polypeptide-associated complex subunit alpha-like protein 5
Adaptin ear-binding coat-associated protein 2
Non-classical export protein 2 homolog
Nucleoporin Ndc1
Nisin transport ATP-binding protein NisT
Nuclear pore complex protein NUP214
Nucleoporin NIC96
60S ribosomal export protein NMD3
Nuclear pore complex-interacting protein family member A1
Nuclear protein localization protein 4
NECAP-like protein CG9132
Vesicle-fusing ATPase
Probable nuclear transport factor 2
Nuclear transport factor 2
Nucleoporin NUP188
Nuclear pore complex protein NUP93A
Nucleoporin NUP133
Nucleoporin NUP145
Nuclear pore complex protein NUP50A
Nucleoporin NUP188 homolog
Nuclear pore complex protein Nup160
Nucleoporin NUP192
Nuclear pore complex protein NUP93B
Nuclear pore complex protein NUP98B
Nuclear pore complex protein Nup50
Nuclear pore complex protein Nup98-Nup96
Nucleoporin-like protein 2
Nucleoporin NUP37
Nuclear pore complex protein NUP43
Nucleoporin Nup43
NTF2-related export protein 2
Nucleoporin NUP85
Nuclear pore complex protein Nup85
Nucleoporin NUP120
Nucleoporin NUP152
Nucleoporin NUP159
Nuclear pore complex protein NUP50B
Nuclear pore complex protein NUP98A
Nuclear pore complex protein NUP1
Nucleoporin nup45
Nucleoporin NUP56
NTF2-related export protein
Putative oligopeptide transport system permease protein oppB2
Oligopeptide transport system permease protein OppB
Putative oligopeptide transport system permease protein oppC2
Oligopeptide transport system permease protein OppC
Putative oligopeptide transport ATP-binding protein oppD2
Oligopeptide transport ATP-binding protein OppD
Oligopeptide transport ATP-binding protein OppF
Outer envelope protein 61
Nucleoporin NUP57
Probable nucleoporin Nup58
Nucleoporin NUP84
NTF2-related export protein 1
Outer envelope protein 64, chloroplastic
Oligopeptide-binding protein OppA
Putative oligopeptide transport ATP-binding protein oppF2
Nuclear envelope pore membrane protein POM 121C
Nucleoporin Nup37
Nucleoporin NUP49
Nucleoporin NUP53
Nucleoporin p58/p45
Nucleoporin NUP82
Nuclear pore complex protein nup43
Nuclear pore complex protein NUP58
Nucleoporin nup61
Protein pad-1
Membrane protein insertase YidC
Putative nuclear envelope pore membrane protein POM 121B
Presequence translocated-associated motor subunit PAM17, mitochondrial
Presequence translocated-associated motor subunit pam17, mitochondrial
Programmed cell death 6-interacting protein
Peroxisome biogenesis protein 22
Peroxisomal targeting signal receptor
Peroxisome biogenesis protein 19-1
Peptide transporter family 2
Peroxisomal targeting signal 1 receptor
Phytolongin Phyl1.2
Phytolongin Phyl2.1
Peroxisome biogenesis protein 3-1
Peroxisome biogenesis protein 3-2
Phytolongin Phyl2.2
Peroxisome biogenesis protein 19-2
Processing of GAS1 and ALP protein 2
Pleckstrin homology domain-containing family A member 8
Pleckstrin homology domain-containing family F member 2
Pleckstrin homology domain-containing family M member 1
Peroxisomal targeting signal 2 receptor
SEC12-like protein 1
Phytolongin Phyl1.1
Nucleoporin pom152
Nuclear pore membrane glycoprotein 210
Glutathione transporter 1
Membrane-associated phosphatidylinositol transfer protein 1
Nuclear envelope pore membrane protein POM 121
PRA1 family protein 2
Nucleoporin POM33
Protein PrgJ
Nucleoporin POM152
Nucleoporin POM34
Foldase protein PrsA
Protochlorophyllide-dependent translocon component 52, chloroplastic
Protein NRT1/ PTR FAMILY 8.2
Protein PTHB1
Type IV secretion system protein PtlH
Protein pthb1 homolog
Rab GTPase-binding effector protein 2
GTP-binding nuclear protein Ran
Ran-binding protein 3
Guanine nucleotide exchange factor for Rab-3A
Rab-3A-interacting protein
Protein RAE1
E3 SUMO-protein ligase RanBP2
Ran-binding protein 1 homolog a
Protein RER1 homolog
Ran-binding protein 1 homolog b
Protein transport protein Sec61 subunit alpha-like 1
Probable RNA polymerase II nuclear localization protein SLC7A6OS
Peptide transport system permease protein SapB
Peptide transport system ATP-binding protein SapD
Peptide transport system ATP-binding protein SapF
Protein SBE2
Peptide transport system permease protein SapC
Protein transport protein Sec16B
Protein transport protein Sec61 subunit alpha
Protein transport protein Sec61 subunit alpha isoform 2
Protein SBE22
Preprotein translocase subunit SCY2, chloroplastic
Peptide antibiotic transporter SbmA
Secretory carrier-associated membrane protein 4
Protein transport protein SEC13
COPII coat assembly protein SEC16
COPII coat assembly protein sec16
Protein transport protein SEC9
Protein-export protein SecB 1
Protein-export protein SecB 2
Preprotein translocase subunit SecG
Preprotein translocase subunit SECY, chloroplastic
Protein translocase subunit SecY
Protein transport protein Sec61 subunit alpha-like 2
Oligopeptide-binding protein SarA
Protein transport protein SEC61 subunit alpha
SEC14 cytosolic factor
SecB-like chaperone MT2006
Protein-export protein SecB
Protein translocase subunit SecE
Protein-export membrane protein SecG
Protein transport protein Sec61 subunit alpha isoform B
Protein transport protein SEC16B homolog
Nucleoporin seh1-B
Nucleoporin SEH1
Nucleoporin seh1
Stress-associated endoplasmic reticulum protein 2
Phosphatidylinositol/phosphatidylcholine transfer protein SFH11
Protein SEC13 homolog
Exocyst complex component sec5
Translocation protein SEC62
Stress-associated endoplasmic reticulum protein 1
Phosphatidylinositol/phosphatidylcholine transfer protein SFH10
Nucleotide exchange factor SIL1
Secretory carrier-associated membrane protein 3
SecB-like chaperone Rv1957
Phosphatidylinositol/phosphatidylcholine transfer protein SFH13
SEH-associated protein 4
SecB-like chaperone SmegB
Nucleoporin seh1-A
Translocation protein SEC63 homolog
Putative protein-export protein SecB
Probable stress-associated endoplasmic reticulum protein
Sorting nexin-14
Sorting nexin-21
Sorting nexin-3
Protein SEH1
Sentrin-specific protease 2
Phosphatidylinositol/phosphatidylcholine transfer protein SFH12
Synaptosomal-associated protein 29
Sorting nexin-30
Sorting nexin-31
Protein SOP4
Phosphatidylinositol/phosphatidylcholine transfer protein SFH14
Sorting nexin-15
Sorting nexin-41
Sorting nexin-20
Sorting nexin-22
Sorting nexin-24
Membrane glycoprotein spo14
Sorting nexin-4
Sorting nexin-7
Secretion system apparatus protein SsaP
Salmonella pathogenicity island 2 protein C
Vacuolar-sorting protein SNF8
Subtilin transport ATP-binding protein SpaT
Secretion system apparatus protein SsaK
Secretion system apparatus protein SsaO
DnaJ-related protein spj1
WASH complex subunit strumpellin
Tethering factor for nuclear proteasome STS1
WASH complex subunit strumpellin homolog
Chaperone SurA
Lantibiotic transport ATP-binding protein SrtF
Secretion system apparatus protein SsaM
Tethering factor for nuclear proteasome sts1
Protein SVP26
Sublancin-168-processing and transport ATP-binding protein sunT
SPBc2 prophage-derived sublancin-168-processing and transport ATP-binding protein SunT
Synergin gamma
Protein SYS1 homolog
Inositol-1,4,5-trisphosphate 5-phosphatase 1
Inositol-1,4,5-trisphosphate 5-phosphatase 2
Putative protein TIC 214 N-terminal part
Antigen peptide transporter 1
Putative protein TIC 214 C-terminal part
Mitochondrial import inner membrane translocase subunit Tim10 B
Translocation-enhancing protein TepA
Toxin coregulated pilus biosynthesis protein T
Putative vacuolar protein sorting-associated protein TDA6
Protein tam14
Sec-independent protein translocase protein TatCt
Sec-independent protein translocase protein TATC, chloroplastic
Protein TIC 214
Protein TIC 22, chloroplastic
Trigger factor
Mitochondrial import inner membrane translocase subunit Tim13
Mitochondrial import inner membrane translocase subunit TIM14
Mitochondrial import inner membrane translocase subunit Tim13-B
Putative mitochondrial import inner membrane translocase subunit Tim8 A-B
Protein TIC 55, chloroplastic
Mitochondrial import inner membrane translocase subunit tim13
Mitochondrial import inner membrane translocase subunit TIM54
Mitochondrial import inner membrane translocase subunit tim50
Mitochondrial import inner membrane translocase subunit Tim8 A
Mitochondrial import inner membrane translocase subunit TIM9
Mitochondrial import inner membrane translocase subunit Tim9
Short-chain dehydrogenase TIC 32, chloroplastic
Protein TIC 62, chloroplastic
Mitochondrial import inner membrane translocase subunit TIM13
Mitochondrial import inner membrane translocase subunit tim14
Mitochondrial import inner membrane translocase subunit TIM50
Mitochondrial import inner membrane translocase subunit TIM8
Mitochondrial import inner membrane translocase subunit tim-8
Transmembrane emp24 domain-containing protein 1
Transmembrane emp24 domain-containing protein 7
Transmembrane emp24 domain-containing protein 9
Mitochondrial import inner membrane translocase subunit Tim13-A
Protein TIC 20, chloroplastic
Protein TIC 40, chloroplastic
Mitochondrial import inner membrane translocase subunit tim-13
Mitochondrial import inner membrane translocase subunit tim9
Transmembrane emp24 domain-containing protein 5
Endoplasmic reticulum vesicle protein 25
Protein TonB
Protein TIC110, chloroplastic
Mitochondrial import inner membrane translocase subunit TIM22
Mitochondrial import inner membrane translocase subunit Tim8 B
Transmembrane emp24 domain-containing protein B
Translocon at the outer membrane of chloroplasts 64
Mitochondrial import receptor subunit TOM7-2
Mitochondrial import receptor subunit TOM40 homolog
Protein TIC 20-II, chloroplastic
Protein TIC 22-like, chloroplastic
Trigger factor 1
Mitochondrial import inner membrane translocase subunit tim22
Mitochondrial import inner membrane translocase subunit tim54
Transmembrane emp24 domain-containing protein 3
Transmembrane emp24 domain-containing protein A
Transmembrane emp24 domain-containing protein
Translocating chain-associated membrane protein 1-like 1
Translocating chain-associated membrane protein 2
Trigger factor 2
Trigger factor-like protein TIG, Chloroplastic
Mitochondrial import inner membrane translocase subunit Tim22
Mitochondrial import inner membrane translocase subunit tim8
Protein TolB
Target of Myb protein 1
Mitochondrial import receptor subunit TOM70
Protein TOC75, chloroplastic
Mitochondrial import receptor subunit TOM5 homolog
Translocating chain-associated membrane protein 1
Protein TolQ
Mitochondrial import receptor subunit TOM6 homolog
Protein unc-119 homolog B
Ubiquitin-conjugating enzyme E2 variant 3
Protein unc-119 homolog
Protein unc-50 homolog B
Protein unc-119
Protein unc-50 homolog A
Vacuolar protein sorting-associated protein 26B-A
Vacuolar protein sorting/targeting protein 10
Vacuolar protein sorting/targeting protein PEP1
Vacuolar protein sorting-associated protein 26B-B
Vam6-like protein
Vacuolar protein-sorting-associated protein 37 homolog 2
Vacuolar protein sorting-associated protein 53 A
VPS74-like protein DDB_G0288371
Vacuolar protein sorting-associated protein 29
Vacuolar protein sorting-associated protein 38
Vacuolar protein sorting-associated protein 55 homolog
Vacuolar protein sorting-associated protein 70
Vacuolar-sorting receptor 6
Protein VTS1
WASH complex subunit 7
Vacuolar protein sorting-associated protein 37C
Vacuolar protein sorting-associated protein 28 homolog
Vacuolar protein sorting-associated protein 4B
Vacuolar protein-sorting-associated protein 60
Vacuolar-sorting receptor 5
WASH complex subunit 7 homolog
Vacuolar protein sorting-associated protein 13A
Vacuolar protein sorting-associated protein 26B
Vacuolar protein sorting-associated protein 37B
Vacuolar protein sorting-associated protein 52 B
Phosphatidylinositol 3-kinase VPS34
Vacuolar protein sorting-associated protein 62
Vacuolar protein sorting-associated protein 75
Vacuolar protein sorting-associated protein 37
Vacuolar protein sorting-associated protein 74
Protein vts1
Vacuolar protein sorting-associated protein 13B
Vacuolar protein-sorting-associated protein 25
Probable phosphatidylinositol 3-kinase VPS34 homolog
Vacuolar-sorting receptor 2
Vacuolar protein sorting-associated protein VTA1 homolog
VPS10 homolog 2
Maintenance of telomere capping protein 5
Putative peptide import ATP-binding protein BruAb2_1033
Vacuolar protein-sorting-associated protein 36
Vacuolar-sorting receptor 1
Vacuolar protein-sorting-associated protein 37 homolog 1
Vacuolar protein sorting-associated protein 37D
Vacuolar protein sorting-associated protein 53 B
Vacuolar protein sorting-associated protein 68
Vacuolar-sorting receptor 7
Protein XRP2
Putative peptide transport permease protein Mb1313c
Putative lipoprotein NMB1126/NMB1164
Exportin-4
Putative peptide import ATP-binding protein BruAb2_1034
Putative peptide import ATP-binding protein BAB2_1052
Putative peptide transport permease protein MT1319
Putative peptide import ATP-binding protein BAB2_1053
Putative peptide transport permease protein MT1320
Putative peptide transport permease protein Mb1314c
Putative peptide import ATP-binding protein BMEII0206
Putative peptide permease protein BMEII0861
Putative peptide import ATP-binding protein BRA1094/BS1330_II1086
Putative peptide import ATP-binding protein BMEII0205
Putative peptide import ATP-binding protein BAB2_0817
Putative peptide import ATP-binding protein BMEII0863
Putative peptide import ATP-binding protein BOV_A0347
Putative peptide permease protein BruAb2_0794
Putative peptide permease protein BAB2_0815
Putative peptide import ATP-binding protein BAB2_0818
Putative peptide import ATP-binding protein BMEII0864
Putative peptide import ATP-binding protein BOV_A0348
Putative peptide permease protein BOV_A0350
Putative peptide permease protein BOV_A0351
Putative peptide import ATP-binding protein BruAb2_0796
Putative peptide import ATP-binding protein BruAb2_0797
Putative peptide import ATP-binding protein BRA0404/BS1330_II0401
Putative peptide permease protein BRA0407/BS1330_II0404
Putative peptide permease protein BMEII0860
Putative peptide import ATP-binding protein BRA0405/BS1330_II0402
Putative peptide permease protein BRA0408/BS1330_II0405
Membrane protein insertase YidC 2
Putative type II secretion system M-type protein YghD
Membrane protein insertase YidC 1
Protein transport protein YIF1
Transmembrane protein YOR223W
Protein transport protein YOS1
Putative membrane protein insertion efficiency factor
Putative mannose 6-phosphate receptor-like protein C530.09c
Ran-specific GTPase-activating protein 1
