Beta-3 adrenergic receptor
Caprin-2
Complement component receptor 1-like protein
Complement receptor type 2
Prosaposin receptor GPR37L1
Delta(14)-sterol reductase
Fc receptor-like protein 5
GDNF family receptor alpha-1
Glucose-dependent insulinotropic receptor
Probable G-protein coupled receptor 62
G-protein coupled receptor 84
Probable G-protein coupled receptor 101
Probable G-protein coupled receptor 63
Probable G-protein coupled receptor 160
Probable G-protein coupled receptor 61
G-protein coupled receptor 20
Interleukin-4 receptor subunit alpha
Integrin beta-6
Interphotoreceptor matrix proteoglycan 2
Natural killer cells antigen CD94
Leukemia inhibitory factor receptor
mRNA cap guanine-N7 methyltransferase
Cell surface glycoprotein CD200 receptor 1
Melatonin receptor type 1A
NKG2-A/NKG2-B type II integral membrane protein
5'-nucleotidase domain-containing protein 3
Oxidized low-density lipoprotein receptor 1
Receptor-type tyrosine-protein phosphatase alpha
Receptor-type tyrosine-protein phosphatase beta
Parathyroid hormone/parathyroid hormone-related peptide receptor
