Actin-binding protein
A-kinase anchor protein 10, mitochondrial
Codanin-1
Intraflagellar transport protein che-13
A-kinase anchor protein C18orf42 homolg
ATP-dependent RNA helicase DDX42
Cytoplasmic dynein 2 heavy chain 1
Filamin-A
Intraflagellar transport associated protein 2
DNA-binding protein K10
Kinesin heavy chain isoform 5A
Kinesin-1-like protein PSS1
Kinesin heavy chain isoform 5C
Kinesin-related protein 5
Kinesin-related protein 7
Kinesin-related protein 3
Kinesin-related protein 9
Protein rax1
Bud site selection protein RAX1
Regulator of G-protein signaling rgs-5
Serine/threonine-protein kinase 11-interacting protein
Spindle assembly abnormal protein 6
Syndecan 4-A
Syndecan 4-B
Shugoshin-like 2
Kinesin-related protein SMY1
Heat shock protein STI1
Tensin-4
