Acidic leucine-rich nuclear phosphoprotein 32 family member B
Protein AUXIN-REGULATED GENE INVOLVED IN ORGAN SIZE
Cicadin
C-type lectin domain family 11 member A
ATP-dependent DNA helicase chl-1
Cardiotrophin-2
Epithelial cell adhesion molecule
Fibroblast growth factor 17
Fibroblast growth factor receptor 1
Fibroblast growth factor receptor 3
F-box only protein 50
Fibroblast growth factor receptor 4
Fibroblast growth factor receptor 2
Glucagon-like peptide 2 receptor
Interleukin-11
Interleukin-11 receptor subunit alpha-1
Kinetoplastid membrane protein 11
Beta-klotho
Kinetoplastid membrane protein 11B
Kinetoplastid membrane protein 11C
Leucine-rich repeat-containing protein 14B
Protein mab-21-like 1
Protein mab-21-like 2
MARCKS-related protein
NADH dehydrogenase  1 alpha subcomplex assembly factor 4
Nucleosome assembly protein 1-like 1
Platelet-derived growth factor C
PRAME family member 25
PRAME family member 12
PRAME family member 17
PRAME family member 22
PRAME family member 7
PRAME family member 10
PRAME family member 20
PRAME family member 6
PRAME family member 27
PRAME family member 4
PRAME family member 9/15
Prolactin-2C3
PRAME family member 1
PRAME family member 5
PRAME family member 11
PRAME family member 19
Putative PRAME family member 13
PRAME family member 18
PRAME family member 8
Lithostathine-1-alpha
Root meristem growth factor 4
Root meristem growth factor 7
Protein rogdi homolog
Rhotekin-2
TBC1 domain family member 8
Tensin-3
Tetraspanin-31
