GTP-binding protein 128up
ATP/GTP phosphatase
Developmentally-regulated GTP-binding protein 1 homolog
Developmentally-regulated GTP-binding protein 2 homolog
GTPase IMAP family member GIMD1
Guanine nucleotide-binding protein-like 1
Vegetative incompatibility protein HET-E-1
GTP-binding protein A
Immunity-related GTPase family Q protein
Septin-8-B
Septin-8-A
Nucleotide-binding protein Daro_0070
Nucleotide-binding protein Nmul_A0081
Nucleotide-binding protein jk1004
Nucleotide-binding protein HAPS_0087
Nucleotide-binding protein Tpet_1006
Nucleotide-binding protein PST_1028
Nucleotide-binding protein FMG_1084
Nucleotide-binding protein Teth514_1178
Nucleotide-binding protein SYNAS_12170
Nucleotide-binding protein LMHCC_0126
Nucleotide-binding protein NT01CX_1284
Nucleotide-binding protein SMU_1306c
Nucleotide-binding protein SpyM51325
Nucleotide-binding protein LACR_1047
Nucleotide-binding protein PSEEN1090
Nucleotide-binding protein TRQ2_1124
Nucleotide-binding protein Emin_0125
Nucleotide-binding protein XF_1405
Nucleotide-binding protein Hore_15880
Nucleotide-binding protein HSM_1595
Nucleotide-binding protein Blon_1085/BLIJ_1109
Nucleotide-binding protein XOO1179
Nucleotide-binding protein Psyc_0118
Nucleotide-binding protein SPT_1506
Nucleotide-binding protein Cgl1591/cg1794
Nucleotide-binding protein A2cp1_0165
Nucleotide-binding protein MUL_1815
Nucleotide-binding protein DICTH_1001
Nucleotide-binding protein LCABL_10730
Nucleotide-binding protein Smlt1108
Nucleotide-binding protein Lxx11490
Nucleotide-binding protein Fnod_1159
Nucleotide-binding protein ZMO1325
Nucleotide-binding protein RD1_1380
Nucleotide-binding protein MT1464
Nucleotide-binding protein spr1424
Nucleotide-binding protein MRA_1430
Nucleotide-binding protein SPG_1492
Nucleotide-binding protein Pmob_0154
Nucleotide-binding protein Rfer_1653
Nucleotide-binding protein MS1718
Nucleotide-binding protein CMM_1747
Nucleotide-binding protein NE1849
Nucleotide-binding protein Hhal_2130
Nucleotide-binding protein SACE_2139
Nucleotide-binding protein lwe2422
Nucleotide-binding protein Veis_1053
Nucleotide-binding protein FN1089
Nucleotide-binding protein MAP_1147
Nucleotide-binding protein LSL_1171
Nucleotide-binding protein Tmel_1373
Nucleotide-binding protein SPJ_1472
Nucleotide-binding protein BCG_1482
Nucleotide-binding protein THA_1518
Nucleotide-binding protein AnaeK_0154
Nucleotide-binding protein SP70585_1607
Nucleotide-binding protein Dshi_0209
Nucleotide-binding protein MMAR_2228
Nucleotide-binding protein TM1040_2438
Nucleotide-binding protein Bcep1808_2900
Nucleotide-binding protein Krad_2934
Nucleotide-binding protein Rmet_0297
Nucleotide-binding protein Daud_0300
Nucleotide-binding protein ABC3036
Nucleotide-binding protein ACIAD3059
Nucleotide-binding protein BAV3158
Nucleotide-binding protein Acel_1111
Nucleotide-binding protein Dtur_1129
Nucleotide-binding protein Csac_1160
Nucleotide-binding protein HS_1178
Nucleotide-binding protein GDI1189/Gdia_1902
Nucleotide-binding protein cauri_1197
Nucleotide-binding protein Avin_12760
Nucleotide-binding protein LGAS_1315
Nucleotide-binding protein xcc-b100_1354
Nucleotide-binding protein Dalk_1358
Nucleotide-binding protein JTY_1457
Nucleotide-binding protein Mfla_0145
Nucleotide-binding protein Adeh_0147
Nucleotide-binding protein DVU_1631
Nucleotide-binding protein Francci3_1634
Nucleotide-binding protein TT_C1664
Nucleotide-binding protein SPH_1680
Nucleotide-binding protein Dde_1774
Nucleotide-binding protein BMASAVP1_A0080
Nucleotide-binding protein Pcar_1935
Nucleotide-binding protein Franean1_2060
Nucleotide-binding protein SH2124
Nucleotide-binding protein THEYE_A0235
Nucleotide-binding protein Mmcs_2396
Nucleotide-binding protein OB2468
Nucleotide-binding protein lmo2474
Nucleotide-binding protein CTC_02495
Nucleotide-binding protein Rsph17025_2562
Nucleotide-binding protein Swol_0262
Nucleotide-binding protein BamMC406_2713
Nucleotide-binding protein CHY_0272
Nucleotide-binding protein VS_2760
Nucleotide-binding protein MAB_2783c
Nucleotide-binding protein RER_30260
Nucleotide-binding protein CLH_3092
Nucleotide-binding protein CKR_3143
Nucleotide-binding protein Sde_3181
Nucleotide-binding protein RBAM_031990
Nucleotide-binding protein Bphy_0322
Nucleotide-binding protein APP7_0339
Nucleotide-binding protein CLI_3561
Nucleotide-binding protein BH3569
Nucleotide-binding protein VIBHAR_03667
Nucleotide-binding protein Mflv_3714
Nucleotide-binding protein H16_A0381
Nucleotide-binding protein CLM_3839
Nucleotide-binding protein VF_0384
Nucleotide-binding protein Cthe_0113
Nucleotide-binding protein HI_1146
Nucleotide-binding protein KRH_12070
Nucleotide-binding protein SZO_12220
Nucleotide-binding protein XOO1280
Nucleotide-binding protein Gmet_1286
Nucleotide-binding protein DIP1313
Nucleotide-binding protein Dvul_1502
Nucleotide-binding protein Anae109_0152
Nucleotide-binding protein llmg_1557
Nucleotide-binding protein SP_1566
Nucleotide-binding protein STH186
Nucleotide-binding protein CMS1991
Nucleotide-binding protein LHK_02029
Nucleotide-binding protein Sfum_2066
Nucleotide-binding protein PXO_02223
Nucleotide-binding protein Aflv_2526
Nucleotide-binding protein Rpic_0258
Nucleotide-binding protein VP2673
Nucleotide-binding protein Gura_2968
Nucleotide-binding protein ABBFA_002973
Nucleotide-binding protein AFE_3021
Nucleotide-binding protein Dred_3054
Nucleotide-binding protein GK3066
Nucleotide-binding protein Strop_3101
Nucleotide-binding protein ABAYE3173
Nucleotide-binding protein Rsph17029_0317
Nucleotide-binding protein VC0395_A2112/VC395_2645
Nucleotide-binding protein Mmc1_3333
Nucleotide-binding protein CV_3336
Nucleotide-binding protein CLL_A3342
Nucleotide-binding protein APL_0334
Nucleotide-binding protein MAV_3359
Nucleotide-binding protein CBO3377/CLC_3320
Nucleotide-binding protein CLB_3433
Nucleotide-binding protein LAF_0356
Nucleotide-binding protein LAR_0375
Nucleotide-binding protein azo0399
Nucleotide-binding protein RSc0403
Nucleotide-binding protein Psyr_4150
Nucleotide-binding protein PSPPH_4154
Nucleotide-binding protein PA4465
Nucleotide-binding protein Bsph_0448
Nucleotide-binding protein CPS_4546
Nucleotide-binding protein NGK_0463
Nucleotide-binding protein CLD_1131
Nucleotide-binding protein Pcryo_0127
Nucleotide-binding protein Bpro_1300
Nucleotide-binding protein XC_1307
Nucleotide-binding protein NTHI1314
Nucleotide-binding protein BLA_1368
Nucleotide-binding protein SPD_1396
Nucleotide-binding protein Mb1456
Nucleotide-binding protein SPN23F15830
Nucleotide-binding protein SPP_1589
Nucleotide-binding protein PM0169
Nucleotide-binding protein Achl_1824
Nucleotide-binding protein Rxyl_2009
Nucleotide-binding protein Nther_2024
Nucleotide-binding protein PsycPRwf_2129
Nucleotide-binding protein Geob_2284
Nucleotide-binding protein Lm4b_02443
Nucleotide-binding protein LMOf2365_2447
Nucleotide-binding protein VC_2532
Nucleotide-binding protein Noc_2797
Nucleotide-binding protein XCC2806
Nucleotide-binding protein CLK_2809
Nucleotide-binding protein Bamb_2855
Nucleotide-binding protein Ping_2894
Nucleotide-binding protein BMA3112
Nucleotide-binding protein MADE_1004170
Nucleotide-binding protein TTHA0319
Nucleotide-binding protein Sare_3328
Nucleotide-binding protein GM21_3387
Nucleotide-binding protein Lcho_3490
Nucleotide-binding protein APJL_0350
Nucleotide-binding protein NFA_35930
Nucleotide-binding protein Bcer98_3698
Nucleotide-binding protein AHA_3920
Nucleotide-binding protein Sca_0414
Nucleotide-binding protein glr4163
Nucleotide-binding protein BALH_4646
Nucleotide-binding protein Dhaf_4722
Nucleotide-binding protein BT9727_4833
Nucleotide-binding protein DSY4845
Nucleotide-binding protein Sden_0486
Nucleotide-binding protein VSAL_I0495
Nucleotide-binding protein BCE_5259
Nucleotide-binding protein MGAS10270_Spy0533
Nucleotide-binding protein BMA10247_2938
Nucleotide-binding protein LBUL_0556
Nucleotide-binding protein MGAS10750_Spy0557
Nucleotide-binding protein ML0563
Nucleotide-binding protein SAV_6292
Nucleotide-binding protein CGSHiEE_06315
Nucleotide-binding protein PD_0634
Nucleotide-binding protein LVIS_0651
Nucleotide-binding protein Shew185_0683
Nucleotide-binding protein LBA0691
Nucleotide-binding protein DR_1434
Nucleotide-binding protein SPCG_1551
Nucleotide-binding protein Neut_1559
Nucleotide-binding protein Pnec_1620
Nucleotide-binding protein cgR_1639
Nucleotide-binding protein CE1710
Nucleotide-binding protein GSU1884
Nucleotide-binding protein Pnuc_1915
Nucleotide-binding protein SCO1952
Nucleotide-binding protein Tfu_2020
Nucleotide-binding protein Sala_2050
Nucleotide-binding protein AZOSEA20610
Nucleotide-binding protein AAur_2084
Nucleotide-binding protein Glov_2163
Nucleotide-binding protein RSal33209_2275
Nucleotide-binding protein Ccel_2290
Nucleotide-binding protein Exig_2405
Nucleotide-binding protein lin2617
Nucleotide-binding protein Maqu_2718
Nucleotide-binding protein Pden_2850
Nucleotide-binding protein RC1_2868
Nucleotide-binding protein Tola_2941
Nucleotide-binding protein RSKD131_3085
Nucleotide-binding protein XCV3122
Nucleotide-binding protein Athe_0320
Nucleotide-binding protein PBPRA3258
Nucleotide-binding protein Cphy_0331
Nucleotide-binding protein Shewmr7_3352
Nucleotide-binding protein Sfri_3380
Nucleotide-binding protein CD630_34000
Nucleotide-binding protein BMA10229_A1510
Nucleotide-binding protein GbCGDNIH1_0395
Nucleotide-binding protein SO_3964
Nucleotide-binding protein DNO_0399
Nucleotide-binding protein Swit_0399
Nucleotide-binding protein DvMF_0424
Nucleotide-binding protein BB4511
Nucleotide-binding protein BCQ_4976
Nucleotide-binding protein CA_C0511
Nucleotide-binding protein BC_5156
Nucleotide-binding protein M28_Spy0517
Nucleotide-binding protein Tbd_0529
Nucleotide-binding protein BA_5384/GBAA_5384/BAS5004
Nucleotide-binding protein Spy49_0545
Nucleotide-binding protein MGAS2096_Spy0550
Nucleotide-binding protein Patl_0571
Nucleotide-binding protein PA14_57970
Nucleotide-binding protein Shewmr4_0670
Nucleotide-binding protein Sbal195_0713
Nucleotide-binding protein COPRO5265_0725
Nucleotide-binding protein SAUSA300_0748
Nucleotide-binding protein EF_0766
Nucleotide-binding protein CTN_0898
Nucleotide-binding protein TTE1834
Nucleotide-binding protein SSP1952
Nucleotide-binding protein Arth_2083
Nucleotide-binding protein ELI_02120
Nucleotide-binding protein Mkms_2443
Nucleotide-binding protein PSHAa2554
Nucleotide-binding protein Moth_0258
Nucleotide-binding protein Lferr_2629
Nucleotide-binding protein RHOS4_02640
Nucleotide-binding protein CJA_2809
Nucleotide-binding protein ABSDF2931
Nucleotide-binding protein XAC2976
Nucleotide-binding protein Mpe_A3336
Nucleotide-binding protein Bxeno_A0336
Nucleotide-binding protein CPF_0343
Nucleotide-binding protein CLJ_B3680
Nucleotide-binding protein BLi03725/BL03417
Nucleotide-binding protein Acid345_3782
Nucleotide-binding protein Lreu_0386
Nucleotide-binding protein BPP4038
Nucleotide-binding protein BLD_0430
Nucleotide-binding protein Bpet0443
Nucleotide-binding protein SPs1393
Nucleotide-binding protein Cbei_4857
Nucleotide-binding protein BCAH820_5240
Nucleotide-binding protein BCAH187_A5316
Nucleotide-binding protein BAA_5414
Nucleotide-binding protein SE_0548
Nucleotide-binding protein A1S_0588
Nucleotide-binding protein XfasM23_0667
Nucleotide-binding protein Shewana3_0669
Nucleotide-binding protein swp_0674
Nucleotide-binding protein Sputcn32_0712
Nucleotide-binding protein MCA0739
Nucleotide-binding protein SAR0820
Nucleotide-binding protein Pmen_0867
Nucleotide-binding protein Gbem_0872
Nucleotide-binding protein Smal_0950
Nucleotide-binding protein Bcen_2181
Nucleotide-binding protein Csal_2229
Nucleotide-binding protein Mlg_2233
Nucleotide-binding protein Mjls_2437
Nucleotide-binding protein VCM66_2453
Nucleotide-binding protein Noca_2527
Nucleotide-binding protein PTH_2729
Nucleotide-binding protein HRM2_27900
Nucleotide-binding protein Bcen2424_2795
Nucleotide-binding protein Bcenmc03_2806
Nucleotide-binding protein GTNG_3015
Nucleotide-binding protein BPUM_3115
Nucleotide-binding protein ASA_0318
Nucleotide-binding protein Reut_A0350
Nucleotide-binding protein CPE0354
Nucleotide-binding protein CKL_3564
Nucleotide-binding protein Aave_3603
Nucleotide-binding protein Sbal_3671
Nucleotide-binding protein VFMJ11_0375
Nucleotide-binding protein Vapar_4338
Nucleotide-binding protein TGRD_433
Nucleotide-binding protein VV0445
Nucleotide-binding protein PEPE_0450
Nucleotide-binding protein SpyM3_0462
Nucleotide-binding protein BCE33L4848
Nucleotide-binding protein BBR47_52620
Nucleotide-binding protein BPSL0529
Nucleotide-binding protein Jann_0539
Nucleotide-binding protein ABO_0549
Nucleotide-binding protein M6_Spy0559
Nucleotide-binding protein Bphyt_0592
Nucleotide-binding protein Helmi_06460
Nucleotide-binding protein BP0690
Nucleotide-binding protein ROP_69550
Nucleotide-binding protein spyM18_0713
Nucleotide-binding protein RHA1_ro07174
Nucleotide-binding protein Tgr7_0722
Nucleotide-binding protein Sez_0730
Nucleotide-binding protein USA300HOU_0794
Nucleotide-binding protein SSA_0810
Nucleotide-binding protein stu0831
Nucleotide-binding protein Pfl01_0854
Nucleotide-binding protein Ajs_0902
Nucleotide-binding protein Ppro_0977
Nucleotide-binding protein CYB_0992
Nucleotide-binding protein Mvan_2698
Nucleotide-binding protein HEAR2885
Nucleotide-binding protein Saro_2904
Nucleotide-binding protein MSMEG_3079/MSMEI_3001
Nucleotide-binding protein Sama_3091
Nucleotide-binding protein mma_3120
Nucleotide-binding protein NGO0315
Nucleotide-binding protein RALTA_A0325
Nucleotide-binding protein CPR_0335
Nucleotide-binding protein Rru_A3448
Nucleotide-binding protein Sputw3181_3461
Nucleotide-binding protein TERTU_3824
Nucleotide-binding protein IL0393
Nucleotide-binding protein Amet_4092
Nucleotide-binding protein amb4396
Nucleotide-binding protein LI0459
Nucleotide-binding protein PLES_48441
Nucleotide-binding protein BcerKBAB4_4948
Nucleotide-binding protein PSPA7_5038
Nucleotide-binding protein Bmul_0520/BMULJ_02739
Nucleotide-binding protein HCH_05324
Nucleotide-binding protein MLBr00563
Nucleotide-binding protein BCG9842_B5683
Nucleotide-binding protein BURPS1106A_0593
Nucleotide-binding protein SUB0630
Nucleotide-binding protein VV1_0695
Nucleotide-binding protein SAS0730
Nucleotide-binding protein BURPS1710b_0761
Nucleotide-binding protein SAOUHSC_00787
Nucleotide-binding protein SaurJH1_0806
Nucleotide-binding protein GOX0815
Nucleotide-binding protein PP_0949
Putative metal chaperone YciC
Nucleotide-binding protein Shew_3314
Nucleotide-binding protein Shal_3708
Nucleotide-binding protein Swoo_4243
Nucleotide-binding protein PputW619_4266
Nucleotide-binding protein SERP0433
Nucleotide-binding protein BTH_I0482
Nucleotide-binding protein Tlet_0523
Nucleotide-binding protein BCB4264_A5274
Nucleotide-binding protein BCA_5283
Nucleotide-binding protein BAMEG_5437
Nucleotide-binding protein Clos_0574
Nucleotide-binding protein gbs0576
Nucleotide-binding protein HD_0584
Nucleotide-binding protein ACP_0619
Nucleotide-binding protein SSU98_0619
Nucleotide-binding protein Ldb0621
Nucleotide-binding protein SPy_0652/M5005_Spy0539
Nucleotide-binding protein MXAN_6564
Nucleotide-binding protein Teth39_0666
Nucleotide-binding protein SAK_0681
Nucleotide-binding protein BL0705
Nucleotide-binding protein MW0727
Nucleotide-binding protein Deide_09390
Nucleotide-binding protein PSPTO_4456
Nucleotide-binding protein Acry_0446
Nucleotide-binding protein FRAAL4592
Nucleotide-binding protein Dole_0503
Nucleotide-binding protein LCA_0526
Nucleotide-binding protein MGAS9429_Spy0529
Nucleotide-binding protein sce5766
Nucleotide-binding protein BURPS668_0577
Nucleotide-binding protein ACICU_00591
Nucleotide-binding protein SPO0713
Nucleotide-binding protein lhv_0732
Nucleotide-binding protein NWMN_0733
Nucleotide-binding protein lp_0779
Nucleotide-binding protein SaurJH9_0790
Nucleotide-binding protein str0831
Nucleotide-binding protein SEQ_0857
Nucleotide-binding protein LJ_0866
Nucleotide-binding protein Asuc_0930
Nucleotide-binding protein Pput_0988
Nucleotide-binding protein in fmt 3'region
Nucleotide-binding protein MCCL_0516
Nucleotide-binding protein SAG0531
Nucleotide-binding protein Daci_5422
Nucleotide-binding protein SGR_5570
Nucleotide-binding protein Bcep18194_A6125
Nucleotide-binding protein SSU05_0620
Nucleotide-binding protein AB57_0691
Nucleotide-binding protein NMC0691
Nucleotide-binding protein EUBREC_0697
Nucleotide-binding protein NMCC_0698
Nucleotide-binding protein SAB0719
Nucleotide-binding protein SA0720
Nucleotide-binding protein Acid_7395
Nucleotide-binding protein Xfasm12_0753
Nucleotide-binding protein SAV0765
Nucleotide-binding protein BceJ2315_08000
Nucleotide-binding protein PPA0813
Nucleotide-binding protein SACOL0830
Nucleotide-binding protein BAD_0837
Nucleotide-binding protein STER_0875
Nucleotide-binding protein PFLU_0879
Nucleotide-binding protein CYA_0911
Nucleotide-binding protein PFL_0912
Nucleotide-binding protein Sbal223_0704
Nucleotide-binding protein Dgeo_0723
Nucleotide-binding protein Ssed_0723
Nucleotide-binding protein NMB0738
Nucleotide-binding protein SAHV_0762
Miro domain-containing protein MTH_765
Nucleotide-binding protein Dtpsy_0831
Nucleotide-binding protein Pnap_0906
Nucleotide-binding protein SGO_0954
Nucleotide-binding protein Ddes_0972
Nucleotide-binding protein NMA0948
Nucleotide-binding protein PputGB1_0956
Nucleotide-binding protein LSEI_0959
Nucleotide-binding protein YjiE
Nucleotide-binding protein in ptsN-ptsO intergenic region
Nucleotide-binding protein HI1146 homolog
Nucleotide-binding protein in ptsO 5'region
Nucleotide-binding protein YvcJ
Obg-like ATPase homolog
