Adhesion G protein-coupled receptor L3
Acetylcholinesterase
Cadherin-2
Drebrin-like protein
Drebrin-like protein B
Glutamate decarboxylase
Drebrin-like protein A
Down syndrome cell adhesion molecule homolog
Down syndrome cell adhesion molecule-like protein 1 homolog
FERM, RhoGEF and pleckstrin domain-containing protein 1
Glutamine synthetase 2 cytoplasmic
Dihydroxyacetone phosphate acyltransferase
Neuronal membrane glycoprotein M6-a
Protein late bloomer
Neuronal cell adhesion molecule
Neurexin-3b
Neurexin-3-beta
Nitric oxide synthase
Neurexin-3
Neurexin-3a-beta
Neurexin-3b-beta
Protein piccolo
Plexin-D1
Single-stranded DNA-binding protein homolog sam-10
Protein sidekick-1
Protein sidekick-2
Testican-2
