DnaJ homolog subfamily C member 15
Heat shock 70 kDa protein, mitochondrial
Mitochondrial DnaJ homolog 2
Protein mgr2
Protein MGR2
Presequence translocated-associated motor subunit PAM17, mitochondrial
Presequence translocated-associated motor subunit pam17, mitochondrial
Mitochondrial import inner membrane translocase subunit tim16-A
Mitochondrial import inner membrane translocase subunit Tim17-B
Mitochondrial import inner membrane translocase subunit TIM14
Mitochondrial import inner membrane translocase subunit tim14
Mitochondrial import inner membrane translocase subunit TIM16
Mitochondrial import inner membrane translocase subunit Tim21
Mitochondrial import inner membrane translocase subunit TIM17
Mitochondrial import inner membrane translocase subunit TIM21
Mitochondrial import inner membrane translocase subunit TIM50
Mitochondrial import inner membrane translocase subunit tim16
Mitochondrial import inner membrane translocase subunit tim17
Mitochondrial import inner membrane translocase subunit tim23
Mitochondrial import inner membrane translocase subunit tim21
Probable mitochondrial import inner membrane translocase subunit tin-44
Mitochondrial import inner membrane translocase subunit tim50
Mitochondrial import inner membrane translocase subunit Tim23
Mitochondrial import receptor subunit TOM40B
Mitochondrial import inner membrane translocase subunit TIM17-2
Probable mitochondrial import inner membrane translocase subunit Tim17 4
Probable mitochondrial import receptor subunit TOM40-2
Probable mitochondrial import inner membrane translocase subunit Tim17 3
Mitochondrial import inner membrane translocase subunit Tim17-A
Mitochondrial import inner membrane translocase subunit tim-16
Mitochondrial import inner membrane translocase subunit tim44
Mitochondrial import receptor subunit tom22
Probable mitochondrial import inner membrane translocase subunit Tim17 1
Mitochondrial import inner membrane translocase subunit Tim16
Mitochondrial import inner membrane translocase subunit TIM44
Mitochondrial import inner membrane translocase subunit TIM17-3
Mitochondrial import inner membrane translocase subunit TIM17-1
Mitochondrial import inner membrane translocase subunit TIM23
Mitochondrial import receptor subunit TOM40
Mitochondrial import receptor subunit TOM6
Mitochondrial import receptor subunit TOM7-1
Mitochondrial import inner membrane translocase subunit tim16-B
Putative mitochondrial import inner membrane translocase subunit Tim23B
Probable mitochondrial import inner membrane translocase subunit Tim17
Mitochondrial import receptor subunit TOM7-2
Probable mitochondrial import receptor subunit tom40
Mitochondrial import receptor subunit tom40
DnaJ protein homolog XDJ1
