Arginase-2, mitochondrial
Brain-derived neurotrophic factor
Bone morphogenetic protein 7
BMP-binding endothelial regulator protein
Apoptosis regulator Bcl-2
Catalase
Cerberus
Cytokine receptor-like factor 1
Versican core protein
Disks large homolog 1
Epithelial cell adhesion molecule
Eyes absent homolog 1
Growth/differentiation factor 11
Glutathione S-transferase A3
Nephronectin
Proto-oncogene tyrosine-protein kinase receptor Ret
Roundabout homolog 2
Secreted frizzled-related protein 1
Single-minded homolog 1
Homeobox protein SIX1
Mothers against decapentaplegic homolog 1
Mothers against decapentaplegic homolog 5
Mothers against decapentaplegic homolog 9
Protein sprouty homolog 1
Slit homolog 2 protein
Transforming growth factor beta-1
