Aly/REF export factor 2
A-kinase anchor protein 17B
A-kinase anchor protein 17A
Apoptosis inhibitor 5
Protein BUD31 homolog
Pre-mRNA-splicing factor BUD31
Cactin
Pre-mRNA-splicing factor BRR1
Cell division cycle 5-related protein
Cyclin-dependent kinase G1
Pre-mRNA-splicing factor CEF1
Cell division cycle 5-like protein
Pre-mRNA-splicing factor cef-1
Pre-mRNA-splicing factor cdc5
Pre-mRNA-splicing factor CLF1
Pre-mRNA-splicing factor clf-1
Beta-catenin-like protein 1
Pre-mRNA-splicing factor cwf15
Pre-mRNA-splicing factor CWC22 homolog
Pre-mRNA-splicing factor cwf22
Pre-mRNA-splicing factor CWC23
Pre-mRNA-splicing factor cwf23
Pre-mRNA-splicing factor CWC25
Pre-mRNA-splicing factor CWC26
Pre-mRNA-splicing factor cwf14
Pre-mRNA-splicing factor cwf19
Pre-mRNA-splicing factor CWC15
Spliceosome-associated protein CWC15 homolog
Pre-mRNA-splicing factor CWC21
Pre-mRNA-splicing factor cwc22
Peptidyl-prolyl isomerase cwc27
Peptidyl-prolyl isomerase CWC27
Pre-mRNA-splicing factor cwf16
Pre-mRNA-splicing factor cwf20
Protein CWC15 homolog
Pre-mRNA-splicing factor cwc15
Protein CWC15 homolog B
Peptidyl-prolyl isomerase cwc-27
Beta-catenin-like protein 1 homolog
Pre-mRNA-splicing factor CWC22
Protein CWC15 homolog A
Pre-mRNA-splicing factor cwf17
Pre-mRNA-splicing factor cwf11
Pre-mRNA-splicing factor cwf18
Probable pre-mRNA-splicing factor ATP-dependent RNA helicase DEAH5
Peptidylprolyl isomerase cyp7
Probable ATP-dependent RNA helicase DDX23
Probable pre-mRNA-splicing factor ATP-dependent RNA helicase DEAH6
Probable pre-mRNA-splicing factor ATP-dependent RNA helicase DEAH4
Probable pre-mRNA-splicing factor ATP-dependent RNA helicase DEAH8
Pre-mRNA-splicing factor ATP-dependent RNA helicase ddx-15
Probable pre-mRNA-splicing factor ATP-dependent RNA helicase DEAH9
Putative pre-mRNA-splicing factor ATP-dependent RNA helicase dhx15
Putative pre-mRNA-splicing factor ATP-dependent RNA helicase DHX16
Probable pre-mRNA-splicing factor ATP-dependent RNA helicase DEAH2
Putative pre-mRNA-splicing factor ATP-dependent RNA helicase DHX32
ATP-dependent RNA helicase DHX8
Probable ATP-dependent RNA helicase DHX35
Spliceosomal protein DIB1
Pre-mRNA-splicing factor ATP-dependent RNA helicase DHX15
Probable ATP-dependent RNA helicase DHX35 homolog
ATP-dependent RNA helicase dhx8
Probable pre-mRNA-splicing factor ATP-dependent RNA helicase mog-4
ATP-dependent RNA helicase DQX1
ATP-dependent RNA helicase DDX39A
Spliceosome RNA helicase DDX39B
ATP-dependent RNA helicase WM6
Spliceosome RNA helicase DDX39B homolog
Pre-mRNA-splicing factor ATP-dependent RNA helicase DEAH1
Protein frg1
Component of gems protein 5
Activating signal cointegrator 1 complex subunit 3-like
Heterogeneous nuclear ribonucleoproteins C1/C2
Heterogeneous nuclear ribonucleoprotein R
Heterogeneous nuclear ribonucleoprotein H
Heterogeneous nuclear ribonucleoprotein C
Heat shock cognate 71 kDa protein
Heterogeneous nuclear ribonucleoprotein M
Heterogeneous nuclear ribonucleoprotein Q
Heterogeneous nuclear ribonucleoprotein F
Heterogeneous nuclear ribonucleoprotein H3
Eukaryotic initiation factor 4A-III
Pre-mRNA-splicing factor ini1
Pre-mRNA-splicing factor ISY1
Pre-mRNA-splicing factor ISY1 homolog
Pre-mRNA-splicing factor isy1
Pre-mRNA-splicing factor cwf12
Galectin-3
Probable U6 snRNA-associated Sm-like protein LSm4
U6 snRNA-associated Sm-like protein LSm8
U6 snRNA-associated Sm-like protein LSm5
Sm-like protein LSM6A
U6 snRNA-associated Sm-like protein LSm7
Sm-like protein LSM8
Sm-like protein LSM5
Probable U6 snRNA-associated Sm-like protein LSm2
Probable U6 snRNA-associated Sm-like protein LSm5
Sm-like protein LSM36B
Probable pre-mRNA-splicing factor ATP-dependent RNA helicase mog-5
Probable pre-mRNA-splicing factor ATP-dependent RNA helicase mog-1
NHP2-like protein 1
Nuclear cap-binding protein subunit 2
NHP2-like protein 1 homolog
Polyadenylate-binding protein 1
Pre-mRNA-splicing factor 38A
Peptidyl-prolyl cis-trans isomerase E
Peptidyl-prolyl cis-trans isomerase H
Pre-mRNA-splicing factor 18
U4/U6 small nuclear ribonucleoprotein PRP3
Pre-mRNA-processing protein 45
Pre-mRNA-splicing factor PRP46
Pre-mRNA-splicing factor ATP-dependent RNA helicase prp16
Pre-mRNA-splicing factor ATP-dependent RNA helicase DEAH10
Serine/threonine-protein kinase PRP4 homolog
U4/U6 small nuclear ribonucleoprotein PRP4-like protein
Pre-mRNA-processing factor 6
Pre-mRNA-processing factor 17
Pre-mRNA-splicing ATP-dependent RNA helicase prp28
Pre-mRNA-processing ATP-dependent RNA helicase prp11
Pre-mRNA-splicing factor 38
Pre-mRNA-splicing factor prp46
Peptidylprolyl isomerase domain and WD repeat-containing protein 1
Polypyrimidine tract-binding protein 2
Pre-mRNA-splicing factor ATP-dependent RNA helicase PRP16
Pre-mRNA-splicing factor prp5
U4/U5/U6 small nuclear ribonucleoprotein prp3
Probable pre-mRNA-splicing factor ATP-dependent RNA helicase DEAH3
RNA-binding protein 28
Pre-mRNA-splicing factor RBM22
Heterogeneous nuclear ribonucleoprotein A1-like 2
RNA-binding protein 25
RNA-binding protein 8A
GTP-binding protein Rheb
DEAD-box ATP-dependent RNA helicase 15
Heterogeneous nuclear ribonucleoprotein A1
Heterogeneous nuclear ribonucleoproteins A2/B1
Heterogeneous nuclear ribonucleoprotein 1
Heterogeneous nuclear ribonucleoprotein A3
RNA-binding protein with serine-rich domain 1 homolog
Pre-mRNA-splicing factor RSE1
Serine/arginine-rich splicing factor RS40
U1 small nuclear ribonucleoprotein 70 kDa
U2 small nuclear ribonucleoprotein A'
Serine/arginine-rich splicing factor RS31A
U1 small nuclear ribonucleoprotein A
Small nuclear ribonucleoprotein-associated protein B
U2 small nuclear ribonucleoprotein B''
Probable small nuclear ribonucleoprotein F
Putative small nuclear ribonucleoprotein G-like protein 15
RNA-binding protein rsd1
Probable U2 small nuclear ribonucleoprotein B''
Small nuclear ribonucleoprotein F
Probable small nuclear ribonucleoprotein G
Pre-mRNA-splicing factor rse1
Small nuclear ribonucleoprotein-associated protein N
U2 small nuclear ribonucleoprotein B'' 2
Protein SCAF8
Probable small nuclear ribonucleoprotein E
Pre-mRNA-splicing factor sap114
Serine/arginine-rich splicing factor SC35
Splicing factor 3A subunit 1
Splicing factor 3B subunit 1
Probable splicing factor 3B subunit 3
Splicing factor 3B subunit 3
Splicing factor 3B subunit 4
Pre-mRNA-splicing factor SLT11
Probable splicing factor 3A subunit 1
Component of gems protein 1
Pre-mRNA-splicing factor SNT309
Pre-mRNA-splicing factor SLU7
Splicing factor 3B subunit 6-like protein
13 kDa ribonucleoprotein-associated protein
U1 small nuclear ribonucleoprotein component SNU71
Pre-mRNA-splicing factor SPP381
Serine/arginine-rich SC35-like splicing factor SCL30A
Splicing factor 45
Pre-mRNA-splicing factor spp2
U5 small nuclear ribonucleoprotein 40 kDa protein
Pre-mRNA-splicing factor SPP2
Pre-mRNA-splicing factor cwf28
Pre-mRNA-splicing factor slt-11
Survival motor neuron protein 1
23 kDa U4/U6.U5 small nuclear ribonucleoprotein component
Pre-mRNA-splicing factor SPF27
Survival of motor neuron-related-splicing factor 30
Serine/arginine-rich splicing factor RS31
Serine/arginine-rich splicing factor 1
Pre-mRNA-splicing factor slt11
Protein snwA
Pre-mRNA-splicing factor spf27
Serine/arginine-rich splicing factor SR30
Serine/arginine-rich splicing factor SR45
Serine/arginine-rich SC35-like splicing factor SCL30
Splicing regulatory glutamine/lysine-rich protein 1
Septin and tuftelin-interacting protein 1 homolog 2
Pre-mRNA-splicing factor cwf7
Serine/arginine-rich splicing factor SR34A
Serine/arginine-rich SC35-like splicing factor SCL33
Serine/arginine repetitive matrix protein 1
Serine/arginine-rich splicing factor 2
ATP-dependent RNA helicase SUB2
Serine/arginine-rich splicing factor SR34B
Serine/arginine-rich-splicing factor SR34
Serine/arginine-rich splicing factor SR45a
ATP-dependent RNA helicase SUB2-2
Serine/arginine-rich SC35-like splicing factor SCL28
Serine/arginine-rich splicing factor RS41
SURP and G-patch domain-containing protein 1
ATP-dependent RNA helicase sub2
Pre-mRNA-splicing factor syf2
Pre-mRNA-splicing factor SYF2
ATP-dependent RNA helicase SUB2-1
Pre-mRNA-splicing factor SYF1
Pre-mRNA-splicing factor cwf3
Pre-mRNA-splicing factor syf1
Tuftelin-interacting protein 11
THO complex subunit 4
Splicing factor U2AF 26 kDa subunit
U5 small nuclear ribonucleoprotein 200 kDa helicase
U11/U12 small nuclear ribonucleoprotein 48 kDa protein
Putative U5 small nuclear ribonucleoprotein 200 kDa helicase
116 kDa U5 small nuclear ribonucleoprotein component
Splicing factor U2AF 35 kDa subunit
Splicing factor U2AF 65 kDa subunit
Thioredoxin-like protein 4A
Splicing factor U2af 38 kDa subunit
U11/U12 small nuclear ribonucleoprotein 25 kDa protein
Splicing factor U2af small subunit A
U1 snRNP-associated protein usp108
U11/U12 small nuclear ribonucleoprotein 59 kDa protein
Splicing factor U2AF 50 kDa subunit
Splicing factor U2af small subunit B
U1 snRNP-associated protein usp107
WW domain-binding protein 11
WD repeat domain-containing protein 83
UPF0235 protein At5g63440
PWI domain-containing protein C825.05c
Putative pre-mRNA-splicing factor ATP-dependent RNA helicase C20H4.09
DBIRD complex subunit ZNF326
