Aspartate kinase
Aspartokinase
Aspartokinase 1
Bifunctional aspartokinase/homoserine dehydrogenase, chloroplastic
Aspartate kinase Ask_LysC
Aspartokinase 2
Bifunctional aspartokinase/homoserine dehydrogenase
Aspartokinase 2, chloroplastic
Aspartokinase 3, chloroplastic
Probable aspartokinase
Bifunctional aspartokinase/homoserine dehydrogenase 1, chloroplastic
Bifunctional aspartokinase/homoserine dehydrogenase 2, chloroplastic
Bifunctional aspartokinase/homoserine dehydrogenase 1
Aspartokinase 1, chloroplastic
Aspartokinase 3
Bifunctional aspartokinase/homoserine dehydrogenase 2
Copper transport protein 86
Aspartate-semialdehyde dehydrogenase
Homoserine dehydrogenase
Aspartate-semialdehyde dehydrogenase 2
Probable aspartate-semialdehyde dehydrogenase
Aspartate-semialdehyde dehydrogenase 1
Probable homoserine dehydrogenase
Homoserine kinase
Probable homoserine kinase
Malonyl-CoA reductase
Malonyl CoA reductase
Phosphoserine phosphatase ThrH
USG-1 protein homolog
