Cyclase-associated protein 1
1,3-beta-glucan synthase component bgs3
Bridging integrator 3
CASP-like protein BLE3
Protein BREAKING OF ASYMMETRY IN THE STOMATAL LINEAGE
Cytochrome P450 90B1
Probable ATP-dependent DNA helicase CHR23
Cyclin-dependent kinase B1-1
Band 4.1-like protein 5
Protein EARLY FLOWERING 3
Probable lysine-specific demethylase ELF6
Expansin-A5
Glycosyltransferase-like KOBITO 1
Putative expansin-B2
LRR receptor-like serine/threonine-protein kinase FEI 2
Gibberellin 20 oxidase 1
Gibberellin 20 oxidase 2
Gibberellin-regulated protein 1
Probable glucan 1,3-alpha-glucosidase
Indole-3-acetic acid-amido synthetase GH3.6
GDP-mannose 4,6 dehydratase 2
Endoglucanase 25
Homeobox-leucine zipper protein HAT2
Receptor-like protein kinase HERK 1
Homeobox-leucine zipper protein HAT4
Probable N-acetyltransferase HLS1
Heparanase-like protein 1
Transcription factor IBH1
Transcription factor ILI1
Probable serine/threonine protein kinase IRE
Protein LIGHT-DEPENDENT SHORT HYPOCOTYLS 1
Microtubule-associated protein TORTIFOLIA1
Leucine-rich repeat extensin-like protein 1
Protein phosphatase 2C 29
Probable protein phosphatase 2C 26
Phosphoethanolamine N-methyltransferase 1
Transcription factor PRE1
Profilin-1
Tyrosine-sulfated glycopeptide receptor 1
Transcription factor SAC51
Protein SPIRAL1
Probable serine/threonine-protein phosphatase 2A regulatory subunit B'' subunit TON2
Wall-associated receptor kinase 4
Wall-associated receptor kinase 2
Protein Wnt-5b
Probable receptor-like protein kinase At1g30570
