Anthranilate synthase alpha subunit 1, chloroplastic
Anthranilate synthase alpha subunit 2, chloroplastic
Anthranilate synthase beta subunit 2, chloroplastic
Anthranilate synthase beta subunit 1, chloroplastic
Cytochrome P450 83B1
Chorismate mutase 3, chloroplastic
1-(5-phosphoribosyl)-5- imidazole-4-carboxamide isomerase
Phosphoribosyl isomerase A
Trp operon leader peptide
Transcription factor MYB34
N-(5'-phosphoribosyl)anthranilate isomerase 3, chloroplastic
N-(5'-phosphoribosyl)anthranilate isomerase 2, chloroplastic
N-(5'-phosphoribosyl)anthranilate isomerase 1, chloroplastic
Aminodeoxychorismate/anthranilate synthase component 2
Phenylalanine-4-hydroxylase
Anthranilate synthase component I-like protein
Indole-3-glycerol phosphate synthase 2
Tryptophan biosynthesis protein TrpCF
Indole-3-glycerol phosphate synthase
Anthranilate phosphoribosyltransferase
Indole-3-glycerol phosphate synthase, chloroplastic
Anthranilate phosphoribosyltransferase 1
N-(5'-phosphoribosyl)anthranilate isomerase
Anthranilate synthase component 2
Multifunctional tryptophan biosynthesis protein
HTH-type transcriptional regulator TrpI
Indole-3-glycerol phosphate synthase 1
Tryptophan biosynthesis protein TrpCD
Anthranilate phosphoribosyltransferase 2
Anthranilate phosphoribosyltransferase, chloroplastic
Anthranilate synthase component 1 2
N-(5'-phosphoribosyl)anthranilate isomerase 1
Anthranilate synthase component II
Anthranilate synthase component 1
Anthranilate synthase component 1 1
N-(5'-phosphoribosyl)anthranilate isomerase 2
Bifunctional protein TrpGD
Anthranilate synthase component 1 3
Probable anthranilate synthase component 1
Tryptophan biosynthesis protein TRP1
Protein usg
Putative anthranilate synthase component II
