Actin-related protein 2/3 complex subunit 1
Cell cycle arrest protein BUB3
Cell division control protein 4
Putative cell division cycle ATPase
Cell division control protein 48
Cyclin-dependent kinases regulatory subunit
Coatomer subunit beta'
Cryptochrome-1
Coatomer subunit alpha
Cryptochrome-2
Ubiquitin-binding protein CUE2
CUE domain-containing protein 3
CUE domain-containing protein 5
DnaJ homolog subfamily C member 2
DSC E3 ubiquitin ligase complex subunit 2
Protein ELC
EH domain-containing and endocytosis protein 1
Epsin-1
Fanconi-associated nuclease 1
Fanconi anemia core complex-associated protein 20
Protein FREE1
ADP-ribosylation factor-binding protein GGA1
ADP-ribosylation factor-binding protein GGA2
Hepatocyte growth factor-regulated tyrosine kinase substrate
Class E vacuolar protein-sorting machinery protein HSE1
Heat shock protein beta-1
Kinesin-like protein KIF18A
Target of rapamycin complex 1 subunit KOG1
MAP/microtubule affinity-regulating kinase 4
Ubiquitin homeostasis protein lub1
F-box protein MET30
Mitochondrial division protein 1
Multivesicular body sorting factor 12
NSFL1 cofactor p47
NSFL1 cofactor p47 homolog
Nuclear pore glycoprotein p62
26S proteasome non-ATPase regulatory subunit 2 homolog A
Plant UBX domain-containing protein 4
Plant UBX domain-containing protein 5
UV excision repair protein RAD23
Ubiquitin receptor RAD23c
Probable ubiquitin receptor RAD23a
Ubiquitin receptor RAD23d
UV excision repair protein rhp23
Actin cytoskeleton-regulatory complex protein SLA1
SprT-like domain-containing protein Spartan
Signal transducing adapter molecule 1
Auxilin-like clathrin uncoating factor SWA2
Transcription initiation factor TFIID subunit 5
Tax1-binding protein 1 homolog
Telomeric repeat-binding factor 1
DNA topoisomerase 2-alpha
Target of Myb protein 1
UBX domain-containing protein 11
UBX domain-containing protein 2A
UBX domain-containing protein 3
UBX domain-containing protein 2B
Putative ATP-dependent RNA helicase ucp12
Ubiquitin fusion degradation protein 1
Vacuolar protein-sorting-associated protein 36
Vacuolar protein sorting-associated protein 27
WD repeat-containing protein 48 homolog
Vacuolar protein sorting-associated protein 36
Smr domain-containing protein C1235.03
