Anhydro-N-acetylmuramic acid kinase
Anhydro-N-acetylmuramic acid kinase 1
Anhydro-N-acetylmuramic acid kinase 2
FGGY carbohydrate kinase domain-containing protein
Fructosamine kinase FrlD
Fructoselysine kinase
D-glycerate 2-kinase
Glycerol kinase 1
Glycerol kinase 2
D-beta-D-heptose 1-phosphate adenylyltransferase
D-beta-D-heptose 7-phosphate kinase
Bifunctional protein HldE
Protein InaA
Autoinducer-2 kinase
Protein MPA43
Mevalonate-3-phosphate-5-kinase
Mevalonate-3-kinase
N-acetylhexosamine 1-kinase
Putative phosphatidylinositol 4-kinase alpha-like protein P2
Phosphomevalonate kinase
Sorbose-specific phosphotransferase enzyme IIA component
Fructose-specific phosphotransferase enzyme IIA component
Lipopolysaccharide core heptose(I) kinase RfaP
Kanosamine kinase
Putative actin-fragmin kinase DDB_G0287957
Putative phosphatidylinositol kinase L615
Putative sugar kinase YoaC
