Protein ACCELERATED CELL DEATH 6
Bone marrow stromal antigen 2
BTB/POZ domain-containing protein 17
C-C motif chemokine 5
Coiled-coil domain-containing protein 130
Cyclin-dependent kinase C-2
C-C motif chemokine 19
Cyclin-dependent kinase C-1
Serine/threonine-protein kinase DCLK1
Defensin-like protein
Ornithine decarboxylase
Friend virus susceptibility protein 1
Cell division protein FtsX
Hyaluronidase-3
Heat shock 70 kDa protein 5
Interferon-induced protein with tetratricopeptide repeats 1
Interferon-induced protein with tetratricopeptide repeats 2
Interferon-induced protein 44
Interferon alpha-inducible protein 27-like protein 2A
Interferon-induced transmembrane protein 2
Interleukin-12 subunit alpha
Interferon gamma receptor 2
Interleukin-1 receptor-associated kinase 3
Killer cell lectin-like receptor 8
Interferon-induced GTP-binding protein Mx2
Interferon-induced GTP-binding protein Mx1
Interferon-induced GTP-binding protein MxE
Interferon-induced GTP-binding protein MxC
Interferon-induced GTP-binding protein MxA
Epididymal secretory protein E1
2'-5'-oligoadenylate synthase-like protein 2
2'-5'-oligoadenylate synthase 1A
Inactive 2'-5'-oligoadenylate synthase 1B
2'-5'-oligoadenylate synthase 2
2'-5'-oligoadenylate synthase 3
Vicilin-like seed storage protein At3g22640
Ejaculatory bulb-specific protein 3
Serine/threonine-protein kinase pim-2
RNA polymerase II subunit 5-mediating protein homolog
Radical S-adenosyl methionine domain-containing protein 2
Translationally-controlled tumor protein
Xenotropic and polytropic retrovirus receptor 1 homolog
Lymphotactin
Zinc finger CCCH-type antiviral protein 1
