Probable acridone synthase 4
Acridone synthase 2
Probable acridone synthase 3
Chalcone--flavonone isomerase 1
Chalcone--flavonone isomerase 2
Chalcone--flavonone isomerase C
Chalcone--flavonone isomerase 1B-2
Chalcone--flavonone isomerase B
Chalcone--flavonone isomerase 1B-1
Chalcone--flavonone isomerase 1A
Chalcone--flavonone isomerase 2-A
Chalcone--flavonone isomerase 3
Chalcone--flavonone isomerase 2-B
Chalcone--flavonone isomerase A
Bifunctional dihydroflavonol 4-reductase/flavanone 4-reductase
Putative dihydroflavonol-4-reductase
Fatty-acid-binding protein 3, chloroplastic
Anthranilate N-benzoyltransferase protein 1
Anthranilate N-benzoyltransferase protein 3
Anthranilate N-benzoyltransferase protein 2
