AP-4 complex subunit epsilon-1
Protein ALEX
Arfaptin-2
Arfaptin-1
Brefeldin A-inhibited guanine nucleotide-exchange protein 4
Calcium-binding protein 7
Calcium-binding protein 8
CAP-Gly domain-containing linker protein 3
Clathrin light chain A
Golgi phosphoprotein 3-like
Guanine nucleotide-binding protein G(s) subunit alpha isoforms XLas
Guanine nucleotide-binding protein G(s) subunit alpha isoforms short
Inositol phosphoceramide mannosyltransferase 2
Inositol phosphoceramide mannosyltransferase 3
Inositol phosphoceramide mannosyltransferase 1
Kinesin-like protein KIF13A
Lethal(2) giant larvae protein homolog 1
Unconventional myosin-Ib
Sodium/potassium/calcium exchanger 5
Phospholipase D4
Ras-related protein Rab-31
Ras-related protein RABA1d
Ras-related protein RABA4b
Ras-related protein RABD1
Secretory carrier-associated membrane protein 5
Transmembrane protein 165
Transmembrane protein 79
