3-O-alpha-D-glucosyl-L-rhamnose phosphorylase
Undecaprenyl-phosphate glucose phosphotransferase
Arabinofuranosyltransferase AftA
Archaeal glycosylation protein 16
Glycosyltransferase AglI
Low-salt glycan biosynthesis hexosyltransferase Agl5
Glycosyltransferase alg8
ADP-ribosyltransferase toxin AexT
Terminal beta-(1->2)-arabinofuranosyltransferase
Amylovoran biosynthesis glycosyltransferase AmsD
Amylovoran biosynthesis glycosyltransferase AmsK
Putative glycosyltransferase ALG1L2
Low-salt glycan biosynthesis hexosyltransferase Agl6
Glycosyltransferase AglD
Alpha-(1->3)-arabinofuranosyltransferase
Low-salt glycan biosynthesis hexosyltransferase Agl10
Low-salt glycan biosynthesis hexosyltransferase Agl9
Glycosyltransferase AglE
Glycosyltransferase AglJ
Adenine phosphoribosyltransferase 2
Glycosyltransferase AglG
Amylovoran biosynthesis glycosyltransferase AmsB
Amylovoran biosynthesis glycosyltransferase AmsE
Undecaprenyl-phosphate 4-deoxy-4-formamido-L-arabinose transferase
Probable arabinosyltransferase ARAD1
Probable arabinosyltransferase ARAD2
UDP-GlcNAc:betaGal beta-1,3-N-acetylglucosaminyltransferase-like protein 1
Beta-1,4-galactosyltransferase 5
Beta-1,3-glucosyltransferase
Beta-N-acetyl-D-glucosaminide beta-1,4-N-acetylglucosaminyl-transferase
Beta-mannosyltransferase 4
Beta-mannosyltransferase 3
Beta-mannosyltransferase 2
Beta-mannosyltransferase 7
Beta-mannosyltransferase 5
Beta-mannosyltransferase 6
Beta-mannosyltransferase 9
N-acetyl-alpha-D-glucosaminyl L-malate synthase
2-deoxystreptamine N-acetyl-D-glucosaminyltransferase
Beta-mannosyltransferase 8
Capsular polysaccharide biosynthesis glycosyltransferase CapH
1,4-beta-mannosyl-N-acetylglucosamine phosphorylase
Beta-mannosyltransferase 1
Beta-1,4-N-acetylgalactosaminyltransferase bre-4
Capsular polysaccharide biosynthesis glycosyltransferase CapM
Chondroitin sulfate synthase 2
Endochitinase B1
Chondroitin sulfate synthase 1
Alpha-1,3-mannosyltransferase CMT1
Spore coat protein SA
Probable glycosidase CRH2
4,4'-diaponeurosporenoate glycosyltransferase
Probable glycosidase CRH1
Putative glycosyltransferase CsbB
Probable mannan synthase 10
Probable xyloglucan glycosyltransferase 2
Probable xyloglucan glycosyltransferase 5
Putative xyloglucan glycosyltransferase 10
Probable mannan synthase 3
Probable mannan synthase 7
Probable mannan synthase 11
Probable xyloglucan glycosyltransferase 6
Probable xyloglucan glycosyltransferase 12
Cycloisomaltooligosaccharide glucanotransferase
Probable mannan synthase 1
Probable mannan synthase 5
Probable mannan synthase 9
Probable mannan synthase 2
Probable mannan synthase 14
Xyloglucan glycosyltransferase 4
Probable xyloglucan glycosyltransferase 7
Mannan synthase 1
Probable mannan synthase 4
Probable mannan synthase 15
Probable xyloglucan glycosyltransferase 3
Probable xyloglucan glycosyltransferase 8
Putative C-mannosyltransferase DPY19L2P1
Probable mannan synthase 6
Probable xyloglucan glycosyltransferase 1
Probable xyloglucan glycosyltransferase 9
Probable C-mannosyltransferase DPY19L3
Probable C-mannosyltransferase DPY19L4
Putative C-mannosyltransferase DPY19L2P2
Digalactosyldiacylglycerol synthase 1, chloroplastic
Dolichyl-phosphate hexose transferase HVO_1613
Probable glucan endo-1,3-beta-glucosidase eglC
Putative glycosyltransferase EpsH
Probable L,D-transpeptidase ErfK/SrfK
Putative glycosyltransferase EpsF
Succinoglycan biosynthesis protein ExoL
Succinoglycan biosynthesis protein ExoM
Putative glycosyltransferase EpsD
Exostosin-1
Exostosin-2
Probable glucuronoxylan glucuronosyltransferase F8H
Putative glycosyltransferase EpsE
Succinoglycan biosynthesis protein ExoA
Succinoglycan biosynthesis protein ExoO
Succinoglycan biosynthesis protein ExoU
Succinoglycan biosynthesis protein ExoW
Alpha-(1,6)-fucosyltransferase
Polypeptide N-acetylgalactosaminyltransferase 3
Probable N-acetylgalactosaminyltransferase 6
N-acetylgalactosaminyltransferase 7
Probable galacturonosyltransferase-like 10
Probable N-acetylgalactosaminyltransferase 9
Probable galacturonosyltransferase-like 9
Probable galacturonosyltransferase-like 3
1,2-alpha-glucosylglycerol phosphorylase
Probable N-acetylgalactosaminyltransferase 8
Probable galacturonosyltransferase-like 4
Minor teichoic acid biosynthesis protein GgaA
Glycosyltransferase 1 domain-containing protein 1
Glycosyltransferase 8 domain-containing protein 1
Probable N-acetylgalactosaminyltransferase 7
Probable galacturonosyltransferase-like 2
Probable galacturonosyltransferase-like 6
Galactofuranosyl transferase GlfT1
Probable galacturonosyltransferase-like 8
Glucosylglycerate synthase
Glycosyltransferase 8 domain-containing protein 2
Probable galacturonosyltransferase-like 7
Galacturonosyltransferase 8
Glycosyltransferase 25 family member
Minor teichoic acid biosynthesis protein GgaB
Galactofuranosyl transferase GlfT2
Alpha-1,4-glucan:maltose-1-phosphate maltosyltransferase
PGL/p-HBAD biosynthesis glycosyltransferase MT3031
Probable glycosyltransferase At5g20260
PGL/p-HBAD biosynthesis glycosyltransferase BCG_2978
Probable glycosyltransferase At5g03795
Glycosyltransferase-like At3g57200
Glucosyl-3-phosphoglycerate synthase
Putative UDP-N-acetylglucosamine--dolichyl-phosphate N-acetylglucosaminephosphotransferase
PGL/p-HBAD biosynthesis glycosyltransferase Mb2981
PGL/p-HBAD biosynthesis glycosyltransferase MRA_2984
Probable glycosyltransferase At5g25310
Putative glycosyltransferases
Galactomannan galactosyltransferase 1
GPI mannosyltransferase 3
Probable glycosyltransferase At3g07620
Glycosyltransferase-like At2g41451
UDP-glucose:undecaprenyl-phosphate glucose-1-phosphate transferase
Probable glycosyltransferase At3g42180
Probable glycosyl transferase Gly
UDP-N-acetylglucosamine--dolichyl-phosphate N-acetylglucosaminephosphotransferase
Probable glucuronosyltransferase Os01g0926400
Probable glucuronosyltransferase Os01g0926600
Probable glucuronosyltransferase Os04g0398600
Probable glycosyltransferase 6
Glycosyltransferase-like domain-containing protein 1
Glycosyltransferase Gtf1
Bactoprenol glucosyl transferase
Putative glycosyltransferase ORF31
Putative glycosyltransferase 63
Probable glucuronosyltransferase Os02g0520750
Probable glucuronosyltransferase Os03g0107900
Probable glycosyltransferase 5
Glycosyltransferase-like domain-containing protein 1-like
GDP-mannose:glycolipid 4-beta-D-mannosyltransferase
UDP-glucuronate:glycolipid 2-beta-glucuronosyltransferase
Putative glucuronosyltransferase PGSIP8
Probable glycosyltransferase At5g11130
Putative glycosyltransferase 41
Probable glucuronosyltransferase Os01g0926700
Probable glycosyltransferase 2
Beta-glucosyl-HMC-alpha-glucosyl-transferase
Putative glycosyltransferase ORF378
Probable glycosyltransferase 3
Probable glycosyltransferase 4
Bactoprenol glucosyl transferase homolog from prophage CPS-53
Putative glycosyltransferase 48
Probable glucuronosyltransferase GUT1
SfII prophage-derived bactoprenol glucosyl transferase
Putative glycosyltransferase 45
Putative glycosyltransferase ORF313
Putative glycosyltransferase ORF330
Probable glycosyltransferase 7
Putative UDP-glucuronate:xylan alpha-glucuronosyltransferase 5
General stress protein A
Xyloglucan-specific galacturonosyltransferase
Putative glycosyltransferase ORF300
GDP-mannose:cellobiosyl-diphosphopolyprenol alpha-mannosyltransferase
Putative glycosyltransferase ORF315
Glycosyltransferase 6
Putative glucuronosyltransferase PGSIP7
Putative glycosyltransferase HOC1
Inulin fructotransferase )
Xyloglucan galactosyltransferase KATAMARI1 homolog
Probable 3-deoxy-D-manno-octulosonic acid transferase, mitochondrial
Lipopolysaccharide core biosynthesis glycosyltransferase KdtX
Lacto-N-neotetraose biosynthesis glycosyltransferase LgtB
Glycosyltransferase-like protein LARGE
Lacto-N-neotetraose biosynthesis glycosyltransferase LgtE
Prolipoprotein diacylglyceryl transferase
Lipooligosaccharide biosynthesis protein lex-1
Lipooligosaccharide biosynthesis protein lic2B
Galactofuranosyl glycosyltransferase
Lipopolysaccharide core biosynthesis glycosyltransferase LpsC
O-glucosyltransferase LpsA
CMP-N-acetylneuraminate-beta-galactosamide-alpha-2,3-sialyltransferase
Lipopolysaccharide core biosynthesis mannosyltransferase LpcC
Lipopolysaccharide core biosynthesis mannosyltransferase LpsB
Lipopolysaccharide core biosynthesis glycosyltransferase LpsE
Lipooligosaccharide biosynthesis protein LpsA
Lipopolysaccharide core biosynthesis glycosyltransferase LpsD
Lsg locus putative protein 4
4-alpha-glucanotransferase
Mannosylglucosylglycerate synthase
GDP-mannose-dependent alpha-mannosyltransferase
Monofunctional glycosyltransferase
Mannosylglucosyl-3-phosphoglycerate synthase
Alpha-1,3-mannosyl-glycoprotein 4-beta-N-acetylglucosaminyltransferase B
Alpha-1,2-mannosyltransferase MNN5
Alpha-1,3-mannosyl-glycoprotein 4-beta-N-acetylglucosaminyltransferase A
Alpha-1,3-mannosyl-glycoprotein 2-beta-N-acetylglucosaminyltransferase
Alpha-1,6-mannosylglycoprotein 6-beta-N-acetylglucosaminyltransferase A
Putative alpha-1,3-mannosyltransferase MNN15
Alpha-(1->6)-mannopyranosyltransferase A
NAD--protein ADP-ribosyltransferase modA
Putative alpha-1,3-mannosyltransferase MNN13
NAD--protein ADP-ribosyltransferase modB
Beta-1,4-mannooligosaccharide phosphorylase
Alpha-(1->6)-mannopyranosyltransferase B
UDP-glucose:protein N-beta-glucosyltransferase
N-acetylglucosaminyltransferase
Putative sugar transferase Nss
UDP-N-acetylglucosamine--peptide N-acetylglucosaminyltransferase
Initiation-specific alpha-1,6-mannosyltransferase
Dolichyl-diphosphooligosaccharide--protein glycosyltransferase subunit 3
Dolichyl-diphosphooligosaccharide--protein glycosyltransferase 48 kDa subunit
Glucans biosynthesis glucosyltransferase H
GDP-fucose protein O-fucosyltransferase 1
Dolichyl-diphosphooligosaccharide--protein glycosyltransferase subunit WBP1
Dolichyl-diphosphooligosaccharide--protein glycosyltransferase subunit SWP1
Probable dolichyl-diphosphooligosaccharide--protein glycosyltransferase 4 kDa subunit
Dolichyl-diphosphooligosaccharide--protein glycosyltransferase subunit OST6
Dolichyl-diphosphooligosaccharide--protein glycosyltransferase 4 kDa subunit
Penicillin-binding protein 1A
Dolichyl-diphosphooligosaccharide--protein glycosyltransferase subunit wbp1
Processive diacylglycerol beta-glycosyltransferase
Penicillin-binding protein 1A/1B
GPI mannosyltransferase 2 subunit C167.09
Undecaprenyl phosphate N,N'-diacetylbacillosamine 1-phosphate transferase
Undecaprenyl-diphosphooligosaccharide--protein glycotransferase
ComP-specific O-oligosaccharyltransferase
General O-oligosaccharyltransferase
N-acetylglucosaminyl-phosphatidylinositol biosynthetic protein
Amidophosphoribosyltransferase
Protein QUIRKY
Beta-arabinofuranosyltransferase RAY1
Beta-ribofuranosylaminobenzene 5'-phosphate synthase
Lipopolysaccharide core heptosyltransferase RfaQ
dTDP-rhamnosyl transferase RfbG
O antigen biosynthesis rhamnosyltransferase RfbN
Probable galactinol--sucrose galactosyltransferase 2
ADP-heptose--LPS heptosyltransferase 2
dTDP-rhamnosyl transferase RfbF
Lipopolysaccharide 1,6-galactosyltransferase
Protein RfbU
Protein RfbJ
Dolichyl-diphosphooligosaccharide--protein glycosyltransferase subunit 1
Dolichyl-diphosphooligosaccharide--protein glycosyltransferase subunit 2
Arabinosyltransferase RRA1
Arabinosyltransferase RRA2
Arabinosyltransferase RRA3
O-glucosyltransferase rumi homolog
Probable UDP-N-acetylglucosamine--peptide N-acetylglucosaminyltransferase SEC
Subversion of eukaryotic traffic protein A
Sialyltransferase-like protein 2
GPI mannosyltransferase 4
Probable UDP-N-acetylglucosamine--peptide N-acetylglucosaminyltransferase SPINDLY
Mannosyl phosphorylinositol ceramide synthase SUR1
Spore coat polysaccharide biosynthesis protein SpsA
Glycosyltransferase SunS
Putative glycosyltransferase TagX
Putative CDP-glycerol:glycerophosphate glycerophosphotransferase TarB
Putative CDP-glycerol:glycerophosphate glycerophosphotransferase TarF
CDP-glycerol:poly(glycerophosphate) glycerophosphotransferase
Probable undecaprenyl-phosphate N-acetylglucosaminyl 1-phosphate transferase
Putative ribitolphosphotransferase
Putative polyribitolphosphotransferase
Putative CDP-glycerol:glycerophosphate glycerophosphotransferase
Trehalose synthase
Glycosyltransferase TibC
Toxin A
Putative undecaprenyl-phosphate N-acetylgalactosaminyl 1-phosphate transferase
UDP-glycosyltransferase TURAN
Putative teichuronic acid biosynthesis glycosyltransferase TuaC
Putative teichuronic acid biosynthesis glycosyltransferase TuaG
Putative teichuronic acid biosynthesis glycosyltransferase TuaH
Alpha-1,4-glucan-protein synthase
Alpha-1,4-glucan-protein synthase  2
Alpha-1,4-glucan-protein synthase  1
Lipopolysaccharide core biosynthesis glycosyltransferase WaaE
Lipopolysaccharide 1,2-N-acetylglucosaminetransferase
Decaprenyl-phosphate N-acetylglucosaminephosphotransferase
O-antigen biosynthesis glycosyltransferase WbnJ
Putative colanic acid biosynthesis glycosyltransferase WcaL
Undecaprenyl-phosphate alpha-N-acetylglucosaminyl 1-phosphate transferase
UDP-Glc:alpha-D-GlcNAc-diphosphoundecaprenol beta-1,3-glucosyltransferase WfaP
UDP-Glc:alpha-D-GlcNAc-diphosphoundecaprenol beta-1,3-glucosyltransferase WfgD
UDP-Gal:alpha-D-GlcNAc-diphosphoundecaprenol beta-1,3-galactosyltransferase
Probable O-antigen biosynthesis glycosyltransferase WbiN
Probable glycosyltransferase WbjE
O-antigen biosynthesis glycosyltransferase WbnH
Putative glycosyltransferase MJ1113
Putative colanic acid biosynthesis glycosyl transferase WcaA
N-acetylglucosaminyl-diphospho-decaprenol L-rhamnosyltransferase
Putative colanic acid biosynthesis glycosyl transferase WcaE
Putative L,D-transpeptidase HI_1667
Alpha-(1->6)-mannopyranosyltransferase Rv1459c
Putative glycosyltransferase HI_0258
Putative L,D-transpeptidase YafK
Probable L,D-transpeptidase YbiS
Putative glycosyltransferase HI_0261
Probable alpha-(1->6)-mannopyranosyltransferase MSMEG_3120/MSMEI_3041
Putative glycosyltransferase HI_0765
Putative L,D-transpeptidase in ATP synthase subunits region ORF 5
Probable L,D-transpeptidase YcfS
Putative uncharacterized protein YeeL
Putative L,D-transpeptidase YciB
Probable L,D-transpeptidase YcbB
Putative L,D-transpeptidase YkuD
Putative mannosyltransferase YkcB
Probable L,D-transpeptidase YnhG
Putative glycosyltransferase R655
Putative mannosyltransferase YycA
Putative L,D-transpeptidase YqjB
Putative glycosyltransferase YtcC
