Probable glucoamylase
1,3-beta-glucan synthase component bgs2
Myosin 1 light chain cam2
Chitin synthase 3
Chitin synthase D
COP9 signalosome complex subunit 3
Donuts protein 1
1,3-beta-glucanosyltransferase gas4
Outer spore wall protein LDS1
Outer spore wall protein LDS2
Meiotic coiled-coil protein 4
Cell wall alpha-1,3-glucan synthase mok14
Cell wall alpha-1,3-glucan synthase mok13
Cell wall alpha-1,3-glucan synthase mok12
Meiotically up-regulated gene 28 protein
Outer spore wall protein 2
Outer spore wall protein RRT8
Spore membrane assembly protein 1
Protein SHC1
CRAL-TRIO domain-containing protein C23B6.04c
Spore-specific protein YSW1
