Bacterial hemoglobin
Cytoglobin-2
Cytoglobin-1
Globin-1 subunit beta
Globin CTT-II beta
Extracellular globin-2A
Giant hemoglobin linker AV-1 chain
Globin, minor
Globin, major polymeric component P1
Globin CTT-W
Globin CTT-Y
Extracellular globin
Globin
Globin CTT-X
Globin, major monomeric component
Extracellular globin-1
Globin, minor monomeric component
Globin-2
Giant hemoglobin AIII chain
Hemoglobin-3
Extracellular globin-4
Globin CTT-VI
Globin CTT-VIIB-4
Globin CTT-VIIB-7
Globin CTT-VIIA
Extracellular giant hemoglobin major globin subunit B1
Body wall hemoglobin
Globin D, coelomic
Globin-like host-protective antigen
Giant extracellular hemoglobin linker 2 chain
Globin, polymeric component P3
Globin-3
Extracellular globin-2B
Globin CTT-VIIB-6
Globin CTT-VIIB-8
Globin CTT-IX
Giant hemoglobins B chain
Globin CTT-V
Globin CTT-Z
Globin-1
Myoglobin
Globin CTT-IV
Extracellular globin-E7
Neural hemoglobin
Globin-like protein 9
Globin-1 subunit alpha
Giant hemoglobin AI chain
Globin-2 B chain
Giant hemoglobin AIV chain
Extracellular globin-2C
Globin-5
Globin CTT-VIIB-5/CTT-VIIB-9
Globin CTT-VIIB-10
Extracellular giant hemoglobin major globin subunit A1
Extracellular giant hemoglobin major globin subunit B2
Globin, cuticular isoform
Globin-F1
Giant extracellular hemoglobin linker 1 chain
Globin CTT-IIIA
Globin CTT-I/CTT-IA
Globin-2 A chain
Extracellular globin-2
Hemoglobin-2
Globin CTP-III
Extracellular globin-3
Globin, monomeric component M-IV
Globin CTT-VIIB-3
Globin CTT-VIII
Extracellular giant hemoglobin major globin subunit A2
Globin C, coelomic
Globin CTT-E/E'
Globin-like protein
Globin, extracellular monomeric
Extracellular globin-E1
Globin-2B
Globin CTT-III
Globin, polymeric component P2
Globin-like protein 6
Hemoglobin subunit alpha-1
Hemoglobin A subunit alpha-2
Hemoglobin subunit alpha-2
Hemoglobin subunit alpha-3
Hemoglobin subunit alpha-B
Hemoglobin cathodic subunit alpha
Hemoglobin subunit alpha-D
Hemoglobin subunit alpha-D/D'
Hemoglobin subunit theta-1
Hemoglobin subunit zeta
Hemoglobin subunit alpha
Hemoglobin subunit alpha-A
Hemoglobin subunit alpha-1/2
Hemoglobin subunit beta-1
Hemoglobin subunit beta-2
Hemoglobin subunit beta-3
Hemoglobin subunit beta-A
Hemoglobin subunit beta-C
Hemoglobin cathodic subunit beta
Hemoglobin subunit beta-C(NA)
Hemoglobin A/D subunit beta
Hemoglobin subunit beta
Hemoglobin subunit delta
Hemoglobin subunit epsilon
Hemoglobin subunit gamma-1
Hemoglobin subunit gamma-2
Hemoglobin subunit mu
Hemoglobin subunit pi
Non-legume hemoglobin
Hemoglobin subunit alpha-4
Hemoglobin anodic subunit alpha
Hemoglobin embryonic subunit alpha
Hemoglobin subunit alpha-I/II
Hemoglobin subunit beta-Y
Hemoglobin subunit beta/beta'
Hemoglobin subunit beta-1/2
Hemoglobin F-I
Hemoglobin subunit rho
Hemocyanin subunit 1
Hemocyanin subunit 4e
Hemocyanin subunit X
Hemoglobin subunit beta-H0
Hemoglobin subunit epsilon-1
Hemoglobin subunit theta
Hemocyanin subunit 3
Hemocyanin B chain
Hemocyanin subunit B
Hemocyanin G chain
Hemocyanin, beta-C chain unit G
Hemoglobin D subunit alpha
Hemoglobin heart muscle subunit alpha-type
Hemoglobin subunit alpha-A/Q/R/T
Hemoglobin subunit alpha-1/2/3
Hemoglobin fetal subunit beta
Hemoglobin subunit deltaH
Hemoglobin A
Hemocyanin subunit 2
Hemocyanin subunit III
Hemocyanin subunit 5
Hemocyanin subunit 6
Hemocyanin subunit A
Hemocyanin A-type, units Ode to Odg
Hemocyanin A chain
Hemocyanin C chain
Hemocyanin subunit C
Hemocyanin subunit D
Hemocyanin E chain
Hemocyanin, units G and H
Hemerythrin subunit A
Bacteriohemerythrin
Hemerythrin subunit beta
Hemerythrin-like protein
Myohemerythrin
Ovohemerythrin
Hemerythrin
Hemoglobin subunit alpha-C
Hemoglobin subunit alpha-A/A'
Hemoglobin subunit beta-4
Hemoglobin subunit beta-B
Non-symbiotic hemoglobin 0
Hemoglobin subunit omega
Hemoglobin-1
Hemocyanin subunit 4
Hemocyanin, beta-C chain unit D
Hemocyanin, units C and D
Hemocyanin D chain
Hemocyanin, units E and F
Hemocyanin G-type, units Oda to Odg
Hemerythrin subunit 2
Hemerythrin subunit alpha
Hemoglobin subunit alpha 1
Hemoglobin subunit beta-A/B
Hemoglobin subunit beta-M
Hemoglobin subunit epsilon-Y2
Hemocyanin 2-c chain
Hemocyanin subunit Ia
Hemoglobin larval subunit alpha
Hemoglobin subunit alpha-5
Hemoglobin anodic subunit beta
Hemoglobin subunit beta-Z
Hemoglobin subunit beta-S/F
Hemoglobin subunit epsilon-2
Hemoglobin subunit epsilon-M
Hemocyanin type 2 unit a
Hemocyanin subunit II
Myohemerythrin-1
Hemoglobin A subunit alpha-1
Hemoglobin subunit beta-0
Hemoglobin larval subunit beta-1
Hemoglobin subunit epsilon-4
Hemocyanin type 2 unit e
Hemocyanin AA6 chain
Hemocyanin alpha chain
Hemocyanin F chain
Hemocyanin subunit Ib
Hemerythrin subunit 1
Myohemerythrin-2
Hemerythrin subunit B
Neurohemerythrin
Leghemoglobin 1
Leghemoglobin-1
Leghemoglobin Lb5-10
Leghemoglobin 2
Leghemoglobin C2
Leghemoglobin-3
Leghemoglobin C3
Leghemoglobin Lb120-8
Leghemoglobin A
Leghemoglobin-2
Leghemoglobin 3
Leghemoglobin Lb120-29
Leghemoglobin Lb120-34
Leghemoglobin C1
Leghemoglobin 29
Leghemoglobin Lb120-1
Leghemoglobin 49
Myoglobin-1
Myoglobin-2
Neuroglobin
Group 1 truncated hemoglobin GlbN
Group 1 truncated hemoglobin LI410
Group 2 truncated hemoglobin GlbO
Group 1 truncated hemoglobin LI637
Group 1 truncated hemoglobin trHbN
