6-phospho-beta-glucosidase
Alpha-amylase type B isozyme
Beta-agarase A
Beta-agarase B
Putative alpha-amylase
Alpha-amylase
Alpha-amylase isozyme 2A
Alpha-amylase AMY3
D-arabinitol 2-dehydrogenase
Alpha-amylase B
6-phospho-beta-glucosidase AscB
Beta-agarase
Beta-galactosidase 4
Beta-galactosidase 5
Beta-galactosidase large subunit
Beta-galactosidase small subunit
Beta-galactosidase 9
Beta-glucosidase 1
Beta-glucosidase 5
Beta-glucosidase 11
Beta-glucosidase 13
Beta-glucosidase 17
Beta-glucosidase 18
Beta-glucosidase 27
Beta-glucosidase 29
Beta-glucosidase 32
Putative beta-glucosidase 35
Beta-glucosidase 43
Beta-glucosidase 47
Aryl-phospho-beta-D-glucosidase BglH
Beta-galactosidase 17
Beta-galactosidase 7
Beta-glucosidase 2
Putative beta-glucosidase 6
Beta-glucosidase 12
Putative beta-glucosidase 15
Beta-glucosidase 25
Beta-glucosidase 28
Beta-glucosidase 34
Beta-glucosidase 38
Isoflavonoid 7-O-beta-apiosyl-glucoside beta-glycosidase
Probable 1,4-alpha-glucan branching enzyme MT3115
Putative beta-glucosidase 2
Beta-glucosidase 7
Beta-glucosidase 21
Beta-glucosidase 31
Beta-glucosidase 33
Aryl-phospho-beta-D-glucosidase BglA
Beta-galactosidase 13
Beta-glucosidase 3
Beta-glucosidase 22
Beta-glucosidase 24
Non-cyanogenic beta-glucosidase
Cyanogenic beta-glucosidase
Beta-galactosidase 11
Putative beta-glucosidase 5
Putative beta-glucosidase 9
Beta-glucoside kinase
Putative beta-galactosidase 10
Beta-galactosidase 12
Beta-galactosidase 15
Beta-glucosidase 16
Putative beta-glucosidase 17
Beta-glucosidase 19
Beta-glucosidase 20
Beta-glucosidase 30
Aryl-phospho-beta-D-glucosidase BglC
Beta-galactosidase 14
Evolved beta-galactosidase subunit alpha
Beta-galactosidase 2
Beta-galactosidase BgaB
Putative beta-galactosidase
Beta-galactosidase
Beta-glucosidase 10
Putative beta-glucosidase 23
DnaA initiator-associating protein DiaA
1,3-beta-galactosyl-N-acetylhexosamine phosphorylase Cphy3030
1,3-beta-galactosyl-N-acetylhexosamine phosphorylase Cphy0577
Beta-galactosidase-1-like protein 3
Beta-hexosaminidase subunit alpha
Beta-hexosaminidase subunit beta
Beta-hexosaminidase 1
ADP-L-glycero-D-manno-heptose-6-epimerase
Beta-hexosaminidase A
2-dehydro-3-deoxy-phosphogluconate/2-dehydro-3-deoxy-6-phosphogalactonate aldolase
2-dehydro-3-deoxy-D-gluconate/2-dehydro-3-deoxy-phosphogluconate aldolase
SNF1-related protein kinase regulatory subunit gamma-1-like
Lincomycin biosynthesis protein LmbN
1,3-beta-galactosyl-N-acetylhexosamine phosphorylase
UDP-glucuronate 5'-epimerase
Protein MalX
Agropine synthesis conjugase
Putative N-acetylmannosamine-6-phosphate 2-epimerase
Putative N-acetylmannosamine-6-phosphate 2-epimerase 1
Putative N-acetylmannosamine-6-phosphate 2-epimerase 2
Probable phosphoketolase 1
Probable phosphoketolase 2
Probable arabinose 5-phosphate isomerase
Sugar fermentation stimulation protein homolog
UPF0309 protein lin0024
UPF0309 protein GTNG_1302
UPF0309 protein Oant_1457
UPF0309 protein GK1441
UPF0309 protein lmo0025
UPF0309 protein GWCH70_1414
UPF0309 protein Teth39_1980
UPF0309 protein LMOf2365_2617
UPF0309 protein BAbS19_II03080
Alpha-xylosidase
UPF0309 protein BH0227
UPF0309 protein Lm4b_02611
UPF0309 protein BMEA_B0892
UPF0309 protein BMEII0386
UPF0309 protein BAB2_0325
UPF0309 protein OB3413
UPF0309 protein BruAb2_0323
UPF0309 protein BOV_A0853
UPF0309 protein BSUIS_B0903
UPF0309 protein Teth514_0240
UPF0309 protein lin2794
UPF0309 protein TTE0306
UPF0309 protein BCAN_B0929
UPF0309 protein BRA0910/BS1330_II0902
UPF0309 protein SCO4393
UPF0309 protein ABC0887
UPF0309 protein SGR_3073
UPF0309 protein SAV_3856
UPF0309 protein BH3325
Putative sugar dehydratase/epimerase YfnG
UPF0309 protein in nagA 3'region
Probably inactive glycosylase YkzR
