3-hydroxyanthranilate 3,4-dioxygenase
Abscisic acid 8'-hydroxylase 3
Abscisic acid 8'-hydroxylase 1
Abscisic acid 8'-hydroxylase 2
2-aminobenzenesulfonate 2,3-dioxygenase subunit alpha
1-aminocyclopropane-1-carboxylate oxidase
Anthranilate 1,2-dioxygenase large subunit
2-oxoglutarate-dependent dioxygenase AOP3
L-asparagine oxygenase
Biotin synthase
Biotin synthase 1
Biotin synthase 2
Benzoate 1,2-dioxygenase subunit alpha
Benzene 1,2-dioxygenase subunit alpha
Probable gamma-butyrobetaine dioxygenase
Biphenyl dioxygenase subunit alpha
Flavonoid 3',5'-hydroxylase 2
Gamma-butyrobetaine dioxygenase
3-hydroxyindolin-2-one monooxygenase
(S)-N-methylcoclaurine 3'-hydroxylase isozyme 1
Cytochrome P450 86A2
Cytochrome P450 3A56
indole-2-monooxygenase
Flavonoid 3',5'-hydroxylase
Cytochrome P450 86A8
Cytochrome P450 71D18
Cytochrome P450 71D95
Cytochrome P450 86A4
Cytochrome P450 3A30
indolin-2-one monooxygenase
Clavaminate synthase 1
Biphenyl 2,3-dioxygenase subunit alpha
4-hydroxyphenylacetaldehyde oxime monooxygenase
Abietadienol/abietadienal oxidase
(S)-N-methylcoclaurine 3'-hydroxylase isozyme 2
Flavonoid 3',5'-hydroxylase 1
Isoflavone 2'-hydroxylase
Cytochrome P450 3A40
Probable
Cytochrome P450 86A7
Clavaminate synthase 2
2-halobenzoate 1,2-dioxygenase large subunit
Cysteine dioxygenase
Deacetoxycephalosporin C synthase
FO synthase subunit 1
FO synthase subunit 2 1
FO synthase subunit 2 2
Cytochrome P450 1A1
Cytochrome P450 1A2
Cytochrome P450 2A9
Cytochrome P450 2C3
Cytochrome P450 2C5
Cytochrome P450 2D19
Cytochrome P450 2K4
Cytochrome P450 3A19
Cytochrome P450 3A28
Cytochrome P450 4X1
Cytochrome P450 6B2
Cytochrome P450 2C41
Cytochrome P450 3A41
Cytochrome P450 3A17
Cytochrome P450 4c21
Cytochrome P450 4Z1
5-beta-cholestane-3-alpha,7-alpha-diol 12-alpha-hydroxylase
FO synthase subunit 2
Steroid C26-monooxygenase
Cytochrome P450 2C42
Cytochrome P450 2B11
Cytochrome P450 2C26
Cytochrome P450 2C31
Cytochrome P450 2D17
Cytochrome P450 2H1
Cytochrome P450 6B1
Cytochrome P450 2C2
Cytochrome P450 2C21
Cytochrome P450 2C28
Cytochrome P450 3A15
Cytochrome P450 4B1
Cytochrome P450 6B5
Vitamin D(3) 25-hydroxylase
Bifunctional cytochrome P450/NADPH--P450 reductase
Protein CsiD
Cytochrome P450 2A8
Cytochrome P450 2B15
Cytochrome P450 2C25
Cytochrome P450 2D14
Cytochrome P450 2J1
Cytochrome P450 2K3
Cytochrome P450 3A25
Cytochrome P450 4C1
Cytochrome P450 6B4
7-alpha-hydroxycholest-4-en-3-one 12-alpha-hydroxylase
Cytochrome P450 2A10
Cytochrome P450 2B5
Cytochrome P450 2C1
Cytochrome P450 2C15
Cytochrome P450 2D15
Cytochrome P450 3A14
Cytochrome P450 4A4
Cytochrome P450 4F4
Cytochrome P450 2C4
Cytochrome P450 2L1
Cytochrome P450 6B3
Cytochrome P450 6B7
Cytochrome P450 2A11
Cytochrome P450 2B4
Cytochrome P450 2C14
Cytochrome P450 2C16
Cytochrome P450 2C20
Cytochrome P450 2C27
Cytochrome P450 2C30
Cytochrome P450 2D16
Cytochrome P450 2H2
Cytochrome P450 2U1
Cytochrome P450 3A31
Cytochrome P450 6A1
Cytochrome P450 6B6
Camphor 5-monooxygenase
Probable 2-oxoglutarate-dependent dioxygenase DIN11
Probable 2-oxoglutarate-dependent dioxygenase At3g49630
Delta(7)-sterol 5(6)-desaturase
Cephalosporin biosynthesis expandase/hydroxylase
Fatty acid 2-hydroxylase
Delta(7)-sterol 5(6)-desaturase erg32
Probable Fe(2+)-trafficking protein
Flavonoid 3'-monooxygenase
Gibberellin 3-beta-dioxygenase 4
Gibberellin 2-beta-dioxygenase 1
Gibberellin 2-beta-dioxygenase 2
Glucose-6-phosphate isomerase
Gibberellin 20 oxidase 3
Gibberellin 3-beta-dioxygenase 3
Putative glucose-6-phosphate isomerase 1
Putative glucose-6-phosphate isomerase 2
Gibberellin 20 oxidase 5
Glutamate synthase , amyloplastic
Glutamate synthase 2 , chloroplastic
Glutamate synthase
3-phenylpropionate/cinnamic acid dioxygenase subunit alpha
NADP-reducing hydrogenase subunit HndC
Hyoscyamine 6-dioxygenase
Ent-kaurene oxidase
S-ribosylhomocysteine lyase
Inositol oxygenase 4
Inositol oxygenase 2
Inositol oxygenase 5
Inositol oxygenase 1
Probable inositol oxygenase
Enduracididine beta-hydroxylase
GTP cyclohydrolase MptA
GTP cyclohydrolase MptA 2
GTP cyclohydrolase MptA 1
Methylsterol monooxygenase
Polyferredoxin protein MvhB
NADPH--cytochrome P450 reductase
Iron hydrogenase 1
Rubrerythrin-1
Rubrerythrin-2
Lathosterol oxidase
Cytochrome c-type protein TorY
UPF0313 protein MJ1155
UPF0313 protein CPR_1216
UPF0313 protein MM_1287
UPF0313 protein CLM_0251
UPF0313 protein CLI_0267
UPF0313 protein UNCMA_01890
UPF0313 protein CPE1196
UPF0313 protein VC_1711
UPF0313 protein VP1980
Probable iron/ascorbate oxidoreductase DDB_G0283291
UPF0313 protein TM_0337
UPF0313 protein CLK_3381
UPF0313 protein Tpet_0582
UPF0313 protein CPF_1407
UPF0313 protein Ppro_0556
UPF0313 protein TRQ2_0596
UPF0313 protein CV_1738
UPF0313 protein VV1_2212
UPF0313 protein CLJ_B0249
UPF0313 protein VV2143
UPF0313 protein CLB_0243
UPF0313 protein SO_0311
UPF0313 protein MA_4618
UPF0313 protein PA4928
UPF0313 protein PG_0934
UPF0313 protein GSU2873
UPF0313 protein CTN_0332
UPF0313 protein PP_4872
UPF0313 protein PSPTO_4928
UPF0313 protein CLD_0573
Putative UPF0313 protein YPO0674/y3502/YP_2990
UPF0313 protein blr7973
UPF0313 protein RPA0679
UPF0313 protein YgiQ
UPF0313 protein FN0734
