Altered inheritance of mitochondria protein 34, mitochondrial
Altered inheritance of mitochondria protein 36, mitochondrial
Altered inheritance of mitochondria protein 39, mitochondrial
Acylglycerol kinase, mitochondrial
D-arabinono-1,4-lactone oxidase
Putative D-arabinono-1,4-lactone oxidase
Autophagy-related protein 33
Caspase recruitment domain-containing protein 19
Putative cytochrome c biogenesis ccmB-like mitochondrial protein
Putative cytochrome c biosynthesis ccmC-like mitochondrial protein
Protein CEBPZOS
Cytochrome c oxidase assembly protein COX16 homolog, mitochondrial
Cytochrome c oxidase assembly factor 3, mitochondrial
Cholesterol side-chain cleavage enzyme, mitochondrial
Cytochrome c oxidase assembly protein COX14 homolog
Sterol 26-hydroxylase, mitochondrial
Protein ECM19
Mitochondrial membrane protein FMP33
Probable mitochondrial transport protein FSF1
Ferric reduction oxidase 3, mitochondrial
Genetic interactor of prohibitin 7, mitochondrial
L-galactono-1,4-lactone dehydrogenase 2, mitochondrial
Gamma carbonic anhydrase-like 1, mitochondrial
L-galactono-1,4-lactone dehydrogenase 1, mitochondrial
L-galactono-1,4-lactone dehydrogenase, mitochondrial
GRAM domain-containing protein 4
Probable intron-encoded endonuclease 4
Probable intron-encoded endonuclease 3
J domain-containing protein 1
Mitochondrial peculiar membrane protein 1
MIOREX complex component 9
MIOREX complex component 4
Nuclear control of ATPase protein 2
Nicotinamide adenine dinucleotide transporter 2, mitochondrial
Respiratory supercomplex factor 1-A, mitochondrial
Respiratory supercomplex factor 1, mitochondrial
Respiratory supercomplex factor 1-B, mitochondrial
Sideroflexin
Sideroflexin-1
Putative sideroflexin-1.1
Sideroflexin-2
Sideroflexin-3
Sideroflexin-5
Stationary phase-expressed protein 1
Stationary phase gene 1 protein
Complex I assembly factor TMEM126B, mitochondrial
Tafazzin
Complex I assembly factor TIMMDC1, mitochondrial
Transmembrane protein 14C
Translocator protein
Putative ATP synthase protein YMF19-like protein
Putative uncharacterized mitochondrial protein NCU16001
Probable vacuolar amino acid transporter YPQ3
