Bilin biosynthesis protein CpeY
Phycocyanobilin lyase subunit alpha
Phycobilisome maturation protein
Phycocyanobilin lyase subunit beta
Phycocyanin alpha phycocyanobilin lyase CpcF
Bilin biosynthesis protein CpeZ
Ferredoxin--NADP reductase
Bilin biosynthesis protein MpeU
Bilin biosynthesis protein MpeV
Bilin biosynthesis protein PecE
Bilin biosynthesis protein PecF
Phycobilisome 7.8 kDa linker polypeptide, allophycocyanin-associated, core
Phycobilisome rod-core linker polypeptide cpcG
Phycobilisome 32.1 kDa linker polypeptide, phycocyanin-associated, rod 1
Phycobilisome 37.5 kDa linker polypeptide, phycocyanin-associated, rod
Phycobilisome 34.5 kDa linker polypeptide, phycoerythrocyanin-associated, rod
Phycobilisome 32.1 kDa linker polypeptide, phycocyanin-associated, rod 2
Phycobilisome rod-core linker polypeptide CpcG2
Phycobilisome rod-core linker polypeptide CpcG3
Phycobilisome 31.8 kDa linker polypeptide, phycoerythrin-associated, rod
Phycobilisome rod-core linker polypeptide CpcG1
Phycobilisome rod-core linker polypeptide CpcG4
Phycobilisome 8.9 kDa linker polypeptide, phycocyanin-associated, rod
Phycobilisome 32.1 kDa linker polypeptide, phycocyanin-associated, rod
Phycobilisome 32.3 kDa linker polypeptide, phycocyanin-associated, rod
Phycobilisome 39 kDa linker polypeptide, phycocyanin-associated, rod
Phycobilisome 30.8 kDa linker polypeptide, phycocyanin-associated, rod
Phycobilisome 27.9 kDa linker polypeptide, phycoerythrin-associated, rod
Phycobilisome 31.6 kDa linker polypeptide, phycocyanin-associated, rod
Phycobilisome 8.1 kDa linker polypeptide, phycocyanin-associated, rod
Phycobilisome 9.7 kDa linker polypeptide, phycocyanin-associated, rod
Bilin biosynthesis protein RpcE
Bilin biosynthesis protein RpcF
