Acyl-CoA dehydrogenase
Acetoin utilization protein AcuA
Acetoin utilization protein AcuB
Acetoin utilization protein AcuC
Alkaline protease 2
Autolysin
Accumulates dyads protein 3
Glucoamylase, intracellular sporulation-specific
Oligopeptide transport ATP-binding protein AppF
Autocrine proliferation repressor protein A
Oligopeptide transport ATP-binding protein AppD
AMP deaminase
Protein AntE
Oligopeptide transport system permease protein AppB
Oligopeptide transport system permease protein AppC
Serine/threonine-protein kinase atg1
Autophagy protein 13
Autophagy-related protein 2
Autophagy protein 5
Autophagy-related protein 8
Asparagine synthetase  3
Bromodomain-containing factor 1
Vacuolar amino acid transporter 5
41.9 kDa insecticidal toxin
Larvicidal toxin 51 kDa protein
Sigma-K factor-processing regulatory protein BofA
N-acetylmuramoyl-L-alanine amidase BlyA
Pesticidal crystal-like protein Cry17Aa
Pesticidal crystal protein Cry27Aa
Beclin-1-like protein A
Protein BofC
Pesticidal crystal protein Cry13Aa
Parasporal crystal protein Cry18Ba
Pesticidal crystal protein Cry26Aa
Parasporal crystal protein Cry18Ca
Pesticidal crystal protein Cry19Ba
Pesticidal crystal protein Cry20Aa
Pesticidal crystal protein Cry21Aa
Pesticidal crystal protein Cry11Ba
Pesticidal crystal protein Cry10Aa
Pesticidal crystal protein Cry14Aa
Pesticidal crystal protein Cry22Aa
Pesticidal crystal protein Cry25Aa
Catalase A
Pesticidal crystal protein Cry24Aa
Pesticidal crystal protein Cry11Aa
Pesticidal crystal protein Cry11Bb
Parasporal crystal protein Cry18Aa
Cytochrome c-type biogenesis protein CcdA
Pesticidal crystal protein Cry12Aa
Pesticidal crystal protein Cry15Aa
Pesticidal crystal-like protein Cry16Aa
Pesticidal crystal protein Cry19Aa
Pesticidal crystal protein Cry28Aa
Cell division control protein 4
Cyclin-dependent kinase 5 homolog
Catalase-2
Sporulation-specific chitinase 2
Counting factor associated protein D
Chitinase 4
Phosphatidylinositol 3,4,5-trisphosphate 3-phosphatase cnrN
Chitin synthase 1
Conidiation-specific protein 6
Spore coat protein B
Spore coat protein O
Spore coat protein S
Spore coat protein Y
Competence pheromone
Sensor histidine kinase ComP
Conidiation-specific protein 10
Spore coat protein A
Spore coat protein T
Pesticidal crystal protein Cry1Bd
Pesticidal crystal protein Cry1Ja
Pesticidal crystal protein Cry2Aa
Pesticidal crystal protein Cry2Ad
Pesticidal crystal protein Cry8Aa
Pesticidal crystal protein Cry9Aa
Conidiation-specific protein 8
Inner spore coat protein H
Spore coat protein X
Pesticidal crystal protein Cry1Ha
Pesticidal crystal protein Cry1Ib
Pesticidal crystal protein Cry1Ka
Insecticidal crystal toxin protein
Pesticidal crystal protein Cry7Aa
Spore coat protein I
Spore coat protein Z
Pesticidal crystal protein Cry1Aa
Pesticidal crystal protein Cry1Ab
Pesticidal crystal protein Cry1Ad
Pesticidal crystal protein Cry1Ba
Pesticidal crystal protein Cry1Ga
Pesticidal crystal protein Cry2Ac
Pesticidal crystal protein Cry5Aa
Pesticidal crystal protein Cry6Aa
Pesticidal crystal protein Cry7Ab
Pesticidal crystal protein Cry8Ba
Probable glycosidase CRR1
Sporulation protein cse15
Conidiation-specific protein 13
Spore coat protein E
Spore coat-associated protein N
Spore coat protein P
Pesticidal crystal protein Cry1Ac
Pesticidal crystal protein Cry1Ae
Pesticidal crystal protein Cry1Bb
Pesticidal crystal protein Cry1Ca
Pesticidal crystal protein Cry1Fa
Pesticidal crystal protein Cry1Ia
Pesticidal crystal protein Cry1Jb
Pesticidal crystal protein Cry3Aa
Pesticidal crystal protein Cry3Ca
Heme A synthase
Spore coat protein C
Spore coat protein G
Spore coat protein M
Putative sporulation hydrolase CotR
Spore coat protein W
Pesticidal crystal protein Cry1Ag
Pesticidal crystal protein Cry1Be
Pesticidal crystal protein Cry1Da
Pesticidal crystal protein Cry1Ea
Pesticidal crystal protein Cry5Ac
Pesticidal crystal protein Cry6Ba
Sporulation protein cse60
Sigma-G-dependent sporulation-specific SASP protein
Type-1Aa cytolytic delta-endotoxin
Cell wall hydrolase CwlJ
Spore coat protein D
Spore coat protein F
Spore coat protein V
Sporulation cortex protein CoxA
Pesticidal crystal protein Cry1Af
Pesticidal crystal protein Cry1Gb
Pesticidal crystal protein Cry1Id
Protein CRAC
Protein csk22
N-acetylmuramoyl-L-alanine amidase CwlA
Pesticidal crystal protein Cry1Bc
Pesticidal crystal protein Cry1Fb
Pesticidal crystal protein Cry1Hb
Pesticidal crystal protein Cry1Ic
Pesticidal crystal protein Cry4Aa
Pesticidal crystal protein Cry5Ab
Pesticidal crystal protein Cry9Ca
Pesticidal crystal protein Cry8Ca
Cyclic AMP receptor-like protein A
C-factor
Type-2Aa cytolytic delta-endotoxin
Type-2Bb cytolytic delta-endotoxin
Carboxy-terminal processing protease CtpB
Pesticidal crystal protein Cry1Cb
Pesticidal crystal protein Cry1Db
Pesticidal crystal protein Cry1Eb
Pesticidal crystal protein Cry2Ab
Pesticidal crystal protein Cry3Ba
Pesticidal crystal protein Cry3Bb
Pesticidal crystal protein Cry4Ba
Pesticidal crystal protein Cry5Ba
Pesticidal crystal protein Cry9Ea
Pesticidal crystal protein Cry9Da
Type-2Ba cytolytic delta-endotoxin
Type-1Ba cytolytic delta-endotoxin
N-acetylmuramoyl-L-alanine amidase CwlH
cAMP-inducible prespore protein D7
Amidase enhancer
Type-1Ab cytolytic delta-endotoxin
Sporulation-specific N-acetylmuramoyl-L-alanine amidase
D-alanyl-D-alanine carboxypeptidase DacA
D-alanyl-D-alanine carboxypeptidase DacB
Glucose 1-dehydrogenase 1
Glucose 1-dehydrogenase B
Development-specific protein S
CRISPR-associated protein Cas8a1/Csx13
Glucose 1-dehydrogenase
Des-methyl DIF-1 methyltransferase A
Development-specific protein S homolog
CRISPR-associated protein Cas7/Cst2/DevR
Alanine dehydrogenase
CRISPR-associated protein Cas5
Septum site-determining protein DivIVA
Dipicolinate synthase subunit B
Cell division protein DivIB
Hybrid signal transduction protein dokA
Dipicolinate synthase subunit A
Dipeptidyl-peptidase 6
Prespore protein Dp87
D-aminopeptidase
Dipeptide transport system permease protein DppC
Dipeptide transport system permease protein DppB
Dipeptide transport ATP-binding protein DppD
Putative glucokinase-2
Enolase
Early meiotic induction protein 1
Spore wall and anchoring disk complex protein EnP1
Epsin
Spore coat assembly protein ExsA
Cell division protein FtsA
DNA translocase FtsK
Probable spore germination protein GerPB
Probable spore germination protein GerPD
Probable spore germination protein GerPF
Guanine nucleotide-binding protein subunit beta
Probable spore germination protein GerPA
Probable spore germination protein GerPC
Probable spore germination protein GerPE
Glucose uptake protein GlcU
Spore germination protein GerM
Probable glucose uptake protein GlcU
Spore coat protein GerQ
2,3-bisphosphoglycerate-independent phosphoglycerate mutase
Guanine nucleotide-binding protein alpha-4 subunit
Guanine nucleotide-binding protein alpha-3 subunit
Metabotropic glutamate receptor-like protein A
Metabotropic glutamate receptor-like protein J
Endoglucanase
Glutamate--cysteine ligase
HAM34 protein
Probable 3-hydroxybutyryl-CoA dehydrogenase
Sporulation-specific hydrophobic abundant protein
Increased recombination centers protein 19
Meiosis induction protein kinase IME2/SME1
N6-adenosine-methyltransferase IME4
cAMP-dependent protein kinase catalytic subunit
Meiosis-specific protein ISC10
Probable 3'-5' exonuclease KapD
Sporulation kinase B
KinB-signaling pathway activation protein
Sporulation kinase D
KipI antagonist
Kinase A inhibitor
cAMP-dependent protein kinase regulatory subunit
Sporulation kinase E
Laccase-1
Sporulation kinase A
Sporulation kinase C
Spore germination lipase LipC
Type 4 prepilin-like proteins leader peptide-processing enzyme
Bifunctional non-homologous end joining protein LigD
Antigen LPMC-61
L-Ala--D-Glu endopeptidase
Adapter protein MecA 2
Meiosis-specific protein MEI4
21 kDa protein inducing meiosis and sporulation
Negative regulator of sporulation MDS3
Adapter protein MecA 1
Meiosis protein 5
Meiotic fizzy-related protein 1
Autophagy-related protein 21
MYND-type zinc finger protein samB
Protein MUM2
Na(+)/H(+) antiporter subunit A
Meiotically up-regulated gene 174 protein
Meiotically up-regulated gene 117 protein
Meiotically up-regulated gene 123 protein
Meiotically up-regulated gene 184 protein
Meiotically up-regulated gene 97 protein
Meiotically up-regulated gene 66 protein
Meiotically up-regulated gene 99 protein, mitochondrial
NH(3)-dependent NAD(+) synthetase
NADH dehydrogenase  1 alpha subcomplex assembly factor 5
Calcium-binding protein NCS-1
Serine/threonine-protein kinase nrc-2
Sporulation-specific extracellular nuclease
Oligopeptide transport system permease protein OppB
Oligopeptide transport ATP-binding protein OppD
Outer spore wall protein 5
Oligopeptide transport system permease protein OppC
Protease synthase and sporulation protein PAI 2
pH-response regulator protein palA/RIM20
GTPase Obg
Oligopeptide transport ATP-binding protein OppF
Spermidine/spermine N(1)-acetyltransferase
Penicillin-binding protein 4B
Peptidoglycan-N-acetylmuramic acid deacetylase PdaA
Penicillin-binding protein 4*
Penicillin-binding protein 2B
Putative penicillin-binding protein PbpX
Probable polysaccharide deacetylase PdaB
3',5'-cyclic-nucleotide phosphodiesterase regA
Cell wall protein phiA
Negative regulator of sporulation PMD1
Presporeless protein A
Protein phosphatase PrpC
Polar tube protein 3
Cerevisin
Protein U
Polar tube protein 2
Prespore vesicle protein
Polar tube protein 1
Chromosome-anchoring protein RacA
Response regulator aspartate phosphatase A
Phosphorelay intermediate protein rdeA
Probable amino-acid racemase
Response regulator aspartate phosphatase B
Ras GTPase-activating-like protein rgaA
Meiotic activator RIM4
Sporulation protein RMD1
Sporulation protein RMD8
Protein RMD9, mitochondrial
Sporulation protein RMD6
Small, acid-soluble spore protein 1
Small, acid-soluble spore protein C1
Small, acid-soluble spore protein 2
Small, acid-soluble spore protein C3
Small, acid-soluble spore protein C5
Small, acid-soluble spore protein C2
Small, acid-soluble spore protein A
Small, acid-soluble spore protein gamma-type
Stage V sporulation protein AEB
Small, acid-soluble spore protein beta
Small, acid-soluble spore protein C4
Stage V sporulation protein AE
SpoIVD-associated factor A
Probable scytalone dehydratase
Spore-associated protein A
Small, acid-soluble spore protein alpha
Outer spore wall assembly protein SHE10
Spore cortex-lytic enzyme
Sporulation inhibitor sda
Sphingosine-1-phosphate lyase
Spore membrane assembly protein 2
Sad1-interacting factor 2
Sporulation initiation phosphotransferase B
Stage 0 sporulation protein J
Protein SHC1
Sporulation inhibitor of replication protein SirA
Sporulation initiation inhibitor protein Soj
Anti-sigma F factor
Stage II sporulation protein E
Stage II sporulation protein B
Stage III sporulation protein AB
Stage IV sporulation protein A
Stage IV sporulation protein FA
Probable spore coat protein DDB_G0283555
Stage V sporulation protein AC
Putative septation protein SpoVG 2
Conidium-specific protein
Probable spore coat protein sigD
Sporulation initiation phosphotransferase F
Anti-sigma F factor antagonist
Stage II sporulation protein D
Stage II sporulation protein Q
Putative septation protein SpoVG
Stage V sporulation protein M
Stage VI sporulation protein D
Spore photoproduct lyase
Spore protein SP21
Stage II sporulation protein P
Stage II sporulation protein SA
Stage II sporulation protein SB
Stage III sporulation protein AA
Stage III sporulation protein AF
SpoIVB peptidase
Stage V sporulation protein AA
Spore germination protein 1
Sporulation-specific with a leucine zipper motif protein 1
55.5 kDa and 49.5 kDa sporulation proteins
Putative sporulation sigma factor-processing peptidase
Stage II sporulation protein M
Stage III sporulation protein AC
Stage III sporulation protein AG
Stage V sporulation protein B
Putative septation protein SpoVG 1
Spore maturation protein B
Septin homolog spn7
Sporulation-specific protein 22
Surfactin synthase subunit 3
Stage IV sporulation protein FB
Stage V sporulation protein K
Spore coat protein SP85
Spore germination protein 3
Septin homolog spn5
Sporulation-specific protein SPO7
Small, acid-soluble spore protein C
Small, acid-soluble spore protein H 2
Small, acid-soluble spore protein I
Small, acid-soluble spore protein K
Small, acid-soluble spore protein N
Small, acid-soluble spore protein O
Sporulation-control protein spo0M
Probable sporulation sigma-E factor-processing peptidase
Stage III sporulation protein AE
DNA translocase SpoIIIE
Putative stage IV sporulation protein
Stage V sporulation protein R
Spore germination protein 270-11
Putative subtilisin-like proteinase 1
Dual specificity protein kinase splA
Spore maturation protein A
Probable meiosis-specific protein SPO11 homolog
Protein SspF
Small, acid-soluble spore protein H
Small, acid-soluble spore protein P
Sporulation sigma-E factor-processing peptidase
Stage II sporulation protein R
Stage V sporulation protein AD
Stage V sporulation protein D
Septin homolog spn6
Meiotic recombination protein spo-11
Meiosis-specific protein SPO11
Sporulation-specific protein 12
Sporulation protein 23
Small, acid-soluble spore protein H 1
Small, acid-soluble spore protein H 3
Small, acid-soluble spore protein M
Stage III sporulation protein AD
Stage III sporulation protein AH
Stage V sporulation protein AB
Stage V sporulation protein AF
Stage V sporulation protein E
Stage V sporulation protein S
Meiosis-specific protein SPO13
Sporulation-specific cell division protein SsgB
Subtilisin DY
Subtilisin J
Spore germination protein 2
Sporulation-specific glucan 1,3-beta-glucosidase
Sporulation protein SPS18
Surfactin synthase subunit 1
Small, acid-soluble spore protein D
Small, acid-soluble spore protein L
Stalk-specific protein A
Subtilisin Savinase
Subtilisin BPN'
Subtilisin amylosacchariticus
Subtilisin E
Surfactin synthase thioesterase subunit
Sporulation thiol-disulfide oxidoreductase A
Spore wall protein 2
Surfactin synthase subunit 2
Small, acid-soluble spore protein B
Stalk-specific protein B
Spore wall protein 25
Spore wall protein 30
Small, acid-soluble spore protein G
Small, acid-soluble spore protein J
Subtilisin BL
Subtilisin Carlsberg
Spore wall protein 1
Spore wall protein 26
Subtilisin NAT
Spore wall protein 7
Spore wall protein 12
Protein-glutamine gamma-glutamyltransferase
Acetyl-CoA acetyltransferase
Small, acid-soluble spore protein Tlp
TNF receptor-associated protein 1 homolog, mitochondrial
Trishanku
UBX domain-containing protein 4
Mannan polymerase I complex VAN1 subunit
Protein Veg
N-acetylmuramoyl-L-alanine amidase XlyB
N-acetylmuramoyl-L-alanine amidase XlyA
Putative uncharacterized 10.9 kDa protein in spoC1 gene cluster region
Spore wall protein ECU02_0150
Stage 0 sporulation protein YaaT
Sporulation-specific protease YabG
Spore coat protein YeeK
Spore coat protein F-like protein YgzC
Sporulation protein YhaL
Lipoprotein YhcN
Spore protein YabQ
Putative sporulation-specific glycosylase YdhD
UPF0752 sporulation protein YjcZ
Aspartyl-phosphate phosphatase YisI
Sporulation protein YjcA
Sporulation protein YkvU
Spore protein YabP
Sporulation protein YpeB
Aspartyl-phosphate phosphatase YnzD
Spore coat protein F-like protein YraD
Sporulation protein YdcC
Inner spore coat protein H-like protein
Sporulation integral membrane protein YlbJ
Spore coat protein F-like protein YraG
Putative cytochrome bd menaquinol oxidase subunit II
Dual specificity protein kinase zakA
Yellow mounds protein A
FAS1 domain-containing protein mug57
Endospore coat-associated protein YheD
Spore protein YkvP
UPF0749 protein YlxW
Sporulation protein YunB
Spore coat protein F-like protein YhcQ
Endospore coat-associated protein YheC
Sporulation membrane protein YtrH
Endospore coat-associated protein YutH
Regulatory protein YlbF
Spore coat protein F-like protein YraF
Putative cytochrome bd menaquinol oxidase subunit I
Dual specificity protein kinase zak2
