Peroxisomal adenine nucleotide transporter 1
ATP synthase subunit f, mitochondrial
ATP synthase subunit O, mitochondrial
Archaerhodopsin-2
Cruxrhodopsin-1
Cruxrhodopsin-3
V-type ATP synthase subunit G
Bacteriorhodopsin-I
Archaerhodopsin-1
Archaerhodopsin-3
Bacteriorhodopsin
Cruxrhodopsin-2
Bacteriorhodopsin-II
Pyrophosphate-energized membrane proton pump 3
Chloroplast envelope membrane protein
Cbb3-type cytochrome c oxidase subunit CcoN1
Pyrophosphate-energized proton pump 1
Pyrophosphate-energized proton pump 2
K(+)-insensitive pyrophosphate-energized proton pump
Pyrophosphate-energized proton pump
Chemotaxis protein LafT
MICOS complex subunit MIC27
Motility protein A
Phosphate carrier protein, mitochondrial
Purine nucleoside permease
Peptide transporter 3
Probable K(+)/H(+) antiporter subunit A/B
Probable K(+)/H(+) antiporter subunit E
Probable K(+)/H(+) antiporter subunit F
ATP-dependent 6-phosphofructokinase subunit beta
Probable K(+)/H(+) antiporter subunit C
ATP-dependent 6-phosphofructokinase subunit alpha
NAD(P) transhydrogenase subunit alpha
Plasma membrane ATPase
Chemotaxis protein PomA
Blue-light absorbing proteorhodopsin
Green-light absorbing proteorhodopsin
Mitochondrial uncoupling protein 5
Protein SIA1
V-type proton ATPase subunit D
V-type proton ATPase catalytic subunit A isoform 1
V-type proton ATPase catalytic subunit A isoform 2
V-type ATP synthase beta chain
V-type ATP synthase subunit I
V-type ATP synthase subunit E
V-type proton ATPase subunit E
V-type ATP synthase subunit I 1
Probable drug/proton antiporter YHK8
LETM1 domain-containing protein YLH47, mitochondrial
