Golgin subfamily A member 2
ATP-binding cassette sub-family C member 9
Tyrosine-protein kinase ABL1
Double C2-like domain-containing protein beta
Tyrosine-protein phosphatase non-receptor type 2
Ras-related protein Rab-4A
Cell invasion protein SipC
Soluble NSF attachment protein 29
Synaptosomal-associated protein 23
Synaptosomal-associated protein 47
Gamma-soluble NSF attachment protein
Synaptosomal-associated protein 29
Lethal(2) giant larvae protein homolog SRO77
Spectrin alpha chain, non-erythrocytic 1
Syntaxin-binding protein 4
Syntaxin-binding protein 5-like
Lethal(2) giant larvae protein homolog SRO7
Synaptotagmin-3
Transmembrane emp24 domain-containing protein 9
Putative acetylcholine regulator unc-18
Vacuolar protein sorting-associated protein 51 homolog
Vacuolar protein sorting-associated protein 54
Vacuolar protein sorting-associated protein 52 homolog
