Signal recognition particle SEC65 subunit
Signal recognition particle subunit SEC65
Signal recognition particle sec65 subunit
Signal recognition particle 54 kDa protein 1
Signal recognition particle 54 kDa protein 2
Signal recognition particle 54 kDa protein, chloroplastic
Signal recognition particle 14 kDa protein
Signal recognition particle 54 kDa protein homolog
Signal recognition particle 9 kDa protein
Signal recognition particle 19 kDa protein
Signal recognition particle subunit SRP21
Signal recognition particle 54 kDa protein
Signal recognition particle subunit SRP68
Signal recognition particle subunit SRP72
Probable signal recognition particle 43 kDa protein, chloroplastic
Signal recognition particle 19 kDa protein homolog
Signal recognition particle 43 kDa protein, chloroplastic
Signal recognition particle subunit srp14
Probable signal recognition particle 19 kDa protein
Signal recognition particle subunit SRP54
Signal recognition particle 54 kDa protein 3
Signal recognition particle subunit SRP14
Signal recognition particle subunit srp72
