Histone H2A type 1
Histone H2A.v3
Histone H2AX
Histone H2A.Z
Histone H3.v2
Histone H2A type 2-A
Histone H2A type 4
Histone H2A.J
Histone H2A.V
Histone H2A type 1-C
Histone H2A type 2-C
Histone H2A.v1
Histone H2B type 1-F/J/L
Histone H2A-IV
Histone H2B.9
Histone H2A type 1-E
Histone H2A type 1-H
Histone H2A.1
Probable histone H2A.5
Histone H2A.z
Histone H2B type 1-C/E/G
Histone H2A type 1-F
Probable histone H2A.2
Histone H2A.v2
Histone H2B type 1
Histone H2B type 2-B
Histone H2B type 3-B
Histone H3.2
Probable histone H2A.1
Histone H2A variant 1
Histone H3.v1
Huntingtin-interacting protein M
