Movement protein BC1
Capsid protein
Putative movement protein
Putative movement protein p6.6
Movement protein
Double gene block protein 1
Probable movement protein p8
Double gene block protein 2
Probable movement protein
P3N-PIPO polyprotein
Movement and RNA silencing protein VP6
Movement protein p6
Putative movement protein 3
Movement protein P1
Probable movement protein 4b
Movement and RNA silencing protein
Long-distance movement protein
OBERON-like protein
Movement and silencing protein TGBp1
Movement protein TGB2
Movement protein TGBp3
Movement protein TGB3
TGB2 protein
Movement protein TGB1
Suppressor of RNA silencing
