Aegerolysin Aa-Pri1
Brevinin-1P
Brevinin-1V
Chrysophsin-3
Chrysophsin-1
Chrysophsin-2
Esculentin-1
Grahamin-2
Thermostable direct hemolysin 1
Thermostable direct hemolysin-related
Thermostable direct hemolysin 2
Hemolysin, heat labile
Hylin-b2
Thermostable direct hemolysin
Hylin-b1
Ponericin-W1
Ponericin-W5
Ponericin-W2
Ocellatin-3
Ocellatin-K1
Ostreolysin A6
Ocellatin-1
Ocellatin-2
Ponericin-W4
Ponericin-W3
Syphaxin
Terrelysin
M-oxotoxin-Ot2a
M-oxotoxin-Ot2c
M-oxotoxin-Ot2d
M-oxotoxin-Ot2b
Dinoponeratoxin Da-2501
Antimicrobial peptide 4
Antimicrobial peptide 1
Antimicrobial peptide 2
Antimicrobial peptide 6
Antimicrobial peptide 5
Antimicrobial peptide 7
