Afadin- and alpha-actinin-binding protein
I/6 autoantigen
Centrosomal protein of 170 kDa protein B
Protein CLASP-3
Cytoskeleton-associated protein 2
Protein CLASP-1
Dynamin-related protein 1B
Dynamin-related protein 4C
Dynamin-related protein 1D
Echinoderm microtubule-associated protein-like 5
Echinoderm microtubule-associated protein-like 6
77 kDa echinoderm microtubule-associated protein
Echinoderm microtubule-associated protein-like 3
Echinoderm microtubule-associated protein-like 4
Kinetochore protein fta1
Gamma-aminobutyric acid receptor-associated protein-like 1
Giardin subunit alpha-2
Giardin subunit alpha-5
Giardin subunit alpha-4
Giardin subunit alpha-9
Giardin subunit alpha-1
Giardin subunit alpha-8
Giardin subunit alpha-3
Giardin subunit gamma
Giardin subunit alpha-6
Leucine-rich repeat-containing protein 49
Mitogen-activated protein kinase kinase kinase 2
Median body protein
Microtubule-associated protein 70-3
Microtubule-associated protein 70-2
Microtubule-associated protein 70-1
Microtubule-associated protein P320
Protein Shroom1
Microtubule-associated protein SPIRAL2-like
Protein SPIRAL1-like 2
Protein SPIRAL1-like 4
Protein SPIRAL1-like 1
Protein SPIRAL1-like 3
Protein SPIRAL1-like 5
T-complex protein 11-like protein 1
Tubulin alpha chain
Tektin-3
Tubulin-specific chaperone B
Tektin-2
Tektin-5
Tektin-1
Tektin-4
Tektin-B1
E3 ubiquitin-protein ligase Midline-1
Tubulin polyglutamylase complex subunit 2
Tubulin polyglutamylase TTLL11
Tubulin polyglutamylase TTLL13
Probable tubulin polyglutamylase TTLL9
Tubulin polyglutamylase TTLL13P
Protein WVD2-like 1
