ComG operon protein 3 homolog
ComG operon protein 4
Fimbrial protein
Fimbrial protein Q
Putative type II secretion system protein I
Type II secretion system protein N
Type II secretion system protein C
Type II secretion system protein D
Type II secretion system protein F
Type II secretion system protein H
Type II secretion system protein I
Type II secretion system protein J
Type II secretion system protein E
Putative type II secretion system protein G
Putative type II secretion system protein E
Putative type II secretion system protein F
Type II secretion system protein G
Putative type II secretion system protein D
Putative type II secretion system protein H
Putative type II secretion system protein C
Probable type II secretion system protein HxcR
Protein translocase subunit SecA
Putative type II secretion system C-type protein YghF
