CSC1-like protein At3g54510
CSC1-like protein At1g62320
CSC1-like protein At1g10090
CSC1-like protein At1g69450
CSC1-like protein At4g15430
CSC1-like protein RXW8
CSC1-like protein ERD4
CSC1-like protein At4g02900
CSC1-like protein HYP1
Protein FAM26E
Mucolipin-2
Microcin E492
Magnesium transporter MRS2-C
Putative magnesium transporter MRS2-D
Putative magnesium transporter MRS2-G
Magnesium transporter MRS2-E
Magnesium transporter MRS2-8
Magnesium transporter MRS2-B
Magnesium transporter MRS2-F
Putative magnesium transporter MRS2-H
Putative magnesium transporter MRS2-9
Polycystic kidney disease and receptor for egg jelly-related protein
Polycystic kidney disease protein 1-like 2
Polycystin-2
Plasmolipin
Porin PorA
Sporulation-specific protein 75
Transmembrane channel-like protein 3
Transmembrane channel-like protein 4
Transmembrane channel-like protein 5
Transmembrane channel-like protein 7
Transmembrane channel-like protein 2
