(RS)-norcoclaurine 6-O-methyltransferase
3'-hydroxy-N-methyl-(S)-coclaurine 4'-O-methyltransferase
Bergaptol O-methyltransferase
TRIBOA-glucoside O-methyltransferase BX7
O-demethylpuromycin-O-methyltransferase
(+)-6a-hydroxymaackiain 3-O-methyltransferase 2
Probable inactive methyltransferase Os04g0175900
Probable O-methyltransferase 2
Trans-resveratrol di-O-methyltransferase
(S)-scoulerine 9-O-methyltransferase
Flavonoid 4'-O-methyltransferase
Putative O-methyltransferase MLBr01075
Putative O-methyltransferase MAV_1364
Putative O-methyltransferase ML1075
Putative O-methyltransferase Mflv_2199
Putative O-methyltransferase MAB_1361c
Putative O-methyltransferase MT1258
Putative O-methyltransferase Mb1252c
Putative O-methyltransferase MRA_1229
Putative O-methyltransferase BCG_1280c
Putative O-methyltransferase MUL_4520
Putative O-methyltransferase Mmcs_3995
Putative O-methyltransferase MAP_2558
Putative O-methyltransferase Mjls_4009
Putative O-methyltransferase Mvan_4497
Putative O-methyltransferase MMAR_4217
Putative O-methyltransferase Mkms_4069
Putative O-methyltransferase MSMEG_5073/MSMEI_4947
O-methyltransferase ZRP4
