Activator of basal transcription 1
Aryl hydrocarbon receptor
Akirin
Aryl hydrocarbon receptor nuclear translocator homolog
Brahma-associated protein of 60 kDa
Transcription factor BTF3
Cyclin CCL1
Calcium-responsive transcription factor
Cyclin-H
Cyclin-dependent kinase 7
Cyclin-H1-1
Cyclin-K
Polyribonucleotide 5'-hydroxyl-kinase Clp1
Cleavage and polyadenylation specificity factor subunit 7
Cyclic AMP-responsive element-binding protein 5
Cleavage stimulation factor subunit 1
Cleavage and polyadenylation specificity factor subunit 1
Cleavage stimulation factor subunit 2
Cleavage and polyadenylation specificity factor subunit 3
Cleavage stimulation factor subunit 3
Cleavage and polyadenylation specificity factor subunit 2
Cleavage and polyadenylation specificity factor subunit 5
Nucleolar RNA helicase 2
Nucleolar RNA helicase 2-B
Nucleolar RNA helicase 2-A
Segment polarity protein dishevelled homolog DVL-1
Segment polarity protein dishevelled homolog DVL-2
Protein ecdysoneless homolog
RNA polymerase II elongation factor ELL3
Double homeobox protein 1
TFIIH basal transcription factor complex helicase XPD subunit
Protein ENL
RNA polymerase II transcription factor SIII subunit A2
TFIIH basal transcription factor complex helicase repB subunit
TFIIH basal transcription factor complex helicase XPB subunit
Protein FAM170A
Protein C-ets-1
TFIIH basal transcription factor complex helicase repD subunit
Protein FEV
Forkhead box protein E1
Forkhead box protein E3
Forkhead box protein O4
Forkhead box protein N1
Zinc finger protein Gfi-1b
Zinc finger protein GLIS3
Glucocorticoid modulatory element-binding protein 2
Transcriptional activator HAP2
Transcriptional activator HAP4
Transcriptional coactivator HFI1/ADA1
Transcriptional activator HAP3
Transcriptional activator HAP5
Hypoxia-inducible factor 3-alpha
Transcriptional coactivator hfi1
Hypoxia-inducible factor 1
Heat shock factor 2-binding protein
Helix-loop-helix protein 6
Hepatic leukemia factor
Putative DNA helicase ino80
Putative DNA helicase INO80
Transcription factor iws1
Transcription factor IWS1
Transcriptional elongation regulator MINIYO
Transcription factor jun-B
Ligand-dependent nuclear receptor corepressor-like protein
Serine/threonine-protein kinase KIN28
Ligand-dependent corepressor
U7 snRNA-associated Sm-like protein LSm11
U7 snRNA-associated Sm-like protein LSm10
mRNA cap guanine-N7 methyltransferase
Mediator of RNA polymerase II transcription subunit 14
Putative mediator of RNA polymerase II transcription subunit 15
Mediator of RNA polymerase II transcription subunit 18
Putative mediator of RNA polymerase II transcription subunit 21
Mediator of RNA polymerase II transcription subunit 31
Mediator of RNA polymerase II transcription subunit 11
Putative mediator of RNA polymerase II transcription subunit 20
Mediator of RNA polymerase II transcription subunit 20
Mediator of RNA polymerase II transcription subunit 8
Mediator of RNA polymerase II transcription subunit 9
Mediator of RNA polymerase II transcription subunit 13-like
Putative mediator of RNA polymerase II transcription subunit 19
Mediator of RNA polymerase II transcription subunit 21
Mediator of RNA polymerase II transcription subunit 5
Protein mago nashi homolog
Putative mediator of RNA polymerase II transcription subunit 11
Mediator of RNA polymerase II transcription subunit 4
Putative mediator of RNA polymerase II transcription subunit 9
Protein max
Putative mediator of RNA polymerase II transcription subunit 16
Putative mediator of RNA polymerase II transcription subunit 28
Putative mediator of RNA polymerase II transcription subunit 29
DNA repair/transcription protein mms19
Putative mediator of RNA polymerase II transcription subunit 18
Mediator of RNA polymerase II transcription subunit 19
Probable helicase mot1
Nuclear cap-binding protein subunit 1
Nuclear factor interleukin-3-regulated protein
Nuclear factor 1 X-type
Nuclear transcription factor Y subunit alpha
Non-histone chromosomal protein 6B
Nuclear cap-binding protein subunit 2
N-myc-interactor
DNA-directed RNA polymerase II subunit 2
Nuclear factor related to kappa-B-binding protein
DNA-directed RNA polymerase IV subunit 1
Chromatin-remodeling complexes subunit ngg1
DNA-directed RNA polymerase V subunit 1
DNA-directed RNA polymerases II, IV and V subunit 3
Nocturnin
DNA-directed RNA polymerase II subunit 1
POU domain class 2-associating factor 1
Putative transcription factor ovo-like protein 3
Protein ovo
Pre-mRNA cleavage complex 2 protein Pcf11
Protein pangolin, isoform J
Paired box protein Pax-3
Pre-B-cell leukemia transcription factor 4
Paired box protein Pax-1
Protein pangolin, isoforms A/H/I/S
Poly(A) polymerase alpha
Core-binding factor subunit beta
Pachytene checkpoint protein 2 homolog
POU domain, class 3, transcription factor 4
Pirin
POU domain, class 4, transcription factor 1
Polyamine-modulated factor 1
Segmentation protein paired
Pre-mRNA-processing factor 17
Pre-mRNA-splicing factor ATP-dependent RNA helicase PRP16
Securin
RNA polymerase II-associated protein RBA50
RNA polymerase II-associated protein rba50
RNA-binding protein 8A
RNA-binding motif protein, X chromosome
DNA repair protein RAD2
DNA repair helicase RAD3
DNA-binding protein rap1
Regulator of nonsense transcripts 3B
DNA-directed RNA polymerases I, II, and III subunit RPABC2
DNA-directed RNA polymerase II subunit RPB11
DNA-directed RNA polymerase II subunit rpb2
DNA-directed RNA polymerase II 16 kDa polypeptide
DNA-directed RNA polymerases I, II, and III subunit RPABC1
DNA-directed RNA polymerase II subunit rpb11
DNA-directed RNA polymerase II subunit RPB1
RNA-binding motif protein, X chromosome retrogene-like
DNA-directed RNA polymerase II subunit RPB2
RNA polymerase II-associated protein 1
Probable DNA-directed RNA polymerase II subunit RPB11
DNA-directed RNA polymerase II subunit RPB3
DNA-directed RNA polymerases IV and V subunit 3B
RNA binding motif protein, X-linked-like-1
DNA-directed RNA polymerase II subunit RPB11-b2
DNA-directed RNA polymerase II subunit RPB11-b1
DNA-directed RNA polymerase II subunit rpb1
DNA-directed RNA polymerase II subunit rpb3
Ras-responsive element-binding protein 1
RNA polymerase II subunit B1 CTD phosphatase RTR1
Runt-related transcription factor 3
Small nuclear ribonucleoprotein G
Protein SCAF8
Small nuclear ribonucleoprotein E
Small nuclear ribonucleoprotein F
Splicing factor, arginine/serine-rich 19
SAGA-associated factor 73
Histone RNA hairpin-binding protein
SAGA-associated factor 29
Short stature homeobox protein
Transcription elongation factor spt5
Small nuclear ribonucleoprotein Sm D3
Protein SPT3
Serine/arginine-rich splicing factor 9
Transcriptional activator spt7
Transcription elongation factor SPT5
Chromatin structure-remodeling complex subunit snf21
Serine/arginine-rich splicing factor 11
Transcription factor Sp6
SAGA complex subunit spt3
Serine/arginine-rich splicing factor 1
Serine/arginine-rich splicing factor 6
Signal transducer and activator of transcription 5B
Serine/arginine-rich splicing factor 2
Serine/arginine-rich splicing factor 4
SAGA complex subunit spt20
Transcription elongation factor spt4
Serine/arginine repetitive matrix protein 1
Serine/arginine-rich splicing factor 3
Serine/arginine-rich splicing factor 5
Signal transducer and activator of transcription 5A
Transcription initiation factor TFIID subunit 11
Transcription initiation factor TFIID subunit 13
Transcription initiation factor TFIID subunit 3
Transcription initiation factor TFIID subunit 6
TSC22 domain family protein 1
Transcription initiation factor TFIID subunit 9
Transcription initiation factor TFIID subunit 10
Transcription initiation factor TFIID subunit 8
TATA-box-binding protein 1
Transcription initiation factor IIA subunit 2
Transcription initiation factor TFIID subunit 4B
TATA-box-binding protein
TATA box-binding protein-like protein 1
General transcription factor IIH subunit 4
General transcription factor IIH subunit 3
RNA polymerase II transcription factor B subunit 1
RNA polymerase II transcription factor B subunit 5
Transcription initiation factor TFIID subunit 12
Transcription initiation factor TFIID subunit 4
Transcription elongation regulator 1
TAF5-like RNA polymerase II p300/CBP-associated factor-associated factor 65 kDa subunit 5L
TATA-box-binding protein 2
Transcription factor-like 5 protein
General transcription factor IIH subunit 1
RNA polymerase II transcription factor B subunit 2
Protein trachealess
TATA element modulatory factor
Splicing factor U2AF 65 kDa subunit
Splicing factor U2AF 35 kDa subunit
Upstream stimulatory factor 1
Upstream stimulatory factor 2
Vascular endothelial zinc finger 1
B3 domain-containing protein VP1
Zinc finger and BTB domain-containing protein 7B
Zinc finger protein 768
Zinc finger protein 136
Zinc finger protein 141
Zinc finger protein 202
Zinc finger protein 473
Zinc finger protein 516
