Holo- synthase
4'-phosphopantetheinyl transferase AcpT
Acetate kinase
Methanol dehydrogenase activator
Probable holo- synthase 2
L-aminoadipate-semialdehyde dehydrogenase-phosphopantetheinyl transferase
Homoisocitrate dehydrogenase
Amorpha-4,11-diene synthase
Aristolochene synthase
Adenine phosphoribosyltransferase
Beta-galactosidase 2
ATP-dependent dethiobiotin synthetase BioD
ATP-dependent dethiobiotin synthetase BioD 1
ATP-dependent dethiobiotin synthetase BioD 2
6-carboxyhexanoate--CoA ligase
Beta-galactosidase
Beta-galactosidase 1
Dethiobiotin synthetase
Casbene synthase, chloroplastic
Cis-3-hydroxy-L-proline dehydratase
CRISPR-associated endonuclease/helicase Cas3
Calcium and integrin-binding family member 4
Calcium and integrin-binding family member 3
Probable 2-phosphosulfolactate phosphatase
Alpha-muurolene synthase
Germacradienol/geosmin synthase
2,3,4,5-tetrahydropyridine-2,6-dicarboxylate N-succinyltransferase
Adenylate cyclase
D-galactonate dehydratase
Deoxyguanosinetriphosphate triphosphohydrolase-like protein
Probable deoxyguanosinetriphosphate triphosphohydrolase
Deoxyguanosinetriphosphate triphosphohydrolase
D-galactonate dehydratase 1
Deoxyguanosinetriphosphate triphosphohydrolase-like protein 1
Deoxyguanosinetriphosphate triphosphohydrolase-like protein 2
PTS-dependent dihydroxyacetone kinase, ADP-binding subunit DhaL
D-galactonate dehydratase family member SeV_A0456
D-galactonate dehydratase family member SEN1436
D-galactonate dehydratase family member SBI_01856
D-galactonate dehydratase 2
DNA polymerase IV 1
DNA polymerase IV 2
D-galactonate dehydratase family member RspA
DNA ligase B
Deoxyuridine 5'-triphosphate nucleotidohydrolase
DNA polymerase IV 3
Probable GTP-binding protein EngB
Isochorismate synthase EntC
Enterobactin synthase component D
Enterobactin synthase component B
Fructose-1,6-bisphosphatase class 1 1
Fructose-1,6-bisphosphatase class 1 2
Fructose-1,6-bisphosphatase class 1 3
Fructose-1,6-bisphosphatase class 1
Fatty acid synthase subunit alpha
Flap endonuclease 1
4'-phosphopantetheinyl transferase ffp
L-fuconate dehydratase
Galactokinase
5-keto-4-deoxy-D-glucarate aldolase
Germacrene A synthase 1
UTP--glucose-1-phosphate uridylyltransferase
Germacrene A synthase 2
ADP-dependent glucokinase
Glucose-1-phosphate adenylyltransferase
Glutamate-ammonia-ligase adenylyltransferase
GDP-mannose mannosyl hydrolase
4'-phosphopantetheinyl transferase gsp
Glucarate dehydratase
DNA gyrase subunit B
Probable glucarate dehydratase
GTPase HflX
ATP phosphoribosyltransferase 2, chloroplastic
ATP phosphoribosyltransferase
Isocitrate--homoisocitrate dehydrogenase
Holliday junction resolvase Hjc
4'-phosphopantetheinyl transferase HetI
ATP phosphoribosyltransferase 1, chloroplastic
ATP phosphoribosyltransferase 1
ATP phosphoribosyltransferase, chloroplastic
D-galactonate dehydratase family member VIC002985
Isopentenyl-diphosphate delta-isomerase
D-galactonate dehydratase family member Pecwa_4254
D-galactonate dehydratase family member OG2516_05608
D-galactonate dehydratase family member PC1_4063
D-galactonate dehydratase family member VSWAT3_13707
D-galactonate dehydratase family member VME_00770
D-galactonate dehydratase family member EGBG_01401
D-galactonate dehydratase family member Caci_4410
D-galactonate dehydratase family member Cbei_4837
D-galactonate dehydratase family member ECAG_02205
D-galactonate dehydratase family member Pjdr2_1176
D-galactonate dehydratase family member Ctu_1p00430
D-galactonate dehydratase family member CLOBOL_02770
D-galactonate dehydratase family member Ent638_0932
D-galactonate dehydratase family member ECA0189
D-galactonate dehydratase family member SSBG_02010
D-galactonate dehydratase family member EGBG_02030
Isoprene synthase, chloroplastic
Inositol-tetrakisphosphate 1-kinase
Inositol-tetrakisphosphate 1-kinase 4
D-galactonate dehydratase family member Achl_0790
D-galactonate dehydratase family member A1Q3065
Inositol-tetrakisphosphate 1-kinase 3
Inositol-tetrakisphosphate 1-kinase 5
Inositol-tetrakisphosphate 1-kinase 1
Inositol-tetrakisphosphate 1-kinase 2
3-deoxy-manno-octulosonate cytidylyltransferase
Ent-kaur-16-ene synthase, chloroplastic
3-isopropylmalate dehydrogenase A
3-isopropylmalate/3-methylmalate dehydrogenase
3-isopropylmalate dehydrogenase
3-isopropylmalate dehydrogenase 1
3-isopropylmalate dehydrogenase 2
3-isopropylmalate dehydrogenase, chloroplastic
3-isopropylmalate dehydrogenase B
(R)-limonene synthase
4'-phosphopantetheinyl transferase
Enolase-phosphatase E1
Ribonucleotide monophosphatase NagD
Endonuclease V
Nucleoside triphosphatase NudI
Diphosphoinositol polyphosphate phosphohydrolase 1
GDP-mannose pyrophosphatase NudK
8-oxo-dGDP phosphatase NUDT18
ADP compounds hydrolase NudE
Probable GTP-binding protein OBGC2
Probable GTP-binding protein OBGC1, chloroplastic
DNA topoisomerase 4 subunit B
Beta-phosphoglucomutase
Pyrophosphate--fructose 6-phosphate 1-phosphotransferase
Pyrophosphatase PpaX
4'-phosphopantetheinyl transferase Npt
Putative pyrophosphatase PpaX
Adenylosuccinate synthetase isozyme 2 B
Adenylosuccinate synthetase isozyme 1 B
Adenylosuccinate synthetase 1
Adenylosuccinate synthetase isozyme 1
Adenylosuccinate synthetase 2
4'-phosphopantetheinyl transferase psf-1
5-formaminoimidazole-4-carboxamide-1-(beta)-D-ribofuranosyl 5'-monophosphate synthetase
Adenylosuccinate synthetase isozyme 2 A
Adenylosuccinate synthetase isozyme 2
Adenylosuccinate synthetase isozyme 1 A
Adenylosuccinate synthetase isozyme 1 C
RecBCD enzyme subunit RecB
Ribulose bisphosphate carboxylase-like protein
Recombination protein RecR
Holliday junction resolvase RecU
2-keto-3-deoxy-L-rhamnonate aldolase
L-rhamnonate dehydratase
Putative L-rhamnonate dehydratase
(R)-limonene synthase 1
Ribonuclease HIII
Glucose-1-phosphate thymidylyltransferase
Glucose-1-phosphate thymidylyltransferase 2
Crossover junction endodeoxyribonuclease RusA
Crossover junction endodeoxyribonuclease rusA
Holliday junction resolvase
Probable inactive shikimate kinase like 2, chloroplastic
Lysine--tRNA ligase
Type-2 restriction enzyme BamHI
Type-2 restriction enzyme RsrI
Type-2 restriction enzyme AplI
Type-2 restriction enzyme XcyI
Type-2 restriction enzyme PstI
Type-2 restriction enzyme Cfr9I
Type-2 restriction enzyme EcoRI
Type-2 restriction enzyme BglII
Type-2 restriction enzyme BsuBI
DNA topoisomerase 1
Type 2 DNA topoisomerase 6 subunit A
DNA topoisomerase I, plasmid
(-)-limonene synthase, chloroplastic
Limonene/alpha-pinene synthase, chloroplastic
Limonene synthase, chloroplastic
Alpha-copaene synthase
Ditrans,polycis-undecaprenyl-diphosphate synthase
Glycerophosphoryl diester phosphodiesterase
Ribonuclease VapC5
ATP-dependent DNA helicase UvrD2
GDP-mannose mannosyl hydrolase WbdQ/WbhG
UPF0292 protein TV1259
UPF0292 protein TK1411
UPF0292 protein TON_0187
UPF0292 protein MJ1624
Putative 4'-phosphopantetheinyl transferase PM0116
Putative 4'-phosphopantetheinyl transferase HI_0152
UPF0292 protein PH1700
UPF0292 protein TGAM_1777
UPF0292 protein Mbar_A0484
UPF0292 protein PF1724
UPF0292 protein TSIB_0423
UPF0292 protein AF_0905
UPF0292 protein MA_4098
UPF0292 protein PYRAB04740
Putative 4'-phosphopantetheinyl transferase slr0495
UPF0292 protein MTH_890
Carbohydrate deacetylase
UPF0292 protein MM_0821
