Cytochrome c-550
Cytochrome f, chloroplastic
Photosystem II stability/assembly factor HCF136, chloroplastic
Protein PAM68, chloroplastic
Photosystem II reaction center protein M
Oxygen-evolving enhancer protein 1, chloroplastic
Photosystem II 22 kDa protein, chloroplastic
Photosystem II reaction center W protein, chloroplastic
Oxygen-evolving enhancer protein 2
Photosystem II reaction center X protein
Photosystem II protein Y
Photosystem II core complex proteins psbY, chloroplastic
Putative oxygen-evolving enhancer protein 2
Photosystem II 5 kDa protein, chloroplastic
Oxygen-evolving enhancer protein 1
Cytochrome b559 subunit beta
Putative oxygen-evolving enhancer protein 1
Photosystem II 10 kDa polypeptide
Oxygen-evolving enhancer protein 3
Photosystem II reaction center W protein
Photosystem II reaction center protein Ycf12
