Alpha-actinin-4
Nuclear segregation protein BFR1
CRS2-associated factor 2, chloroplastic
RNA-binding protein BRN1
CRS2-associated factor 1, chloroplastic
CRS2-associated factor 2, mitochondrial
RNA-binding protein BRN2
CRS2-associated factor 1, mitochondrial
Caprin homolog
Centromere/microtubule-binding protein CBF5
Protein CASC3
Chloroplastic group IIA intron splicing facilitator CRS1, chloroplastic
Chloroplastic group IIB intron splicing facilitator CRS2-B, chloroplastic
Cleavage and polyadenylation specificity factor subunit 3
Cleavage and polyadenylation specificity factor subunit 6
29 kDa ribonucleoprotein, chloroplastic
Chloroplastic group IIB intron splicing facilitator CRS2-A, chloroplastic
RNA-binding protein CP31B, chloroplastic
Chloroplastic group IIB intron splicing facilitator CRS2, chloroplastic
DDB1- and CUL4-associated factor 13
ATP-dependent RNA helicase ddx6
ATP-dependent RNA helicase A
Putative H/ACA ribonucleoprotein complex subunit 4
Dual specificity tyrosine-phosphorylation-regulated kinase 1A
ELAV-like protein 3
ELAV-like protein 4
ELAV-like protein 1-A
ELAV-like protein 2
ELAV-like protein 1-B
rRNA/tRNA 2'-O-methyltransferase fibrillarin
Glycine-rich protein GRP33
HEAT repeat-containing protein 1
Heterogeneous nuclear ribonucleoprotein L-like
Heterogeneous nuclear ribonucleoprotein C-like 1
Heterogeneous nuclear ribonucleoprotein H2
Heterogeneous nuclear ribonucleoprotein C
Heterogeneous nuclear ribonucleoprotein C-like 2
Heterogeneous nuclear ribonucleoprotein U
Heat shock 70 kDa protein 1
Heterogeneous nuclear ribonucleoprotein Q
Heat shock cognate 71 kDa protein
U3 small nucleolar ribonucleoprotein protein IMP4
U3 small nucleolar ribonucleoprotein protein IMP3
Janus kinase and microtubule-interacting protein 1
Casein kinase I isoform epsilon
Jerky protein
Casein kinase I isoform alpha
KRR1 small subunit processome component homolog
Protein LSM14 homolog A-A
La-related protein 6
La-related protein 7
Protein LSM14 homolog B-B
Lupus La protein homolog B
KRR1 small subunit processome component
Lupus La protein homolog
La protein 2
La protein homolog
Protein LSM14 homolog B-A
Lupus La protein homolog A
Protein LSM14 homolog A-B
La protein 1
U7 snRNA-associated Sm-like protein LSm11
Protein LSM14 homolog A
Protein LSM14 homolog B
Probable U6 snRNA-associated Sm-like protein
Protein MNE1
Multiple RNA-binding domain-containing protein 1
Major vault protein
Exonuclease mut-7 homolog
Major vault protein beta
H/ACA ribonucleoprotein complex non-core subunit NAF1
Major vault protein alpha
Nuclear cap-binding protein subunit 1
Nucleolar protein 16
Nucleolar protein 58
Ribosome biogenesis protein NSA2
Nuclear speckle splicing regulatory protein 1
Ribosome biogenesis protein NSA2 homolog
H/ACA ribonucleoprotein complex subunit 2
Ribosome biogenesis protein nsa2
Nuclear speckle splicing regulatory protein 1 homolog
Polyadenylate-binding protein 2
Poly(rC)-binding protein 3
Poly(rC)-binding protein 4
Polyadenylate-binding protein 1
Piwi protein AF_1318
Peptidyl-tRNA hydrolase, mitochondrial
RNA binding motif protein, X-linked-like-1
RNA-binding motif protein, X-linked-like-2
Heterogeneous nuclear ribonucleoprotein A2 homolog 2
Heterogeneous nuclear ribonucleoprotein-like protein HD40
60 kDa SS-A/Ro ribonucleoprotein homolog
Heterogeneous nuclear ribonucleoprotein A1
Heterogeneous nuclear ribonucleoprotein A1, A2/B1 homolog
Heterogeneous nuclear ribonucleoprotein A/B
33 kDa ribonucleoprotein, chloroplastic
Heterogeneous nuclear ribonucleoprotein A2 homolog 1
29 kDa ribonucleoprotein B, chloroplastic
Heterogeneous nuclear ribonucleoproteins A1 homolog
28 kDa ribonucleoprotein, chloroplastic
Heterogeneous nuclear ribonucleoprotein A3 homolog 1
Heterogeneous nuclear ribonucleoprotein A0
30 kDa ribonucleoprotein, chloroplastic
29 kDa ribonucleoprotein A, chloroplastic
31 kDa ribonucleoprotein, chloroplastic
Heterogeneous nuclear ribonucleoprotein A3 homolog 2
60 kDa SS-A/Ro ribonucleoprotein
rRNA biogenesis protein RRP36
rRNA biogenesis protein rrp36
rRNA biogenesis protein rrp-36
Putative snRNP Sm-like protein
Small nuclear ribonucleoprotein-associated protein N
U2 small nuclear ribonucleoprotein A'
Outer spore wall assembly protein SHE10
Histone RNA hairpin-binding protein
Bifunctional glutamate/proline--tRNA ligase
Telomerase reverse transcriptase
U2 small nuclear ribonucleoprotein auxiliary factor 35 kDa subunit-related protein 1
U3 small nucleolar RNA-associated protein 10
U3 small nucleolar RNA-associated protein 25
U3 snoRNP-associated protein-like YAOH
