Beta-1,6-galactosyltransferase GALT29A
CMP-N-acetylneuraminate-beta-galactosamide-alpha-2,3-sialyltransferase 2
Alpha-N-acetylgalactosaminide alpha-2,6-sialyltransferase 2
Alpha-N-acetylgalactosaminide alpha-2,6-sialyltransferase 6
Alpha-2,8-sialyltransferase 8E
Type 2 lactosamine alpha-2,3-sialyltransferase
Alpha-N-acetylgalactosaminide alpha-2,6-sialyltransferase 3
Alpha-N-acetylgalactosaminide alpha-2,6-sialyltransferase 5
Alpha-2,8-sialyltransferase 8B
Sia-alpha-2,3-Gal-beta-1,4-GlcNAc-R:alpha 2,8-sialyltransferase
Alpha-2,8-sialyltransferase 8F
Alpha-N-acetylgalactosaminide alpha-2,6-sialyltransferase 1
CMP-N-acetylneuraminate-poly-alpha-2,8-sialyltransferase
Beta-galactoside alpha-2,6-sialyltransferase 1
CMP-N-acetylneuraminate-beta-galactosamide-alpha-2,3-sialyltransferase 4
Alpha-N-acetylneuraminide alpha-2,8-sialyltransferase
Beta-galactoside alpha-2,6-sialyltransferase 2
Lactosylceramide alpha-2,3-sialyltransferase
Alpha-N-acetyl-neuraminyl-2,3-beta-galactosyl-1,3-N-acetyl-galactosaminide alpha-2,6-sialyltransferase
Sialyltransferase-like protein 3
Sialyltransferase-like protein 4
Sialyltransferase-like protein 2
Sialyltransferase-like protein 1
