Leucine-rich repeat serine/threonine-protein kinase 2
Fructose-bisphosphate aldolase A
Cyclic AMP-dependent transcription factor ATF-5
Centromere protein J
CDK5 regulatory subunit-associated protein 2
Dynein heavy chain, cytoplasmic
Echinoderm microtubule-associated protein-like 1
Echinoderm microtubule-associated protein-like 2
Tyrosine-protein kinase Fyn
Gamma-tubulin complex component 3
Gephyrin
Glycosylphosphatidylinositol anchor attachment 1 protein
Intraflagellar transport protein 81
Intraflagellar transport protein 81 homolog
Kinesin-like protein KIF14
MAP7 domain-containing protein 3
Microtubule-associated protein 1S
Microtubule-associated proteins 1A/1B light chain 3B
TRAF3-interacting protein 1
Neurocalcin-delta
Nuclear migration protein NUM1
ATP-dependent 6-phosphofructokinase
Protein phosphatase 1 regulatory subunit 42
Major prion protein
Rab GTPase-activating protein 1
RBPJ-interacting and tubulin-associated protein 1
SH3-containing GRB2-like protein 3-interacting protein 1
Stathmin domain-containing protein 1
Stathmin-3
Stathmin-4
Stathmin-2
Tubulin polymerization-promoting protein
Tubulin polymerization-promoting protein family member 3
Nucleoprotein TPR
Tubulin polyglutamylase TTLL4
Tubulin polyglutamylase TTLL6
Tubulin polyglutamylase ttll6
