Pheromone B beta 1 receptor
Bud emergence protein 4
Pheromone B alpha 3 receptor
Pheromone B alpha 1 receptor
Pheromone B alpha 2 receptor
Clock-controlled pheromone ccg-4
Integral membrane protein GPR180
PBAN-type neuropeptides
Thioredoxin domain-containing protein plp1
Pheromone receptor 1
Pheromone receptor 2
Plasma membrane fusion protein prm1
CAAX prenyl protease 2
Regulator of G-protein signaling 1
Sensory neuron membrane protein 1
Protein snet-1
Pheromone alpha factor receptor
Serine/threonine-protein kinase STE11
Serine/threonine-protein kinase SMU1
CAAX prenyl protease 1
Alpha-factor-transporting ATPase
Protein-S-isoprenylcysteine O-methyltransferase
Serine/threonine-protein kinase STE20
Serine/threonine-protein kinase pakA
Transmembrane protein 145
Vomeronasal type-1 receptor 90
Vomeronasal type-1 receptor 95
Vomeronasal type-2 receptor 1
Vomeronasal type-1 receptor 93
Vomeronasal type-1 receptor 96
Vomeronasal type-1 receptor A11
Vomeronasal type-1 receptor 94
Vomeronasal type-1 receptor 97
Putative vomeronasal receptor-like protein 4
Vomeronasal type-1 receptor A14
Vomeronasal type-2 receptor 116
Vomeronasal type-1 receptor 105
Vomeronasal type-1 receptor 45
Vomeronasal type-1 receptor 51
Vomeronasal type-1 receptor 92
Vomeronasal type-1 receptor 98
Vomeronasal type-2 receptor 26
Vomeronasal type-1 receptor 3
Vomeronasal type-1 receptor 5
Vomeronasal type-1 receptor 100
Vomeronasal type-1 receptor 4
Vomeronasal type-1 receptor 101
Vomeronasal type-1 receptor 102
Vomeronasal type-1 receptor 2
Cargo-transport protein YPP1
