Copper transporter 1
Copper transporter 2
Sugar transporter ERD6
Bidirectional sugar transporter NEC1
Bidirectional sugar transporter N3
Bidirectional sugar transporter SWEET1
Bidirectional sugar transporter SWEET11
Bidirectional sugar transporter SWEET12
Bidirectional sugar transporter SWEET14
Bidirectional sugar transporter SWEET15
Bidirectional sugar transporter SWEET17
Bidirectional sugar transporter SWEET2a
Bidirectional sugar transporter SWEET3a
Bidirectional sugar transporter SWEET6a
Bidirectional sugar transporter SWEET7a
Bidirectional sugar transporter SWEET7c
Putative bidirectional sugar transporter SWEET7d
Putative bidirectional sugar transporter SWEET7e
Sugar transporter SWEET1
Bidirectional sugar transporter SWEET4
Bidirectional sugar transporter SWEET5
Bidirectional sugar transporter SWEET7
Bidirectional sugar transporter SWEET13
Bidirectional sugar transporter SWEET16
Bidirectional sugar transporter SWEET1a
Bidirectional sugar transporter SWEET6b
Bidirectional sugar transporter SWEET2b
Bidirectional sugar transporter SWEET3b
Bidirectional sugar transporter SWEET1b
Bidirectional sugar transporter SWEET7b
Sucrose transport protein SUC9
Bidirectional sugar transporter SWEET2
Bidirectional sugar transporter SWEET6
Bidirectional sugar transporter SWEET3
Bidirectional sugar transporter SWEET8
Bidirectional sugar transporter SWEET10
