Adenylate cyclase type 2
Adenylate cyclase type 9
Adenylate cyclase type 3
Adenylate cyclase type 1
Adenylate cyclase type 8
Adenylate cyclase type 4
Adenylate cyclase type 6
Adenylate cyclase type 5
Adenylate cyclase type 7
Aquaporin-3
Aquaporin-4
Aquaporin-6
Aquaporin-8
Aquaporin A
Aquaporin C
Aquaporin-1
Aquaporin-7
Aquaporin-11
Aquaporin-5
Aquaporin-9
Aquaporin-2
Aquaporin Z
Aquaporin-B
Aquaporin-10
Aquaporin-like protein 2
Neurogenic protein big brain
Cystic fibrosis transmembrane conductance regulator
Epidermis-specific secreted glycoprotein EP1
Glycerol uptake/efflux facilitator protein
Glutamine synthetase, chloroplastic
Glycerol uptake facilitator protein
Probable glycerol uptake facilitator protein
Guanine nucleotide-binding protein G(s) subunit alpha isoforms short
cAMP-dependent protein kinase type I-beta regulatory subunit
cAMP-dependent protein kinase catalytic subunit alpha
cAMP-dependent protein kinase type I-alpha regulatory subunit
cAMP-dependent protein kinase type II-alpha regulatory subunit
cAMP-dependent protein kinase catalytic subunit gamma
cAMP-dependent protein kinase type II-beta regulatory subunit
cAMP-dependent protein kinase catalytic subunit beta
Lens fiber major intrinsic protein
Unconventional myosin-Vb
Myosin light chain kinase 2, skeletal/cardiac muscle
Vasopressin-neurophysin 2-copeptin
Aquaporin NIP3-1
Probable aquaporin NIP4-2
Aquaporin NIP6-1
Aquaporin NIP1-2
Putative aquaporin NIP4-1
Probable aquaporin NIP5-1
Aquaporin NIP1-1
Probable aquaporin NIP7-1
Na(+)/H(+) exchange regulatory cofactor NHE-RF4
Aquaporin NIP2-1
Aquaporin PIP2-7
Aquaporin PIP1-1
Probable aquaporin PIP1-2
Aquaporin PIP1-3
Probable aquaporin PIP2-4
Probable aquaporin PIP2-6
Phospholipase A1-II 5
Probable aquaporin PIP2-5
Probable aquaporin PIP1-4
Aquaporin PIP2-2
Aquaporin PIP2-3
Probable aquaporin PIP1-5
Aquaporin PIP2-1
Probable aquaporin PIP2-8
Phosphomannomutase
Ras-related protein Rab-11A
Rab11 family-interacting protein 2
40S ribosomal protein SA
Aquaporin SIP1-1
Probable aquaporin SIP1-2
Aquaporin TIP2-3
Probable aquaporin TIP3-2
Probable aquaporin TIP4-2
Probable aquaporin TIP5-1
Probable aquaporin TIP1-2
Aquaporin TIP4-1
Aquaporin TIP1-3
Probable aquaporin TIP2-2
Aquaporin TIP1-2
Aquaporin TIP2-1
Aquaporin TIP3-1
Triosephosphate isomerase, cytosolic
Aquaporin TIP1-1
Probable aquaporin TIP4-3
Thioredoxin X, chloroplastic
Uroplakin-3a
Urea transporter 1
Vasopressin V2 receptor
Putative uncharacterized protein YLL053C
