Acyl-CoA-binding protein
Annexin A5
Amyloid beta A4 precursor protein-binding family A member 1
Amyloid beta A4 precursor protein-binding family A member 2
AP-2 complex subunit mu
COP9 signalosome complex subunit 4
Cortactin-binding protein 2
Disrupted in schizophrenia 1 protein
Diacylglycerol kinase iota
Disrupted in schizophrenia 1 homolog
DnaJ homolog subfamily C member 5
Dysbindin protein homolog
Ectonucleoside triphosphate diphosphohydrolase 1
Glutamate receptor 1
Solute carrier family 2, facilitated glucose transporter member 8
Glutamate receptor 2
Huntingtin-associated protein 1
Kinesin-like protein KIF3A
Lysosome-associated membrane glycoprotein 1
Leucine-rich repeat LGI family member 3
Laminin subunit alpha
MAP kinase-activating death domain protein
Mitochondrial fission factor
Neuropeptide Y receptor type 1
Orexin
Phosphatidylethanolamine-binding protein 1
cAMP-specific 3',5'-cyclic phosphodiesterase 4B
Prenylated Rab acceptor protein 1
Palmitoyl-protein thioesterase 1
Solute carrier family 40 member 1
High affinity choline transporter 1
High-affinity choline transporter 1
Septin-5
Septin-6
Sphingosine kinase 1
Protein SUP-1
Synapsin
Synapsin-1
Tyramine beta-hydroxylase
Tumor protein p63-regulated gene 1-like protein
Trafficking protein particle complex subunit 4
Vesicular GABA transporter
Vesicular acetylcholine transporter
WD repeat-containing protein 7
Vesicular inhibitory amino acid transporter
