Alsin
Autophagy-related protein 21
Autophagy-related protein 20
Autophagy-related protein 27
Autophagy-related protein 19
GPI inositol-deacylase
Calcium-dependent secretion activator 1
Caveolin-1
Caveolin-2
CD2-associated protein
Endosomal protein P24B
F-box only protein 5
Hepatocyte growth factor-regulated tyrosine kinase substrate
Sorting nexin lst-4
Sorting nexin MVP1
Pleckstrin homology domain-containing family F member 1
Small COPII coat GTPase sar1
Small COPII coat GTPase SAR1
Sorting nexin-18
Sorting nexin-30
Sorting nexin-41
Sorting nexin-11
Sorting nexin-32
Sorting nexin-33
Sorting nexin-5
Sorting nexin-7
Sorting nexin-8
Sorting nexin-10B
Sorting nexin-2
Sorting nexin-3
Sorting nexin-4
Sorting nexin-6
Sorting nexin-10
Sorting nexin-12
Sorting nexin-10A
Sorting nexin-9
Sortilin
Protein SYS1
Trafficking protein particle complex III-specific subunit 85
ULP1-interacting protein 3
Ubiquitin-conjugating enzyme E2 1
Membrane-associated protein VIPP1, chloroplastic
Vacuolar protein sorting-associated protein 51
SH3 and F-BAR domain-containing protein DDB_G0271676
SH3 and F-BAR domain-containing protein DDB_G0274695
DUP240 protein YAR028W
DUP240 protein YAR029W
Putative DUP240 protein YAR023C
DUP240 protein YCR007C
DUP240 protein YHL044W
Zinc finger FYVE domain-containing protein 16
