6-phosphogluconate dehydrogenase, decarboxylating
Alcohol dehydrogenase
5'-hydroxyaverantin dehydrogenase
Anterior gradient protein 2 homolog
Long-chain-fatty-acid--CoA ligase 6
Versicolorin B synthase
Anoctamin-2
Beta-agarase B
4-trimethylaminobutyraldehyde dehydrogenase
Ankyrin repeat and SAM domain-containing protein 6
Alanine dehydrogenase
L-arabonate dehydratase
Angiogenin
Asparagine synthetase domain-containing protein C4F6.11c
Asparagine synthetase domain-containing protein 1
Asparagine synthetase  1
Asialoglycoprotein receptor 1
Asparagine synthetase B
Putative asparagine synthetase
Probable asparagine synthetase
Achaete-scute complex protein T8
Asparagine synthetase domain-containing protein YML096W
Asparagine synthetase domain-containing protein CG17486
Asparagine synthetase  2
Bcl-2-related protein A1
Brain-enriched guanylate kinase-associated protein
Protein BHLHb9
Axin-1
Bcl-2-like protein 2
Barrier-to-autointegration factor
Bcl-2-like protein 10
Breast carcinoma-amplified sequence 1 homolog
Bcl-2-related ovarian killer protein
Cytosolic acyl coenzyme A thioester hydrolase
Biogenesis of lysosome-related organelles complex 1 subunit 6
Complement C1q subcomponent subunit B
L-glutamyl- decarboxylase
Biogenesis of lysosome-related organelles complex 1 subunit 2
CD209 antigen-like protein D
Caspase recruitment domain-containing protein 8
Casparian strip membrane protein 1
Coiled-coil domain-containing protein 103
Casparian strip membrane protein 3
Casparian strip membrane protein 4
CRISPR-associated endonuclease Cas2
Casparian strip membrane protein 5
T-cell surface glycoprotein CD8 alpha chain
Casparian strip membrane protein 2
Carcinoembryonic antigen-related cell adhesion molecule 5
Monofunctional chorismate mutase
Choline kinase alpha
Carcinoembryonic antigen-related cell adhesion molecule 1
Apoptosis regulator ced-9
C-type lectin domain family 2 member A
Ceroid-lipofuscinosis neuronal protein 6 homolog
UPF0764 protein C16orf89
Macrophage colony-stimulating factor 1
UPF0764 protein C16orf89 homolog
Lambda-crystallin homolog
Derriere protein
Protein decapping 5
Dimethlysulfonioproprionate lyase DddP
Peroxisomal multifunctional enzyme type 2
Decapping 5-like protein
2,6-dihydroxypyridine 3-monooxygenase
Deoxyhypusine synthase
dTDP-3-amino-3,4,6-trideoxy-alpha-D-glucopyranose
2'-deoxynucleoside 5'-phosphate N-hydrolase 1
Fatty-acid amide hydrolase 1
Formate dehydrogenase
Fatty acid synthase
Ferric-chelate reductase
4-dimethylallyltryptophan N-methyltransferase
F420-dependent glucose-6-phosphate dehydrogenase
Flagellar motor switch protein FliG
NAD(P)H-dependent FMN reductase PA1204
Frizzled-9
Fluoroacetyl-CoA thioesterase
Mitofusin FZO1
Golgi-associated plant pathogenesis-related protein 1
UDP-glucose 4-epimerase
Guanidinoacetate N-methyltransferase
Glycine dehydrogenase
Epimerase family protein SDR39U1 homolog, chloroplastic
GTPase IMAP family member 7
N-acetylglucosamine-1-phosphotransferase subunit gamma
Golgin subfamily A member 5
Monothiol glutaredoxin-6
Monothiol glutaredoxin-7
Glutathione S-transferase Mu 3
Protein GrpE
Glutathione synthetase
Glutathione S-transferase Mu 5
Cell death protein Grim
Glutathione synthetase large chain
Glutathione S-transferase Mu 1
Glutathione synthetase, chloroplastic
Glutathione S-transferase
Beta-hexosaminidase subunit beta
Hoefavidin
Hexose oxidase
Tabersonine 16-O-methyltransferase
Fused isobutyryl-CoA mutase
Hematopoietic prostaglandin D synthase
Hydroxypyruvate isomerase
Inhibitor of nuclear factor kappa-B kinase subunit alpha
Iridoid synthase
Izumo sperm-egg fusion protein 3
Junctional adhesion molecule-like
L-2-keto-3-deoxyarabonate dehydratase
Killer cell lectin-like receptor subfamily F member 2
Phospholysine phosphohistidine inorganic pyrophosphate phosphatase
Cytokinin riboside 5'-monophosphate phosphoribohydrolase LOG8
Protein LATERAL ROOT PRIMORDIUM 1
Induced myeloid leukemia cell differentiation protein Mcl-1 homolog
Mitochondrial fission factor homolog A
Magnesium transporter MgtE
Mitochondrial fission factor homolog B
Putative septum site-determining protein minD homolog, chloroplastic
3-hydroxybenzoate 4-monooxygenase
Microtubule-associated tumor suppressor candidate 2
Mucin-13
Microtubule-associated tumor suppressor candidate 2 homolog
Diphosphomevalonate decarboxylase
Myomesin-1
Myomesin-3
Alpha-N-acetylgalactosaminidase
N-acetylglucosamine-6-phosphate deacetylase
NAD kinase 2, mitochondrial
Myosin-7
Cytosolic Fe-S cluster assembly factor NBP35
Nucleotide-binding oligomerization domain-containing protein 1
Adenosine monophosphate-protein transferase NmFic
Nitroreductase NfnB
Neuritin-like protein
L-olivosyl-oleandolide 3-O-methyltransferase
L-amino-acid oxidase
Outer envelope pore protein 16-3, chloroplastic/mitochondrial
Phospholipase A1
Oncomodulin
Outer envelope pore protein 16-2, chloroplastic
Oxalate-binding protein
Toxin ParE
Pantoate--beta-alanine ligase
Lipid A deacylase PagL
Prephenate dehydratase
Choline-phosphate cytidylyltransferase A
Penta-EF hand domain-containing protein 1
Phosphate-specific transport system accessory protein PhoU homolog
Phosphate-specific transport system accessory protein PhoU homolog 1
Phosphate-specific transport system accessory protein PhoU homolog 2
Polyketide synthase 1
Polyketide synthase 3
Phloretin hydrolase
Peroxisomal and mitochondrial division factor 1
Polyketide synthase 5
Pheophorbidase
Coiled-coil domain-containing protein 103 homolog
26S proteasome non-ATPase regulatory subunit 7
Bifunctional purine biosynthesis protein PURH
RNA-binding protein 44
FAD synthase
Ribonuclease H1
Protein S100-A6
Protein S100-A4
Protein S100-A10
Syntenin-2
Stress-responsive DNAJB4-interacting membrane protein 1
Succinyl-CoA:3-ketoacid coenzyme A transferase 1, mitochondrial
Small glutamine-rich tetratricopeptide repeat-containing protein beta
Small glutamine-rich tetratricopeptide repeat-containing protein alpha
Adenosine monophosphate-protein transferase SoFic
Signal peptide peptidase-like 2C
SLIT-ROBO Rho GTPase-activating protein 2C
ATP-dependent RNA helicase SUPV3L1, mitochondrial
Stimulator of interferon genes protein
Sugar transporter SemiSWEET
Sperm-specific class P protein 19
Suppressor of tumorigenicity 20 protein
Sulfatase-modifying factor 1
Sun domain-containing protein 1
Probable histidine--tRNA ligase, mitochondrial
Sulfatase-modifying factor 2
Histidine--tRNA ligase
TBC1 domain family member 22A
Talanin
Probable sensor histidine kinase TcrY
Protein TRIGALACTOSYLDIACYLGLYCEROL 4, chloroplastic
NADH:FAD oxidoreductase
Transmembrane protein 192
Tumor protein D52
Tumor protein D53
Three prime repair exonuclease 2
Tumor protein D54
Tumor protein D53 homolog
5,6-dihydroxyindole-2-carboxylic acid oxidase
Uroplakin-2
dTDP-3-amino-3,6-dideoxy-alpha-D-glucopyranose N,N-dimethyltransferase
Tyrosinase
Vesicle-associated membrane protein-associated protein B
Varicose-related protein
Adenosine monophosphate-protein transferase VbhT
Protein ZNF365
