Porin AaxA
Amylovoran export outer membrane protein AmsH
Putative outer membrane protein ArbH
Cryptic outer membrane porin BglH
Putative outer membrane porin BglH
Capsule polysaccharide export protein BexD
Chitoporin
Capsule polysaccharide export outer membrane protein CtrA
EPS I polysaccharide export outer membrane protein EpsA
Putative polysaccharide export protein GfcE
Porin-like protein GalP
Monosaccharide porin
Major outer membrane protein
Oligogalacturonate-specific porin KdgM
Maltoporin
Copper transporter MctB
Porin MspA
Porin MspC
Porin MspB
Porin MspD
Probable N-acetylneuraminic acid outer membrane channel protein NanC
Porin-like protein NicP
Outer envelope pore protein 24, chloroplastic
Outer envelope pore protein 37, chloroplastic
31 kDa outer-membrane immunogenic protein
Outer membrane protein IIIA
39 kDa major outer membrane protein
Porin Omp2a
Porin Omp2b
Outer membrane protein class 4
Outer membrane protein P5
Major outer membrane protein P.IB
Outer membrane protein C
Protein opa
Outer membrane protein B
Outer membrane porin protein 32
Outer membrane protein Omp38
Outer membrane protein P.IIC
Outer membrane porin protein OmpD
Outer membrane protein F
Opacity protein opA65
Opacity protein opA54
Outer membrane protein P2
Opacity-related protein POPM1
Outer membrane protein P.III
Major outer membrane protein P.IA
Opacity protein opA59
Major outer membrane protein P44
Outer membrane protein Omp-EA
Porin-like protein H
Porin-like protein L
Outer membrane protein S1
Outer membrane protein U
Opacity protein opA57
Opacity-related protein POPM3
Outer membrane protein A
Opacity protein opA67
Opacity protein opA53
Opacity protein opA55
Opacity protein opA52
Opacity protein opA58
Outer membrane protein P1
Porin OmpL
Opacity protein opA51
Opacity protein opA68
Opacity protein opA60
40 kDa major outer membrane protein
Outer membrane protein S2
Opacity protein opA50
Outer membrane protein 40Va
Outer membrane protein N
Outer membrane porin protein BP0840
Outer membrane protein
Opacity protein V28
Opacity protein opA66
Opacity protein opA56
Outer membrane pore protein E
Porin
Porin-like protein BU359
Porin O
Outer membrane porin protein LC
Porin-like protein BUsg_347
Outer membrane porin F
Porin B
Porin P
Putative porin QuiX
Sucrose porin
Outer membrane protein Tpn50
Outer membrane transporter protein TsaT
Nucleoside-specific channel-forming protein tsx
Membrane-associated protein UidC
Putative mitochondrial outer membrane protein porin 5
Mitochondrial outer membrane protein porin 4
Mitochondrial outer membrane protein porin 2
Voltage-dependent anion-selective channel protein
Vi polysaccharide export protein VexA/TviF
Putative polysaccharide export protein wza
Putative outer membrane protein y4fJ
Putative capsule polysaccharide export protein
Putative uncharacterized protein YddL
Putative outer membrane protein YedS
