Arf-GAP with dual PH domain-containing protein 1
Phosphocholine transferase AnkX
Transport protein particle subunit bet3
Transport protein particle subunit bet5
Multifunctional virulence effector protein DrrA
GTPase-activating protein gyp3
Insulin-induced gene 1 protein
cGMP-dependent protein kinase 1
Phosphocholine hydrolase Lem3
Toxin PAU_02230
Prominin-2
Ran-specific GTPase-activating protein 1
Rab3 GTPase-activating protein regulatory subunit
Rab3 GTPase-activating protein catalytic subunit
Rab3 GTPase-activating protein non-catalytic subunit
Rho-GTPase-activating protein 8
Probable serine/threonine-protein kinase roco7
Ribosomal RNA large subunit methyltransferase H
Ran GTPase-activating protein 1
Rap guanine nucleotide exchange factor 6
Adenosine monophosphate-protein hydrolase SidD
TBC1 domain family member 15
Trafficking protein particle complex subunit 10
TBC domain-containing protein C1952.17c
