Auxin-responsive endogenous peptide 1
Acetylornithine aminotransferase, chloroplastic/mitochondrial
Biogenesis of lysosome-related organelles complex 1 subunit 1
Protein BREVIS RADIX
Probable boron transporter 2
CBL-interacting serine/threonine-protein kinase 8
Peptidyl-prolyl cis-trans isomerase CYP20-1
Copper transporter 1
Diacylglycerol kinase 7
Diacylglycerol kinase 2
Enhanced ethylene response protein 5
Flotillin-like protein 3
Probable glutamate carboxypeptidase 2
Glucosamine 6-phosphate N-acetyltransferase 1
Lysine-specific histone demethylase 1 homolog 1
Linoleate 9S-lipoxygenase 5, chloroplastic
Linoleate 9S-lipoxygenase 1
Delta-1-pyrroline-5-carboxylate synthase A
Auxin efflux carrier component 4
Phospholipase D zeta 1
Phospholipase D alpha 4
Phosphoserine phosphatase, chloroplastic
Sorting nexin 1
Protein ZINC INDUCED FACILITATOR-LIKE 1
