Acetyl-coenzyme A carboxylase carboxyl transferase subunit alpha, chloroplastic
Long-chain-fatty-acid-- synthetase)
Putative acetyl-coenzyme A carboxylase carboxyl transferase subunit beta-like protein
Probable 6-phosphogluconolactonase 5, chloroplastic
Probable anion transporter 6, chloroplastic
Probable anion transporter 3, chloroplastic
Chorismate synthase, chloroplastic
Argininosuccinate synthase, chloroplastic
Biotin carboxyl carrier protein of acetyl-CoA carboxylase 1, chloroplastic
Cytochrome c biogenesis protein CcsA
Cytochrome c biogenesis protein CcsB
Chloroplast envelope membrane protein
Phosphatidate cytidylyltransferase 5, chloroplastic
Cytochrome f
Chaperone protein dnaJ 11, chloroplastic
Exonuclease DPD1, chloroplastic/mitochondrial
Fatty-acid-binding protein 1
Protein FATTY ACID EXPORT 3, chloroplastic
Ferredoxin-3, chloroplastic
Palmitoyl-acyl carrier protein thioesterase, chloroplastic
3-oxoacyl- reductase, chloroplastic
Protein FATTY ACID EXPORT 2, chloroplastic
Geranylgeranyl pyrophosphate synthase, chloroplastic
Ferredoxin-dependent glutamate synthase 2, chloroplastic
Glycerophosphodiester phosphodiesterase GDPD1, chloroplastic
L-galactono-1,4-lactone dehydrogenase, mitochondrial
Biotin--protein ligase 1, chloroplastic
Imidazole glycerol phosphate synthase hisHF, chloroplastic
Copper-transporting ATPase PAA1, chloroplastic
Isopentenyl-diphosphate Delta-isomerase I, chloroplastic
3-isopropylmalate dehydrogenase 2, chloroplastic
Long chain acyl-CoA synthetase 9, chloroplastic
3-isopropylmalate dehydratase small subunit 1
Lipoyl synthase, organellar chromatophore
3-isopropylmalate dehydratase small subunit 2
1-acyl-sn-glycerol-3-phosphate acyltransferase 1, chloroplastic
Maturase-like protein 1
Mitochondrial carnitine/acylcarnitine carrier-like protein
External alternative NAD(P)H-ubiquinone oxidoreductase B4, mitochondrial
NADH dehydrogenase  1 alpha subcomplex subunit 8-A
Probable chlorophyll(ide) b reductase NYC1, chloroplastic
Putative GTPase Obg
Outer envelope protein 80, chloroplastic
Cytochrome b6-f complex subunit 6
Cytochrome b6-f complex subunit 4
Cytochrome b6-f complex subunit 5
Cytochrome b6-f complex subunit 8
Plastid division protein PDV2
Glycerol-3-phosphate acyltransferase, chloroplastic
Pentatricopeptide repeat-containing protein At3g22150, chloroplastic
Photosystem I iron-sulfur center
Photosystem I reaction center subunit VIII
Photosystem I reaction center subunit IX
Photosystem II reaction center protein J
Photosystem II reaction center protein K
Protein PsbN
Photosystem II reaction center protein T
Profilin LP04
Photosystem II reaction center protein I
Photosystem II reaction center protein L
Photosystem II reaction center protein M
Photosystem II reaction center protein Z
Cytochrome b559 subunit alpha
Cytochrome b559 subunit beta
Adenylosuccinate synthetase, organellar chromatophore
Oxygen-evolving enhancer protein 3, chloroplastic
Protein RETICULATA-RELATED 1, chloroplastic
Protein RETICULATA-RELATED 2, chloroplastic
Protein RETICULATA-RELATED 4, chloroplastic
Ribosomal operon-associated A protein
S-adenosylmethionine carrier 1, chloroplastic/mitochondrial
protein SLOW GREEN 1, chloroplastic
Protein TRIGALACTOSYLDIACYLGLYCEROL 2, chloroplastic
Tubby-like F-box protein 3
ADP,ATP carrier protein 1, chloroplastic
ADP,ATP carrier protein 2, chloroplastic
Photosystem I assembly protein Ycf4
Photosystem II reaction center protein Ycf12
Photosystem I assembly protein Ycf3
Putative uncharacterized protein ycf15
