Acyl-coenzyme A thioesterase 8
Dynamin-related protein 3B
Dynamin-related protein dnm1
Dynamin-related protein 3A
Peroxisomal membrane protein PEX28
Peroxisomal biogenesis factor 3
Peroxisomal biogenesis factor 6
Peroxisomal membrane protein PEX16
Peroxisomal membrane protein import receptor PEX19
Peroxisomal membrane protein PEX29
Peroxisome biogenesis protein 16
Peroxisomal membrane protein PEX17
Peroxisomal biogenesis factor 19
Peroxisome assembly protein 22
Peroxisomal membrane protein PEX32
Peroxisomal membrane protein PEX34
Peroxisomal membrane protein PEX31
Peroxisomal ATPase pex6
Peroxisomal membrane protein PEX30
Peroxisomal membrane protein pex32
Peroxisomal biogenesis factor 8
Peroxisomal biogenesis factor 11
Peroxisome biogenesis factor 16
Peroxisome biogenesis factor 3
Transmembrane protein 135
