CRISPR-associated endoribonuclease Cas6
CRISPR pre-crRNA endoribonuclease Cas5d
CRISPR-associated endoribonuclease Cse3
CRISPR-associated endoribonuclease Cas6 2
CRISPR-associated endoribonuclease Cas6 1
CRISPR-associated endonuclease Cas6
CRISPR system Cmr endoribonuclease Cmr4
CRISPR-associated endonuclease Cpf1
Probable replication endonuclease from prophage-like region
Endoribonuclease EndoA
Probable replication endonuclease from prophage-like region 1
Endonuclease IV
Probable replication endonuclease from prophage-like region 2
Probable replication endonuclease from retron EC67
mRNA interferase HigB
Probable endoribonuclease HigB1
mRNA endoribonuclease LsoA
Endoribonuclease MazF1
Probable endoribonuclease MazF2
Endoribonuclease MazF
Endoribonuclease MazF4
Endoribonuclease MazF6
Putative toxin MazF8
Probable endoribonuclease MazF1
Endoribonuclease MazF3
Endoribonuclease MazF2
Probable mobile endonuclease E
Probable mobile endonuclease C
Probable mobile endonuclease D
Probable replication protein P12
Endoribonuclease PemK
Retrovirus-related Pol polyprotein from type-1 retrotransposable element R1
Retrovirus-related Pol polyprotein from type-1 retrotransposable element R1 3
Retrovirus-related Pol polyprotein from type-1 retrotransposable element R1 2
Retrovirus-related Pol polyprotein from type-1 retrotransposable element R2
Retrovirus-related Pol polyprotein from type-1 retrotransposable element R1 4
Enzymatic polyprotein
Replicase polyprotein 1ab
Telomere resolvase ResT
Replication-associated protein G2P
Replication-associated protein VP4
Replication-associated protein ORF4
Replication protein
Replication-associated protein ORF2
Nuclease SbcCD subunit D
Putative endonuclease segB
Putative endonuclease segC
Putative endonuclease segD
Endonuclease segA
Putative endonuclease segE
Restriction enzyme BgcI subunit beta
Ribonuclease UK114
T-DNA border endonuclease virD1
Replication gene A protein
3'-flap repair endonuclease Xpf
Toxin YoeB
