Exo-alpha-(1->6)-L-arabinopyranosidase
Alkali-sensitive linkage protein 1
Avenacosidase 2
Probable inactive beta-glucosidase 33
Intracellular maltogenic amylase
Putative inactive beta-glucuronidase protein GUSBP11
Probable inactive beta-glucosidase 14
6-phospho-beta-glucosidase BglB
Probable inactive beta-glucosidase 25
Phospho-cellobiase
Cellulose-growth-specific protein
Chitinase-3-like protein 2
Cellulosomal-scaffolding protein A
Cellulosomal-scaffolding protein B
Concanavalin B
Probable glycosidase CRR1
Furostanol glycoside 26-O-beta-glucosidase
Neutral alpha-glucosidase C
1,4-alpha-glucan branching enzyme GlgB 1
1,4-alpha-glucan branching enzyme GlgB 2
1,4-alpha-glucan-branching enzyme
1,4-alpha-glucan branching enzyme GlgB
Glycogen debranching enzyme
Glycogen operon protein GlgX homolog
Probable exoglucanase GH6D
Cellodextrinase A
GDP/UDP-N,N'-diacetylbacillosamine 2-epimerase
Polysialic acid biosynthesis protein P7
Beta-porphyranase C
Putative polysaccharide-binding protein
RuBisCO-associated protein
Sugar fermentation stimulation protein homolog
Beta-glucosidase-like SFR2, chloroplastic
Xylanase inhibitor protein 2
Xylanase inhibitor protein 1
Putative beta-D-xylosidase
Xyloglucanase Xgh74A
Carbohydrate-binding domain-containing protein C2E1P3.05c
