Putative methyltransferase 235L
Acetyl-CoA decarbonylase/synthase complex subunit gamma
Acetyl-CoA decarbonylase/synthase complex subunit gamma 1
Inactive anthranilate O-methyltransferase 1
Anthranilate O-methyltransferase 1
Anthranilate O-methyltransferase 3
Corrinoid/iron-sulfur protein large subunit
Anthranilate O-methyltransferase 2
Hexuronic acid methyltransferase AglP
Protein-glutamate O-methyltransferase
Putative protein-glutamate O-methyltransferase
Benzoate carboxyl methyltransferase
Biotin biosynthesis bifunctional protein BioCD
Probable RNA methyltransferase Y17G7B.18
Probable RNA methyltransferase CG11342
Probable RNA methyltransferase C2A9.10
Probable RNA methyltransferase At5g51130
Cobalt-precorrin-5B C(1)-methyltransferase
Probable cobalt-factor III C(17)-methyltransferase
Caffeine synthase 1
Probable cobalt-precorrin-6B C(15)-methyltransferase
Cysteine methyltransferase
C-methyltransferase CouO
Probable S-adenosylmethionine-dependent methyltransferase CRG1
Probable caffeine synthase 4
Probable caffeine synthase 3
Theobromine synthase 2
Thebaine 6-O-demethylase
Dimethylsulfonioproprionate demethylase DmdA
Aklanonic acid methyltransferase DnrC
Carminomycin 4-O-methyltransferase DauK
Carminomycin 4-O-methyltransferase DnrK
Codeine O-demethylase
Aklanonic acid methyltransferase DauC
3,7-dimethylxanthine N-methyltransferase
8-demethyl-8-(2-methoxy-alpha-L-rhamnosyl)-tetracenomycin-C 3'-O-methyltransferase
8-demethyl-8-alpha-L-rhamnosyl tetracenomycin-C 2'-O-methyltransferase
Protein-lysine N-methyltransferase DDB_G0272708
8-demethyl-8-(2,3-dimethoxy-alpha-L-rhamnosyl)-tetracenomycin-C 4'-O-methyltransferase
Putative protein N-methyltransferase FAM86B1
Protein FAM86C1
Enniatin synthase
Putative protein FAM86C2P
Putative protein N-methyltransferase FAM86B2
Probable fatty acid methyltransferase
Methionyl-tRNA formyltransferase
Lysine-N-methylase
31-O-demethyl-FK506 methyltransferase FkbM
Homocysteine S-methyltransferase YbgG
Hopanoid C-2 methylase
Hemolysin A
7,8-dihydro-6-hydroxymethylpterin dimethyltransferase
Homocysteine S-methyltransferase 2
Hopanoid C-3 methylase
Homocysteine S-methyltransferase 4
Homocysteine S-methyltransferase 3
Homocysteine S-methyltransferase 1
Leucine carboxyl methyltransferase 1
Probable leucine carboxyl methyltransferase 1
Demethylmenaquinone methyltransferase
Methyltransferase-like protein 13
Probable methyltransferase-like protein 15
Histidine protein methyltransferase 1 homolog
Methyltransferase-like protein 24
Methyltransferase-like protein 25
Protein-lysine N-methyltransferase Mettl10
Methyltransferase-like protein 6
Methyltransferase-like protein 23
Methyltransferase-like protein 20 homolog
Putative methyltransferase-like protein 15P1
Protein-lysine N-methyltransferase METTL10
Methyltransferase-like protein 16 homolog
Mycolic acid methyltransferase MmaA1
Cyclopropane mycolic acid synthase MmaA2
Methoxy mycolic acid synthase MmaA3
Protein-lysine N-methyltransferase mettl10
Hydroxymycolate synthase MmaA4
Protein-lysine methyltransferase METTL21B
Putative methyltransferase-like protein 21E pseudogene
Phenylpyruvate C(3)-methyltransferase
Protein-lysine methyltransferase C42C1.13
Putative modification methylase MjaIVP
Monomethylamine methyltransferase MtmB1
Trimethylamine methyltransferase MttB1
Protein-lysine methyltransferase METTL21E
Probable S-adenosylmethionine-dependent methyltransferase At5g37990
Probable S-adenosylmethionine-dependent methyltransferase At5g38780
Dimethylamine methyltransferase MtbB1
Dimethylamine methyltransferase MtbB3
Trimethylamine methyltransferase MttB
Probable S-adenosylmethionine-dependent methyltransferase At5g37970
Probable S-adenosylmethionine-dependent methyltransferase At5g38100
Dimethylamine methyltransferase MtbB2
Putative methyltransferase Mtx subunit A
Monomethylamine methyltransferase MtmB
Putative methyltransferase mtx subunit X
Monomethylxanthine methyltransferase 1
Monomethylamine methyltransferase MtmB2
Monomethylxanthine methyltransferase 2
Trimethylamine methyltransferase MttB2
Modification methylase NspV
Protein N-methyltransferase NNT1
Protein N-methyltransferase nnt1
Bifunctional methyltransferase/endonuclease
Naringenin 7-O-methyltransferase
Putative methyltransferase NSUN6
Alpha N-terminal protein methyltransferase 1
Putative methyltransferase NSUN7
Putative methyltransferase NSUN5C
Putative NOL1/NOP2/Sun domain family member 5B
Putative methyltransferase NSUN3
Benzoate O-methyltransferase
O-methyltransferase 12
O-methyltransferase 3
Phthiotriol/phenolphthiotriol dimycocerosates methyltransferase
Probable phthiotriol/phenolphthiotriol dimycocerosates methyltransferase 2
Probable methyltransferase PMT16
Probable methyltransferase PMT19
Phthiotriol/phenolphthiotriol dimycocerosates methyltransferase 1
Probable methyltransferase PMT5
Probable methyltransferase PMT27
Probable methyltransferase PMT17
Probable methyltransferase PMT6
Probable methyltransferase PMT18
Probable methyltransferase PMT10
Probable methyltransferase PMT12
Probable methyltransferase PMT22
Pavine N-methyltransferase
Putative S-adenosylmethionine-dependent methyltransferase RcsF
Demethylrebeccamycin-D-glucose O-methyltransferase
Ribosomal lysine N-methyltransferase 5
Rhamnosyl O-methyltransferase
Salicylate carboxymethyltransferase
Protein SET DOMAIN GROUP 41
Potential protein lysine methyltransferase SET6
SET domain-containing protein 3
SET domain-containing protein 9
SET and MYND domain-containing protein 4
Selenocysteine methyltransferase
SET and MYND domain-containing protein 5
Probable caffeine synthase 2
tRNA methyltransferase 10 homolog B
THUMP domain-containing protein 3
tRNA methyltransferase 10 homolog A
THUMP domain-containing protein 2
Putative S-adenosylmethionine-dependent methyltransferase
Tuberculostearic acid methyltransferase UfaA1
Probable methyltransferase EP424R
7-methylxanthosine synthase 1
Putative S-adenosyl-L-methionine-dependent methyltransferase MAB_0027c
Putative RNA methyltransferase slr0064
Putative S-adenosyl-L-methionine-dependent methyltransferase Mmcs_1043
Putative S-adenosyl-L-methionine-dependent methyltransferase Mmcs_1044
Putative S-adenosyl-L-methionine-dependent methyltransferase MMAR_1058
Putative S-adenosyl-L-methionine-dependent methyltransferase MMAR_1059
Putative S-adenosyl-L-methionine-dependent methyltransferase Mkms_1061
Putative S-adenosyl-L-methionine-dependent methyltransferase MSMEG_0095/MSMEI_0092
Putative S-adenosyl-L-methionine-dependent methyltransferase Mkms_0098
Putative S-adenosyl-L-methionine-dependent methyltransferase Mjls_1073
Putative S-adenosyl-L-methionine-dependent methyltransferase Mvan_1346
Putative S-adenosyl-L-methionine-dependent methyltransferase Mjls_0079
Putative S-adenosyl-L-methionine-dependent methyltransferase Mkms_0097
Putative S-adenosyl-L-methionine-dependent methyltransferase MMAR_1057
Putative S-adenosyl-L-methionine-dependent methyltransferase MAV_1058
Putative S-adenosyl-L-methionine-dependent methyltransferase Mkms_1060
Putative S-adenosyl-L-methionine-dependent methyltransferase Mjls_1072
Putative S-adenosyl-L-methionine-dependent methyltransferase Mkms_1059
Putative S-adenosyl-L-methionine-dependent methyltransferase MMAR_1069
Putative S-adenosyl-L-methionine-dependent methyltransferase MSMEG_1479/MSMEI_1443
Putative S-adenosyl-L-methionine-dependent methyltransferase MRA_0153
Putative S-adenosyl-L-methionine-dependent methyltransferase MRA_1739
Putative S-adenosyl-L-methionine-dependent methyltransferase BCG_1768c
Putative S-adenosyl-L-methionine-dependent methyltransferase BCG_0181
Putative S-adenosyl-L-methionine-dependent methyltransferase MT1947
Putative S-adenosyl-L-methionine-dependent methyltransferase MSMEG_0093
Putative S-adenosyl-L-methionine-dependent methyltransferase MMAR_1068
Putative S-adenosyl-L-methionine-dependent methyltransferase MRA_0152
Putative S-adenosyl-L-methionine-dependent methyltransferase SACE_1742
Putative S-adenosyl-L-methionine-dependent methyltransferase Mb1758c
Putative S-adenosyl-L-methionine-dependent methyltransferase MT1770
Putative S-adenosyl-L-methionine-dependent methyltransferase MAB_0213c
SET and MYND domain-containing protein DDB_G0292454
Putative S-adenosyl-L-methionine-dependent methyltransferase Mmcs_0089
Putative S-adenosyl-L-methionine-dependent methyltransferase MT0154
Putative S-adenosyl-L-methionine-dependent methyltransferase MSMEG_1481/MSMEI_1445
Putative S-adenosyl-L-methionine-dependent methyltransferase BCG_1935c
Putative S-adenosyl-L-methionine-dependent methyltransferase Rv1896c
Probable S-adenosylmethionine-dependent methyltransferase MSMEG_2350/MSMEI_2290
Putative S-adenosyl-L-methionine-dependent methyltransferase Mmcs_1045
Putative S-adenosyl-L-methionine-dependent methyltransferase Mvan_1344
Putative S-adenosyl-L-methionine-dependent methyltransferase MSMEG_1480/MSMEI_1444
Putative S-adenosyl-L-methionine-dependent methyltransferase Mb0151
Putative S-adenosyl-L-methionine-dependent methyltransferase MT0153
Putative S-adenosyl-L-methionine-dependent methyltransferase BCG_0182
Putative S-adenosyl-L-methionine-dependent methyltransferase MRA_1908
Putative S-adenosyl-L-methionine-dependent methyltransferase MUL_2961
Putative S-adenosyl-L-methionine-dependent methyltransferase MAV_0301
Putative S-adenosyl-L-methionine-dependent methyltransferase MAP_3385
Putative S-adenosyl-L-methionine-dependent methyltransferase BCG_3469
Putative S-adenosyl-L-methionine-dependent methyltransferase MMAR_0358
Putative S-adenosyl-L-methionine-dependent methyltransferase Mb3816c
Putative S-adenosyl-L-methionine-dependent methyltransferase FRAAL3836
Putative S-adenosyl-L-methionine-dependent methyltransferase MAB_3886c
Putative methyltransferase MJ0046
Putative S-adenosyl-L-methionine-dependent methyltransferase Mjls_0078
Putative S-adenosyl-L-methionine-dependent methyltransferase Mmcs_0088
Putative S-adenosyl-L-methionine-dependent methyltransferase Mvan_0104
Putative S-adenosyl-L-methionine-dependent methyltransferase Mjls_1071
Putative methyltransferase NCER_101265
Putative methyltransferase At1g22800
Putative S-adenosyl-L-methionine-dependent methyltransferase MMAR_1595
Putative S-adenosyl-L-methionine-dependent methyltransferase MAP_0256
Putative S-adenosyl-L-methionine-dependent methyltransferase MMAR_2791
Putative S-adenosyl-L-methionine-dependent methyltransferase MT3507
Putative S-adenosyl-L-methionine-dependent methyltransferase FRAAL3718
Putative S-adenosyl-L-methionine-dependent methyltransferase Mkms_0379
Putative S-adenosyl-L-methionine-dependent methyltransferase MAP_4079
Putative S-adenosyl-L-methionine-dependent methyltransferase MAV_4573
Putative S-adenosyl-L-methionine-dependent methyltransferase MAB_4584c
Putative S-adenosyl-L-methionine-dependent methyltransferase MAB_4587c
Putative S-adenosyl-L-methionine-dependent methyltransferase Mvan_1345
Putative S-adenosyl-L-methionine-dependent methyltransferase MSMEG_1482/MSMEI_1446
Putative S-adenosyl-L-methionine-dependent methyltransferase Mb0150
Putative S-adenosyl-L-methionine-dependent methyltransferase MAV_2110
Putative S-adenosyl-L-methionine-dependent methyltransferase MAV_2732
Putative S-adenosyl-L-methionine-dependent methyltransferase Mb0289
Putative S-adenosyl-L-methionine-dependent methyltransferase MRA_0290
SET domain-containing protein DDB_G0283443
Putative S-adenosyl-L-methionine-dependent methyltransferase MAP_3564
SET and MYND domain-containing protein DDB_G0273591
Putative S-adenosyl-L-methionine-dependent methyltransferase MRA_3827
Putative S-adenosyl-L-methionine-dependent methyltransferase MAP_3881
SET and MYND domain-containing protein DDB_G0284059
Putative S-adenosyl-L-methionine-dependent methyltransferase MAV_4441
Putative S-adenosyl-L-methionine-dependent methyltransferase MUL_0450
Putative S-adenosyl-L-methionine-dependent methyltransferase MUL_4762
Putative S-adenosyl-L-methionine-dependent methyltransferase MAV_4764
Putative S-adenosyl-L-methionine-dependent methyltransferase MAV_4873
Putative S-adenosyl-L-methionine-dependent methyltransferase Franean1_4929
Putative S-adenosyl-L-methionine-dependent methyltransferase MAV_5150
Putative S-adenosyl-L-methionine-dependent methyltransferase MMAR_0539
Putative S-adenosyl-L-methionine-dependent methyltransferase Mmcs_0580
Putative S-adenosyl-L-methionine-dependent methyltransferase Rv0145
Putative S-adenosyl-L-methionine-dependent methyltransferase MAP_1622c
Putative S-adenosyl-L-methionine-dependent methyltransferase Mflv_0168
SET domain-containing protein SNOG_11806
Putative S-adenosyl-L-methionine-dependent methyltransferase MSMEG_1888/MSMEI_1848
Putative S-adenosyl-L-methionine-dependent methyltransferase Mb1931c
Putative S-adenosyl-L-methionine-dependent methyltransferase MAV_2576
Putative S-adenosyl-L-methionine-dependent methyltransferase MUL_2766
Putative S-adenosyl-L-methionine-dependent methyltransferase MMAR_0357
Putative S-adenosyl-L-methionine-dependent methyltransferase MRA_3805
Putative S-adenosyl-L-methionine-dependent methyltransferase BCG_3826c
Putative S-adenosyl-L-methionine-dependent methyltransferase MT3895
Putative S-adenosyl-L-methionine-dependent methyltransferase MAV_4236
Putative S-adenosyl-L-methionine-dependent methyltransferase MAV_4557
Putative methyltransferase RP459
Putative S-adenosyl-L-methionine-dependent methyltransferase SAV_474/SAV474
Putative S-adenosyl-L-methionine-dependent methyltransferase Mflv_5023
Putative S-adenosyl-L-methionine-dependent methyltransferase FRAAL5401
Putative S-adenosyl-L-methionine-dependent methyltransferase Mkms_0592
SET and MYND domain-containing protein DDB_G0277331
Putative S-adenosyl-L-methionine-dependent methyltransferase MRA_0733
Putative S-adenosyl-L-methionine-dependent methyltransferase MRA_0734
Putative S-adenosyl-L-methionine-dependent methyltransferase MT0751
Putative S-adenosyl-L-methionine-dependent methyltransferase MT0756
Putative S-adenosyl-L-methionine-dependent methyltransferase BCG_0781c
Putative S-adenosyl-L-methionine-dependent methyltransferase MAP_0882c
Putative S-adenosyl-L-methionine-dependent methyltransferase ML2020
SET and MYND domain-containing protein DDB_G0292140
Putative methyltransferase GWCH70_2453
Putative S-adenosyl-L-methionine-dependent methyltransferase MAP_3563
Putative S-adenosyl-L-methionine-dependent methyltransferase MAB_3787
Putative S-adenosyl-L-methionine-dependent methyltransferase Mb3793c
Putative S-adenosyl-L-methionine-dependent methyltransferase BCG_3849c
Putative S-adenosyl-L-methionine-dependent methyltransferase MAV_4558
Putative S-adenosyl-L-methionine-dependent methyltransferase MMAR_4570
Putative S-adenosyl-L-methionine-dependent methyltransferase MAB_4586c
Putative S-adenosyl-L-methionine-dependent methyltransferase MUL_4763
Putative S-adenosyl-L-methionine-dependent methyltransferase MAP_0663
Putative S-adenosyl-L-methionine-dependent methyltransferase Mb0853
Putative S-adenosyl-L-methionine-dependent methyltransferase MMAR_0955
Putative S-adenosyl-L-methionine-dependent methyltransferase MAP_2076c
Putative S-adenosyl-L-methionine-dependent methyltransferase MAV_2803
Putative S-adenosyl-L-methionine-dependent methyltransferase MRA_3439
Putative S-adenosyl-L-methionine-dependent methyltransferase MMAR_3534
SET and MYND domain-containing protein DDB_G0273589
Putative S-adenosyl-L-methionine-dependent methyltransferase Mjls_0358
Putative S-adenosyl-L-methionine-dependent methyltransferase Mmcs_0369
Putative S-adenosyl-L-methionine-dependent methyltransferase MAP_4197c
Putative S-adenosyl-L-methionine-dependent methyltransferase MAB_4328c
Putative S-adenosyl-L-methionine-dependent methyltransferase MAV_4442
Putative S-adenosyl-L-methionine-dependent methyltransferase MAB_4607c
Putative S-adenosyl-L-methionine-dependent methyltransferase MAV_5149
Putative S-adenosyl-L-methionine-dependent methyltransferase Mflv_0743
Probable S-adenosylmethionine-dependent methyltransferase MJ0882
Putative S-adenosyl-L-methionine-dependent methyltransferase BCG_0945c
Putative uncharacterized protein YbcY
Putative S-adenosyl-L-methionine-dependent methyltransferase ML2640
Putative S-adenosyl-L-methionine-dependent methyltransferase MT0293
Probable S-adenosylmethionine-dependent methyltransferase MT3114
Putative S-adenosyl-L-methionine-dependent methyltransferase BCG_0321
Putative S-adenosyl-L-methionine-dependent methyltransferase Rv3399
Putative S-adenosyl-L-methionine-dependent methyltransferase Mb3432
Putative S-adenosyl-L-methionine-dependent methyltransferase MAP_3777
Putative S-adenosyl-L-methionine-dependent methyltransferase Rv3787c
Putative methyltransferase Jann_4284
Putative S-adenosyl-L-methionine-dependent methyltransferase MUL_4402
Putative S-adenosyl-L-methionine-dependent methyltransferase MAV_4435
Putative S-adenosyl-L-methionine-dependent methyltransferase MAB_4606c
Putative S-adenosyl-L-methionine-dependent methyltransferase MUL_4761
Putative S-adenosyl-L-methionine-dependent methyltransferase Mjls_0570
Putative S-adenosyl-L-methionine-dependent methyltransferase RHA1_ro00605
Putative S-adenosyl-L-methionine-dependent methyltransferase MSMEG_0614/MSMEI_0598
Putative S-adenosyl-L-methionine-dependent methyltransferase BCG_0775c
Putative S-adenosyl-L-methionine-dependent methyltransferase MUL_0818
Putative S-adenosyl-L-methionine-dependent methyltransferase MMAR_0356
Putative S-adenosyl-L-methionine-dependent methyltransferase MT3874
Putative S-adenosyl-L-methionine-dependent methyltransferase MAP_4064c
Putative S-adenosyl-L-methionine-dependent methyltransferase MAP_4078
Putative S-adenosyl-L-methionine-dependent methyltransferase MUL_4430
Putative S-adenosyl-L-methionine-dependent methyltransferase MAV_4444
Putative S-adenosyl-L-methionine-dependent methyltransferase MAB_4585c
Putative S-adenosyl-L-methionine-dependent methyltransferase Mflv_5024
Putative S-adenosyl-L-methionine-dependent methyltransferase MMAR_5323
Putative S-adenosyl-L-methionine-dependent methyltransferase MUL_0706
Putative S-adenosyl-L-methionine-dependent methyltransferase Rv0726c
Putative S-adenosyl-L-methionine-dependent methyltransferase Mb0752c
Putative S-adenosyl-L-methionine-dependent methyltransferase MRA_0839
Putative S-adenosyl-L-methionine-dependent methyltransferase MRA_0901
Putative S-adenosyl-L-methionine-dependent methyltransferase Mvan_0910
Putative S-adenosyl-L-methionine-dependent methyltransferase MAP_4189c
Putative S-adenosyl-L-methionine-dependent methyltransferase MAP_4190c
Putative S-adenosyl-L-methionine-dependent methyltransferase MAP_4191c
Putative S-adenosyl-L-methionine-dependent methyltransferase MMAR_4850
Putative S-adenosyl-L-methionine-dependent methyltransferase Mflv_5025
Putative S-adenosyl-L-methionine-dependent methyltransferase SCO6443
Putative S-adenosyl-L-methionine-dependent methyltransferase Mb0747c
Putative S-adenosyl-L-methionine-dependent methyltransferase MUL_0817
Putative S-adenosyl-L-methionine-dependent methyltransferase MT0851
Putative S-adenosyl-L-methionine-dependent methyltransferase Rv0893c
Putative S-adenosyl-L-methionine-dependent methyltransferase Rv0731c
Putative S-adenosyl-L-methionine-dependent methyltransferase MUL_0816
Putative S-adenosyl-L-methionine-dependent methyltransferase MT0917
Putative S-adenosyl-L-methionine-dependent methyltransferase Mb0917c
Putative methyltransferase ECU09_1500
Probable BsuMI modification methylase subunit YdiO
Putative S-adenosyl-L-methionine-dependent methyltransferase MRA_0739
Putative S-adenosyl-L-methionine-dependent methyltransferase Mb0746c
Putative S-adenosyl-L-methionine-dependent methyltransferase BCG_0776c
Putative S-adenosyl-L-methionine-dependent methyltransferase MAV_0778
Putative S-adenosyl-L-methionine-dependent methyltransferase SCO7813
Putative S-adenosyl-L-methionine-dependent methyltransferase BCG_0883
Probable BsuMI modification methylase subunit YdiP
Putative DNA methyltransferase YeeA
Putative S-adenosyl-L-methionine-dependent methyltransferase YktD
Putative methyltransferase B0361.6
Putative methyltransferase YrhH
Putative 23S rRNA
Putative SET domain-containing protein L678
Putative RNA methyltransferase YpsC
Putative methyltransferase YqeM
Putative SET domain-containing protein L222
Putative rRNA methylase YtqB
