Zinc finger protein AEBP2
Homeobox protein AKR
Achaete-scute homolog 2
Cyclic AMP-dependent transcription factor ATF-3
Basic leucine zipper transcriptional factor ATF-like 3
B-cell lymphoma/leukemia 11A
Protein BTG2
Coiled-coil and C2 domain-containing protein 1A
Coiled-coil and C2 domain-containing protein 1B
Centromere-binding protein 1
Protein charlatan
Transcriptional repressor CTCF
Homeobox protein cut-like 2
Dachshund homolog 1
Homeobox protein DLX-4
Protein deadpan
Protein doublesex
Enhancer of split m5 protein
Protein C-ets-2
Enhancer of split m7 protein
Enhancer of split m8 protein
Fork head protein homolog 1
Fork head protein homolog 2
Forkhead box protein O1
Forkhead box protein P4
GC-rich sequence DNA-binding factor 2
Transcriptional activator/repressor GIS1
Zinc finger protein GLIS3
Homeobox protein goosecoid
Hairy and enhancer of split-related protein HELT
Transcription factor HES-5
Histone H4 transcription factor
Hepatoma-derived growth factor
Transcription factor HES-1
Homeobox protein engrailed-1
High mobility group protein HMGI-C
Heat shock factor protein 1
Homeobox protein Hox-A2
Interferon-activable protein 205-A
Interferon-activable protein 203
Pyrin and HIN domain-containing protein 1
Pyrin and HIN domain-containing protein 1-like
Gamma-interferon-inducible protein 16
Jun dimerization protein 2
Krueppel-like factor 17
Krueppel-like factor 16
Max dimerization protein 1
Pheromone receptor transcription factor
Regulatory protein MIG1
Regulatory protein MIG2
Carbohydrate-responsive element-binding protein
Transcription corepressor MIG3
Myeloid cell nuclear differentiation antigen-like protein
Homeobox protein Mohawk
Myb-related transcription factor, partner of profilin
Myelin expression factor 2
Nucleus accumbens-associated protein 2
Nuclear factor interleukin-3-regulated protein
Nuclear factor of activated T-cells, cytoplasmic 4
Myeloid zinc finger 1
Nuclear factor of activated T-cells, cytoplasmic 2
Homeobox protein Nkx-3.2
Nuclear factor erythroid 2-related factor 3
Homeobox protein Nkx-6.2
Putative transcription factor Ovo-like 1
pH-response transcription factor pacC/RIM101
Pituitary homeobox 2
POU domain, class 4, transcription factor 2
POU domain, class 3, transcription factor 1
PR domain zinc finger protein 5
Prospero homeobox protein 2
Homeobox protein prospero homolog 1
Prospero homeobox protein 1
Pyrin domain-containing protein 3
Transcriptional activator protein rec16
DNA damage-responsive transcriptional repressor RPH1
Repressor ROX1
Zinc finger protein rsv1
Protein sak1
Transcriptional repressor scratch 2
Sterol regulatory element-binding protein 2
Sterol regulatory element-binding protein 1
Transcription factor PU.1
Suppressor of mar1-1 protein
Signal transducer and transcription activator 6
Transcription factor ste11
T-box transcription factor TBX2
Homeobox protein TGIF1
T-box transcription factor TBX15
Transcriptional repressor protein YY1
Zinc finger protein ush
Zinc finger protein C25B8.19c
YLP motif-containing protein 1
Zinc finger protein 90 homolog
Zinc finger protein with KRAB and SCAN domains 3
Zinc finger protein 148
Zinc finger and BTB domain-containing protein 20
Zinc finger and BTB domain-containing protein 7A
Zinc finger protein 217
Zinc finger protein 281
MBF complex negative regulatory component yox1
Zinc finger protein 90
Zinc finger protein 536
Zinc finger CCCH-type with G patch domain-containing protein
Zinc finger protein 219
