Bone marrow stromal antigen 2
Double-stranded RNA-specific adenosine deaminase
Early growth response protein 1
Guanylate-binding protein 2
HLA class I histocompatibility antigen, alpha chain G
HLA class I histocompatibility antigen, alpha chain F
HLA class I histocompatibility antigen, alpha chain E
Interferon-induced protein with tetratricopeptide repeats 3
Interferon-induced transmembrane protein 3
Interferon alpha-4
Interferon-induced protein with tetratricopeptide repeats 2
Interferon alpha-2
Interferon alpha-8
Interferon beta
Interferon alpha-21
Interferon alpha-5
Interferon alpha-inducible protein 6
Interferon alpha-16
Interferon alpha-1/13
Interferon alpha-7
Interferon alpha/beta receptor 2
Interferon-induced transmembrane protein 1
Interferon alpha-14
Inositol hexakisphosphate kinase 2
Interferon alpha-inducible protein 27, mitochondrial
Interferon-induced protein with tetratricopeptide repeats 5
Interferon-induced transmembrane protein 2
Interferon alpha-17
Interferon a3
Interferon-induced protein with tetratricopeptide repeats 1
Interferon alpha-10
Interferon regulatory factor 7
Interferon alpha-6
Interferon-induced protein with tetratricopeptide repeats 1B
Interferon alpha/beta receptor 1
Interferon regulatory factor 6
Interferon regulatory factor 8
Interferon regulatory factor 1
Interferon-induced 35 kDa protein
Interferon regulatory factor 5
Interferon regulatory factor 9
Interferon regulatory factor 2
Interferon-stimulated gene 20 kDa protein
Interferon alpha/beta receptor 1b
Interferon regulatory factor 4
Interferon alpha/beta receptor 1a
Interferon-induced GTP-binding protein Mx2
Interferon-induced GTP-binding protein Mx1
2'-5'-oligoadenylate synthase-like protein
2'-5'-oligoadenylate synthase 3
Tyrosine-protein phosphatase non-receptor type 11
Tyrosine-protein phosphatase non-receptor type 6
2-5A-dependent ribonuclease
Suppressor of cytokine signaling 3
Suppressor of cytokine signaling 1
Signal transducer and activator of transcription 1
Signal transducer and activator of transcription 2
Non-receptor tyrosine-protein kinase TYK2
