Arf-GAP with dual PH domain-containing protein 2
Alpha-actinin-like protein 1
Autophagy protein 16
Telomere bouquet protein 2
Telomere bouquet protein 1
Protein BSP1
Calponin-3
Death domain-containing protein CRADD
Coronin-like protein
Early boundary activity protein 3
Actin cytoskeleton-regulatory complex protein END3
Ergosterol biosynthetic protein 28
Fimbrin
Pre-mRNA polyadenylation factor FIP1
FERM domain-containing protein 4A
Inheritance of peroxisomes protein 1
MltA-interacting protein
Suppressor protein MPT5
Dolichyl-diphosphooligosaccharide--protein glycosyltransferase subunit OST4
Actin cytoskeleton-regulatory complex protein PAN1
Polymerase delta-interacting protein 2
Plant UBX domain-containing protein 7
Repression factor of MSEs protein 1
Transgelin
Endocytosis protein end4
Protein SLA2
Translation machinery-associated protein 17
UBX domain-containing protein 2
