Aminodeoxychorismate synthase, chloroplastic
Probable aminodeoxychorismate synthase, chloroplastic
Cytosolic 10-formyltetrahydrofolate dehydrogenase
D-amino-acid transaminase, chloroplastic
Dihydropteroate synthase type-1
Dihydropteroate synthase type-2
Bifunctional dihydropteroate synthase/dihydropteroate reductase
Dihydropteroate synthase
Dihydrofolate reductase 1
Dihydrofolate reductase type 5
Dihydrofolate reductase type 7
Viral dihydrofolate reductase
Dihydrofolate reductase
Dihydrofolate reductase type 2
Dihydrofolate reductase type 3
Dihydrofolate reductase type 8
Dihydrofolate reductase HdrA
Dihydrofolate reductase HdrB
Dihydrofolate reductase type 6
Dihydrofolate reductase type A13
Dihydrofolate reductase type 15
Putative dihydrofolate reductase
Dihydrofolate reductase type A10
Dihydrofolate reductase 2
Dihydrofolate reductase type 9
Dihydrofolate reductase type 1 from Tn4003
Dihydroneopterin aldolase
Folic acid synthesis protein FOL1
Folate synthesis bifunctional protein
Probable dihydroneopterin aldolase
Folic acid synthesis protein fol1
Probable dihydroneopterin aldolase 3
Probable DHNTP pyrophosphohydrolase
Dihydroneopterin aldolase 1
Dihydroneopterin aldolase 2
Folate synthesis bifunctional protein, mitochondrial
GTP cyclohydrolase 1
2-amino-4-hydroxy-6-hydroxymethyldihydropteridine pyrophosphokinase
Dihydroneopterin triphosphate diphosphatase
Aminodeoxychorismate synthase component 1
Putative aminodeoxychorismate synthase
Aminodeoxychorismate lyase
Aminodeoxychorismate synthase component 2
Trifunctional purine biosynthetic protein adenosine-3
Bifunctional purine biosynthesis protein PURH
Bifunctional folate synthesis protein
