AP-3 complex subunit mu
AP-3 complex subunit beta
Autophagy-related protein 18
Beclin-1-like protein
Vacuolar protein-sorting protein BRO1
Charged multivesicular body protein 1
CSC1-like protein At4g35870
Vacuolar protein-sorting-associated protein 46
C-8 sterol isomerase
Sterol 24-C-methyltransferase erg-4
Protein GFS12
Class E vacuolar protein-sorting machinery protein hse1
Class E vacuolar protein-sorting machinery protein HSE1
RINT1-like protein MAG2
Protein MON2 homolog
Sorting nexin MVP1
Sorting nexin mvp1
Non-SCF-type F-box protein ROY1
Sorting nexin-4
Protein SRC2 homolog
Putative cyclin-dependent kinase inhibitor SPL2
Putative vacuolar protein sorting-associated protein 13B
Vacuolar protein sorting-associated protein 13C
Putative vacuolar protein sorting-associated protein 13E
Putative vacuolar protein sorting-associated protein 13F
Vacuolar protein sorting/targeting protein 10
Vacuolar protein sorting-associated protein 13
Vacuolar protein sorting-associated protein 27
Putative vacuolar protein sorting-associated protein 13A
Putative vacuolar protein sorting-associated protein 13C
Putative vacuolar protein sorting-associated protein 13D
Vacuolar protein sorting-associated protein 13D
Vacuolar protein sorting-associated protein 1
GTP-binding protein YPT52
GTP-binding protein YPT53
Sorting nexin C1711.11
