Ankyrin repeat and SAM domain-containing protein 4B
5'-adenylylsulfate reductase-like 5
5'-adenylylsulfate reductase-like 4
5'-adenylylsulfate reductase-like 6
5'-adenylylsulfate reductase-like 7
Bcl-2-binding component 3
Very long-chain-fatty-acid--CoA ligase bubblegum
Calcineurin subunit B
Derlin-1
DnaJ homolog subfamily C member 10
ELAV-like protein 4
ERO1-like protein alpha
Endoplasmic reticulum oxidoreductin-1
Interleukin-8
Transmembrane GTPase Marf
Membrane-bound transcription factor site-2 protease
Membralin
Protein disulfide isomerase MPD2
Protein disulfide-isomerase MPD1
Protein Niban
Protein OS-9
Phosphatidylinositol 3-kinase regulatory subunit beta
Phosphatidylinositol 3-kinase regulatory subunit alpha
Protein disulfide isomerase-like 5-2
Protein disulfide-isomerase A3
Protein disulfide-isomerase A4
Protein disulfide-isomerase A5
Protein disulfide isomerase-like 1-5
Protein disulfide-isomerase A6
Protein disulfide-isomerase 1
Protein disulfide-isomerase like 2-2
Protein disulfide-isomerase 5-1
Protein disulfide isomerase-like 1-6
Putative protein disulfide-isomerase C1F5.02
Protein disulfide isomerase-like 2-2
Protein disulfide-isomerase C17H9.14c
Serine/threonine-protein kinase pink-1, mitochondrial
Protein phosphatase 1 regulatory subunit 15A
Stromal cell-derived factor 2-like protein 1
Sushi repeat-containing protein SRPX
Sushi-repeat-containing protein SRPX
Thioredoxin-related transmembrane protein 1
Thioredoxin-related transmembrane protein 4
Thioredoxin domain-containing protein 11
Thioredoxin domain-containing protein 5
Ubiquitin-like modifier-activating enzyme 5
Thioredoxin domain-containing protein C06A6.5
Ubiquilin-1
E3 UFM1-protein ligase 1
Ubiquitin-fold modifier 1
Ubiquitin-fold modifier-conjugating enzyme 1
Putative protein disulfide-isomerase DDB_G0275025
Thioredoxin domain-containing protein C13F5.05, mitochondrial
Thioredoxin domain-containing protein C959.05c
