Cytochrome P450 71A23
Cytochrome P450 71B6
Cytochrome P450 71B11
Cytochrome P450 76C4
Cytochrome P450 78A7
Cytochrome P450 81D1
Cytochrome P450 82C4
Cytochrome P450 71A15
Cytochrome P450 71A21
Cytochrome P450 71A26
Cytochrome P450 71B10
Cytochrome P450 71B14
Cytochrome P450 71B24
Cytochrome P450 71B31
Cytochrome P450 81F1
Cytochrome P450 71A20
Cytochrome P450 71B5
Cytochrome P450 71B13
Cytochrome P450 71B22
Cytochrome P450 76C1
Cytochrome P450 89A9
Cytochrome P450 81D11
Cytochrome P450 71A19
Cytochrome P450 71A25
Cytochrome P450 71B4
Cytochrome P450 71B12
Cytochrome P450 71B17
Cytochrome P450 71B21
Cytochrome P450 71B25
Cytochrome P450 71B29
Cytochrome P450 71B35
Cytochrome P450 76C3
Cytochrome P450 82C3
Cytochrome P450 89A2
Cytochrome P450 71A16
Cytochrome P450 71A22
Cytochrome P450 71B2
Cytochrome P450 71B9
Cytochrome P450 71B28
Cytochrome P450 71B36
Cytochrome P450 82C2
Cytochrome P450 71B3
Cytochrome P450 71B7
Cytochrome P450 71B16
Cytochrome P450 71B23
Cytochrome P450 71B26
Cytochrome P450 71B34
Cytochrome P450 78A5
Cytochrome P450 71A14
Cytochrome P450 71B20
Cytochrome P450 77A4
Ent-kaurene oxidase 2
Cytochrome P450 71B19
Cytochrome P450 71B37
Cytochrome P450 705A20
Cytochrome P450 76C2
Flavonoid 3'-monooxygenase
Putative polyketide hydroxylase
Ent-kaurene oxidase, chloroplastic
3-(3-hydroxy-phenyl)propionate/3-hydroxycinnamic acid hydroxylase
Nonribosomal peptide synthetase 4
Nonribosomal peptide synthetase 11
Nonribosomal peptide synthetase 5
p-hydroxybenzoate hydroxylase
Anthranilate--CoA ligase
2-heptyl-3-hydroxy-4(1H)-quinolone synthase
Trk system potassium uptake protein TrkA
