Recombinase Flp protein
DNA ligase C1
Shufflon-specific DNA recombinase
Probable ATP-dependent DNA helicase RecS
Recombinase cre
ATP-dependent DNA helicase RecQ
DNA recombination protein RmuC homolog
Transposase A from transposon Tn554
TnP I resolvase
Transposase B from transposon Tn554
Transposase B from transposon PsiTn554
Recombination protein uvsY
Probable excisionase
Excisionase
Recombination protein bet
Excisionase-like protein from lambdoid prophage 14
ICEBs1 excisionase
Probable excisionase hkaC
Tyrosine recombinase XerC-like
Excisionase from transposon Tn1545
Excisionase from transposon Tn916
SPBc2 prophage-derived recombinase-like protein YomM
