Putative asparagine synthetase  2
Asparagine synthetase  2
Probable asparagine synthetase
Asparagine synthetase, root
Asparagine synthetase  1
Asparagine synthetase domain-containing protein 1
Putative asparagine synthetase
Asparagine synthetase, nodule
Putative asparagine synthetase  1
Carbamoyl-phosphate synthase small chain
Carbamoyl-phosphate synthase pyrimidine-specific small chain
Carbamoyl-phosphate synthase arginine-specific small chain
Carbamoyl-phosphate synthase small chain, chloroplastic
Cobyric acid synthase
Probable cobyric acid synthase
Glutaminase 2
Glutaminase 1
Thermolabile glutaminase
Glutaminase
GMP synthase  subunit A
CTP synthase 1-A
Amidophosphoribosyltransferase
CTP synthase 1-B
CTP synthase 2
CTP synthase 1
