Accessory gland protein Acp76A
Caltrin-like protein 2
Peptidase inhibitor R3HDML
Cystatin
Antimicrobial peptide eNAP-2
Proteinase inhibitor PSKP-2
Leech factor Xa inhibitor
Major yolk protein
Effector protein NleF
Peptidase inhibitor 15-A
Peptidase inhibitor 16
Peptidase inhibitor 15
Host protease inhibitor
Perlwapin-like protein
SCO-spondin
Sodium/potassium ATPase inhibitor SPAI-2
U15-lycotoxin-Ls1a
U15-lycotoxin-Ls1h
U20-lycotoxin-Ls1a
U20-lycotoxin-Ls1c
U14-lycotoxin-Ls1b
U14-lycotoxin-Ls1a
U14-lycotoxin-Ls1c
U15-lycotoxin-Ls1c
U15-lycotoxin-Ls1g
U15-lycotoxin-Ls1d
U15-lycotoxin-Ls1f
U15-lycotoxin-Ls1e
U20-lycotoxin-Ls1b
U20-lycotoxin-Ls1d
Venom protein Vn4.6
Notewaprin-a
Whey acidic protein
Auswaprin-a
Carwaprin-a
Nawaprin
WAP four-disulfide core domain protein 15B
Waprin-Lio1
Waprin-Enh1
Waprin-Rha1
Veswaprin-a
Omwaprin-a
Veswaprin-b
Auswaprin-b
Carwaprin-b
Veswaprin-c
Veswaprin-d
Protein WFDC10B
WAP four-disulfide core domain protein 18
Supwaprin-a
Scuwaprin-a
Waprin-Phi2
Protein WAP-3
Nigwaprin-a
Omwaprin-b
Porwaprin-b
Supwaprin-c
Omwaprin-c
Supwaprin-d
Porwaprin-d
WAP four-disulfide core domain protein 15A
Waprin-Phi1
Waprin-Thr1
Stewaprin-a
Porwaprin-a
Supwaprin-b
Waprin-Phi3
Textwaprin-a
Nigwaprin-b
Notewaprin-b
Porwaprin-c
