Curamycin polyketide synthase acyl carrier protein
Tetracenomycin C polyketide synthase acyl carrier protein
Granaticin polyketide synthase acyl carrier protein
Monensin polyketide synthase acyl carrier protein
Actinorhodin polyketide synthase acyl carrier protein
N-(5-amino-5-carboxypentanoyl)-L-cysteinyl-D-valine synthase
Oxytetracycline polyketide synthase acyl carrier protein
Bacilysin biosynthesis protein BacB
Bacilysin biosynthesis protein BacA
Gamma-L-glutamyl-butirosin B gamma-glutamyl cyclotransferase
Calichemicin antitumor antibiotic biosynthesis protein
Actinorhodin polyketide synthase bifunctional cyclase/dehydratase
Putative polyketide cyclase
Polyketide synthase CurD
Polyketide synthase CurC
Granaticin polyketide synthase bifunctional cyclase/dehydratase
Hydroxypicolinic acid-activating enzyme
4-MHA-activating enzyme
2-hydroxy-7-methoxy-5-methyl-1-naphthoate--CoA ligase
2,7-dihydroxy-5-methyl-1-naphthoate 7-O-methyltransferase
Anhydrotetracycline monooxygenase
L-tyrosine C(3)-methyltransferase
O-methyltransferase SfmM3
Multifunctional cyclase-dehydratase-3-O-methyl transferase TcmN
Tetracenomycin polyketide synthesis protein TcmJ
Tetracenomycin polyketide synthesis 8-O-methyl transferase TcmO
