Beta-fructosidase
Beta-fructofuranosidase, insoluble isoenzyme 4
Invertase
Beta-fructofuranosidase, insoluble isoenzyme CWINV1
Beta-fructofuranosidase, cell wall isozyme
Invertase 1
Beta-fructofuranosidase, insoluble isoenzyme 2
Invertase 4
Beta-fructofuranosidase, insoluble isoenzyme CWINV5
Beta-fructofuranosidase, insoluble isoenzyme 6
Invertase 7
Beta-fructofuranosidase, insoluble isoenzyme 1
Invertase 5
Extracellular sucrase
Probable alkaline/neutral invertase D
Invertase 3
Beta-fructofuranosidase, insoluble isoenzyme CWINV2
Beta-fructofuranosidase, insoluble isoenzyme 3
Beta-fructofuranosidase, insoluble isoenzyme 5
Beta-fructofuranosidase, insoluble isoenzyme 7
Probable alkaline/neutral invertase B
Oligo-1,6-glucosidase IMA2
Probable alkaline/neutral invertase F
Acid beta-fructofuranosidase AIV-18
Alkaline/neutral invertase C, mitochondrial
Probable alkaline/neutral invertase A, chloroplastic
Oligo-1,6-glucosidase IMA3
Oligo-1,6-glucosidase IMA1
Alpha-glucosidase
Neutral/alkaline invertase 3, chloroplastic
Raffinose invertase
Sucrase-isomaltase, intestinal
