Putative antiholin
Antiholin
Pre-protein VI
Pre-hexon-linking protein IIIa
Internal scaffolding protein VP3
Major capsid protein
Internal scaffolding protein B
Core-capsid bridging protein
Capsid decoration protein
Methyltransferase Dmt
Endolysin
External scaffolding protein D
SAR Endolysin
Probable endopeptidase
Lysis protein S homolog from lambdoid prophage Qin
Lysis protein S homolog from lambdoid prophage DLP12
DNA-packaging protein FI
Gene 1 protein
Virion export protein
Gag polyprotein
Envelope glycoprotein K
P47(GAG-CRK) protein
Tail assembly protein GT
Pinholin
Holin
Putative holin
IST1 homolog
Matrix protein
Nucleoprotein
Packaging protein 3
Packaging protein 2
Probable portal protein
Portal protein
Peptidyl-prolyl cis-trans isomerase D
Processing and transport protein
Protease I
Ras-related protein Rab-7a
Spanin from lambdoid prophage Rac, outer membrane subunit
Spanin from lambdoid prophage DLP12, outer membrane subunit
Capsid assembly scaffolding protein
Capsid scaffolding protein
Probable capsid assembly scaffolding protein
Protein 33K
Capsid assembly protease C
Probable spanin, inner membrane subunit
Spanin, outer membrane subunit
Spanin, outer lipoprotein subunit
Probable spanin, outer lipoprotein subunit
Spanin, inner membrane subunit
Tail assembly protein Gp25
Terminase, large subunit gp2
Probable terminase, small subunit gp27
Terminase small subunit
P21 prophage-derived terminase small subunit
Probable tail assembly protein gp41
Probable terminase, large subunit gp28
Putative terminase large subunit
Terminase, large subunit gp19
Probable tail fiber assembly protein
Tail assembly protein E'
Probable tail assembly protein FS-gp41
terminase, large subunit gp2
Terminase, small subunit
Tail fiber assembly protein
Probable terminase, large subunit
Terminase, small subunit gp18
Tail assembly protein E
Terminase, large subunit
Tail tip assembly protein I
Probable tape measure protein
Large terminase protein
Tail tip assembly protein K
Tripartite terminase subunit UL28 homolog
Tripartite terminase subunit UL33 homolog
Tripartite terminase subunit UL15 homolog
Tape measure protein
Tripartite terminase subunit UL15
Tripartite terminase subunit UL33
Tripartite terminase subunit UL28
Virion-packaging protein UL25 homolog
UL33 protein
Transposon TyH3 Gag-Pol polyprotein
Virion-packaging protein UL17 homolog
Virion-packaging protein UL93
Protein UL33 homolog
Protein UL33
Tail assembly protein Gp24
Lysis protein
Putative lysis protein S
Lysis protein S
Terminase, endonuclease subunit
Vacuolar protein sorting-associated protein 4A
Vacuolar protein sorting-associated protein 4B
Probable holin
Protein Vpu
Head-tail preconnector protein GP5
Protein P35
Probable terminase, endonuclease subunit
Probable terminase, ATPase subunit
Terminase, ATPase subunit
Probable DNA-packaging protein
DNA maturase A
Capsid assembly protein Gp31
Putative ubiquitin thioesterase L96
Prehead core component PIP
PBSX phage terminase large subunit
PBSX phage terminase small subunit
Transposon Ty1-BR Gag-Pol polyprotein
Transposon Ty1-BL Gag-Pol polyprotein
Transposon Ty1-DR5 Gag-Pol polyprotein
Transposon Ty2-C Gag-Pol polyprotein
Transposon Ty1-DR3 Gag-Pol polyprotein
Transposon Ty2-DR3 Gag-Pol polyprotein
Transposon Ty2-B Gag-Pol polyprotein
Transposon Ty1-ER2 Gag-Pol polyprotein
Transposon Ty1-GR1 Gag-Pol polyprotein
Transposon Ty2-GR1 Gag-Pol polyprotein
Transposon Ty1-LR1 Gag-Pol polyprotein
Transposon Ty2-LR2 Gag-Pol polyprotein
Transposon Ty1-DR6 Gag-Pol polyprotein
Transposon Ty1-ML2 Gag-Pol polyprotein
Transposon Ty4-P Gag-Pol polyprotein
Transposon Ty1-DR1 Gag-Pol polyprotein
Transposon Ty2-DR1 Gag-Pol polyprotein
Transposon Ty2-DR2 Gag-Pol polyprotein
Transposon Ty1-ER1 Gag-Pol polyprotein
Transposon Ty1-GR2 Gag-Pol polyprotein
Transposon Ty2-GR2 Gag-Pol polyprotein
Transposon Ty1-JR2 Gag-Pol polyprotein
Transposon Ty1-MR1 Gag-Pol polyprotein
Transposon Ty1-OL Gag-Pol polyprotein
Transposon Ty1-DR4 Gag-Pol polyprotein
Transposon Ty1-GR3 Gag-Pol polyprotein
Transposon Ty1-LR2 Gag-Pol polyprotein
Transposon Ty1-LR3 Gag-Pol polyprotein
Transposon Ty1-LR4 Gag-Pol polyprotein
Transposon Ty1-NL1 Gag-Pol polyprotein
Transposon Ty1-OR Gag-Pol polyprotein
Transposon Ty2-F Gag-Pol polyprotein
Transposon Ty2-OR1 Gag-Pol polyprotein
Transposon Ty2-OR2 Gag-Pol polyprotein
Transposon Ty1-PR2 Gag-Pol polyprotein
Transposon Ty1-H Gag-Pol polyprotein
Transposon Ty2-LR1 Gag-Pol polyprotein
Transposon Ty1-JR1 Gag-Pol polyprotein
Transposon Ty1-MR2 Gag-Pol polyprotein
Transposon Ty1-ML1 Gag-Pol polyprotein
Transposon Ty1-NL2 Gag-Pol polyprotein
Transposon Ty1-PR1 Gag-Pol polyprotein
Transposon Ty1-PR3 Gag-Pol polyprotein
Transposon Ty1-PL Gag-Pol polyprotein
