Activin receptor type-1
Anti-Muellerian hormone type-2 receptor
Arf-GAP with Rho-GAP domain, ANK repeat and PH domain-containing protein 1
Rho guanine nucleotide exchange factor 18
BMP and activin membrane-bound inhibitor homolog
Bone morphogenetic protein 8B
Bone morphogenetic protein 8A
Cadherin-5
Bone morphogenetic protein 2
Cyclin-dependent kinase 4 inhibitor B
Claudin-5
Collagen alpha-2(I) chain
Cingulin
Cyclic AMP-responsive element-binding protein 1
Dauer larva development regulatory growth factor daf-7
mRNA-decapping enzyme 1A
Dual specificity protein phosphatase 15
Dual specificity protein phosphatase 22
Transcription factor E2F4
Dual specificity protein phosphatase 22-A
Transcription factor E2F5
Dual specificity protein phosphatase 22-B
Forkhead activin signal transducer 3
Fermitin family homolog 2
Proto-oncogene c-Fos
Forkhead box protein H1
Follitropin subunit beta
Alpha-(1,6)-fucosyltransferase
Protein farnesyltransferase/geranylgeranyltransferase type-1 subunit alpha
Growth/differentiation factor 10
Growth/differentiation factor 5
Growth/differentiation factor 8
Growth/differentiation factor 15
Growth/differentiation factor 9
N-acetyllactosaminide beta-1,6-N-acetylglucosaminyl-transferase
N-acetyllactosaminide beta-1,6-N-acetylglucosaminyl-transferase, isoform C
N-acetyllactosaminide beta-1,6-N-acetylglucosaminyl-transferase, isoform A
DNA-binding protein inhibitor ID-1
Integrin beta-5
Transcription factor AP-1
Krueppel-like factor 10
Serine/threonine-protein kinase kin-29
Lethal(2) giant larvae protein
Left-right determination factor 2
Left-right determination factor 1
Mitogen-activated protein kinase kinase kinase 7
Latent-transforming growth factor beta-binding protein 4
Latent-transforming growth factor beta-binding protein 2
Latent-transforming growth factor beta-binding protein 3
Myotubularin-related protein 4
Myc proto-oncogene protein
Nuclear receptor corepressor 1
Nuclear receptor corepressor 2
Serine/threonine-protein kinase NLK
Plasminogen activator inhibitor 1
Platelet-derived growth factor subunit B
15-hydroxyprostaglandin dehydrogenase
Protein TMEPAI
Protein phosphatase 1 regulatory subunit 15A
Receptor-type tyrosine-protein phosphatase kappa
Ski-like protein
Mothers against decapentaplegic homolog 2
Mothers against decapentaplegic homolog 4
Mothers against decapentaplegic homolog 1
Mothers against decapentaplegic homolog 5
Dwarfin sma-2
Mothers against decapentaplegic homolog 3
Mothers against decapentaplegic homolog 9
Dwarfin sma-4
Serine-threonine kinase receptor-associated protein
TGF-beta-activated kinase 1 and MAP3K7-binding protein 1
Transcription factor Dp-2
Transcription factor Dp-1
Homeobox protein TGIF2
Transforming growth factor-beta receptor-associated protein 1
TGF-beta receptor type-1
Homeobox protein TGIF1
WW domain-containing transcription regulator protein 1
WAP, Kazal, immunoglobulin, Kunitz and NTR domain-containing protein 2
Zinc finger FYVE domain-containing protein 9
