Apoptosis-enhancing nuclease
Serine/threonine-protein kinase ATM
Apoptosis-stimulating of p53 protein 2
BRISC and BRCA1-A complex member 1
BRCA1-A complex subunit BRE
BRCA1-associated ATM activator 1
Centrosomal protein C10orf90 homolog
Replicative DNA helicase
BRCA1-A complex subunit Abraxas
GTP cyclohydrolase 1 type 2 homolog
Integrator complex subunit 3
Protein LZIC
Meiotic nuclear division protein 1 homolog
Non-homologous end-joining factor 1
DNA repair and recombination protein RAD54-like
SOSS complex subunit C
SOSS complex subunit B2
Treslin
BRCA1-A complex subunit RAP80
WW domain-containing oxidoreductase
Probable Werner syndrome ATP-dependent helicase homolog 1
DNA repair protein XRCC4
Inner membrane protein YabI
Protein YhgF
