2-amino-5-formylamino-6-ribosylaminopyrimidin-4(3H)-one 5'-monophosphate deformylase
2,5-diamino-6-ribosylamino-4(3H)-pyrimidinone 5'-phosphate reductase
Monofunctional riboflavin biosynthesis protein RIBA 3, chloroplastic
GTP cyclohydrolase-2
3,4-dihydroxy-2-butanone 4-phosphate synthase
5-amino-6-(5-phosphoribosylamino)uracil reductase
Monofunctional riboflavin biosynthesis protein RIBA 2, chloroplastic
Probable monofunctional riboflavin biosynthesis protein RIBA 3, chloroplastic
Probable GTP cyclohydrolase-2
Probable bifunctional riboflavin biosynthesis protein RIBA 1, chloroplastic
FAD synthetase 2, chloroplastic
Riboflavin biosynthesis protein VVA0006
FAD synthetase 1, chloroplastic
Protein RibT
FAD synthetase, chloroplastic
D-ribitol-5-phosphate phosphatase
Bifunctional riboflavin biosynthesis protein RIBA 1, chloroplastic
Probable bifunctional riboflavin biosynthesis protein RIBA 2, chloroplastic
5-amino-6-(5-phospho-D-ribitylamino)uracil phosphatase YbjI
5-amino-6-(5-phospho-D-ribitylamino)uracil phosphatase YigB
