Probable fructose-bisphosphate aldolase 1, chloroplastic
Chloroplastic lipocalin
Carboxyl-terminal-processing protease
Peptidyl-prolyl cis-trans isomerase CYP28, chloroplastic
Carboxyl-terminal-processing peptidase 1, chloroplastic
Cytochrome c6
Carboxyl-terminal-processing peptidase 2, chloroplastic
Cytochrome c6-like
Peptidyl-prolyl cis-trans isomerase CYP37, chloroplastic
Peptidyl-prolyl cis-trans isomerase CYP38, chloroplastic
Protease Do-like 1, chloroplastic
Protease Do-like 5, chloroplastic
Protease Do-like 8, chloroplastic
Peptidyl-prolyl cis-trans isomerase FKBP19, chloroplastic
Peptidyl-prolyl cis-trans isomerase FKBP18, chloroplastic
Ferredoxin--NADP reductase, leaf isozyme 1, chloroplastic
Peptidyl-prolyl cis-trans isomerase FKBP16-3, chloroplastic
Peptidyl-prolyl cis-trans isomerase FKBP20-2, chloroplastic
Peptidyl-prolyl cis-trans isomerase FKBP13, chloroplastic
Probable lactoylglutathione lyase, chloroplastic
Photosystem II stability/assembly factor HCF136, chloroplastic
Probable plastid-lipid-associated protein 6, chloroplastic
Probable plastid-lipid-associated protein 2, chloroplastic
Probable plastid-lipid-associated protein 1, chloroplastic
Probable plastid-lipid-associated protein 9, chloroplastic
Plastocyanin major isoform, chloroplastic
Plastocyanin minor isoform, chloroplastic
PsbP domain-containing protein 3, chloroplastic
PsbP domain-containing protein 6, chloroplastic
PsbP-like protein 1, chloroplastic
Putative thylakoid lumen peptidyl-prolyl cis-trans isomerase sll0408
PsbP domain-containing protein 4, chloroplastic
PsbP domain-containing protein 5, chloroplastic
PsbP domain-containing protein 1, chloroplastic
Oxygen-evolving enhancer protein 1-1, chloroplastic
Oxygen-evolving enhancer protein 3-1, chloroplastic
Oxygen-evolving enhancer protein 1-2, chloroplastic
Oxygen-evolving enhancer protein 2-1, chloroplastic
Oxygen-evolving enhancer protein 3-2, chloroplastic
Ribulose bisphosphate carboxylase small chain 1A, chloroplastic
Pentapeptide repeat protein Rfr32
Thylakoid lumenal 16.5 kDa protein, chloroplastic
Thylakoid lumenal 17.9 kDa protein, chloroplastic
Thylakoid lumenal 15.0 kDa protein 2, chloroplastic
Thylakoid lumenal 29 kDa protein, chloroplastic
Thioredoxin-like protein HCF164, chloroplastic
Thylakoid lumenal 15 kDa protein 1, chloroplastic
UPF0603 protein At1g54780, chloroplastic
Probable thylakoid lumen protein sll1769
Probable thylakoid lumen protein sll0997
