ATP-binding cassette sub-family B member 8, mitochondrial
Very long-chain specific acyl-CoA dehydrogenase, mitochondrial
Mitochondrial substrate carrier family protein ancA
ATPase expression protein 3
Probable ADP,ATP carrier protein At5g56450
Mitochondrial inner membrane protease ATP23
ATPase synthesis protein 25, mitochondrial
Iron-sulfur clusters transporter ATM1, mitochondrial
Mitochondrial ATPase complex subunit ATP10
Mitochondrial inner membrane protease atp23
Iron-sulfur clusters transporter atm1, mitochondrial
ATPase family AAA domain-containing protein 3B
Mitochondrial arginine transporter BAC1
Assembly factor CBP4
Assembly factor cbp-4
Assembly factor cbp4
Cytochrome c-type heme lyase
Cytochrome c heme lyase
Cytochrome c biogenesis CcmF N-terminal-like mitochondrial protein 1
Cruciform cutting endonuclease 1, mitochondrial
Cytochrome c biogenesis CcmF N-terminal-like mitochondrial protein 2
Choline dehydrogenase, mitochondrial
Cytochrome c oxidase assembly factor 3, mitochondrial
Cytochrome c oxidase assembly protein COX16, mitochondrial
Cytochrome c oxidase subunit 3
Cytochrome c oxidase subunit 4 isoform 1, mitochondrial
Cytochrome c oxidase subunit 5A, mitochondrial
Cytochrome c oxidase subunit 6C
Cytochrome c oxidase subunit 7A, mitochondrial
Cytochrome c oxidase polypeptide 7C, mitochondrial
Cytochrome c oxidase subunit 8A, mitochondrial
Cytochrome c oxidase subunit 8B, mitochondrial
Cytochrome c oxidase subunit 8C, mitochondrial
COX assembly mitochondrial protein
Cytochrome c oxidase protein 20, mitochondrial
Cytochrome c oxidase polypeptide 5, mitochondrial
Cytochrome c oxidase subunit 7C, mitochondrial
Cytochrome c oxidase subunit 6A, mitochondrial
Cytochrome c oxidase polypeptide 6, mitochondrial
Coenzyme Q-binding protein COQ10, mitochondrial
Cytochrome c oxidase subunit 4, mitochondrial
Cytochrome c oxidase subunit 5A-1, mitochondrial
Cytochrome c oxidase subunit 5B, mitochondrial
Coenzyme Q-binding protein COQ10 homolog B, mitochondrial
Cytochrome c oxidase subunit 7e
Coenzyme Q-binding protein COQ10 homolog A, mitochondrial
Cytochrome c oxidase assembly protein COX11, mitochondrial
Cytochrome c oxidase subunit 6, mitochondrial
Cytochrome c oxidase polypeptide 4, mitochondrial
Cytochrome c oxidase subunit 5A-2, mitochondrial
Cytochrome c oxidase subunit 7s
Cytochrome c oxidase subunit 5B heart, mitochondrial
Cytochrome c oxidase subunit 5B liver, mitochondrial
Cytochrome c oxidase subunit 6C-2
Cytochrome c oxidase assembly protein cox16, mitochondrial
Cytochrome c oxidase subunit 4 isoform 2, mitochondrial
Cytochrome c oxidase polypeptide VIIc
Cytochrome c oxidase subunit 7B-liver, mitochondrial
Cytochrome c oxidase subunit 7B-heart, mitochondrial
Cytochrome c oxidase assembly protein ctaG
Cytochrome c oxidase subunit 7A-heart, mitochondrial
Coenzyme Q-binding protein COQ10 homolog, mitochondrial
Cytochrome c oxidase subunit 6A1, mitochondrial
Cytochrome c oxidase subunit 6C-1
Cytochrome c oxidase subunit 6A2, mitochondrial
DnaJ homolog subfamily C member 11
Electron transfer flavoprotein-ubiquinone oxidoreductase, mitochondrial
Glycine amidinotransferase, mitochondrial
Growth hormone-inducible transmembrane protein
Ferrochelatase, mitochondrial
Hydroxymethylglutaryl-CoA synthase, mitochondrial
Inner membrane assembly complex subunit 17
Iron-sulfur protein IND1
Creatine kinase S-type, mitochondrial
Creatine kinase U-type, mitochondrial
LETM1 and EF-hand domain-containing protein 1, mitochondrial
LETM1 domain-containing protein LETM2, mitochondrial
Mitochondrial carrier protein LEU5
Mitochondrial inner membrane magnesium transporter LPE10
Mitochondrial substrate carrier family protein R
Mitochondrial basic amino acids transporter
Mitochondrial substrate carrier family protein P
Mpv17-like protein 2
Mitoferrin-2A
Mitochondrial inner membrane i-AAA protease complex subunit MGR1
Mitoferrin-1
Mitoferrin-2
Mitoferrin-2B
MICOS complex subunit MIC27
MICOS complex subunit MIC60
MICOS complex subunit mic60
Mimitin, mitochondrial
MICOS complex subunit MIC10
MICOS complex subunit mic19
MICOS complex subunit mic10
MICOS complex subunit MIC13
Mitoferrin
Mitochondrial genome required protein 1
Mitochondrial inner membrane i-AAA protease supercomplex subunit MGR3
Mitochondrial-processing peptidase subunit alpha
Magnesium transporter MRS2 homolog, mitochondrial
Protein Mpv17
Putative mitochondrial inner membrane magnesium transporter PF11_0210
Mitochondrial fission process protein 1
Mpv17-like protein
Mitochondrial inner membrane magnesium transporter MRS2
MIOREX complex component 10
MIOREX complex component 3
NADH dehydrogenase  1 alpha subcomplex assembly factor 5
NADH-ubiquinone oxidoreductase 20 kDa subunit
NADH-ubiquinone oxidoreductase 18 kDa subunit
NADH-ubiquinone oxidoreductase 29 kDa subunit
NADH-ubiquinone oxidoreductase 16 kDa subunit
NADH-ubiquinone oxidoreductase 12 kDa subunit
NADH-ubiquinone oxidoreductase 21.3 kDa subunit
OCIA domain-containing protein 2
NADH-ubiquinone oxidoreductase 11 kDa subunit
NADH-ubiquinone oxidoreductase 20.9 kDa subunit
NADH-ubiquinone oxidoreductase 17.8 kDa subunit, mitochondrial
Mitochondrial metalloendopeptidase OMA1
Methyltransferase OMS1, mitochondrial
Prohibitin-1, mitochondrial
Prohibitin-2
Dihydroorotate dehydrogenase
Protein RMD9-like, mitochondrial
S-adenosylmethionine mitochondrial carrier protein homolog
Protein SCO1 homolog 2, mitochondrial
S-adenosylmethionine mitochondrial carrier protein
Sideroflexin-4
Sideroflexin-5
Sensitive to high expression protein 9 homolog, mitochondrial
Sideroflexin-2
Sideroflexin-1
Sensitive to high expression protein 9, mitochondrial
Surfeit locus protein 1
SURF1-like protein
Protein SYM1
Surfeit locus protein 1-like
Protein sym1
Protein sym-1
Mitochondrial chaperone TCM62
Acetyl-CoA acetyltransferase, mitochondrial
Mitochondrial import inner membrane translocase subunit TIM22-4
Mitochondrial import inner membrane translocase subunit TIM23-3
Mitochondrial import inner membrane translocase subunit TIM44-1
Mitochondrial import inner membrane translocase subunit TIM14-2
Mitochondrial import inner membrane translocase subunit TIM14-3
Transmembrane protein 256
Mitochondrial import inner membrane translocase subunit TIM14-1
UDP-glucuronosyltransferase 2B17
Mitochondrial escape protein 2
Mitochondrial escape protein 2 homolog
Mitochondrial escape protein 2-1
Mitochondrial escape protein 2-2
