Acylamino-acid-releasing enzyme
Peptide chain release factor APG3, chloroplastic
ATP-dependent RNA helicase dbp5
ATP-dependent RNA helicase DBP5
Elongation factor 3A
Eukaryotic peptide chain release factor subunit 1
Eukaryotic peptide chain release factor subunit 1-1
Enhancer of translation termination 1
Eukaryotic translation initiation factor 3 subunit G
Eukaryotic peptide chain release factor subunit 1-3
Negative regulator of ofd1
Eukaryotic peptide chain release factor GTP-binding subunit ERF3B
Eukaryotic peptide chain release factor subunit 1-2
Eukaryotic peptide chain release factor GTP-binding subunit
Nucleolar protein 3
Peptide chain release factor PrfB1, chloroplastic
Release factor glutamine methyltransferase
Peptide chain release factor 1
Peptide chain release factor 1, mitochondrial
Peptide chain release factor 2
Peptide chain release factor 3
50S ribosomal protein L11
60S ribosomal protein L10
Translation initiation factor RLI1
Ribosome-recycling factor
Ribosome-recycling factor, mitochondrial
Prolyl 3,4-dihydroxylase TPA1
mRNA interferase YafQ
