(RS)-norcoclaurine 6-O-methyltransferase
(R,S)-reticuline 7-O-methyltransferase
Alcohol dehydrogenase
N-carbamoyl-L-amino acid hydrolase
Amino-acid acetyltransferase
Phospho-2-dehydro-3-deoxyheptonate aldolase, Tyr-sensitive
Phospho-2-dehydro-3-deoxyheptonate aldolase, Phe-sensitive
Phospho-2-dehydro-3-deoxyheptonate aldolase, Trp-sensitive
Chorismate synthase
3-dehydroquinate dehydratase
L-asparaginase 1
Avenacosidase 1
Secreted protein BARF1
Cep170-like protein
Complement C1q and tumor necrosis factor-related protein 9A
Adenylyl cyclase-associated protein
Dermaseptin PD-3-7
Haloalkane dehalogenase
Glucose 1-dehydrogenase 4
DNA polymerase III subunit beta
Probable early E4 11 kDa protein
2,3-dihydro-2,3-dihydroxybenzoate dehydrogenase
6-phosphofructo-2-kinase/fructose-2,6-bisphosphatase 1
Glucose-6-phosphate isomerase
Glycine dehydrogenase
Protein GnsA
Endoglucanase 1
Exoglucanase 2
Guanylate kinase
KH homology domain-containing protein 1B
Circadian clock protein KaiB
Protein LF2
Molybdenum cofactor biosynthesis protein B
Myb/SANT-like DNA-binding domain-containing protein 3
MORF4 family-associated protein 1-like 1
Methylthioribose kinase
Glucosamine-6-phosphate deaminase
N-acetylneuraminate lyase
Paraneoplastic antigen-like protein 5
CTP synthase
ATPase RavA
Replication protein RepB
Signal peptide, CUB and EGF-like domain-containing protein 2
Schwannomin-interacting protein 1
Protein S100-A2
Segregation and condensation protein B
Cell division protein SepF
Soluble pyridine nucleotide transhydrogenase
DNA helicase II
UHRF1-binding protein 1
UDP-N-acetylglucosamine 2-epimerase
Cell division protein ZapB
Putative esterase F42H10.6
Cell division protein ZapD
