GrpE protein homolog 2, mitochondrial
Heat shock protein SSC3, mitochondrial
Mitochondrial intermembrane space import and assembly protein 40
Metaxin-3
Metaxin-1
Metaxin-2
Metaxin-1 homolog
Protein MSP1
Mitochondrial outer membrane import complex protein METAXIN
Outer envelope protein 64, mitochondrial
cGMP-dependent 3',5'-cyclic phosphodiesterase
DEAD-box ATP-dependent RNA helicase 1
Sorting and assembly machinery component 50 homolog
Mitochondrial import inner membrane translocase subunit Tim10 B
Mitochondrial import inner membrane translocase subunit Tim10B
Mitochondrial import receptor subunit TOM40 homolog
Mitochondrial import receptor subunit TOM70
Mitochondrial import inner membrane translocase subunit Tim17-B
Mitochondrial import inner membrane translocase subunit TIM16
Mitochondrial import receptor subunit TOM20-2
Mitochondrial import receptor subunit TOM40 homolog 1
Mitochondrial import receptor subunit TOM34
Mitochondrial import receptor subunit TOM5 homolog
Mitochondrial import inner membrane translocase subunit Tim23
Mitochondrial import receptor subunit TOM40 homolog 2
Mitochondrial import receptor subunit TOM6 homolog
Mitochondrial import inner membrane translocase subunit Tim17-A
Mitochondrial import inner membrane translocase subunit Tim22
Mitochondrial import inner membrane translocase subunit Tim21
Mitochondrial import inner membrane translocase subunit TIM44
Mitochondrial import inner membrane translocase subunit Tim8 A
Mitochondrial import receptor subunit TOM20 homolog
Mitochondrial import receptor subunit tom5
Mitochondrial import receptor subunit TOM9-1
