AP-3 complex subunit mu
Anucleate primary sterigmata protein B
Pre-mRNA-splicing factor CWC21
Pre-mRNA-splicing factor cwc-21
Pre-mRNA-splicing factor cwc21
DASH complex subunit DAM1
Protein lsb5
Meiotically up-regulated gene 62 protein
Probable kinetochore protein NDC80
Kinetochore protein ndc80
Probable kinetochore protein ndc80
Probable kinetochore protein NUF2
Probable kinetochore protein nuf2
Kinetochore protein nuf2
Kinetochore protein spc25
Probable kinetochore protein SPC24
Probable kinetochore protein spc25
Probable kinetochore protein SPC25
Probable kinetochore protein spc24
Kinetochore protein spc24
Sporulation-specific protein 15
Pre-mRNA-splicing factor syf1
