Putative secreted metallopeptidase
Disintegrin and metalloproteinase domain-containing protein B
Aminoacylase-1
Putative zinc protease AlbF
Aminopeptidase G
Lysyl aminopeptidase
Probable Xaa-Pro aminopeptidase P
Probable Xaa-Pro aminopeptidase HCAG_02413
Probable Xaa-Pro aminopeptidase ARB_01886
Probable Xaa-Pro aminopeptidase AFUB_014460
Probable Xaa-Pro aminopeptidase CPSG_02684
Probable Xaa-Pro aminopeptidase MAA_08947
Probable Xaa-Pro aminopeptidase PTRG_10574
Xaa-Pro aminopeptidase 2
Probable Xaa-Pro aminopeptidase TSTA_094700
Probable Xaa-Pro aminopeptidase pepP
Probable Xaa-Pro aminopeptidase PEPP
Aminopeptidase AmpS
Glycyl-glycine endopeptidase ALE-1
Probable Xaa-Pro aminopeptidase HCBG_01484
Probable Xaa-Pro aminopeptidase BDCG_04966
Probable Xaa-Pro aminopeptidase BC1G_13431
Thermophilic aminopeptidase 1 alpha chain
Archaemetzincin-1
Aminopeptidase 2
Probable Xaa-Pro aminopeptidase HCDG_07916
Probable Xaa-Pro aminopeptidase MCYG_06503
Probable Xaa-Pro aminopeptidase AO090005001240
Probable Xaa-Pro aminopeptidase CPC735_009100
Probable Xaa-Pro aminopeptidase MGG_05684
Probable Xaa-Pro aminopeptidase NFIA_010500
Probable Xaa-Pro aminopeptidase PABG_05921
Probable Xaa-Pro aminopeptidase VDBG_02538
Putative Xaa-Pro aminopeptidase
Putative aminopeptidase
Antigen 1
Aminopeptidase HP_1037
Membrane alanyl aminopeptidase
Xaa-Pro aminopeptidase 1
Probable Xaa-Pro aminopeptidase BDBG_08406
Probable Xaa-Pro aminopeptidase MGYG_06974
Probable Xaa-Pro aminopeptidase ATEG_00858
Probable Xaa-Pro aminopeptidase AN0832
Probable Xaa-Pro aminopeptidase PAAG_05466
Probable Xaa-Pro aminopeptidase PODANS_7_5850
Probable Xaa-Pro aminopeptidase SMAC_04549
Probable Xaa-Pro aminopeptidase PMAA_074180
Probable Xaa-Pro aminopeptidase UREG_07123
Aminopeptidase T
Major allergen Asp f 2
Aminopeptidase N
Probable Xaa-Pro aminopeptidase ACLA_020440
Probable Xaa-Pro aminopeptidase AFUA_1G14920
Probable Xaa-Pro aminopeptidase GLRG_02280
Probable Xaa-Pro aminopeptidase MAC_04092
Probable Xaa-Pro aminopeptidase NCU11288
Probable Xaa-Pro aminopeptidase Pc16g13390
Probable Xaa-Pro aminopeptidase PTT_10145
Probable Xaa-Pro aminopeptidase SS1G_06948
Probable Xaa-Pro aminopeptidase GSTUM_00008071001
Probable Xaa-Pro aminopeptidase AFLA_084750
Probable Xaa-Pro aminopeptidase An01g13040
Probable Xaa-Pro aminopeptidase CHGG_02942
Probable Xaa-Pro aminopeptidase NECHADRAFT_60613
Probable Xaa-Pro aminopeptidase PADG_06815
Probable Xaa-Pro aminopeptidase SNOG_02267
Probable Xaa-Pro aminopeptidase TRV_02643
Peptidyl-Asp metalloendopeptidase
Aminopeptidase YwaD
Basic secretory protease
Probable carboxypeptidase S-like 1
Probable carboxypeptidase S-like 2
Thermostable carboxypeptidase 2
Carboxypeptidase G2
Thermostable carboxypeptidase 1
Carboxypeptidase B
Putative zinc carboxypeptidase PFA0170c
Calcium-activated chloride channel regulator 1
Collagenolytic protease 23 kDa
COP9 signalosome complex subunit 5
Probable ubiquitin thioesterase DG1039
Putative dipeptidase MGYG_00085
Putative dipeptidase MCYG_02918
Putative dipeptidase UREG_03382
Putative dipeptidase TRV_05564
Putative dipeptidase TSTA_079200
Putative dipeptidase ARB_02715
Dipeptidyl peptidase 3
Endoplasmic reticulum metallopeptidase 1
Putative endoplasmic reticulum metallopeptidase 1-B
Putative endoplasmic reticulum metallopeptidase 1-A
Fibrinolytic zinc metalloproteinase
Putative aminopeptidase FrvX
ATP-dependent zinc metalloprotease FTSH, chloroplastic
Probable glutamate carboxypeptidase ARB_02390
Herinase
Hementerin
Hementin
Radiation response metalloprotease IrrE
Metallopeptidase ImmA
Probable metalloprotease HVO_1016
Desampylase
probable leucine aminopeptidase 2
Metalloprotease LoiP
Lysostaphin
Probable zinc metalloprotease PTT_08196
Probable zinc metalloprotease Lema_P049800
Probable zinc metalloprotease PTRG_04772
Probable zinc metalloprotease ARB_04732
Probable zinc metalloprotease PTRG_04977
Probable zinc metalloprotease VDBG_06923
Probable zinc metalloprotease MGYG_02393
Probable zinc metalloprotease Lema_P086240
Probable zinc metalloprotease UREG_01421
Probable zinc metalloprotease SNOG_06590
Probable zinc metalloprotease MCYG_04217
Probable zinc metalloprotease MGG_02107
Probable zinc metalloprotease PTT_17836
Extracellular metalloprotease PODANS_2_14170
Extracellular metalloprotease VDBG_01143
Extracellular metalloprotease VDBG_07883
Probable zinc metalloprotease TRV_03476
Extracellular metalloprotease AO090012001025
Extracellular metalloprotease MGG_08041
Extracellular metalloprotease SMAC_06893
Extracellular metalloprotease GLRG_06286
Extracellular metalloprotease NCU07200
Extracellular metalloprotease UREG_07765
Protein MtfA
N-acetylated-alpha-linked acidic dipeptidase-like protein
Mycolysin
Probable carboxypeptidase AFUB_072730
Probable carboxypeptidase AO090166000075
Probable carboxypeptidase AN5749
Probable carboxypeptidase NFIA_052450
Probable carboxypeptidase AFLA_000940
Probable carboxypeptidase UREG_07869
Probable carboxypeptidase AFLA_037450
Probable carboxypeptidase AFUA_6G06800
Probable carboxypeptidase An18g06210
Probable carboxypeptidase ACLA_013260
Probable carboxypeptidase PMAA_093910
Probable carboxypeptidase AO090003000058
Probable carboxypeptidase ACLA_088580
Probable carboxypeptidase ATEG_02905
Xaa-Pro dipeptidase
Pappalysin-1
Astacin-like peptidase p18
Cytosol non-specific dipeptidase
Vacuolar membrane protease
Aminopeptidase PepS
Metalloprotease PmbA
Metalloprotease PmbA homolog
Putative aminopeptidase SgcX
AMSH-like protease
STAM-binding protein-like
STAM-binding protein-like A
Tetrahedral aminopeptidase
Metalloprotease TldD homolog
Metalloprotease TIKI homolog
Ulilysin
Snake venom metalloproteinase Bfon25
Zinc metalloproteinase-disintegrin-like bothrojarin-4
Zinc metalloproteinase/disintegrin
Zinc metalloproteinase-disintegrin-like jerdohagin
Zinc metalloproteinase atrahagin
Zinc metalloproteinase alsophinase
Zinc metalloproteinase-disintegrin-like
Coagulation factor X-activating enzyme heavy chain
Zinc metalloproteinase-disintegrin-like daborhagin-M
Factor X-activator 1 heavy chain
Snake venom metalloproteinase HT-1
Zinc metalloproteinase-disintegrin-like VaH1
Venom metalloproteinase
Snake venom metalloproteinase BleucMP
Zinc metalloproteinase-disintegrin-like alborhagin
Zinc metalloproteinase-disintegrin-like crovidisin
Snake venom metalloproteinase Batx-1
Zinc metalloproteinase-disintegrin-like AAV1
Probable Xaa-Pro aminopeptidase 3
Snake venom metalloproteinase patagonfibrase
Snake venom metalloproteinase Bco22
Zinc metalloproteinase-disintegrin-like BaG
Zinc metalloproteinase-disintegrin-like leucurogin
Zinc metalloproteinase-disintegrin-like moojenin
Zinc metalloproteinase oxiagin
Snake venom metalloproteinase bothrolysin
50 kDa venom protease
Metalloprotease slr1322
Peptidase M20 domain-containing protein SMAC_03666.2
Putative aminopeptidase MJ0555
Metalloprotease AF_0655
Metalloprotease MTH_856
Putative zinc metalloproteinase YIL108W
Metalloprotease slr0863
Metalloprotease MJ0996
Putative aminopeptidase YhfE
Putative zinc protease L233
Peptidase M20 domain-containing protein C757.05c
Putative dipeptidase YkvY
Putative aminopeptidase YsdC
Pro-Pro endopeptidase
Putative aminopeptidase YtoP
Aminopeptidase YpdE
