Kappa-conotoxin Mo1659
Kappa-conotoxin RIIIJ
Lepidopteran-selective toxin
Potassium channel toxin alpha-KTx 11.1
Potassium channel toxin alpha-KTx 3.13
Potassium channel toxin alpha-KTx 8.5
Potassium channel toxin alpha-KTx 15.6
Potassium channel toxin alpha-KTx 18.1
Kappa-actitoxin-Bcs3b
Potassium channel toxin alpha-KTx 3.6
Potassium channel toxin alpha-KTx 6.15
Potassium channel toxin alpha-KTx 11.2
Potassium channel toxin alpha-KTx 4.4
Potassium channel toxin alpha-KTx 9.5
Potassium channel toxin gamma-KTx 1.8
Potassium channel toxin gamma-KTx 4.4
Potassium channel toxin gamma-KTx 1.2
Potassium channel toxin gamma-KTx 4.3
Potassium channel toxin gamma-KTx 4.7
Potassium channel toxin gamma-KTx 4.13
Potassium channel toxin alpha-KTx 13.1
Potassium channel toxin alpha-KTx 13.2
Potassium channel toxin gamma-KTx 1.5
Potassium channel toxin gamma-KTx 1.4
Potassium channel toxin gamma-KTx 4.10
Potassium channel toxin gamma-KTx 4.6
Kappa-actitoxin-Bcs3a
Potassium channel toxin alpha-KTx 11.3
Potassium channel toxin gamma-KTx 3.2
Potassium channel toxin gamma-KTx 4.1
Potassium channel toxin gamma-KTx 4.12
Potassium channel toxin gamma-KTx 4.9
Potassium channel toxin gamma-KTx 5.1
Kappa-actitoxin-Bcs4a
Potassium channel toxin gamma-KTx 1.3
Potassium channel toxin gamma-KTx 1.7
Potassium channel toxin gamma-KTx 3.1
Potassium channel toxin gamma-KTx 3.4
Potassium channel toxin gamma-KTx 4.5
Potassium channel toxin gamma-KTx 4.2
Potassium channel toxin gamma-KTx 5.2
Potassium channel toxin gamma-KTx 4.8
Potassium channel toxin gamma-KTx 1.6
Potassium channel toxin gamma-KTx 1.1
Potassium channel toxin gamma-KTx 3.3
Potassium channel toxin gamma-KTx 4.11
Tamulustoxin-2
Omega-theraphotoxin-Gr1a
