Neurotoxin BmKAEP2
Bactridin-1
Bactridin-2
Altitoxin
Ankyrin repeat domain-containing protein 36C
Bestoxin
Babycurus-toxin 1
Birtoxin
Beta-mammal toxin CeII9
Beta-toxin CeII8
Dortoxin
Ikitoxin
Alpha-toxin PgKL1
Kurtoxin
Toxin PgKL2
Lipolysis-activating peptide 1-alpha chain
Lipolysis-activating peptide 1-beta chain
HMG-CoA reductase inhibitor bumarsin
Makatoxin-2
Makatoxin-1
Makatoxin-3
Toxin BmKaIT1
Alpha-like toxin BmK-M2
Toxin TdNa5
Toxin TdNa7
Toxin BmKaTX15
Neurotoxin BmK AGAP-SYPU2
Toxin TdNa2
Ardiscretin
Toxin Td11
Putative beta-neurotoxin RjAa2f
Toxin BeI2
Toxin CsEv3
Putative beta-neurotoxin RjAa43
Neurotoxin Cex4
Alpha-toxin Amm5
Beta-toxin Cn5
Toxin Td5
Alpha-toxin Ts5
Toxin Tpa6
Neurotoxin Cex7
Toxin Td7
Toxin Cex8
Putative beta-neurotoxin RjAa8
Toxin To8
Toxin Td9
Toxin Boma6b
Toxin Boma6c
Probable neurotoxin pcD-1008
Insect toxin TbIT-1
Mesotoxin-1
Neurotoxin MeuNaTx-2
Neurotoxin MeuNaTx-6
Alpha-toxin CsE5
Neurotoxin BmK 18(2)
Toxin BmKa1
Toxin BmKT
Beta-mammal/insect toxin Lqhb1
Toxin To10
Toxin Aam1
Phaiodotoxin
Alpha-toxin Bs-Tx28
Neurotoxin Bot2
Beta-mammal toxin Css2
Putative beta-neurotoxin RjAa2
Toxin Td2
Beta-mammal toxin Tpa2
Toxin Tst2
Toxin Aam3
Alpha-like toxin Bom3
Neurotoxin BmK-M3
Probable neurotoxin pcD-993
Toxin Boma6d
Toxin BeM14
Neurotoxin-like protein STR1
Toxin CsEM1
Putative neurotoxin
Neurotoxin E1x
Toxin BmKaTx10
Toxin BmKaTx16
Alpha-toxin 4
Beta-toxin BmKAS
Alpha-like toxin Lqh3
Alpha-like toxin Lqh6
Toxin TdNa6
Toxin TdNa10
Alpha-toxin Cn12
Toxin Tb1
Beta-toxin Tz1
Alpha-mammal toxin AaH2
Beta-toxin Im-2
Toxin BmKaTx17
Toxin BmKBT
Toxin Cex12
Alpha-toxin Ac2
Toxin Cg2
Beta-mammal toxin Cn2
Alpha-mammal toxin Ts2
Alpha-toxin Ac3
Neurotoxin Cex3
Toxin Tb3
Toxin-5
Toxin CsEv4
Alpha-toxin Lqq4
Alpha-toxin Tf4
Toxin Cll5c*
Toxin Cll6
Toxin Td6
Putative beta-neurotoxin RjAa7
Toxin Cll8
Putative beta-neurotoxin
Beta-toxin CsE3
Alpha-insect toxin BjaIT
Alpha-like toxin Lqh7
Anti-neuroexcitation peptide 2
Toxin Td10
Putative beta-neurotoxin RjAa12
Toxin To14
Putative alpha-neurotoxin RjAa16
Alpha-toxin Bu1
Putative beta-neurotoxin RjAa1
Neurotoxin Cex2
Alpha-mammal toxin Lqh2
Toxin-like TcoNTxP1
Alpha-mammal toxin Aah3
Toxin Cn3
Neurotoxin Os3
Putative alpha-neurotoxin RjAa44
Anti-insect Ac4
Sodium channel alpha-toxin Acra4
Putative beta-neurotoxin RjAa4
Neurotoxin 5
Toxin TbTx5
Toxin Aah6
Putative sodium channel alpha-toxin Acra7
Beta-toxin Cn7
Toxin Pg8
Neurotoxin Cex9
Toxin AahP1005
Toxin Cn11
Toxin CngtIII
BmK AGP-SYPU2
Toxin BmKaTx13
Toxin BmKa3
Toxin TdNa1
Toxin TdNa3
Toxin To11
Toxin Td12
Putative alpha-neurotoxin RjAa13
Toxin To15
Alpha-toxin Bot1
Alpha-like toxin BmK-M1
Phaiodotoxin-2
Beta-toxin Cll2
Toxin CsEv2
Toxin Tb2
Toxin Tz2
Alpha-toxin Amm3
Alpha-mammal toxin Bot3
Alpha-insect toxin Lqq3
Alpha-toxin BmalphaTx47
Toxin Aah4
Beta-mammal toxin Css4
Toxin Ts4
Toxin CsE8
Neurotoxin 9
Toxin Cll9
Alpha-mammal toxin BeM9
Toxin Boma6a
Alpha-toxin BeM10
Alpha-toxin Bot11
Neurotoxin BmK-M11
Alpha-insect toxin Bot14
Toxin BomPI
Toxin Tb2-II
Neurotoxin MeuNaTx-1
Neurotoxin MeuNaTx-5
Beta-toxin BmKAs1
Bukatoxin
BmKBT-like peptide
Anti-neuroexcitation peptide 3
Toxin TdNa8
Neurotoxin Cex13
Toxin Cn1
Beta-toxin Clt1
Toxin Td1
Beta-mammal/insect toxin Ts1
Toxin Aam2
Toxin Td4
Toxin Tpa4
Toxin Cll5b
Neurotoxin Cex5
Alpha-mammal toxin Lqq5
Putative insect toxin Acra6
Beta-toxin Css6
Toxin Cll7
Alpha-like toxin BmK-M7
Neurotoxin 8-related gene product 1/2/3
Alpha-toxin Amm8
Toxin Tpa8
Putative alpha-neurotoxin RjAa9
Toxin To9
Toxin AahP985
Toxin Cll1
Toxin CngtIV
Beta-insect excitatory toxin Bj-xtrIT
Neurotoxin Cex10
Neurotoxin Cex11
Toxin To12
Toxin To13
Alpha-toxin Ac1
Neurotoxin-1''
Neurotoxin Cex1
Toxin CsEv1
Neurotoxin BTN
Toxin Os1
Beta-mammal Tt1g
Neurotoxin BmK-II
Putative beta-neurotoxin RjAa32
Phaiodotoxin-3
Toxin Td3
Toxin Tst3
Alpha-like toxin Bom4
Alpha-like toxin BmK-M4
Toxin Cll5c
Putative sodium channel alpha-toxin Acra5
Alpha-like toxin CsEv5
Toxin Tpa5
Neurotoxin Cex6
Toxin Tco-gamma
Toxin Tpa7
Sodium channel alpha-toxin Acra8
Alpha-mammal toxin BmK-M8
Toxin Td8
Toxin CsE9
Neurotoxin BmK-M9
Insect-toxin Cn10
Alpha-insect toxin LqhaIT
Probable neurotoxin pcD-996
Toxin Boma6e
Beta-toxin CsEI
Neurotoxin MeuNaTx-4
Beta-insect excitatory toxin LqhIT1a
Beta-insect excitatory toxin LqhIT1b
Beta-insect excitatory toxin 1
Beta-toxin BotIT2
Beta-insect depressant toxin Im-3
Beta-insect depressant toxin BotIT4
Depressant scorpion toxin BmKIM
Alpha-insect toxin BotIT1
Insect toxin BsIT1
Beta-toxin Isom1
Beta-insect excitatory toxin BmKIT1
Beta-insect excitatory toxin 2
Insect toxin BsIT2
Beta-insect depressant toxin LqhIT2
Beta-insect depressant toxin Lqh-dprIT3c
Insect toxin BsIT4
Beta-insect depressant toxin BmKIT4
Beta-insect depressant toxin BmKITa
Neurotoxin LmNaTx35.1
Neurotoxin LmNaTx45.2
Neurotoxin LmNaTx19
Neurotoxin LmNaTx30
Neurotoxin LmNaTx35.2
Beta-insect depressant toxin BjIT2
Toxin Isom2
Beta-insect depressant toxin LqqIT2
Beta-insect depressant toxin Lqh-dprIT3b
Beta-insect depressant toxin Lqh-dprIT3d
Beta-insect depressant toxin Lqh-dprIT3f
Toxin AaHIT4
Beta-insect depressant toxin BmKITb
Insect toxin OsI1
Neurotoxin LmNaTx34.1
Insect toxin BsIT3
Beta-insect excitatory toxin BmK IT-AP
Neurotoxin LmNaTx17
Beta-insect excitatory toxin LqhIT1c
Toxin BmKIT3
Insect toxin AaHIT5
Depressant insect toxin BmK ITa1
Neurotoxin LmNaTx21.1
Beta-insect excitatory toxin LqqIT1
Beta-insect depressant toxin BaIT2
Beta-insect depressant toxin BmKIT2
Beta-insect depressant toxin Lqh-dprIT3a
Beta-insect depressant toxin Lqh-dprIT3e
Beta-insect depressant toxin Lqh-dprIT3g
Beta-insect depressant toxin Lqh-dprIT3h
Beta-insect depressant toxin BotIT5
Insect toxin LqhIT5
Beta-insect depressant toxin BotIT6
Toxin BmKITc
Neurotoxin LmNaTx10
Neurotoxin LmNaTx11.6
Neurotoxin LmNaTx15.1
Neurotoxin LmNaTx34.2
Neurotoxin LmNaTx1
Neurotoxin LmNaTx11.1
Neurotoxin LmNaTx64.1
Neurotoxin LmNaTx3
Neurotoxin LmNaTx34.5
Neurotoxin 60.35
Neurotoxin 213
Neurotoxin 67.1
Insect toxin 2-13
Putative beta-neurotoxin RjAa10f
Insect toxin 2-53
Neurotoxin 23
Putative beta-neurotoxin RjAa15f
Putative beta-neurotoxin RjAa17f
Neurtoxin 10
Putative beta-neurotoxin RjAa14F
Toxin Acra III-1
Toxin-like peptide AaF1CA5
Toxin Acra3
Toxin Acra II-2
Toxin-like peptide AaF1CA26
Toxin Acra1
Toxin Acra III-2
Toxin-like peptide AaF1CA7
Toxin Acra I-3
Toxin-like peptide AaF1CA1
Toxin Acra I-2
Toxin Acra II-1
Toxin Acra II-3
Toxin Acra2
