Cytosolic 5'-nucleotidase 3A
Aminoglycoside 6-adenylyltransferase
1,2-beta-oligoglucan phosphorylase
Putative phosphotransferase 057R
Cytosolic 5'-nucleotidase 3
Acetyl-CoA:oxalate CoA-transferase
Holo- synthase
(E,E)-alpha-farnesene synthase
Alpha-(1->3)-arabinofuranosyltransferase
FAD:protein FMN transferase
UDP-galactose-lipid carrier transferase
Amylovoran biosynthesis protein AmsJ
Arsenate-mycothiol transferase ArsC2
Arsenate-mycothiol transferase ArsC1
5-methyl-1-naphthoate synthase
Bile acid-CoA hydrolase
ADP-ribosyl cyclase/cyclic ADP-ribose hydrolase 2
N(4)-bis(aminopropyl)spermidine synthase
Isovaleryl-homoserine lactone synthase
Putative transferase CAF17, mitochondrial
Carnitine operon protein CaiE
Capreomycidine synthase
Protein CapG
Putative transferase caf17, mitochondrial
Putative transferase CAF17 homolog, mitochondrial
Putative transferase caf-17, mitochondrial
Probable O-acetyltransferase CAS1
Putative transferase caf17 homolog, mitochondrial
Carboxymethylproline synthase
Succinyl-CoA:coenzyme A transferase
L-3-cyanoalanine synthase 2, mitochondrial
Bifunctional L-3-cyanoalanine synthase/cysteine synthase 1, mitochondrial
Bifunctional L-3-cyanoalanine synthase/cysteine synthase 2, mitochondrial
L-3-cyanoalanine synthase 1, mitochondrial
4-hydroxybutyrate coenzyme A transferase
ADP-ribosyl cyclase/cyclic ADP-ribose hydrolase 1
DNase CdiA
(R)-citramalyl-CoA lyase
Protein CDI
Bifunctional cystathionine gamma-lyase/cysteine synthase
N,N'-diacetylchitobiose phosphorylase
CDK5RAP1-like protein
probable cardiolipin-specific deacylase, mitochondrial
3'-hydroxymethylcephem-O-carbamoyltransferase
CDK5 regulatory subunit-associated protein 1
Cardiolipin-specific deacylase 1, mitochondrial
Galactosyl transferase CpsE
Phosphoethanolamine transferase CptA
Cysteine synthase 1
O-acetylserine sulfhydrylase
Cysteine synthase
Cysteine synthase, mitochondrial
Cysteine synthase 2
Cysteine synthase, chloroplastic/chromoplastic
Cysteine synthase A
Cysteine synthase B
Cysteine synthase 3
Putative cysteine synthase
Bifunctional L-3-cyanoalanine synthase/cysteine synthase D1
Probable S-sulfocysteine synthase, chloroplastic
Bifunctional L-3-cyanoalanine synthase/cysteine synthase, mitochondrial
Bifunctional L-3-cyanoalanine synthase/cysteine synthase D2
Putative inactive cysteine synthase 2
Bifunctional L-3-cyanoalanine synthase/cysteine synthase
Bifunctional L-3-cyanoalanine synthase/cysteine synthase C1, mitochondrial
Probable cysteine synthase
O-ureido-L-serine synthase
CoA-transferase/lyase DddD
Probable 2-oxoglutarate/Fe(II)-dependent dioxygenase
2-(3-amino-3-carboxypropyl)histidine synthase
Elongation of very long chain fatty acids protein 6
55 kDa erythrocyte membrane protein
Dual specificity tyrosine-phosphorylation-regulated kinase 2
Elongation of very long chain fatty acids protein 5
Elongation of very long chain fatty acids protein 7
Phosphoethanolamine transferase EptB
Elongation of very long chain fatty acids protein AAEL008004
Putative pyruvyl transferase EpsI
Putative pyruvyl transferase EpsO
Phosphoethanolamine transferase EptA
Phosphoethanolamine transferase EptC
Glucan 1,3-beta-glucosidase
Putative fatty acid elongation protein 3
Putative fatty acid elongation protein 4
Exopolysaccharide production protein ExoY
Malonyl-CoA-acyl carrier protein transacylase, mitochondrial
Probable glucan 1,3-beta-glucosidase ARB_04467
dTDP-3-amino-3,6-dideoxy-alpha-D-galactopyranose 3-N-acetyltransferase
Probable malonyl-CoA-acyl carrier protein transacylase, mitochondrial
Fukutin-related protein
dTDP-3-amino-3,6-dideoxy-alpha-D-galactopyranose transaminase
Formiminotransferase N-terminal subdomain-containing protein
Fukutin
1,3-beta-glucanosyltransferase ARB_07487
1,3-beta-glucanosyltransferase gel4
1,3-beta-glucanosyltransferase gel2
1,3-beta-glucanosyltransferase gel3
GPI ethanolamine phosphate transferase 2
Glutamine amidotransferase-like protein GlxB
General stress protein 30
Glycosyltransferase family protein 64 C3
Dolichyl-diphosphooligosaccharide--protein glycotransferase
Protein GstA
Glycosyltransferase family protein 64 protein C5
UDP-glucose:undecaprenyl-phosphate glucose-1-phosphate transferase
HGPRTase-like protein 1
HGPRTase-like protein 2
Putative hypoxanthine phosphoribosyltransferase
HGPRTase-like protein 3
Phospholipid-metabolizing enzyme A-C1
HGPRTase-like protein
Short chain isoprenyl diphosphate synthase
Ceramide synthase hyl-2
Interleukin enhancer-binding factor 2
Interleukin enhancer-binding factor 2 homolog
Acetolactate synthase-like protein
Phosphatidylinositol:ceramide inositolphosphotransferase
Aerobactin synthase
Octaprenyl-diphosphate synthase
N(2)-citryl-N(6)-acetyl-N(6)-hydroxylysine synthase
3-keto-5-aminohexanoate cleavage enzyme
3-deoxy-D-manno-octulosonic acid transferase
Lipopolysaccharide cholinephosphotransferase LicD
Lipoate--protein ligase 1
Lipoate-protein ligase A subunit 1
Putative lipoate-protein ligase A
Lipoate-protein ligase A
Lactase-phlorizin hydrolase
Probable lipoate-protein ligase A
2,5-dichlorohydroquinone reductive dechlorinase
Lipoate--protein ligase 2
Lipoate-protein ligase A subunit 2
Lipoteichoic acid synthase 1
Lipid A biosynthesis lauroyltransferase
Octanoyltransferase
Lipoteichoic acid synthase
Lipoteichoic acid synthase 2
Malonyl-S-ACP:biotin-protein carboxyltransferase MADD
GPI ethanolamine phosphate transferase 1
Succinyl-CoA:mesaconate CoA-transferase
Malonyl-S-ACP:biotin-protein carboxyltransferase MADC
O-succinylhomoserine sulfhydrylase
Cystathionine gamma-synthase/O-acetylhomoserine
tRNA-2-methylthio-N(6)-dimethylallyladenosine synthase
Putative mycofactocin biosynthesis glycosyltransferase MftF
tRNA-2-methylthio-N(6)-dimethylallyladenosine synthase 1
Putative mycofactocin radical SAM maturase MftC
tRNA uridine 5-carboxymethylaminomethyl modification enzyme MnmG
Molybdopterin synthase catalytic subunit 2
tRNA-2-methylthio-N(6)-dimethylallyladenosine synthase 2
Molybdenum cofactor sulfurase
Molybdenum cofactor sulfurase 1
Probable molybdopterin synthase
Molybdenum cofactor sulfurase 3
Molybdenum cofactor sulfurase 2
Mycosubtilin synthase subunit C
ADP-ribosyl cyclase/cyclic ADP-ribose hydrolase
Quinolinate synthase, chloroplastic
Mycosubtilin synthase subunit B
Quinolinate synthase A
NADH dehydrogenase
N-terminal acetyltransferase A complex subunit nat1
Nodulation protein U
Nodulation protein NolO
Nodulation protein H
2'-N-acetylparomamine deacetylase
Nodulation protein E
Nodulation protein NoeE
NAD-dependent protein deacylase
Nonribosomal peptide synthetase 14
Nodulation protein NolNO
2'-5'-oligoadenylate synthase-like protein 1
Dolichyl-diphosphooligosaccharide--protein glycosyltransferase subunit ost5
Dolichyl-diphosphooligosaccharide--protein glycosyltransferase subunit OST5
Inactive 2'-5'-oligoadenylate synthase 1B
3-oxoadipyl-CoA/3-oxo-5,6-dehydrosuberyl-CoA thiolase
Phosphoethanolamine transferase OpgE
Ophiobolin F synthase
Lipase-like PAD4
Phenylacetic acid degradation protein PaaY
Penicillin-binding protein A
Tetrachloro-P-hydroquinone reductive dehalogenase
(R)-3-hydroxydecanoyl-ACP:CoA transacylase
Petal death protein
Anthranilate synthase, phenazine specific
Probable polyketide synthase 16
Probable polyketide synthase 18
Probable polyketide synthase 23
Probable polyketide synthase 13
Putative inactive phenolphthiocerol synthesis polyketide synthase type I Pks15
Probable polyketide synthase 17
Probable polyketide synthase 28
Probable polyketide synthase 33
Probable polyketide synthase 41
Probable polyketide synthase 6
Probable polyketide synthase 10
Probable polyketide synthase 14
Probable polyketide synthase 15
Probable polyketide synthase 19
Probable polyketide synthase 26
Probable polyketide synthase 42
Probable polyketide synthase 22
Probable polyketide synthase 30
Probable polyketide synthase 38
Probable polyketide synthase 45
Probable polyketide synthase 5
Procollagen lysyl hydroxylase and glycosyltransferase
Probable polyketide synthase 25
Probable polyketide synthase 27
Probable polyketide synthase 32
Probable polyketide synthase 34
Probable polyketide synthase 39
Probable polyketide synthase 40
Probable polyketide synthase 7
Probable polyketide synthase 9/36
Probable polyketide synthase 21
Probable polyketide synthase 24
Probable polyketide synthase 29
Probable polyketide synthase 31
Probable polyketide synthase 44
Probable polyketide synthase 8/35
Patatin-like protein 4
Putative pyridoxal phosphate-dependent acyltransferase
Plipastatin synthase subunit E
DNA primase
Plipastatin synthase subunit D
Plipastatin synthase subunit A
Plipastatin synthase subunit B
Plipastatin synthase subunit C
Pseudaminic acid synthase
Lactose-specific phosphotransferase enzyme IIA component
N,N'-diacetylchitobiose-specific phosphotransferase enzyme IIA component
Phosphatidylserine synthase 1
PyrE-like protein 2
PyrE-like protein
Exopolysaccharide glucosyl ketal-pyruvate-transferase
Lichenan-specific phosphotransferase enzyme IIA component
Phosphatidylserine synthase 2
S-adenosylmethionine:tRNA ribosyltransferase-isomerase
PyrE-like protein 1
Raffinose carrier protein
Ribosomal protein S12 methylthiotransferase RimO
6,7-dimethyl-8-ribityllumazine synthase
6,7-dimethyl-8-ribityllumazine synthase 1
6,7-dimethyl-8-ribityllumazine synthase 2
Rhamnosyltransferase 1 subunit A
3-amino-5-hydroxybenzoate synthase
Lipopolysaccharide core heptosyltransferase RfaQ
6,7-dimethyl-8-ribityllumazine synthase, chloroplastic
54S ribosomal protein RML2, mitochondrial
39S ribosomal protein L2, mitochondrial
54S ribosomal protein rml2, mitochondrial
4-coumaroyl-homoserine lactone synthase
Selenocysteine lyase
Serine/threonine-protein kinase RUNKEL
Sphingomyelin synthase-related protein 1
Succinyl-CoA:acetate CoA-transferase
Chlorinase MJ1651
NAD-dependent protein deacylase SIR2rp2
Sphingomyelin synthase-related 1
Sphingomyelin synthase-related 2
Bile salt sulfotransferase
PAPS-dependent sulfotransferase Stf3
Elongation of fatty acids protein sre1
Zinc-dependent sulfurtransferase SufU
Trehalose 2-sulfotransferase
Serine/threonine-protein kinase TAO1
Serine/threonine-protein kinase TAO3
General transcription factor IIF subunit 1
Bifunctional protein ThiO/ThiG
Putative transglycosylase H16_A0665
Sulfurtransferase TusE homolog
tRNA wybutosine-synthesizing protein 2 homolog
Sulfurtransferase TusE
Ubiquitin-conjugating enzyme E2 S-A
Probable ubiquitin-conjugating enzyme E2 12
Probable ubiquitin-conjugating enzyme E2 L460
Ubiquitin-conjugating enzyme E2 27
Ubiquitin-conjugating enzyme E2-23 kDa
Ubiquitin-conjugating enzyme E2 7
Ubiquitin-conjugating enzyme E2 S
Ubiquitin-conjugating enzyme E2 Z
Ubiquitin-conjugating enzyme E2 D2B
Ubiquitin-conjugating enzyme E2 S-B
Probable ubiquitin-conjugating enzyme E2 26
Ubiquitin-conjugating enzyme E2 2
Putative ubiquitin-conjugating enzyme E2 38
Ubiquitin-conjugating enzyme E2 6
Ubiquitin-conjugating enzyme E2 U
Ubiquitin-conjugating enzyme E2Q-like protein CG4502
Probable ubiquitin-conjugating enzyme E2 R521
Ubiquitin-conjugating enzyme E2 C
Ubiquitin-conjugating enzyme E2 36
Probable ubiquitin-conjugating enzyme E2 L709
Putative ubiquitin-conjugating enzyme E2 39
Serine/threonine-protein kinase Kist
Ubiquitin-conjugating enzyme E2 D2
Ubiquitin-conjugating enzyme E2 14
Ubiquitin-conjugating enzyme E2-16 kDa
Ubiquitin-conjugating enzyme E2-17 kDa
Ubiquitin-conjugating enzyme E2 S-C
Ubiquitin-conjugating enzyme E2 25
Ubiquitin-conjugating enzyme E2 28
Ubiquitin-conjugating enzyme E2-24 kDa
Putative RNA methyltransferase VP2
Putative colanic acid biosynthesis glycosyl transferase WcaC
Conidial yellow pigment biosynthesis polyketide synthase
Putative glycosyltransferase WbbK
Putative colanic acid biosynthesis glycosyl transferase WcaI
Colanic acid biosynthesis protein WcaK
Putative transferase At1g60990, chloroplastic
Putative phosphoribosyl transferase Rv0571c
Putative glutamine amidotransferase HI_1037
Putative elongation of fatty acids protein DDB_G0272012
Putative phosphoribosyl transferase MT0597
Putative glutamine amidotransferase MTH_191
Putative O-phosphotransferase Rv2636
Putative methylthiotransferase jhp_0270
Putative CoA-transferase subunit beta Mb3582
Putative phosphoethanolamine transferase HI_1005
Putative phosphoethanolamine transferase HI_1064
Putative CoA-transferase subunit beta MT3656
Probable CoA-transferase Rv1866
Putative elongation of fatty acids protein DDB_G0274669
Putative glutamine amidotransferase-like protein MJ0138
Probable ubiquitin-conjugating enzyme E2 ECU01_1010
Putative methylthiotransferase HP_0285
Putative glutamine amidotransferase slr0199
Putative O-phosphotransferase MT2714
Putative O-phosphotransferase Mb2669
Putative CoA-transferase subunit beta Rv3552
Putative glutamine amidotransferase-like protein RP404
Putative glutamine amidotransferase-like protein RP713
Putative glutamine amidotransferase Rv2859c
Putative transferase At4g12130, mitochondrial
Putative glutamine amidotransferase-like protein RP712
Putative glutamine amidotransferase YafJ
Putative phosphoethanolamine transferase YhbX
Putative methylthiotransferase MJ0865
CaiB/baiF CoA-transferase family protein DDB_G0269880
Putative glutamine amidotransferase-like protein C13C5.04
Putative phosphoethanolamine transferase YjgX
Putative uncharacterized protein YmdE
Putative glutamine amidotransferase-like protein YfeJ
Putative glutamine amidotransferase YLR126C
N-terminal acetyltransferase A complex subunit-like protein C418.02
Putative phytoene/squalene synthase YisP
Putative glutamine amidotransferase-like protein L716
Putative mycocerosyl transferase in mas 5'region
Putative glutamine amidotransferase-like protein YvdE
CaiB/baiF CoA-transferase family protein ZK892.4
Putative glutamine amidotransferase-like protein YvdE homolog
