Coiled-coil domain-containing protein 102A
Cingulin-like protein 1
Myosin regulatory light chain 2, atrial isoform
Myosin regulatory light chain 2, skeletal muscle isoform
Myosin light chain, embryonic
Myosin, essential light chain
Myosin catalytic light chain LC-1, mantle muscle
Myosin regulatory light chain, striated adductor muscle
Myosin regulatory light chain 2
Myosin light chain alkali
Myosin light chain 3, skeletal muscle isoform
Myosin regulatory light chain 2B, cardiac muscle isoform
Myosin regulatory light chain 2, skeletal muscle isoform type 2
Myosin regulatory light chain, smooth muscle
Myosin-2 essential light chain
Myosin-ID light chain
Myosin, essential light chain, adductor muscle
Myosin regulatory light chain 2, smooth muscle minor isoform
Myosin regulatory light chain LC-2, mantle muscle
Myosin-IB light chain
Myosin catalytic light chain, smooth muscle
Myosin regulatory light chain 2, skeletal muscle isoform type 1
Myosin essential light chain, striated adductor muscle
Myosin regulatory light chain 2A, cardiac muscle isoform
Myosin regulatory light chain A, smooth adductor muscle
Myosin light chain 1, skeletal muscle isoform
Myosin light chain 1, cardiac muscle
Myosin regulatory light chain B, smooth adductor muscle
Myosin regulatory light chain, striated muscle, 25 kDa isoform
Myosin light chain 5
Myosin-14
Unconventional myosin-Ih
Myosin-1
Myosin-4
Myosin-6
Unconventional myosin-VIIb
Myosin-J heavy chain
Myosin heavy chain IB
Myosin-16
Myosin-13
Myosin-5
Unconventional myosin-XVB
Myosin light chain 4
Myosin regulatory light polypeptide 9
Myosin-10
Unconventional myosin-Vc
Myosin-8
Unconventional myosin-IXa
Myosin-9
Myosin IC heavy chain
Myosin-IB
Myosin light chain 1/3, skeletal muscle isoform
Myosin-3
High molecular weight form of myosin-1
Myosin light chain
Myosin-11
Unconventional myosin-XIX
Myosin IF heavy chain
Myosin-2 heavy chain, non muscle
Myosin-IA
Putative uncharacterized protein MYH16
Myosin light polypeptide 6
Myosin-B/C
Myosin-7
Myosin-15
Myosin-H heavy chain
Probable myosin heavy chain ECU04_1000
