Amyloid beta A4 protein
Abelson tyrosine-protein kinase 2
Neuronal acetylcholine receptor subunit beta-2
Alpha-1B adrenergic receptor
AP-1 complex subunit sigma-2
Amyloid beta A4 precursor protein-binding family B member 1
Sodium/potassium-transporting ATPase subunit alpha-2
Sodium/potassium-transporting ATPase subunit alpha-3
Ataxin-1
Serine/threonine-protein kinase B-raf
Cyclin-dependent-like kinase 5
Corticotropin-releasing factor receptor 1
Cystinosin
Cyclic AMP-responsive element-binding protein 1
Doublecortin domain-containing protein 2
Deformed epidermal autoregulatory factor 1 homolog
Dopamine beta-hydroxylase
D(3) dopamine receptor
D(2) dopamine receptor
D(1B) dopamine receptor
Dopamine receptor 1
D(1A) dopamine receptor
Forkhead box protein B1
Appetite-regulating hormone
Hypoxia-inducible factor 1-alpha
Huntingtin
3-hydroxy-3-methylglutaryl-coenzyme A reductase
Histamine H1 receptor
Histamine H2 receptor
Intraflagellar transport protein 20 homolog
Integrin beta-1
Mast/stem cell growth factor receptor Kit
Leucine-rich repeat neuronal protein 4
Methyl-CpG-binding protein 2
Homeobox protein Meis2
Protein NDRG4
Neurotensin/neuromedin N
Neuropilin and tolloid-like protein 1
Neuropeptide S
Neuroplastin
Maternal effect protein oskar
High affinity cAMP-specific and IBMX-insensitive 3',5'-cyclic phosphodiesterase 8B
Calcium/calmodulin-dependent 3',5'-cyclic nucleotide phosphodiesterase 1B
Serine/threonine-protein phosphatase alpha-2 isoform
Protein phosphatase 1 regulatory subunit 1B
Receptor-type tyrosine-protein phosphatase zeta
GTPase KRas
Synembryn-A
Secretin
Serine/threonine-protein kinase Sgk1
Ras/Rap GTPase-activating protein SynGAP
Protein TANC1
