Beta-galactosidase BbgII
Beta-galactosidase III
Bifunctional protein GAL10
UDP-glucose 4-epimerase
Galactokinase
N-acetylgalactosamine kinase
Galactose-1-phosphate uridylyltransferase 1
Galactose-1-phosphate uridylyltransferase 2
UDP-glucose 4-epimerase GEPI42
Aldose 1-epimerase
Galactose-1-phosphate uridylyltransferase
Putative UDP-glucose 4-epimerase
Galactose 1-dehydrogenase
UDP-glucose 4-epimerase GEPI48
L-galactose dehydrogenase
UDP-glucose 4-epimerase 2
UDP-glucose 4-epimerase 4
UDP-glucose 4-epimerase 1
Bifunctional UDP-glucose 4-epimerase and UDP-xylose 4-epimerase 1
UDP-glucose 4-epimerase 3
UDP-glucose 4-epimerase 5
