AP-1 complex subunit gamma-1
AP-2 complex subunit sigma
AP-3 complex subunit delta
AP-3 complex subunit sigma-2
AP-3 complex subunit sigma
AP-1 complex subunit beta-1
AP-1 complex subunit sigma-2
AP-1 complex subunit gamma
AP-2 complex subunit alpha-2
AP-4 complex subunit sigma
AP-2 complex subunit alpha-1
AP-3 complex subunit sigma-1
AP-1 complex subunit sigma-1
AP-4 complex subunit sigma-1
Charged multivesicular body protein 7
Conserved oligomeric Golgi complex subunit 2
Conserved oligomeric Golgi complex subunit 3
Competence protein E
Protein CyaD
Colicin V secretion protein CvaA
Down syndrome critical region protein 3
Down syndrome critical region protein 3 homolog
Biopolymer transport protein ExbB
Putative biopolymer transport protein ExbB-like 2
Putative biopolymer transport protein ExbB-like 1
Putative biopolymer transport protein ExbB-like 3
Type II secretion system protein L
Putative type II secretion system protein L
Protein Hikeshi
Hemolysin secretion protein D, chromosomal
Leukotoxin secretion protein D
Hemolysin secretion protein D, plasmid
Hypersensitivity response secretion protein HrpA1
Hypersensitivity response secretion protein HrpH
Importin subunit alpha-1b
Importin subunit alpha-5
Importin subunit alpha-B
Importin subunit alpha-1
Importin subunit alpha-8
Importin subunit alpha-7
Importin subunit alpha-9
Importin-13 homolog B
Importin subunit alpha-4
Importin subunit alpha-3
Importin subunit alpha-6
Importin-13
Importin subunit alpha-2
Protein InvG
Importin-13 homolog A
Probable importin subunit alpha-A
Importin beta-like protein KAP122
Importin beta-like protein kap111
Outer-membrane lipoprotein LolB
Leukotoxin export protein LtxD
Microcin H47 secretion protein MchE
Mesentericin Y105 secretion protein MesE
Metaxin-like protein C409.19c
Protein MxiH
Outer membrane protein MxiD
Lipoprotein OutS
Mitochondrial inner membrane protein oxa1-1
Mitochondrial inner membrane protein oxa1-2
Post-GPI attachment to proteins factor 2
Peroxisomal membrane protein PEX14
Type IV pilus biogenesis and competence protein PilQ
Type IV pilus assembly protein PilF
Protein PrgI
Type III export protein PscF
Pullulanase secretion protein PulS
RTX-III toxin determinant D
RTX-I toxin determinant D
Protein transport protein Sec61 subunit gamma
Translocation protein SEC62
Protein translocation protein SEC63
Protein transport protein SBH1
Protein transport protein Sec61 subunit beta
Translocation protein sec62
Translocation protein SEC72
Type III secretion system outer membrane protein SpiA
Sec-independent protein translocase protein TatA
Sec-independent protein translocase protein TATA, chloroplastic
Sec-independent protein translocase protein TATB, chloroplastic
Sec-independent protein translocase protein TatE
Type IV pilus assembly protein TapB
Sec-independent protein translocase protein TatB
Sec-independent protein translocase protein TatC
Protein TIC 214
Mitochondrial import inner membrane translocase subunit TIM10
Mitochondrial import inner membrane translocase subunit tim13
Protein TIC 100
Protein TIC 20-I, chloroplastic
Mitochondrial import inner membrane translocase subunit tim10
Mitochondrial import inner membrane translocase subunit Tim10
Mitochondrial import inner membrane translocase subunit Tim23
Mitochondrial import inner membrane translocase subunit tim9
Mitochondrial import inner membrane translocase subunit TIM8
Mitochondrial import inner membrane translocase subunit Tim9
Mitochondrial import inner membrane translocase subunit TIM9
Protein TolQ
Protein TIC 56, chloroplastic
Transmembrane and coiled-coil domain-containing protein 6
Mitochondrial import inner membrane translocase subunit TIM13
Mitochondrial import inner membrane translocase subunit TIM14
Mitochondrial import inner membrane translocase subunit tim22
Mitochondrial import inner membrane translocase subunit tim54
Probable mitochondrial import receptor subunit tom70
Exportin-6
Exportin-1
Putative biopolymer transport protein ExbB homolog
Putative type II secretion system L-type protein YghE
Yop proteins translocation protein C
Zinc finger FYVE domain-containing protein 16
Yop proteins translocation protein F
