CD160 antigen
B-lymphocyte antigen CD19
Antigen-presenting glycoprotein CD1d1
CD276 antigen
C-type lectin domain family 12 member A
CMRF35-like molecule 1
CMRF35-like molecule 9
C-type lectin domain family 2 member B
CMRF35-like molecule 2
CMRF35-like molecule 7
CMRF35-like molecule 4
Collagen alpha-1(XVII) chain
Cytotoxic and regulatory T-cell molecule
Low affinity immunoglobulin gamma Fc region receptor III-A
Putative glycosylation-dependent cell adhesion molecule 1
Hematopoietic cell signal transducer
Ig heavy chain V-I region EU
Ig heavy chain V-III region TRO
Ig heavy chain V-III region CAM
Ig heavy chain V-III region LAY
Ig heavy chain V-I region WOL
Ig heavy chain V-II region DAW
Ig heavy chain V-III region BUT
Ig heavy chain V-III region NIE
Ig heavy chain V-I region SIE
Ig heavy chain V-II region MCE
Ig heavy chain V-III region GA
Ig heavy chain V-III region ZAP
Ig heavy chain V-I region ND
Ig heavy chain V-II region OU
Ig heavy chain V-III region TIL
Ig heavy chain V-III region KOL
Ig heavy chain V-III region TUR
Ig heavy chain V-I region HG3
Ig heavy chain V-II region COR
Ig heavy chain V-II region WAH
Ig heavy chain V-II region NEWM
Ig heavy chain V-II region SESS
Ig heavy chain V-III region BUR
Ig heavy chain V-III region TEI
Ig heavy chain V-III region DOB
Ig heavy chain V-III region WEA
Ig heavy chain V-III region BRO
Ig heavy chain V-III region HIL
Ig heavy chain V-III region JON
Ig heavy chain V-I region Mot
Ig heavy chain V-II region HE
Ig heavy chain V-II region ARH-77
Ig heavy chain V-III region 23
Ig heavy chain V-III region WAS
Ig heavy chain V-III region POM
Ig heavy chain V-III region GAL
Junctional adhesion molecule-like
Killer cell immunoglobulin-like receptor 2DL3
Killer cell immunoglobulin-like receptor 2DL1
Killer cell immunoglobulin-like receptor 3DL2
Ig kappa chain V-I region CAR
Ig kappa chain V-I region Gal
Ig kappa chain V-ID region 16
Ig kappa chain V-I region Kue
Ig kappa chain V-I region Wes
Ig kappa chain V-I region BAN
Ig kappa chain V-I region Daudi
Ig kappa chain V-III region NG9
Ig kappa chain V-III region GOL
Ig kappa chain V-III region VG
Ig kappa chain V-IV region STH
Killer cell immunoglobulin-like receptor 2DL2
Ig kappa chain V-I region OU
Ig kappa chain V-II region TEW
Ig kappa chain V-III region B6
Ig kappa chain V-III region WOL
Ig kappa chain V-III region VH
Ig kappa chain V-IV region Len
Ig kappa chain V region EV15
Ig lambda-1 chain C regions
Killer cell lectin-like receptor subfamily G member 1
Ig kappa chain V-I region Bi
Ig kappa chain V-I region EU
Ig kappa chain V-I region Hau
Ig kappa chain V-I region Lay
Ig kappa chain V-I region Ni
Ig kappa chain V-I region Walker
Ig kappa chain V-II region Cum
Ig kappa chain V-III region Ti
Ig kappa chain V-III region CLL
Ig kappa chain V-IV region JI
Ig kappa chain V-I region Scw
Ig kappa chain V-IV region
Ig lambda-6 chain C region
Ig kappa chain V-I region AG
Ig kappa chain V-I region DEE
Ig heavy chain V-I region 5
Ig kappa chain V-I region Roy
Ig kappa chain V-I region Mev
Ig kappa chain V-I region WAT
Ig kappa chain V-II region MIL
Ig kappa chain V-II region RPMI 6410
Ig kappa chain V-III region POM
Ig kappa chain V-III region IARC/BL41
Ig kappa chain V-IV region B17
Ig lambda-2 chain C regions
Ig lambda-7 chain C region
Leukocyte-associated immunoglobulin-like receptor 1
Leukocyte-associated immunoglobulin-like receptor 2
Ig kappa chain V-I region AU
Ig kappa chain V-I region Ka
Ig kappa chain V-I region Rei
Ig kappa chain V-I region WEA
Ig kappa chain V-II region FR
Ig kappa chain V-II region GM607
Ig kappa chain V-III region SIE
Ig kappa chain V-III region HAH
Ig lambda-3 chain C regions
Ig lambda chain V-I region NIG-64
Ig lambda chain V-IV region MOL
Ig lambda chain V-VI region SUT
Ig lambda chain V-VII region MOT
Ig lambda chain V-I region NEW
Ig lambda chain V-VI region NIG-48
Ig lambda chain V region 4A
Ig lambda chain V-I region BL2
Ig lambda chain V-II region TOG
Ig lambda chain V-II region BUR
Ig lambda chain V-II region WIN
Ig lambda chain V-III region SH
Ig lambda chain V-IV region X
Ig lambda chain V-I region NEWM
Ig lambda chain V-I region EPS
Ig lambda chain V-II region NIG-58
Ig lambda chain V-VI region AR
Ig lambda chain V-VI region WLT
Ig lambda chain V-I region HA
Ig lambda chain V-I region MEM
Ig lambda chain V-II region TRO
Ig lambda chain V-II region MGC
Ig lambda chain V-IV region Bau
Ig lambda chain V-IV region Hil
Mucosal addressin cell adhesion molecule 1
Ig lambda chain V-I region WAH
Ig lambda chain V-II region BOH
Ig lambda chain V-II region NIG-84
Ig lambda chain V-III region LOI
Ig lambda chain V-II region NEI
Ig lambda chain V-II region VIL
Ig lambda chain V-IV region Kern
Ig lambda chain V-I region VOR
Ig lambda chain V-V region DEL
Ig lambda chain V-VI region EB4
NKG2D ligand 1
NKG2D ligand 4
OX-2 membrane glycoprotein
Osteoclast-associated immunoglobulin-like receptor
PHD finger protein 11A
Receptor-type tyrosine-protein phosphatase delta
Src-like-adapter 2
Sialic acid-binding Ig-like lectin 7
Sialic acid-binding Ig-like lectin 9
SLAM family member 7
SH2 domain-containing protein 1A
SLAM family member 6
SH2 domain-containing protein 1B
Signal peptide peptidase-like 2B
Signal peptide peptidase-like 2A
T-cell surface protein tactile
T-cell receptor alpha chain C region
Tumor necrosis factor ligand superfamily member 13
Tumor necrosis factor receptor superfamily member 13C
T-cell receptor beta-1 chain C region
Tumor necrosis factor ligand superfamily member 13B
Trem-like transcript 2 protein
T-cell receptor beta chain V region CTL-L17
Trem-like transcript 1 protein
Trem-like transcript 4 protein
T-cell receptor alpha chain V region PY14
T-cell receptor alpha chain V region HPB-MLT
T-cell receptor beta chain V region YT35
T-cell receptor alpha chain V region CTL-L17
