ATP-dependent helicase/deoxyribonuclease subunit B
ATP-dependent helicase/nuclease subunit A
CRISPR-associated endonuclease Cas9/Csn1
DNA polymerase I
DNA polymerase III subunit epsilon
DNA polymerase gamma
Endonuclease 2
5'-3' exonuclease
Exodeoxyribonuclease 10
Exodeoxyribonuclease III
RNA exonuclease NGL1
Nuclease S1
Probable oligoribonuclease
34 kDa extracellular nuclease
Oligoribonuclease, mitochondrial
Oligoribonuclease
DNA polymerase I A, chloroplastic
Pentatricopeptide repeat-containing protein At1g11290, chloroplastic
Pentatricopeptide repeat-containing protein At1g59720, chloroplastic/mitochondrial
Cell cycle checkpoint control protein RAD9B
RecBCD enzyme subunit RecC
RecBCD enzyme subunit RecB
Exodeoxyribonuclease 8
Intron-encoded endonuclease I-SceI
Intron-encoded DNA endonuclease aI4
Nuclease SbcCD subunit C
Intron-encoded DNA endonuclease aI3
Intron-encoded DNA endonuclease aI5 alpha
Very short patch repair protein
Excisase A
UPF0213 protein YPA_2977
UPF0213 protein YPDSF_3285
UPF0213 protein KPN78578_35340
UPF0213 protein plu4503
UPF0051 protein Rv1461
UPF0213 protein YPK_3712
UPF0213 protein CKO_04549
UPF0213 protein SG0387
UPF0213 protein ECA0725
UPF0213 protein YpsIP31758_3578
UPF0213 protein YE0453
UPF0213 protein YPTB0498
UPF0213 protein AHA_3736
UPF0213 protein ASA_0550
UPF0213 protein YPO3475/y0709/YP_0608
UPF0213 protein ESA_03545
UPF0213 protein Spro_0507
UPF0213 protein Ent638_3592
UPF0213 protein PC1_0597
UPF0213 protein YPN_0612
UPF0213 protein YpAngola_A4013
UPF0213 protein YPTS_0528
UPF0213 protein YhbQ
UPF0213 protein in potE 3'region
