Serine/threonine-protein kinase tel1
Serine/threonine-protein kinase TEL1
Telomere-binding protein cav
DNA replication ATP-dependent helicase/nuclease dna2
Telomere elongation protein EST1
Telomere replication protein EST3
Telomerase-binding protein EST1A
Homeobox protein ceh-37
ATP-dependent DNA helicase ku70
ATP-dependent DNA helicase 2 subunit 1
ATP-dependent DNA helicase II subunit 2
ATP-dependent DNA helicase II subunit 1
ATP-dependent DNA helicase 2 subunit KU80
ATP-dependent DNA helicase 2 subunit KU70
Double-strand break repair protein MRE11
Non-disjunction protein 1
Nucleolin
ATP-dependent DNA helicase PIF1
Protection of telomeres protein 1a
DNA repair protein RAD50
CST complex subunit STN1
CST complex subunit TEN1
Telomeric repeat-binding factor 2
Telomerase reverse transcriptase
Telomere length regulation protein TEL2
Telomere-binding protein subunit beta
DNA repair protein XRS2
X-ray repair cross-complementing protein 5
