Chaperone protein AfaB
Chaperone protein AggD
Chaperone protein caf1M
Chaperone protein ClpE
Chaperone protein CS3-1
Chaperone protein CssC
Probable fimbrial chaperone protein ElfD
Chaperone protein FaeE
Chaperone protein FimB/FhaD
Chaperone protein FanE
Chaperone protein FimC
Chaperone protein FocC
Chaperone protein HifB
Chaperone protein LpfB
Probable fimbrial chaperone LpfB
Chaperone protein MrkB
Chaperone protein MyfB
Chaperone protein NfaE
Chaperone protein PapD
Chaperone protein PmfD
Chaperone protein PsaB
Chaperone protein SefB
