5-hydroxytryptamine receptor 3B
5-hydroxytryptamine receptor 3A
Acetylcholinesterase 1
Acetylcholine-binding protein
Acetylcholinesterase 4
Adhesion G protein-coupled receptor L1
Alpha-adducin
Probable RNA helicase armi
Beta-adrenergic receptor kinase 1
Actin-related protein 2/3 complex subunit 2
Acid-sensing ion channel 1
Beta-adrenergic receptor kinase 2
Acid-sensing ion channel 2
Sodium/potassium-transporting ATPase subunit alpha-3
Plasma membrane calcium-transporting ATPase 2
Putative tyrosine-protein phosphatase auxilin
Cell adhesion molecule 2
Cadherin-23
Calretinin
Cadherin-2
Calcium-dependent secretion activator 1
Cerebellin-4
Cell adhesion molecule 1
Cerebellin-1
Calbindin-32
Cerebellin-3
Calcium-dependent secretion activator 2
Cell division cycle protein 16 homolog
Beta-chimaerin
Contactin-2
Calcium/calmodulin-dependent protein kinase II inhibitor 1
Choline O-acetyltransferase
Acetylcholinesterase collagenic tail peptide
Carnitine O-palmitoyltransferase 1, brain isoform
Protein cornichon homolog 1
Complexin-3
Complexin-4
Putative complexin-1
Cytoplasmic FMR1-interacting protein 1
Cytoplasmic FMR1-interacting protein 2
Glutamate decarboxylase 1
Disks large-associated protein 4
Mitogen-activated protein kinase kinase kinase dlk-1
Protein Dok-7
Disks large-associated protein 3
Down syndrome cell adhesion molecule-like protein 1 homolog
Dynamin-binding protein
Down syndrome cell adhesion molecule-like protein 1
Excitatory amino acid transporter 1
Dynamin
Ephrin-B1
Pikachurin
Embigin
Excitatory amino acid transporter 2
Protein enabled homolog
ERC protein 2
Epidermal growth factor receptor kinase substrate 8
F-box/SPRY domain-containing protein 1
Leucine-rich repeat transmembrane protein FLRT2
Fragile X mental retardation protein 1 homolog
DOMON domain-containing protein FRRS1L
ARF GTPase-activating protein GIT1
Guanine nucleotide-binding protein alpha-5 subunit
RAS guanyl-releasing protein 2-B
Germ cell-specific gene 1-like protein
Delphilin
RAS guanyl-releasing protein 2-A
Protein hook
Immunoglobulin superfamily member 8
Insulin receptor
Intersectin-1
Potassium channel subfamily K member 1
Ribosomal protein S6 kinase beta-1
Protein lin-7 homolog B
Protein lev-9
Leucine-rich glioma-inactivated protein 1
Leucine-rich repeat and fibronectin type III domain-containing protein 1-like protein
Liprin-alpha-4
Leucine-rich repeat and fibronectin type III domain-containing protein 1
Protein lin-7 homolog C
Liprin-alpha-2
Protein lin-7 homolog A
Leucine-rich repeat-containing protein 7
Macoilin
Leucine zipper putative tumor suppressor 1
Microtubule-associated protein 1S
Merlin
Neuromodulin
Neuropilin and tolloid-like protein 2
Neurabin-1
Neuritin
Noelin-3
NMDA receptor synaptonuclear signaling and neuronal migration factor
Neuroligin-3
Noggin-1
Neuronal cell adhesion molecule
Orexin-A
Probable 3',5'-cyclic phosphodiesterase pde-4
Protocadherin-15
PDZ domain-containing protein 11
Protein kinase C and casein kinase substrate in neurons protein 1
Brevican core protein
Phosphatase and actin regulator 1
PRKCA-binding protein
Proline-rich membrane anchor 1
Proline-rich transmembrane protein 2
Proline-rich transmembrane protein 1
Profilin-1
ELKS/Rab6-interacting/CAST family member 1
mRNA export factor rae-1
RIMS-binding protein 2
Regulating synaptic membrane exocytosis protein 3
Regulating synaptic membrane exocytosis protein 2
X-linked retinitis pigmentosa GTPase regulator homolog
Rabphilin-3A
Sterile alpha and TIR motif-containing protein 1
Sodium bicarbonate cotransporter 3
Syndecan
Semaphorin-4F
Septin-2
Neuronal-specific septin-3
Secretagogin
SH3 domain-containing kinase-binding protein 1
Protein shisa-6 homolog
Protein shisa-9
Protein shisa-9A
Protein Smaug homolog 1
Septin-7
Synaptosomal-associated protein 25
Semaphorin-4B
Putative protein shisa-8
Protein still life, isoforms C/SIF type 2
Protein shisa-7
Synaptosomal-associated protein 25-B
Synaptogyrin-1
Spartin
Protein shisa-9B
Protein still life, isoform SIF type 1
Beta-1-syntrophin
SPARC-like protein 1
Spatacsin
SRC kinase signaling inhibitor 1
Synaptosomal-associated protein 25-A
Putative stoned B-like protein
Rho GTPase-activating protein syd-1
Alpha-synuclein
Ras/Rap GTPase-activating protein SynGAP
Talin-2
Protein turtle homolog A
Netrin receptor UNC5C
Harmonin
Vesicle-associated membrane protein/synaptobrevin-binding protein
Wiskott-Aldrich syndrome protein family member 1
von Willebrand factor C domain-containing protein 2-like
Whirlin
Brorin
Zinc finger MYND domain-containing protein 19
