Autophagy-related protein 3
Cysteine protease ATG4A
Cysteine protease ATG4C
Cysteine protease ATG4D
Probable cysteine protease atg4
Cysteine protease ATG4
Probable cysteine protease ATG4
Cysteine protease atg4
Cysteine protease ATG4B
Ras modification protein ERF4
Ras modification protein erf4
LDLR chaperone boca
Geranylgeranyl transferase type-2 subunit alpha
Rab proteins geranylgeranyltransferase component A
Rab-3A-interacting protein
Rab proteins geranylgeranyltransferase component A 1
Receptor-transporting protein 1
Receptor-transporting protein 3
Receptor-transporting protein 4
Receptor-transporting protein 2
Receptor-transporting protein 5
