N-(5-amino-5-carboxypentanoyl)-L-cysteinyl-D-valine synthase
Putative CRISPR-associated endoribonuclease-like protein Cas6nc
D-aminoacyl-tRNA deacylase
Putative D-aminoacyl-tRNA deacylase-like protein
Probable D-tyrosyl-tRNA(Tyr) deacylase 2
D-tyrosyl-tRNA(Tyr) deacylase
Probable D-tyrosyl-tRNA(Tyr) deacylase
Esterase
Gramicidin S biosynthesis protein GrsT
Hemolysin-1
Isoamyl acetate-hydrolyzing esterase
Non-specific phospholipase C2
N-acylneuraminate cytidylyltransferase
Non-specific phospholipase C6
Non-specific phospholipase C1
Probable cadicidin biosynthesis thioesterase
Rhamnogalacturonan acetylesterase RhgT
Probable rhamnogalacturonan acetylesterase YesY
Probable thioesterase TesA
Putative phosphoesterase BPUM_1117
Putative phosphoesterase BCE33L1122
Putative phosphoesterase BT9727_1129
Putative phosphoesterase OB1230
Putative phosphoesterase SAV1015
Putative phosphoesterase SaurJH1_1032
Putative phosphoesterase BALH_1087
Putative phosphoesterase BcerKBAB4_1135
Putative phosphoesterase SAHV_1009
Putative phosphoesterase BC_1225
Putative phosphoesterase BCQ_1293
Putative phosphoesterase BAA_1317
Putative phosphoesterase BCAH187_A1386
Putative phosphoesterase BH1439
Putative phosphoesterase ABC1741
Putative phosphoesterase SSP1770
Putative phosphoesterase SaurJH9_1013
Putative phosphoesterase SACOL1020
Putative phosphoesterase BCA_1270
Putative phosphoesterase BCE_1348
Putative phosphoesterase RBAM_011910
Putative phosphoesterase BLi01284/BL02661
Putative phosphoesterase BA_1241/GBAA_1241/BAS1148
Putative phosphoesterase BCB4264_A1283
Putative phosphoesterase BCAH820_1309
Putative phosphoesterase GK0864
Putative phosphoesterase SH1944
Putative phosphoesterase BCG9842_B4061
Putative phosphoesterase SAS0884
Putative phosphoesterase BAMEG_3349
Putative phosphoesterase GWCH70_0799
Putative phosphoesterase NWMN_0885
Putative phosphoesterase Bcer98_0945
Putative phosphoesterase GTNG_0743
Putative phosphoesterase USA300HOU_0973
Putative phosphoesterase SERP0604
Putative phosphoesterase MW0896
Putative phosphoesterase SAOUHSC_00951
Putative phosphoesterase SE_0715
Putative phosphoesterase SA0873
Putative phosphoesterase SAUSA300_0916
Putative phosphoesterase SAR0985
Putative phosphoesterase SAB0881
Putative phosphoesterase YjcG
Esterase YqiA
