Serine/threonine-protein phosphatase 2A 55 kDa regulatory subunit B beta isoform
Adenosine deaminase domain-containing protein 1
Acrosin-binding protein
ATP synthase subunit alpha, mitochondrial
F-actin-capping protein subunit alpha-3
Centrosomal protein of 57 kDa
CUGBP Elav-like family member 1
60 kDa heat shock protein homolog 1, mitochondrial
Probable C-mannosyltransferase DPY19L2
DNA damage-induced apoptosis suppressor protein
ATP-dependent RNA helicase DDX25
Dynein light chain Tctex-type
Fanconi anemia group G protein homolog
Protein FAM9B
Protein FAM9A
Protein FAM9C
Fascin-3
Glyceraldehyde-3-phosphate dehydrogenase, testis-specific
Inactive polypeptide N-acetylgalactosaminyltransferase-like protein 5
Protein Hook homolog 1
Sperm protamine P1
Intraflagellar transport protein 56
IQ domain-containing protein G
Trypsin inhibitor ClTI-1
Insulin-like peptide INSL6
Kelch-like protein 10
Meiosis inhibitor protein 1
DNA-binding protein modulo
Oxysterol-binding protein 2
Nuclear pore membrane glycoprotein 210-like
Protein disulfide-isomerase-like protein of the testis
Piwi-like protein 1
Mitochondrial cardiolipin hydrolase
Protamine-2
Patched domain-containing protein 3
GTP-binding nuclear protein Ran
Cytochrome b-c1 complex subunit 9
Ribonucleoprotein RB97D
RIMS-binding protein 3
Ropporin-1-like protein
SEC23-interacting protein
Septin-4
SWI/SNF-related matrix-associated actin-dependent regulator of chromatin subfamily E member 1
Presenilin spe-4
Spermatogenesis-defective protein spe-17
Spermatocyte protein spe-27
Sperm protein associated with the nucleus on the X chromosome B1
Spermatid perinuclear RNA-binding protein
Sperm-associated antigen 6
Tudor domain-containing protein 5
Testis-specific serine/threonine-protein kinase 2
Testis-specific serine/threonine-protein kinase 1
Thioredoxin domain-containing protein 3
Thymosin beta-10
X-linked lymphocyte-regulated protein 3A
X-linked lymphocyte-regulated protein PM1
