Protopolybiakinin-1
Protopolybiakinin-2
Bombolitin-5
Bombolitin-7
Bombolitin-6
Bombolitin-8
Vespid chemotactic peptide 5f
Vespid chemotactic peptide M
Vespid chemotactic peptide 5e
Histamine-releasing peptide 2
Vespid chemotactic peptide A
Chemotactic peptide
Vespid chemotactic peptide X
Vespid chemotactic peptide 5g
Vespid chemotactic peptide T
Vespid chemotactic peptide L
Crabrolin
Echinometrin
Granuliberin-R
Venom protein HR-3
Mastoparan-V1
Mastoparan-V2
Mastoparan-like peptide 12d
Mastoparan-B
Mastoparan-like peptide 12c
Mastoparan-X
Mast cell degranulating peptide
Mastoparan-like peptide 12b
Agelaia-mastoparan
Mastoparan-M
Mastoparan-T
Mastoparan-2
Mastoparan-3
Mastoparan-A
Mastoparan-like peptide 12a
Mastoparan-C
Mastoparan-J
Peptide leucine arginine
Sylverin
