CUGBP Elav-like family member 4
CUGBP Elav-like family member 6
Cleavage and polyadenylation specificity factor subunit CG7185
Probable ATP-dependent RNA helicase Dbp45A
FKBP12-interacting protein of 37 kDa
Pre-mRNA-splicing regulator female-lethal(2)D
Pre-mRNA-splicing regulator WTAP
Sex determination protein fox-1
Eukaryotic initiation factor 4A-III
Muscleblind-like protein 2
Polypyrimidine tract-binding protein 1
Pre-mRNA-processing factor 39
Splicing regulator RBM11
RNA-binding motif protein, Y chromosome, family 1 member A1
RNA binding protein fox-1 homolog 3
RNA binding protein fox-1 homolog 1
RNA-binding protein with serine-rich domain 1
RNA-binding protein squid
Serine/arginine-rich splicing factor 12
Transformer-2 protein homolog beta
Protein virilizer
