Carene synthase 1, chloroplastic
Carene synthase, chloroplastic
Carene synthase 3, chloroplastic
Carene synthase 2, chloroplastic
Acyclic sesquiterpene synthase
(+)-bornyl diphosphate synthase, chloroplastic
Alpha-barbatene synthase
(S)-beta-bisabolene synthase
Cis-abienol synthase, chloroplastic
Beta-caryophyllene synthase
Bifunctional cis-abienol synthase, chloroplastic
Copal-8-ol diphosphate hydratase, chloroplastic
Linoleate 10R-lipoxygenase COP4
Ent-copalyl diphosphate synthase 2
Ent-copalyl diphosphate synthase 1, chloroplastic
Syn-copalyl diphosphate synthase
Alpha-copaene synthase
Epi-isozizaene synthase
(-)-delta-cadinene synthase
Inactive delta-guaiene synthase
Epi-isozizaene 5-monooxygenase/(E)-beta-farnesene synthase
Fusicoccadiene synthase
(Z)-gamma-bisabolene synthase 2
(E,E)-geranyllinalool synthase
Bifunctional isopimaradiene synthase, chloroplastic
Ent-copalyl diphosphate synthase, chloroplastic
Ent-isokaur-15-ene synthase
Ent-cassa-12,15-diene synthase
Ent-kaurene synthase-like 3
Ent-pimara-8(14),15-diene synthase
Stemar-13-ene synthase
R-linalool synthase
Ent-kaurene synthase-like 2
Syn-pimara-7,15-diene synthase
Stemod-13(17)-ene synthase
Exo-alpha-bergamotene synthase
Bifunctional abietadiene synthase, chloroplastic
Ent-sandaracopimara-8(14),15-diene synthase
S-linalool synthase
2-methylisoborneol synthase
Monofunctional isopimaradiene synthase, chloroplastic
Monofunctional pimaradiene synthase
Microbial Terpene synthase-like protein 13
Monoterpene synthase
(+)-alpha-terpineol synthase
Microbial Terpene synthase-like protein 30
Beta-phellandrene synthase
Putative pinene synthase
(-)-alpha-terpineol synthase, chloroplastic
Probable sesquiterpene synthase
Santalene synthase
Santalene and bergamotene synthase, chloroplastic
1,8-cineole synthase, chloroplastic
Sesquiterpene synthase
Beta-bisabolene synthase
Alpha-bisabolol synthase
Probable santalene synthase
(+)-sabinene synthase, chloroplastic
Taxadiene synthase
(+)-T-muurolol synthase
Tricyclene synthase, chloroplastic
Probable terpene synthase 11
Valerena-4,7(11)-diene synthase
Bifunctional diterpene synthase, chloroplastic
Bifunctional levopimaradiene synthase, chloroplastic
Probable terpene synthase 6
Pinene synthase, chloroplastic
Terpinolene synthase, chloroplastic
Alpha-bisabolene synthase
Camphene synthase, chloroplastic
Probable terpene synthase 4
Probable terpene synthase 2
Probable terpene synthase 9
Germacrene C/D synthase
(E)-gamma-bisabolene synthase
Gamma-humulene synthase
Beta-phellandrene synthase, chloroplastic
Avermitilol synthase
Probable terpene synthase 12
(+)-alpha-pinene synthase, chloroplastic
Probable terpene synthase 3
Probable terpene synthase 8
Delta-selinene synthase
Longifolene synthase
Probable terpene synthase 13
Alpha-humulene synthase
