Ankyrin repeat and BTB/POZ domain-containing protein 1
Elongation factor 1-alpha 1
Elongation factor 1-alpha, oocyte form
Elongation factor 1-alpha C
Elongation factor 1-beta
Elongation factor 1-delta
Elongation factor 1-gamma 1
Elongation factor 1-gamma-A
Elongation factor 1-alpha-B/C
Elongation factor 1-alpha S
Elongation factor 1-beta 1
Elongation factor 1-delta 1
Elongation factor 1-gamma
Elongation factor 2
Elongation factor G 1
Elongation factor G 2
Elongation factor G 3
Elongation factor G-1, chloroplastic
Elongation factor G, mitochondrial
Elongation factor P 1
Elongation factor P-like protein
Elongation factor Ts
Elongation factor Ts, mitochondrial
Elongation factor 1-delta 2
Elongation factor P 2
Elongation factor Tu 1
Elongation factor Tu, chloroplastic
Elongation factor Tu-A
Elongation factor Tu 2
Elongation factor Tu, cyanelle
Elongation factor Tu, apicoplast
Elongation factor 1-alpha-A
Elongation factor 1-alpha-B
Probable elongation factor 1-beta/1-delta 2
Elongation factor 3
Elongation factor G, chloroplastic
Elongation factor G-2, mitochondrial
Elongation factor Ts, mitochondrial 1
Elongation factor Ts, mitochondrial 2
Elongation factor Ts 1, mitochondrial
Elongation factor Ts, chloroplastic
Elongation factor Tu-B
Elongation factor Tu, plastid
Elongation factor Tu, mitochondrial
Elongation factor 1-alpha
Elongation factor 1-alpha 2
Elongation factor 1-gamma-B
Elongation factor G-2, chloroplastic
Elongation factor G-1, mitochondrial
Elongation factor Ts 2, mitochondrial
Elongation factor Tu-2
Elongation factor Tu-3
Elongation factor TuB, chloroplastic
Putative elongation factor 1-delta-like protein
Elongation factor Tu-1
Elongation factor 1-alpha, somatic form
Putative elongation factor 1-alpha-like 3
Probable elongation factor 1-beta/1-delta 1
Elongation factor 1-gamma 2
Translation elongation factor 2
Elongation factor 1-alpha 3
Elongation factor 1-alpha 4
Elongation factor 1-beta'
25 kDa elongation factor 1-beta
Elongation factor 1-gamma 3
Elongation factor G-like protein
Elongation factor Tu
Elongation factor G
Elongation factor TuA, chloroplastic
Late transcription elongation factor G2
HBS1-like protein
Elongation factor 1 alpha-like protein
Woronin body major protein
Elongation factor 4
Elongation factor 4 2
Elongation factor 4 1
Probable mediator of RNA polymerase II transcription subunit 26b
Probable mediator of RNA polymerase II transcription subunit 26c
Probable mediator of RNA polymerase II transcription subunit 26a
Cap-specific mRNA
Ribosome-releasing factor 2, mitochondrial
Selenocysteine-specific elongation factor
Transcription elongation factor Spt5
