Tyrosine-protein kinase ABL
Tyrosine-protein kinase transforming protein Abl
Putative tyrosine-protein kinase CapB
Tyrosine-protein kinase CpsD
Tyrosine-protein kinase CSK
Tyrosine-protein kinase transforming protein Fgr
Tyrosine-protein kinase transforming protein Fes
Tyrosine-protein kinase Fyn
Tyrosine-protein kinase transforming protein Fps
Tyrosine-protein kinase HTK16
Tyrosine-protein kinase JAK1
Tyrosine-protein kinase transforming protein SEA
Tyrosine-protein kinase SgK223
Tyrosine-protein kinase transforming protein Src
Tyrosine-protein kinase isoform SRK4
Tyrosine-protein kinase SRK2
Tyrosine-protein kinase SRK3
Tyrosine-protein kinase SPK-1
Tyrosine-protein kinase isoform SRK1
Tyrosine-protein kinase STK
Putative tyrosine kinase 36
Tyrosine-protein kinase transforming protein Yes
Tyrosine-protein kinase Yes
Proto-oncogene tyrosine-protein kinase Yrk
Probable tyrosine-protein kinase DDB_G0290471
Probable tyrosine-protein kinase DDB_G0283397
Putative tyrosine-protein kinase YveL
Tyrosine-protein kinase YwqD
