Anticancerous peptide 1
Actin-depolymerizing factor 4
Anti-lipopolysaccharide factor
Antibacterial 6.5 kDa protein
Antimicrobial protein 2
Antibacterial substance A
Antimicrobial peptide OEP3121
Actinoxanthin
Bacteriocin UviB
Bacteriocin serracin-P 43 kDa subunit
Bacteriocin serracin-P 23 kDa subunit
Antitumor antibiotic C-1027 apoprotein
Colicin-M
Lantibiotic cinnamycin
Circulin-A
Circulin-B
Cyclopsychotride-A
L-cystatin
Probable disease resistance protein At5g04720
Probable disease resistance protein At4g33300
Bacteriocin fulvocin-C
Glycine-rich antimicrobial peptide Pg-AMP
Bacteriocin helveticin-J
Apokedarcidin
Lantibiotic carnocin-UI49
Bacteriocin lactacin-F subunit LafX
Bacteriocin lactocin-S
Bacteriocin lactacin-F subunit LafA
Lantibiotic actagardine
Bacteriocin lactococcin-G subunit alpha
Lantibiotic epilancin 15X
Lantibiotic ancovenin
Bacteriocin lactocin-705
Lantibiotic 107891
Lantibiotic epilancin
Lantibiotic Pep5
Bacteriocin lactococcin-G subunit beta
Macromomycin
Microcin C7
Microcin-24
Lantibiotic mersacidin
Neocarzinostatin
Omega-conotoxin-like protein 1
Oligoventin
Panusin
Pore-forming peptide ameobapore A
Pore-forming peptide ameobapore B
Pore-forming peptide ameobapore C
Bacteriocin plantaricin-A
Trifolitoxin
Bacteriocin thuricin-S
