AMSH-like ubiquitin thioesterase 3
Probable phospholipid-transporting ATPase NEO1
Protein SPIRRIG
Protein btn-1
Protein BTN1
G1/S-specific cyclin CLN3
Clathrin heavy chain
Costars family protein
Late endosome and vacuole interface protein 11
Probable oxidoreductase ENV9
1-phosphatidylinositol-3-phosphate 5-kinase FAB1A
1-phosphatidylinositol-3-phosphate 5-kinase FAB1B
Polyphosphoinositide phosphatase
Glucose-6-phosphate/phosphate translocator 1, chloroplastic
DnaJ homolog subfamily C GRV2
Protein GVP36
Sexual differentiation process putative subtilase-type proteinase isp6
Leucoanthocyanidin dioxygenase
ATPase 10, plasma membrane-type
Phosphatidylinositol 3,4,5-trisphosphate 3-phosphatase ptn1
PXA domain protein 1
Phosphoinositide phosphatase SAC3
Phosphoinositide phosphatase SAC5
Phosphoinositide phosphatase SAC2
Phosphoinositide phosphatase SAC4
Protein SFK1
Vacuolar protein sorting-associated protein 16 homolog
V-type proton ATPase subunit c
Vacuolar protein sorting-associated protein 4
Suppressor protein of bem1/bed5 double mutants
Vacuolar protein sorting-associated protein 4A
