Adenylate cyclase type 3
Protein asunder homolog
Plasma membrane calcium-transporting ATPase 4
Coiled-coil domain-containing protein 39
Coiled-coil domain-containing protein 40
Carcinoembryonic antigen-related cell adhesion molecule 10
Dynein assembly factor 5, axonemal
Dynein intermediate chain 1, axonemal
Dynein heavy chain 1, axonemal
Dynein heavy chain 5, axonemal
Dynein heavy chain 11, axonemal
Growth arrest-specific protein 8
Growth arrest-specific protein 8 homolog
L-lactate dehydrogenase C chain
Development-specific protein LVN1.2
Sperm mitochondrial-associated cysteine-rich protein
Hepatocyte growth factor receptor
Putative methyltransferase NSUN7
Nephrocystin-4
Phosphoglycerate kinase 2
Protein PIH1D3
Rab-like protein 2A
Prorelaxin
Homeobox protein Rhox5
Ropporin-1-like protein
Testis anion transporter 1
Spermatid maturation protein 1
Tektin-2
Tektin-3
Protein tilB homolog
