Candidapepsin-2
Candidapepsin-1
Candidapepsin-3
Ceroid-lipofuscinosis neuronal protein 5
Mitochondrial inner membrane protease subunit 2
Mitochondrial inner membrane protease subunit 1
Signal peptidase I W
Lipoprotein signal peptidase
Oligopeptidase A
Rhomboid protein 1, mitochondrial
Signal peptidase complex catalytic subunit SEC11A
Microsomal signal peptidase subunit 3
Signal peptidase complex catalytic subunit sec11
Signal peptidase complex catalytic subunit SEC11
Signal peptidase complex catalytic subunit SEC11C
Putative signal peptidase complex catalytic subunit SEC11B
Signal sequence processing protein
Signal peptidase complex subunit spc2
Signal peptidase complex subunit 3B
Probable signal peptidase complex subunit 2
Probable signal peptidase complex subunit 3
Signal peptidase complex subunit 3
Microsomal signal peptidase subunit 1
Signal peptidase complex subunit 1
Signal peptidase complex subunit 2
Signal peptidase complex subunit SPC3
Protease 4
Signal peptidase complex subunit 3A
Probable signal peptidase complex subunit 1
Signal peptidase complex subunit SPC1
Signal peptidase complex subunit SPC2
Serine protease SPPA, chloroplastic
Probable microsomal signal peptidase subunit 3
