Potassium voltage-gated channel subfamily H member 2
ATP-binding cassette sub-family C member 9
ATP-binding cassette sub-family C member 8
A-kinase anchor protein 9
Amphoterin-induced protein 1
Contactin-associated protein 1
Contactin-associated protein-like 2
Cyclic nucleotide-gated potassium channel RHE_CH03180
Contactin-2
Cyclic nucleotide-gated potassium channel mll3241
Calsenilin
Dipeptidyl aminopeptidase-like protein 6
Inactive dipeptidyl peptidase 10
Voltage-gated potassium channel subunit beta-1
Kv channel-interacting protein 1
Kv channel-interacting protein 2
Kv channel-interacting protein 4
Calcium-activated potassium channel subunit beta-1
Calcium-activated potassium channel subunit beta-2
Calcium-activated potassium channel subunit beta-3
Potassium voltage-gated channel subfamily B member 1
Potassium voltage-gated channel subfamily B member 2
Potassium voltage-gated channel subfamily C member 1
Potassium voltage-gated channel subfamily C member 2
Potassium voltage-gated channel subfamily C member 3
Potassium voltage-gated channel subfamily C member 4
Potassium voltage-gated channel subfamily D member 1
Potassium voltage-gated channel subfamily D member 2
Potassium voltage-gated channel subfamily D member 3
Potassium voltage-gated channel subfamily E member 1
Potassium voltage-gated channel subfamily E member 2
Potassium voltage-gated channel subfamily F member 1
Potassium voltage-gated channel subfamily G member 1
Potassium voltage-gated channel subfamily E regulatory beta subunit 5
Potassium voltage-gated channel subfamily G member 3
Potassium voltage-gated channel subfamily H member 1
Inward rectifier potassium channel 2
G protein-activated inward rectifier potassium channel 2
Potassium voltage-gated channel subfamily S member 1
Potassium voltage-gated channel subfamily S member 2
Potassium voltage-gated channel protein shk-1
Potassium channel subfamily T member 2
Potassium voltage-gated channel subfamily V member 1
Potassium voltage-gated channel subfamily V member 2
pH-gated potassium channel KcsA
ATP-sensitive inward rectifier potassium channel 11
Calcium-activated potassium channel subunit alpha-1
Calcium-activated potassium channel subunit beta-4
Potassium voltage-gated channel protein Shaker
Potassium voltage-gated channel subfamily E member 4
Potassium voltage-gated channel subfamily E member 3
Potassium voltage-gated channel subfamily G member 4
G protein-activated inward rectifier potassium channel 4
ATP-sensitive inward rectifier potassium channel 8
Potassium voltage-gated channel subfamily KQT member 1
Voltage-gated potassium channel subunit beta-2
G protein-activated inward rectifier potassium channel 1
Potassium channel subfamily K member 2
Potassium voltage-gated channel subfamily KQT member 2
Potassium voltage-gated channel subfamily KQT member 5
Potassium channel subfamily U member 1
Potassium voltage-gated channel subfamily A member 1
Potassium voltage-gated channel subfamily A member 2
Potassium voltage-gated channel subfamily A member 3
Potassium voltage-gated channel subfamily A member 4
Potassium voltage-gated channel subfamily A member 5
Potassium voltage-gated channel subfamily A member 6
Potassium voltage-gated channel protein egl-36
Potassium voltage-gated channel protein Shal
Potassium voltage-gated channel subfamily G member 2
Small conductance calcium-activated potassium channel protein 1
Intermediate conductance calcium-activated potassium channel protein 4
Potassium voltage-gated channel subfamily KQT member 3
Potassium voltage-gated channel subfamily KQT member 4
Potassium voltage-gated channel subfamily S member 3
Potassium channel subfamily T member 1
Inward rectifier potassium channel 16
Shaker-related potassium channel tsha2
Potassium voltage-gated channel protein Shab
Potassium voltage-gated channel subfamily H member 4
ATP-sensitive inward rectifier potassium channel 1
Potassium channel subfamily K member 1
Potassium voltage-gated channel subfamily A member 10
Voltage-gated potassium channel
Potassium voltage-gated channel subfamily A member 7
Potassium voltage-gated channel protein Shaw
Inward rectifier potassium channel 4
Potassium channel subfamily K member 6
ATP-sensitive inward rectifier potassium channel 14
Potassium voltage-gated channel protein eag
Leucine-rich repeat-containing protein 26
Hyperpolarization-activated voltage-gated potassium channel
Calcium-activated potassium channel slo-1
Synaptosomal-associated protein 25
Calcium-activated potassium channel slowpoke
Src substrate cortactin
Small ubiquitin-related modifier 1
Putative potassium channel protein RPA4233
Putative potassium channel protein YugO
