Aegerolysin
Antifungal protein Pr-2
Hylin-a1
Antimicrobial peptide scolopin-1
Antimicrobial peptide scolopin-2
Ascaphin-8
Brevinin-1JDa
Brevinin-2HS2B
Brevinin-1CDYc
Brevinin-1DYb
Brevinin-1HN1
Brevinin-2HS2A
Brevinin-1DYa
Bombinin-H5
Brevinin-1DYc
Brevinin-1JDb
Bombinin-like peptides 1
Brevinin-1Ea
Brevinin-1T
Brevinin-2Ef
Brevinin-1CDYa
Brevinin-2JD
Bombinin-H4
Brevinin-1E
Brevinin-1BYa
Brevinin-2Ed
Bombinin-H1/H3
Bombinin-like peptides 2
Brevinin-1Ecb
Brevinin-1BYc
Brevinin-2Eb
Brevinin-1V
Brevinin-2Ec
Brevinin-2Ej
Brevinin-2Eg
Brevinin-1Eb
Brevinin-1Ta
Brevinin-1BYb
Brevinin-2Ea
Brevinin-2Ee
Citrolysin protein 2
Citrolysin protein 1
Clavaspirin
Conolysin-Mt1
M-zodatoxin-Lt8p
M-zodatoxin-Lt8l
M-zodatoxin-Lt8g
M-zodatoxin-Lt8h
M-zodatoxin-Lt8b
M-zodatoxin-Lt8m
M-zodatoxin-Lt8q
M-zodatoxin-Lt8c
M-zodatoxin-Lt8j
Cryptonin
M-zodatoxin-Lt8i
Cathelicidin-3.4
M-zodatoxin-Lt8f
Cycloviolacin-O14
Cycloviolacin-O24
M-zodatoxin-Lt8e
Cycloviolacin-H4
Cycloviolacin-O13
M-zodatoxin-Lt8k
M-zodatoxin-Lt8o
M-zodatoxin-Lt8d
Cyclotide cter-M
Cycloviolacin-O15
Cycloviolacin-O2
Dermaseptin-5
Dermaseptin-2
Dermaseptin-3
Dermaseptin-4
Dermaseptin-like peptide
Dermaseptin-6
Dermaseptin-1
Dermaseptin-7
Dermaseptin-8
Esculentin-1a/b
Esculentin-1A
Esculentin-1R
Esculentin-2A
Esculentin-2B
Esculentin-1B
Grahamin-2
Grammistin Pp 2a
Grammistin Pp 4a
Grahamin-1
Gomesin
Grammistin Gs G
Grammistin Pp 1
Grammistin Pp 3
Grammistin Pp 2b
Grammistin Pp 4b
Grammistin Gs D
Grammistin Gs E
Grammistin Gs F
Halocyntin
Hemolysin ahh1
Hemolytic protein A1
Hemolysin
Hemolysin 4
Hemolytic protein B9
Kalata-B2
Kalata-B7
Kalata-B3/B6
Potassium channel toxin MeuTXK-beta-1
Jingdongin-1
Kalata-B1
Potassium channel toxin MeuTXK-beta-2
Kassinatuerin-1
M-zodatoxin-Lt2a
M-zodatoxin-Lt5a
M-zodatoxin-Lt2b
M-zodatoxin-Lt1a
Antimicrobial peptide lumbricin-PG
Maximins 3/H16
Maximins 3/H9 type 2
Maximins 4/H3 type 2
Maximins 4/H3 type 5
Maximins 5/H4 type 3
Maximins 8/H7
Maximins 1/H12
Maximins 3/H11 type 3
Maximins 3/H15
Maximins 10/H15
Maximins 2/H1
Maximins 3/H3 type 2
Maximins 5/H4 type 2
Maximins 7/H1
Maximins 10/H3
Maximins 2/H8 type 2
Maximins 3/H2
Maximins 4/H3 type 4
Toxin LyeTx 1
Maximins 3/H5
Maximins 5/H4 type 1
Maximins 6/Hv
Maximins 7/H6
Maximins 9/H3
Maximins 11/H11
Maximins 3/H14
Maximins 3/H3 type 1
Maximins 4/H3 type 7
Maximins 4/H3 type 1
Magainins
M-lycotoxin-Hc2a
Maximins 3/H11 type 2
Maximins 3/H9 type 1
Maximins 4/H3 type 6
Maximins 4/H3 type 3
Maximins 1/H1
Maximins 2/H8 type 1
Maximins 3/H11 type 1
Maximins 3/H3 type 3
Maximins 6/H10
Maximins 7/H13
Melectin
Moronecidin
Maximins y/H16
Maximins y/Hv type 2
Maximins y/Hv type 1
Pilosulin-1
Maximins y/H11
Maximins y/Hw
Antimicrobial peptide TsAP-2
Antimicrobial peptide TsAP-1
Ponericin-W-like 32.2
Maximins z/Hv
Hadrurin
Ponericin-W-like 32.1
Nigrocin-2JDb
Nigrocin-2JDa
Osmin
L-amino acid oxidase
L-amino-acid oxidase
L-amino-acid oxidase L1
L-amino-acid oxidase ACTX-8
L-amino-acid oxidase Bco23
Ocellatin-5
L-amino-acid oxidase L2
L-amino-acid oxidase Bfon20
Ocellatin-4
Ponericin-W6
Pleurain-A2
Pleurain-A4
Pleurain-A1
Pleurain-A3
PYLa/PGLa B
PYLa/PGLa A
Ranacyclin-T
Ranacyclin-E
Ranalexin
Ranatuerin-2BYb
Ranatuerin-2BYa
Neoverrucotoxin subunit alpha
Stonustoxin subunit beta
Stonustoxin subunit alpha
Neoverrucotoxin subunit beta
Tachystatin-C
Temporin-HN2
Temporin-HN1
Temporin-CDYb
Pro-tricyclons
Cupiennin-1c
Cupiennin-1b
Cupiennin-1a
Cupiennin-1d
Violacin-A
Varv peptide A/Kalata-B1
Leaf cyclotide 2
Cytolysin
Verrucotoxin subunit beta
