Vitamin B12-dependent ribonucleoside-diphosphate reductase
Ribonucleoside-diphosphate reductase subunit alpha
Ribonucleoside-diphosphate reductase large chain 1
Ribonucleoside-diphosphate reductase subunit M2 B
Ribonucleoside-diphosphate reductase subunit beta
Ribonucleoside-diphosphate reductase 2 subunit alpha
Ribonucleoside-diphosphate reductase 2 subunit beta
Ribonucleoside-diphosphate reductase small chain 2
Ribonucleoside-diphosphate reductase large subunit
Ribonucleoside-diphosphate reductase 1 subunit alpha
Ribonucleoside-diphosphate reductase large chain 2
Ribonucleoside-diphosphate reductase large chain
Ribonucleoside-diphosphate reductase subunit beta nrdF1
Ribonucleoside-diphosphate reductase subunit beta nrdF2
Ribonucleoside-diphosphate reductase subunit M2
Ribonucleoside-diphosphate reductase small chain 1
Ribonucleoside-diphosphate reductase small subunit
Ribonucleoside-diphosphate reductase small chain
Ribonucleoside-diphosphate reductase 1 subunit beta
SPBc2 prophage-derived ribonucleoside-diphosphate reductase subunit beta
