ATP synthase subunit a
ATP synthase subunit alpha
ATP synthase subunit a 1
ATP synthase subunit a 2
ATP synthase subunit beta
ATP synthase subunit delta
ATP synthase epsilon chain
ATP synthase subunit alpha 1
ATP synthase subunit b 2
ATP synthase gamma chain
ATP synthase subunit c
ATP synthase subunit b'
ATP synthase subunit b 1
ATP synthase subunit alpha 2
ATP synthase subunit b
Chlorophyllide a oxygenase, chloroplastic
Cytochrome c biogenesis protein CcsA
Cytochrome c biogenesis protein CcsB
Cytochrome c-550
Cytochrome b6
Adenylate cyclase
Protein EXECUTER 1, chloroplastic
Protein EXECUTER 2, chloroplastic
Cell division protein FtsZ homolog 2-2, chloroplastic
Iron uptake protein A1
Iron uptake protein A2
Fluorescence recovery protein
Iron deficiency-induced protein A
Iron stress-induced chlorophyll-binding protein
Protein LOW PSII ACCUMULATION 2, chloroplastic
NAD(P)H-quinone oxidoreductase subunit I
High-affinity Na(+)/H(+) antiporter NhaS3
NAD(P)H-quinone oxidoreductase subunit 1
NAD(P)H-quinone oxidoreductase chain 4 1
NAD(P)H-quinone oxidoreductase chain 4 2
NAD(P)H-quinone oxidoreductase chain 4-2
NAD(P)H-quinone oxidoreductase chain 4-3
NAD(P)H-quinone oxidoreductase chain 4
NAD(P)H-quinone oxidoreductase chain 4 3
NAD(P)H-quinone oxidoreductase chain 4-1
Chlorophyll a/b light-harvesting protein PcbA
Divinyl chlorophyll a/b light-harvesting protein PcbA
Divinyl chlorophyll a/b light-harvesting protein PcbB
Divinyl chlorophyll a/b light-harvesting protein PcbC
Divinyl chlorophyll a/b light-harvesting protein PcbE
Divinyl chlorophyll a/b light-harvesting protein PcbG
Chlorophyll a/b light-harvesting protein PcbC
Divinyl chlorophyll a/b light-harvesting protein PcbF
Chlorophyll a/b light-harvesting protein Pcb
Chlorophyll a/b light-harvesting protein PcbB
Divinyl chlorophyll a/b light-harvesting protein PcbD
Divinyl chlorophyll a/b light-harvesting protein PcbH
Cytochrome b6-f complex subunit 4
Cytochrome b6-f complex subunit 5
Cytochrome b6-f complex subunit 7
Cytochrome b6-f complex subunit 8
Cytochrome b6-f complex subunit 6
Photosystem I P700 chlorophyll a apoprotein A1
Photosystem I iron-sulfur center
Photosystem I reaction center subunit IV
Photosystem I reaction center subunit VIII
Photosystem I reaction center subunit IX 1
Photosystem I reaction center subunit PsaK
Photosystem I reaction center subunit XI
Photosystem I reaction center subunit XII
Photosystem II lipoprotein Psb27
Photosystem II protein D1 1
Photosystem II protein D1 2
Photosystem II protein D1 3
Photosystem I P700 chlorophyll a apoprotein A2 2
Photosystem I reaction center subunit IX
Photosystem II protein D1
Photosystem II CP47 reaction center protein
Photosystem II D2 protein
Cytochrome b559 subunit alpha
Cytochrome b559 subunit beta
Photosystem II reaction center protein H
Photosystem II reaction center protein I
Photosystem II reaction center protein J
Photosystem II reaction center protein K
Photosystem II reaction center protein L
Photosystem II reaction center protein M
Protein PsbN
Photosystem II reaction center protein T
Photosystem II 12 kDa extrinsic protein
Cytochrome c-550-like protein
Photosystem II reaction center X protein
Photosystem II reaction center protein X
Photosystem II protein Y
Photosystem I P700 chlorophyll a apoprotein A2 1
Photosystem I reaction center subunit III
Photosystem I reaction center subunit IX 2
Photosystem I 4.8 kDa protein
Photosystem II CP43 reaction center protein
Protein PsbN 1
Photosystem II reaction center X protein 2
Photosystem II D2 protein 2
Photosystem II reaction center protein Z
Photosystem I P700 chlorophyll a apoprotein A2
PsaJ-like protein asl3190
Photosystem I reaction center subunit PsaK 1
Photosystem I reaction center subunit PsaK 2
Photosystem II D2 protein 1
Protein PsbN 2
Photosystem II protein D1 4
Photosystem II reaction center X protein 1
Menaquinol-cytochrome c reductase iron-sulfur subunit
Protein translocase subunit SecA
Protein translocase subunit SecE
Protein translocase subunit SecY
Thylakoid-associated single-stranded DNA-binding protein slr1034
Thylakoid ADP,ATP carrier protein, chloroplastic
Thylakoid membrane protein slr1796
Thylakoid membrane protein ssl2009
Membrane-associated protein slr1513
Thylakoid-associated protein sll1697
Thylakoid membrane protein ssr2422
Thylakoid membrane protein slr1949
UPF0754 thylakoid membrane protein sll0412
Thylakoid membrane protein slr0575
Thylakoid-associated protein slr0729
Photosystem II reaction center protein Ycf12
Photosystem I assembly protein Ycf3
Photosystem I assembly protein Ycf4
YlmG homolog protein 1-1, chloroplastic
