ASC1-like protein 3
Sterol 3-beta-glucosyltransferase
Cholesterol 25-hydroxylase-like protein
Cytochrome P450 710A1
Cholesterol 25-hydroxylase-like protein 1, member 1
Cytochrome P450 710A2
Cholesterol 25-hydroxylase-like protein 2
Cholesterol 25-hydroxylase-like protein 1, member 2
Lanosterol 14-alpha demethylase
Obtusifoliol 14-alpha demethylase
Eburicol 14-alpha-demethylase
Sterol 14-alpha demethylase
Sterol 14-demethylase
Probable lanosterol 14-alpha demethylase
Cytochrome b5
7-dehydrocholesterol reductase
3-beta-hydroxysteroid-Delta(8),Delta(7)-isomerase
Probable 3-beta-hydroxysteroid-Delta(8),Delta(7)-isomerase
(2E,6E)-farnesyl diphosphate synthase
Squalene epoxidase 3
Delta(14)-sterol reductase
Delta(7)-sterol 5(6)-desaturase
C-5 sterol desaturase
Sterol 24-C-methyltransferase
Probable Delta(7)-sterol 5(6)-desaturase
Squalene epoxidase 1
Squalene monooxygenase
Ergosterol biosynthetic protein 28
Squalene synthase
Hydroxymethylglutaryl-CoA synthase 2
3-hydroxy-3-methylglutaryl-coenzyme A reductase 1
Hydroxymethylglutaryl-CoA synthase B
3-hydroxy-3-methylglutaryl-coenzyme A reductase
Hydroxymethylglutaryl-CoA synthase 1
Hydroxymethylglutaryl-CoA synthase A
Isopentenyl-diphosphate Delta-isomerase
Mevalonate kinase
Protein KES1
Methylsterol monooxygenase 1
Putative methylsterol monooxygenase DDB_G0269788
Putative methylsterol monooxygenase DDB_G0270946
Diphosphomevalonate decarboxylase
NADH-cytochrome b5 reductase 1
NADH-cytochrome b5 reductase 2
NADPH--cytochrome P450 reductase
Phosphatidylinositol transfer protein PDR16
Phosphatidylinositol transfer protein PDR17
Phosphomevalonate kinase
Delta(7)-sterol-C5(6)-desaturase 1
Putative Delta(7)-sterol-C5(6)-desaturase 2
Methylsterol monooxygenase 2-2
Methylsterol monooxygenase 2-1
Methylsterol monooxygenase 1-2
Methylsterol monooxygenase 1-3
Probable cycloartenol-C-24-methyltransferase 1
Methylsterol monooxygenase 1-1
24-methylenesterol C-methyltransferase 3
24-methylenesterol C-methyltransferase 2
