Adenosine receptor A2a
C-type natriuretic peptide 1
Angiotensinogen
Natriuretic peptide NP2
C-type natriuretic peptide
Bardet-Biedl syndrome 2 protein homolog
Bradykinin-potentiating and C-type natriuretic peptides
Bradykinin-like peptide AR-10
Kininogen-1
Bradykinin-like peptide 1
-bradykinin
-phyllokinin
Vespulakinin-1
Probradykinin-1
Kininogen-2
Des-Arg9-bradykinin
-bradykinyl-Gln
-Phyllokinin
Bradykinin
Vespakinin-X
B2 bradykinin receptor
-bradykinyl-Val,Asp
Lysyl-bradykinin-like
Des-Arg9--bradykinin)
-bradykinyl-Ser
Bradykinin-related peptide Pnor-7
Wasp kinin PMM1
Natriuretic peptide Coa_NP2
Bradykinin potentiating and C-type natriuretic peptides
Bradykinin-like peptide RD-11
Kininogen-1b
Probradykinin-2
Bradykinin-like peptide 3
-bradykinyl-Ser,Lys
Phyllokinin
Phyllokininogen-1
Ranakinin-N
Bradykinin RS-14
Des-Arg1,Pro2,Pro3--phyllokinin)
Kininogen-1c
-bradykinin-Gln,Ser)
Des-Arg1--phyllokinin)
Waspkinin
Natriuretic peptide Coa_NP1
Bradykinin-like peptide AV-12
Kininogen-1a
Bradykinin-related peptide Pnor-3
-bradykinyl-Ser,Lys,Ala,Val
-bradykinyl-Gln,Ser
Vespakinin-M
Calcitonin gene-related peptide 1
Extracellular calcium-sensing receptor
D(1A) dopamine receptor
D(1)-like dopamine receptor
Endothelin B receptor
Glutathione peroxidase 1
Integrin alpha-1
ATP-sensitive inward rectifier potassium channel 8
Kinin-like peptide-S
Kininogen
T-kininogen 2
T-kininogen 1
Maxadilan
McKusick-Kaufman/Bardet-Biedl syndromes putative chaperonin
Nitrophorin-1
Nitrophorin-3
Nitrophorin-7
Nitrophorin-2
Nitrophorin-4
P2X purinoceptor 4
cGMP-specific 3',5'-cyclic phosphodiesterase
Procollagen-lysine,2-oxoglutarate 5-dioxygenase 3
Signiferin-1
Snake venom metalloprotease inhibitor 02A10
Snake venom metalloprotease inhibitor 02D01
Natriuretic peptide TsNP
Natriuretic peptide CnNP-a
Natriuretic peptide TNP-a
Natriuretic peptide NsNP-b
Natriuretic peptide BF131
Natriuretic peptide AsNP-a
Natriuretic peptide PtNP-a
Natriuretic peptide PpNP-b
Natriuretic peptide PaNP-c
Natriuretic peptide BM026
Natriuretic peptide Mf-NP
Natriuretic peptide Oh-NP
Natriuretic peptide TcNP-a
Natriuretic peptide TNP-c
Natriuretic peptide PaNP-d
Natriuretic peptide OmNP-e
Natriuretic peptide DNP
Natriuretic peptide Na-NP
Natriuretic peptide Mc-NP
Natriuretic peptide PpNP-a
Natriuretic peptide TNP-b
Peptide TNP-c
Natriuretic peptide OsNP-d
Natriuretic peptide DNP-2
Natriuretic peptide HsNP-a
Natriuretic peptide CnNP-b
Natriuretic peptide PaNP-b
Natriuretic peptide OmNP-d
Natriuretic peptide PaNP-a
Natriuretic peptide HsNP-b
Natriuretic peptide PNP
Natriuretic peptide NsNP-a
Serine protease harobin
