Putative lipid-binding protein AIR1
Indole-3-acetic acid-induced protein ARG7
Protein AUXIN-REGULATED GENE INVOLVED IN ORGAN SIZE
Protein BIG GRAIN 1
COP9 signalosome complex subunit 5a
Flowering-promoting factor 1-like protein 1
Probable indole-3-acetic acid-amido synthetase GH3.1
Indole-3-acetic acid-amido synthetase GH3.2
Indole-3-acetic acid-amido synthetase GH3.5
Indole-3-acetic acid-amido synthetase GH3.17
Protein-tyrosine-phosphatase IBR5
Peroxisome biogenesis protein 5
Calcium-binding protein PBP1
Phospholipase A2-beta
Phosphoribosylaminoimidazole-succinocarboxamide synthase, chloroplastic
Ras-related protein RABA1a
NEDD8-conjugating enzyme Ubc12
Auxin-responsive protein SAUR15
Ubiquitin-NEDD8-like protein RUB1
Small acidic protein 1
Small acidic protein 2
VAN3-binding protein
