Acyl-coenzyme A thioesterase 13
187-kDa microtubule-associated protein AIR9
Anillin-like protein 1
ADP-ribosylation factor-like protein 3
Annexin A11
ADP-ribosylation factor-like protein 2-binding protein
ADP-ribosylation factor-like protein 8B-A
Abnormal spindle-like microcephaly-associated protein homolog
Aurora kinase
Borealin
Mitotic checkpoint protein BUB3.3
Mitotic checkpoint protein BUB3.2
Putative mitotic check point protein BUB2
Calpain-6
Centriole, cilia and spindle-associated protein
Chromobox protein homolog 1
Cell division cycle protein 27 homolog B
Centrosome-associated protein 350
Centrosomal protein of 162 kDa
Centrosomal protein of 170 kDa
Cyclin-A1
Centrosomal protein cep57l1
Cell division cycle protein 16 homolog
Cell division control protein 48 homolog A
Cell division cycle protein 27 homolog
Chromosome alignment-maintaining phosphoprotein 1
Cyclin-dependent kinase B2-1
Kinesin-like protein CIN8
Protein CLASP-2
Cytospin-A
Serine/threonine-protein kinase zyg-8
Dynactin subunit 3
Dihydropyrimidinase-related protein 1
Nucleolar protein dnt1
Dynein light chain Tctex-type 1
Emerin
Ecotropic viral integration site 5 protein homolog
F-box only protein 5
Formin-like protein 14
F-box only protein 5-A
F-box only protein 5-B
Formin-like protein 6
Serine/threonine-protein kinase haspin
HEPACAM family member 2
Heat shock protein beta-1
DASH complex subunit HSK3
Inner centromere protein A
Probable spindle assembly checkpoint kinase homolog
Spindle assembly checkpoint kinase
Inner centromere protein
Inversin
Protein JTB
Kelch repeat and BTB domain-containing protein 8
Kinesin-like protein KIF20A
Kinesin-related protein 12
Kinesin-like protein KIF15
Kinesin-like protein KIF2B
Kinesin-like protein KIFC1
Kelch-like protein 42
Kinesin-like protein KIF23
Kinesin-like protein KIF3B
Kinesin-like protein KIP1
Kinesin-like protein KIF22
Bipolar kinesin KRP-130
Ribosomal protein S6 kinase alpha-2
Ribosomal protein S6 kinase 2 alpha
65-kDa microtubule-associated protein 1
205 kDa microtubule-associated protein
Macrophage erythroblast attacher
Microtubule-associated protein RP/EB family member 1
MAD2L1-binding protein
65-kDa microtubule-associated protein 5
Microtubule-associated protein 1S
Mitotic spindle-associated MMXD complex subunit MIP18
MMS19 nucleotide excision repair protein homolog
MAPK-interacting and spindle-stabilizing protein
Protein MOR1
Dual specificity mitogen-activated protein kinase kinase 5
Microtubule-associated tumor suppressor 1
Mitotic-spindle organizing protein 1
Mitotic-spindle organizing protein 2
Mitotic-spindle organizing protein 1A
Mitotic-spindle organizing protein 2A
Mitotic-spindle organizing protein 2B
N-terminal-borealin-like protein
Nucleolar and spindle-associated protein 1-C
Nucleolar and spindle-associated protein 1-A
Nucleolar and spindle-associated protein 1-B
Serine/threonine-protein phosphatase 2A regulatory subunit B'' subunit gamma
Peptidyl-prolyl cis-trans isomerase NIMA-interacting 4
Serine/threonine-protein kinase PLK1
Patronin
227 kDa spindle- and centromere-associated protein
Rac-like GTP-binding protein 5
RAN GTPase-activating protein 1
Rac-like GTP-binding protein ARAC11
Rac-like GTP-binding protein ARAC3
Synembryn
Ribosome maturation protein SBDS
SAC3 domain-containing protein 1
Septin-2
Septin-2B
Securin
Septin-2A
Septin-7
Mitotic spindle-associated protein SHE1
Spindle and kinetochore-associated protein 1
Spindle and kinetochore-associated protein 1 homolog
Protein slender lobes
Septin-12
Structural maintenance of chromosomes protein 3
Spastin
Spindle and centriole-associated protein 1
15 kDa calcium-binding protein
Spindlin-1
Protein STU1
Protein stu1
Protein SAD1/UNC-84 domain protein 2
Gamma-synuclein
Microtubule-binding protein TANGLED1
Protein tyrosine phosphatase type IVA 1
Protein TPX2
Targeting protein for Xklp2 homolog
Tetratricopeptide repeat protein 23-like
Cdc25-like protein phosphatase twine
Serine/threonine-protein kinase VRK1
Centromere/kinetochore protein zw10 homolog
