Cytochrome B pre-mRNA-processing protein 6
Protein CBP3, mitochondrial
Cloacin
Colicin-E6
Colicin-E3
Hsp70/Hsp90 co-chaperone CNS1
GTPase Der
DnaJ homolog subfamily C member 1
3'-5' exoribonuclease 1
Guanine nucleotide-binding protein subunit beta-like protein
Translational activator gcn1
Putative GTP-binding protein 6
GTPase HflX
Ribosome hibernation promoting factor
Protein IMPACT
Mitochondrial distribution and morphology protein 38
Inner membrane mitoribosome receptor MBA1, mitochondrial
GTPase MTG2, mitochondrial
N-alpha-acetyltransferase 16, NatA auxiliary subunit
N-alpha-acetyltransferase 10
Obg-like ATPase 1
Securin
Ribosome maturation factor RimM
Rapamycin-insensitive companion of mTOR
Probable 16S rRNA-processing protein RimM
Ribosome modulation factor
Ribosomal RNA large subunit methyltransferase H
Protein transport protein Sec61 subunit alpha isoform 2
Protein transport protein Sec61 subunit alpha isoform 1
Protein transport protein sec61 subunit alpha
Protein transport protein Sec61 subunit beta
HSP70 co-chaperone SNL1
Trigger factor
Partner of Y14 and mago
Partner of Y14 and mago A
Partner of Y14 and mago B
Ribosome-binding ATPase YchF
Protein IMPACT homolog
YTH domain-containing family protein 1
