General L-amino acid transport system permease protein AapQ
ABC transporter A family member 10
ABC transporter I family member 10, chloroplastic
ABC transporter E family member 1
ABC transporter B family member 23, mitochondrial
ABC transporter B family member 25, mitochondrial
ABC transporter E family member 3
ABC transporter F family member 4
ABC transporter A family member 6
ABC transporter A family member 7
ABC transporter A family member 8
UPF0051 protein ABCI8, chloroplastic
ABC transporter I family member 1
ABC transporter B family member 24, mitochondrial
ABC transporter B family member 28
ATP-binding cassette sub-family A member 7
ATP-binding cassette sub-family B member 10, mitochondrial
Bile salt export pump
ABC transporter C family member 5
ABC transporter C family member 9
ABC transporter C family member 10
ATP-binding cassette sub-family F member 2
ABC transporter B family member 29, chloroplastic
ABC transporter F family member 3
ABC transporter A family member 4
ATP-binding cassette sub-family A member 3
ATP-binding cassette sub-family B member 8, mitochondrial
ABC transporter C family member 13
ABC transporter C family member 14
ABC transporter B family member 1
ABC transporter A family member 11
ABC transporter A family member 12
ABC transporter A family member 2
ABC transporter E family member 2
ABC transporter G family member 37
ABC transporter F family member 5
Protein ABCI7, chloroplastic
ABC transporter F family member 1
ABC transporter I family member 21
ABC transporter B family member 26, chloroplastic
ABC transporter F family member 2
ABC transporter A family member 5
ABC transporter I family member 6, chloroplastic
Putative ATP-binding cassette sub-family A member 11
ABC transporter B family member 4
ABC transporter C family member 1
ABC transporter C family member 3
ABC transporter C family member 7
ABC transporter C family member 12
ADP/ATP translocase 1
Amino-acid-binding protein AabA
General L-amino acid-binding periplasmic protein AapJ
General L-amino acid transport system permease protein AapM
ABC transporter I family member 11, chloroplastic
ABC transporter A family member 3
ABC transporter B family member 2
ABC transporter B family member 5
ABC transporter C family member 2
ABC transporter C family member 6
ABC transporter C family member 8
ADP,ATP carrier protein 2
ADP,ATP carrier protein 2, mitochondrial
ADP/ATP translocase 2
ADP/ATP translocase 3
ADP/ATP translocase 4
ADP,ATP carrier protein
ADP,ATP carrier protein 1, mitochondrial
Outer membrane usher protein AggC
ADP,ATP carrier protein, mitochondrial
Multidrug export protein AcrF
Major allergen Equ c 1
Minor allergen Can f 2
Outer membrane usher protein AfaC
AP-3 complex subunit delta-1
ADP,ATP carrier protein 1
Allergen Bos d 2
Allergen Fel d 4
Probable allantoin permease
AP-2 complex subunit beta
Aphrodisin
Apolipoprotein D
Alpha-glucosides-binding periplasmic protein AglE
Aquaporin-12B
Aquaporin-11
Aquaporin-2
Aquaporin-4
Aquaporin-5
Putative aquaporin-7-like protein 3
Aquaporin AQPcic
L-arabinose transport system permease protein AraH
Alkaline protease secretion protein AprF
Aquaporin-3
Aquaporin-like protein 2
AP-3 complex subunit sigma-1
AP-4 complex subunit beta-1
Aquaporin
Aquaporin-1
L-arabinose ABC transporter permease protein AraH
Aquaporin-7
Aquaporin AQPAn.G
Probable arabinose-binding protein
AP-3 complex subunit beta-2
AP-4 complex subunit sigma-1
Aquaporin-12
Probable aquaporin AqpM
Aquaporin-8
Aquaporin AqpM
Lysine/arginine/ornithine-binding periplasmic protein
Arginine ABC transporter permease protein ArtQ
Aquaporin Z
Aquaporin AQPAe.a
Antibiotic efflux pump membrane transporter ArpB
Arginine ABC transporter permease protein ArtM
Arginine transport system permease protein ArtQ
Aquaporin-12A
Antibiotic efflux pump outer membrane protein ArpC
Putative ABC transporter arginine-binding protein 2
ABC transporter arginine-binding protein 1
Autophagy-related protein 22
ABC transporter arginine-binding protein
ATPase ASNA1
Autophagy-related protein 22-2
Arginine-binding extracellular protein ArtP
ATP synthase subunit beta, mitochondrial
ATP synthase subunit O, mitochondrial
ATP synthase F(0) complex subunit C3, mitochondrial
Autophagy-related protein 22-1
ATP synthase F(0) complex subunit C1, mitochondrial
ATP synthase F(0) complex subunit C2, mitochondrial
Sodium/potassium-transporting ATPase subunit gamma
ATP synthase-coupling factor 6, mitochondrial
Glycine betaine transporter BetP
High-affinity choline transport protein
Adenine/guanine permease AZG1
Bicyclomycin resistance protein homolog
Outer membrane efflux protein BepC
ATP synthase subunit delta, mitochondrial
Adenine/guanine permease AZG2
Benzoate transport protein
Osmo-dependent choline transporter BetT2
Outer membrane lipoprotein Blc
Osmo-independent choline transporter BetT1
High-affinity branched-chain amino acid transport system permease protein BraE
Multidrug resistance protein 1
Bacillibactin exporter
Glutamate/glutamine/aspartate/asparagine transport system permease protein BztB
Probable sodium/metabolite cotransporter BASS5, chloroplastic
Efflux pump membrane transporter BepG
Efflux pump membrane transporter BepE
Glycine betaine/proline betaine transporter BetS
High-affinity branched-chain amino acid transport system permease protein BraD
Cobalamin import system permease protein BtuC
Glutamate/glutamine/aspartate/asparagine-binding protein BztA
Cadherin-17
F1 capsule-anchoring protein
Alpha-S1-casein
Alpha-S2-casein
Beta-casein
Vitamin B12 transporter BtuB
Glutamate/glutamine/aspartate/asparagine transport system permease protein BztC
Achromobactin transport system permease protein CbrC
Achromobactin transport system permease protein CbrB
Cell death abnormality protein 8
Calcineurin B homologous protein 1
Citrate carrier
Clavesin-2
Clavesin-1
Calcium-binding mitochondrial carrier protein Aralar2
Nickel and cobalt resistance protein CnrC
Transport protein ComB
Chloramphenicol resistance protein
Copine-7
Putative uncharacterized protein CRYM-AS1
Chemotactic signal transduction system substrate-binding protein CosB
Outer membrane usher protein CssD
Outer membrane usher protein CS3-2
Alpha-S2-casein-like B
Alpha-ketoglutarate permease
Protein CyaE
Cobalt-zinc-cadmium resistance protein CzcC
Sulfate transporter CysZ
D-arabinitol transporter
Dicarboxylate transporter 2.2, chloroplastic
D-galactonate transporter
Protein dif-1
Protein DETOXIFICATION 43
Energy-coupling factor transporter ATP-binding protein EcfA2
Energy-coupling factor transporter transmembrane protein EcfT
Ectoine/hydroxyectoine transporter
Energy-coupling factor transporter ATP-binding protein EcfA1
Energy-coupling factor transporter transmembrane protein EcfT 1
Probable outer membrane usher protein ElfC
Putative biopolymer transport protein ExbD-like 1
Biopolymer transport protein ExbD
Putative biopolymer transport protein ExbD-like 2
Extracellular fatty acid-binding protein
Hexuronate transporter
Fatty acid-binding protein, liver-type
14 kDa fatty acid-binding protein
Biopolymer transport protein exbD1
Biopolymer transport protein exbD2
Fatty acid binding protein 1-A, liver
Fatty acid-binding protein 1
Fatty acid-binding protein homolog 2
Fatty acid-binding protein homolog 3
Fatty acid-binding protein, adipocyte
Fatty acid-binding protein homolog 6
Gastrotropin
Fatty acid-binding protein homolog 7
Fatty acid-binding protein, brain
Fatty acid-binding protein 9
Fatty acid-binding protein, heart
Fatty acid-binding protein, intestinal
Fatty acid-binding protein, liver
Fatty acid-binding protein, muscle
Fatty acid binding protein 1-B.1
Fatty acid-binding protein homolog 4
Fatty acid-binding protein, epidermal
Ferric anguibactin transport system permease protein FatD
Fatty acid-binding protein 12
Major ferric iron-binding protein
Fatty acid-binding protein 2, liver
Fatty acid-binding protein homolog 5
Outer membrane usher protein FaeD
Ferric anguibactin transport system permease protein FatC
Putative biopolymer transport protein ExbD
Fatty acid-binding protein 1, liver
Fatty acid-binding protein homolog 1
Fatty acid-binding protein type 3
Fatty acid-binding protein 10-A, liver basic
Fatty acid-binding protein homolog
Fatty acid-binding protein type 2
Fatty acid-binding protein 2
Probable fatty acid-binding protein
Putative fatty acid-binding protein 5-like protein 3
Outer membrane usher protein FimD
Biopolymer transport protein exbB1
Fe(3+)-binding periplasmic protein
Purine-cytosine permease fcyB
Fe(3+) dicitrate transport system permease protein FecD
Iron-uptake system permease protein FeuC
Iron(3+)-hydroxamate import system permease protein FhuB
Iron(3+)-hydroxamate import system permease protein FhuG
Fatty acid-binding protein Fh15
Fatty acid-binding protein homolog 9
Outer membrane usher protein FasD
Iron-utilization periplasmic protein
Probable formate transporter
Outer membrane usher protein FanD
Iron-uptake system permease protein FeuB
L-cystine-binding protein FliY
Folate transporter FolT
Fe(3+) dicitrate transport system permease protein FecC
Outer membrane usher protein FimC
Female-specific lacrimal gland protein
Outer membrane usher protein FocD
Fusaric acid resistance protein FusA
Feline leukemia virus subgroup C receptor-related protein 1
Putative frv operon regulatory protein
Gallate transporter
Probable galactarate transporter
Glycerol facilitator-aquaporin gla
Glycine betaine transporter
Glutamine transport system permease protein GlnP
Putative glutamine transport system permease protein GlnP
Glycerol uptake facilitator protein
Guanine/hypoxanthine permease GhxP
Glutamate/aspartate transport system permease protein GltK
Glutamate-binding protein
ABC transporter glutamine-binding protein GlnH
Glutamine-binding protein
Probable glutamine ABC transporter permease protein GlnP
Probable glycerol uptake facilitator protein
Glutamate/aspartate transport system permease protein GltJ
Glutamate transport system permease protein GluC
Glutamate transport system permease protein GluD
Golgin subfamily A member 3
Glutamine-binding periplasmic protein
Probable glutamine ABC transporter permease protein GlnM
Probable glucarate transporter
Hemoglobin and hemoglobin-haptoglobin-binding protein
Hemoglobin-haptoglobin-binding protein A
Hippocampus abundant transcript-like protein 2
Hippocampus abundant transcript 1 protein
Hemoglobin and hemoglobin-haptoglobin-binding protein B
Hemoglobin and hemoglobin-haptoglobin-binding protein A
Hippocampus abundant transcript-like protein 1
Outer membrane usher protein HifC
Hemoglobin-binding protein A
Probable hemoglobin and hemoglobin-haptoglobin-binding protein 2
Probable hemoglobin and hemoglobin-haptoglobin-binding protein 4
Histidine-binding periplasmic protein
Histidine transport system permease protein HisM
Histidine transport system permease protein HisQ
Hemin receptor
Hemin transport system permease protein HmuU
Hemoglobin-haptoglobin utilization protein B
Hemoglobin-binding protein C
Probable histidine-binding protein
Methyl-accepting chemotaxis protein HlyB
Heme/hemopexin utilization protein C
Probable heme-iron transport system permease protein IsdF
Minor myo-inositol transporter IolF
Protein LAZ1 homolog 2
Epididymal-specific lipocalin-9
Epididymal-specific lipocalin-12
Arginine-binding periplasmic protein
Lactoferrin-binding protein A
Epididymal-specific lipocalin-5
Protein LAZ1
Probable branched-chain amino acid transport permease protein LivH
High-affinity branched-chain amino acid transport system permease protein LivM
Lipocalin-15
Lipocalin
Protein LAZ1 homolog 1
High-affinity branched-chain amino acid transport system permease protein LivH
Probable branched-chain amino acid transport permease protein LivM
Nucleobase-ascorbate transporter LPE1
Autoinducer 2 import system permease protein LsrC
Autoinducer 2 import system permease protein LsrD
Probable outer membrane usher protein LpfC'
Lipoprotein LipO
Outer membrane usher protein LpfC
Trehalose-binding lipoprotein LpqY
Lincomycin resistance protein
Probable outer membrane usher protein LpfC
Probable glycolipid permease LtaA
Mitochondrial 2-oxoglutarate/malate carrier protein
Probable transporter MCH2
Mitochondrial substrate carrier family protein I
Multidrug resistance protein MdtA
Multidrug resistance protein MdtB
Multidrug resistance protein MdtC
Multidrug resistance protein MdtH
Trehalose/maltose-binding protein MalE
Multidrug resistance protein MdtK
Multidrug resistance outer membrane protein MdtP
Putative multidrug resistance outer membrane protein MdtQ
Membrane protein
Multidrug/solvent efflux pump outer membrane protein MepC
Maltose-binding periplasmic protein
Multidrug transporter MdfA
Multidrug resistance protein MdtF
Probable transporter MCH1
Probable transporter MCH4
Monocarboxylate transport permease protein
Multidrug resistance protein MdtL
Major facilitator superfamily domain-containing protein 9
Multidrug resistance outer membrane protein MdtQ
Multidrug/solvent efflux pump membrane transporter MepB
MFS-type drug efflux transporter P55
Galactoside transport system permease protein MglC homolog
Multidrug resistance protein MdtM
Galactoside transport system permease protein MglC
Multidrug resistance protein MdtG
Monocarboxylate transporter 10
Monocarboxylate transporter 8
Cation-independent mannose-6-phosphate receptor
Probable 4-methylmuconolactone transporter
Putative binding protein MsmE
Putative transcriptional regulator MtlR
Male-specific submandibular salivary gland protein
Multiple sugar-binding protein
Major urinary protein 3
Outer membrane usher protein MrkC
Major urinary protein 18
Major urinary protein 11
Major urinary protein 2
Cis,cis-muconate transport protein
Mitochondrial carrier protein MTM1
Major urinary protein 4
Major urinary protein 17
Myelin P2 protein
Putative niacin/nicotinamide transporter NaiP
Major urinary protein 20
Major urinary protein 6
Putative nucleobase-ascorbate transporter 10
Nucleobase-ascorbate transporter 5
Nucleobase-ascorbate transporter 2
Major urinary protein 5
Outer membrane usher protein MyfC
Nucleobase-ascorbate transporter 11
Nucleobase-ascorbate transporter 4
Nickel-cobalt-cadmium resistance protein NccC
Nucleobase-ascorbate transporter 7
Probable non-intrinsic ABC protein 5
Nucleobase-ascorbate transporter 8
Neutrophil gelatinase-associated lipocalin
Nucleobase-ascorbate transporter 1
Aquaporin NIP1-3
Aquaporin NIP2-2
Putative nucleobase-ascorbate transporter 9
Aquaporin NIP1-1
Aquaporin NIP1-4
Probable aquaporin NIP-type
Aquaporin NIP2-1
Non-specific lipid-transfer protein 1
Nopaline transport system permease protein NocQ
Nod factor export ATP-binding protein I
Nodulation protein J
Nodulin-26
Na(+)/H(+) exchange regulatory cofactor NHE-RF3
Aquaporin NIP3-2
Aquaporin NIP4-1
Nitrite transporter NirC
Nodulation protein T
Natural resistance-associated macrophage protein 1
Aquaporin NIP3-3
Nopaline transport system permease protein NocM
Metal transporter Nramp5
Metal transporter Nramp6
Metal transporter Nramp4
Niacin transporter NiaX
Aquaporin NIP2-3
Aquaporin NIP3-1
Nopaline-binding periplasmic protein
Nodulation protein NolG
Metal transporter Nramp2
Metal transporter Nramp3
Nuclear pore complex protein Nup88
Nuclear transport factor 2
Odorant-binding protein
Probable mitochondrial 2-oxodicarboxylate carrier
Octopine-binding periplasmic protein
Octopine transport system permease protein OccQ
Outer membrane protein OprJ
Glycine betaine/carnitine/choline-binding protein OpuCC
Osmoprotectant-binding protein OsmX
Octopine transport system permease protein OccM
Choline-binding protein
Carnitine transport binding protein OpuCC
Organic solute transporter subunit alpha
Organic solute transporter subunit beta
Organic solute transporter alpha-like protein
Organic solute transporter alpha-like protein 1
Glycine betaine-binding protein OpuAC
High affinity transport system protein p37
Protein kinase C and casein kinase substrate in neurons protein 2
Organic solute transporter alpha-like protein 2
Patellin-2
Guanine/hypoxanthine permease PbuO
4-hydroxybenzoate transporter PcaK
Outer membrane usher protein PapC
Putative amino-acid ABC transporter-binding protein PatH
Probable amino-acid ABC transporter permease protein PatM
Organic solute transporter alpha-like protein 3
Pantothenate transporter PanT
Probasin
Pantothenic acid transporter PanT
Major cell-binding factor
Outer membrane usher protein PefC
Patellin-4
Propanediol diffusion facilitator
Xanthine permease
Probable 1-hydroxy-2-naphthoate transporter
Aquaporin PIP1-1
Aquaporin PIP 1-3
Aquaporin PIP1-6
Probable aquaporin PIP-type pTOM75
Aquaporin PIP2-1
Probable aquaporin PIP2-2
Probable aquaporin PIP2-7
Aquaporin PIP2-6
Cyclohexadienyl dehydratase
Phosphoglycerate transporter protein
Aquaporin PIP1.1
Aquaporin PIP1-2
Probable aquaporin PIP2-1
Aquaporin PIP2-3
Aquaporin PIP2-5
Probable aquaporin PIP-type 7a
Aquaporin PIP-type
Aquaporin PIP2-2
Probable aquaporin PIP2-3
Aquaporin PIP2-4
Multi-drug resistance efflux pump PmrA homolog
Phthalate transporter
Putative 2-aminoethylphosphonate-binding periplasmic protein
Aquaporin PIP1-3/PIP1-4
Aquaporin PIP2-7
Auxin efflux carrier component 1
Aquaporin PIP1-5
Probable aquaporin PIP2-8
Outer membrane usher protein PmfC
Proteases secretion protein PrtF
Outer membrane usher protein PsaC
Glycine betaine-binding periplasmic protein
Multiphosphoryl transfer protein 2
Prostaglandin-H2 D-isomerase
Mannitol-specific phosphotransferase enzyme IIA component
Protein NRT1/ PTR FAMILY 5.16
Protein NRT1/ PTR FAMILY 8.5
Putative protein NRT1/ PTR FAMILY 2.14
Protein NRT1/ PTR FAMILY 2.4
Protein NRT1/ PTR FAMILY 1.3
Protein NRT1/ PTR FAMILY 5.8
Glycine betaine/L-proline transport system permease protein ProW
Multiphosphoryl transfer protein
Protein NRT1/ PTR FAMILY 3.1
Protein NRT1/ PTR FAMILY 8.4
Protein NRT1/ PTR FAMILY 5.1
Protein NRT1/ PTR FAMILY 4.1
Protein NRT1/ PTR FAMILY 5.7
Protein NRT1/ PTR FAMILY 2.8
Nitrogen regulatory protein
Uric acid permease PucK
Probable purine permease 22
Protein NRT1/ PTR FAMILY 5.9
Protein NRT1/ PTR FAMILY 5.3
Putative purine permease 15
Putative purine permease 19
Galactitol-specific phosphotransferase enzyme IIA component
Mannitol-specific cryptic phosphotransferase enzyme IIA component
Protein NRT1/ PTR FAMILY 5.15
Protein NRT1/ PTR FAMILY 5.14
Peptide transporter PTR2
Probable peptide/nitrate transporter At3g43790
Protein NRT1/ PTR FAMILY 6.1
Probable purine permease 9
Protein NRT1/ PTR FAMILY 4.5
Putative protein NRT1/ PTR FAMILY 2.2
Protein NRT1/ PTR FAMILY 2.10
Purpurin
Protein NRT1/ PTR FAMILY 4.4
Protein NRT1/ PTR FAMILY 5.13
Protein NRT1/ PTR FAMILY 5.5
Protein NRT1/ PTR FAMILY 2.1
Protein NRT1/ PTR FAMILY 5.4
Protein NRT1/ PTR FAMILY 4.7
Protein NRT1/ PTR FAMILY 7.1
Putative purine permease 20
Uracil permease
Protein NRT1/ PTR FAMILY 4.3
Protein NRT1/ PTR FAMILY 5.11
Protein NRT1/ PTR FAMILY 5.6
Protein NRT1/ PTR FAMILY 4.2
Protein NRT1/ PTR FAMILY 2.6
Protein NRT1/ PTR FAMILY 2.5
Protein NRT1/ PTR FAMILY 5.10
Probable purine permease 21
Puromycin resistance protein pur8
Uric acid permease PucJ
Cellular retinoic acid-binding protein 1
Antiseptic resistance protein
Cellular retinoic acid-binding protein 2
Protein RarD
Ribose import permease protein RbsC
P protein
Ras association domain-containing protein 9
Chloramphenicol-sensitive protein RarD
Retinol-binding protein 4
Retinol-binding protein 5
Retinoid-binding protein 7
Ribitol transporter
Mitochondrial carrier protein RIM2
Riboflavin transporter RibU
SEC14-like protein 2
SEC14-like protein 3
SEC14-like protein 4
Solute carrier family 12 member 9
Solute carrier family 25 member 38 homolog
Solute carrier family 40 member 3, chloroplastic
Solute carrier family 23 member 3
Solute carrier family 12 member 3
SEC14-like protein 5
Sodium- and chloride-dependent transporter XTRP3B
Sodium-dependent neutral amino acid transporter B(0)AT3
Salivary lipocalin
Sodium/glucose cotransporter 5
Serine transporter
Putative SEC14-like protein 6
Solute carrier family 25 member 38-B
Probable sulfoacetate transporter SauU
Chloride anion exchanger
Sodium/glucose cotransporter 4
Solute carrier family 25 member 38-A
SEC14 cytosolic factor
Phosphatidylinositol/phosphatidylcholine transfer protein SFH2
Putative phosphotransferase IIA component SgcA
Probable transporter SEO1
Probable efflux pump outer membrane protein SepC
Phosphatidylinositol/phosphatidylcholine transfer protein SFH5
Phosphatidylinositol/phosphatidylcholine transfer protein SFH9
Outer membrane usher protein SefC
Probable efflux pump membrane transporter SepB
Phosphatidylinositol/phosphatidylcholine transfer protein SFH4
Phosphatidylinositol/phosphatidylcholine transfer protein SFH8
Aquaporin SIP1-1
Structural maintenance of chromosomes protein 2-2
Putative solute carrier organic anion transporter family member 1B7
Solute carrier organic anion transporter family member 4C1
Phosphatidylinositol/phosphatidylcholine transfer protein SFH1
Phosphatidylinositol/phosphatidylcholine transfer protein SFH7
Probable outer membrane lipoprotein SilC
Aquaporin SIP1-2
Aquaporin SIP2-1
Systemic RNA interference defective protein 1
Probable aquaporin SIP2-1
Probable sugar-binding periplasmic protein
Phosphatidylinositol/phosphatidylcholine transfer protein SFH3
Phosphatidylinositol/phosphatidylcholine transfer protein SFH6
Structural maintenance of chromosomes protein 2-1
Sugar phosphate exchanger 3
Sugar phosphate exchanger 2
Aliphatic sulfonates import ATP-binding protein SsuB 1
Aliphatic sulfonates import ATP-binding protein SsuB 2
Aliphatic sulfonates import ATP-binding protein SsuB 3
Solvent-resistant pump membrane transporter SrpB
Metalloreductase STEAP1
Metalloreductase STEAP2
Solvent efflux pump outer membrane protein SrpC
Multidrug resistance protein Stp
Synaptophysin-like protein 1
Synaptic vesicle glycoprotein 2A
Synaptoporin
Synaptophysin-like protein 2
Swarming motility protein SwrC
Synaptophysin
Transmembrane protein 184 homolog DDB_G0284525
Transmembrane protein 184A
Transmembrane protein 184B
Antigen peptide transporter 2
Synapsin-1
Transmembrane protein 184 homolog DDB_G0279555
Transmembrane protein 184 homolog DDB_G0276041
Transmembrane protein 184C
Sec-independent protein translocase protein TatA
Treacle protein
L-cystine transport system permease protein TcyB
Taurine transport system permease protein TauC
Transferrin-binding protein 1
TonB-dependent heme receptor A
Thiamine transport system permease protein ThiP
Protein TRIGALACTOSYLDIACYLGLYCEROL 3, chloroplastic
Thiamine pathway transporter THI73
Sec-independent protein translocase protein TatB
Probable transferrin-binding protein 1
L-cystine transport system permease protein TcyL
Thiamine transporter THI72
Mitochondrial import inner membrane translocase subunit Tim10
Probable aquaporin TIP-type
L-cystine-binding protein TcyA
L-cystine transport system permease protein TcyM
Thiaminase-1
Suppressor/enhancer of lin-12 protein 9
Protein TolR
Mitochondrial import inner membrane translocase subunit Tim9
Protein TolA
Outer membrane protein TolC
Transmembrane protein 184 homolog C30D11.06c
Triose phosphate/phosphate translocator, chloroplastic
Aquaporin TIP2-3
Transmembrane protein 184 homolog YKR051W
Protein TolB
Transmembrane emp24 domain-containing protein bai
Trichosurin
Triose phosphate/phosphate translocator, non-green plastid, chloroplastic
Triose phosphate/phosphate translocator TPT, chloroplastic
Thymic stromal cotransporter homolog
Thymic stromal cotransporter protein
Glucose ABC transporter permease protein TsgB13
Alpha-tocopherol transfer protein-like
Toluene efflux pump membrane transporter TtgB
Toluene efflux pump membrane transporter TtgE
Tetratricopeptide repeat protein 30 homolog
Probable efflux pump outer membrane protein TtgC
Putative tartrate transporter
Probable efflux pump membrane transporter TtgB
Toluene efflux pump outer membrane protein TtgI
Toluene efflux pump outer membrane protein TtgC
sn-glycerol-3-phosphate-binding periplasmic protein UgpB
Probable hexose phosphate transport protein
Ascorbate-specific phosphotransferase enzyme IIA component
Putative glucose ABC transporter permease protein TsgC13
Tetratricopeptide repeat protein 30A
Toluene efflux pump membrane transporter TtgH
Mitochondrial uncoupling protein 3
Regulatory protein UhpC
Hexose phosphate transport protein
Toluene efflux pump outer membrane protein TtgF
Uterocalin
Bilirubin-inducible fluorescent protein UnaG
Probable uracil permease
Glucuronide carrier protein homolog
Probable ABC transporter-binding protein DR_1438
V-type proton ATPase subunit C 1
Xanthine permease XanP
VPS9 domain-containing protein 1
Xylose transport system permease protein XylH
Xanthine permease XanQ
Membrane transport protein XK
Putative uncharacterized symporter HI_1315
Probable amino-acid ABC transporter permease protein HI_0179
Putative ABC transporter permease protein MJ0087
Putative metabolite transport protein HI_1104
Probable ABC transporter permease protein HI_1471
Putative metabolite transport protein HI_0281
Probable amino-acid ABC transporter-binding protein HI_1080
Putative permease HI_0125
Putative permease MJ0326
Putative binding protein BAB2_0491
Putative purine permease CPE0397
Probable amino-acid ABC transporter permease protein y4tG
Putative binding protein BruAb2_0484
Probable amino-acid ABC transporter periplasmic-binding protein y4oP
Putative ABC1 protein At2g40090
Putative binding protein BRA0748/BS1330_II0741
Probable iron chelatin transport system permease protein jhp_0822
Serine/threonine-protein kinase DDB_G0283821
Probable amino-acid ABC transporter permease protein y4tF
Probable iron chelatin transport system permease protein HP_0889
Putative uncharacterized protein ydet
Glycine betaine uptake system permease protein YehY
Probable ABC transporter permease protein y4mJ
Putative ABC transporter permease protein MJ0876
Putative ABC transporter permease protein MJ0877
Putative ABC transporter periplasmic-binding protein YcjN
Putative amino-acid ABC transporter-binding protein YhdW
Inner membrane protein YbhI
L-cystine transport system permease protein YecS
Probable siderophore transport system permease protein YfhA
Fe(3+)-citrate import system permease protein YfmE
Multidrug efflux protein YfmO
Putative uncharacterized protein C1Q_01798
Putative purine permease YbbY
Probable ABC transporter extracellular-binding protein YckB
Mitochondrial nicotinamide adenine dinucleotide transporter 2
Probable siderophore transport system permease protein YfiZ
Putative malate transporter YflS
Fe(3+)-citrate import system permease protein YfmD
Mitochondrial nicotinamide adenine dinucleotide transporter 1
Probable amino-acid ABC transporter permease protein YckA
Putative uncharacterized protein EC1118_1L10_0100g
Putative transporter YoaB
Glycine betaine-binding protein YehZ
Inner membrane amino-acid ABC transporter permease protein YhdY
Inner membrane protein YhjD
Putative uncharacterized protein SCRG_04940
Glycine betaine uptake system permease protein YehW
Putative outer membrane usher protein YfcU
Putative amino-acid ABC transporter permease protein YhdX
CRAL-TRIO domain-containing protein T23G5.2
Inner membrane permease YgbN
Probable amino-acid permease protein YxeN
Putative uncharacterized protein SCY_3531
Putative outer membrane usher protein YqiG
Putative purine-cytosine permease YxlA
Putative purine permease YwdJ
Probable amino-acid-binding protein YxeM
