Proteasomal ubiquitin receptor ADRM1
Proteasomal ubiquitin receptor ADRM1 homolog
Actin-like protein ARP9
Actin-related protein 7
Another transcription unit protein
Cell division cycle protein 73
Cell division control protein 73
Parafibromin
Chromo domain-containing protein 1
Chromatin modification-related protein EAF3
Chromatin modification-related protein eaf3
Transcription elongation factor B polypeptide 3
Transcription elongation factor 1 homolog
Ell1-associated factor 1
RNA polymerase II transcription factor SIII subunit A3
Transcription elongation factor 1
RNA polymerase II elongation factor ELL2
Elongin-A
Probable elongator complex protein 3
Elongator complex protein 4
Elongator complex protein 3
Probable elongator complex protein 2
RNA polymerase II elongation factor ell1
Transcription elongation factor B polypeptide 2
Elongator complex protein 1
Elongator complex protein 2
Protein hir1
Protein HIR1
Histone transcription regulator 3 homolog
Protein HIR2
Histone promoter control protein 2
High temperature lethal protein 1
Transcription factor iws1
RNA polymerase-associated protein LEO1
Chromatin structure-remodeling complex protein RSC14
THO complex subunit mft1
THO complex subunit MFT1
General negative regulator of transcription subunit 5
General negative regulator of transcription subunit 2
General negative regulator of transcription subunit 1
RNA polymerase II-associated factor 1 homolog
Protein PAF1 homolog
RNA polymerase II-associated protein 1 homolog
Peptidyl-prolyl cis-trans isomerase-like 4
Poly(A) ribonuclease POP2
Peptidyl-prolyl cis-trans isomerase cyp6
Chromatin structure-remodeling complex subunit RSC4
Chromatin structure-remodeling complex subunit RSC2
RNA polymerase-associated protein RTF1 homolog
Regulator of Ty1 transposition protein 102
RNA polymerase-associated protein C651.09c
Chromatin structure-remodeling complex protein RSC58
Chromatin structure-remodeling complex subunit RSC1
Chromatin structure-remodeling complex subunit rsc7
Histone chaperone rtt106
Chromatin structure-remodeling complex subunit RSC7
Histone-lysine N-methyltransferase, H3 lysine-36 specific
Chromatin structure-remodeling complex subunit SFH1
Histone-lysine N-methyltransferase SETD2
FACT complex subunit spt16
Protein SPT2
FACT complex subunit SPT16
Transcription elongation factor SPT6
Transcription elongation factor SPT5
THO complex subunit 2
THO complex subunit THP2
DNA topoisomerase 1
Tetratricopeptide repeat protein 1
Mitochondrial import inner membrane translocase subunit Tim22
Protein RTF1 homolog
Protein YhcC
