Probable threonylcarbamoyladenosine tRNA methylthiotransferase
Protein archease-like
Probable protein archease
Protein archease
Probable serine/threonine-protein kinase BUD32 homolog
Threonylcarbamoyladenosine tRNA methylthiotransferase
Putative sulfurtransferase DsrE
tRNA-dihydrouridine(20) synthase -like
rRNA/tRNA 2'-O-methyltransferase fibrillarin-like protein 1
rRNA 2'-O-methyltransferase fibrillarin
Putative rRNA 2'-O-methyltransferase fibrillarin 3
Fibrillarin-like rRNA/tRNA 2'-O-methyltransferase
Ferredoxin-fold anticodon-binding domain-containing protein 1
Protein FixC
Ferredoxin-fold anticodon-binding domain-containing protein 1 homolog
G-rich sequence factor 1
Adenylate isopentenyltransferase
tRNA dimethylallyltransferase 9
Cysteine desulfurase IscS
Probable tRNA methyltransferase 9-like protein
tRNA N6-adenosine threonylcarbamoyltransferase
EKC/KEOPS complex subunit LAGE3
EKC/KEOPS complex subunit Lage3
Lupus La protein homolog
U6 snRNA-associated Sm-like protein LSm6
La protein homolog
U6 snRNA-associated Sm-like protein LSm5
Probable U6 snRNA-associated Sm-like protein LSm6
U6 snRNA-associated Sm-like protein LSm7
Maturase K
Probable maturase K
U6 snRNA-associated Sm-like protein LSm2
U6 snRNA-associated Sm-like protein LSm3
U6 snRNA-associated Sm-like protein LSm4
U6 snRNA-associated Sm-like protein LSm8
tRNA dimethylallyltransferase 1
tRNA dimethylallyltransferase 2
tRNA-(msA)-hydroxylase
Trifunctional protein RibF/MnmA
tRNA uridine 5-carboxymethylaminomethyl modification enzyme MnmG
tRNA dimethylallyltransferase
tRNA dimethylallyltransferase, mitochondrial
Mitochondrial ribonuclease P protein 1 homolog
Mitochondrial ribonuclease P protein 3
tRNA-specific 2-thiouridylase MnmA
Mitochondrial ribonuclease P protein 1
Threonylcarbamoyladenosine tRNA methylthiotransferase MtaB
Mitochondrial tRNA-specific 2-thiouridylase 1
Cysteine desulfurase, mitochondrial
tRNA
Probable tRNA N6-adenosine threonylcarbamoyltransferase
Polyribonucleotide nucleotidyltransferase 2, mitochondrial
Ribonucleases P/MRP protein subunit POP3
Ribonuclease P/MRP protein subunit POP5
Ribonucleases P/MRP protein subunit POP7
Probable ribonucleases P protein subunit pop8
Ribonucleases P/MRP protein subunit POP1
Ribonucleases P/MRP protein subunit POP6
Ribonucleases P/MRP protein subunit pop1
Ribonuclease P protein subunit p20
Ribonucleases P/MRP protein subunit pop3
Probable ribonuclease P/MRP protein subunit POP5
Ribonucleases P/MRP protein subunit POP8
RNases MRP/P 32.9 kDa subunit
TP53-regulating kinase
Proteinaceous RNase P 1, chloroplastic/mitochondrial
mRNA cleavage and polyadenylation specificity factor complex subunit pta1
tRNA pseudouridine synthase-like 1
Pseudouridylate synthase 7 homolog
Putative tRNA pseudouridine synthase Pus10
tRNA pseudouridine synthase 1
Putative tRNA pseudouridine synthase
tRNA pseudouridine(38/39) synthase
Pseudouridylate synthase 7 homolog-like protein
Epoxyqueuosine reductase
Ribosomal large subunit pseudouridine synthase A
Ribonuclease 3
Ribonuclease 3 1
Ribonuclease 3 2
Probable ribonuclease P protein subunit 1
Ribonuclease T
Zinc phosphodiesterase ELAC protein 2
Nuclear ribonuclease Z
Ribonuclease Z
Ribonuclease Z, chloroplastic
Putative ribonuclease Z
Ribonuclease P protein subunit p21
Ribonuclease P protein subunit p25
Ribonuclease D
Putative ribonuclease E
Ribonuclease P protein component
Ribonuclease P protein subunit p30
Probable ribonuclease P protein subunit 3
Ribonuclease P protein subunit p29
Ribonuclease P protein subunit p38
Ribonuclease P protein subunit RPR2
Ribonuclease P protein subunit p14
Ribonuclease P/MRP protein subunit RPP1
Ribonuclease P protein subunit drpp30
Ribonuclease P protein subunit p40
Ribonuclease P protein subunit rpr2
tRNA-splicing ligase RtcB
tRNA-splicing endonuclease subunit SEN54
Probable tRNA-splicing endonuclease subunit tsp-5
Transcription factor STP1
Bifunctional glutamate/proline--tRNA ligase
Phenylalanine--tRNA ligase beta subunit
Phenylalanine--tRNA ligase, mitochondrial
Threonylcarbamoyl-AMP synthase
Phenylalanine--tRNA ligase beta subunit, chloroplastic
Probable phenylalanine--tRNA ligase, mitochondrial
Alanine--tRNA ligase, cytoplasmic
Phenylalanine--tRNA ligase, chloroplastic/mitochondrial
Probable tRNA pseudouridine synthase tag-124
Queuine tRNA-ribosyltransferase
tRNA(His) guanylyltransferase
Probable tRNA(His) guanylyltransferase
tRNA(Ile)-lysidine synthase, plastid
tRNA methyltransferase 10 homolog A
tRNA:m(4)X modification enzyme TRM13
Probable tRNA
EKC/KEOPS complex subunit TPRKB
EKC/KEOPS complex subunit Tprkb
Multifunctional methyltransferase subunit TRM112-like protein
tRNA:m(4)X modification enzyme TRM13 homolog
CCA tRNA nucleotidyltransferase 1, mitochondrial
Probable tRNA pseudouridine synthase 2
tRNA pseudouridine synthase B
TRMT1-like protein
Putative tRNA pseudouridine synthase B
tRNA pseudouridine synthase C
Putative threonylcarbamoyl-AMP synthase
tRNA pseudouridine synthase A
tRNA 2-thiocytidine biosynthesis protein TtcA 1
tRNA 2-thiocytidine biosynthesis protein TtcA 2
Sulfurtransferase TusA
Protein TusC
Sulfurtransferase TusD
Probable tRNA pseudouridine synthase D 1
S-adenosyl-L-methionine-dependent tRNA 4-demethylwyosine synthase
tRNA wybutosine-synthesizing protein 3 homolog
tRNA wybutosine-synthesizing protein 4
Probable tRNA pseudouridine synthase B
Sulfurtransferase TusD homolog
tRNA 2-thiocytidine biosynthesis protein TtcA
Sulfurtransferase TusA homolog
tRNA wybutosine-synthesizing protein 2/3/4
Regulator of Ty1 transposition protein 10
CTU1/ATPBD3 family protein MJ0485
tRNA-modifying protein YgfZ
Putative pseudouridine synthase B0024.11
