Dopamine receptor 4
G-protein coupled receptor 161
Probable G-protein coupled receptor 52
Probable G-protein coupled receptor 21
Histamine H3 receptor
Histamine H4 receptor
Homeobox protein ceh-36
General odorant-binding protein 19d
General odorant-binding protein 83a
General odorant-binding protein 69a
General odorant-binding protein 28a
General odorant-binding protein 84a
Olfactory receptor 1D4
Pheromone-binding protein-related protein 6
Serpentine receptor class alpha-22
Serpentine receptor class alpha-34
Serpentine receptor class alpha-1
Serpentine receptor class epsilon-29
Serpentine receptor class epsilon-31
Serpentine receptor class epsilon-33
Serpentine receptor class epsilon-38
Serpentine receptor class epsilon-8
Serpentine receptor class alpha-21
Serpentine receptor class alpha-24
Serpentine receptor class alpha-28
Serpentine receptor class alpha-31
Serpentine receptor class epsilon-13
Serpentine receptor class epsilon-21
Serpentine receptor class epsilon-27
Serpentine receptor class epsilon-37
Serpentine receptor class alpha-25
Serpentine receptor class alpha-29
Serpentine receptor class alpha-32
Serpentine receptor class alpha-4
Serpentine receptor class epsilon-12
Serpentine receptor class epsilon-26
Serpentine receptor class epsilon-30
Serpentine receptor class epsilon-32
Serpentine receptor class epsilon-45
Serpentine receptor class alpha-10
Serpentine receptor class alpha-6
Serpentine receptor class alpha-8
Serpentine receptor class alpha-12
Serpentine receptor class alpha-18
Serpentine receptor class alpha-27
Serpentine receptor class alpha-33
Serpentine receptor class alpha-7
Serpentine receptor class alpha-9
Serpentine receptor class beta-18
Serpentine receptor class alpha-17
Serpentine receptor class alpha-20
Serpentine receptor class alpha-23
Serpentine receptor class epsilon-1
Serpentine receptor class epsilon-2
Serpentine receptor class epsilon-6
Vomeronasal type-1 receptor 41
Vomeronasal type-1 receptor 46
Vomeronasal type-1 receptor 49
Vomeronasal type-1 receptor 52
Vomeronasal type-1 receptor 40
Vomeronasal type-1 receptor 42
Vomeronasal type-1 receptor 54
Vomeronasal type-1 receptor 44
Vomeronasal type-1 receptor 48
Vomeronasal type-1 receptor 50
Vomeronasal type-1 receptor 53
Vomeronasal type-1 receptor 43
Vomeronasal type-1 receptor 47
Vomeronasal type-1 receptor A8
