Meiosis-specific APC/C activator protein AMA1
Meiotic recombination protein DMC1
Meiosis-specific protein HED1
Meiosis-specific protein HOP1
HORMA domain-containing protein 1
DNA mismatch repair protein Mlh3
Nucleosomal histone kinase 1
Pachytene checkpoint protein 2 homolog
Double-strand-break repair protein rad21-like protein 1
Meiotic recombination protein rec-8
Meiotic recombination protein REC8 homolog
Protein RED1
Synaptonemal complex protein SC65
Sister chromatid cohesion protein 1
Structural maintenance of chromosomes protein 3
Meiotic recombination protein SPO11
Sporulation-specific protein 16
Cohesin subunit SA-3
Synaptonemal complex central element protein 1
Synaptonemal complex protein 2
Synaptonemal complex central element protein 3
Synaptonemal complex protein 1
Rho GTPase-activating protein SYDE1
Chromosome segregation protein sudA
Synaptonemal complex central element protein 1-like
Synaptonemal complex central element protein 2
Testis-expressed sequence 12 protein
Testis-expressed sequence 11 protein
Testis-expressed sequence 15 protein
Protein ZIP2
