Modification methylase BamHI
Modification methylase BsoBI
Modification methylase MvaI
Modification methylase MjaVI
Modification methylase ScaI
Modification methylase MjaI
Modification methylase SfiI
Modification methylase AvaI
Modification methylase BglI
Modification methylase Cfr9I
Modification methylase MjaII
Modification methylase MjaV
Modification methylase MwoI
Modification methylase BamHII
Modification methylase XcyI
Modification methylase BglII
Modification methylase MthZI
Modification methylase SmaI
Modification methylase BslI
Modification methylase CfrBI
Modification methylase PvuII
