Epidermal growth factor receptor
Actin, cytoplasmic 1
Alpha-actinin-2
Actin, cytoplasmic 2
Angiopoietin-1
Serine/threonine-protein kinase A-Raf
Breast cancer anti-estrogen resistance protein 1
Brain-specific angiogenesis inhibitor 1-associated protein 2
Protein BRICK1
Probetacellulin
Cadherin-5
C-C motif chemokine 2
Cell division control protein 42 homolog
Granulocyte-macrophage colony-stimulating factor receptor subunit alpha
Catenin delta-1
Granulocyte-macrophage colony-stimulating factor
Cullin-3
Cytochrome b-245 light chain
Adapter molecule crk
Cytoplasmic FMR1-interacting protein 1
Cytoplasmic FMR1-interacting protein 2
Dual specificity protein phosphatase 6
Dual specificity protein phosphatase 7
Dedicator of cytokinesis protein 1
Dual specificity protein phosphatase 9
Dual specificity protein phosphatase 5
Pro-epidermal growth factor
Engulfment and cell motility protein 2
Protein-tyrosine kinase 2-beta
Receptor tyrosine-protein kinase erbB-4
Fibroblast growth factor 17
Fibroblast growth factor 4
Fibroblast growth factor 3
Fibroblast growth factor 5
Fibroblast growth factor 19
Fibroblast growth factor receptor 4
Fibroblast growth factor 16
Fibroblast growth factor 18
Fibroblast growth factor 6
Fibroblast growth factor 20
Fibroblast growth factor 9
Fibroblast growth factor 8
Fibroblast growth factor 22
Fibroblast growth factor receptor 3
Fibroblast growth factor receptor substrate 3
Ras guanyl-releasing protein 3
RAS guanyl-releasing protein 4
Heat shock protein HSP 90-alpha
Heat shock protein beta-1
Interleukin-3
Interleukin-17 receptor D
Interleukin-5 receptor subunit alpha
Interleukin-2
Interleukin-2 receptor subunit alpha
Cytokine receptor common subunit beta
Insulin receptor substrate 1
Insulin receptor substrate 2
Interleukin-3 receptor subunit alpha
Tyrosine-protein kinase JAK3
Kelch repeat and BTB domain-containing protein 7
Tyrosine-protein kinase JAK1
Tyrosine-protein kinase JAK2
Calcium/calmodulin-dependent protein kinase type II subunit gamma
Inositol 1,4,5-trisphosphate receptor type 2
Inositol 1,4,5-trisphosphate receptor type 3
Calcium/calmodulin-dependent protein kinase type II subunit alpha
Calcium/calmodulin-dependent protein kinase type II subunit beta
Calcium/calmodulin-dependent protein kinase type II subunit delta
Serine/threonine-protein kinase D1
Serine/threonine-protein kinase D2
Beta-klotho
Kinase suppressor of Ras 1
Linker for activation of T-cells family member 1
Protein kinase C delta type
Ragulator complex protein LAMTOR2
Target of rapamycin complex subunit LST8
Ragulator complex protein LAMTOR3
MAP kinase-activated protein kinase 2
MAP kinase-activated protein kinase 3
MAP/microtubule affinity-regulating kinase 3
Mitogen-activated protein kinase 13
Mitogen-activated protein kinase 12
Mitogen-activated protein kinase 14
Dual specificity mitogen-activated protein kinase kinase 2
Mitogen-activated protein kinase 11
Nck-associated protein 1-like
Neutrophil cytosol factor 2
Nitric oxide synthase, endothelial
Neutrophil cytosol factor 1
Neutrophil cytosol factor 4
Pro-neuregulin-4, membrane-bound isoform
Glutamate receptor ionotropic, NMDA 2C
Pro-neuregulin-2, membrane-bound isoform
Neurofilament light polypeptide
Ras GTPase-activating protein nGAP
Glutamate receptor ionotropic, NMDA 2D
Phosphatidylinositol 3-kinase regulatory subunit beta
Serine/threonine-protein kinase PAK 3
Platelet-derived growth factor subunit B
3-phosphoinositide-dependent protein kinase 1
Progestin and adipoQ receptor family member 3
Astrocytic phosphoprotein PEA-15
Phosphatidylethanolamine-binding protein 1
Placenta growth factor
Phosphatidylinositol 4,5-bisphosphate 3-kinase catalytic subunit beta isoform
Serine/threonine-protein phosphatase 5
Receptor-type tyrosine-protein phosphatase alpha
Ras GTPase-activating protein 3
RasGAP-activating-like protein 1
GTPase KRas
RAS protein activator like-3
Ras GTPase-activating protein 2
GTPase NRas
Ras-specific guanine nucleotide-releasing factor 2
GTPase HRas
Ras GTPase-activating protein 4
Rapamycin-insensitive companion of mTOR
Ras-GEF domain-containing family member 1A
Ras-specific guanine nucleotide-releasing factor 1
Rho-associated protein kinase 1
Rho-associated protein kinase 2
R-spondin-1
SH2 domain-containing adapter protein B
Kit ligand
SH2 domain-containing protein 2A
Target of rapamycin complex 2 subunit MAPKAP1
SHC-transforming protein 3
SHC-transforming protein 2
Sprouty-related, EVH1 domain-containing protein 1
Son of sevenless homolog 1
Spectrin alpha chain, erythrocytic 1
Spectrin alpha chain, non-erythrocytic 1
Spectrin beta chain, non-erythrocytic 5
Sphingosine kinase 1
Spectrin beta chain, non-erythrocytic 1
Spectrin beta chain, erythrocytic
Extracellular sulfatase Sulf-1
Angiopoietin-1 receptor
Proto-oncogene vav
Vascular endothelial growth factor B
Vascular endothelial growth factor D
Vascular endothelial growth factor C
Guanine nucleotide exchange factor VAV2
WD repeat domain-containing protein 83
X-box-binding protein 1
Vascular endothelial growth factor A
