Phosphatidylinositol mannoside acyltransferase
Probable alginate O-acetylase AlgI
Probable alginate O-acetylase AlgJ
Alginate biosynthesis protein AlgX
Protein AIG2
AIG2-like protein
Ancient ubiquitous protein 1
Putative acetyltransferase SAS0727
Polyketide biosynthesis acyltransferase homolog BaeD
Putative acetyltransferase SACOL0827
Putative acetyltransferase SAR0816
Putative acetyltransferase SAV0762
Putative acetyltransferase SA0717
Putative acetyltransferase MW0724
MHC class II transactivator
Polyketide synthase-nonribosomal peptide synthetase
Putative glutathione-specific gamma-glutamylcyclotransferase 2
Glutathione-specific gamma-glutamylcyclotransferase
Glutathione-specific gamma-glutamylcyclotransferase 1
Cation/H(+) antiporter 4
SL1278 acyltransferase Chp1
Diacyltrehalose acyltransferase Chp2
Glycosyl-4,4'-diaponeurosporenoate acyltransferase
CAI-1 autoinducer synthase
Cyclolysin-activating lysine-acyltransferase CyaC
N-acetyltransferase ECO1
Protein ECM18
Elongator complex protein 2
Enterobactin synthase component E
N-acetyltransferase ESCO1
Elongator complex protein 1
Elongator complex protein 5
Elongator complex protein 6
Putative acetyltransferase EpsM
N-acetyltransferase ESCO2
Elongator complex protein 4
Germinal-center associated nuclear protein
GPI-anchored wall transfer protein 1
Heparan-alpha-glucosaminide N-acetyltransferase
Protein-cysteine N-palmitoyltransferase Rasp
Hemolysin-activating lysine-acyltransferase HlyC
HRAS-like suppressor 2
Tetracenomycin C polyketide putative beta-ketoacyl synthase 2
Putative polyketide beta-ketoacyl synthase 1
Tetracenomycin C polyketide putative beta-ketoacyl synthase 1
Granaticin polyketide putative beta-ketoacyl synthase 2
Putative polyketide beta-ketoacyl synthase 2
Oxytetracycline polyketide putative beta-ketoacyl synthase 1
Actinorhodin polyketide putative beta-ketoacyl synthase 1
Actinorhodin polyketide putative beta-ketoacyl synthase 2
Granaticin polyketide putative beta-ketoacyl synthase 1
L,D-transpeptidase 2
L,D-transpeptidase 4
Lysocardiolipin acyltransferase 1
L,D-transpeptidase 5
L,D-transpeptidase 1
L,D-transpeptidase Mb0493
Lipoyltransferase 1, mitochondrial
Leukotoxin-activating lysine-acyltransferase LktC serotype A1
Acyltransferase LovD
Putative L,D-transpeptidase LppS
Probable L,D-transpeptidase 3
Leukotoxin-activating lysine-acyltransferase LktC serotype T3
Acyl-CoA:lysophosphatidylglycerol acyltransferase 1
Leukotoxin-activating lysine-acyltransferase LktC
Leukotoxin-activating lysine-acyltransferase LktC serotype A11
NADP-dependent malic enzyme
Probable NADP-dependent malic enzyme
Lysophospholipid acyltransferase 1
Membrane-bound O-acyltransferase domain-containing protein 2
Lysophospholipid acyltransferase 7
Lysine N-acyltransferase MbtK
NAD-dependent malic enzyme
Leukotoxin-activating lysine-acyltransferase LtxC
Probable macrolide acetyltransferase
MPT51/MPB51 antigen
MPT51 antigen
Protein MUM3
N-acylphosphatidylethanolamine synthase
Nodulation protein A
Pyruvate dehydrogenase protein X component, mitochondrial
Pyruvate dehydrogenase complex protein X component, mitochondrial
Oleandomycin polyketide synthase, modules 5 and 6
Phthiocerol/phthiodiolone dimycocerosyl transferase
Probable pyruvate dehydrogenase protein X component, mitochondrial
Acetyltransferase Pat
Acyltransferase papA1
SL659 acyltransferase papA1
Acyltransferase papA2
Peptidoglycan O-acetyltransferase
Lysophosphatidylcholine acyltransferase 2B
Trehalose-2-sulfate acyltransferase papA2
Acyltransferase papA3
Poly(3-hydroxyalkanoate) polymerase subunit PhaC
Poly(3-hydroxyalkanoate) polymerase subunit PhaE
Phthioceranic/hydroxyphthioceranic acid synthase
Poly-beta-hydroxybutyrate polymerase
GDP-perosamine N-acetyltransferase
Noranthrone synthase
Phosphatidylinositol-glycan biosynthesis class W protein
Poly(3-hydroxyalkanoate) polymerase 2
Putative inactive phenolphthiocerol synthesis polyketide synthase type I Pks1
Poly(3-hydroxyalkanoate) polymerase 1
Polyketide biosynthesis acyltransferase homolog PksD
Poly(3-hydroxyalkanoate) polymerase
Polyketide biosynthesis malonyl-ACP decarboxylase PksF
Polyketide synthase PksJ
Polyketide synthase PksL
Polyketide synthase PksN
2-heptyl-4(1H)-quinolone synthase PqsD
RTX-II toxin-activating lysine-acyltransferase ApxIIC
Cytolysin-activating lysine-acyltransferase RtxC
RTX-III toxin-activating lysine-acyltransferase ApxIIC
RTX-I toxin-activating lysine-acyltransferase ApxIC
Serine palmitoyltransferase 1
Putative sterigmatocystin biosynthesis polyketide synthase
tRNA acetyltransferase TAN1
Tafazzin
Tafazzin homolog
2,4,6-trihydroxybenzophenone synthase
Protein-glutamine gamma-glutamyltransferase E
Troponin C-akin-1 protein
Transmembrane protein 68
Virginiamycin A acetyltransferase
Streptogramin A acetyltransferase
dTDP-4-amino-4,6-dideoxy-D-glucose acyltransferase
Putative lipopolysaccharide biosynthesis O-acetyl transferase WbbJ
Putative colanic acid biosynthesis acetyltransferase WcaF
UDP-2-acetamido-3-amino-2,3-dideoxy-D-glucuronate N-acetyltransferase
Putative gamma-glutamylcyclotransferase At3g02910
Putative acetyltransferase MPN_114
Putative gamma-glutamylcyclotransferase MJ1514
Pyruvate dehydrogenase complex subunit homolog DDB_G0271564, mitochondrial
Putative acetyltransferase Rv3034c
Putative gamma-glutamylcyclotransferase BH1612
Putative gamma-glutamylcyclotransferase VC_2546
Putative uncharacterized acetyltransferase YaiX
Putative gamma-glutamylcyclotransferase PH0828
Putative gamma-glutamylcyclotransferase YkqA
Probable acyltransferase YihG
Effector protein YopJ
Putative gamma-glutamylcyclotransferase CG2811
Putative esterase YMR210W
Putative lysine N-acyltransferase C17G9.06c
Putative acetyltransferase YvoF
