Ribonucleoside-diphosphate reductase subunit beta
Vitamin B12-dependent ribonucleoside-diphosphate reductase
Vitamin B12-dependent ribonucleotide reductase
Ribonucleoside-diphosphate reductase NrdEB subunit alpha
Ribonucleoside-diphosphate reductase nrdEB subunit alpha
Ribonucleoside-diphosphate reductase small chain B
Ribonucleoside-diphosphate reductase large subunit
Ribonucleoside-diphosphate reductase 1 subunit alpha
Ribonucleoside-diphosphate reductase small chain
Ribonucleoside-diphosphate reductase large chain
Ribonucleoside-diphosphate reductase subunit alpha
Putative ribonucleoside-diphosphate reductase small subunit 067L
Ribonucleoside-diphosphate reductase subunit alpha 1
Ribonucleoside-diphosphate reductase 1 subunit beta
Putative ribonucleoside-diphosphate reductase large subunit
Ribonucleoside-diphosphate reductase subunit M2 B
Ribonucleoside-diphosphate reductase subunit alpha 2
Ribonucleoside-diphosphate reductase small subunit
Ribonucleoside-diphosphate reductase 2 subunit alpha
Probable ribonucleoside-diphosphate reductase small subunit 376L
Ribonucleoside-diphosphate reductase small chain C
Ribonucleoside-diphosphate reductase subunit M2
Probable ribonucleoside-diphosphate reductase small subunit 048L
