Aralkylamine dehydrogenase heavy chain
NAD 5'-nucleotidase
Aralkylamine dehydrogenase light chain
Alginate biosynthesis protein Alg44
Alginate biosynthesis protein AlgF
Antigen 43
Glucose-1-phosphatase
N-acetylmuramoyl-L-alanine amidase AmiC
Poly(beta-D-mannuronate) C5 epimerase
Amicyanin
N-acetylmuramoyl-L-alanine amidase AmiA
AIDA-I autotransporter
Periplasmic alpha-galactoside-binding protein
Mannuronan synthase
Amicyanin-alpha
Alpha-amylase
ABC transporter L-arabinose-binding periplasmic protein
Probable N-acetylmuramoyl-L-alanine amidase AmiB
Glutaminase-asparaginase
Arylsulfatase
Arylsulfate sulfotransferase AssT
Probable L-asparaginase periplasmic
Pseudoazurin
Azurin
N(4)-(Beta-N-acetylglucosaminyl)-L-asparaginase
Acid shock protein 1
Putative pseudoazurin
Beta-peptidyl aminopeptidase BapA
Periplasmic beta-glucosidase
Azurin iso-1
Azurin iso-2
Azurin-1
Azurin-2
Vitamin B12-binding protein
26 kDa periplasmic immunogenic protein
Cytochrome c-552
Cytochrome c-554
Cytochrome c-556
BrkA autotransporter
Soluble cytochrome b562
Chondroitin sulfate ABC exolyase
Leucine-, isoleucine-, valine-, threonine-, and alanine-binding protein
Cytochrome c-553I
Probable soluble cytochrome b562 1
Cytochrome c-555
Probable soluble cytochrome b562 2
Chondroitin sulfate ABC endolyase
Achromobactin-binding periplasmic protein
Putative cytochrome c-type biogenesis protein CcmH
Cytochrome c551 peroxidase
Cytochrome c-type biogenesis protein Ccl2
Protein CexE
Kappa-carrageenase
Multiple sugar-binding periplasmic receptor ChvE
Monofunctional chorismate mutase
Chlorite dismutase
Chlorate reductase subunit alpha
Chlorate reductase subunit gamma
Chlorate reductase subunit beta
Copper resistance protein A
2',3'-cyclic-nucleotide 2'-phosphodiesterase/3'-nucleotidase
Nickel and cobalt resistance protein CnrR
3',5'-cyclic-nucleotide phosphodiesterase
Periplasmic protein CpxP
Curli assembly protein CsgC
Probable 3',5'-cyclic-nucleotide phosphodiesterase
Copper resistance protein K
Blue copper oxidase CueO
Cation efflux system protein CusF
Cytochrome c-551
Cytochrome c-553
Cytochrome c3, 10 kDa
Cytochrome c3-2
Cytochrome c4
N-acetylmuramoyl-L-alanine amidase CwlM
Cytochrome c3, 13 kDa
Basic cytochrome c3
Cytochrome c3
Tetraheme cytochrome c-type
Cytochrome c'
Putative cytochrome c4
Cytochrome subunit of sulfide dehydrogenase
Cytochrome c-550
Cytochrome c-L
Probable tetraheme cytochrome c-type
Protein DcrB
Cytochrome c3-1
Cytochrome c3, 26 kDa
Cytochrome c3, 50 kDa
Acidic cytochrome c3
Nine-heme cytochrome c
Dimethylsulfide dehydrogenase subunit alpha
Dimethylsulfide dehydrogenase subunit gamma
Methylamine dehydrogenase heavy chain
Dimethylsulfide dehydrogenase subunit beta
D-galactose-binding periplasmic protein
Methanol dehydrogenase  subunit 2
Sulfide dehydrogenase  flavoprotein chain
Probable thiol:disulfide interchange protein DsbC
Thiol:disulfide interchange protein DsbC
Putative protein-disulfide oxidoreductase RBE_1288
Putative protein-disulfide oxidoreductase RT0103
Iron uptake system component EfeO
Thiol:disulfide interchange protein DsbG
Putative protein-disulfide oxidoreductase RF_0032
Periplasmic deoxyribonuclease
Disulfide bond reductase DsbH
Putative protein-disulfide oxidoreductase RC0029
Putative protein-disulfide oxidoreductase RP025
Glucan endo-1,3-beta-glucosidase
Thiol:disulfide interchange protein DsbA
Thioredoxin-related protein DsbJ
Endonuclease-1
Ferrienterobactin-binding periplasmic protein
Formate dehydrogenase subunit alpha
Formate dehydrogenase major subunit
Flagella basal body P-ring formation protein FlgA
Formate dehydrogenase subunit beta
Fe(3+) dicitrate-binding periplasmic protein
Ferredoxin-2
Formate dehydrogenase 2 subunit alpha
Formate dehydrogenase-O major subunit
Peptidoglycan hydrolase FlgJ
Flagellar protein FlgA
Formate dehydrogenase 2 subunit beta
Distal basal body ring component protein
Cell division protein FtsP
Putative cell division protein FtsP
Iron(3+)-hydroxamate-binding protein FhuD
Gamma-glutamyltranspeptidase
Aldose 1-epimerase
Glutamate/aspartate periplasmic-binding protein
Glycerophosphoryl diester phosphodiesterase
Gluconolactonase
Endoglucanase B
Hydroxylamine oxidoreductase
Heparin-sulfate lyase
Endoglucanase A
High-potential iron-sulfur protein
Heparin lyase I
Hemolysin E, chromosomal
High-molecular-weight cytochrome c
Hemolysin E
Heparin and heparin-sulfate lyase
21 kDa hemolysin
Hydrogenase-2 operon protein HybA
Hemin-binding periplasmic protein HmuT
Outer membrane protein IcsA autotransporter
Inorganic pyrophosphatase
Iron oxidase
Iron-regulated 31 kDa protein
Inhibitor of vertebrate lysozyme
Lactose-binding protein
Leu/Ile/Val-binding protein
Leucine-specific-binding protein
Outer-membrane lipoprotein carrier protein
Lipopolysaccharide export system protein LptA
Autoinducer 2-binding protein LsrB
Linoleate 9/13-lipoxygenase
Leu/Ile/Val/Thr-binding protein
Arachidonate 15-lipoxygenase
Autoinducer 2-binding periplasmic protein LuxP
Limonin dehydrogenase
Maltose-binding periplasmic protein
Lupanine 17-hydroxylase
Mercuric transport protein periplasmic component
Maltose operon periplasmic protein
Methylamine utilization protein MauG
Hydrogenase-2 small chain
Probable phospholipid-binding protein MlaC
Protein MoxJ
Chemotaxis protein MotC
Sialidase
Periplasmic nitrate reductase 1
Probable 9-O-acetyl-N-acetylneuraminic acid deacetylase
Periplasmic nitrate reductase
Periplasmic nitrate reductase, electron transfer subunit
Periplasmic nitrate reductase 2
Nitrate reductase
Nitrite reductase
Copper-containing nitrite reductase
Nitrous-oxide reductase
Cytochrome c55X
Copper-binding periplasmic protein
Cytochrome c-type protein NrfB
Formate-dependent nitrite reductase complex subunit NrfF
Formate-dependent nitrite reductase complex bifunctional subunit NrfFG
Nodulation protein NolE
Nuclease NucM
Nuclease
Outer membrane protein B
Glucans biosynthesis protein D 1
Glucans biosynthesis protein G
Oligogalacturonate lyase
Glucans biosynthesis protein D
Outer membrane protein A
Glucans biosynthesis protein G 1
Oligogalacturonide lyase
Osmotically-inducible protein Y
Glucans biosynthesis protein G 2
Probable glucans biosynthesis protein D
Protein PapJ
Glucans biosynthesis protein D 2
Oxidized polyvinyl alcohol hydrolase
Putative peptidoglycan-binding-like protein
Probable copper-binding protein PcoE
Heterocyst inhibition-signaling peptide
PA-I galactophilic lectin
Perchlorate reductase subunit beta
Perchlorate reductase subunit gamma
Peptidoglycan-binding-like protein
Perchlorate reductase subunit alpha
N-acetylmuramoyl-L-alanine amidase Rv3717
Pertactin autotransporter
Periplasmic  hydrogenase large subunit
Periplasmic  hydrogenase small subunit
Periplasmic  hydrogenase small subunit 2
Phosphonates-binding periplasmic protein
Inhibitor of g-type lysozyme
Periplasmic pectate lyase
Periplasmic  hydrogenase small subunit 1
Alkaline phosphatase L
Phospholipase C accessory protein PlcR
Pectate disaccharide-lyase
Beta-porphyranase A
Beta-porphyranase D
Beta-porphyranase E
Beta-porphyranase B
Periplasmic AppA protein
Alkaline phosphatase H
Chaperone protein PrsD
Protein PrsJ
Protease 3
Quinohemoprotein amine dehydrogenase subunit gamma
Ribose import binding protein RbsB
Nickel/cobalt homeostasis protein RcnB
Protein RhiC
Sigma-E factor regulatory protein RseB
Rusticyanin
Multiple sugar-binding periplasmic protein SbpA
Chaperone protein Skp
Silver-binding protein SilE
Soluble lytic murein transglycosylase
Putative soluble lytic murein transglycosylase
Metal-binding protein SmbP
Putative peptidyl-prolyl cis-trans isomerase SurA
Adhesin/invasin TibA autotransporter
Acyl-CoA thioesterase I
Protein TraU
Protein TraW
Plasmid transfer protein TraF
Conjugal transfer protein TraF
Probable conjugal transfer protein TrbG
Protein TrbB
Protein TraF
Probable conjugal transfer protein TrbK
Probable conjugal transfer protein TraF
Protein TraH
Periplasmic protein TrbC
Thiosulfate dehydrogenase electron acceptor
Toluene tolerance protein ttg2D
sn-glycerol-3-phosphate-binding periplasmic protein UgpB
Vacuolating cytotoxin autotransporter
Protein UshA
Silent protein UshA(0)
D-xylose-binding periplasmic protein
UPF0194 membrane protein YPA_1093
UPF0312 protein Shewmr4_1178
UPF0312 protein Shewmr7_1249
UPF0194 membrane protein YPTS_1292
UPF0194 membrane protein YPTB1212
UPF0194 membrane protein Ent638_1286
UPF0312 protein Sbal223_1323
UPF0312 protein Ent638_1570
UPF0312 protein Sden_2128
UPF0312 protein YpAngola_A2224
UPF0312 protein plu2095
UPF0312 protein YPTS_2311
UPF0312 protein Shewana3_1179
UPF0194 membrane protein YpsIP31758_2812
UPF0312 protein Avin_03250
UPF0312 protein YE1254
UPF0312 protein Sputw3181_1309
UPF0312 protein PC1_2518
UPF0312 protein VCM66_A0498
UPF0312 protein YpsIP31758_1821
UPF0194 membrane protein YPK_2900
UPF0312 protein PSEEN5043
UPF0194 membrane protein RB0873
UPF0312 protein Spro_1887
UPF0312 protein YPK_1931
UPF0194 membrane protein CKO_02332
UPF0312 protein Sputcn32_2702
UPF0312 protein Sbal_3041
UPF0312 protein Shew185_3055
UPF0312 protein Pmen_0419
UPF0312 protein PLES_04211
UPF0312 protein PSPPH_0448
UPF0312 protein VVA0736
UPF0312 protein VC0395_0473/VC395_A0785
UPF0312 protein PP_4981
UPF0312 protein PSPA7_0523
UPF0312 protein ECA1782
UPF0312 protein YPO2315/YP_2102
UPF0194 membrane protein YPN_2816
UPF0312 protein Sbal195_3198
UPF0312 protein PputW619_0484
UPF0312 protein YPTB2234
UPF0312 protein PST_3941
UPF0312 protein PA0423
Probable ABC transporter periplasmic-binding protein y4mI
UPF0312 protein PFL_5802
UPF0194 membrane protein YbhG
Protein YceI
UPF0194 membrane protein YE2891
UPF0312 protein VC_A0539
UPF0312 protein VV2_0231
UPF0312 protein VPA0850
UPF0312 protein PSPTO_5071
UPF0312 protein YPDSF_0829
UPF0194 membrane protein YP_0975
UPF0312 protein SO_3370
UPF0312 protein Psyr_0457
UPF0312 protein PFLU_5725
Sulfoxide reductase catalytic subunit YedY
UPF0312 protein Pput_4854
UPF0312 protein PputGB1_5030
UPF0312 protein PA14_05510
UPF0312 protein VIBHAR_05924
Protein YhjJ
Protein YgiW
Periplasmic chelated iron-binding protein YfeA
