CTD nuclear envelope phosphatase 1 homolog
CTD nuclear envelope phosphatase 1A
CTD nuclear envelope phosphatase 1B
3',5'-cyclic adenosine monophosphate phosphodiesterase CpdA
Ca(2+)/calmodulin-dependent protein kinase phosphatase
Serine/threonine-protein phosphatase PP1-beta
Integrin-linked kinase-associated serine/threonine phosphatase 2C
Inorganic pyrophosphatase 2, mitochondrial
Probable protein phosphatase 2C 2
Probable protein phosphatase 2C 7
Probable protein phosphatase 2C 8
Probable protein phosphatase 2C 9
Probable protein phosphatase 2C 14
Protein phosphatase 2C 16
Probable protein phosphatase 2C 20
Probable protein phosphatase 2C 25
Probable protein phosphatase 2C 27
Probable protein phosphatase 2C 34
Protein phosphatase 2C 35
Probable protein phosphatase 2C 37
Probable protein phosphatase 2C 38
Putative protein phosphatase 2C-like protein 44
Probable protein phosphatase 2C 3
Protein phosphatase 2C 7
Probable protein phosphatase 2C 13
Putative protein phosphatase 2C 22
Probable protein phosphatase 2C 28
Probable protein phosphatase 2C 31
Probable protein phosphatase 2C 45
Probable protein phosphatase 2C 48
Probable protein phosphatase 2C 51
Probable protein phosphatase 2C 53
Probable protein phosphatase 2C 58
Putative protein phosphatase 2C 63
Probable protein phosphatase 2C 64
Probable protein phosphatase 2C 67
Probable protein phosphatase 2C 69
Probable protein phosphatase 2C 73
Putative protein phosphatase 2C 76
Probable protein phosphatase 2C 6
Probable protein phosphatase 2C 11
Probable protein phosphatase 2C 39
Probable protein phosphatase 2C 41
Probable protein phosphatase 2C 59
Probable protein phosphatase 2C 61
Probable protein phosphatase 2C 65
Probable protein phosphatase 2C 68
Probable protein phosphatase 2C 70
Probable protein phosphatase 2C 1
Probable protein phosphatase 2C 5
Probable protein phosphatase 2C 15
Probable protein phosphatase 2C 18
Probable protein phosphatase 2C 23
Probable protein phosphatase 2C 29
Probable protein phosphatase 2C 30
Probable protein phosphatase 2C 44
Probable protein phosphatase 2C 47
Probable protein phosphatase 2C 49
Probable protein phosphatase 2C 62
Probable protein phosphatase 2C 72
Probable protein phosphatase 2C 75
Serine/threonine-protein phosphatase 2A regulatory subunit B'' subunit beta
Probable protein phosphatase 2C 10
Probable protein phosphatase 2C 17
Probable protein phosphatase 2C 19
Probable protein phosphatase 2C 33
Probable protein phosphatase 2C 36
Probable protein phosphatase 2C 40
Probable protein phosphatase 2C 42
Putative protein phosphatase 2C-like protein 45
Probable protein phosphatase 2C 50
Probable protein phosphatase 2C 52
Probable protein phosphatase 2C 74
Probable protein phosphatase 2C 78
Probable protein phosphatase 2C 12
Probable protein phosphatase 2C 24
Probable protein phosphatase 2C 32
Probable protein phosphatase 2C 43
Probable protein phosphatase 2C 54
Probable protein phosphatase 2C 63
Probable protein phosphatase 2C 66
Putative protein phosphatase 2C 46
Putative protein phosphatase 2C 53
Probable protein phosphatase 2C 60
Probable protein phosphatase 2C 79
Probable protein phosphatase 2C 4
Probable protein phosphatase 2C 16
Probable protein phosphatase 2C 21
Probable protein phosphatase 2C 35
Probable protein phosphatase 2C 46
Putative protein phosphatase 2C 50
Probable protein phosphatase 2C 55
Probable protein phosphatase 2C 56
Probable protein phosphatase 2C 71
-phosphatase 1, mitochondrial
-phosphatase 2, mitochondrial
Protein phosphatase 2C 70
Probable protein phosphatase 2C 76
Probable protein phosphatase 2C 77
Protein phosphatase PhpP
PH domain leucine-rich repeat-containing protein phosphatase 2
Serine/threonine-protein phosphatase alpha-1 isoform
Serine/threonine-protein phosphatase PP1-2
Serine/threonine-protein phosphatase PP1 isozyme 9
Serine/threonine-protein phosphatase 2A catalytic subunit A
Protein phosphatase 2C homolog 2
Protein phosphatase 2C homolog C10F6.17c
Serine/threonine-protein phosphatase PP1 isozyme 2
Serine/threonine-protein phosphatase PP1 isozyme 3
Serine/threonine-protein phosphatase PP1-gamma catalytic subunit B
Protein phosphatase 2C
Protein phosphatase 1H
Protein phosphatase 1J
Serine/threonine-protein phosphatase PP1 isozyme 5
Protein phosphatase 2C homolog 4
Protein phosphatase 2C-like domain-containing protein 1
Serine/threonine-protein phosphatase with EF-hands 1
Serine/threonine-protein phosphatase PP1-gamma catalytic subunit
Protein phosphatase 1E
Protein phosphatase 1G
Serine/threonine-protein phosphatase PP1 isozyme 4
Serine/threonine-protein phosphatase PP2A-1 catalytic subunit
Protein phosphatase 1K, mitochondrial
Probable protein phosphatase 1N
Serine/threonine-protein phosphatase PP2A-like PPG1
Protein phosphatase 2C 1
Probable protein phosphatase 2C T23F11.1
Putative protein phosphatase 2C-type
Serine/threonine-protein phosphatase 4 catalytic subunit 1
Putative protein phosphatase
Protein phosphatase 1F
Serine/threonine-protein phosphatase PP-Z1
Serine/threonine-protein phosphatase PP1 isozyme 1
Serine/threonine-protein phosphatase PP1 isozyme 6
Serine/threonine-protein phosphatase PP1-gamma catalytic subunit A
Protein phosphatase 1B
Serine/threonine-protein phosphatase T
Serine/threonine-protein phosphatase PP-X isozyme 1
Serine/threonine-protein phosphatase PP1 isozyme 8
Serine/threonine-protein phosphatase 6 catalytic subunit
Protein phosphatase 1 regulatory subunit 3A
Probable protein phosphatase 2C F42G9.1
Protein phosphatase 2C homolog 3
Protein phosphatase 2C homolog 7, mitochondrial
Serine/threonine-protein phosphatase PP-X isozyme 2
Serine/threonine-protein phosphatase PP-Y
Serine/threonine-protein phosphatase PP-Z2
Protein phosphatase PTC7 homolog fig
PP2C-family Ser/Thr phosphatase
SIT4-associating protein SAP4
Serine/threonine-protein phosphatase SIT4
Serine/threonine phosphatase stp
Ubiquitin-like domain-containing CTD phosphatase 1
Probable protein phosphatase CG10417
Probable protein phosphatase DDB_G0282105
Putative serine/threonine-protein phosphatase C22H10.04
Probable protein phosphatase DDB_G0279461
