Coiled-coil domain-containing protein 43 homolog
Protein CFT1
Protein cft1
Mitochondrial mRNA-processing protein COX24
Pre-mRNA-splicing factor CWC22
Pre-mRNA-splicing factor CWC25
Pre-mRNA-splicing factor cwc25
Pre-mRNA-splicing factor cwc22
mRNA-decapping enzyme-like protein
Pre-mRNA polyadenylation factor FIP1
Pre-mRNA polyadenylation factor fip-1
Group II intron-encoded protein LtrA
Sm-like protein LSM1B
Sm-like protein LSM1A
Maturase-like protein 1
PsbD mRNA maturation factor Nac2, chloroplastic
Pentatricopeptide repeat-containing protein At2g45350, chloroplastic
Pentatricopeptide repeat-containing protein At1g08070, chloroplastic
Pentatricopeptide repeat-containing protein At2g02980, chloroplastic
Pentatricopeptide repeat-containing protein At3g63370, chloroplastic
Pentatricopeptide repeat-containing protein At3g57430, chloroplastic
Putative pentatricopeptide repeat-containing protein At5g59200, chloroplastic
Trans-splicing factor Raa3, chloroplastic
