Alpha-hemoglobin-stabilizing protein
Kappa-casein
COP9 signalosome complex subunit 6
COP9 signalosome complex subunit 5
Desmocollin-3
Glyceraldehyde-3-phosphate dehydrogenase
Gamma-interferon-inducible lysosomal thiol reductase
Gamma-interferon-inducible-lysosomal thiol reductase
Golgin subfamily A member 7
Histone H1.5
Small heat shock protein IbpA
Small heat shock protein IbpB
Intermediate cleaving peptidase 55
Intraflagellar transport protein 46 homolog
Lysosome-associated membrane glycoprotein 1
Lysosome-associated membrane glycoprotein 2
Methionine synthase reductase
Peroxisome assembly factor 2
Peroxisomal membrane protein import receptor PEX19
Mitochondrial intermediate peptidase
Peptidyl-prolyl cis-trans isomerase B
Photosystem II reaction center protein H
Synembryn
Partitioning protein REP2
Substrate-adhesion molecule
Chaperone SurA
Transforming growth factor beta regulator 1
Protein Wiz
Zinc finger BED domain-containing protein 3
