14-3-3-like protein GF14 epsilon
AAA-ATPase At1g43910
ACT domain-containing protein ACR8
Probable ADP-ribosylation factor GTPase-activating protein AGD9
AMP deaminase
Arginyl-tRNA--protein transferase 2
Arginyl-tRNA--protein transferase 1
Calcium-dependent protein kinase 5
Calcium-dependent protein kinase 6
Cold-regulated 413 inner membrane protein 1, chloroplastic
Cysteine-rich receptor-like protein kinase 36
Dual specificity protein phosphatase PHS1
Chaperone protein dnaJ 16
Em-like protein GEA1
Embryonic abundant protein 1
F-box protein FBW2
HVA22-like protein b
Probable isoprenylcysteine alpha-carbonyl methylesterase ICMEL2
Protein IQ-DOMAIN 32
LysM domain receptor-like kinase 3
Methionine aminopeptidase 1D, chloroplastic/mitochondrial
Protein MOTHER of FT and TF 1
Mitogen-activated protein kinase 11
Nuclear cap-binding protein subunit 1
Nicotinamidase 1
Probable protein phosphatase 2C 21
Probable protein phosphatase 2C 75
Patatin-like protein 3
Pentatricopeptide repeat-containing protein At1g51965, mitochondrial
Pentatricopeptide repeat-containing protein At4g11690
Pirin-1
Abscisic acid receptor PYL8
Probable peroxygenase 4
Rho-N domain-containing protein 1, chloroplastic
Replication factor C subunit 1
Galactinol--sucrose galactosyltransferase
SUMO-conjugating enzyme SCE1
Protein TOO MANY MOUTHS
Probable inactive receptor kinase At3g02880
