Ammonium/H(+) antiporter subunit AmhT
Cation/H(+) antiporter 11
Cation/H(+) antiporter 6B
Cation/H(+) antiporter 8
Cation/H(+) antiporter 7
Cation/H(+) antiporter 12
Cation/H(+) antiporter 26
Cation/H(+) antiporter 5
Probable Na(+)/H(+) antiporter GerT
Glutathione-regulated potassium-efflux system protein KefB
K(+) efflux antiporter 1, chloroplastic
K(+) efflux antiporter 4
Putative K(+) efflux antiporter KefB
Putative glutathione-regulated potassium-efflux system protein KefB
K(+) efflux antiporter 5
K(+) efflux antiporter 3, chloroplastic
K(+) efflux antiporter 6
Iron transporter MagA
Probable Na(+)/H(+) antiporter 2
Probable Na(+)/H(+) antiporter 3
Na(+)/H(+) antiporter 1
Na(+)/H(+) antiporter ApNhaP
Na(+)/H(+) antiporter NhaH
Na(+)/H(+) antiporter NhaS4
Sodium/hydrogen exchanger 8
Na(+)/H(+) antiporter NhaG
Sodium, potassium, lithium and rubidium/H(+) antiporter
Low-affinity Na(+)/H(+) antiporter NhaS1
Sodium/hydrogen exchanger 7
Na(+)/H(+) antiporter NhaP
Na(+)/H(+) antiporter NhaS2
Na(+)/H(+) antiporter NhaS5
Sodium/hydrogen exchanger 11
Mitochondrial sodium/hydrogen exchanger 9B2
Putative SLC9B1-like protein SLC9B1P1
Sodium/hydrogen exchanger 9B1
Transmembrane and coiled-coil domain-containing protein 3
Inner membrane protein YbaL
Putative Na(+)/H(+) antiporter YjbQ
K(+)/H(+) antiporter YhaU
