Aladin
Early 4 ORF6/7 control protein
Late expression factor 2
Late expression factor 9
Nucleoprotein
Nuclear pore complex protein Nup107
Non-structural protein 1
Nucleoporin NUP188 homolog
Nuclear pore complex protein Nup214
Nuclear pore complex protein Nup205
Nucleoporin Nup43
Nuclear pore glycoprotein p62
Nucleoporin p54
Nucleoporin p58/p45
Nucleoporin Nup37
Nucleoporin-like protein 2
Nuclear pore complex protein Nup133
Nuclear pore complex protein Nup155
Nuclear pore complex protein Nup160
Nucleoporin NUP53
Nuclear pore complex protein Nup50
Nuclear pore complex protein Nup85
Nuclear pore complex protein Nup88
Nuclear pore complex protein Nup98-Nup96
Nuclear envelope pore membrane protein POM 121
Protein PB1-F2
Packaging protein 1
Nuclear pore membrane glycoprotein 210
mRNA export factor
RNA-directed RNA polymerase catalytic subunit
60S ribosomal protein L10
60S ribosomal protein L11
60S ribosomal protein L12
60S ribosomal protein L13a
60S ribosomal protein L15
60S ribosomal protein L18a
60S ribosomal protein L19
60S ribosomal protein L10a
60S ribosomal protein L23a
60S ribosomal protein L13
60S ribosomal protein L21
60S ribosomal protein L26
60S ribosomal protein L14
60S ribosomal protein L27
60S ribosomal protein L31
60S ribosomal protein L32
60S ribosomal protein L24
60S ribosomal protein L30
60S ribosomal protein L36
60S ribosomal protein L38
60S ribosomal protein L17
60S ribosomal protein L18
60S ribosomal protein L22
60S ribosomal protein L26-like 1
60S ribosomal protein L36a
60S ribosomal protein L39
60S ribosomal protein L23
60S ribosomal protein L29
60S ribosomal protein L34
60S ribosomal protein L35
60S ribosomal protein L3-like
60S ribosomal protein L41
60S ribosomal protein L8
60S ribosomal protein L27a
60S ribosomal protein L28
60S ribosomal protein L35a
60S ribosomal protein L37a
60S ribosomal protein L5
60S ribosomal protein L7
60S acidic ribosomal protein P1
60S ribosomal protein L37
60S ribosomal protein L6
60S ribosomal protein L7a
60S ribosomal protein L3
60S ribosomal protein L9
60S acidic ribosomal protein P0
60S ribosomal protein L4
60S acidic ribosomal protein P2
40S ribosomal protein S13
40S ribosomal protein S11
40S ribosomal protein S10
40S ribosomal protein S25
40S ribosomal protein S12
40S ribosomal protein S16
40S ribosomal protein S24
40S ribosomal protein S15a
40S ribosomal protein S17
40S ribosomal protein S23
40S ribosomal protein S30
40S ribosomal protein S4, Y isoform 1
40S ribosomal protein S5
40S ribosomal protein S15
40S ribosomal protein S3a
40S ribosomal protein S4, X isoform
40S ribosomal protein S19
40S ribosomal protein S21
40S ribosomal protein S6
40S ribosomal protein S14
40S ribosomal protein S18
40S ribosomal protein S20
40S ribosomal protein S28
40S ribosomal protein S8
40S ribosomal protein S9
40S ribosomal protein S26
40S ribosomal protein S7
Nucleoporin SEH1
Nucleoprotein TPR
TBP-like protein BcRF1
