Fructose-bisphosphate aldolase C-A
Fructose-bisphosphate aldolase, cytoplasmic isozyme 1
Fructose-bisphosphate aldolase class 1
Putative fructose-bisphosphate aldolase, chloroplastic
Fructose-bisphosphate aldolase A
Fructose-bisphosphate aldolase 2
Probable fructose-bisphosphate aldolase class 1
Fructose-bisphosphate aldolase, cytoplasmic isozyme
Fructose-bisphosphate aldolase C
Fructose-bisphosphate aldolase 2, chloroplastic
Fructose-bisphosphate aldolase, muscle type
Fructose-bisphosphate aldolase, cytoplasmic isozyme 2
Fructose-bisphosphate aldolase 1, chloroplastic
Fructose-bisphosphate aldolase, non-muscle type
Fructose-bisphosphate aldolase, chloroplastic
Fructose-bisphosphate aldolase cytoplasmic isozyme
Fructose-bisphosphate aldolase C-B
Dihydrolipoyl dehydrogenase
Dihydrolipoyl dehydrogenase 3
Dihydrolipoyl dehydrogenase 2
6-phosphofructo-2-kinase/fructose-2,6-bisphosphatase 2
Glyceraldehyde-3-phosphate dehydrogenase 1
Glyceraldehyde-3-phosphate dehydrogenase 2
Glyceraldehyde-3-phosphate dehydrogenase C
Glyceraldehyde-3-phosphate dehydrogenase 2, cytosolic
Glyceraldehyde-3-phosphate dehydrogenase, cytosolic
Glyceraldehyde-3-phosphate dehydrogenase, testis-specific
Glucose-6-phosphate isomerase, cytosolic 2A
Glucose-6-phosphate isomerase 2
Glucose-6-phosphate isomerase, cytosolic 1
Glucose-6-phosphate isomerase
Probable glucose-6-phosphate isomerase
Glyceraldehyde-3-phosphate dehydrogenase A
Glyceraldehyde-3-phosphate dehydrogenase 3.1
Glyceraldehyde-3-phosphate dehydrogenase 1, cytosolic
Glucose-6-phosphate isomerase 1
Glucose-6-phosphate isomerase, cytosolic 1A
Glucose-6-phosphate isomerase 3
Glyceraldehyde-3-phosphate dehydrogenase 3, cytosolic
Glucose-6-phosphate isomerase, cytosolic
Putative glyceraldehyde-3-phosphate dehydrogenase C
Glyceraldehyde-3-phosphate dehydrogenase 3
Glucose-6-phosphate isomerase, cytosolic 2
Glucose-6-phosphate isomerase, cytosolic 2B
Glyceraldehyde-3-phosphate dehydrogenase 4
Glucose-6-phosphate isomerase 4
Glucose-6-phosphate isomerase A
Glucose-6-phosphate isomerase B
Glucokinase
Glucokinase 1
Probable glucokinase 2
2,3-bisphosphoglycerate-dependent phosphoglycerate mutase 1
2,3-bisphosphoglycerate-dependent phosphoglycerate mutase 2
Glucokinase-1
L-lactate dehydrogenase 1
L-lactate dehydrogenase 2
L-lactate dehydrogenase 3
L-lactate dehydrogenase P
L-lactate dehydrogenase X
Lipoamide acyltransferase component of branched-chain alpha-keto acid dehydrogenase complex
Dihydrolipoyllysine-residue acetyltransferase component of pyruvate dehydrogenase complex
ATP-dependent 6-phosphofructokinase subunit gamma
Glucokinase-like protein XF_1460
Glucokinase-like protein CC_3167
Glucokinase-like protein PD_0680
