Chromosome segregation in meiosis protein 3
Histone H2A.2
Histone H2B.1
Histone H2B.2
Minichromosome maintenance protein 5
DNA replication licensing factor MCM3
DNA replication licensing factor MCM2
DNA replication complex GINS protein PSF1
DNA replication complex GINS protein PSF2
Probable DNA replication complex GINS protein PSF2
DNA replication complex GINS protein PSF3
DNA replication complex GINS protein psf1
DNA replication complex GINS protein psf2
DNA replication complex GINS protein psf3
DNA replication complex GINS protein SLD5
DNA replication complex GINS protein sld5
Swi1-interacting protein swi3
Mating-type switching protein swi1
Topoisomerase 1-associated factor 1
Protein TIPIN homolog
