Serine/threonine-protein phosphatase PP2A 65 kDa regulatory subunit
AUGMIN subunit 8
Kinesin-2
AUGMIN subunit 6
Kinesin-3
AUGMIN subunit 1
AUGMIN subunit 2
Baculoviral IAP repeat-containing protein 5.1-A
Baculoviral IAP repeat-containing protein 5.1-B
Borealin
AUGMIN subunit 3
Borealin-2
Centrosomal protein of 192 kDa
Histone H3-like centromeric protein cid
Protein ENDOSPERM DEFECTIVE 1
HAUS augmin-like complex subunit 2
HAUS augmin-like complex subunit 3
HAUS augmin-like complex subunit 5
HAUS augmin-like complex subunit 6
HAUS augmin-like complex subunit 4
Inner centromere protein B
Inner centromere protein A
Kinesin-like protein 8
Kinesin-like protein KIFC1
Kinesin-like protein 2
QWRF motif-containing protein 4
QWRF motif-containing protein 2
QWRF motif-containing protein 9
Regulator of chromosome condensation
SAC3 domain-containing protein 1
Protein SNOWY COTYLEDON 3
Protein Skeletor, isoforms B/C
StAR-related lipid transfer protein 9
SCL-interrupting locus protein homolog
Wee1-like protein kinase
Probable serine/threonine-protein kinase zyg-1
