5-formyltetrahydrofolate cyclo-ligase
C-1-tetrahydrofolate synthase, cytoplasmic
C-1-tetrahydrofolate synthase, mitochondrial
Monofunctional C1-tetrahydrofolate synthase, mitochondrial
Bifunctional protein FolD 1
Bifunctional protein FolD 3
Bifunctional protein FolD 2
Bifunctional protein FolD 4, chloroplastic
Bifunctional protein FolD 3, chloroplastic
Formimidoyltransferase-cyclodeaminase
Formate--tetrahydrofolate ligase 1
Formate--tetrahydrofolate ligase 2
Bifunctional protein FolD 1, mitochondrial
Bifunctional protein FolD 1/3
Formate--tetrahydrofolate ligase 3
Probable 5-formyltetrahydrofolate cyclo-ligase
Bifunctional protein FolD
Glutamate formimidoyltransferase
Serine hydroxymethyltransferase 1
Serine hydroxymethyltransferase 2
Serine hydroxymethyltransferase 3
Serine hydroxymethyltransferase, cytosolic
Serine hydroxymethyltransferase, mitochondrial
Serine hydroxymethyltransferase 4
Serine hydroxymethyltransferase 5
Serine hydroxymethyltransferase 2, mitochondrial
Serine hydroxymethyltransferase 3, chloroplastic
Serine hydroxymethyltransferase 7
Serine hydroxymethyltransferase 1, mitochondrial
Probable serine hydroxymethyltransferase, cytosolic
Serine hydroxymethyltransferase 6
Putative serine hydroxymethyltransferase, mitochondrial
Dimethylglycine dehydrogenase, mitochondrial
5,10-methylenetetrahydrofolate reductase
Methylenetetrahydrofolate reductase 1
Methylenetetrahydrofolate reductase 2
Probable bifunctional methylenetetrahydrofolate dehydrogenase/cyclohydrolase 2
Methylenetetrahydrofolate dehydrogenase
Probable methylenetetrahydrofolate reductase
Sarcosine dehydrogenase, mitochondrial
Bifunctional homocysteine S-methyltransferase/5,10-methylenetetrahydrofolate reductase
