Probable arabinan endo-1,5-alpha-L-arabinosidase A
Probable arabinan endo-1,5-alpha-L-arabinosidase B
Probable arabinan endo-1,5-alpha-L-arabinosidase C
Probable alpha-L-arabinofuranosidase B
Arabinan endo-1,5-alpha-L-arabinosidase C
Probable arabinan endo-1,5-alpha-L-arabinosidase D
Alpha-L-arabinofuranosidase B
Arabinan endo-1,5-alpha-L-arabinosidase A
Arabinan endo-1,5-alpha-L-arabinosidase B
Probable alpha-glucuronidase A
Alpha-glucuronidase
Alpha-glucuronidase A
Alpha-L-arabinofuranosidase 1
Acetylxylan esterase A
Acetylxylan esterase 2
Probable alpha-L-arabinofuranosidase axhA
Acetylxylan esterase
Acetyl esterase Axe7A
Alpha-L-arabinofuranosidase axhA-2
Probable acetylxylan esterase A
Alpha-L-arabinofuranosidase axhA
Periplasmic beta-glucosidase/beta-xylosidase
Beta-D-xylosidase 3
Carbohydrate acetyl esterase/feruloyl esterase
Probable alpha-L-arabinofuranosidase axhA-1
Probable beta-D-xylosidase 6
Beta-D-xylosidase 1
Probable exo-1,4-beta-xylosidase bxlB
Probable beta-D-xylosidase 2
Beta-D-xylosidase 4
Probable beta-D-xylosidase 7
Acetylxylan esterase / glucomannan deacetylase
Thermostable celloxylanase
Cellulase/esterase CelE
Extracellular exo-alpha-L-arabinofuranosidase
Probable feruloyl esterase B-1
Probable feruloyl esterase B-2
Feruloyl esterase B
Probable feruloyl esterase C
Probable feruloyl esterase A
Feruloyl esterase A
Feruloyl esterase C
Feruloyl esterase D
Probable feruloyl esterase ARB_07085
Exoglucanase/xylanase
Endoglucanase A
Endoglucanase E
Peptidoglycan deacetylase
Reducing end xylose-releasing exo-oligoxylanase
Endo-1,4-beta-xylanase
Beta-xylosidase/alpha-L-arabinofuranosidase 1
Arabinofuranosidase/B-xylosidase
Xylan 1,4-beta-xylosidase
Beta-xylosidase
Xylosidase/arabinosidase
Bifunctional acetylxylan esterase/xylanase XynS20E
Endo-1,4-beta-xylanase 11A
Endo-1,4-beta-xylanase 2
Endo-1,4-beta-xylanase 3
Endo-1,4-beta-xylanase 4
Endo-1,4-beta-xylanase 5
Endo-1,4-beta-xylanase xynf11a
Endo-1,4-beta-xylanase A
Probable endo-1,4-beta-xylanase B
Endo-1,4-beta-xylanase B
Probable endo-1,4-beta-xylanase C
Endo-1,4-beta-xylanase C
Probable exo-1,4-beta-xylosidase xlnD
Endo-1,4-beta-xylanase D
Endo-1,4-beta-xylanase F1
Endo-1,4-beta-xylanase G
Endo-1,4-beta-xylanase 1
Probable endo-1,4-beta-xylanase 5
Endo-1,4-beta-xylanase 6
Probable endo-1,4-beta-xylanase A
Endo-1,4-beta-xylanase Xyn10A
Bifunctional endo-1,4-beta-xylanase A
Bifunctional xylanase/deacetylase
Endo-1,4-beta-xylanase Xyn11B
Beta-xylosidase/alpha-L-arabinofuranosidase 2
Glucuronoxylanase XynC
Acetyl esterase
Exo-1,4-beta-xylosidase xlnD
Arabinoxylan arabinofuranohydrolase
Endo-1,4-beta-xylanase S20
Endo-1,4-beta-xylanase UM03411
Endo-1,4-beta-xylanase I
Putative endo-1,4-beta-xylanase
Endo-1,4-beta-xylanase F3
Endo-beta-1,4-xylanase Xyn10C
Bifunctional xylanase/xylan deacetylase
Endo-1,4-beta-xylanase/feruloyl esterase
Bifunctional endo-1,4-beta-xylanase XylA
Xylanase/beta-glucanase
Probable endo-1,4-beta-xylanase F1
Probable endo-1,4-beta-xylanase F3
Endo-1,4-beta-xylanase Y
Beta-1,4-xylanase
Putative beta-xylosidase
