Ankyrin and armadillo repeat-containing protein
Protein arginine N-methyltransferase 2
ADP-ribosylation factor-like protein 2-binding protein
G1/S-specific cyclin-E1
Cbp/p300-interacting transactivator 4
Cbp/p300-interacting transactivator 3
Peripheral plasma membrane protein CASK
Probable ATP-dependent RNA helicase DDX5
Glutathione-independent glyoxalase DJR-1.2
Netrin receptor DCC
Protein DJ-1 homolog B
Protein DJ-1 homolog C
Glutathione-independent glyoxalase DJR-1.1
Epstein-Barr nuclear antigen leader protein
Dual specificity tyrosine-phosphorylation-regulated kinase 1B
Glutamate receptor-interacting protein 1
Host cell factor 1
Beta-catenin-like protein hmp-2
Sugar utilization regulatory protein IMP2
Junction-mediating and -regulatory protein
Protein LYRIC
Melanoma-associated antigen D1
C-Myc-binding protein homolog
P2X purinoceptor 2
Protein deglycase DJ-1zDJ-1
Core-binding factor subunit beta
Protein deglycase DJ-1
Junction plakoglobin
Pre-mRNA-processing factor 6
Paired mesoderm homeobox protein 1
26S proteasome non-ATPase regulatory subunit 9
Ras-related protein Rap-2c
Receptor-interacting serine/threonine-protein kinase 3
SCAN domain-containing protein 1
SWI/SNF-related matrix-associated actin-dependent regulator of chromatin subfamily D member 1
RNA polymerase II transcriptional coactivator SUB1
Tudor domain-containing protein 3
TAF6-like RNA polymerase II p300/CBP-associated factor-associated factor 65 kDa subunit 6L
Protein Wnt-3a
Vegetative-specific protein H7
Probable protein deglycase
Very putative protein from MEG3 locus
