Phospho-2-dehydro-3-deoxyheptonate aldolase AroG
Atlastin-1
Atlastin-2
Atlastin-3
Complement C1q tumor necrosis factor-related protein 7
Bacterial proteasome activator
Complement C1q tumor necrosis factor-related protein 2
Gap junction alpha-8 protein
Dynamin-related protein DNM1
EH domain-containing protein 1
Hsc70-interacting protein
16.9 kDa class I heat shock protein 2
BTB/POZ domain-containing protein KCTD15
BTB/POZ domain-containing protein KCTD18
BTB/POZ domain-containing protein KCTD19
BTB/POZ domain-containing protein KCTD5
Inositol 1,4,5-trisphosphate receptor type 3
Isovaleryl-CoA dehydrogenase, mitochondrial
BTB/POZ domain-containing protein KCTD17
BTB/POZ domain-containing protein KCTD21
Potassium channel regulatory protein
BTB/POZ domain-containing protein KCTD3
Putative potassium channel regulatory protein
BTB/POZ domain-containing protein KCTD6
BTB/POZ domain-containing protein KCTD7
BTB/POZ domain-containing protein kctd15
BTB/POZ domain-containing protein KCTD12
BTB/POZ domain-containing protein KCTD4
BTB/POZ domain-containing protein KCTD9
BTB/POZ domain-containing protein KCTD14
BTB/POZ domain-containing protein KCTD2
Lysine-specific permease
Lysine 6-dehydrogenase
NADP-dependent malic enzyme 1
NADP-dependent malic enzyme 3
Mucin-20
Nitrilase blr3397
Nitrilase bll6402
1-hydroxy-2-naphthoate 1,2-dioxygenasee
Major prion protein
Major prion protein 1
Prion-like protein doppel
Major prion protein 2
Signal peptide, CUB and EGF-like domain-containing protein 3
Signal peptide, CUB and EGF-like domain-containing protein 1
SH3KBP1-binding protein 1
Spastin
Probable spastin homolog Bm1_53365
Probable spastin homolog spas-1
Transmembrane protein 120A
D(-)-tartrate dehydratase
Thioredoxin-1
Prosalusin
Torsin-1B
Torsin-2A
Putative BTB/POZ domain-containing protein L275
Putative BTB/POZ domain-containing protein L520
Putative BTB/POZ domain-containing protein L742
Putative BTB/POZ domain-containing protein R541
