Mycophenolic acid acyl-glucuronide esterase, mitochondrial
Arylacetamide deacetylase
Alpha/beta hydrolase domain-containing protein 14B
Aminoacylase-1
Antifungal protein 1 large subunit
Antifungal protein 2 large subunit
N-acyl-aromatic-L-amino acid amidohydrolase
Antifungal protein 4
Acyl-coenzyme A synthetase ACSM2B, mitochondrial
Acetyl-coenzyme A synthetase, cytoplasmic
AH receptor-interacting protein
Retinal dehydrogenase 1
Acetyl-coenzyme A synthetase 2-like, mitochondrial
Antifungal protein 1 small subunit
Antifungal protein 5
Aryl hydrocarbon receptor
Aldo-keto reductase family 1 member C1
Adrenodoxin, mitochondrial
Antifungal protein 2 small subunit
Aryl hydrocarbon receptor repressor
Acyl-coenzyme A synthetase ACSM1, mitochondrial
NADPH:adrenodoxin oxidoreductase, mitochondrial
Alcohol dehydrogenase
Aldehyde dehydrogenase X, mitochondrial
Aldehyde dehydrogenase, mitochondrial
Adrenodoxin-like protein, mitochondrial
Aldehyde dehydrogenase, dimeric NADP-preferring
Amine oxidase  A
Amine oxidase  B
Antifungal protein 3
Aldo-keto reductase family 1 member C13
Aflatoxin B1 aldehyde reductase member 3
Aflatoxin B1 aldehyde reductase member 4
Aldehyde oxidase 1
Retina-specific copper amine oxidase
Membrane primary amine oxidase
Aflatoxin B1 aldehyde reductase member 2
Arylamine N-acetyltransferase 1
Arylamine N-acetyltransferase 2
Arsenite methyltransferase
Probable cytochrome P450 508A3
Probable cytochrome P450 515B1
Probable cytochrome P450 518B1
Probable cytochrome P450 519D1
Probable cytochrome P450 CYP36A1
Probable cytochrome P450 508A4
Probable cytochrome P450 515A1
Probable cytochrome P450 555A1
Cytochrome P450 11B2, mitochondrial
Probable cytochrome P450 508A1
Probable cytochrome P450 508D1
Probable cytochrome P450 516B1
3'(2'),5'-bisphosphate nucleotidase 1
Probable cytochrome P450 519B1
Alpha-benincasin
Alpha-basrubrin
Cytochrome P450 11B1, mitochondrial
Beta-basrubin
Probable cytochrome P450 519E1
Probable cytochrome P450 508B1
Probable cytochrome P450 516A1
Probable cytochrome P450 518A1
Probable cytochrome P450 522A1
Probable cytochrome P450 508A2
Chromate reductase
Cytosolic non-specific dipeptidase
Cholesterol side-chain cleavage enzyme, mitochondrial
Cytochrome P450 18a1
Cytochrome P450 1A1
Cytochrome P450 2C11
Cytochrome P450 2C19
Cytochrome P450 2D10
Cytochrome P450 2D26
Cytochrome P450 2E1
Docosahexaenoic acid omega-hydroxylase CYP4F3
Cholesterol 7-alpha-monooxygenase
Aromatase
Cytochrome P450 1A2
Cytochrome P450 1B1
Cytochrome P450 2C38
Cytochrome P450 2C54
25-hydroxyvitamin D-1 alpha hydroxylase, mitochondrial
Cytochrome P450 2A12
Cytochrome P450 2B1
Cytochrome P450 2B12
Cytochrome P450 2C6
Cytochrome P450 2C9
Cytochrome P450 2D11
Cytochrome P450 2G1
24-hydroxycholesterol 7-alpha-hydroxylase
Cytochrome P450 3A5
Cholesterol 24-hydroxylase
Cytochrome P450 2C40
1,25-dihydroxyvitamin D(3) 24-hydroxylase, mitochondrial
Cytochrome P450 2C70
Sterol 26-hydroxylase, mitochondrial
Cytochrome P450 2A6
Cytochrome P450 2B3
Cytochrome P450 2D4
Cytochrome P450 2D6
Cytochrome P450 2J3
Cytochrome P450 2U1
Cytochrome P450 4B1
Cytochrome P450 4F12
7-alpha-hydroxycholest-4-en-3-one 12-alpha-hydroxylase
Catechol O-methyltransferase
Steroid 17-alpha-hydroxylase/17,20 lyase
Cytochrome P450 2C39
Cytochrome P450 2A2
Cytochrome P450 2B19
Cytochrome P450 2C7
Cytochrome P450 2C8
Cytochrome P450 2C13, male-specific
Cytochrome P450 2D3
Cytochrome P450 2S1
Cytochrome P450-DIT2
Cytochrome P450 BJ-3
Cytochrome P450 2C29
Cytochrome P450 2D9
Cytochrome P450 2W1
Cytochrome P450 3A7
Phylloquinone omega-hydroxylase CYP4F2
Cytochrome P450 4F22
25-hydroxycholesterol 7-alpha-hydroxylase
Cytochrome P450 2A3
Cytochrome P450 2B10
Cytochrome P450 2C18
Cytochrome P450 2F1
Cytochrome P450 2J2
Vitamin D 25-hydroxylase
Cytochrome P450 3A4
Lanosterol 14-alpha demethylase
Steroid 21-hydroxylase
Cytochrome P450 2C55
Cytochrome P450 26C1
Cytochrome P450 2A1
Cytochrome P450 2A7
Cytochrome P450 2B2
Cytochrome P450 2B9
Cytochrome P450 2C12, female-specific
Cytochrome P450 2C23
Cytochrome P450 2D1
Putative cytochrome P450 2D7
Cytochrome P450 2D18
Cytochrome P450 2J5
Cytochrome P450 4A11
Phylloquinone omega-hydroxylase CYP4F11
Cytochrome P450 2C50
Cytochrome P450 2C37
Cytochrome P450 26A1
Cytochrome P450 26B1
Cytochrome P450 2A13
Cytochrome P450 2B6
Cytochrome P450 2F2
Cytochrome P450 2J6
Cytochrome P450 306a1
Cytochrome P450 3A43
Cytochrome P450 4F8
Cytochrome p450 CYP199A2
Cytochrome P450 daf-9
Gamma-glutamyltransferase
Multidrug transporter EmrE
S-formylglutathione hydrolase
Liver carboxylesterase 1
Cocaine esterase
Dimethylaniline monooxygenase  1
Dimethylaniline monooxygenase  2
Dimethylaniline monooxygenase  3
Gamma-glutamyltranspeptidase 3
Inactive gamma-glutamyltranspeptidase 2
Gamma-glutamylcyclotransferase
Glycine N-acyltransferase
Glutathione S-transferase kappa 1
Glutathione synthetase
Glutathione S-transferase Mu 3
Glutathione S-transferase Mu 5
Glutathione S-transferase A4
Glutathione S-transferase Mu 1
Glutathione S-transferase Mu 2
Glutathione S-transferase omega-2
Glutathione S-transferase P
Glutathione S-transferase P 1
Glutamate--cysteine ligase catalytic subunit
Glutathione S-transferase A2
Glutathione S-transferase A3
Glutathione S-transferase alpha-4
Glutathione S-transferase A1
Glutathione S-transferase Mu 4
Glutathione S-transferase omega-1
Glutamate--cysteine ligase regulatory subunit
Glutathione S-transferase theta-1
Glutathione S-transferase theta-2B
Epoxide hydrolase 1
Hematopoietic prostaglandin D synthase
Bifunctional epoxide hydrolase 2
Maleylacetoacetate isomerase
Methionine adenosyltransferase 2 subunit beta
S-adenosylmethionine synthase isoform type-1
Microsomal glutathione S-transferase 3
Microsomal glutathione S-transferase 2
Microsomal glutathione S-transferase 1
S-adenosylmethionine synthase isoform type-2
tRNA modification GTPase MnmE
Methionine synthase reductase
Neutral cholesterol ester hydrolase 1
N-ethylmaleimide reductase
Nicotinamide N-methyltransferase
NAD(P)H dehydrogenase  1
5-oxoprolinase
Bifunctional 3'-phosphoadenosine 5'-phosphosulfate synthase 1
Peroxisomal N(1)-acetyl-spermine/spermidine oxidase
Bifunctional 3'-phosphoadenosine 5'-phosphosulfate synthase 2
Prostaglandin G/H synthase 1
Pseudin-1
Prostacyclin synthase
Pseudin-4
Pseudin-2
Pseudin-3
Sulfate transporter
UDP-glucuronic acid/UDP-N-acetylgalactosamine transporter
Adenosine 3'-phospho 5'-phosphosulfate transporter 1
Adenosylhomocysteinase
Sulfate anion transporter 1
Solute carrier organic anion transporter family member 1A6
Spermine oxidase
Sulfotransferase family cytosolic 1B member 1
Cytosolic sulfotransferase 1
Sulfotransferase family cytosolic 2B member 1
Sulfotransferase 1A1
Cytosolic sulfotransferase 3
Sulfotransferase 4A1
Sulfotransferase 1A3
Sulfotransferase 1C2
Sulfotransferase 1C4
Cytosolic sulfotransferase 2
Bile salt sulfotransferase
Sulfotransferase 1A2
Estrogen sulfotransferase
Stomoxyn
Thromboxane-A synthase
Thiopurine S-methyltransferase
UDP-glycosyltransferase 72B1
UDP-glucuronosyltransferase 2B15
UDP-glucose 6-dehydrogenase
UDP-glucuronosyltransferase 2B4
UTP--glucose-1-phosphate uridylyltransferase
UDP-glucuronosyltransferase 1-1
UDP-glucuronosyltransferase 1-6
UDP-glucuronosyltransferase 1-9
UDP-glucuronosyltransferase 2B11
UDP-glucuronosyltransferase 1-4
UDP-glucuronosyltransferase 2B28
