Dipeptidyl peptidase 1
Pro-cathepsin H
Complement factor D
Caspase Dronc
Serine protease easter
Epidermal growth factor-binding protein type B
Coagulation factor IX
Coagulation factor XII
Gamma-glutamyltranspeptidase 1
Kallikrein 1-related peptidase b3
Kallikrein 1-related peptidase b8
Kallikrein 1-related peptidase-like b4
Kallikrein 1-related peptidase b22
Kallikrein 1-related peptidase b26
Kallikrein 1-related peptidase b5
Kallikrein 1-related peptidase b16
Kallikrein 1-related peptidase b27
Kallikrein 1-related peptidase b11
Kallikrein 1-related peptidase b21
Kallikrein 1-related peptidase b24
Kallikrein 1-related peptidase b1
Kallikrein 1-related peptidase b9
Glandular kallikrein-3, submandibular
Kallikrein-1
Tonin
Prostate-specific antigen
Submandibular glandular kallikrein-9
Kallikrein-1E2
Kallikrein-2
Glandular kallikrein-7, submandibular/renal
Prostatic glandular kallikrein-6
Plasma kallikrein
Glandular kallikrein-12, submandibular/renal
Matrix metalloproteinase-14
Neurotrypsin
PanD maturation factor
Trypsin-3
