Atypical chemokine receptor 1
Atrial natriuretic peptide receptor 2
Anthrax toxin receptor 1
Basal cell adhesion molecule
T-cell surface glycoprotein CD3 delta chain
T-cell surface glycoprotein CD3 epsilon chain
T-cell surface glycoprotein CD3 gamma chain
T-cell surface glycoprotein CD3 zeta chain
B-cell antigen receptor complex-associated protein alpha chain
CD97 antigen
T-cell surface glycoprotein CD3 eta chain
Early activation antigen CD69
B-cell antigen receptor complex-associated protein beta chain
T-cell surface glycoprotein CD5
B-cell differentiation antigen CD72
C-type lectin domain family 2 member D
C-type lectin domain family 2 member I
CMRF35-like molecule 6
C-type lectin domain family 1 member A
C-type lectin domain family 1 member B
C-type lectin domain family 2 member H
C-type lectin domain family 4 member A
Claudin-3
Claudin-4
Netrin receptor DCC
Cytokine receptor
Delta and Notch-like epidermal growth factor-related receptor
3-beta-hydroxysteroid-Delta(8),Delta(7)-isomerase
Protein EVI2A
High affinity immunoglobulin epsilon receptor subunit gamma
High affinity immunoglobulin alpha and immunoglobulin mu Fc receptor
Low affinity immunoglobulin gamma Fc region receptor II-c
Frizzled/smoothened-like sans CRD protein A
Frizzled and smoothened-like protein B
Frizzled and smoothened-like protein H
Frizzled and smoothened-like protein L
Frizzled-4
Frizzled and smoothened-like protein J
Frizzled/smoothened-like sans CRD protein D
Frizzled-3
Frizzled-2
Frizzled and smoothened-like protein C
Glucagon-like peptide 1 receptor
Platelet glycoprotein Ib beta chain
Gastric inhibitory polypeptide receptor
Platelet glycoprotein VI
G-protein coupled receptor 182
Probable G-protein coupled receptor 88
Interleukin-27 receptor subunit alpha
Interleukin-11 receptor subunit alpha
Interleukin-1 receptor type 1
Ig mu chain C region
Integrator complex subunit 6
Immunoglobulin superfamily member 6
Interleukin-21 receptor
Integrin alpha ina-1
Killer cell immunoglobulin-like receptor 2DS2
Natural killer cells antigen CD94
Killer cell immunoglobulin-like receptor 2DS1
Killer cell lectin-like receptor subfamily B member 1
Lymphocyte activation gene 3 protein
Killer cell lectin-like receptor subfamily F member 1
Killer cell immunoglobulin-like receptor 2DL4
Leptin receptor
Leucine-rich repeat-containing G-protein coupled receptor 4
Leucine-rich repeat-containing G-protein coupled receptor 5A
Leukocyte immunoglobulin-like receptor subfamily B member 3
Leucine-rich repeat-containing G-protein coupled receptor 5
Leukocyte immunoglobulin-like receptor subfamily A member 1
Leukocyte immunoglobulin-like receptor subfamily B member 5
High-energy light unresponsive protein 1
Latrophilin-like protein 1
E-selectin
Methyl-accepting chemotaxis protein III
Methyl-accepting chemotaxis citrate transducer
Methyl-accepting chemotaxis aspartate transducer
Methyl-accepting chemotaxis protein I
Methyl-accepting chemotaxis protein McpA
Methyl-accepting chemotaxis protein McpB
Methyl-accepting chemotaxis protein IV
Methyl-accepting chemotaxis serine transducer
Macrophage receptor MARCO
Methyl-accepting chemotaxis protein II
Cell wall integrity sensor MID2
Macrophage mannose receptor 1
Cation-dependent mannose-6-phosphate receptor
NKG2-A/NKG2-B type II integral membrane protein
NKG2-C type II integral membrane protein
Natural cytotoxicity triggering receptor 2
NFAT activation molecule 1
NKG2-E type II integral membrane protein
Neuromedin-K receptor
Neurexin-2-beta
Neurexin-1-beta
Neurexin-2
Olfactory receptor 10J3
Olfactory receptor 10T2
Olfactory receptor 12D3
Olfactory receptor 1496
Olfactory receptor 4A47
Olfactory receptor 12D2
Olfactory receptor 1493
Olfactory receptor 1500
Olfactory receptor 2A25
Olfactory receptor 1
Olfactory receptor 10Z1
Olfactory receptor 10K2
Olfactory receptor 10R2
Olfactory receptor 52A1
Olfactory receptor 140
Olfactory receptor 3
Olfactory receptor 1E1
Olfactory receptor 1G1
Odorant receptor 33a
Olfactory receptor 4A5
Olfactory receptor 4C6
Olfactory receptor 4C13
Olfactory receptor 4D5
Olfactory receptor 4D10
Olfactory receptor 4E2
Olfactory receptor 4F3/4F16/4F29
Olfactory receptor 4F6
Olfactory receptor 4K2
Olfactory receptor 4K5
Olfactory receptor 4K15
Olfactory receptor 4L1
Olfactory receptor 4M2
Olfactory receptor 4X2
Olfactory receptor 1468
Olfactory receptor 4A16
Olfactory receptor 4F17
Odorant receptor 23a
Olfactory receptor 2A4
Odorant receptor 33b
Olfactory receptor 4B1
Olfactory receptor 4D1
Olfactory receptor 4D6
Olfactory receptor 4D11
Olfactory receptor 4F5
Olfactory receptor 4K14
Olfactory receptor 4N2
Olfactory receptor 4Q3
Olfactory receptor 4X1
Olfactory receptor 6K2
Olfactory receptor 1I1
Olfactory receptor 1K1
Odorant receptor 2a
Olfactory receptor 4C3
Olfactory receptor 4C11
Olfactory receptor 4C16
Olfactory receptor 4D2
Olfactory receptor 4N4
Olfactory receptor 4S2
Olfactory receptor 6K3
Olfactory receptor 10K1
Olfactory receptor 13G1
Olfactory receptor 4A15
Olfactory receptor 4C46
Olfactory receptor 4F21
Olfactory receptor 1J4
Olfactory receptor 1S1
Odorant receptor 22a
Odorant receptor 33c
Odorant receptor 43a
Odorant receptor 47a
Olfactory receptor 2AT4
Olfactory receptor 4F15
Olfactory receptor 142
Olfactory receptor 1J2
Olfactory receptor 1N1
Olfactory receptor 1S2
Olfactory receptor 2A7
Olfactory receptor 4P4
Olfactory receptor 4S1
Putative odorant receptor 85e
Olfactory receptor 1B1
Olfactory receptor 1E2
Olfactory receptor 1J1
Olfactory receptor 1N2
Odorant receptor 22b
Olfactory receptor 2A2
Olfactory receptor 4C5
Olfactory receptor 4C12
Olfactory receptor 4C15
Olfactory receptor 4D9
Olfactory receptor 4F4
Olfactory receptor 4K1
Olfactory receptor 4K13
Olfactory receptor 4K17
Olfactory receptor 4M1
Olfactory receptor 4N5
Olfactory receptor 6K6
Olfactory receptor 6N2
Integrin alpha pat-2
Putative phagocytic receptor 1b
Putative phagocytic receptor 1a
Putative phagocytic receptor 1c
Plexin-B1
Prominin-2
Advanced glycosylation end product-specific receptor
Tyrosine-protein kinase RYK
Semaphorin-4D
Protein SLG1
Semaphorin-6A
Sialic acid-binding Ig-like lectin 8
Serpentine receptor class beta-2
Serpentine receptor class beta-10
Serpentine receptor class beta-17
Serpentine receptor class beta-3
Serpentine receptor class beta-5
Serpentine receptor class gamma-13
Serpentine receptor class gamma-16
Serpentine receptor class gamma-46
Serpentine receptor class gamma-8
Sortilin-related receptor
Serpentine receptor class beta-1
Serpentine receptor class beta-6
Serpentine receptor class beta-8/9
Scavenger receptor class F member 1
Serpentine receptor class gamma-10
Serpentine receptor class gamma-17
Serpentine receptor class gamma-30
Serpentine receptor class gamma-4
Serpentine receptor class gamma-5
Serpentine receptor class gamma-69
Serpentine receptor class gamma-9
Serpentine receptor class gamma-14
Serpentine receptor class gamma-20
Serpentine receptor class gamma-31
Serpentine receptor class gamma-6
Protocadherin-like wing polarity protein stan
Serpentine receptor class alpha-11
Serpentine receptor class beta-7
Serpentine receptor class beta-11
Serpentine receptor class beta-15
Serpentine receptor class gamma-11
Serpentine receptor class gamma-15
Serpentine receptor class gamma-33
Serpentine receptor class gamma-47
Serpentine receptor class gamma-53
Serpentine receptor class gamma-7
Translocase of chloroplast 132, chloroplastic
Translocase of chloroplast 159, chloroplastic
Toll-like receptor 11
Toll-like receptor 2 type-2
Toll-like receptor 3
Toll-like receptor 4
Toll-like receptor 6
Toll-like receptor 9
Methyl-accepting chemotaxis protein TlpA
Methyl-accepting chemotaxis protein TlpB
Toll-like receptor 1
Toll-like receptor 2
Tumor necrosis factor receptor superfamily member 6
Toll-like receptor 5
Toll-like receptor 10
Toll-like receptor 2 type-1
Toll-like receptor 7
Thrombomodulin
T-cell receptor gamma-2 chain C region
Transient receptor potential cation channel subfamily V member 1
Thrombopoietin receptor
Sex-determining transformer protein 2
Triggering receptor expressed on myeloid cells 2
Cell wall integrity and stress response component 2
Cell wall integrity and stress response component 3
Cell wall integrity and stress response component 1
Probable methyl-accepting chemotaxis protein BT9727_0469
