ADP-ribosylation factor-like protein 8B
ADP-ribosylation factor-like protein 8A
Protein bir1
Borealin
Borealin-2
Protein BIR1
Mitotic checkpoint serine/threonine-protein kinase BUB1 beta
Cell division control protein 42 homolog
Centromere protein V
DASH complex subunit DAD2
GTP-binding protein GEM
Spindle assembly checkpoint kinase
Calcium/calmodulin-dependent protein kinase type II subunit beta
Kinesin-like protein KIF20B
Meiotically up-regulated gene 118 protein
Serine/threonine-protein kinase PLK1
Serine/threonine-protein kinase plk-1
DNA damage checkpoint protein rad24
Inner centromere protein-related protein SLI15
Protein peg1
Protein STU1
Protein stu1
Protein stu-1
Centromere/kinetochore protein zw10
Protein zwilch
