Neuroendocrine protein 7B2
Alpha-hemoglobin-stabilizing protein
J domain-containing protein APJ1
Mitochondrial ATPase complex subunit ATP10
Probable mitochondrial ATPase complex subunit atp10
Protein atp12, mitochondrial
Protein ATP11, mitochondrial
Calreticulin
Calnexin
Calnexin homolog
Chromatin assembly factor 1 subunit A
Hsp90 co-chaperone Cdc37
Hsp90 co-chaperone Cdc37-like 1
10 kDa heat shock protein, mitochondrial
Probable Hsp90 co-chaperone cdc37
Complex I intermediate-associated protein 30, mitochondrial
Chitin synthase export chaperone
Calmegin
Cytochrome c oxidase protein 20, mitochondrial
Alpha-crystallin A chain
Alpha-crystallin B chain
Periplasmic protein CpxP
Peptidyl-prolyl cis-trans isomerase CYP7
DnaJ homolog subfamily A member 2
DnaJ homolog subfamily A member 4
DnaJ homolog subfamily B member 1
DnaJ homolog subfamily B member 5
DnaJ homolog subfamily B member 8
Chaperone protein DnaK
DnaJ homolog subfamily B member 6
DnaJ homolog subfamily B member 11
DnaJ homolog subfamily B member 4
DnaJ homolog subfamily B member 2
DnaJ homolog subfamily A member 3, mitochondrial
DnaJ homolog subfamily C member 4
DnaJ-like protein 60
ER-retained PMA1-suppressing protein 1
Endoplasmic reticulum lectin 1
ERO1-like protein beta
Protein disulfide-isomerase EUG1
Hsc70-interacting protein
ATPase GET3
78 kDa glucose-regulated protein homolog
GrpE protein homolog 2, mitochondrial
GrpE protein homolog, mitochondrial
78 kDa glucose-regulated protein
GrpE protein homolog 1, mitochondrial
Stress-70 protein, mitochondrial
Glucose-signaling factor 2
Acid stress chaperone HdeB
Heat shock protein Hsp-16.2
Probable heat shock protein ssa1
Probable heat shock protein ssa2
Heat shock protein SSA3
Heat shock protein 83
17.7 kDa class II heat shock protein
ATP-dependent molecular chaperone HSC82
Heat shock protein 16
Heat shock-related 70 kDa protein 2
Heat shock cognate 71 kDa protein
Heat shock protein SSQ1, mitochondrial
Heat shock protein 104
Heat shock protein Hsp-16.41
Heat shock 70 kDa protein 6
Heat shock protein Hsp-16.1/Hsp-16.11
Probable glutathione-independent glyoxalase HSP32
Heat shock protein Hsp-16.48/Hsp-16.49
Heat shock protein SSA1
Heat shock protein SSA4
Heat shock protein SSB2
ATP-dependent molecular chaperone HSP82
Serine protease HTRA2, mitochondrial
Heat shock protein HSP 90-alpha
Heat shock protein 42
Heat shock protein sks2
Heat shock protein SSB1
Heat shock protein 90 homolog
Heat shock protein 60, mitochondrial
Chaperone protein HtpG
Heat shock protein 26
Probable glutathione-independent glyoxalase HSP33
Heat shock protein SSA2
Heat shock protein 78, mitochondrial
Heat shock protein 88
Serine/threonine-protein kinase/endoribonuclease IRE1
J domain-containing protein
DnaJ-like chaperone JEM1
Heat shock protein 70 homolog LHS1
Protein ERGIC-53
DnaJ homolog 1, mitochondrial
Midasin
Mitochondrial protein import protein MAS5
Meckelin
Nascent polypeptide-associated complex subunit beta-2
Nascent polypeptide-associated complex subunit beta-1
Nascent polypeptide-associated complex subunit alpha
Nucleophosmin
Protein NSG2
Nucleosome assembly protein 1-like 4
Protein NSG1
Prefoldin subunit 1
Protein disulfide-isomerase
Inorganic phosphate transporter PHO86
Prefoldin subunit 2
Prefoldin subunit 6
Pre-rRNA-processing protein PNO1
Peptidyl-prolyl cis-trans isomerase B
Peptidyl-prolyl cis-trans isomerase CPR6
Protein psi1
Protein PET100, mitochondrial
2-iminobutanoate/2-iminopropanoate deaminase
Protein ROT1
Ribosome assembly protein RRB1
RuvB-like 2
Protein-export protein SecB
Sterol regulatory element-binding protein cleavage-activating protein
Protein SHQ1
Secretory component protein SHR3
Nucleotide exchange factor SIL1
Cytochrome oxidase assembly protein SHY1
Serpin H1
Cytochrome oxidase assembly protein shy1
E3 ubiquitin-protein ligase SlrP
Chaperone protein Skp
Serine/arginine-rich splicing factor 10
Ribosome assembly protein SQT1
Serine/arginine-rich splicing factor 12
Ribosome-associated complex subunit SSZ1
Chaperone SurA
Synchronized import protein 1
Tubulin beta-4B chain
Mitochondrial chaperone TCM62
T-complex protein 1 subunit epsilon
T-complex protein 1 subunit gamma
T-complex protein 1 subunit zeta
T-complex protein 1 subunit beta
Probable T-complex protein 1 subunit beta
Probable T-complex protein 1 subunit theta
T-complex protein 1 subunit delta
Probable T-complex protein 1 subunit eta
T-complex protein 1 subunit alpha
T-complex protein 1 subunit eta
T-complex protein 1 subunit zeta-2
Prostaglandin E synthase 3
Tubulin-specific chaperone E
T-complex protein 1 subunit theta
Mitochondrial import inner membrane translocase subunit tim14
Trigger factor
Protein disulfide-isomerase tigA
Mitochondrial import inner membrane translocase subunit TIM10
Mitochondrial import inner membrane translocase subunit TIM9
Mitochondrial import receptor subunit TOM20 homolog
Tapasin
Peroxiredoxin TSA1
UDP-glucose:glycoprotein glucosyltransferase 1
Tetratricopeptide repeat protein 1
Ubiquitin conjugation factor E4 B
Heat shock protein 70 homolog C57A7.12
Ankyrin repeat-containing protein YAR1
Zuotin
