Arf-GAP with GTPase, ANK repeat and PH domain-containing protein 2
Active breakpoint cluster region-related protein
Arf-GAP with GTPase, ANK repeat and PH domain-containing protein 1
Arf-GAP with GTPase, ANK repeat and PH domain-containing protein 3
A-kinase anchor protein 13
ADP-ribosylation factor 1
ADP-ribosylation factor 6
ADP-ribosylation factor L
Rho guanine nucleotide exchange factor 4
ADP-ribosylation factor-like protein 10
ADP-ribosylation factor-like protein 13B
ADP-ribosylation factor-like protein 15
ADP-ribosylation factor-like protein 2
ADP-ribosylation factor-like protein 4D
ADP-ribosylation factor-like protein 6
ADP-ribosylation factor-like protein 13A
Actin-related protein 2/3 complex subunit 1A
Rho guanine nucleotide exchange factor 9
Rho guanine nucleotide exchange factor 17
Rho guanine nucleotide exchange factor 18
ADP-ribosylation factor-like protein 11
ADP-ribosylation factor-like protein 5A
ADP-ribosylation factor-like protein 5C
ADP-ribosylation factor-like protein 8A
Neuroepithelial cell-transforming gene 1 protein
ADP-ribosylation factor-like protein 3
ADP-ribosylation factor-like protein 4C
ADP-ribosylation factor-like protein 5B
ADP-ribosylation factor-like protein 9
Arf-GAP with Rho-GAP domain, ANK repeat and PH domain-containing protein 2
ADP-ribosylation factor-like protein 4A
ADP-ribosylation factor 3
Rho guanine nucleotide exchange factor 3
Rho guanine nucleotide exchange factor 6
ADP-ribosylation factor-like protein 14
ADP-ribosylation factor D
Rho guanine nucleotide exchange factor 7
Rho guanine nucleotide exchange factor 12
Rho guanine nucleotide exchange factor 16
ADP-ribosylation factor-like protein 16
Putative ADP-ribosylation factor-like protein 5C
Armadillo repeat-containing zfs1 target protein 1
ADP-ribosylation factor-like protein DDB_G0292332
GTPase-activating protein BEM2
GTPase-activating protein BEM2/IPL2
Breast cancer anti-estrogen resistance protein 3
B9 domain-containing protein 2
Breakpoint cluster region protein
Breast cancer anti-estrogen resistance protein 3 homolog
Bud site selection protein 5
Cdc42 homolog
Cell division control protein 42 homolog
Centromere-associated protein E
Centromere protein S
Centromere protein P
Centromere protein C
Centromere protein K
Centromere protein N
N-chimaerin
Cell division control protein 25
Centromere protein H
Cdc42-interacting protein 4
Cell division control protein 24
Cell division control protein 42
Centromere protein I
Centromere protein O
Centaurin-gamma-1A
Centromere protein L
Centromere protein M
Centromere protein Q
Centromere protein T
Beta-chimaerin
Probable ribosylation factor GTPase-activating protein cnt6
GTP-binding RHO-like protein
Protein csx2
Darlin
Cytoplasmic dynein 2 light intermediate chain 1
GTP-binding protein Di-Ras1
GTP-binding protein Di-Ras2
DnaJ homolog subfamily C member 27-B
Protein diaphanous homolog 2
DEP domain-containing protein 1B
DEP domain-containing protein 7
DnaJ homolog subfamily C member 27-A
Protein diaphanous homolog 1
GTP-binding protein Di-Ras3
Dedicator of cytokinesis protein 10
Dedicator of cytokinesis protein 5
Dedicator of cytokinesis protein 8
Dedicator of cytokinesis protein 9
Dedicator of cytokinesis protein 2
Dedicator of cytokinesis protein 6
Dedicator of cytokinesis protein 7
Dedicator of cytokinesis protein 11
Dedicator of cytokinesis protein 3
Kinetochore-associated protein DSN1 homolog
Protein ECT2
Ras guanine nucleotide exchange factor efc25
DNA excision repair protein ERCC-6-like
Protein FAM13A
Ena/VASP-like protein
FYVE, RhoGEF and PH domain-containing protein 1
FYVE, RhoGEF and PH domain-containing protein 3
FYVE, RhoGEF and PH domain-containing protein 2
Formin-like protein 3
Formin-like protein 2
FYVE, RhoGEF and PH domain-containing protein 4
Ras GTPase-activating protein-binding protein 2
Rap1 GTPase-GDP dissociation stimulator 1-A
Ras GTPase-activating-like protein gapA
Rab GDP dissociation inhibitor alpha
Rho GDP-dissociation inhibitor 2
Rap1 GTPase-GDP dissociation stimulator 1
Mitochondrial Rho GTPase 1
Rho GDP-dissociation inhibitor
Ras guanine nucleotide exchange factor C
Ras guanine nucleotide exchange factor G
Ras guanine nucleotide exchange factor P
Ras guanine nucleotide exchange factor Y
Cyclic GMP-binding protein D
Ras guanine nucleotide exchange factor D
Cyclic GMP-binding protein C
Ras guanine nucleotide exchange factor J
Ras guanine nucleotide exchange factor N
RasGEF domain-containing serine/threonine-protein kinase X
Rab GDP dissociation inhibitor beta
Ras guanine nucleotide exchange factor F
Ras guanine nucleotide exchange factor H
Ras guanine nucleotide exchange factor K
Ras guanine nucleotide exchange factor M
Ras guanine nucleotide exchange factor W
Rho GDP-dissociation inhibitor 1
Rho GDP-dissociation inhibitor 3
Rap1 GTPase-GDP dissociation stimulator 1-B
Probable mitochondrial Rho GTPase gemA
Ras guanine nucleotide exchange factor I
Ras guanine nucleotide exchange factor S
GTP-binding protein GEM
Guanine nucleotide-binding protein subunit alpha homolog
RAS guanyl-releasing protein 4
Ral guanine nucleotide dissociation stimulator
GTP-binding nuclear protein GSP1/Ran
GTP-binding protein gtr1
GTP-binding protein gtr2
Guanine nucleotide-binding protein alpha-12 subunit
Histone H3.3
GTP-binding nuclear protein GSP1/CNR1
GTP-binding nuclear protein GSP2/CNR2
GTP-binding nuclear protein GSP1
Histone H3.2
Minor histocompatibility protein HA-1
Protein hob3
Intraflagellar transport protein 27
Ras GTPase-activating-like protein IQGAP3
Ras GTPase-activating-like protein IQG1
Intraflagellar transport protein 22
Intraflagellar transport protein 22 homolog
Intraflagellar transport protein 27 homolog
Ras GTPase-activating-like protein IQGAP1
NF-kappa-B inhibitor-interacting Ras-like protein 2
NF-kappa-B inhibitor-interacting Ras-like protein 1
Kinesin-like protein KIF2C
Kinectin
Krev interaction trapped protein 1
Kinesin light chain 2
Ras protein let-60
Guanine nucleotide exchange factor LTE1
Leucine-rich repeat serine/threonine-protein kinase 1
Microtubule-associated protein RP/EB family member 1
Guanine nucleotide exchange factor DBS
Malignant fibrous histiocytoma-amplified sequence 1
Proto-oncogene DBL
Malignant fibrous histiocytoma-amplified sequence 1 homolog
Mitochondrial Rho GTPase 1-A
Protein MIS12 homolog
Mitochondrial Rho GTPase 2
Mitochondrial Rho GTPase 3
Probable ran guanine nucleotide release factor
Nuclear import protein mog1
Guanine nucleotide exchange factor MSS4
Protein phosphatase 1 regulatory subunit 12A
Unconventional myosin-IXb
Protein phosphatase 1 regulatory subunit 12B
Ephexin-1
Kinetochore protein Nuf2
Kinetochore-associated protein NSL1 homolog
Nuclear migration protein nudC
Pleckstrin homology domain-containing family G member 2
Pleckstrin homology domain-containing family G member 5
1-phosphatidylinositol 4,5-bisphosphate phosphodiesterase epsilon-1
Protein phosphatase 1 regulatory subunit 14A
Probable serine/threonine-protein kinase qkgA
Ras-related protein Rab-1B
Ras-related protein Rab-21
Ras-related protein Rab-32
Ras-related protein Rab-4B
Ras-related protein Rab-5A
Ras-related protein Rab-7a
Ras-related protein Rab7
Ras-related protein Rab-8A
Rab-like protein 3
Rab-like protein 6
Rac-like GTP-binding protein ARAC2
Ras-related protein rac-2
Rac-like GTP-binding protein RAC2
Rac-like GTP-binding protein 2
Rho-related protein racA
Rho-related protein racB
Rho-related protein racC
Rho-related protein racF1
Rho-related protein racJ
GTP-binding nuclear protein Ran-2
GTP-binding nuclear protein Ran-3
GTP-binding nuclear protein Ran, testis-specific isoform
Ras-related protein Rap-1A
Ras-related protein Rap-1b
Ras-related protein O-Krev
Ras-like protein 1
Putative Ras-related protein RABA4e
Ras-related protein Rab-19
Ras-related protein Rab-28
Ras-related protein Rab-3B
Ras-related protein Rab-7b
Ras-related protein Rab7A
Ras-related protein Rab-8B
Ras-related protein Rab-9B
Probable Rab-related GTPase
Rac-like GTP-binding protein ARAC10
Ras-related protein ced-10
Rac-like GTP-binding protein RAC1
Ras-related C3 botulinum toxin substrate 2
GTP-binding protein RAD
GTP-binding nuclear protein Ran1B
GTP-binding nuclear protein Ran-1
GTP-binding nuclear protein Ran2
Ras-related protein rapC
Ras-like protein 2
Ras-related protein Rab11A
Ras-related protein Rab-14
Ras-related protein Rab-18
Putative Ras-related protein Rab-1C
Ras-related protein Rab-25
Ras-related protein Rab-2-B
Probable Ras-related protein Rab-4A
Ras-related protein Rab5
Ras-related protein Rab-6C
Ras-related protein RABG2
Rho-related protein rac1B
Rac-like GTP-binding protein 6
Rac-like GTP-binding protein ARAC9
Rho-related protein racG
Rho-related protein racO
Ras-related protein ralB-B
GTP-binding nuclear protein Ran-B1
Protein ras-1
Dexamethasone-induced Ras-related protein 1
GTPase ERas
GTPase KRas
Ras-like protein family member 12
24 kDa Ras-like protein
GTPase NRas
Ras-like protein
RalA-binding protein 1-A
Putative Ras-related protein Rab-33
Rac-like GTP-binding protein RAC13
Ras-related C3 botulinum toxin substrate 1
Rac-like GTP-binding protein ARAC8
Rho-related protein racL
Ras-related protein Rap-1
Ras-like protein RAS1
Transforming protein p29
Ras-related protein M-Ras
Ras-related protein Rab-11A
Ras-related protein ORAB-1
Ras-related protein Rab-1
Ras-related protein Rab-5B
Ras-related protein Rab-5C
Rac-like GTP-binding protein 3
Rac-like GTP-binding protein 4
Rac-like GTP-binding protein ARAC5
Ras-related protein RABG3a
GTP-binding nuclear protein Ran1
GTP-binding nuclear protein Ran-4
GTP-binding nuclear protein Ran/TC4
GTPase HRas
Ras-like protein rasV
Ras-related protein Rab-11B
Ras-related protein Rab11C
Protein pim1
Protein RCC2
Ras-related protein RABA5e
Ras-related protein Rab-12
Ras-related protein Rab-3A
Rho-related protein rac1C
Rho-related protein racD
Rho-related protein racF2
Rho-related protein racI
Ras-related protein ralB-A
GTP-binding nuclear protein Ran1A
GTP-binding nuclear protein ran-1
GTP-binding nuclear protein Ran
Ras-like protein 3
Ras-like protein rasU
Rab-like protein 2A
Ras-related protein Rab-2-A
Ras-related protein Rab-6A
Ras-related protein RabX
Rac-like GTP-binding protein RHO1
Rac-like GTP-binding protein 1
Rac-like GTP-binding protein ARAC4
Rac-like GTP-binding protein ARAC6
Rac-like GTP-binding protein RAC9
Rho-related protein racH
Rho-related protein racN
GTP-binding nuclear protein Ran-A1
Ras-related protein Rab11B
Ras-related protein Rab11D
Ras-related protein Rab11E
GTPase RhebL1
Ras-related and estrogen-regulated growth inhibitor-like protein
Rac-like GTP-binding protein ARAC7
Rho-related protein racM
GTP-binding nuclear protein Ran-like
Ras-related protein rapB
Ras-like protein RAS2
Ras and EF-hand domain-containing protein homolog
Ras-related protein RAB1BV
Ras-related protein Rab-22A
Ras-related protein Rab-33B
GTP-binding protein REM 2
Ras-GEF domain-containing family member 1C
Ral guanine nucleotide dissociation stimulator-like 3
Ras-specific guanine nucleotide-releasing factor RalGPS1
Ras-like protein rasW
Ras-related protein Rab-18A
Ras-related protein Rab2BV
Rho-GTPase-activating protein RGD2
Ras-GEF domain-containing family member 1A
Ras-GEF domain-containing family member 1B
Ras-specific guanine nucleotide-releasing factor 2
Rho-related BTB domain-containing protein 3
Rho GTPase-activating protein 29
Rho GTPase-activating protein 31
Rho GTPase-activating protein 44
Rho GTPase-activating protein 11A
Ras-like GTP-binding protein rhoA
GTP-binding protein rho3
GTP-binding protein RHO4
Rho-related GTP-binding protein RhoF
Rho-related GTP-binding protein RhoV
Rhophilin-2
GTP-binding protein REM 1
Ral guanine nucleotide dissociation stimulator-like 1
Ras-specific guanine nucleotide-releasing factor RalGPS2
Ras-specific guanine nucleotide-releasing factor 1
GTP-binding protein rhb1
Rhophilin-1
Guanine nucleotide exchange factor subunit ric1
Ras-GEF domain-containing family member 1B-A
Probable Rho-GTPase-activating protein 9
Ral-GDS-related protein
Rho-related BTB domain-containing protein 2
GTP-binding protein RHO1
Ras-like GTP-binding protein RHO1
GTP-binding protein Rho3
Rho-related GTP-binding protein RhoD
Rho-related GTP-binding protein RhoG
Rho-related GTP-binding protein RhoJ
Ras-GEF domain-containing family member 1B-B
Ral guanine nucleotide dissociation stimulator-like 2
Rho GTPase-activating protein 4
Rho GTPase-activating protein 8
Rho GTPase-activating protein 10
Rho GTPase-activating protein 15
Rho GTPase-activating protein 30
Rho GTPase-activating protein 32
GTP-binding protein RHO2
Rho-related BTB domain-containing protein 1
GTP-binding protein Rheb homolog 1
Rho GTPase-activating protein 1
Rho GTPase-activating protein 5
Rho GTPase-activating protein 20
Rho GTPase-activating protein 23
Rho GTPase-activating protein 33
Rho GTPase-activating protein 40
Rho GTPase-activating protein 11B
GTP-binding protein rho2
GTP-binding protein rho4
Rho-related GTP-binding protein RhoQ
Ras-related protein RIC1
GTP-binding protein Rheb
Rho GTPase-activating protein 12
Rho GTPase-activating protein 17
Rho GTPase-activating protein 18
Rho GTPase-activating protein 25
Ras-related protein RHN1
Rho-related GTP-binding protein RhoU
GTP-binding protein Rit2
Regulator of G-protein signaling 19
Rho GTPase-activating protein 7
Rho GTPase-activating protein 19
Rho GTPase-activating protein 28
Rho GTPase-activating protein 36
GTP-binding protein rhoA
Rho-related GTP-binding protein RhoH
Ras-like GTP-binding protein O-RHO
Ras-related protein RIC2
Rho GTPase-activating protein 6
Rho GTPase-activating protein 9
Rho GTPase-activating protein 26
Rho GTPase-activating protein 39
GTP-binding protein Rho1
GTP-binding protein RHO3
GTP-binding protein rho5
GTP-binding protein rhoC
Ras-like GTP-binding protein RhoL
Ras-like GTP-binding protein RHO
Ras and Rab interactor 2
GTP-binding protein Rit1
Ras-related protein RGP2
Rho-related GTP-binding protein RhoN
Ras-related protein RGP1
Rho-related GTP-binding protein RhoE
Ras-related protein Rap-1b-like protein
RHO1 GDP-GTP exchange protein 2
Ropporin-1A
Rap guanine nucleotide exchange factor 5
Rap guanine nucleotide exchange factor-like 1
Rho-related GTP-binding protein Rho6
Rap guanine nucleotide exchange factor 1
Rap guanine nucleotide exchange factor 4
Ras-related protein R-Ras
Probable serine/threonine-protein kinase roco6
RHO1 GDP-GTP exchange protein 1
Probable serine/threonine-protein kinase roco8
REM2- and Rab-like small GTPase 1
Ras-like protein family member 10A
Ras-like protein family member 10B
Ras-like protein family member 11B
Ras-related protein RSR1
RUN domain-containing protein 3A
Guanine nucleotide exchange factor SDC25
Rhotekin
GTP-binding protein ryh1
Small COPII coat GTPase sar1
SH2 domain-containing protein 3A
Protein SEC13 homolog
Shugoshin-like 2
SH2 domain-containing protein 3C
NCK-interacting protein with SH3 domain
Son of sevenless homolog 2
Kinetochore protein Spc24
Protein ste16
Protein ste6
Kinetochore protein Spc25
SLIT-ROBO Rho GTPase-activating protein 1
SLIT-ROBO Rho GTPase-activating protein 3
Signal recognition particle receptor subunit beta
StAR-related lipid transfer protein 13
StAR-related lipid transfer protein 8
Rho GTPase-activating protein SYDE1
Rho GTPase-activating protein SYDE2
T-cell activation Rho GTPase-activating protein
T-lymphoma invasion and metastasis-inducing protein 1
Tax1-binding protein 3
Guanine nucleotide exchange factor VAV2
Proto-oncogene vav
WAS/WASL-interacting protein family member 1
Protein very KIND
WAS/WASL-interacting protein family member 2
RanBD1 domain-containing protein C584.03c
GTP-binding protein yptV1
GTP-binding protein yptV4
DOCK-like protein YLR422W
GTP-binding protein YPT11
GTP-binding protein YPTC1
GTP-binding protein ypt1
GTP-binding protein ypt5
GTP-binding protein YPTC5
Ras-related protein YPTC6
GTP-binding protein yptV3
Ras-like GTP-binding protein YPT1
Ras-related protein YPT3
GTP-binding protein YPTM2
GTP-binding protein yptV5
GTP-binding protein yptV2
Protein zwilch homolog
GTP-binding protein YPTC4
GTP-binding protein YPTM1
ZW10 interactor
