2,3-diketo-5-methylthiopentyl-1-phosphate enolase
Putative 2,3-diketo-5-methylthiopentyl-1-phosphate enolase
Ribulose bisphosphate carboxylase large chain 1
Ribulose bisphosphate carboxylase large chain 2
Ribulose bisphosphate carboxylase large chain 3
Ribulose bisphosphate carboxylase-like protein
Ribulose bisphosphate carboxylase large chain
Ribulose bisphosphate carboxylase small chain 1
Ribulose bisphosphate carboxylase small chain 1, chloroplastic
Ribulose bisphosphate carboxylase small chain, chloroplastic
Ribulose bisphosphate carboxylase small chain 2
Ribulose bisphosphate carboxylase small chain 2, chloroplastic
Ribulose bisphosphate carboxylase small chain S41, chloroplastic
Ribulose bisphosphate carboxylase small chain SSU11A, chloroplastic
Ribulose bisphosphate carboxylase small chain 3B, chloroplastic
Ribulose bisphosphate carboxylase small chain SSU40A, chloroplastic
Ribulose bisphosphate carboxylase small chain 3A, chloroplastic
Ribulose bisphosphate carboxylase small chain 7, chloroplastic
Ribulose bisphosphate carboxylase small chain 2B, chloroplastic
Ribulose bisphosphate carboxylase small chain, chromosomal
Ribulose bisphosphate carboxylase small chain 2C, chloroplastic
Ribulose bisphosphate carboxylase, chloroplastic
Ribulose 1,5-bisphosphate carboxylase, chloroplastic
Ribulose bisphosphate carboxylase small chain 3C, chloroplastic
Ribulose bisphosphate carboxylase small chain 3A/3C, chloroplastic
Ribulose bisphosphate carboxylase small chain 3, chloroplastic
Ribulose bisphosphate carboxylase small chain 4, chloroplastic
Ribulose bisphosphate carboxylase small chain 5, chloroplastic
Ribulose bisphosphate carboxylase small chain SSU5B, chloroplastic
Ribulose bisphosphate carboxylase large chain, chromosomal
Ribulose bisphosphate carboxylase small chain SSU1, chloroplastic
Ribulose bisphosphate carboxylase small chain PW9, chloroplastic
Ribulose bisphosphate carboxylase small chain SSU5A, chloroplastic
Ribulose bisphosphate carboxylase small chain 1/4, chloroplastic
Ribulose bisphosphate carboxylase small chain, plasmid
Ribulose bisphosphate carboxylase small chain C, chloroplastic
Ribulose bisphosphate carboxylase small chain PWS4.3, chloroplastic
Ribulose bisphosphate carboxylase small chain 6, chloroplastic
Ribulose bisphosphate carboxylase small chain 8B, chloroplastic
Ribulose bisphosphate carboxylase small chain 2A, chloroplastic
Ribulose bisphosphate carboxylase small chain SSU40B, chloroplastic
Ribulose bisphosphate carboxylase large chain, plasmid
Ribulose bisphosphate carboxylase-like protein 1
Ribulose bisphosphate carboxylase-like protein 2
Ribulose bisphosphate carboxylase small chain SSU8, chloroplastic
Ribulose bisphosphate carboxylase small chain F1, chloroplastic
Ribulose bisphosphate carboxylase small chain SSU26, chloroplastic
Ribulose bisphosphate carboxylase small chain A, chloroplastic
Ribulose bisphosphate carboxylase small chains, chloroplastic
Ribulose bisphosphate carboxylase small chain clone 512
