Long-chain-fatty-acid--CoA ligase 1
Long-chain-fatty-acid--CoA ligase 3
Alkyldihydroxyacetonephosphate synthase, peroxisomal
Dehydrogenase/reductase SDR family protein 7-like
Protein DETOXIFICATION 54
Putative peroxisomal-coenzyme A synthetase
Fatty acyl-CoA reductase 1
Peroxisomal-coenzyme A synthetase
Dihydroxyacetone phosphate acyltransferase
3-hydroxy-3-methylglutaryl-coenzyme A reductase
Inosine-5'-monophosphate dehydrogenase 2
Monodehydroascorbate reductase 4, peroxisomal
Mpv17-like protein
Nudix hydrolase 11
D-aspartate oxidase
Peroxisomal membrane protein PEX21
Peroxisomal membrane protein PEX16
Peroxisomal biogenesis factor 9
Putative peroxiredoxin-A
Putative peroxiredoxin-B
Peroxisomal membrane protein PMP22
Peroxisomal membrane protein 4
Transmembrane protein 35
Tetratricopeptide repeat protein 1
