Putative gamma-secretase subunit APH-1C
Gamma-secretase subunit APH-1A
Gamma-secretase subunit APH1-like
Gamma-secretase subunit aph-1
Gamma-secretase subunit Aph-1b
Caspase-2
Endothelin-converting enzyme 1
CAAX prenyl protease 2
Hydrogenase expression/formation protein HupD
Hydrogenase expression/formation protein HoxM
Hydrogenase 2 maturation protease
Hydrogenase expression/formation protein HupM
Intermediate cleaving peptidase 55
Hydrogenase 3 maturation protease
Hydrogenase 1 maturation protease
Methionine aminopeptidase 2B
Methionine aminopeptidase 1A
Nicastrin
Protein pbn1
Protein PBN1
Gamma-secretase subunit PEN-2
Presenilin-1
Calpain-like protease 1
UBX domain-containing protein 10
Probable Xaa-Pro aminopeptidase 3
