Ganglioside-induced differentiation-associated protein 1-like 1
Glutathione S-transferase
Glutathione S-transferase 1
Glutathione S-transferase 2
Glutathione S-transferase 4
Glutathione S-transferase Mu 1
Glutathione S-transferase Mu 2
Glutathione S-transferase Mu 6
Glutathione S-transferase B
Glutathione S-transferase P 2
Probable glutathione S-transferase BZ2
Glutathione S-transferase 1, isoform D
Glutathione S-transferase class-mu 26 kDa isozyme
Glutathione S-transferase class-mu 26 kDa isozyme 7
Glutathione S-transferase class-mu 28 kDa isozyme
Glutathione S-transferase 8.2
Glutathione S-transferase A
Glutathione S-transferase alpha I
Glutathione S-transferase A2
Glutathione S-transferase alpha-2
Glutathione S-transferase 1-1
Glutathione S-transferase 3
Glutathione S-transferase theta-4
Probable glutathione S-transferase
Glutathione transferase GST 23
Glutathione S-transferase class-mu 26 kDa isozyme 47
Glutathione S-transferase 5
Probable glutathione S-transferase 8
Glutathione S-transferase APIC
Glutathione S-transferase Yb-3
Glutathione S-transferase Mu 5
Probable glutathione S-transferase parC
Glutathione S-transferase GST-4.5
Glutathione S-transferase 6.7
Glutathione S-transferase A4
Glutathione S-transferase Y1
Probable glutathione S-transferase GSTU6
Glutathione S-transferase 1, isoform A
Probable glutathione S-transferase 9
Putative glutathione S-transferase alpha-4
Putative glutathione S-transferase alpha-5
Glutathione S-transferase alpha-5
Glutathione S-transferase GstB
Probable glutathione S-transferase GSTF1
Probable glutathione S-transferase GSTF2
Glutathione S-transferase theta-1
Probable glutathione S-transferase GSTU1
Probable glutathione S-transferase parA
Glutathione S-transferase GST-7.3
Glutathione S-transferase omega-like 2
Glutathione S-transferase 1, isoform C
Glutathione S-transferase class-mu 26 kDa isozyme 51
Glutathione S-transferase class-mu 26 kDa isozyme 1
Glutathione S-transferase theta-2
Glutathione S-transferase A1
Glutathione S-transferase alpha M14
Glutathione S-transferase A5
Glutathione S-transferase GstA
Glutathione S-transferase Mu 3
Glutathione S-transferase omega-like 3
Glutathione S-transferase A6
Glutathione S-transferase Yc
Glutathione S-transferase PARB
Glutathione S-transferase Y-2
Glutathione S-transferase zeta class
Glutathione-S-transferase
Glutathione S-transferase GST-6.0
Probable glutathione S-transferase MSR-1
Stringent starvation protein A homolog
Glutathione S-transferase domain-containing protein DDB_G0280881
Glutathione S-transferase domain-containing protein DDB_G0274705
Glutathione S-transferase domain-containing protein DDB_G0274223
