14-3-3 protein epsilon
14-3-3 protein theta
14-3-3 protein eta
Actin, cytoplasmic 1
Alpha-internexin
Amine oxidase  B
ATP synthase-coupling factor 6, mitochondrial
ATP synthase F(0) complex subunit B1, mitochondrial
Caspase-4
Calmodulin
Coiled-coil domain-containing protein 14
Caspase-5
Cell division control protein 42 homolog
2',3'-cyclic-nucleotide 3'-phosphodiesterase
Cytochrome c oxidase subunit 6B1
Fibroblast growth factor 9
Guanine nucleotide-binding protein subunit beta-4
Glucose-6-phosphate 1-dehydrogenase
Histone H2B type F-S
Creatine kinase B-type
L-lactate dehydrogenase A chain
Myelin-associated glycoprotein
Myelin basic protein
Myelin proteolipid protein
Protein NDRG2
NADH dehydrogenase  iron-sulfur protein 3, mitochondrial
POTE ankyrin domain family member E
Cell cycle checkpoint protein RAD1
Protein S100-A1
Protein transport protein Sec16A
Target of rapamycin complex 2 subunit MAPKAP1
Tau-tubulin kinase 1
