Probable medium-chain specific acyl-CoA dehydrogenase 2, mitochondrial
2-methylisocitrate lyase, mitochondrial
Long-chain specific acyl-CoA dehydrogenase, mitochondrial
Short-chain specific acyl-CoA dehydrogenase, mitochondrial
Acyl-coenzyme A synthetase ACSM3, mitochondrial
Short/branched chain specific acyl-CoA dehydrogenase, mitochondrial
Probable medium-chain specific acyl-CoA dehydrogenase 1, mitochondrial
Medium-chain specific acyl-CoA dehydrogenase, mitochondrial
Acyl-coenzyme A synthetase ACSM5, mitochondrial
Acyl-coenzyme A synthetase ACSM2, mitochondrial
Acyl-coenzyme A synthetase ACSM4, mitochondrial
Aldehyde dehydrogenase 5, mitochondrial
Aldehyde dehydrogenase, mitochondrial
Acyl-coenzyme A synthetase ACSM1, mitochondrial
Aldehyde dehydrogenase family 2 member B7, mitochondrial
Aldehyde dehydrogenase X, mitochondrial
Aldehyde dehydrogenase 1, mitochondrial
Arginine biosynthesis bifunctional protein ArgJ 1, mitochondrial
Arginine biosynthesis bifunctional protein ArgJ, mitochondrial
Aldehyde dehydrogenase 2, mitochondrial
Protein arg-6, mitochondrial
Arginine biosynthesis bifunctional protein ArgJ 2, mitochondrial
D-beta-hydroxybutyrate dehydrogenase, mitochondrial
Cytochrome c peroxidase, mitochondrial
Carbonyl reductase  2
Chaperonin HSP60, mitochondrial
Conserved regulator of innate immunity protein 3
ATP-dependent RNA helicase cyt-19, mitochondrial
Glutamate dehydrogenase
Glutamate dehydrogenase 2, mitochondrial
Dihydrolipoyl dehydrogenase, mitochondrial
D-lactate dehydrogenase , mitochondrial
D-lactate dehydrogenase  2, mitochondrial
Enoyl-CoA hydratase, mitochondrial
Electron transfer flavoprotein subunit beta
Electron transfer flavoprotein subunit alpha, mitochondrial
Hydroxyacylglutathione hydrolase, mitochondrial
Putative glutaminase 3
Probable 3-hydroxyacyl-CoA dehydrogenase B0272.3
Probable 3-hydroxyacyl-CoA dehydrogenase F54C8.1
Heat shock protein 78, mitochondrial
ATP-dependent DNA helicase HMI1, mitochondrial
Iron sulfur cluster assembly protein 1, mitochondrial
Protein ISD11
Kinetoplast-associated protein 4
Putative ATP-dependent helicase IRC3
Isovaleryl-CoA dehydrogenase, mitochondrial
Lipoyl synthase, mitochondrial
Complex III assembly factor LYRM7
Mitochondrial acidic protein mam33
NAD-dependent malic enzyme 62 kDa isoform, mitochondrial
Methylcrotonoyl-CoA carboxylase beta chain, mitochondrial
NAD-dependent malic enzyme 59 kDa isoform, mitochondrial
NAD-dependent malic enzyme 65 kDa isoform, mitochondrial
Methylcrotonoyl-CoA carboxylase subunit alpha, mitochondrial
Probable methylcrotonoyl-CoA carboxylase beta chain, mitochondrial
Unidentified mitochondrial matrix protein
Mitochondrial-processing peptidase subunit alpha
Mitochondrial-processing peptidase subunit beta
Protein mmf1, mitochondrial
Mitochondrial intermediate peptidase
Mitochondrial RNA-splicing protein MRS1
Methylmalonyl-CoA mutase, mitochondrial
Mitochondrial zinc maintenance protein 1, mitochondrial
NifU-like protein, mitochondrial
2-oxoisovalerate dehydrogenase subunit alpha, mitochondrial
78 kDa dihydrolipoyllysine-residue acetyltransferase component of pyruvate dehydrogenase complex
55 kDa dihydrolipoyllysine-residue acetyltransferase component of pyruvate dehydrogenase complex
2-oxoisovalerate dehydrogenase subunit beta 1, mitochondrial
Lipoamide acyltransferase component of branched-chain alpha-keto acid dehydrogenase complex, mitochondrial
2-oxoisovalerate dehydrogenase subunit beta, mitochondrial
Mitochondrial intermediate peptidase 2
Mitochondrial intermediate peptidase 1
NADH kinase POS5, mitochondrial
Protein PET130
Succinate dehydrogenase assembly factor 1, mitochondrial
Succinate dehydrogenase assembly factor 3, mitochondrial
Succinate dehydrogenase assembly factor 1B, mitochondrial
Succinate dehydrogenase assembly factor 1A, mitochondrial
Succinate dehydrogenase assembly factor 4, mitochondrial
NAD-dependent protein deacylase SIR4
NAD-dependent protein deacylase SIR2rp2
ATP-dependent RNA helicase SUV3, mitochondrial
Probable cysteine--tRNA ligase, mitochondrial
Leucine--tRNA ligase, mitochondrial
Methionine--tRNA ligase, mitochondrial
Probable histidine--tRNA ligase, mitochondrial
Probable leucine--tRNA ligase, mitochondrial
Probable methionine--tRNA ligase, mitochondrial
Cysteine--tRNA ligase, mitochondrial
Probable arginine--tRNA ligase, mitochondrial
Isoleucine--tRNA ligase, mitochondrial
Probable isoleucine--tRNA ligase, mitochondrial
Putative uncharacterized protein DDB_G0288137
