14-3-3-like protein GF14 psi
Amino acid transporter 1
14-3-3-like protein GF14 omega
Matteuccin
Calcium-transporting ATPase 4, plasma membrane-type
ABC transporter B family member 27
Putative calcium-transporting ATPase 11, plasma membrane-type
Aconitate hydratase 1
Amino-acid permease 1
Transmembrane ascorbate ferrireductase 1
Actin-8
Isocitrate lyase
Alpha-galactosidase 3
Thiol protease aleurain
Antifungal protein J
ADP-ribosylation factor GTPase-activating protein AGD12
General amino acid permease AGP1
General amino acid permease AGP2
General amino acid permease AGP3
Alliin lyase 1
Histidine kinase 5
Leucine aminopeptidase 3, chloroplastic
ADP,ATP carrier protein 1, mitochondrial
Arabinogalactan protein 1
Basic amino-acid permease
Thiol protease aleurain-like
Alliin lyase 2
Leucine aminopeptidase 1
Annexin D3
Arabinogalactan peptide 2
Aspartic protease inhibitor 8
Aspartic proteinase A2
Aspartic protease inhibitor 7
Alliin lyase
Aspartic protease inhibitor 6
Aspartic protease inhibitor 5
Aldehyde dehydrogenase family 3 member H1
Arabinogalactan peptide 1
Arabinogalactan peptide 3
Aspartic protease inhibitor 11
L-ascorbate peroxidase 3, peroxisomal
AT-rich interactive domain-containing protein 2
Aspartic proteinase A1
Aspartic protease inhibitor 4
Aspartic protease inhibitor 9
Aspartic protease inhibitor 2
Aspartic protease inhibitor 3
Probable apyrase 5
Calcium-transporting ATPase 3
Aspartic proteinase
Phytepsin
Aspartic proteinase oryzasin-1
Autophagy-related protein 8
Avenin-A
Avenin-F
Avenin-3
Pyrophosphate-energized vacuolar membrane proton pump 1
Valine amino-acid permease
Aminotriazole resistance protein
Avenin-E
Pyrophosphate-energized membrane proton pump 2
Leu/Val/Ile amino-acid permease
Beta-galactosidase 9
Beta-glucosidase 21
Blue copper protein
Beta-glucosidase 8
Beta-glucosidase 10
Myrosinase 1
Boron transporter 1
BES1/BZR1 homolog protein 1
Beta-glucosidase 23
Myrosinase 2
C2 domain-containing protein At1g53590
Arginine permease
Vitamin B6 transporter bsu1
Vacuolar aspartic protease
Probable metal homeostasis protein bsd1
Protein C2-DOMAIN ABA-RELATED 10
Vacuolar protease A
Cathepsin B-like CP3
Cathepsin L1
Cytochrome P450 86A1
Carboxypeptidase Y homolog A
Cationic amino acid transporter 4, vacuolar
Cathepsin B-like CP1
Vacuolar cation/proton exchanger 3
CBS domain-containing protein CBSX6
Cationic amino acid transporter 2, vacuolar
Calreticulin-2
Cycloartenol synthase
Calnexin homolog 1
Vacuolar cation/proton exchanger 1
Vacuolar cation/proton exchanger 2
Citrate-binding protein
Calmodulin-3
Protein C2-DOMAIN ABA-RELATED 11
Cationic amino acid transporter 1
Catalase-3
Cathepsin B-like CP2
Serine carboxypeptidase-like
Endochitinase 2
Endochitinase 3
Hevamine-A
Endochitinase 1
Cation/calcium exchanger 3
Calcium-dependent protein kinase 3
Endochitinase A
Endochitinase 4
Endochitinase CH5B
Probable calcium-binding protein CML27
Basic endochitinase B
Basic 30 kDa endochitinase
Endochitinase
CBL-interacting serine/threonine-protein kinase 14
Clathrin heavy chain 1
Endochitinase B
Cytokinin dehydrogenase 3
Calcineurin B-like protein 2
Casein kinase I homolog 1
Cytokinin dehydrogenase 1
Chlorophyllase-1
Calcineurin B-like protein 1
Copper transporter 5
Calcineurin B-like protein 3
Cysteine protease inhibitor 4
Cysteine protease inhibitor 9
Copper transporter 6
Dephospho-CoA kinase
Cysteine protease inhibitor 3
Cysteine protease inhibitor 7
Cold-regulated 413 plasma membrane protein 1
Cystine lyase CORI3
Cysteine-rich repeat secretory protein 38
Cysteine protease inhibitor 10
Cysteine protease inhibitor 5
Cysteine protease inhibitor 8
CSC1-like protein ERD4
Chloroplast stem-loop binding protein of 41 kDa b, chloroplastic
Inositol phosphosphingolipids phospholipase C
Cell wall / vacuolar inhibitor of fructosidase 1
Cysteine protease inhibitor 6
Cell wall / vacuolar inhibitor of fructosidase 2
Cysteine-rich receptor-like protein kinase 29
Cryptochrome-2
Copper transport protein ctr5
Citron Rho-interacting kinase
Cytochrome c1 1, heme protein, mitochondrial
Peptidyl-prolyl cis-trans isomerase CYP22
Cysteine proteinase 3
Cysteine proteinase inhibitor 4
Convicilin
Vignain
Cytochrome b5 isoform E
Cytochrome c1 2, heme protein, mitochondrial
Cysteine proteinase 2
Floral defensin-like protein 1
Floral defensin-like protein 2
Differentiation-associated protein 2
Defensin-like protein
Flower-specific defensin
Delta(24)-sterol reductase
Defensin-like protein 1
Dicarboxylic amino acid permease
Protein DJ-1 homolog A
Protein DETOXIFICATION 35
Protein DETOXIFICATION 40
Glucan endo-1,3-beta-glucosidase
Glucan endo-1,3-beta-glucosidase, basic vacuolar isoform
Glucan endo-1,3-beta-glucosidase, acidic isoform
Protein DETOXIFICATION 29
Glucan endo-1,3-beta-glucosidase, basic isoform 3
Elongation factor 1-beta 2
Glucan endo-1,3-beta-glucosidase, basic vacuolar isoform GLB
Dynamin-2B
Glucan endo-1,3-beta-glucosidase, basic isoform 1
Probable elongation factor 1-gamma 2
Glucan endo-1,3-beta-glucosidase GIV
Elongation factor 1-alpha 4
Glucan endo-1,3-beta-glucosidase B
Glucan endo-1,3-beta-glucosidase, basic vacuolar isoform GGIB50
Mannosylglycoprotein endo-beta-mannosidase
Probable serine protease EDA2
Glucan endo-1,3-beta-glucosidase, basic isoform 2
Glucan endo-1,3-beta-glucosidase 5
Cytosolic endo-beta-N-acetylglucosaminidase 1
Early nodulin-like protein 1
Probable elongation factor 1-gamma 1
Elongation factor 1-alpha 2
Endoplasmin homolog
Sugar transporter ERD6-like 4
Early nodulin-like protein 2
GDSL esterase/lipase ESM1
Late endosome and vacuole interface protein 10
CAAX prenyl protease 1 homolog
Putative F-box/LRR-repeat protein At5g25860
Fatty acid amide hydrolase
Fasciclin-like arabinogalactan protein 18
F-box/kelch-repeat protein At3g16580
Fimbrin-3
Peptidyl-prolyl cis-trans isomerase FKBP65
Flotillin-like protein 3
Peptidyl-prolyl cis-trans isomerase FKBP15-2
Putative alpha-L-fucosidase 1
Fasciclin-like arabinogalactan protein 17
Flotillin-like protein 1
Alpha-L-fucosidase 1
General amino-acid permease GAP1
Gamma-glutamyl hydrolase 2
Glycerophosphodiester phosphodiesterase GDPD5
Gamma-glutamyl hydrolase
GDSL esterase/lipase At1g31550
Gamma-glutamyl hydrolase B
Vacuolar import and degradation protein 24
GDSL esterase/lipase 22
Inactive GDSL esterase/lipase-like protein 25
L-gulonolactone oxidase 3
Glutamate receptor 2.7
Glutelin-2
Inactive GDSL esterase/lipase-like protein 23
GDSL esterase/lipase At1g54020
GDSL esterase/lipase At1g28580
Probable gamma-glutamyl hydrolase 3
Glutamate--glyoxylate aminotransferase 1
Glycinin
GDSL esterase/lipase At3g14220
Gamma-glutamyl hydrolase A
High-affinity fructose transporter ght6
Beta-conglycinin, alpha chain
Gamma-glutamyl hydrolase 1
Beta-conglycinin, alpha' chain
Beta-conglycinin, beta chain
High-affinity glutamine permease
Glutathione S-transferase F2
Glutathione S-transferase F7
Glutathione S-transferase F9
Glutaredoxin-C4
Glutathione S-transferase F6
Histone H4
Glutathione S-transferase F10
Flavin-containing monooxygenase FMO GS-OX-like 4
Probable histone H2A variant 3
Hypersensitive-induced response protein 3
Hevein-like preproprotein
Hepatocyte growth factor-like protein
Hypersensitive-induced response protein 1
HLA class II histocompatibility antigen gamma chain
Beta-hexosaminidase 1
Histidine permease
Hypersensitive-induced response protein 2
H-2 class II histocompatibility antigen gamma chain
Hypersensitive-induced response protein 4
Gamma-hordein-1
Gamma-hordein-3
Heat shock 70 kDa protein 3
Acid beta-fructofuranosidase
Acid beta-fructofuranosidase 3, vacuolar
Beta-fructofuranosidase, insoluble isoenzyme CWINV3
Beta-fructofuranosidase, soluble isoenzyme I
Probable inorganic pyrophosphatase 1
Inositol transporter 1
Beta-fructofuranosidase 1
Myrosinase-binding protein 1
Protease A inhibitor 3
Trypsin inhibitor 1
Acid beta-fructofuranosidase 4, vacuolar
Sexual differentiation process putative amino-acid permease isp5
Jacalin-related lectin 35
Jacalin-related lectin 23
cAMP-dependent protein kinase catalytic subunit
Lysosome-associated membrane glycoprotein 1
Lactose-binding lectin-2
Lectin alpha chain
Long chain base biosynthesis protein 2a
Lamin-like protein
Lachrymatory-factor synthase
Lecithin-cholesterol acyltransferase-like 1
L-type lectin-domain containing receptor kinase S.1
(R)-mandelonitrile lyase 3
Mediator of RNA polymerase II transcription subunit 37f
(R)-mandelonitrile lyase 1
(R)-mandelonitrile lyase 2
Lysine-specific permease
Malate dehydrogenase, cytoplasmic 1
MAP3K epsilon protein kinase 2
Mediator of RNA polymerase II transcription subunit 37a
(R)-mandelonitrile lyase 4
S-methylmethionine permease 1
Probable amino-acid permease meu22
Major latex protein 146
Major latex protein 15
Mitogen-activated protein kinase 16
MAG2-interacting protein 2
Major latex protein 149
Major latex protein 22
Magnesium transporter MRS2-1
Molybdate transporter 1
Monosaccharide-sensing protein 1
Monosaccharide-sensing protein 2
Myosin-16
Myrosinase MB1
Myrosinase MA1
Meiotically up-regulated gene 69 protein
Myrosinase MB2
Myrosinase MB3
Nucleobase-ascorbate transporter 6
Nitrate reductase  2
Non-specific lipid transfer protein-like 1
Sodium/hydrogen exchanger 1
Non-specific phospholipase C3
Protein NUCLEAR FUSION DEFECTIVE 2
Metal transporter Nramp4
Vesicle-fusing ATPase
Nudix hydrolase 3
Metal transporter Nramp3
Dolichyl-diphosphooligosaccharide--protein glycosyltransferase 48 kDa subunit
Osmotin
P34 probable thiol protease
Patatin-02
Patatin-06
Patatin-10
Patatin group A-2
Patatin-B1
Outer envelope pore protein 16-1, chloroplastic
Patatin-03
Patatin-07
Patatin-12
Patatin-16
Farnesylcysteine lyase
Phospholipid:diacylglycerol acyltransferase 1
Patatin
Patatin group A-3
Patatin group D-3
Patatin-01
Patatin-05
Protein PLANT CADMIUM RESISTANCE 1
Protein disulfide-isomerase 2-3
Patatin-04/09
Patatin-08
Patatin-11
Patatin-13
Patatin-14
Patatin-17
Patatin group D-2
Patatin-T5
Peroxidase 22
Peroxidase 38
Patatin group J-1
Patellin-1
Patatin group M-2
Peroxidase 32
Peroxidase 37
Patatin-15
Patatin-B2
Patatin group M-1
Patatin group M-3
Protein disulfide isomerase-like 1-1
Peroxidase 12
Peroxidase C1B
Peroxidase 1
Peroxidase 23
Peroxidase C3
Palmitoyl-protein thioesterase-dolichyl pyrophosphate phosphatase fusion 1
Peroxidase C1A
Peroxidase C1C
Inorganic phosphate transporter 1-4
Peroxidase 17
Peroxidase C2
Phototropin-1
Phaseolin, beta-type
Peroxidase 33
Phaseolin
Plasmepsin-1
Plasmepsin-2
Peroxidase 34
ATPase 1, plasma membrane-type
Prohibitin-2, mitochondrial
Prohibitin-4, mitochondrial
Phospholipase D alpha 1
Phospholipase D alpha 2
Phospholipase D delta
Prohibitin-3, mitochondrial
Phaseolin, alpha-type
Phospholipase D zeta 2
Leptomycin B resistance protein pmd1
Phospholipase A2-alpha
Pathogenesis-related protein 1B
Potassium transporter 7
Pathogenesis-related protein 1C
Bifunctional purple acid phosphatase 26
Prolamin PPROL 14P
Prolamin PPROL 14E
10 kDa prolamin
Pathogenesis-related protein R major form
Purple acid phosphatase 3
Pathogenesis-related protein 1A
Pathogenesis-related protein R minor form
Proteasome subunit alpha type-7-A
Probable ribonuclease P/MRP protein subunit POP5
Serine/threonine-protein phosphatase PP-Z
Pathogenesis-related protein 5
Prolamin PPROL 17D
Proteasome subunit alpha type-3
Transcription factor PRE2
13 kDa prolamin C
Proteasome subunit alpha type-7-B
Proteasome subunit alpha type-4-A
Proteasome subunit beta type-2-A
Protein NRT1/ PTR FAMILY 8.3
Phosphatidylserine decarboxylase proenzyme 2
Patatin-2-Kuras 2
Probable inactive patatin-3-Kuras 1
Patatin-1-Kuras 2
Patatin-2-Kuras 4
Patatin-2-Kuras 1
Patatin-2-Kuras 3
Pumilio homolog 5
Ras-related protein RABB1c
Ras-related protein RABG3d
Probable proline-specific permease put4
Probable peroxygenase 3
Proline-specific permease
Putative respiratory burst oxidase homolog protein G
40S ribosomal protein S15a-5
Ras-related protein RABD2a
Ras-related protein RABA1c
Ras-related protein RABA1b
Ras-related protein RABD2c
Cysteine proteinase RD19a
Ras-related protein Rab-7L1
Resistance to glucose repression protein 1
Cysteine proteinase RD21a
DEAD-box ATP-dependent RNA helicase 40
Dioicin-2
B3 domain-containing protein REM16
60S ribosomal protein L10-3
Reticuline oxidase-like protein
Reactive Intermediate Deaminase A, chloroplastic
Dioicin-1
60S ribosomal protein L11-2
60S ribosomal protein L18-3
60S ribosomal protein L17-1
60S ribosomal protein L10-1
60S ribosomal protein L14-1
60S ribosomal protein L14-2
60S ribosomal protein L11-1
60S ribosomal protein L3-1
60S ribosomal protein L17-2
60S ribosomal protein L18-2
60S ribosomal protein L5-1
60S ribosomal protein L9-1
60S ribosomal protein L4-1
60S ribosomal protein L4-2
60S ribosomal protein L8-1
60S ribosomal protein L7-2
60S ribosomal protein L8-3
60S ribosomal protein L5-2
Ribonuclease T2-like
Macrophage-stimulating protein receptor
Ribonuclease 2
40S ribosomal protein S18
40S ribosomal protein S19-3
40S ribosomal protein S3-1
40S ribosomal protein S5-2
S-adenosylmethionine permease SAM3
Serine carboxypeptidase-like 28
Serine carboxypeptidase-like 34
Reticulon-like protein B1
Adenosylhomocysteinase 1
Serine carboxypeptidase-like 47
Serine carboxypeptidase-like 48
Adenosylhomocysteinase 2
Subtilisin-like protease SBT1.4
Serine carboxypeptidase-like 49
Probable mitochondrial saccharopine dehydrogenase-like oxidoreductase At5g39410
Succinate dehydrogenase subunit 6, mitochondrial
Serine carboxypeptidase-like 25
Serine carboxypeptidase-like 27
Serine carboxypeptidase-like 50
Probable family 17 glucosidase SCW4
Receptor-like serine/threonine-protein kinase SD1-8
Serine-repeat antigen protein
Serine carboxypeptidase-like 26
Serine carboxypeptidase-like 33
Serine carboxypeptidase-like 20
Serine carboxypeptidase-like 29
Serine carboxypeptidase-like 8
Phospholipase SGR2
DExH-box ATP-dependent RNA helicase DExH11
Alpha-soluble NSF attachment protein 2
Cycloartenol-C-24-methyltransferase 1
Spermatogenesis-defective protein 39
Serine protease inhibitor 4
Sporamin B
Sporamin A
Serine protease inhibitor 1
Serine protease inhibitor 2
Protein STRICTOSIDINE SYNTHASE-LIKE 11
Protein STRICTOSIDINE SYNTHASE-LIKE 4
Protein STRICTOSIDINE SYNTHASE-LIKE 7
SPS-sensor component SSY1
Serine protease inhibitor 3
Serine protease inhibitor 5
Probable serine protease inhibitor 6
Protein STRICTOSIDINE SYNTHASE-LIKE 2
Sucrose:sucrose 1-fructosyltransferase
Superoxide dismutase  3
Serine protease inhibitor 7
Protein STRICTOSIDINE SYNTHASE-LIKE 12
Protein STRICTOSIDINE SYNTHASE-LIKE 5
Translocon-associated protein subunit alpha
Syntaxin-3
Sucrose transport protein SUC1
Sucrose synthase 4
Subtilisin-like proteinase Spm1
Protein STRICTOSIDINE SYNTHASE-LIKE 10
Protein STRICTOSIDINE SYNTHASE-LIKE 6
Sugar transport protein 1
Strictosidine synthase
Sucrose transport protein SUC4
Protein STRICTOSIDINE SYNTHASE-LIKE 13
Syntaxin-4
Protein STRICTOSIDINE SYNTHASE-LIKE 9
SUN domain-containing protein 2
Sucrose transport protein SUT2
Tubulin alpha-6 chain
Tubulin beta-7 chain
Tryptophan permease
Tubulin beta-1 chain
Valine/tyrosine/tryptophan amino-acid permease 1
Protein trichome birefringence-like 39
Tonoplast dicarboxylate transporter
Tetraspanin-18
3-ketoacyl-CoA thiolase 1, peroxisomal
Transmembrane protein 208
Transmembrane 9 superfamily member 12
Triosephosphate isomerase, cytosolic
Temperature-induced lipocalin-1
Transmembrane protein 208 homolog
Tripeptidyl-peptidase 2
Alpha,alpha-trehalose-phosphate synthase  1
Thioredoxin H3
TSK-associating protein 1
Probable ubiquitin-conjugating enzyme E2 31
Sterol 3-beta-glucosyltransferase UGT80B1
Polyubiquitin 14
Polyubiquitin 8
Polyubiquitin 3
V-type proton ATPase subunit d2
V-type proton ATPase subunit e1
Biogenesis of lysosome-related organelles complex 1 subunit VAB2
V-type proton ATPase subunit e2
V-type proton ATPase subunit C
V-type proton ATPase subunit D
V-type proton ATPase subunit G1
V-type proton ATPase subunit c1
Vicilin, 14 kDa component
V-type proton ATPase subunit G2
Vicilin C72
V-type proton ATPase subunit a1
Vacuolar import and degradation protein 22
V-type proton ATPase subunit E2
V-type proton ATPase subunit E3
V-type proton ATPase subunit H
Vicilin
V-type proton ATPase catalytic subunit A
V-type proton ATPase subunit B3
V-type proton ATPase subunit G3
V-type proton ATPase subunit c5
Provicilin
V-type proton ATPase subunit c''2
Vicilin GC72-A
V-type proton ATPase subunit d1
Vacuolin-A
Vacuolar import and degradation protein 28
Vacuolin-B
V-type proton ATPase subunit E1
V-type proton ATPase subunit F
V-type proton ATPase subunit c3
V-type proton ATPase subunit a3
Wall-associated receptor kinase 1
V-type proton ATPase subunit B1
V-type proton ATPase subunit c2
Vegetative storage protein 2
Vacuolar protein sorting-associated protein 55 homolog
V-type proton ATPase subunit a2
Vacuolar-sorting receptor 4
Vegetative storage protein 1
Putative BPI/LBP family protein At1g04970
Probably inactive leucine-rich repeat receptor-like protein kinase At5g58150
Probable serine/threonine-protein kinase At4g35230
REF/SRPP-like protein At1g67360
REF/SRPP-like protein At3g05500
F-box protein YDR131C
FAS1 domain-containing protein AFUA_8G05360
FAS1 domain-containing protein NCU02579
FAS1 domain-containing protein AER383W
FAS1 domain-containing protein CaO19.3004
FAS1 domain-containing protein DEHA2G15708g
FAS1 domain-containing protein YDR262W
FAS1 domain-containing protein CAGL0M08734g
FAS1 domain-containing protein KLLA0E16841g
FAS1 domain-containing protein YALI0D26906g
ATP synthase protein YMF19
Probable amino-acid permease PB1C11.02
FAS1 domain-containing protein AN1527
Zein-beta
