Probable protein ariadne-2
Ankyrin repeat and SOCS box protein 4
Cyclin-dependent kinase 8
Cyclin-C
F-box only protein 6
Fanconi anemia group F protein
F-box and leucine-rich protein 22
Probable E3 ubiquitin-protein ligase HECTD2
Probable E3 ubiquitin-protein ligase HECTD4
E3 ubiquitin-protein ligase HECW2
E3 ubiquitin-protein ligase HECTD1
Probable E3 ubiquitin-protein ligase HERC4
E3 ubiquitin-protein ligase HECW1
E3 ISG15--protein ligase Herc6
E3 ISG15--protein ligase HERC5
Probable E3 ubiquitin-protein ligase HERC3
Probable E3 ubiquitin-protein ligase HERC6
Mediator of RNA polymerase II transcription subunit 21
Mediator of RNA polymerase II transcription subunit 27
Mediator of RNA polymerase II transcription subunit 10
Mediator of RNA polymerase II transcription subunit 31
Mediator of RNA polymerase II transcription subunit 7
Mediator of RNA polymerase II transcription subunit 11
Mediator of RNA polymerase II transcription subunit 23
Mediator of RNA polymerase II transcription subunit 17
Mediator of RNA polymerase II transcription subunit 12
Mediator of RNA polymerase II transcription subunit 20
Mediator of RNA polymerase II transcription subunit 24
Non-structural maintenance of chromosomes element 1
PDZ domain-containing protein 4
E3 ubiquitin-protein ligase pellino homolog 1
Pre-mRNA-processing factor 19 homolog 1
Pre-mRNA-processing factor 19 homolog 2
E3 ubiquitin-protein ligase ptr1
U-box domain-containing protein 30
E3 ubiquitin-protein ligase pub2
Suppressor of kinetochore protein 1
S-phase kinase-associated protein 2
Slo-interacting protein 1
Seven in absentia homolog 3
E3 ubiquitin ligase complex SCF subunit scon-3
E3 ubiquitin ligase complex SCF subunit sconC
Probable E3 ubiquitin-protein ligase TOM1
Ubiquitin-protein ligase E3B
E3 ubiquitin-protein ligase UPL2
E3 ubiquitin-protein ligase UPL4
E3 ubiquitin-protein ligase UPL7
E3 ubiquitin-protein ligase UPL6
Protein Vhl
Von Hippel-Lindau tumor suppressor homolog
Von Hippel-Lindau disease tumor suppressor
Probable ubiquitin fusion degradation protein C12B10.01c
