AP-3 complex subunit mu-1
Vacuolar fusion protein CCZ1 homolog
Ceruloplasmin
Protein CLEC16A
Cystinosin homolog
Class II histocompatibility antigen, M beta 1 chain
Patr class II histocompatibility antigen, DO beta chain
DNA damage-regulated autophagy modulator protein 1
Protein eva-1 homolog A
Integral membrane protein GPR137B
Heparanase-like protein 2
Heme transporter hrg1-A
Heme transporter HRG1
Heme transporter hrg1-B
Lysosomal amino acid transporter 1
Lysosomal amino acid transporter 1 homolog
Lysosome-associated membrane glycoprotein 3
Lysosome membrane protein 2-C
Monocyte to macrophage differentiation factor
Lysosomal acid phosphatase
Probable cationic amino acid transporter
SID1 transmembrane family member 2
TLD domain-containing protein 1
Transmembrane 6 superfamily member 1
Transmembrane 9 superfamily member 1
Transmembrane protein 74
Transmembrane protein 192
Tetraspanin-1
WD repeat-containing protein 41
