Arylacetamide deacetylase
Putative lipase atg15
Putative lipase ATG15-1
Putative lipase ATG15
NADPH-dependent 1-acyldihydroxyacetone phosphate reductase
Bile salt-activated lipase
Carboxylesterase 1D
Carboxylesterase 1C
Carboxylesterase 1E
Liver carboxylesterase 1
Liver carboxylesterase 4
Carboxylesterase 5A
Extracellular esterase EstB
Carboxylesterase 3B
Carboxylesterase 3A
Lipase EstA
Carboxylesterase 3
Lipid droplet hydrolase 1
Lipase
Hepatic triacylglycerol lipase
Extracellular lipase
Gastric triacylglycerol lipase
Lactonizing lipase
Pancreatic triacylglycerol lipase
Hormone-sensitive lipase
Lipase 1
Secreted lipase ARB_01498
Lipase 2
Probable secreted lipase ARB_02369
Lipase 3
Lipase 6
Lipase 9
Lipase A
Lipase B
Pancreatic lipase-related protein 2
Pancreatic lipase-related protein 3
Peroxisomal membrane protein LPX1
Triacylglycerol lipase 2
Lipase 7
Inactive pancreatic lipase-related protein 1
Lipase 4
Triacylglycerol lipase 1
Lipase 5
Lipase 10
Secreted lipase ARB07186/07185
Lipase 8
Lipase, thermostable
Phospholipase A1-Igamma2, chloroplastic
Phospholipase A1-Ialpha2, chloroplastic
Phospholipase A1-Igamma3, chloroplastic
Patatin-like phospholipase domain-containing protein 2
Patatin-like phospholipase domain-containing protein An01g04180
Patatin-like phospholipase domain-containing protein DEHA2B04136g
Patatin-like phospholipase domain-containing protein NFIA_019760
Phospholipase A1-Igamma1, chloroplastic
Patatin-like phospholipase domain-containing protein 4
Patatin-like phospholipase domain-containing protein ACLA_029670
Phospholipase A1-Ibeta2, chloroplastic
Patatin-like phospholipase domain-containing protein AFUA_1G04970
Patatin-like phospholipase domain-containing protein CNBE2340
Patatin-like phospholipase domain-containing protein AN0408
Patatin-like phospholipase domain-containing protein PGUG_03164
Patatin-like phospholipase domain-containing protein 3
Patatin-like phospholipase domain-containing protein CaO19.1504
Patatin-like phospholipase domain-containing protein CNE02340
Patatin-like phospholipase domain-containing protein OOU_Y34scaffold00095g16.3
Patatin-like phospholipase domain-containing protein AO090003000839
Patatin-like phospholipase domain-containing protein CHGG_02900
Patatin-like phospholipase domain-containing protein MGG_12849
Patatin-like phospholipase domain-containing protein NCU11180
Patatin-like phospholipase domain-containing protein ATEG_02594
Patatin-like phospholipase domain-containing protein CIMG_04897
Patatin-like phospholipase domain-containing protein LELG_00944
Patatin-like phospholipase domain-containing protein SNOG_00918
Patatin-like phospholipase domain-containing protein YALI0D16379g
Triacylglycerol lipase SDP1L
Probable inactive lipase Rv1592c
Probable inactive lipase MT1628
Esterase YjfP
