Alanyl-tRNA editing protein Aarsd1
Aminoacyl tRNA synthase complex-interacting multifunctional protein 2
RAC-alpha serine/threonine-protein kinase
Probable aminoacyl tRNA synthase complex-interacting multifunctional protein 2
Serine-protein kinase ATM
Acetylserotonin O-methyltransferase
General stress protein ctc
General stress protein CTC
Peptide deformylase 1
Peptide deformylase 2
Peptide deformylase-like
Peptide deformylase 1B, chloroplastic
Peptide deformylase 1A, chloroplastic/mitochondrial
Peptide deformylase 3
Peptide deformylase 4
Peptide deformylase, mitochondrial
Peptide deformylase 1A, chloroplastic
Deoxyhypusine synthase
Peptide deformylase 1B, chloroplastic/mitochondrial
Protein DOM34
Eukaryotic translation initiation factor 2-alpha kinase 3
Interferon-induced, double-stranded RNA-activated protein kinase
D-aminoacyl-tRNA deacylase
Putative Cys-tRNA(Pro)/Cys-tRNA(Cys) deacylase EbsC
Embryonic polyadenylate-binding protein A
Energy-dependent translational throttle protein EttA
Elongation factor Tu GTP-binding domain-containing protein 1
Embryonic polyadenylate-binding protein
Eukaryotic peptide chain release factor GTP-binding subunit ERF3B
Embryonic polyadenylate-binding protein B
Glutamyl-tRNA(Gln) amidotransferase subunit A 1
Aspartyl/glutamyl-tRNA(Asn/Gln) amidotransferase subunit B
Glutamyl-tRNA(Gln) amidotransferase subunit B, mitochondrial
Glutamyl-tRNA(Gln) amidotransferase subunit A
Glutamyl-tRNA(Gln) amidotransferase subunit B-1, chloroplastic/mitochondrial
Glutamyl-tRNA(Gln) amidotransferase subunit B, chloroplastic/mitochondrial
Glutamyl-tRNA(Gln) amidotransferase subunit C-2, mitochondrial
Aspartyl/glutamyl-tRNA(Asn/Gln) amidotransferase subunit C
Glutamyl-tRNA(Gln) amidotransferase subunit C
Glutamyl-tRNA(Gln) amidotransferase subunit C, chloroplastic/mitochondrial
Glutamyl-tRNA(Gln) amidotransferase subunit C, mitochondrial
Probable glutamyl-tRNA(Gln) amidotransferase subunit C
Glutamyl-tRNA(Gln) amidotransferase subunit D
Glutamyl-tRNA(Gln) amidotransferase subunit E
Glutamyl-tRNA(Gln) amidotransferase subunit F, mitochondrial
Glutamyl-tRNA(Gln) amidotransferase subunit B-2, chloroplastic/mitochondrial
Probable serine/threonine-protein kinase GCN2
Aspartyl/glutamyl-tRNA(Asn/Gln) amidotransferase subunit B 2
Glutamyl-tRNA(Gln) amidotransferase subunit C 1
Glutamyl-tRNA(Gln) amidotransferase subunit C-3, mitochondrial
Glutamyl-tRNA(Gln) amidotransferase subunit A 2
Aspartyl/glutamyl-tRNA(Asn/Gln) amidotransferase subunit B 1
Glutamyl-tRNA(Gln) amidotransferase subunit B, organellar chromatophore
Glutamyl-tRNA(Gln) amidotransferase subunit C-1, mitochondrial
Glutamyl-tRNA(Gln) amidotransferase subunit C 2
Glutamyl-tRNA(Gln) amidotransferase subunit C-4, mitochondrial
General stress protein 13
Translation factor GUF1, mitochondrial
Translation factor GUF1 homolog 2, mitochondrial
Translation factor guf1, mitochondrial
Translation factor GUF1 homolog, mitochondrial
Translation factor GUF1 homolog, chloroplastic
Translation factor GUF1 homolog 1, mitochondrial
Translation factor waclaw, mitochondrial
Translation factor GUF1 homolog, organellar chromatophore
Translation factor Guf1, mitochondrial
50S ribosomal protein HLL, mitochondrial
50S ribosomal protein HLP, mitochondrial
Heat shock protein SSB
Heat shock protein ECU02_0100
Heat shock protein SSB1
4-hydroxy-3-methylbut-2-enyl diphosphate reductase
Adenylate kinase
Elongation factor 4
Ribosomal protein S6 kinase beta-2
Putative elongation factor 4
Eukaryotic translation elongation factor 1 epsilon-1
Methyltransferase-like protein 17, mitochondrial
Dolichyl-diphosphooligosaccharide--protein glycosyltransferase 48 kDa subunit
Oxytetracycline resistance protein
Polyadenylate-binding protein 1-A
Polyadenylate-binding protein 1-B
Polyadenylate-binding protein 4
Pentatricopeptide repeat-containing protein 4, mitochondrial
Pentatricopeptide repeat-containing protein 2, mitochondrial
Pentatricopeptide repeat-containing protein 8, mitochondrial
Pentatricopeptide repeat-containing protein 5, mitochondrial
Pentatricopeptide repeat-containing protein 6, mitochondrial
Pentatricopeptide repeat-containing protein 1, mitochondrial
50S ribosomal protein 6, chloroplastic
Pentatricopeptide repeat-containing protein 7, mitochondrial
Peptidyl-tRNA hydrolase 1
Peptidyl-tRNA hydrolase 2
Peptidyl-tRNA hydrolase
60S ribosomal protein L10a
60S ribosomal protein L13a-1
40S ribosomal protein S15a-3
60S ribosomal protein L23a 1
50S ribosomal protein L31 type B 2
Periviscerokinin-3
60S ribosomal protein L10a-2
60S ribosomal protein L13a-2
60S ribosomal protein L23a-1
60S ribosomal protein L27a-2
Ubiquitin-40S ribosomal protein S27a-2
60S ribosomal protein L10a-3
60S ribosomal protein L27a-3
60S ribosomal protein L35a-1
60S ribosomal protein L13a-3
40S ribosomal protein S15a-2
60S ribosomal protein L35a-4
60S ribosomal protein L10a-1
60S ribosomal protein L18a-1
60S ribosomal protein L23a 2
Ubiquitin-40S ribosomal protein S27a-1
Ubiquitin-40S ribosomal protein S27a-3
Putative 60S ribosomal protein L37a-1
Putative 60S ribosomal protein L13a protein RPL13AP3
40S ribosomal protein S15a-4
60S ribosomal protein L27a-1
60S ribosomal protein L27a-2/4
50S ribosomal protein L31 type B 1
60S ribosomal protein L35a-3
60S ribosomal protein L37a-2
RNA-binding protein 3
60S ribosomal protein L13a-4
60S ribosomal protein L18a-3
60S ribosomal protein L23a-2
60S ribosomal protein L35a-2
Putative 60S ribosomal protein L39-like 5
Probable alpha-L-glutamate ligase 1
Probable alpha-L-glutamate ligase 2
Ribosomal protein S6--L-glutamate ligase
Probable alpha-L-glutamate ligase
Ribosome maturation factor RimP
50S ribosomal protein L12, chloroplastic
50S ribosomal protein L14, chloroplastic
50S ribosomal protein L14, plastid
50S ribosomal protein L14, apicoplast
50S ribosomal protein L15, chloroplastic
50S ribosomal protein L16, chloroplastic
50S ribosomal protein L16, plastid
50S ribosomal protein L16, cyanelle
50S ribosomal protein L18, chloroplastic
50S ribosomal protein L19, cyanelle
50S ribosomal protein L19, chloroplastic
50S ribosomal protein L1, chloroplastic
50S ribosomal protein L1, cyanelle
50S ribosomal protein L20, chloroplastic
50S ribosomal protein L20, cyanelle
50S ribosomal protein L20, plastid
50S ribosomal protein L20, organellar chromatophore
50S ribosomal protein L21, chloroplastic
50S ribosomal protein L22, chloroplastic
50S ribosomal protein L23-A, chloroplastic
50S ribosomal protein L23, chloroplastic
50S ribosomal protein L24, chloroplastic
50S ribosomal protein L27, chloroplastic
50S ribosomal protein L28, cyanelle
50S ribosomal protein L29, chloroplastic
50S ribosomal protein L2-A, chloroplastic
50S ribosomal protein L2, chloroplastic
50S ribosomal protein L2, plastid
50S ribosomal protein L31, chloroplastic
50S ribosomal protein L32, chloroplastic
50S ribosomal protein L33, chloroplastic
50S ribosomal protein L34, chloroplastic
50S ribosomal protein L36, chloroplastic
Plastid 50S ribosomal protein L36
50S ribosomal protein L36, plastid
50S ribosomal protein L3, chloroplastic
50S ribosomal protein L4, chloroplastic
50S ribosomal protein L5, chloroplastic
50S ribosomal protein L6, chloroplastic
50S ribosomal protein L9, chloroplastic
60S ribosomal protein L10-1
50S ribosomal protein L10e
60S ribosomal protein L10-like
50S ribosomal protein L10
60S ribosomal protein L10
Peptide chain release factor 2
50S ribosomal protein L11, chloroplastic
50S ribosomal protein L12-2, chloroplastic
50S ribosomal protein L13, chloroplastic
50S ribosomal protein L16, organellar chromatophore
50S ribosomal protein L19-1, chloroplastic
50S ribosomal protein L22, plastid
50S ribosomal protein L2-B, chloroplastic
50S ribosomal protein L2, apicoplast
50S ribosomal protein L3-1, chloroplastic
60S ribosomal protein L10-2
60S ribosomal protein L11-A
50S ribosomal protein L11-2
60S ribosomal protein L12-3
60S ribosomal protein L13-3
60S ribosomal protein L13a
50S ribosomal protein L13e
60S ribosomal protein L13
50S ribosomal protein L13
50S ribosomal protein L14e
50S ribosomal protein L12, cyanelle
50S ribosomal protein L12, plastid
50S ribosomal protein L14, organellar chromatophore
50S ribosomal protein L19, plastid
50S ribosomal protein L22, organellar chromatophore
50S ribosomal protein L23-B, chloroplastic
50S ribosomal protein L28, chloroplastic
50S ribosomal protein L2, cyanelle
50S ribosomal protein L33, plastid
50S ribosomal protein L35, chloroplastic
50S ribosomal protein L3, organellar chromatophore
50S ribosomal protein L11
60S ribosomal protein L11
60S ribosomal protein L13-1
60S ribosomal protein L14
50S ribosomal protein L14
50S ribosomal protein L15e
60S ribosomal protein L15
50S ribosomal protein L15
50S ribosomal protein L16
50S ribosomal protein L12-3, chloroplastic
50S ribosomal protein L18, cyanelle
50S ribosomal protein L21, cyanelle
50S ribosomal protein L3, cyanelle
50S ribosomal protein L6, cyanelle
50S ribosomal protein L11-1
60S ribosomal protein L11-B
60S ribosomal protein L12
60S ribosomal protein L15-1
50S ribosomal protein L17
60S ribosomal protein L17
60S ribosomal protein L18a
50S ribosomal protein L18Ae
50S ribosomal protein L18e
60S ribosomal protein L18
50S ribosomal protein L18
60S ribosomal protein L19-1
50S ribosomal protein L19e
60S ribosomal protein L19
50S ribosomal protein L19
50S ribosomal protein L12-1, chloroplastic
50S ribosomal protein L22, cyanelle
50S ribosomal protein L32, plastid
50S ribosomal protein L33, organellar chromatophore
50S ribosomal protein L5, cyanelle
50S ribosomal protein L5, plastid
50S ribosomal protein L5, organellar chromatophore
Putative 60S ribosomal protein L13-2
60S ribosomal protein L18-A
60S ribosomal protein L19-3
50S ribosomal protein L20
60S ribosomal protein L21-2
50S ribosomal protein L21
60S ribosomal protein L21
50S ribosomal protein L21e
60S ribosomal protein L22 1
50S ribosomal protein L22
50S ribosomal protein L17, chloroplastic
50S ribosomal protein L19-2, chloroplastic
Putative 50S ribosomal protein L23, chloroplastic
50S ribosomal protein L23, plastid
50S ribosomal protein L33, cyanelle
50S ribosomal protein L35, cyanelle
50S ribosomal protein L36, cyanelle
50S ribosomal protein L3-2, chloroplastic
60S ribosomal protein L12-A
60S ribosomal protein L12-B
60S ribosomal protein L15-2
60S ribosomal protein L19-2
Putative 60S ribosomal protein L22-1
60S ribosomal protein L22
60S ribosomal protein L23A
50S ribosomal protein L23
60S ribosomal protein L23
50S ribosomal protein L23P
50S ribosomal protein L24
60S ribosomal protein L24
50S ribosomal protein L24P
50S ribosomal protein L25
50S ribosomal protein L14, cyanelle
50S ribosomal protein L24, organellar chromatophore
50S ribosomal protein L36, apicoplast
50S ribosomal protein L11-2/L11-3
Probable 60S ribosomal protein L14
60S ribosomal protein L16
60S ribosomal protein L20-B
60S ribosomal protein L21-1
60S ribosomal protein L22-3
60S ribosomal protein L23a
60S ribosomal protein L25
60S ribosomal protein L27a
50S ribosomal protein L27
60S ribosomal protein L27
50S ribosomal protein L28 1
60S ribosomal protein L28-2
50S ribosomal protein L28
60S ribosomal protein L28
50S ribosomal protein L29
60S ribosomal protein L29
50S ribosomal protein L29P
60S ribosomal protein L13-2
60S ribosomal protein L14, hydrogenosomal
60S ribosomal protein L17-1
60S ribosomal protein L17-2
Putative 60S ribosomal protein L18-1
60S ribosomal protein L18-B
60S ribosomal protein L22-2
60S ribosomal protein L26
50S ribosomal protein L28-1
50S ribosomal protein L28-2
60S ribosomal protein L29-2
50S ribosomal protein L30e
60S ribosomal protein L30
50S ribosomal protein L30
50S ribosomal protein L30P
60S ribosomal protein L31-2
50S ribosomal protein L31 type B
60S ribosomal protein L31
50S ribosomal protein L31
50S ribosomal protein L31e
50S ribosomal protein L11, cyanelle
Putative 50S ribosomal protein L18, apicoplastic
50S ribosomal protein L34, cyanelle
50S ribosomal protein L36, organellar chromatophore
60S ribosomal protein L12-2
50S ribosomal protein L28 2
Putative 50S ribosomal protein L28
Putative 60S ribosomal protein L30-1
50S ribosomal protein L32-1
50S ribosomal protein L32-2
60S ribosomal protein L32
50S ribosomal protein L32
50S ribosomal protein L32e
50S ribosomal protein L33 1
50S ribosomal protein L33 2
50S ribosomal protein L33 3
60S ribosomal protein L34-1
50S ribosomal protein L34
50S ribosomal protein L34e
60S ribosomal protein L34
60S ribosomal protein L35-2
60S ribosomal protein L35a
50S ribosomal protein L35
60S ribosomal protein L1
50S ribosomal protein L1
60S ribosomal protein L22 2
60S ribosomal protein L22-like 1
60S ribosomal protein L2-A
60S ribosomal protein L2-B
50S ribosomal protein L2
60S ribosomal protein L2
50S ribosomal protein L32 1
60S ribosomal protein L32-2
50S ribosomal protein L32 2
60S ribosomal protein L35-1
50S ribosomal protein L35Ae
60S ribosomal protein L35
50S ribosomal protein L36 2
60S ribosomal protein L36a
50S ribosomal protein L36
60S ribosomal protein L37-2
50S ribosomal protein L37Ae
60S ribosomal protein L37a
60S ribosomal protein L37
60S ribosomal protein L38
50S ribosomal protein L39e
60S ribosomal protein L39
60S ribosomal protein L3
50S ribosomal protein L3
Ribosomal protein L18
60S ribosomal protein L23-A
60S ribosomal protein L28-1
60S ribosomal protein L2, hydrogenosomal
60S ribosomal protein L31-3
60S ribosomal protein L3-2
60S ribosomal protein L35-3
60S ribosomal protein L36
50S ribosomal protein L37e
60S ribosomal protein L39-1
60S ribosomal protein L39-3
50S ribosomal protein L40e
Ubiquitin-60S ribosomal protein L40
60S ribosomal protein L41-B
60S ribosomal protein L44
60S ribosomal protein L4-B
50S ribosomal protein L4
50S ribosomal protein L5
60S ribosomal protein L5
60S ribosomal protein L6-1
50S ribosomal protein L6
60S ribosomal protein L6
60S ribosomal protein L20-A
50S ribosomal protein L25 2
60S ribosomal protein L26-2
60S ribosomal protein L29-1
60S ribosomal protein L30-2
50S ribosomal protein L36 1
60S ribosomal protein L3-like
Ubiquitin-60S ribosomal protein L40-1
60S ribosomal protein L41
60S ribosomal protein L4
60S ribosomal protein L6-2
50S ribosomal protein L7Ae
50S ribosomal protein L7/L12
60S ribosomal protein L8
50S ribosomal protein L9
60S ribosomal protein L9
60S ribosomal protein L23-B
50S ribosomal protein L25 1
60S ribosomal protein L27-1
60S ribosomal protein L27-3
60S ribosomal protein L37-1
Ubiquitin-60S ribosomal protein L40-2
60S ribosomal protein L43
60S ribosomal protein L4-A
60S ribosomal protein L5-1
60S ribosomal protein L27-2
60S ribosomal protein L32-1
50S ribosomal protein L33 type 3
60S ribosomal protein L35-4
60S ribosomal protein L36-1
Probable 60S ribosomal protein L37-B
60S ribosomal protein L41-A
60S ribosomal protein L44 Q
60S ribosomal protein L5-2
60S ribosomal protein L5-A
Probable ribosome biogenesis protein RLP24
54S ribosomal protein L2, mitochondrial
39S ribosomal protein L2, mitochondrial
39S ribosomal protein L4, mitochondrial
54S ribosomal protein L4, mitochondrial
60S ribosomal protein L5, mitochondrial
39S ribosomal protein L9, mitochondrial
39S ribosomal protein L10, mitochondrial
60S ribosomal protein L11, mitochondrial
39S ribosomal protein L11, mitochondrial
39S ribosomal protein L13, mitochondrial
60S ribosomal protein L16-like, mitochondrial
Probable 39S ribosomal protein L17, mitochondrial
39S ribosomal protein L19, mitochondrial
39S ribosomal protein L20, mitochondrial
39S ribosomal protein L22, mitochondrial
Probable 39S ribosomal protein L23, mitochondrial
Probable 39S ribosomal protein L24, mitochondrial
39S ribosomal protein L27, mitochondrial
54S ribosomal protein L27, mitochondrial
Probable 39S ribosomal protein L35, mitochondrial
39S ribosomal protein L37, mitochondrial
39S ribosomal protein L41-B, mitochondrial
Probable 39S ribosomal protein L49, mitochondrial
39S ribosomal protein L51, mitochondrial
39S ribosomal protein L52, mitochondrial
60S ribosomal protein L2-C
60S ribosomal protein L30-3
60S ribosomal protein L31-1
60S ribosomal protein L37-3
Putative 60S ribosomal protein L37a-like protein
60S ribosomal protein L8-2
60S ribosomal protein L6, mitochondrial
39S ribosomal protein L18, mitochondrial
50S ribosomal protein L21, mitochondrial
60S ribosomal protein L32, mitochondrial
39S ribosomal protein L33, mitochondrial
39S ribosomal protein L36, mitochondrial
39S ribosomal protein L39, mitochondrial
39S ribosomal protein L49, mitochondrial
39S ribosomal protein L55, mitochondrial
50S ribosomal protein L32-3
Putative 60S ribosomal protein L32'
50S ribosomal protein L33 4
60S ribosomal protein L34-3
60S ribosomal protein L36a-like
Probable 60S ribosomal protein L37-A
Putative 60S ribosomal protein L37a
50S ribosomal protein L38E
60S ribosomal protein L39-2
Ribosomal protein L3
60S ribosomal protein L44 P
39S ribosomal protein L1, mitochondrial
60S ribosomal protein L2, mitochondrial
39S ribosomal protein L12, mitochondrial
60S ribosomal protein L14, mitochondrial
39S ribosomal protein L14, mitochondrial
39S ribosomal protein L15, mitochondrial
39S ribosomal protein L16, mitochondrial
39S ribosomal protein L17, mitochondrial
Probable 39S ribosomal protein L19, mitochondrial
Probable 39S ribosomal protein L21, mitochondrial
Probable 39S ribosomal protein L27, mitochondrial
39S ribosomal protein L28, mitochondrial
39S ribosomal protein L32, mitochondrial
39S ribosomal protein L35, mitochondrial
60S ribosomal protein L39-like
60S ribosomal protein L5-B
60S ribosomal protein L6-3
60S ribosomal protein L7
60S ribosomal protein L1, mitochondrial
60S ribosomal protein L16, mitochondrial
Probable 39S ribosomal protein L22, mitochondrial
60S ribosomal protein L27, mitochondrial
Probable 39S ribosomal protein L33, mitochondrial
39S ribosomal protein L34, mitochondrial
39S ribosomal protein L41-A, mitochondrial
39S ribosomal protein L47, mitochondrial
Ribosomal protein VAR1, mitochondrial
39S ribosomal protein L3, mitochondrial
Probable 39S ribosomal protein L11, mitochondrial
39S ribosomal protein L23, mitochondrial
39S ribosomal protein L24, mitochondrial
39S ribosomal protein L41, mitochondrial
60S ribosomal protein L9-2
Putative 39S ribosomal protein L3, mitochondrial
60S ribosomal protein L19, mitochondrial
Probable 39S ribosomal protein L32, mitochondrial
39S ribosomal protein L43, mitochondrial
Probable 54S ribosomal protein L9, mitochondrial
Required for meiotic nuclear division protein 1 homolog
Fused L13/S9 ribosomal protein
39S ribosomal protein L42, mitochondrial
39S ribosomal protein L21, mitochondrial
Dolichyl-diphosphooligosaccharide--protein glycosyltransferase subunit 2
Ribosome quality control complex subunit 2
30S ribosomal protein S10, chloroplastic
30S ribosomal protein S11, chloroplastic
Plastid 30S ribosomal protein S11
30S ribosomal protein S12, chloroplastic
Apicoplast 30S ribosomal protein S12
Plastid 30S ribosomal protein S12
30S ribosomal protein S14, chloroplastic
30S ribosomal protein S14, plastid
30S ribosomal protein S15, plastid
30S ribosomal protein S15, chloroplastic
30S ribosomal protein S16, chloroplastic
30S ribosomal protein S17, chloroplastic
30S ribosomal protein S18, chloroplastic
Plastid 30S ribosomal protein S18
30S ribosomal protein S19, chloroplastic
Plastid 30S ribosomal protein S19
30S ribosomal protein S1, chloroplastic
30S ribosomal protein S20, chloroplastic
30S ribosomal protein S2, chloroplastic 2
Plastid 30S ribosomal protein S2
30S ribosomal protein S2, chloroplastic
30S ribosomal protein S3, chloroplastic
Plastid 30S ribosomal protein S3
30S ribosomal protein S4, chloroplastic
Cyanelle 30S ribosomal protein S4
30S ribosomal protein S5, chloroplastic
30S ribosomal protein S6, cyanelle
30S ribosomal protein S6, chloroplastic
30S ribosomal protein S7, chloroplastic
30S ribosomal protein S7, plastid
30S ribosomal protein S8, chloroplastic
30S ribosomal protein S9, plastid
30S ribosomal protein S12-A, chloroplastic
30S ribosomal protein S13, chloroplastic
Cyanelle 30S ribosomal protein S14
Plastid 30S ribosomal protein S14
30S ribosomal protein S2, plastid
Plastid 30S ribosomal protein S4
30S ribosomal protein S9, cyanelle
30S ribosomal protein S9, chloroplastic
Ribosome-recycling factor, mitochondrial
Ribosome-releasing factor 2, mitochondrial
Ribosome-recycling factor, chloroplastic
Probable 30S ribosomal protein PSRP-3
Probable 30S ribosomal protein 3, chloroplastic
30S ribosomal protein S10
30S ribosomal protein S11, plastid
30S ribosomal protein S12-B, chloroplastic
Cyanelle 30S ribosomal protein S17
Chloroplast 30S ribosomal protein S18
Cyanelle 30S ribosomal protein S18
30S ribosomal protein S19, plastid
30S ribosomal protein S19, organellar chromatophore
30S ribosomal protein S2, organellar chromatophore
30S ribosomal protein S6 alpha, chloroplastic
30S ribosomal protein S8, plastid
40S ribosomal protein S10b
40S ribosomal protein S11-2
30S ribosomal protein S11
40S ribosomal protein S11
30S ribosomal protein S12
30S ribosomal protein S13
Dolichyl-diphosphooligosaccharide--protein glycosyltransferase subunit 1
Cyanelle 30S ribosomal protein S10
Cyanelle 30S ribosomal protein S11
30S ribosomal protein S13-2, chloroplastic
30S ribosomal protein S18, organellar chromatophore
30S ribosomal protein S2, apicoplast
30S ribosomal protein S7, cyanelle
Ribosome-binding protein 1
40S ribosomal protein S11-A
40S ribosomal protein S12
40S ribosomal protein S13
40S ribosomal protein S14a
40S ribosomal protein S14-B
30S ribosomal protein S14
40S ribosomal protein S14
40S ribosomal protein S15a
30S ribosomal protein S15
40S ribosomal protein S15
40S ribosomal protein S16-2
30S ribosomal protein S16
30S ribosomal protein S19 alpha, chloroplastic
Putative 30S ribosomal S2-like protein
30S ribosomal protein S5, cyanelle
30S ribosomal protein S7, organellar chromatophore
30S ribosomal protein 3-2, chloroplastic
40S ribosomal protein S14-2
40S ribosomal protein S14b
40S ribosomal protein S15-5
40S ribosomal protein S15Aa
40S ribosomal protein S16-A
40S ribosomal protein S16
40S ribosomal protein S17-2
30S ribosomal protein S17e
30S ribosomal protein S17P
40S ribosomal protein S17
30S ribosomal protein S17
30S ribosomal protein S18
40S ribosomal protein S18
30S ribosomal protein S19e
40S ribosomal protein S19
30S ribosomal protein S19
Cyanelle 30S ribosomal protein S12
Cyanelle 30S ribosomal protein S19
40S ribosomal protein S10a
40S ribosomal protein S11-3
40S ribosomal protein S12-1
30S ribosomal protein S17 2
40S ribosomal protein S19G
30S ribosomal protein S20
30S ribosomal protein S21 1
30S ribosomal protein S21 2
30S ribosomal protein S21 3
30S ribosomal protein S21 A
30S ribosomal protein S21 B
40S ribosomal protein S21
30S ribosomal protein S21
40S ribosomal protein S22-A
40S ribosomal protein S23-A
40S ribosomal protein S23-B
40S ribosomal protein S2-4
40S ribosomal protein S24
30S ribosomal protein S24e
40S ribosomal protein S26
Ubiquitin-40S ribosomal protein S27a
40S ribosomal protein S27-3
Cyanelle 30S ribosomal protein S13
30S ribosomal protein S15, organellar chromatophore
Cyanelle 30S ribosomal protein S16
30S ribosomal protein S21, chloroplastic
Cyanelle 30S ribosomal protein S2
Cyanelle 30S ribosomal protein S3
30S ribosomal protein S8, cyanelle
40S ribosomal protein S12-2
40S ribosomal protein S13-1
30S ribosomal protein S14 2
40S ribosomal protein S17-4
Putative 30S ribosomal protein S17P-like
30S ribosomal protein S18 1
30S ribosomal protein S18 2
40S ribosomal protein S19-1
40S ribosomal protein S20
30S ribosomal protein S21 C
40S ribosomal protein S22-B
40S ribosomal protein S23-1
40S ribosomal protein S27-like
40S ribosomal protein S28-1
30S ribosomal protein S28e
40S ribosomal protein S28
40S ribosomal protein S29
30S ribosomal protein S2
40S ribosomal protein S2
40S ribosomal protein S30
40S ribosomal protein S3-2
40S ribosomal protein S1-A
40S ribosomal protein S3a-2
40S ribosomal protein S1
40S ribosomal protein S3a
30S ribosomal protein S3Ae
30S ribosomal protein S3
30S ribosomal protein S4 A
30S ribosomal protein S4 B
30S ribosomal protein S4e
40S ribosomal protein S4, X isoform
40S ribosomal protein S4, Y isoform 1
30S ribosomal protein S4
Cyanelle 30S ribosomal protein S20
30S ribosomal protein S2, chloroplastic 1
30S ribosomal protein S14 1
40S ribosomal protein S15-3
40S ribosomal protein S17-3
40S ribosomal protein S19b
40S ribosomal protein S22
40S ribosomal protein S23
40S ribosomal protein S26-2
40S ribosomal protein S27-1
40S ribosomal protein S29A
40S ribosomal protein S3-B
40S ribosomal protein S3a-1
40S ribosomal protein S1-B
40S ribosomal protein S3a-A
40S ribosomal protein S3
40S ribosomal protein S4
30S ribosomal protein S5
30S ribosomal protein S6e
40S ribosomal protein S6
30S ribosomal protein S6
30S ribosomal protein S7
40S ribosomal protein S7
40S ribosomal protein S11-1
40S ribosomal protein S11-B
30S ribosomal protein S14 type Z
40S ribosomal protein S15-6
40S ribosomal protein S16-1
40S ribosomal protein S20-1
40S ribosomal protein S2-1
40S ribosomal protein S26E
Ubiquitin-like protein 1-40S ribosomal protein S27a
40S ribosomal protein S28-2
40S ribosomal protein S28-B
30S ribosomal protein S4E
40S ribosomal protein S4, Y isoform 2
40S ribosomal protein S5
40S ribosomal protein S6-2
30S ribosomal protein S7-1
30S ribosomal protein S7-2
30S ribosomal protein S8e
40S ribosomal protein S8
30S ribosomal protein S8
30S ribosomal protein S9
40S ribosomal protein S13-2
30S ribosomal protein S14 type Z-like
40S ribosomal protein S14-A
Alternate 30S ribosomal protein S14
40S ribosomal protein S15-2
40S ribosomal protein S16-3
40S ribosomal protein S18-A
40S ribosomal protein S18-B
30S Ribosomal protein S1
40S ribosomal protein S20-2
40S ribosomal protein S21-1
40S ribosomal protein S26-3
40S ribosomal protein S30-A
30S ribosomal protein S30
40S ribosomal protein S30-B
40S ribosomal protein S3-A
Putative 30S ribosomal protein S4 B
Putative 30S ribosomal protein S4 C
40S ribosomal protein S5b
40S ribosomal protein S7-2
40S ribosomal protein S9-2
40S ribosomal protein S9
Putative ribosome biogenesis GTPase RsgA
37S ribosomal protein RSM18, mitochondrial
40S ribosomal protein S14-3
40S ribosomal protein S15Ab
40S ribosomal protein S16-B
30S ribosomal protein S17 1
40S ribosomal protein S17-1
40S ribosomal protein S19-2
30S ribosomal protein S1 homolog B
40S ribosomal protein S21-2
40S ribosomal protein S23-2
40S ribosomal protein S4-3
40S ribosomal protein S9-B
Probable 40S ribosomal protein S9
40S ribosomal protein S0-A
40S ribosomal protein S0-B
40S ribosomal protein SA
40S ribosomal protein S0
40S ribosomal protein S19a
40S ribosomal protein S19S
30S ribosomal protein S1 homolog A
40S ribosomal protein S24-2
40S ribosomal protein S27-2
40S ribosomal protein S7-3
40S ribosomal protein Sa-2
40S ribosomal protein S0-C
Ribosomal protein S2, mitochondrial
28S ribosomal protein S2, mitochondrial
Ribosomal protein S3, mitochondrial
37S ribosomal protein MRP4, mitochondrial
28S ribosomal protein S5, mitochondrial
Ribosomal protein S7, mitochondrial
28S ribosomal protein S7, mitochondrial
Ribosomal protein S8, mitochondrial
37S ribosomal protein S9, mitochondrial
37S ribosomal protein S10, mitochondrial
Probable 28S ribosomal protein S10, mitochondrial
28S ribosomal protein S12, mitochondrial
Ribosomal protein S12, mitochondrial
Ribosomal protein S13, mitochondrial
Ribosomal protein S14, mitochondrial
28S ribosomal protein S16, mitochondrial
Probable 28S ribosomal protein S16, mitochondrial
28S ribosomal protein S17, mitochondrial
28S ribosomal protein S18b, mitochondrial
28S ribosomal protein S18c, mitochondrial
Ribosomal protein S19, mitochondrial
28S ribosomal protein S24, mitochondrial
28S ribosomal protein S30, mitochondrial
30S ribosomal protein S1 homolog
40S ribosomal protein S2-2
40S ribosomal protein S2-3
40S ribosomal protein S26-1
Putative 40S ribosomal protein S26-like 1
40S ribosomal protein S28-A
40S ribosomal protein S3-3
40S ribosomal protein S3a-B
40S ribosomal protein S5a
37S ribosomal protein rsm18, mitochondrial
Ribosomal protein S4, mitochondrial
Probable 28S ribosomal protein S6, mitochondrial
40S ribosomal protein S10, mitochondrial
28S ribosomal protein S10, mitochondrial
Probable 37S ribosomal protein S16, mitochondrial
40S ribosomal protein S19, mitochondrial
28S ribosomal protein S23, mitochondrial
37S ribosomal protein S25, mitochondrial
Probable 28S ribosomal protein S26, mitochondrial
30S ribosomal protein S4 C
40S ribosomal protein S8-1
40S ribosomal protein Sa-1
Ribosomal protein S1, mitochondrial
37S ribosomal protein MRP2, mitochondrial
Putative 28S ribosomal protein S5, mitochondrial
Probable 40S ribosomal protein S9, mitochondrial
28S ribosomal protein S9, mitochondrial
Ribosomal protein S10, mitochondrial
28S ribosomal protein S11, mitochondrial
Probable 37S ribosomal protein S12, mitochondrial
28S ribosomal protein S14, mitochondrial
28S ribosomal protein S15, mitochondrial
Probable 28S ribosomal protein S23, mitochondrial
Putative ribosomal protein L7Ae-like
40S ribosomal protein S6-1
40S ribosomal protein S7-1
Probable 37S ribosomal protein mrp2, mitochondrial
37S ribosomal protein mrp4, mitochondrial
28S ribosomal protein S6, mitochondrial
Ribosomal protein S11, mitochondrial
40S ribosomal protein S12, mitochondrial
Ribosomal protein S16, mitochondrial
28S ribosomal protein S36, mitochondrial
40S ribosomal protein S8-2
Probable 40S ribosomal protein S14, mitochondrial
37S ribosomal protein S16, mitochondrial
Probable 28S ribosomal protein S25, mitochondrial
Small ribosomal subunit protein S13, mitochondrial
Signal peptidase complex catalytic subunit SEC11A
Protein transport protein Sec61 subunit gamma
Probable ribosomal protein S11, mitochondrial
37S ribosomal protein S12, mitochondrial
28S ribosomal protein S18a, mitochondrial
Ribosomal protein 63, mitochondrial
Probable 28S ribosomal protein S17, mitochondrial
28S ribosomal protein S21, mitochondrial
28S ribosomal protein S33, mitochondrial
Ribosome-associated protein L7Ae-like
Signal peptidase complex catalytic subunit SEC11C
Protein transport protein Sec61 subunit beta
Superkiller protein 7
Signal peptidase complex subunit 3
O-phosphoseryl-tRNA(Sec) selenium transferase
Signal peptidase complex subunit 2
Stationary-phase-induced ribosome-associated protein
O-phospho-L-seryl-tRNA:Cys-tRNA synthase 1
O-phospho-L-seryl-tRNA:Cys-tRNA synthase 2
Putative transcription elongation factor SPT5 homolog 2
Signal recognition particle 9 kDa protein
Transcription elongation factor SPT5
Signal recognition particle 19 kDa protein
Signal recognition particle receptor subunit alpha
Signal peptidase complex subunit 1
Signal recognition particle 14 kDa protein
Putative transcription elongation factor SPT5 homolog 1
Signal recognition particle receptor subunit beta
Translocon-associated protein subunit delta
Signal recognition particle subunit SRP68
Translocon-associated protein subunit gamma
Signal recognition particle 54 kDa protein
Translocon-associated protein subunit beta
Translocon-associated protein subunit alpha
Signal recognition particle subunit SRP72
Putative isoleucine--tRNA ligase
Cysteine--tRNA ligase
Aspartate--tRNA ligase, cytoplasmic
Glutamate--tRNA ligase
Probable histidine--tRNA ligase, cytoplasmic
Putative cysteine--tRNA ligase 2
Histidine--tRNA ligase, cytoplasmic
Probable histidine--tRNA ligase, mitochondrial
Serine--tRNA ligase, cytoplasmic
Phenylalanine--tRNA ligase beta subunit
Lysine--tRNA ligase
Translationally-controlled tumor protein homolog
Threonine--tRNA ligase, cytoplasmic
Tetracycline resistance protein TetO
Tetracycline resistance protein TetP
Tetracycline resistance protein TetW
Tetracycline resistance protein TetM
Tetracycline resistance protein TetQ
Tetracycline resistance protein TetM from transposon Tn1545
Tetracycline resistance protein TetM from transposon Tn5251
Tetracycline resistance protein TetM from transposon TnFO1
Tetracycline resistance protein TetM from transposon Tn916
Tetracycline resistance protein TetS
Translation machinery-associated protein 20
TNFAIP3-interacting protein 1
tRNA selenocysteine 1-associated protein 1
tRNA selenocysteine 1-associated protein 1-like
Probable U3 small nucleolar RNA-associated protein 11
von Willebrand factor A domain-containing protein 1
Cys-tRNA(Pro)/Cys-tRNA(Cys) deacylase YbaK
Putative mitochondrial ribosomal protein SCY_4673
Putative Cys-tRNA(Pro)/Cys-tRNA(Cys) deacylase YjdI
