B1 bradykinin receptor
Cannabinoid receptor 2
Reticulophagy receptor FAM134B
Reticulophagy receptor Fam134b
Gastric inhibitory polypeptide
Metabotropic glutamate receptor 1
Metabotropic glutamate receptor 3
Islet amyloid polypeptide
Interleukin-1 receptor antagonist protein
Interleukin-12 subunit beta
Arachidonate 5-lipoxygenase
Melanocyte-stimulating hormone receptor
Beta-nerve growth factor
Neuropeptide Y receptor type 1
Pro-FMRFamide-related neuropeptide VF
Kappa-type opioid receptor
Nociceptin receptor
Transient receptor potential cation channel protein painless
Prostaglandin G/H synthase 2
Prostaglandin G/H synthase 1
Protein O-mannose kinase
