Activated CDC42 kinase 1
Putative tyrosine-protein kinase AmsA
Protein kinase APK1A, chloroplastic
Protein kinase APK1B, chloroplastic
Hybrid signal transduction histidine kinase G
Probable serine/threonine-protein kinase drkC
Dual serine/threonine and tyrosine protein kinase
Putative dual specificity tyrosine-phosphorylation-regulated kinase 3 homolog
Dual specificity tyrosine-phosphorylation-regulated kinase 3
Dual specificity tyrosine-phosphorylation-regulated kinase 4
Dual specificity tyrosine-phosphorylation-regulated kinase 1A
Tyrosine-protein kinase etk
Probable ganciclovir kinase
Insulin-like growth factor 1 receptor
Dual specificity mitogen-activated protein kinase kinase jkk-1
Dual specificity protein kinase KNS1
Kinase suppressor of Ras A
Mitogen-activated protein kinase kinase kinase 11
Putative mitogen-activated protein kinase kinase kinase 7-like
Mitogen-activated protein kinase kinase kinase MLK4
Dual specificity tyrosine-phosphorylation-regulated kinase mbk-2
Protein mes-1
Dual specificity tyrosine-phosphorylation-regulated kinase mbk-1
Mitosis inhibitor protein kinase mik1
Dual specificity mitogen-activated protein kinase kinase 1
Dual specificity mitogen-activated protein kinase kinase 2
Dual specificity mitogen-activated protein kinase kinase 3
Membrane-associated tyrosine- and threonine-specific cdc2-inhibitory kinase wee-1.1
Tyrosine-protein kinase ptk
Inactive tyrosine-protein kinase 7
Serine/threonine-protein kinase RAD53
Protein roller-3
Dual specificity protein kinase shkA
Dual specificity protein kinase shkE
Dual specificity protein kinase shkB
Sperm motility kinase Tcr mutant form
Dual specificity protein kinase shkD
Dual specificity protein kinase shkC
Sperm motility kinase 4A
Sperm motility kinase 1
Serine/threonine-protein kinase STY17
Twinfilin
Dual specificity protein kinase TTK
Protein ver-1
Tyrosine-protein kinase wzc
Dual specificity protein kinase YAK1
Putative tyrosine-protein kinase in cps region
