Trehalose-phosphatase
Trehalose-6-phosphate phosphatase-related protein
Probable trehalose-phosphate phosphatase
Trehalose-phosphate phosphatase
Probable trehalose-phosphate phosphatase 5
Probable trehalose-phosphate phosphatase 8
Trehalose-phosphate phosphatase B
Probable trehalose-phosphate phosphatase J
Alpha,alpha-trehalose-phosphate synthase  6
Probable trehalose-phosphate phosphatase 3
Probable trehalose-phosphate phosphatase 9
Probable trehalose-phosphate phosphatase D
Probable trehalose-phosphate phosphatase G
Bifunctional trehalose-6-phosphate synthase/phosphatase
Probable trehalose-phosphate phosphatase 10
Probable trehalose-phosphate phosphatase 2
Probable trehalose-phosphate phosphatase 4
Probable trehalose-phosphate phosphatase F
Probable trehalose-phosphate phosphatase I
Probable trehalose-phosphate phosphatase 6
Probable trehalose-phosphate phosphatase E
Probable trehalose-phosphate phosphatase H
Probable trehalose-phosphatase
Probable trehalose-phosphate phosphatase 7
Trehalose-phosphate phosphatase A
Probable trehalose-phosphate phosphatase C
