Acidic leucine-rich nuclear phosphoprotein 32 family member B
Armadillo repeat-containing protein 4
Bardet-Biedl syndrome 4 protein homolog
Cadherin EGF LAG seven-pass G-type receptor 2
Centromere protein F
Endoribonuclease Dicer
Protein DPCD
GDP-D-glucose phosphorylase 1
Hydrocephalus-inducing protein homolog
Adenylate kinase 8
Kinesin-like protein KIF7
Kinesin-like protein KIF27
Kinesin-like protein kif7
Lysophospholipid acyltransferase 7
Nucleoside diphosphate kinase homolog 5
Rap guanine nucleotide exchange factor 2
Semaphorin-6D
Sperm-associated antigen 6
Tetratricopeptide repeat protein 21B
Serine/threonine-protein kinase ULK4
