Atypical chemokine receptor 2
Atypical chemokine receptor 4
Scavenger receptor cysteine-rich type 1 protein M130
T-cell differentiation antigen CD6
CD5 antigen-like
T-cell surface glycoprotein CD5
Cell death abnormality protein 1
Protein croquemort
C-X-C motif chemokine 16
Putative DMBT1-like protein
Poly(U)-specific endoribonuclease
Ectonucleotide pyrophosphatase/phosphodiesterase family member 3
HHIP-like protein 1
Galectin-3-binding protein A
Galectin-3-binding protein B
Lysyl oxidase homolog 3
Lysyl oxidase homolog 4
Macrophage receptor MARCO
Macrophage scavenger receptor types I and II
Venom phosphodiesterase 2
Venom phosphodiesterase 1
Proteoglycan 4
Somatomedin-B and thrombospondin type-1 domain-containing protein
Scavenger receptor class A member 3
Scavenger receptor class A member 5
Scavenger receptor cysteine-rich domain-containing group B protein
Scavenger receptor class F member 1
Soluble scavenger receptor cysteine-rich domain-containing protein SSC5D
Scavenger receptor class F member 2
Stabilin-2
Scavenger receptor cysteine-rich domain-containing protein SCART1
Stabilin-1
Sushi domain-containing protein 2
Egg peptide speract receptor
Scavenger receptor cysteine-rich domain superfamily protein
Tubulointerstitial nephritis antigen-like
Vitronectin
Antigen WC1.1
