Amino acid-- ligase 1)
Aminoacyl tRNA synthase complex-interacting multifunctional protein 2
Aspartate--ammonia ligase
Carbamoyl-phosphate synthase large chain
Glutamyl-Q tRNA(Asp) synthetase
Putative guanine nucleotide-binding protein subunit alpha
ATP phosphoribosyltransferase regulatory subunit
Inorganic pyrophosphatase 2, mitochondrial
Selenide, water dikinase
Probable cysteine--tRNA ligase, mitochondrial
Aspartate--tRNA(Asp/Asn) ligase 1
Aspartate--tRNA ligase
Aspartate--tRNA(Asp) ligase
Probable glutamate--tRNA ligase, cytoplasmic
Aspartate--tRNA(Asp/Asn) ligase
Aspartate--tRNA ligase 2
Aspartate--tRNA ligase, mitochondrial
Probable leucine--tRNA ligase, cytoplasmic
Lysine--tRNA ligase
Cysteine--tRNA ligase
Aspartate--tRNA(Asp/Asn) ligase 2
Glycine--tRNA ligase
Asparagine--tRNA ligase
Probable arginine--tRNA ligase, mitochondrial
Aspartate--tRNA ligase, chloroplastic/mitochondrial
Leucine--tRNA ligase, cytoplasmic
Probable leucine--tRNA ligase, mitochondrial
Asparagine--tRNA ligase, cytoplasmic
Probable asparagine--tRNA ligase, mitochondrial
Bifunctional glutamate/proline--tRNA ligase
Putative histidine--tRNA ligase
Isoleucine--tRNA ligase
Histidine--tRNA ligase, cytoplasmic
Lysine--tRNA ligase, heat inducible
Leucine--tRNA ligase
Methionine--tRNA ligase, mitochondrial
Probable glutamine--tRNA ligase
Isoleucine--tRNA ligase, mitochondrial
Proline--tRNA ligase
Probable histidine--tRNA ligase, cytoplasmic
Isoleucine--tRNA ligase, cytoplasmic
Probable proline--tRNA ligase, mitochondrial
Serine--tRNA ligase, mitochondrial
Glutamine--tRNA ligase
