14-3-3 protein beta/alpha
Importin-alpha re-exporter
Flagellar biosynthetic protein FliR
Histone H3.3
Hermansky-Pudlak syndrome 4 protein homolog
PAB-dependent poly(A)-specific ribonuclease subunit PAN3
Protein phosphatase 1 regulatory subunit 3C
Protein transport protein Sec61 gamma-1 subunit
Protein transport protein Sec61 subunit gamma-3
Protein transport protein Sec61 gamma-2 subunit
Protein transport protein Sec61 subunit gamma
Protein translocase subunit SecA 2
Protein translocase subunit SecA 3
Probable protein transport protein Sec61 subunit gamma
Protein translocase subunit SecA 1
Protein translocase subunit SecE
Accessory Sec system protein translocase subunit SecY2
Protein translocase subunit SecY
Protein transport protein Sec61 subunit gamma-2
Protein translocase subunit SECA1, chloroplastic
Protein-export membrane protein SecD
Protein-export membrane protein SecF
Protein transport protein Sec61 subunit gamma-1
Protein translocase subunit SecA, chloroplastic
Protein translocase subunit SECA2, chloroplastic
Protein translocase subunit SecA
Preprotein translocase subunit SECE1
Surface presentation of antigens protein SpaR
Secretion system apparatus protein SsaT
Mitochondrial import receptor subunit TOM20 homolog
Mitochondrial import receptor subunit TOM20 homolog B
Mitochondrial import receptor subunit tom20
Vesicle-associated protein 1-2
Probable translocation protein y4yN
LisH domain-containing protein C1711.05
Yop proteins translocation protein T
