Neuronal acetylcholine receptor subunit alpha-10
Acetylcholine receptor subunit alpha-type acr-16
Acetylcholine receptor subunit beta-type lev-1
Neuronal acetylcholine receptor subunit eat-2
Neuronal acetylcholine receptor subunit alpha-2
Neuronal acetylcholine receptor subunit alpha-3
Neuronal acetylcholine receptor subunit alpha-4
Neuronal acetylcholine receptor subunit alpha-5
Neuronal acetylcholine receptor subunit alpha-6
Acetylcholine receptor subunit alpha
Neuronal acetylcholine receptor subunit beta-3
Neuronal acetylcholine receptor subunit beta-4
Acetylcholine receptor subunit delta
Acetylcholine receptor subunit gamma
Muscarinic acetylcholine receptor M2
Muscarinic acetylcholine receptor M3
Acetylcholine receptor subunit alpha-like 1
Acetylcholine receptor subunit beta-type unc-29
Acetylcholine receptor subunit beta-like 1
Acetylcholine receptor subunit alpha-type unc-38
Acetylcholine receptor subunit epsilon
Acetylcholine receptor subunit beta-type acr-2
Muscarinic acetylcholine receptor M1
Muscarinic acetylcholine receptor M4
Neuronal acetylcholine receptor subunit alpha-9
Probable muscarinic acetylcholine receptor gar-2
Muscarinic acetylcholine receptor gar-3
Acetylcholine receptor subunit alpha-type deg-3
Acetylcholine receptor subunit beta-like 2
Acetylcholine receptor subunit beta
Acetylcholine receptor subunit alpha-type acr-5
Acetylcholine receptor subunit alpha-type acr-7
Betaine receptor acr-23
Acetylcholine receptor subunit alpha-like 2
Acetylcholine receptor subunit alpha-type des-2
Acetylcholine receptor subunit alpha-type unc-63
Probable muscarinic acetylcholine receptor gar-1
Muscarinic acetylcholine receptor DM1
Acetylcholine receptor subunit beta-type acr-3
CHRNA7-FAM7A fusion protein
Ligand-gated ion channel 4
Proton-gated ion channel subunit pbo-6
Proton-gated ion channel subunit pbo-5
Resistance to inhibitors of cholinesterase protein 3
Protein RIC-3
High affinity choline transporter 1
Zinc-activated ligand-gated ion channel
