Alloferon-1
Actinohivin
Antiviral protein Y3
Antiviral protein Yp3
Antiviral protein CAP
CRISPR system CMR subunit Cmr5
CRISPR system CMR subunit Cmr7 1
Circulin-C
Circulin-E
CRISPR system Cmr subunit Cmr5
Putative CRISPR system CMR subunit Cmr7 2
CRISPR system CMR subunit Cmr1
Circulin-D
CRISPR system CMR subunit Cmr2
CRISPR system CMR subunit Cmr4
CRISPR system CMR subunit Cmr3
Circulin-F
CRISPR system CMR subunit Cmr6
Concanavalin-A
Cyanovirin-N
Cycloviolin-B
Cycloviolin-A
ELMO domain-containing protein 2
Lectin MVL
Mytilin-B
Mucroporin
Peptide Ctry2459
Peptide Ctry2801
Peptide Ctri9819
Peptide Ctri10033
Mytilin-A
Peptide Ctri9610
Peptide Ctry2146
Peptide Ctry2606
Peptide Ctri10036
Peptide BmKn2
Peptide Ctri9677
Peptide Ctry2346
Peptide Ctri10261
Peptide Hp1036
Peptide Hp1239
Peptide Hp1090
Peptide Ctri9194
Peptide Ctri9293
Peptide Ctri9594
NADPH oxidoreductase
Probable protein phosphatase 2C 22
Probable protein phosphatase 2C 57
Ribosome-inactivating protein beta-momorcharin
Ribosome-inactivating protein alpha-trichosanthin
Antiviral protein DAP-30
Protein SUPPRESSOR OF GENE SILENCING 3 homolog
Scytovirin
Tetraspanin-32
