Arachidonate 5-lipoxygenase-activating protein
Nuclear membrane organization protein APQ12
Apoptosis regulator Bcl-2
Ion channel CASTOR
Probable ion channel CASTOR
Coactosin-like protein
Ion channel DMI1
DnaJ homolog subfamily C member 1
Etoposide-induced protein 2.4 homolog
GTP cyclohydrolase 1 feedback regulatory protein
78 kDa glucose-regulated protein homolog
Glutathione transferase 3
Zygote defective protein 12
Integral inner nuclear membrane protein ima1
Nuclear fusion protein KAR5
Arachidonate 5-lipoxygenase
Macoilin
Macoilin-2
Macoilin-1
Meiotically up-regulated gene 155 protein
Myc target protein 1
Nuclear rim protein 1
Patatin-like phospholipase domain-containing protein 7
Probable ion channel POLLUX
Ion channel POLLUX
Reticulon-like protein 1
Secernin-1
Protein shisa-5
Probable ion channel SYM8
Transmembrane protein 176B
Testis-expressed sequence 10 protein
Transmembrane channel-like protein 6
Transmembrane protein 18
Testis-specific gene 10 protein
Protein UIP5
WPP domain-interacting tail-anchored protein 1
UPF0742 protein C1348.03
