Acetyl-coenzyme A carboxylase carboxyl transferase subunit alpha
4-coumarate--CoA ligase-like 6
Atypical kinase ADCK3, mitochondrial
NADPH:adrenodoxin oxidoreductase, mitochondrial
Adrenodoxin homolog, mitochondrial
Probable NADPH:adrenodoxin oxidoreductase, mitochondrial
4-hydroxybenzoate decarboxylase subunit C
Probable hexaprenyl pyrophosphate synthase, mitochondrial
4-hydroxybenzoate polyprenyltransferase, mitochondrial
Ubiquinone biosynthesis O-methyltransferase, mitochondrial
Ubiquinone biosynthesis protein COQ4, mitochondrial
Ubiquinone biosynthesis protein coq4, mitochondrial
Ubiquinone biosynthesis protein coq-4, mitochondrial
Ubiquinone biosynthesis protein COQ4 homolog, mitochondrial
2-methoxy-6-polyprenyl-1,4-benzoquinol methylase, mitochondrial
2-nonaprenyl-3-methyl-6-methoxy-1,4-benzoquinol hydroxylase
5-demethoxyubiquinone hydroxylase, mitochondrial
Ubiquinone biosynthesis protein COQ9-A, mitochondrial
Ubiquinone biosynthesis protein COQ9, mitochondrial
Ubiquinone biosynthesis protein COQ4 homolog 2, mitochondrial
Ubiquinone biosynthesis monooxygenase COQ6, mitochondrial
Ubiquinone biosynthesis protein COQ4 homolog 1, mitochondrial
Probable ubiquinone biosynthesis protein coq9, mitochondrial
Coenzyme Q-binding protein COQ10, mitochondrial
Atypical kinase coq-8, mitochondrial
Ubiquinone biosynthesis protein COQ9-B, mitochondrial
Hexaprenyl pyrophosphate synthase, mitochondrial
Ubiquinone biosynthesis protein coq9, mitochondrial
Putative diaminopimelate epimerase, chloroplastic
Decaprenyl-diphosphate synthase subunit 2
Decaprenyl-diphosphate synthase subunit 1
1-deoxy-D-xylulose-5-phosphate synthase
Ferulic acid decarboxylase 1
UbiD-like decarboxylase
Porphobilinogen deaminase, chloroplastic
Octaprenyl-diphosphate synthase
All-trans-nonaprenyl-diphosphate synthase
Solanesyl diphosphate synthase 3, chloroplastic/mitochondrial
Solanesyl-diphosphate synthase 1, mitochondrial
Probable protein kinase UbiB
Probable chorismate pyruvate-lyase 2
Chorismate pyruvate-lyase
Probable chorismate pyruvate-lyase
3-octaprenyl-4-hydroxybenzoate carboxy-lyase
Ubiquinone/menaquinone biosynthesis C-methyltransferase UbiE
4-hydroxybenzoate octaprenyltransferase
Probable chorismate pyruvate-lyase 1
Ubiquinone biosynthesis O-methyltransferase
2-octaprenyl-3-methyl-6-methoxy-1,4-benzoquinol hydroxylase
2-octaprenyl-6-methoxyphenol hydroxylase
Ubiquinone biosynthesis protein UbiJ
Flavin prenyltransferase UbiX
2-octaprenylphenol hydroxylase
Phenolic acid decarboxylase subunit C
