1,4-alpha-glucan branching enzyme TK1436
Meiotic recombination protein dmc1
Platinum sensitivity protein 3
DNA repair protein RAD51 homolog 3
DNA repair protein RAD55
DNA repair protein RAD51 homolog 2
Probable DNA repair protein RAD51 homolog 4
DNA repair protein rhp57
DNA repair protein recA homolog 3, mitochondrial
DNA repair protein RAD51 homolog 4
DNA repair protein Rad51 homolog
DNA repair protein rhp55
DNA repair protein rdl1
DNA repair protein RAD51 homolog 1
Mitochondrial DNA repair protein recA homolog
Protein RecA
Putative DNA repair protein recA homolog 4
DNA repair protein recA homolog 1, chloroplastic
DNA repair protein recA homolog 2, mitochondrial
RAD51-like protein 1
DNA repair protein rlp1
Swi5-dependent recombination DNA repair protein 1
Mating-type switching protein swi5
DNA repair protein XRCC2
DNA repair protein XRCC3
DNA repair protein XRCC2 homolog
DNA repair protein XRCC3 homolog
