Serine/threonine-protein kinase MEC1
Ino eighty subunit 4
Ino eighty subunit 5
DNA damage checkpoint control protein MEC3
E3 SUMO-protein ligase NSE2
ATP-dependent DNA helicase PIF1
DNA repair protein RAD50
DNA repair and recombination protein RAD54
DNA repair protein RAD59
DNA repair and recombination protein radC
DNA repair and recombination protein RAD52
DNA repair protein RAD57
DNA repair protein RAD51
Structural maintenance of chromosomes protein 5
Structural maintenance of chromosomes protein 6
Telomerase protein component 1
Y' element ATP-dependent helicase protein 1 copy 2
Y' element ATP-dependent helicase protein 1 copy 4
Y' element ATP-dependent helicase protein 1 copy 5
Y' element ATP-dependent helicase protein 1 copy 6
Y' element ATP-dependent helicase protein 1 copy 3
Y' element ATP-dependent helicase protein 1 copy 1
Y' element ATP-dependent helicase protein 1 copy 7
