Putative Dol-P-Glc:Glc(2)Man(9)GlcNAc(2)-PP-Dol alpha-1,2-glucosyltransferase
Barttin
Cadherin-23
Caspase-3
Cyclin-dependent kinase 4 inhibitor D
Cell migration-inducing and hyaluronan-binding protein
Cyclin-dependent kinase inhibitor 1B
Contactin-5
Cochlin
Gap junction beta-2 protein
Gap junction beta-6 protein
Gap junction gamma-3 protein
Non-syndromic hearing impairment protein 5
Non-syndromic hearing impairment protein 5 homolog
Protein diaphanous homolog 1
Echinoderm microtubule-associated protein-like CG42247
Protein FAM107B
Intercellular adhesion molecule 1
Leucine-rich repeats and immunoglobulin-like domains protein 1
Leucine-rich repeats and immunoglobulin-like domains protein 2
Microtubule-associated protein 1A
Unconventional myosin-VI
Myosin-VIIa
Unconventional myosin-VIIa
Otogelin-like protein
Otospiralin
Otoraplin
GPI inositol-deacylase
Pejvakin
Prestin
Solute carrier family 52, riboflavin transporter, member 3
Sine oculis-binding protein homolog
Protein sprouty homolog 2
Serine/arginine repetitive matrix protein 4
Beta-tectorin
Alpha-tectorin
Transmembrane inner ear expressed protein
Transmembrane O-methyltransferase
Tubby protein homolog
Harmonin
WD repeat-containing protein 1
Tight junction protein ZO-1
