Alpha-galactosidase
Ferredoxin-thioredoxin reductase catalytic chain, chloroplastic
1,4-alpha-glucan-branching enzyme 1, chloroplastic/amyloplastic
Glucose-1-phosphate adenylyltransferase large subunit 2, chloroplastic/amyloplastic
Glucose-1-phosphate adenylyltransferase large subunit 3, chloroplastic/amyloplastic
Glucose-1-phosphate adenylyltransferase small subunit 2, chloroplastic
Glucose-1-phosphate adenylyltransferase large subunit 1
Glucose-1-phosphate adenylyltransferase large subunit 2
Glucose-1-phosphate adenylyltransferase large subunit, chloroplastic/amyloplastic
Probable glucose-1-phosphate adenylyltransferase large subunit, chloroplastic
Glucose-1-phosphate adenylyltransferase small subunit
Glucose-1-phosphate adenylyltransferase small subunit, chloroplastic/amyloplastic
1,4-alpha-glucan-branching enzyme 3, chloroplastic/amyloplastic
Glucose-1-phosphate adenylyltransferase large subunit 3, chloroplastic
Glucose-1-phosphate adenylyltransferase large subunit 1, chloroplastic/amyloplastic
Glucose-1-phosphate adenylyltransferase large subunit 2, chloroplastic
1,4-alpha-glucan-branching enzyme 2, chloroplastic/amyloplastic
Glucose-1-phosphate adenylyltransferase small subunit 1, chloroplastic
Glucose-1-phosphate adenylyltransferase small subunit, chloroplastic
Glucose-1-phosphate adenylyltransferase large subunit 1, chloroplastic
Isoamylase 2, chloroplastic
Isoamylase 1, chloroplastic
Methylthioribose-1-phosphate isomerase
Protein QQS
Fructokinase-1
Fructokinase-2
Probable fructokinase-5
Probable fructokinase-1
Probable fructokinase-4
Probable fructokinase-7
Probable fructokinase-2
Probable fructokinase-3
Probable fructokinase-6, chloroplastic
Putative fructokinase-8
Fructokinase
Granule-bound starch synthase 1b, chloroplastic/amyloplastic
Granule-bound starch synthase 1, chloroplastic/amyloplastic
