D-erythrose-4-phosphate dehydrogenase
4-hydroxythreonine-4-phosphate dehydrogenase
Erythronate-4-phosphate dehydrogenase
Pyridoxine/pyridoxamine 5'-phosphate oxidase 1
Pyridoxine 5'-phosphate synthase
Pyridoxine/pyridoxamine 5'-phosphate oxidase 2
Probable pyridoxal 5'-phosphate synthase subunit pdx-1
Probable pyridoxal 5'-phosphate synthase subunit PDX1
Pyridoxine/pyridoxamine 5'-phosphate oxidase
Pyridoxal 5'-phosphate synthase subunit pyroA
Putative pyridoxamine 5'-phosphate oxidase
Probable pyridoxamine 5'-phosphate oxidase
Pyridoxamine 5'-phosphate oxidase
Pyridoxine-5'-phosphate oxidase
Phenazine biosynthesis protein PhzD
Phenazine biosynthesis protein PhzG
Pyridoxine/pyridoxamine 5'-phosphate oxidase 1, chloroplastic
Phosphoserine aminotransferase
Putative phosphoserine aminotransferase
Pyridoxal 5'-phosphate synthase subunit SNZ1
Probable pyridoxal 5'-phosphate synthase subunit SNZ2
Pyridoxal 5'-phosphate synthase subunit SNO1
Probable pyridoxal 5'-phosphate synthase subunit SNZ3
1,2-dihydroxy-3,5-cyclohexadiene-1,4-dicarboxylate dehydrogenase
