Adherence factor
Armadillo repeat protein deleted in velo-cardio-facial syndrome homolog
Astrotactin-1
Armadillo repeat protein deleted in velo-cardio-facial syndrome
Cadherin-24
Cadherin-7
Complement component C1q receptor
Cadherin-10
Putative calcium-dependent cell adhesion molecule 3
Cadherin-9
T-cell surface antigen CD2
Signal transducer CD24
Counting factor 45-1
Counting factor 50
Collagen alpha-2(VIII) chain
Contactin-3
Collagen alpha-1(XIII) chain
Cysteine-rich secretory protein 2
Cornulin
Countin-2
Catenin alpha-3
Catenin alpha-2
Desmoglein-4
Dual specificity protein phosphatase Mpk3
Dynamin-B
Protein EFR3 homolog A
Endothelial cell-selective adhesion molecule
Protocadherin Fat 1
Inducible T-cell costimulator
Probable serine/threonine-protein kinase ifkA
Intercellular adhesion molecule 3
Intercellular adhesion molecule 2
Intercellular adhesion molecule 4
Intercellular adhesion molecule 1
Intercellular adhesion molecule 5
Probable serine/threonine-protein kinase ifkB
Immunoglobulin superfamily member 5
Junctional adhesion molecule B
Juxtamembrane domain-associated catenin
Integrin alpha-M
Integrin beta-2
Kin of IRRE-like protein 1
Lectin
Alpha-methyl-mannoside-specific lectin
Lymphocyte function-associated antigen 3
P-selectin
Leucine-rich repeat protein lrrA
Glycolipid 2-alpha-mannosyltransferase 1
Glycolipid 2-alpha-mannosyltransferase 2
Myelin protein zero-like protein 2
Endomucin
Nck-associated protein 1 homolog
Neuronal growth regulator 1
GDP-fucose protein O-fucosyltransferase 1
Podoplanin
Fibrocystin
Polycystic kidney disease protein 1-like 1
Plakophilin-1
Plakophilin-3
Receptor-type tyrosine-protein phosphatase U
Nectin-3
Nectin-4
Reticulocyte-binding protein 2
Reticulocyte-binding protein 2 homolog a
Reticulocyte binding protein 2 homolog b
Reticulocyte-binding protein 1
Reticulocyte-binding protein PFD0110w
SHC-transforming protein 1
Sialoadhesin
Spherulin-3A
Thy-1 membrane glycoprotein
Techylectin-5B
Techylectin-5A
Vascular cell adhesion protein 1
Vezatin
Vacuole membrane protein 1
Probable V-type proton ATPase subunit B
Pantetheinase
Protein Wnt-11b-2
Zonadhesin
