4-(gamma-L-glutamylamino)butanoyl- monooxygenase BtrO
Cytochrome P450 2E1
Cytochrome P450 52A2
Cytochrome P450 52A3-B
Cytochrome P450 52A9
Cytochrome P450 52A8
Cytochrome P450 52A13
Cytochrome P450 52D1
Cytochrome P450 52A1
Cytochrome P450 52A4
Cytochrome P450 52A12
Lithocholate 6-beta-hydroxylase
Cytochrome P450 52A3-A
Cytochrome P450 52A7
Cytochrome P450 52C1
Cytochrome P450 52E2
Vitamin D(3) 25-hydroxylase
Cytochrome P450 2D20
Cytochrome P450 2D28
Cytochrome P450 52A6
Cytochrome P450 52A11
Cytochrome P450 52C2
Cytochrome P450 52A5
Cytochrome P450 2D27
Cytochrome P450 52A10
Cytochrome P450 52B1
Cytochrome P450 52E1
Bifunctional cytochrome P450/NADPH--P450 reductase 2
Bifunctional cytochrome P450/NADPH--P450 reductase 1
