Alpha-ketoglutarate-dependent dioxygenase alkB homolog 3
2-oxoglutarate-dependent dioxygenase AOP3
DNA oxidative demethylase ALKBH2
2-oxoglutarate-dependent dioxygenase AOP2
Alpha-ketoglutarate-dependent L-arginine hydroxylase
DIBOA-glucoside dioxygenase BX6
Ectoine dioxygenase
Kanamycin B dioxygenase
PKHD-type hydroxylase PiuC
1-deoxypentalenic acid 11-beta-hydroxylase
Pentalenolactone F synthase
PKHD-type hydroxylase CC_0027
PKHD-type hydroxylase Caul_0045
PKHD-type hydroxylase Daci_1172
PKHD-type hydroxylase BBta_1313
PKHD-type hydroxylase A9601_13531
PKHD-type hydroxylase PSEEN1031
PKHD-type hydroxylase KPN78578_12210
PKHD-type hydroxylase Synpcc7942_0015
PKHD-type hydroxylase GDI1238/Gdia_1949
PKHD-type hydroxylase PMT9312_1262
PKHD-type hydroxylase P9515_13321
PKHD-type hydroxylase P9301_13621
PKHD-type hydroxylase P9215_13741
PKHD-type hydroxylase syc1482_d
PKHD-type hydroxylase Sala_1910
PKHD-type hydroxylase BB1978
PKHD-type hydroxylase Pnap_2559
PKHD-type hydroxylase Mnod_1077
PKHD-type hydroxylase Smlt1146
PKHD-type hydroxylase PsycPRwf_1523
PKHD-type hydroxylase sync_1544
PKHD-type hydroxylase Lcho_1570
PKHD-type hydroxylase Syncc9902_2001
PKHD-type hydroxylase Tgr7_2199
PKHD-type hydroxylase Reut_A2877
PKHD-type hydroxylase Plav_0037
PKHD-type hydroxylase BAV1196
PKHD-type hydroxylase Pro_1271
PKHD-type hydroxylase xcc-b100_1388
PKHD-type hydroxylase Nham_1514
PKHD-type hydroxylase PD_1553
PKHD-type hydroxylase Mfla_2317
PKHD-type hydroxylase TERTU_2553
PKHD-type hydroxylase Bpet2704
PKHD-type hydroxylase Rmet_3078
PKHD-type hydroxylase CPS_3426
PKHD-type hydroxylase mma_3620
PKHD-type hydroxylase Plav_0377
PKHD-type hydroxylase P9211_12561
PKHD-type hydroxylase XC_1340
PKHD-type hydroxylase Xfasm12_1709
PKHD-type hydroxylase Vapar_1809
PKHD-type hydroxylase ABSDF3031
PKHD-type hydroxylase Mpe_A3725
PKHD-type hydroxylase M446_1130
PKHD-type hydroxylase Syncc9605_1577
PKHD-type hydroxylase NATL1_16191
PKHD-type hydroxylase RPA3479
PKHD-type hydroxylase Bcen_3557
PKHD-type hydroxylase Sbal_3634
PKHD-type hydroxylase AM1_3707
PKHD-type hydroxylase Pden_4677
PKHD-type hydroxylase LHK_00496
PKHD-type hydroxylase BamMC406_5004
PKHD-type hydroxylase Ajs_0512
PKHD-type hydroxylase Sfri_0612
PKHD-type hydroxylase HNE_1625
PKHD-type hydroxylase XfasM23_1638
PKHD-type hydroxylase Mmar10_1675
PKHD-type hydroxylase tll1907
PKHD-type hydroxylase PCC7424_1929
PKHD-type hydroxylase P9303_20491
PKHD-type hydroxylase CYB_2270
PKHD-type hydroxylase BPP2533
PKHD-type hydroxylase SYNPCC7002_A2658
PKHD-type hydroxylase XCC2773
PKHD-type hydroxylase KPK_3192
PKHD-type hydroxylase Shewmr4_3244
PKHD-type hydroxylase BBta_3541
PKHD-type hydroxylase Neut_0373
PKHD-type hydroxylase BURPS1710b_A0200
PKHD-type hydroxylase Bamb_4479
PKHD-type hydroxylase BURPS1106A_A1609
PKHD-type hydroxylase AB57_0577
PKHD-type hydroxylase BURPS668_A1690
PKHD-type hydroxylase OCAR_6723/OCA5_c13470
PKHD-type hydroxylase Sbal195_0750
PKHD-type hydroxylase RPB_2089
PKHD-type hydroxylase HNE_2117
PKHD-type hydroxylase NE2125
PKHD-type hydroxylase PCC8801_2196
PKHD-type hydroxylase PMT_0286
PKHD-type hydroxylase PHZ_c0292
PKHD-type hydroxylase XAC2942
PKHD-type hydroxylase Veis_3084
PKHD-type hydroxylase XCV3086
PKHD-type hydroxylase RPD_3334
PKHD-type hydroxylase Nham_3637
PKHD-type hydroxylase cce_3668
PKHD-type hydroxylase Swit_4046
PKHD-type hydroxylase PputW619_4316
PKHD-type hydroxylase BamMC406_4714
PKHD-type hydroxylase PLES_48951
PKHD-type hydroxylase Dtpsy_0528
PKHD-type hydroxylase BRADO6316
PKHD-type hydroxylase Bphyt_7102
PKHD-type hydroxylase Sbal223_0741
PKHD-type hydroxylase Pfl01_0799
PKHD-type hydroxylase PST_0995
PKHD-type hydroxylase Patl_2273
PKHD-type hydroxylase Bind_0236
PKHD-type hydroxylase Sde_2812
PKHD-type hydroxylase ABBFA_003060
PKHD-type hydroxylase HEAR3399
PKHD-type hydroxylase BP3529
PKHD-type hydroxylase MADE_1017445/MADE_1018490
PKHD-type hydroxylase AZC_3753
PKHD-type hydroxylase blr3905
PKHD-type hydroxylase SO_3913
PKHD-type hydroxylase Rpal_3968
PKHD-type hydroxylase Bamb_4192
PKHD-type hydroxylase Bphy_5374
PKHD-type hydroxylase GOX0559
PKHD-type hydroxylase Shewana3_0717
PKHD-type hydroxylase Abu_0724
PKHD-type hydroxylase Pmen_0803
PKHD-type hydroxylase PP_0862
PKHD-type hydroxylase Pput_0892
PKHD-type hydroxylase YbiX
PKHD-type hydroxylase CYA_2611
PKHD-type hydroxylase Bpro_3048
PKHD-type hydroxylase RPE_4577
PKHD-type hydroxylase Reut_B4660
PKHD-type hydroxylase Bcen2424_4810
PKHD-type hydroxylase ACICU_00484
PKHD-type hydroxylase Bcenmc03_5473
PKHD-type hydroxylase azo0608
PKHD-type hydroxylase Bxeno_B2194
PKHD-type hydroxylase Shew185_0721
PKHD-type hydroxylase Bcep18194_B0892
PKHD-type hydroxylase ABAYE3291
PKHD-type hydroxylase mma_3618
PKHD-type hydroxylase A1S_0473
PKHD-type hydroxylase PA14_58580
PKHD-type hydroxylase XF_0598
PKHD-type hydroxylase Shewmr7_0698
PKHD-type hydroxylase IL0759
PKHD-type hydroxylase Bxeno_B2756
PKHD-type hydroxylase PputGB1_0905
PKHD-type hydroxylase BTH_II1201
PKHD-type hydroxylase BRADO4652
PKHD-type hydroxylase BPSS1206
PKHD-type hydroxylase PFL_0865
PKHD-type hydroxylase PSPA7_5129
PKHD-type hydroxylase ACIAD0531
PKHD-type hydroxylase Bcep18194_C7101
PKHD-type hydroxylase Nwi_0701
PKHD-type hydroxylase PMN2A_0775
PKHD-type hydroxylase Rmet_0838
PKHD-type hydroxylase Smal_0990
