Aldehyde dehydrogenase family 16 member A1
3,6-anhydro-alpha-L-galactose dehydrogenase
Fatty acyl-CoA reductase
4-trimethylaminobutyraldehyde dehydrogenase
Cytosolic 10-formyltetrahydrofolate dehydrogenase
3,4-dehydroadipyl-CoA semialdehyde dehydrogenase
Meso-diaminopimelate D-dehydrogenase
2-hydroxymuconic semialdehyde dehydrogenase
Aspartate-semialdehyde dehydrogenase
Ethanolamine utilization protein EutE
Succinate-semialdehyde dehydrogenase
Putative succinate-semialdehyde dehydrogenase  2
Glyceraldehyde-3-phosphate dehydrogenase-like protein
Putative succinate-semialdehyde dehydrogenase
Protein MaoC
2-formylbenzoate dehydrogenase
Sulfoacetaldehyde dehydrogenase
3-succinoylsemialdehyde-pyridine dehydrogenase
4-(hydroxymethyl)benzenesulfonate dehydrogenase TsaD1
Putative 4-(hydroxymethyl)benzenesulfonate dehydrogenase TsaD2
Putative aldehyde-dehydrogenase-like protein y4uC
