Meiotically up-regulated gene 87 protein
Nucleoporin-62 C-terminal-like protein
Nucleoporin Ndc1
Nucleoporin NDC1
Nucleoporin NIC96
Probable nucleoporin C890.06
Nuclear pore complex protein NUP133
Nuclear pore complex protein Nup133
Nucleoporin NUP192
Nucleoporin nup107
Nuclear pore complex protein NUP155
Nuclear pore complex protein Nup155
Nucleoporin nup186
Nucleoporin NUP170
Nucleoporin npp106
Nucleoporin NSP1
Nucleoporin NUP100/NSP100
Nuclear pore complex protein Nup107
Nuclear pore complex protein Nup54
Nuclear pore complex protein Nup85
Nuclear pore complex protein Nup93
Nuclear pore complex protein Nup98-Nup96
Nucleoporin nsp1
Nuclear pore complex protein NUP107
Nuclear pore complex protein 15
Nucleoporin NUP188
Nuclear pore complex protein NUP205
Nuclear pore complex protein nup54
Nuclear pore complex protein NUP85
Nucleoporin nup85
Nuclear pore complex protein nup85
Nucleoporin NUP85
Probable nucleoporin Nup54
Nucleoporin nup131
Nucleoporin nup132
Nucleoporin NUP57
Nuclear pore complex protein NUP62
Nucleoporin NUP82
Nucleoporin nup44
Nuclear pore complex protein NUP54
Pore and endoplasmic reticulum protein of 33 kDa
Nucleoporin POM152
Nuclear envelope pore membrane protein POM 121
Pore membrane protein of 33 kDa
Nuclear pore membrane glycoprotein 210
Nucleoporin POM34
Nucleoporin SEH1
Transmembrane protein 33 homolog
Tetra-spanning protein 1
