Peptidyl-prolyl cis-trans isomerase CYP57
Peptidyl-prolyl cis-trans isomerase CYP19-4
Peptidyl-prolyl cis-trans isomerase CWC27 homolog
Peptidyl-prolyl isomerase CWC27
Peptidyl-prolyl cis-trans isomerase CYP8
Peptidyl-prolyl cis-trans isomerase 1
Peptidyl-prolyl cis-trans isomerase 5
Peptidyl-prolyl cis-trans isomerase 6
Peptidyl-prolyl cis-trans isomerase D
Peptidyl-prolyl cis-trans isomerase 2
Peptidyl-prolyl cis-trans isomerase 7
Peptidyl-prolyl cis-trans isomerase cypE
Peptidyl-prolyl cis-trans isomerase 10
Peptidyl-prolyl cis-trans isomerase 11
Peptidyl-prolyl cis-trans isomerase 8
Peptidyl-prolyl cis-trans isomerase 3
Peptidyl-prolyl cis-trans isomerase 9
Peptidyl-prolyl cis-trans isomerase B
Peptidyl-prolyl cis-trans isomerase C, mitochondrial
Peptidyl-prolyl cis-trans isomerase CPR4
Putative peptidyl-prolyl cis-trans isomerase dodo
Peptidyl-prolyl cis-trans isomerase FKBP7
FK506-binding protein-like
Peptidyl-prolyl cis-trans isomerase FKBP10
Peptidyl-prolyl cis-trans isomerase FKBP14
FK506-binding protein 1
Peptidyl-prolyl cis-trans isomerase FKBP11
Peptidyl-prolyl cis-trans isomerase FKBP1A
Peptidyl-prolyl cis-trans isomerase FPR2
FK506-binding protein 4
Peptidyl-prolyl cis-trans isomerase FKBP5
Peptidyl-prolyl cis-trans isomerase FKBP9
Peptidyl-prolyl cis-trans isomerase FKBP2
Peptidyl-prolyl cis-trans isomerase FKBP3
FKBP-type 16 kDa peptidyl-prolyl cis-trans isomerase
FK506-binding protein 1B
FK506-binding protein 2
FK506-binding protein 3
NK-tumor recognition protein
Peptidyl-prolyl cis-trans isomerase A-like 4D
Peptidyl-prolyl cis-trans isomerase A-like 4G
Peptidyl-prolyl cis-trans isomerase NIMA-interacting 1
Peptidyl-prolyl cis-trans isomerase A
Peptidyl-prolyl cis-trans isomerase G
Peptidyl-prolyl cis-trans isomerase-like 6
Peptidyl-prolyl cis-trans isomerase slr1251
Peptidyl-prolyl cis-trans isomerase C
Peptidyl-prolyl cis-trans isomerase D, mitochondrial
Peptidyl-prolyl cis-trans isomerase-like 3
Peptidyl-prolyl cis-trans isomerase H
Peptidyl-prolyl cis-trans isomerase-like 1
Peptidyl-prolyl cis-trans isomerase ppi1
Peptidylprolyl isomerase domain and WD repeat-containing protein 1
Probable peptidyl-prolyl cis-trans isomerase sll0227
Peptidyl-prolyl cis-trans isomerase E
Tetratricopeptide repeat protein 9B
Tetratricopeptide repeat protein 9A
Tetratricopeptide repeat protein 9C
