Phosphatidylinositol transfer protein CSR1
Lecithin-cholesterol acyltransferase-like 4
Non-specific phospholipase C5
Cytosolic phospholipase A2
Cytosolic phospholipase A2 beta
Cytosolic phospholipase A2 delta
Cytosolic phospholipase A2 epsilon
Basic phospholipase A2 9
Basic phospholipase A2 10
Group IIC secretory phospholipase A2
Phospholipase B-like protein F
Lysophospholipase ARB_05919
Phospholipase B
Lysophospholipase
Phospholipase B-like protein B
Phosphatidylglycerophosphatase C
Lysophospholipase 2
Phospholipase B-like protein G
Phospholipase B-like protein C
Lysophospholipase 1
Phospholipase B-like protein D
Putative phospholipase A2
Lysophospholipase 3
Phospholipase B-like protein E
Phospholipase B-like protein A
