Cyclin-SDS-like
Chromosome segregation in meiosis protein 4
Meiotic recombination protein DMC1/LIM15 homolog
Dynein heavy chain, cytoplasmic
Fanconi anemia group D2 protein homolog
ATP-dependent DNA helicase MER3
Homologous-pairing protein 2
Protein KASH5
Protein maelstrom homolog
Meiosis-specific protein MEI4-like
Meiosis-specific with OB domain-containing protein
Meiotic coiled-coil protein 6
Protein MOR1
Nucleoporin NDC1
Sister chromatid cohesion protein PDS5
Meiotic recombination protein rec8
Meiotic recombination protein SPO11-1
Spermatogenesis-associated protein 22
Stimulated by retinoic acid gene 8 protein homolog
Microtubule-associated protein ssm4
Stimulated by retinoic acid gene 8 protein
SUN domain-containing protein 1
Telomere repeats-binding bouquet formation protein 1
Testis-expressed protein 19.1
TPR repeat-containing protein ZIP4
