NADPH-dependent quinone reductase ArsH
NADPH-dependent FMN reductase ArsH
Calcium-binding protein CML24
Divalent-cation tolerance protein CutA
Protein CutA
Protein CutA 1, chloroplastic
Protein CutA homolog
Protein CutA, chloroplastic
Probable divalent-cation tolerance protein cutA homolog
Metallothionein-like protein CRS5
Divalent-cation tolerance protein cutA homolog
Metallothionein-3
Metallothionein-1
Metallothionein-4
Metallothionein-2
Protein NDRG1
Glutathione gamma-glutamylcysteinyltransferase 2
Glutathione gamma-glutamylcysteinyltransferase 1
Glutathione gamma-glutamylcysteinyltransferase 3
ABC transporter ATP-binding protein/permease VMR1
