Secreted protein BARF1
Probetacellulin
Protein DVR-1
Fibroblast growth factor 2
Fibroblast growth factor 4B
Fibroblast growth factor 5
Fibroblast growth factor 8b
Fibroblast growth factor 7
Fibroblast growth factor 9
Fibroblast growth factor 17
Fibroblast growth factor 3
Fibroblast growth factor 4
Gastrokine-1
Insulin-like growth factor II
Interleukin-1 beta
Inulin-specific lectin
Agglutinin
Midkine
Platelet-derived growth factor subunit A
Platelet-derived growth factor subunit B
Platelet-derived growth factor D
Pleiotrophin
Transforming growth factor alpha
Transforming growth factor beta-1
Transforming growth factor beta-2
Vascular endothelial growth factor homolog
Vascular endothelial growth factor B
