Heme-copper oxidase subunit I+III
Cytochrome b561
Cytochrome b562
Cytochrome c-550 1
Cytochrome b561 homolog 1
Cytochrome c-550
Probable cytochrome b561
Cytochrome b561 homolog 2
Cytochrome c-550 2
Cytochrome c oxidase subunit 7A
Cytochrome c oxidase subunit 3
Cytochrome c oxidase polypeptide I+III
Cytochrome b6
Cytochrome bc complex cytochrome b subunit
Heme A synthase
Cytochrome b/c1
DNA polymerase subunit gamma-2, mitochondrial
Probable electron transfer flavoprotein subunit alpha, mitochondrial
Probable electron transfer flavoprotein subunit beta
Formate dehydrogenase, nitrate-inducible, cytochrome b556(Fdn) subunit
Formate dehydrogenase, cytochrome b556(fdo) subunit
Formate dehydrogenase, cytochrome b556 subunit
Cytochrome b mRNA maturase bI3
Cytochrome b mRNA maturase bI2
Mimitin, mitochondrial
Probable respiratory nitrate reductase subunit cytochrome b-561
NADH dehydrogenase  1 alpha subcomplex subunit 5
NADH dehydrogenase  iron-sulfur protein 6, mitochondrial
Probable NADH dehydrogenase  1 alpha subcomplex subunit 5, mitochondrial
NADH dehydrogenase  1 alpha subcomplex subunit 11
Probable NADH dehydrogenase  1 alpha subcomplex subunit 5
NADH-ubiquinone oxidoreductase 29.9 kDa subunit, mitochondrial
NADH-quinone oxidoreductase subunit E
Protein PhsC homolog
Thiosulfate reductase cytochrome B subunit
Probable menaquinol-cytochrome c reductase cytochrome b subunit
Ubiquinol-cytochrome c reductase cytochrome b subunit
Quinol oxidase subunit 1/3
Menaquinol-cytochrome c reductase cytochrome b subunit
Rubredoxin-oxygen oxidoreductase
Protein TM_1420
