7-methylguanosine phosphate-specific 5'-nucleotidase
Cytosolic purine 5'-nucleotidase
Putative cytosolic 5'-nucleotidase 3
7-methylguanosine phosphate-specific 5'-nucleotidase A
Adenosine deaminase-like protein A
Putative adenosine/adenine deaminase
7-methylguanosine phosphate-specific 5'-nucleotidase B
Adenosine deaminase 2
Adenosine deaminase-like protein
Probable adenosine deaminase
AMP deaminase 2
Putative 2'-deoxynucleoside 5'-phosphate N-hydrolase 1
Guanylate kinase 1
GMP reductase
Hit family protein 1
IMP-specific 5'-nucleotidase 1
Inosine triphosphate pyrophosphatase
Inosine triphosphate pyrophosphatase 2
Inosine triphosphate pyrophosphatase 1
Inosine-uridine preferring nucleoside hydrolase
GTP:AMP phosphotransferase, mitochondrial
Non-canonical purine NTP phosphatase
Probable non-canonical purine NTP phosphatase
U8 snoRNA-decapping enzyme
