Putative protein A464R
Dicer-like protein 2
Endoribonuclease Dicer homolog 1
Endoribonuclease Dicer homolog 2
Endoribonuclease Dicer homolog 3
Dicer-like protein 1
Endoribonuclease Dicer homolog 2b
Dicer-like protein 2-1
Endoribonuclease Dicer-like
Endoribonuclease Dicer homolog 3a
Dicer-like protein 2-2
Endoribonuclease Dicer homolog 3b
Endoribonuclease dcr-1
Microprocessor complex subunit DGCR8
Double-stranded RNA-binding protein 1
Mini-ribonuclease 3
Mini-ribonuclease 3-like protein
Double-strand-specific pac1 ribonuclease
Putative ribonuclease 3
Probable ribonuclease 3
Ribonuclease 3-like protein 2
Ribonuclease 3-like protein 1
Ribonuclease 3-like protein 3
