Cathepsin J
Cathepsin O
Cathepsin R
Cathepsin Q
Cathepsin F
Cathepsin Z
Saccharopepsin
Cathepsin M
Cathepsin W
Cathepsin L1
KDEL-tailed cysteine endopeptidase CEP3
KDEL-tailed cysteine endopeptidase CEP1
ATP-dependent Clp protease ATP-binding subunit clpX-like, mitochondrial
Cathepsin B-like cysteine proteinase 3
Probable cysteine proteinase At4g11320
Gut-specific cysteine proteinase
Cathepsin B-like cysteine proteinase 6
Cathepsin B-like cysteine proteinase 4
Cathepsin B-like cysteine proteinase 5
Probable cysteine proteinase At4g11310
Protein CTLA-2-beta
Mitochondrial presequence protease
Cysteine proteinase 6
Cysteine proteinase 2
Cysteine proteinase 3
Cysteine proteinase 4
Cysteine proteinase 5
Cysteine proteinase 1
Cysteine proteinase 7
Metacaspase-1
Oryzain alpha chain
F-box protein SKP2B
Testin-2
Trophoblast-specific protein alpha
Xylem cysteine proteinase 1
Xylem cysteine proteinase 2
Probable intramembrane protease YKL100C
