Acetyl-CoA carboxylase 1
Long-chain specific acyl-CoA dehydrogenase, mitochondrial
Fructose-bisphosphate aldolase A
Dimethlysulfonioproprionate lyase 1
Long-chain-aldehyde dehydrogenase
Amino-acid acetyltransferase
ATPase inhibitor B, mitochondrial
NADPH-dependent FMN reductase ArsH
ATPase inhibitor, mitochondrial
L-asparaginase 2
ATPase inhibitor A, mitochondrial
L-2,3-butanediol dehydrogenase
4-(gamma-L-glutamylamino)butanoyl- monooxygenase BtrO
Carbonyl reductase family member 4
Chanoclavine-I dehydrogenase
Deoxyhypusine synthase
2,4-dienoyl-CoA reductase, mitochondrial
1,4-dihydroxy-2-naphthoyl-CoA thioesterase 2
1,4-dihydroxy-2-naphthoyl-CoA thioesterase 1
Ena/VASP-like protein
Enoyl- FabI
Enoyl- FabL
Fructose-1,6-bisphosphatase class 1
Fluoroacetaldehyde dehydrogenase
D-glyceraldehyde dehydrogenase
Guanylate-binding protein 5
Glutaminase kidney isoform, mitochondrial
7-alpha-hydroxysteroid dehydrogenase
Histone acetyltransferase HPA2
Inward rectifier potassium channel 2
2-dehydro-3-deoxy-D-arabinonate dehydratase
ATP-sensitive inward rectifier potassium channel 12
Voltage-gated potassium channel Kch
Maleate isomerase
N-acetylglucosamine-6-phosphate deacetylase
Mycinamicin VI 2''-O-methyltransferase
NAD(P)H-hydrate epimerase
Phenylalanine ammonia-lyase
Phenylalanine aminomutase
ATP-dependent 6-phosphofructokinase, platelet type
(S)-1-Phenylethanol dehydrogenase
(R)-specific enoyl-CoA hydratase
ATP-dependent 6-phosphofructokinase, muscle type
S-formylglutathione hydrolase YeiG
NAD-dependent L-serine dehydrogenase
FMN reductase
FADH(2)-dependent monooxygenase TftD
Vasodilator-stimulated phosphoprotein
Protein VASP homolog
