Probable ubiquitin carboxyl-terminal hydrolase creB
Ubiquitin carboxyl-terminal hydrolase 17-like protein 1
Inactive ubiquitin carboxyl-terminal hydrolase 17-like protein 4
Inactive ubiquitin carboxyl-terminal hydrolase 17-like protein 8
Putative ubiquitin carboxyl-terminal hydrolase 17-like protein 23
Ubiquitin carboxyl-terminal hydrolase 36
Ubiquitin carboxyl-terminal hydrolase 4
Ubiquitin carboxyl-terminal hydrolase 17-like protein 3
Ubiquitin carboxyl-terminal hydrolase 14
Ubiquitin carboxyl-terminal hydrolase 27
Inactive ubiquitin carboxyl-terminal hydrolase 53
Inactive ubiquitin carboxyl-terminal hydrolase 54
Ubiquitin carboxyl-terminal hydrolase 17-like protein 24
Putative ubiquitin carboxyl-terminal hydrolase 50
Inactive ubiquitin carboxyl-terminal hydrolase 17-like protein 7
Ubiquitin carboxyl-terminal hydrolase 17-like protein 6
Ubiquitin carboxyl-terminal hydrolase 6
Ubiquitin carboxyl-terminal hydrolase 8
Probable ubiquitin carboxyl-terminal hydrolase K02C4.3
Ubiquitin carboxyl-terminal hydrolase 2
Ubiquitin carboxyl-terminal hydrolase 7
Ubiquitin carboxyl-terminal hydrolase 12
Ubiquitin carboxyl-terminal hydrolase 13
Ubiquitin carboxyl-terminal hydrolase 16
Ubl carboxyl-terminal hydrolase 18
Probable ubiquitin carboxyl-terminal hydrolase R319
Ubiquitin carboxyl-terminal hydrolase 15
