Delta-9 acyl-lipid desaturase 1
Delta-9 acyl-lipid desaturase 2
Cytochrome P450 86B1
Protein ECERIFERUM 26-like
Elongation of very long chain fatty acids protein 3
Elongation of very long chain fatty acids protein 5
Elongation of very long chain fatty acids protein 4
Elongation of fatty acids protein 3-like
Elongation of very long chain fatty acids protein 1
Elongation of very long chain fatty acids protein 2
Elongation of very long chain fatty acids protein 7
Fatty acid desaturase 2
Very-long-chain
Very-long-chain 3-oxoacyl-CoA reductase 1
LAG1 longevity assurance homolog 1
LAG1 longevity assurance homolog 3
Very-long-chain 3-oxoacyl-CoA reductase
Transcription factor MYB30
Peptidyl-prolyl cis-trans isomerase PASTICCINO1
Very-long-chain enoyl-CoA reductase
