Apolipoprotein C-IV
Blood plasma apolipoprotein LAL2
Apolipoprotein A-I
Apolipophorin-3
Apolipophorin-3b
Blood plasma apolipoprotein LAL1
Apolipoprotein R
Apolipoprotein A-II
Protein BLT4
Collagen type IV alpha-3-binding protein
Long-chain fatty acid transport protein
Non-specific lipid-transfer protein 1
Non-specific lipid-transfer protein 2
Non-specific lipid-transfer protein 3
Non-specific lipid-transfer protein P3
Non-specific lipid-transfer protein Cw18
Non-specific lipid-transfer protein 11
Probable non-specific lipid-transfer protein 1
Non-specific lipid-transfer protein 4.2
Non-specific lipid-transfer protein 4
Non-specific lipid-transfer protein 6
Non-specific lipid-transfer protein 8
Non-specific lipid-transfer protein A
Non-specific lipid-transfer protein B
Seed non-specific lipid transfer protein-like
Non-specific lipid-transfer protein
Phosphatidylglycerol/phosphatidylinositol transfer protein
Probable non-specific lipid-transfer protein 2
Non-specific lipid-transfer protein 2B
Non-specific lipid-transfer protein P5
Non-specific lipid-transfer protein D
Non-specific lipid-transfer protein 2P
Non-specific lipid-transfer protein 4.3
Non-specific lipid-transfer protein C, cotyledon-specific isoform
Non-specific lipid-transfer protein 2A
Non-specific lipid-transfer protein 2G
Non-specific lipid-transfer protein-like protein At5g64080
Non-specific lipid-transfer protein P1
Non-specific lipid-transfer protein P2
Putative non-specific lipid-transfer protein 14
Putative phosphatidylglycerol/phosphatidylinositol transfer protein 2
Putative phosphatidylglycerol/phosphatidylinositol transfer protein 1
Probable non-specific lipid-transfer protein
Non-specific lipid-transfer protein 4.1
Non-specific lipid-transfer protein 5
Non-specific lipid-transfer protein 7
Non-specific lipid-transfer protein 9
Non-specific lipid-transfer protein D, cotyledon-specific isoform
Putative phosphatidylglycerol/phosphatidylinositol transfer protein 3
Oxysterol-binding protein-related protein 2A
Oxysterol-binding protein-related protein 1
Oxysterol-binding protein-related protein 2
Oxysterol-binding protein-related protein 9
Oxysterol-binding protein-related protein 3C
Oxysterol-binding protein-related protein 4A
Oxysterol-binding protein-related protein 4C
Oxysterol-binding protein-related protein 2B
Oxysterol-binding protein-related protein 1B
Oxysterol-binding protein-related protein 1C
Oxysterol-binding protein-related protein 4B
Oxysterol-binding protein-related protein 1A
Oxysterol-binding protein-related protein 1D
Oxysterol-binding protein-related protein 3B
Probable pathogenesis-related protein ARB_02861
Stigma/stylar cysteine-rich adhesin
Phosphatidylinositol transfer protein SFH5
Phosphatidylinositol transfer protein sfh-5
Phosphatidylinositol transfer protein sfh5
StAR-related lipid transfer protein 5
StAR-related lipid transfer protein 4
StAR-related lipid transfer protein 6
Protein TRIGALACTOSYLDIACYLGLYCEROL 5, chloroplastic
Putative phosphatidylglycerol/phosphatidylinositol transfer protein DDB_G0282179
Putative phosphatidylglycerol/phosphatidylinositol transfer protein DDB_G0285639
Putative phosphatidylglycerol/phosphatidylinositol transfer protein DDB_G0282107
Putative phosphatidylglycerol/phosphatidylinositol transfer protein DDB_G0278295
