E3 SUMO-protein ligase K-bZIP
Mediator of DNA damage checkpoint protein 1
Non-structural maintenance of chromosomes element 4 homolog A
E3 SUMO-protein ligase nse2
DNA damage tolerance protein rad31
SUMO-activating enzyme subunit 2
SUMO-activating enzyme subunit 1B-1
SUMO-activating enzyme subunit 2-A
SUMO-activating enzyme subunit uba-2
SUMO-activating enzyme subunit 1B-2
Sentrin-specific protease 5
SUMO-activating enzyme subunit 1
SUMO-activating enzyme subunit 2-B
SUMO-activating enzyme subunit 1A
Small ubiquitin-related modifier 2-A
Small ubiquitin-related modifier 2-B
Small ubiquitin-related modifier 3
Small ubiquitin-related modifier 2
Ubiquitin-activating enzyme E1-like
SUMO-conjugating enzyme UBC9
