SH3 domain-binding protein 5-like
Tricyclic peptide MS-271
SH3 domain-binding protein 5 homolog
Cytotoxin 4
BRI1 kinase inhibitor 1
Calcium/calmodulin-dependent protein kinase II inhibitor 2
Calcium/calmodulin-dependent protein kinase II inhibitor 1
Protein GIR2
Inositol 1,4,5-trisphosphate receptor-interacting protein
Laminarase-resistance protein LRE1
MAP3K12-binding inhibitory protein 1
Melittin
Melittin-related peptide
Melittin-like peptide
Mitosis inhibitor nif1
PRKR-interacting protein 1
PRKR-interacting protein 1 homolog
DNA damage checkpoint protein rad25
Putative cyclin-dependent kinase inhibitor SPL2
Cyclin-dependent protein kinase inhibitor SMR3
Cyclin-dependent protein kinase inhibitor SMR1
Cyclin-dependent protein kinase inhibitor SMR2
TSSK6-activating co-chaperone protein
