Acid ceramidase
Lysosomal aspartic protease
Beta-galactosidase
Beta-galactosidase 1
Beta-glucuronidase
Cathepsin B
Cathepsin K
Dipeptidyl peptidase 1
Cathepsin S
Cathepsin L1
Cathepsin L2
Cathepsin D
Cathepsin L-like cysteine proteinase
Cathepsin Z
Cathepsin C
Putative cathepsin L3
Coiled-coil domain-containing protein 115
Chitinase domain-containing protein 1
Probable di-N-acetylchitobiase 2
Di-N-acetylchitobiase
Deoxyribonuclease-2-alpha
Deoxyribonuclease-2-beta
Probable di-N-acetylchitobiase 1
Mammalian ependymin-related protein 1
Tissue alpha-L-fucosidase
Galactocerebrosidase
Putative alpha-L-fucosidase
Alpha-L-fucosidase
Glycosylated lysosomal membrane protein
Glycosylated lysosomal membrane protein B
Glycosylated lysosomal membrane protein A
Beta-hexosaminidase subunit A1
Beta-hexosaminidase A
Beta-hexosaminidase subunit B1
Beta-hexosaminidase subunit A2
Beta-hexosaminidase subunit beta
Beta-hexosaminidase subunit B2
Hyaluronidase-3
Lysosome-associated membrane glycoprotein 3
Probable beta-mannosidase
Beta-mannosidase
Alpha-N-acetylgalactosaminidase
N-acylethanolamine-hydrolyzing acid amidase
Epididymal secretory protein E1
L-amino-acid oxidase
Phosphatidylethanolamine-binding protein 4
Putative phospholipase B-like 2
Phospholipase B-like 1
Putative phospholipase B-like 1
Tartrate-resistant acid phosphatase type 5
Putative protein 2
Ganglioside GM2 activator
