Ankyrin repeat domain-containing protein 17
Probable sister chromatid cohesion protein DCC1
Sister chromatid cohesion protein DCC1
Sister chromatid cohesion protein dcc1
Chromosomal replication initiator protein DnaA 1
Chromosomal replication initiator protein DnaA
Protein DIA2
Chromosomal replication initiator protein DnaA 2
DNA polymerase sliding clamp
Proliferating cell nuclear antigen
Probable DNA polymerase sliding clamp
Probable DNA polymerase sliding clamp 1
Proliferating cell nuclear antigen large form
DNA polymerase sliding clamp 2
DNA polymerase sliding clamp 1
Proliferating cell nuclear antigen 2
DNA polymerase sliding clamp 3
Probable DNA polymerase sliding clamp 2
Structural maintenance of chromosomes protein 3
Structural maintenance of chromosomes protein 3 homolog
Secreted beta-glucosidase SIM1
