Clusterin-associated protein 1
Cystin-1
Cytoplasmic dynein 2 light intermediate chain 1
EF-hand calcium-binding domain-containing protein 7
Protein Flattop
Protein Flattop homolog
Intraflagellar transport protein 122 homolog
Intraflagellar transport protein 22 homolog
Intraflagellar transport protein 74 homolog
Intraflagellar transport protein 43 homolog
IQ domain-containing protein E
Kinesin-like protein KIF3C
Kinesin-like protein KIF3A
TRAF3-interacting protein 1
Nephrocystin-3
TBC1 domain family member 30
Tetratricopeptide repeat protein 30B
Protein unc-119 homolog B
WD repeat-containing protein 19
WD repeat-containing protein 34
WD repeat-containing protein 60
