Replicase large subunit
Delta-latroinsectotoxin-Lhe1a
RNA-directed RNA polymerase L
Non-structural polyprotein 1AB
Replicase polyprotein
Non-structural polyprotein
Non-structural polyprotein p200
Genome polyprotein
RNA replicase polyprotein
Genome polyprotein 1
RNA1 polyprotein
RNA replication protein
Replication polyprotein
Non-structural polyprotein pORF1
Replicase polyprotein 1ab
RNA-directed RNA polymerase
Probable RNA-directed RNA polymerase
Putative RNA-directed RNA polymerase
RNA-directed RNA polymerase catalytic subunit
Protein P1-P2
Methyltransferase/helicase/RNA-directed RNA polymerase
RNA-directed RNA polymerase 2a
Replicase polyprotein P2AB
Protein P2-P3
RNA replication polyprotein
