Annexin A1 isoform p37
Annexin A3
Annexin A1 isoform p35
Phospholipase A2 inhibitor clone 10
Phospholipase A2 inhibitor clone 03/12
Phospholipase A2 inhibitor clone 09
Phospholipase A2 inhibitor subunit A
Phospholipase A2 inhibitor clone 11
Phospholipase A2 inhibitor clone 02/03/06/07
Phospholipase A2 inhibitor clone 05
Phospholipase A2 inhibitor clone 08
Phospholipase A2 inhibitor A4/A5
Phospholipase A2 inhibitor B4
Phospholipase A2 inhibitor subunit B
Phospholipase A2 inhibitor anMIP
Phospholipase A2 inhibitor A1
Phospholipase A2 inhibitor BjussuMIP
Phospholipase A2 inhibitor B1
Phospholipase A2 myotoxin inhibitor protein
Phospholipase A2 inhibitor clone 04
Phospholipase A2 inhibitor gammaCdcPLI
Phospholipase A2 inhibitor clone 06/08
