Alpha-glucosidase
Norsolorinic acid ketoreductase
6-phospho-beta-glucosidase BglT
Protein CapL
6-phospho-beta-glucosidase
C-terminal-binding protein 1
2-hydroxyacid dehydrogenase homolog 1
D-2-hydroxyacid dehydrogenase
2-hydroxyacid dehydrogenase homolog 2
D-nopaline dehydrogenase
Protein DlpA
D-2-hydroxyisocaproate dehydrogenase
2,3-diketo-L-gulonate reductase
Aklaviketone reductase DauE
Putative daunorubicin C-13 ketoreductase DnrU
2,5-diketo-D-gluconic acid reductase A
1-deoxy-D-xylulose 5-phosphate reductoisomerase
NDP-N-acetyl-D-galactosaminuronic acid dehydrogenase
Ectonucleoside triphosphate diphosphohydrolase 1
Formate dehydrogenase
Ethanolamine utilization protein EutG
Formate dehydrogenase 1
Formate dehydrogenase 1, mitochondrial
Formate dehydrogenase 2
Formate dehydrogenase, mitochondrial
Formate dehydrogenase 2, mitochondrial
D-galacturonate reductase
Maltose-6'-phosphate glucosidase
Glyoxylate reductase 1
L-glyceraldehyde 3-phosphate reductase
Putative inactive 6-phospho-alpha-glucosidase
Putative isocitrate dehydrogenase  subunit-like 4
2'-dehydrokanamycin reductase
(-)-trans-carveol dehydrogenase
Probable 6-phospho-beta-glucosidase
Alpha-galacturonidase
Maltose-6'-phosphate glucosidase MalH
Mannitol-1-phosphate 5-dehydrogenase
Short-chain reductase protein NovJ
dTDP-4-keto-6-deoxy-D-glucose reductase
Glucose-6-phosphate 3-dehydrogenase
Phospho-alpha-glucosidase PagL
6-phospho-alpha-glucosidase 1
6-phospho-alpha-glucosidase 2
1-deoxy-11-beta-hydroxypentalenate dehydrogenase
NADPH-dependent pterin aldehyde reductase
(S)-sulfolactate dehydrogenase
Vi polysaccharide biosynthesis protein VipA/TviB
Putative 2-hydroxyacid dehydrogenase SE_1879
Putative 2-hydroxyacid dehydrogenase HI_1556
Putative 2-hydroxyacid dehydrogenase SERP1888
Putative 2-hydroxyacid dehydrogenase SAUSA300_2254
Putative 2-hydroxyacid dehydrogenase SACOL2296
Putative 2-hydroxyacid dehydrogenase SA2098
Putative 2-hydroxyacid dehydrogenase SAOUHSC_02577
Putative 2-hydroxyacid dehydrogenase SSP0606
Putative 2-hydroxyacid dehydrogenase SAB2178
Putative 2-hydroxyacid dehydrogenase SAV2305
Putative 2-hydroxyacid dehydrogenase SAS2196
Putative 2-hydroxyacid dehydrogenase MW2224
Putative 2-hydroxyacid dehydrogenase SAR2389
Putative 2-hydroxyacid dehydrogenase SH0752
Putative 2-hydroxyacid dehydrogenase YPL113C
Putative 2-hydroxyacid dehydrogenase YoaD
Putative uncharacterized protein YPL276W
