Glutamyl-tRNA reductase
Glutamyl-tRNA reductase 1, chloroplastic
Glutamyl-tRNA reductase 2
Delta-aminolevulinic acid dehydratase
Porphobilinogen deaminase 2
Probable porphobilinogen deaminase
Porphobilinogen deaminase
Coproporphyrinogen-III oxidase 2, chloroplastic
Oxygen-dependent coproporphyrinogen-III oxidase
Protoporphyrinogen IX dehydrogenase
Glutamyl-tRNA reductase 1
Delta-aminolevulinic acid dehydratase, chloroplastic
Oxygen-independent coproporphyrinogen-III oxidase
Probable glutamyl-tRNA reductase 3, chloroplastic
Oxygen-dependent coproporphyrinogen-III oxidase, chloroplastic
Oxygen-independent coproporphyrinogen-III oxidase-like protein HemZ
Glutamyl-tRNA reductase, chloroplastic
Porphobilinogen deaminase 1
Porphobilinogen deaminase, chloroplastic
Coproporphyrinogen-III oxidase, aerobic 2
Glutamyl-tRNA reductase 2, chloroplastic
Glutamyl-tRNA reductase 3, chloroplastic
Coproporphyrinogen-III oxidase, aerobic 1
Probable oxygen-dependent coproporphyrinogen-III oxidase
Coproporphyrinogen-III oxidase, anaerobic 1
Oxygen-independent coproporphyrinogen-III oxidase-like protein LL1139
Protoporphyrinogen oxidase 2, chloroplastic/mitochondrial
Protoporphyrinogen oxidase, mitochondrial
Protoporphyrinogen oxidase, chloroplastic
Protoporphyrinogen oxidase 1, chloroplastic
Protoporphyrinogen oxidase, chloroplastic/mitochondrial
Oxygen-independent coproporphyrinogen-III oxidase-like protein Rv2388c
Oxygen-independent coproporphyrinogen-III oxidase-like protein sll1917
Oxygen-independent coproporphyrinogen-III oxidase-like protein BUsg_532
Oxygen-independent coproporphyrinogen-III oxidase-like protein HI_0463
Oxygen-independent coproporphyrinogen-III oxidase-like protein BU550
Oxygen-independent coproporphyrinogen-III oxidase-like protein YggW
Oxygen-independent coproporphyrinogen-III oxidase-like protein YqeR
