p-aminobenzoyl-glutamate hydrolase subunit A
p-aminobenzoyl-glutamate hydrolase subunit B
Adenylate cyclase type 2
Coiled-coil domain-containing protein 89
Cytokine receptor-like factor 2
DNA polymerase alpha subunit B
Frizzled-2
Glycoprotein hormones alpha chain 1
Guanylate cyclase soluble subunit beta-1
Glycoprotein hormones alpha chain
Gonadotropin subunit beta-2
Rano class II histocompatibility antigen, B alpha chain
Interleukin-12 subunit alpha
Interleukin-11 receptor subunit alpha
Interleukin-12 subunit beta
Junctional adhesion molecule B
Integrin alpha-3
Integrin alpha-D
Neuronal cell adhesion molecule
Protein disulfide-isomerase
Secretoglobin family 1D member 1
Structural maintenance of chromosomes protein 2
Structural maintenance of chromosomes protein 4
Mammaglobin-B
Cohesin subunit SA-1
WPP domain-interacting protein 1
WPP domain-interacting protein 2
