Protein aurora borealis
Serine/threonine-protein phosphatase BSU1
Calmodulin
Centrosomal protein of 120 kDa
Protein canopy homolog 4
Frizzled-3
Guanine nucleotide-binding protein subunit beta-2-like 1
Rho GDP-dissociation inhibitor 3
GTPase-activating protein GYP3
Alpha-catenin-like protein hmp-1
Shaggy-related protein kinase zeta
Shaggy-related protein kinase iota
Zinc finger protein mex-6
Zinc finger protein mex-5
Mutual gliding-motility protein MglA
Unconventional myosin-Vb
N-alpha-acetyltransferase 30
Pituitary adenylate cyclase-activating polypeptide
Monocyte to macrophage differentiation factor 2
PHO85 cyclin PHO80
Pleckstrin homology domain-containing family M member 2
Axin-like protein pry-1
Rab GTPase-activating protein 1-like
Ribosomal L1 domain-containing protein 1
Sentrin-specific protease
Secreted effector protein SifA
Switch-associated protein 70
TBC1 domain family member 1
VIP peptides
Serine/threonine-protein kinase unc-51
Vasoactive intestinal peptide
Protein Wnt-8a
Protein ZDS2
Protein ZDS1
