AAA-ATPase At4g25835
Monoacylglycerol lipase abhd6-A
Mycophenolic acid acyl-glucuronide esterase, mitochondrial
AAA-ATPase At3g28570, mitochondrial
AAA-ATPase At5g57480
Alpha/beta hydrolase domain-containing protein 11
ATP-binding cassette sub-family E member 1
ATP-binding cassette sub-family F member 2
Acyl-coenzyme A thioesterase 9, mitochondrial
Acyl-CoA synthetase short-chain family member B, mitochondrial
Acyl-CoA synthetase family member 2, mitochondrial
Acyl-coenzyme A synthetase ACSM1, mitochondrial
Acyl-CoA synthetase short-chain family member 3, mitochondrial
Acylphosphatase-2
Short-chain specific acyl-CoA dehydrogenase, mitochondrial
Acyl-coenzyme A thioesterase 10, mitochondrial
Acyl-CoA synthetase family member 3, mitochondrial
Serine/threonine protein phosphatase 2A regulatory subunit B''alpha
Aspartate aminotransferase, mitochondrial
AAA-ATPase At4g30250
Monoacylglycerol lipase abhd6-B
Alcohol dehydrogenase 4
6.8 kDa mitochondrial proteolipid
Probable intron-encoded endonuclease aI3
Altered inheritance of mitochondria protein 23, mitochondrial
Altered inheritance of mitochondria protein 24, mitochondrial
Altered inheritance of mitochondria protein 41, mitochondrial
Altered inheritance of mitochondria protein 46, mitochondrial
Altered inheritance of mitochondria protein 9, mitochondrial
Intron-encoded DNA endonuclease ai2a
Probable intron-encoded endonuclease aI2
Altered inheritance of mitochondria protein 18, mitochondrial
Aldose reductase-related protein 1
Probable intron-encoded DNA endonuclease aI3
Probable intron-encoded endonuclease aI8
Acyl-coenzyme A synthetase ACSM2, mitochondrial
Acyl-coenzyme A synthetase ACSM4, mitochondrial
Probable intron-encoded DNA endonuclease aI1
D-arabinono-1,4-lactone oxidase
Acyl-coenzyme A synthetase ACSM3, mitochondrial
Acylglycerol kinase, mitochondrial
Probable intron-encoded endonuclease aI7
Putative COX1/OXI3 intron 2 protein
Probable intron-encoded endonuclease aI4
Aldehyde dehydrogenase, mitochondrial
Bis(5'-nucleosyl)-tetraphosphatase
ADP,ATP carrier protein
Putative COX1/OXI3 intron 1 protein
Intron-encoded endonuclease ai4
Probable intron-encoded endonuclease aI5
Altered inheritance of mitochondria protein 19, mitochondrial
Fructose-bisphosphate aldolase C
Intron-encoded DNA endonuclease ai2b
Intron-encoded DNA endonuclease aI5 beta
Altered inheritance of mitochondria protein 19 homolog
APO protein 4, mitochondrial
Annexin A10
APO protein 3, mitochondrial
Bifunctional protein argC, mitochondrial
APOPT family protein CBG23705, mitochondrial
Armadillo repeat-containing protein 1
Protein ARG5,6, mitochondrial
Intron-encoded DNA endonuclease I-AniI
ATP synthase subunit g 2, mitochondrial
Iron-sulfur clusters transporter atm1, mitochondrial
ATP synthase subunit e, mitochondrial
ATP synthase subunit s-like protein
ATP synthase subunit J, mitochondrial
ATP synthase-coupling factor 6, mitochondrial
ATP synthase mitochondrial F1 complex assembly factor 1
ATP synthase subunit d, mitochondrial
ATP synthase subunit g, mitochondrial
ATPase synthesis protein 25, mitochondrial
ATP synthase subunit f, mitochondrial
ATP synthase subunit H, mitochondrial
Beta,beta-carotene 9',10'-oxygenase
Bcl-2-binding component 3
Biotin synthase
Biotin synthase, mitochondrial
Branched-chain-amino-acid aminotransferase, cytosolic
Branched-chain-amino-acid aminotransferase, mitochondrial
Probable intron-encoded endonuclease bI1
Biogenesis of lysosome-related organelles complex 1 subunit 1
ATP synthase subunit 4, mitochondrial
BolA-like protein 1
Protein BOLA4, chloroplastic/mitochondrial
BRI3-binding protein
Amino-acid permease BAT1
Cysteine proteinase 1, mitochondrial
Methylglutaconyl-CoA hydratase, mitochondrial
BAG family molecular chaperone regulator 1
BAG family molecular chaperone regulator 5, mitochondrial
Probable mitochondrial chaperone bcs1
Valacyclovir hydrolase
BH3-like motif-containing cell death inducer
Bax inhibitor 1
Putative uncharacterized protein LRRC75A-AS1, mitochondrial
Cis-aconitate decarboxylase
Cytochrome B pre-mRNA-processing protein 2
Coiled-coil domain-containing protein 58
Cytochrome B pre-mRNA-processing protein 1
Coiled-coil domain-containing protein 90B, mitochondrial
Probable cytochrome c biosynthesis protein
Probable cytochrome c-type heme lyase
Cytochrome c-type heme lyase
Mitochondrial group I intron splicing factor CCM1
Assembly factor cbp4
Coiled-coil domain-containing protein 136
Cruciform cutting endonuclease 1, mitochondrial
Cat eye syndrome critical region protein 5
UPF0562 protein C7orf55 homolog
Assembly factor CBP4
60 kDa chaperonin, mitochondrial
3-oxoacyl- synthase homolog
UPF0562 protein C7orf55
Cat eye syndrome critical region protein 5 homolog
Coiled-coil-helix-coiled-coil-helix domain-containing protein 7
Probable complex I intermediate-associated protein 30, mitochondrial
Caffeine-induced death protein 2
Putative coiled-coil-helix-coiled-coil-helix domain-containing protein CHCHD2P9, mitochondrial
Caseinolytic peptidase B protein homolog
Ceramide kinase
Citrate lyase subunit beta-like protein, mitochondrial
Calcium-binding mitochondrial carrier protein
Chaperonin HSP60, mitochondrial
Choline dehydrogenase, mitochondrial
Complex I intermediate-associated protein 84, mitochondrial
CDGSH iron-sulfur domain-containing protein 3, mitochondrial
Complex I intermediate-associated protein 30, mitochondrial
Cx9C motif-containing protein 4
Catechol O-methyltransferase domain-containing protein 1
UPF0317 protein C14orf159 homolog, mitochondrial
Cytochrome c oxidase assembly factor 5
Probable complex I intermediate-associated protein 30
Cardiolipin synthase
Cyclic pyranopterin monophosphate synthase accessory protein, mitochondrial
Cytochrome c oxidase subunit 5A, mitochondrial
Probable cytochrome c oxidase subunit 6B
COX assembly mitochondrial protein 2 homolog
Cytochrome c oxidase subunit 8C, mitochondrial
Calmodulin-like protein 1
UPF0317 protein C14orf159, mitochondrial
Cytochrome c oxidase subunit 3
Cytochrome c oxidase subunit 6B
Cytochrome c oxidase subunit 6a, mitochondrial
COX assembly mitochondrial protein 1
Rsm22-cox11 tandem protein 1, mitochondrial
Cytochrome c oxidase protein 20, mitochondrial
Cytochrome c oxidase subunit 7A, mitochondrial
Cytochrome c oxidase polypeptide VIII, mitochondrial
COX assembly mitochondrial protein homolog
Cytochrome c oxidase assembly factor 1 homolog
Cytochrome c oxidase assembly factor 1
Cytochrome c oxidase assembly protein COX14
Cytochrome c oxidase-assembly factor COX23, mitochondrial
Cytochrome c oxidase subunit 4 isoform 2, mitochondrial
Cytochrome c oxidase subunit 6, mitochondrial
Cytochrome c oxidase subunit 7C, mitochondrial
Carnitine O-palmitoyltransferase 2, mitochondrial
3-hydroxybutyryl-CoA dehydratase-like protein, mitochondrial
Protein C19orf12 homolog
Cytochrome c oxidase subunit 4, mitochondrial
Probable cytochrome c oxidase subunit 6A, mitochondrial
Cytochrome c oxidase subunit 6C
Cytochrome c oxidase assembly protein COX16 homolog, mitochondrial
Cytochrome c oxidase protein 20 homolog
Mitochondrial mRNA-processing protein cox24
Coenzyme Q-binding protein COQ10 homolog B, mitochondrial
Putative cytochrome c oxidase subunit 6b-like
Cytochrome c oxidase subunit 6A, mitochondrial
Cytochrome c oxidase copper chaperone
Cytochrome c oxidase polypeptide 5, mitochondrial
Protein C19orf12
Ecdysone 20-monooxygenase
Carnitine O-palmitoyltransferase 1, muscle isoform
Probable cardiolipin synthase
Cytochrome c oxidase subunit 6b-2
Cytochrome c1, heme protein, mitochondrial
Cytochrome c oxidase subunit 5b-2, mitochondrial
Cytochrome c oxidase subunit 6A2, mitochondrial
Cytochrome c oxidase subunit 7A1, mitochondrial
Cytochrome c oxidase subunit 7A2, mitochondrial
Cytochrome c oxidase subunit 6B2
Mitochondrial presequence protease
Probable D-2-hydroxyglutarate dehydrogenase, mitochondrial
Probable cytochrome c oxidase subunit 5C-1
Cytochrome c oxidase subunit 6b-3
Putative D-cysteine desulfhydrase 2, mitochondrial
N(G),N(G)-dimethylarginine dimethylaminohydrolase 2
Mitochondrial protein cyt-4
Diablo homolog, mitochondrial
Protein DEPP
DAR GTPase 2, mitochondrial
Glutamate dehydrogenase, mitochondrial
D-cysteine desulfhydrase 2, mitochondrial
DnaJ homolog subfamily C member 11
2,4-dienoyl-CoA reductase, mitochondrial
DnaJ homolog subfamily C member 30
D-lactate dehydrogenase  1, mitochondrial
Dihydrolipoyl dehydrogenase
Protein DML1
2-deoxy-glucose resistant protein 1, mitochondrial
Protein dml1
D-lactate dehydrogenase , mitochondrial
Dihydrolipoyl dehydrogenase, mitochondrial
DnaJ homolog subfamily C member 4
Protein dml-1
DNA polymerase subunit gamma-2, mitochondrial
Probable disease resistance protein At5g47250
DNA polymerase subunit gamma-1, mitochondrial
Enoyl-CoA hydratase domain-containing protein 3, mitochondrial
Probable enoyl-CoA hydratase, mitochondrial
Developmentally-regulated GTP-binding protein 2
Enoyl-CoA hydratase domain-containing protein 2, mitochondrial
Enoyl-CoA delta isomerase 1, mitochondrial
Enoyl-CoA hydratase, mitochondrial
Protein EMRE homolog, mitochondrial
Mitochondrial enolase superfamily member 1
ES1 protein, mitochondrial
ES1 protein homolog, mitochondrial
Electron transfer flavoprotein subunit beta
Endonuclease SceI small subunit
Protein FAM110B
Protein FAM210A
ER membrane protein complex subunit 8
Electron transfer flavoprotein-ubiquinone oxidoreductase, mitochondrial
Probable electron transfer flavoprotein-ubiquinone oxidoreductase, mitochondrial
Protein FAM136A
Protein FAM72A
Malonyl CoA-acyl carrier protein transacylase, mitochondrial
3-oxoacyl- reductase
Fumarylacetoacetate hydrolase domain-containing protein 2A
Acylpyruvase FAHD1, mitochondrial
Protein FMP49, mitochondrial
Putative methionyl-tRNA formyltransferase
Protein-ribulosamine 3-kinase, chloroplastic
Protein FMP27, mitochondrial
Protein FATTY ACID EXPORT 7
Mitochondrial FAD carrier protein FLX1
Protein FMP23, mitochondrial
Frataxin, mitochondrial
Fibrous sheath-interacting protein 2
Protein FMP16, mitochondrial
Protein fmp32, mitochondrial
Farnesyl pyrophosphate synthase 1, mitochondrial
Protein FMP32, mitochondrial
UPF0061 protein FMP40
ATP-dependent zinc metalloprotease FTSH 5, mitochondrial
Protein FYV4, mitochondrial
Galactocerebrosidase
ATP-dependent zinc metalloprotease FTSH 4, mitochondrial
Glyceraldehyde-3-phosphate dehydrogenase 1
Glutamyl-tRNA(Gln) amidotransferase subunit A, mitochondrial
Ferritin, mitochondrial
Glutamyl-tRNA(Gln) amidotransferase subunit B, mitochondrial
Glycine amidinotransferase, mitochondrial
Glycine cleavage system H protein 3, mitochondrial
Glycine cleavage system H protein, mitochondrial
Glycine dehydrogenase
Glutamyl-tRNA(Gln) amidotransferase subunit B, chloroplastic/mitochondrial
Glutamyl-tRNA(Gln) amidotransferase subunit A, chloroplastic/mitochondrial
Genetic interactor of prohibitins 3, mitochondrial
Geranylgeranyl pyrophosphate synthase 10, mitochondrial
Growth hormone-inducible transmembrane protein
Protein fyv4, mitochondrial
Probable glycine cleavage system H protein 1, mitochondrial
Genetic interactor of prohibitin 5, mitochondrial
Probable truncated L-gulonolactone oxidase 7, mitochondrial
Protein GDF5OS, mitochondrial
Gamma-aminobutyric acid receptor-associated protein-like 1
Glycine cleavage system H-like protein gcvH5, mitochondrial
GTPase IMAP family member 3
Glutamine synthetase
Putative glutaminase 2
Glycine cleavage system H protein 2, mitochondrial
Glycogen debranching enzyme
Putative glycine dehydrogenase
Geranylgeranyl pyrophosphate synthase 6, mitochondrial
Glyoxalase domain-containing protein 4
Glycine N-acyltransferase-like protein
Glycine N-acyltransferase-like protein 2
Glutamine synthetase, mitochondrial
Hydroxyacylglutathione hydrolase, mitochondrial
Mannose-1-phosphate guanyltransferase beta
Putative glutamate synthase
Glycine N-acyltransferase-like protein 1
Glycine N-acyltransferase-like protein 3
Glycerol-3-phosphate dehydrogenase  2, mitochondrial
Gasdermin-C
Glycine N-phenylacetyltransferase
(DL)-glycerol-3-phosphatase 2
Gasdermin-C4
GTP-binding protein 8
Guanylate kinase 2, chloroplastic/mitochondrial
GPI mannosyltransferase 2
Glutathione reductase, chloroplastic
Probable DNA gyrase subunit A, chloroplastic/mitochondrial
Glutathione reductase
Glutathione reductase, mitochondrial
DNA gyrase subunit B, mitochondrial
Gasdermin-C3
Gasdermin-C2
Glutathione reductase, chloroplastic/mitochondrial
HD domain-containing protein 2
Ferrochelatase
Acetyl-CoA carboxylase, mitochondrial
DNA gyrase subunit A, chloroplastic/mitochondrial
DNA gyrase subunit B, chloroplastic/mitochondrial
3-hydroxyisobutyryl-CoA hydrolase-like protein 4, mitochondrial
Heme-binding protein 1
3-hydroxyisobutyryl-CoA hydrolase-like protein 1, mitochondrial
Haloacid dehalogenase-like hydrolase domain-containing protein 3
Ferrochelatase, mitochondrial
Homocitrate synthase, mitochondrial
3-hydroxyisobutyryl-CoA hydrolase-like protein 3, mitochondrial
Heat shock 22 kDa protein, mitochondrial
3-hydroxyisobutyryl-CoA hydrolase-like protein 2, mitochondrial
23.5 kDa heat shock protein, mitochondrial
4-hydroxy-2-oxoglutarate aldolase, mitochondrial
Hexokinase-1
Heat shock 70-related protein 1, mitochondrial
Hexokinase-4
Hydroxymethylglutaryl-CoA lyase, mitochondrial
Heat shock protein homolog C338.06c
Hexokinase-3
Probable intron-encoded DNA endonuclease 3
Small heat shock protein hspI, mitochondrial
Probable intron-encoded endonuclease 1
Probable intron-encoded DNA endonuclease 2
Probable intron-encoded DNA endonuclease 1
Abhydrolase domain-containing protein IMO32
Putative mitochondrial ATP-dependent helicase irc3
Isovaleryl-CoA dehydrogenase, mitochondrial
IQ domain-containing protein E
Probable adenylate kinase 1, chloroplastic
Protein Iojap-related, mitochondrial
J domain-containing protein 1
Creatine kinase B-type
Glycine N-acyltransferase-like protein Keg1
Probable adenylate kinase 7, mitochondrial
3-oxoacyl- synthase, mitochondrial
L-2-hydroxyglutarate dehydrogenase, mitochondrial
Beta-lactamase-like protein 2
Serine beta-lactamase-like protein LACTB, mitochondrial
Probable endonuclease lcl3
Probable endonuclease LCL3
Leucine carboxyl methyltransferase 1
Probable D-lactate dehydrogenase, mitochondrial
Kidney mitochondrial carrier protein 1
Leghemoglobin reductase
LETM1 and EF-hand domain-containing protein 1, mitochondrial
Lactation elevated protein 1
2-isopropylmalate synthase 2, mitochondrial
Lipoyl synthase 1, mitochondrial
Lipoyl synthase, mitochondrial
Probable endonuclease C19F8.04c
LOB domain-containing protein 1
Lipoyl synthase 2, mitochondrial
2-isopropylmalate synthase
Probable lipid-A-disaccharide synthase, mitochondrial
Probable UDP-3-O- N-acetylglucosamine deacetylase 2
Probable UDP-3-O- N-acetylglucosamine deacetylase 5
Homoaconitase, mitochondrial
Probable UDP-3-O- N-acetylglucosamine deacetylase 3
LETM1 domain-containing protein 1
LYR motif-containing protein 5
Probable UDP-3-O- N-acetylglucosamine deacetylase 4
Homoisocitrate dehydrogenase
Probable UDP-3-O-acylglucosamine N-acyltransferase 1, mitochondrial
LYR motif-containing protein 2
Complex III assembly factor LYRM7
Homoisocitrate dehydrogenase, mitochondrial
Protein MAATS1
Methionine aminopeptidase 1D, mitochondrial
Probable acyl---UDP-N-acetylglucosamine O-acyltransferase, mitochondrial
Probable UDP-3-O- N-acetylglucosamine deacetylase 1
Cytochrome b mRNA maturase bI2
Mitochondrial biogenesis regulation protein 1
Methylcrotonoyl-CoA carboxylase subunit alpha, mitochondrial
Methylcrotonoyl-CoA carboxylase beta chain, mitochondrial
Methylmalonyl-CoA epimerase, mitochondrial
Probable UDP-3-O-acylglucosamine N-acyltransferase 2, mitochondrial
Probable mitochondrial 2-oxoglutarate/malate carrier protein
Intron-encoded RNA maturase bI4
MICOS complex subunit mic25a
Putative uncharacterized mitochondrial protein AtMg00280
MICOS complex subunit mic25-a
Methionine aminopeptidase 1B, chloroplastic
Methionine aminopeptidase 1C, chloroplastic/mitochondrial
Mitochondrial basic amino acids transporter
Mitochondrial coiled-coil domain protein 1
2-methylacyl-CoA dehydrogenase, mitochondrial
MICOS complex subunit mic25-b
Mitoferrin-2
Methyltransferase-like protein 12, mitochondrial
Mitochondrial division protein 1
Mitochondrial fission regulator 1-like
MICOS complex subunit MIC10
Mitoferrin
MICOS complex subunit Mic10
MICOS complex subunit Mic25
MICOS complex subunit MIC27
Mitochondrial genome maintenance protein mgm101 homolog
Calcium uptake protein 3, mitochondrial
Methylmalonic aciduria type A homolog, mitochondrial
Mitochondrial genome maintenance protein mgm101
MICOS complex subunit MIC25
MICOS complex subunit Mic27
Probable methylmalonate-semialdehyde dehydrogenase )
Mitofusin-1
MICOS complex subunit MIC13
Multiple organellar RNA editing factor 3, mitochondrial
Probable mitochondrial phosphate carrier protein
Mitoferrin-1
MICOS complex subunit mic10
MICOS complex subunit mic25
MICOS complex subunit Mic26
Cob(I)yrinic acid a,c-diamide adenosyltransferase, mitochondrial
Methylmalonic aciduria and homocystinuria type D homolog, mitochondrial
Multiple organellar RNA editing factor 6, mitochondrial
Mitochondrial pyruvate carrier 1
Multiple organellar RNA editing factor 5, mitochondrial
Multiple organellar RNA editing factor 8, chloroplastic/mitochondrial
ATP-dependent RNA helicase MRH4, mitochondrial
Multidrug resistance-associated protein 9
MIOREX complex component 8
Methylmalonic aciduria and homocystinuria type C protein homolog
Multiple organellar RNA editing factor 1, mitochondrial
Probable mitochondrial pyruvate carrier 1
Mitochondrial inner membrane magnesium transporter mrs2
MIOREX complex component 12
MIOREX complex component 5
Meiotic sister-chromatid recombination protein 6, mitochondrial
Protein MSS18
MICOS complex subunit mic60
ATP-dependent RNA helicase mrh4, mitochondrial
MIOREX complex component 7
Multiple organellar RNA editing factor 4, mitochondrial
Mitochondrial peculiar membrane protein 1
Magnesium transporter MRS2 homolog, mitochondrial
Meiotically up-regulated gene 116 protein
Meiotically up-regulated gene 143 protein
Meiotically up-regulated gene 167 protein
Multiple organellar RNA editing factor 7, mitochondrial
MIOREX complex component 1
Mitochondrial pyruvate carrier 2
Mitochondrial pyruvate carrier 4
Mitochondrial RNA-splicing protein MRS3
MutS protein homolog 1
Maintenance of telomere capping protein 3, mitochondrial
Meiotically up-regulated gene 153 protein
Meiotically up-regulated gene 163 protein
MIOREX complex component 6
Mitochondrial DNA mismatch repair protein mutS homolog
Mitochondrial fission regulator 2
Meiotically up-regulated gene 100 protein, mitochondrial
Meiotically up-regulated gene 130 protein
Meiotically up-regulated gene 43 protein
Mitochondrial transcription factor 1
Mitochondrial transcription factor 2
Mitochondrial fission process protein 1
Mitochondrial GTPase 1
Amino-acid acetyltransferase, mitochondrial
Meiotically up-regulated gene 132 protein
NADH-ubiquinone oxidoreductase assembly factor N7BML
Meiotically up-regulated gene 98 protein, mitochondrial
Probable methylmalonyl-CoA mutase, mitochondrial
Mitochondrial zinc maintenance protein 1, mitochondrial
Nuclear control of ATPase protein 2
NADH dehydrogenase  1 alpha subcomplex assembly factor 4
NADH dehydrogenase  1 alpha subcomplex assembly factor 5
NADH dehydrogenase  complex I, assembly factor 7
Myosin regulatory light chain 10
Probable NADH-ubiquinone oxidoreductase C947.15c, mitochondrial
External NADH-ubiquinone oxidoreductase 1, mitochondrial
NADPH-dependent diflavin oxidoreductase 1
NADH dehydrogenase  flavoprotein 1, mitochondrial
NFU1 iron-sulfur cluster scaffold homolog, mitochondrial
NADH dehydrogenase  1 beta subcomplex subunit 3-A
NADH dehydrogenase  iron-sulfur protein 4, mitochondrial
External NADH-ubiquinone oxidoreductase 2, mitochondrial
NADH dehydrogenase  1 beta subcomplex subunit 3
NADH dehydrogenase  1 subunit C2
Protein NipSnap homolog 2
NADH dehydrogenase  iron-sulfur protein 8-A, mitochondrial
NADH dehydrogenase  1 beta subcomplex subunit 7
ATP-dependent
Probable NADH-ubiquinone oxidoreductase C3A11.07, mitochondrial
NADH dehydrogenase  iron-sulfur protein 8-B, mitochondrial
Nicotinamide adenine dinucleotide transporter 1, chloroplastic
NADH dehydrogenase  1 beta subcomplex subunit 8, mitochondrial
NADH dehydrogenase  complex I, assembly factor 7 homolog
NIF3-like protein 1
NADH dehydrogenase  1 alpha subcomplex subunit 2
NADH-ubiquinone oxidoreductase 75 kDa subunit, mitochondrial
Neurolysin, mitochondrial
NGG1-interacting factor 3
Nudix hydrolase 12, mitochondrial
Nucleoside diphosphate-linked moiety X motif 13
Nudix hydrolase 18, mitochondrial
Nucleoside diphosphate-linked moiety X motif 8
ADP-ribose pyrophosphatase, mitochondrial
Iron-sulfur protein NUBPL
Probable GTP-binding protein OBGM, mitochondrial
OCIA domain-containing protein 1
Mitochondrial outer membrane protein OM45
Nudix hydrolase 16, mitochondrial
Nudix hydrolase 17, mitochondrial
OCIA domain-containing protein 2
Pentatricopeptide repeat-containing protein OGR1, mitochondrial
Nudix hydrolase 13, mitochondrial
Mitochondrial 2-oxodicarboxylate carrier 1
Oxidation resistance protein 1
Dihydrolipoyllysine-residue acetyltransferase component of pyruvate dehydrogenase complex, mitochondrial
2-oxoisovalerate dehydrogenase subunit alpha, mitochondrial
Mitochondrial metalloendopeptidase OMA1
Optic atrophy 3 protein homolog
2-oxoisovalerate dehydrogenase subunit alpha 2, mitochondrial
2-oxoisovalerate dehydrogenase subunit beta, mitochondrial
Oxidoreductase-like domain-containing protein 1
PAB-dependent poly(A)-specific ribonuclease subunit pan3-like
Protein PET20, mitochondrial
Prohibitin-5, mitochondrial
Phosphatidylethanolamine-binding protein homolog F40A3.3
Phytanoyl-CoA hydroxylase-interacting protein-like
Phytanoyl-CoA hydroxylase interacting protein-like
Putative mitochondrial carrier protein PET8
ATP-dependent 6-phosphofructokinase subunit beta
ATP-dependent DNA helicase-like PIF8
CDP-diacylglycerol--glycerol-3-phosphate 3-phosphatidyltransferase
Pentatricopeptide repeat-containing protein At1g71060, mitochondrial
Pentatricopeptide repeat-containing protein At1g80550, mitochondrial
Pentatricopeptide repeat-containing protein At2g03880, mitochondrial
Pentatricopeptide repeat-containing protein At2g34370, mitochondrial
Pentatricopeptide repeat-containing protein At2g39230, mitochondrial
Pentatricopeptide repeat-containing protein At3g62540, mitochondrial
Putative pentatricopeptide repeat-containing protein At1g64310
Putative pentatricopeptide repeat-containing protein At1g69350, mitochondrial
Pentatricopeptide repeat-containing protein At1g74600, chloroplastic
Pentatricopeptide repeat-containing protein At2g01510, mitochondrial
Pentatricopeptide repeat-containing protein At2g13420, mitochondrial
Pentatricopeptide repeat-containing protein At3g02490, mitochondrial
Pentatricopeptide repeat-containing protein At3g14580, mitochondrial
Pentatricopeptide repeat-containing protein At3g22470, mitochondrial
Pentatricopeptide repeat-containing protein At4g30700
Putative pentatricopeptide repeat-containing protein At5g13230, mitochondrial
Pentatricopeptide repeat-containing protein At5g19020, mitochondrial
Pentatricopeptide repeat-containing protein At1g77360, mitochondrial
Pentatricopeptide repeat-containing protein At1g79490, mitochondrial
Pentatricopeptide repeat-containing protein At1g80880, mitochondrial
Pentatricopeptide repeat-containing protein At2g18520, mitochondrial
Pentatricopeptide repeat-containing protein At2g20540
Pentatricopeptide repeat-containing protein At2g28050
Pentatricopeptide repeat-containing protein At2g36980, mitochondrial
Pentatricopeptide repeat-containing protein At3g07290, mitochondrial
Pentatricopeptide repeat-containing protein At3g09040, mitochondrial
Putative pentatricopeptide repeat-containing protein At3g16710, mitochondrial
Pentatricopeptide repeat-containing protein At4g01990, mitochondrial
Pentatricopeptide repeat-containing protein At4g19191, mitochondrial
Pentatricopeptide repeat-containing protein At4g35850, mitochondrial
Pentatricopeptide repeat-containing protein At5g14820, mitochondrial
Pentatricopeptide repeat-containing protein At5g15340, mitochondrial
Pentatricopeptide repeat-containing protein At5g16640, mitochondrial
Putative pentatricopeptide repeat-containing protein At1g12700, mitochondrial
Pentatricopeptide repeat-containing protein At1g26900, mitochondrial
Pentatricopeptide repeat-containing protein At1g28690, mitochondrial
Pentatricopeptide repeat-containing protein At1g60770
Pentatricopeptide repeat-containing protein At1g63070, mitochondrial
Pentatricopeptide repeat-containing protein At1g03560, mitochondrial
DNA polymerase I B, mitochondrial
Pentatricopeptide repeat-containing protein At1g66345, mitochondrial
Pentatricopeptide repeat-containing protein At1g73400, mitochondrial
Putative pentatricopeptide repeat-containing protein At1g77010, mitochondrial
Pentatricopeptide repeat-containing protein At1g80150, mitochondrial
Pentatricopeptide repeat-containing protein At2g20710, mitochondrial
Pentatricopeptide repeat-containing protein At2g26790, mitochondrial
Pentatricopeptide repeat-containing protein At2g27800, mitochondrial
Pentatricopeptide repeat-containing protein At2g38420, mitochondrial
Pentatricopeptide repeat-containing protein At3g04130, mitochondrial
Pentatricopeptide repeat-containing protein At3g13160, mitochondrial
Pentatricopeptide repeat-containing protein At3g22670, mitochondrial
Putative pentatricopeptide repeat-containing protein At3g25060, mitochondrial
Pentatricopeptide repeat-containing protein At3g26782, mitochondrial
Pentatricopeptide repeat-containing protein At3g61360
Pentatricopeptide repeat-containing protein At4g04790, mitochondrial
Pentatricopeptide repeat-containing protein At4g14050, mitochondrial
Pentatricopeptide repeat-containing protein At4g16835, mitochondrial
Pentatricopeptide repeat-containing protein At4g19220, mitochondrial
Pentatricopeptide repeat-containing protein At4g32430, mitochondrial
Pentatricopeptide repeat-containing protein At5g16420, mitochondrial
Pentatricopeptide repeat-containing protein At5g61370, mitochondrial
Pentatricopeptide repeat-containing protein At5g61990, mitochondrial
Putative pentatricopeptide repeat-containing protein At1g09680
Pentatricopeptide repeat-containing protein At1g12775, mitochondrial
Pentatricopeptide repeat-containing protein At1g32415, mitochondrial
Pentatricopeptide repeat-containing protein At1g43980, mitochondrial
Pentatricopeptide repeat-containing protein At1g56690, mitochondrial
Pentatricopeptide repeat-containing protein At1g62914, mitochondrial
Pentatricopeptide repeat-containing protein At1g63080, mitochondrial
PRELI domain-containing protein 1, mitochondrial
Pentatricopeptide repeat-containing protein At2g22410, mitochondrial
Pentatricopeptide repeat-containing protein At2g35030, mitochondrial
Pentatricopeptide repeat-containing protein At2g46050, mitochondrial
Putative pentatricopeptide repeat-containing protein At3g13770, mitochondrial
Pentatricopeptide repeat-containing protein At3g25210, mitochondrial
Pentatricopeptide repeat-containing protein At3g48250, chloroplastic
Pentatricopeptide repeat-containing protein At3g53360, mitochondrial
Pentatricopeptide repeat-containing protein At3g62470, mitochondrial
Pentatricopeptide repeat-containing protein At4g01400, mitochondrial
Probable acid phosphatase SPBC4.06
Lysophosphatidic acid phosphatase type 6
Pentatricopeptide repeat-containing protein At1g05670, mitochondrial
Pentatricopeptide repeat-containing protein At1g11630, mitochondrial
Pentatricopeptide repeat-containing protein At1g64583, mitochondrial
Pentatricopeptide repeat-containing protein At4g02820, mitochondrial
Pentatricopeptide repeat-containing protein At4g26680, mitochondrial
Pentatricopeptide repeat-containing protein At5g15010, mitochondrial
Pentatricopeptide repeat-containing protein At5g42310, mitochondrial
Pentatricopeptide repeat-containing protein At5g46460, mitochondrial
Pentatricopeptide repeat-containing protein At5g64320, mitochondrial
Pentatricopeptide repeat-containing protein At5g66500, mitochondrial
NADH kinase pos5, mitochondrial
Pentatricopeptide repeat-containing protein At1g74900, mitochondrial
Pentatricopeptide repeat-containing protein At1g80270, mitochondrial
Pentatricopeptide repeat-containing protein At2g03380, mitochondrial
Pentatricopeptide repeat-containing protein At2g15630, mitochondrial
Pentatricopeptide repeat-containing protein At2g17525, mitochondrial
Pentatricopeptide repeat-containing protein At3g61520, mitochondrial
Pentatricopeptide repeat-containing protein At4g01030, mitochondrial
Pentatricopeptide repeat-containing protein At4g21705, mitochondrial
Pentatricopeptide repeat-containing protein At4g32450, mitochondrial
Pentatricopeptide repeat-containing protein At4g39952, mitochondrial
Pentatricopeptide repeat-containing protein At5g09450, mitochondrial
Pentatricopeptide repeat-containing protein At1g62260, mitochondrial
Inactive serine protease 35
Pentatricopeptide repeat-containing protein At1g68980, mitochondrial
Pentatricopeptide repeat-containing protein At2g40240, mitochondrial
Pentatricopeptide repeat-containing protein At3g02650, mitochondrial
Pentatricopeptide repeat-containing protein At3g04750, mitochondrial
Pentatricopeptide repeat-containing protein At3g13880
Pentatricopeptide repeat-containing protein At3g15590, mitochondrial
Pentatricopeptide repeat-containing protein At3g18970
Pentatricopeptide repeat-containing protein At3g24000, mitochondrial
Pentatricopeptide repeat-containing protein At3g49240
Pentatricopeptide repeat-containing protein At3g54980, mitochondrial
Pentatricopeptide repeat-containing protein At3g60960, mitochondrial
Pentatricopeptide repeat-containing protein At4g21880, mitochondrial
Pentatricopeptide repeat-containing protein At4g31070, mitochondrial
Pentatricopeptide repeat-containing protein At4g36680, mitochondrial
Putative pentatricopeptide repeat-containing protein At5g06400, mitochondrial
Putative pentatricopeptide repeat-containing protein At5g08310, mitochondrial
Pentatricopeptide repeat-containing protein At5g14770, mitochondrial
Pentatricopeptide repeat-containing protein At5g15980, mitochondrial
Pentatricopeptide repeat-containing protein At5g18390, mitochondrial
Pentatricopeptide repeat-containing protein At5g40410, mitochondrial
Pentatricopeptide repeat-containing protein At5g57250, mitochondrial
Pentatricopeptide repeat-containing protein At1g07740, mitochondrial
Pentatricopeptide repeat-containing protein At1g11710, mitochondrial
Pentatricopeptide repeat-containing protein At1g12300, mitochondrial
Pentatricopeptide repeat-containing protein At1g15480, mitochondrial
Pentatricopeptide repeat-containing protein At1g20300, mitochondrial
Pentatricopeptide repeat-containing protein At1g29710, mitochondrial
Pentatricopeptide repeat-containing protein At1g53600, mitochondrial
Pentatricopeptide repeat-containing protein At5g39710
Pentatricopeptide repeat-containing protein At5g41170, mitochondrial
Pentatricopeptide repeat-containing protein At5g42450, mitochondrial
Pentatricopeptide repeat-containing protein At1g02370, mitochondrial
Pentatricopeptide repeat-containing protein At1g22960, mitochondrial
Pentatricopeptide repeat-containing protein At1g52640, mitochondrial
Pentatricopeptide repeat-containing protein At1g62680, mitochondrial
Pentatricopeptide repeat-containing protein At1g62930, chloroplastic
Pentatricopeptide repeat-containing protein At1g06140, mitochondrial
Pentatricopeptide repeat-containing protein At1g06710, mitochondrial
Pentatricopeptide repeat-containing protein At1g09220, mitochondrial
Pentatricopeptide repeat-containing protein At1g26460, mitochondrial
Pentatricopeptide repeat-containing protein At1g03100, mitochondrial
Pentatricopeptide repeat-containing protein At1g55890, mitochondrial
Pentatricopeptide repeat-containing protein At1g62670, mitochondrial
Pentatricopeptide repeat-containing protein At1g63130, mitochondrial
Peptidyl-tRNA hydrolase 2, mitochondrial
Protein preY, mitochondrial
Protein pet117, mitochondrial
Probable peptidyl-tRNA hydrolase 2
Protein PET100 homolog, mitochondrial
Protein PET117 homolog, mitochondrial
Protein PET117, mitochondrial
Probable peptidyl-tRNA hydrolase
Peptidyl-tRNA hydrolase
Peptidyl-tRNA hydrolase, mitochondrial
Cytochrome b-c1 complex subunit 9
CTP synthase 2
Putative uncharacterized protein Q0017, mitochondrial
Putative uncharacterized protein Q0182, mitochondrial
Putative uncharacterized protein Q0010, mitochondrial
Putative uncharacterized protein Q0142, mitochondrial
Cytochrome b-c1 complex subunit 7-2
Cytochrome b-c1 complex subunit 2, mitochondrial
Glycine-rich RNA-binding protein 5, mitochondrial
Cytochrome b-c1 complex subunit 7
Putative uncharacterized protein Q0092, mitochondrial
Putative uncharacterized protein Q0144, mitochondrial
Putative uncharacterized protein Q0297, mitochondrial
Ras-related protein Rab-24
Putative uncharacterized protein Q0032, mitochondrial
Putative uncharacterized protein Q0143, mitochondrial
DEAD-box ATP-dependent RNA helicase 39
Respiratory supercomplex factor 1, mitochondrial
Respiratory supercomplex factor 2 homolog C1565.01
Protein Rf1, mitochondrial
Peripheral-type benzodiazepine receptor-associated protein 1
RNA-editing ligase 2, mitochondrial
RNA-editing ligase 1, mitochondrial
39S ribosomal protein L18, mitochondrial
Reactive oxygen species modulator 1 homolog
39S ribosomal protein L30, mitochondrial
39S ribosomal protein L38, mitochondrial
Ribosome-recycling factor, mitochondrial
Required for respiratory growth protein 1, mitochondrial
Required for respiratory growth protein 7, mitochondrial
Required for respiratory growth protein 8, mitochondrial
Required for respiratory growth protein 9, mitochondrial
RNA-directed DNA polymerase homolog
Reverse transcriptase-like protein
Reticulon-like protein B8
Mitochondrial coenzyme A transporter SLC25A42
Probable succinyl-CoA:3-ketoacid coenzyme A transferase, mitochondrial
Succinate dehydrogenase assembly factor 1, mitochondrial
S-adenosylmethionine mitochondrial carrier protein
Succinyl-CoA:3-ketoacid coenzyme A transferase 2A, mitochondrial
Sideroflexin-1
Sideroflexin-4
Succinate dehydrogenase assembly factor 4, mitochondrial
Sideroflexin-3
Protein SCO1 homolog 1, mitochondrial
Succinate dehydrogenase assembly factor 2, mitochondrial
Succinate dehydrogenase assembly factor 3, mitochondrial
Sideroflexin-2
Serine hydrolase-like protein
Sideroflexin-5
NAD-dependent protein deacylase sir-2.3
NAD-dependent protein deacylase Sirt4
Small integral membrane protein 4
Sensitive to high expression protein 9 homolog, mitochondrial
NAD-dependent protein deacylase sir-2.2
Protein sls1
Protein SOV1, mitochondrial
Stress-responsive protein 1
StAR-related lipid transfer protein 4
Surfeit locus protein 1
ATPase-stabilizing factor 15 kDa protein
ATP-dependent RNA helicase suv3, mitochondrial
Histidine--tRNA ligase, cytoplasmic
Leucine--tRNA ligase, mitochondrial
Leucine--tRNA ligase, chloroplastic/mitochondrial
Methionine--tRNA ligase, mitochondrial
ATP-dependent RNA helicase SUV3, mitochondrial
Histidine--tRNA ligase, chloroplastic/mitochondrial
Isoleucine--tRNA ligase, mitochondrial
Glutamate--tRNA ligase, cytoplasmic
Asparagine--tRNA ligase, cytoplasmic 2
Histidine--tRNA ligase, mitochondrial
Probable isoleucine--tRNA ligase, mitochondrial
Arginine--tRNA ligase, chloroplastic/mitochondrial
Probable leucine--tRNA ligase, mitochondrial
Probable methionine--tRNA ligase, mitochondrial
Probable arginine--tRNA ligase, cytoplasmic
Putative leucine--tRNA ligase, mitochondrial
Protein sym1
Glutamine--tRNA ligase
Transmembrane protein 126A
T-cell activation inhibitor, mitochondrial
L-threonine 3-dehydrogenase, mitochondrial
Probable aminopyrimidine aminohydrolase, mitochondrial
Arginine--tRNA ligase, cytoplasmic
Arginine--tRNA ligase, mitochondrial
Protein TAR1
Putative lysophosphatidylcholine acyltransferase
Translationally-controlled tumor protein homolog
Acetyl-CoA acetyltransferase B, mitochondrial
Acetyl-CoA acetyltransferase A, mitochondrial
Thioredoxin domain-containing protein, mitochondrial
Inactive L-threonine 3-dehydrogenase, mitochondrial
Transmembrane protein 160
Transmembrane protein 186
Translation machinery-associated protein 10
Thiamine-repressible mitochondrial transport protein THI74
Acetyl-CoA acetyltransferase, mitochondrial
Transmembrane and TPR repeat-containing protein 1
Transport and Golgi organization 2 homolog
DNA topoisomerase 2, mitochondrial
Transmembrane protein 143
Mitochondrial import receptor subunit TOM70
Acetyl-CoA acetyltransferase
Mitochondrial import inner membrane translocase subunit TIM23-2
Transport and Golgi organization protein 2 homolog
Protein tortoise
Transmembrane protein 65
p53-regulated apoptosis-inducing protein 1
tRNA
Tetratricopeptide repeat protein 19, mitochondrial
Translocator protein homolog
UPF0562 protein C29E4.12
Mitochondrial fusion and transport protein ugo1
Brain mitochondrial carrier protein 1
Up-regulated during skeletal muscle growth protein 5
Vitamin D3 hydroxylase-associated protein
von Willebrand factor A domain-containing protein 8
WPP domain-associated protein
Probable Xaa-Pro aminopeptidase 3
DUF21 domain-containing protein At4g14230
TPR repeat-containing protein P27G11.02
UPF0648 protein C3H5.09c
UPF0651 protein P31B10.02, mitochondrial
AB hydrolase superfamily protein C4A8.06c
UPF0644 protein PB2B4.06
Probable transcriptional regulatory protein C8D2.12c
Cox1 intron-like protein C1348.13
Probable transcriptional regulatory protein HAH1
UPF0593 mitochondrial protein C806.05
NifU-like protein C1709.19c
TMEM14 protein homolog YJR085C
Putative uncharacterized protein YLR415C, mitochondrial
HIG1 domain-containing protein C25B8.07c, mitochondrial
ABC1 family protein YPL109C, mitochondrial
Probable intron-encoded endonuclease I-ZbiI
TMEM14 protein homolog P14E8.05c
Putative D-lactate dehydrogenase C713.03, mitochondrial
UPF0651 protein YPL107W, mitochondrial
Putative uncharacterized protein FLJ45275, mitochondrial
TPR repeat-containing protein ZK370.8
Putative uncharacterized protein YPR146C
