Coiled-coil domain-containing protein 68
Protein cornichon homolog 2
Protein cornichon homolog 5
Probable protein cornichon homolog 2
Protein cornichon homolog 1
Protein cornichon homolog 3
Protein cornichon homolog 4
Putative adenylate cyclase 3
Doublecortin domain-containing protein 2B
Doublecortin domain-containing protein 2C
DEP domain-containing protein 1A
DEP domain-containing protein 7
Doublecortin domain-containing protein 1
Doublecortin domain-containing protein 5
DEP domain-containing protein 4
DEP domain-containing protein 1B
Cell wall protein ecm33
Putative segment polarity protein dishevelled homolog DVL1P1
ER-derived vesicles protein erv14
ER-derived vesicles protein ERV15
Myocardial zonula adherens protein
Presenilin-2
Outer membrane lipoprotein RcsF
Tuftelin
DEP domain-containing protein DDB_G0279099
