Versiconal hemiacetal acetate esterase
Biotin biosynthesis bifunctional protein BioHC
Probable carboxylesterase 15
Carboxylesterase 1
Probable carboxylesterase 3
Probable carboxylesterase 9
Probable carboxylesterase 4
Probable carboxylesterase 8
Probable carboxylesterase 2
Probable carboxylesterase 6
Probable carboxylesterase 17
Probable carboxylesterase 5
Probable carboxylesterase 11
Probable carboxylesterase 16
Probable carboxylesterase 7
2-hydroxymuconate semialdehyde hydrolase
Putative esterase/lipase 2
Embryogenesis-associated protein EMB8
Putative esterase/lipase 1
Putative esterase/lipase 3
Esterase-4
Esterase-5
Esterase FE4
Carboxylesterase 2
Carboxylesterase
Esterase SG1
Putative esterase/lipase
Esterase B1
Esterase B2
Esterase E4
Esterase FrsA
Family of serine hydrolases 3
Carboxylesterase NlhH
Esterase PIR7B
Probable esterase PIR7A
Phospholipase YtpA
Pyrethroid hydrolase
Aclacinomycin methylesterase RdmC
4-sulfomuconolactone hydrolase
Putative esterase/lipase HI_0193
Putative esterase slr0264
Esterase YqiA
Putative esterase C44C1.5
