Serine carboxypeptidase-like
Serine carboxypeptidase 1
Serine carboxypeptidase II-1
Serine carboxypeptidase II-3
Carboxypeptidase Y homolog A
Serine carboxypeptidase 3
Carboxypeptidase Y homolog ARB_05721
Serine carboxypeptidase II-2
Serine carboxypeptidase 2
Probable serine carboxypeptidase CPVL
Carboxypeptidase S1
P-(S)-hydroxymandelonitrile lyase
Pheromone-processing carboxypeptidase KEX1
Pheromone-processing carboxypeptidase kex1
Virulence-related protein Nf314
Putative serine protease pcp-1
Prolyl carboxy peptidase like protein 5
Serine-type carboxypeptidase F
Probable serine carboxypeptidase ARB_06414
Lysosomal Pro-X carboxypeptidase
Carboxypeptidase cpdS
Lysosomal protective protein
Penicillin-sensitive carboxypeptidase A
Retinoid-inducible serine carboxypeptidase
Serine carboxypeptidase-like 31
Serine carboxypeptidase-like 42
Putative serine carboxypeptidase-like 53
Putative serine carboxypeptidase-like 23
Serine carboxypeptidase-like 43
Carboxypeptidase Y homolog ARB_06361
Serine carboxypeptidase S10 family member 2
Serine carboxypeptidase-like 21
Serine carboxypeptidase-like 22
Carboxypeptidase S1 homolog A
Carboxypeptidase S1 homolog B
Serine carboxypeptidase-like 18
Serine carboxypeptidase 24
Putative serine carboxypeptidase-like 30
Serine carboxypeptidase-like 37
Serine carboxypeptidase-like 40
Serine carboxypeptidase-like 11
Serine carboxypeptidase-like 39
Serine carboxypeptidase-like 51
Serine carboxypeptidase-like 38
Serine carboxypeptidase-like 41
Serine carboxypeptidase-like 44
Serine carboxypeptidase-like 35
Serine carboxypeptidase-like 5
Carboxypeptidase Y homolog ARB_07161
Serine carboxypeptidase-like 32
Serine carboxypeptidase-like 36
Putative serine carboxypeptidase-like 54
Carboxypeptidase Y homolog ARB_02032
Serine carboxypeptidase S10 family member 1
Carboxypeptidase sxa2
Thymus-specific serine protease
Vitellogenic carboxypeptidase
Venom serine carboxypeptidase
Putative serine protease K12H4.7
Putative serine carboxypeptidase YBR139W
Putative serine protease F56F10.1
