ADP-ribosylation factor GTPase-activating protein effector protein 2
Arf-GAP with SH3 domain, ANK repeat and PH domain-containing protein 1
Arrestin family protein 1
C-C motif chemokine 22
C-C motif chemokine 17
C-C motif chemokine 2
Cell division control protein 16
C-C motif chemokine 4 homolog
Beta-chimaerin
Cell division control protein 25
DENN domain-containing protein 1C
DENN domain-containing protein 2C
DENN domain-containing protein 3
DENN domain-containing protein 2D
DENN domain-containing protein 5B
Adenoregulin
Translation initiation factor eIF-2B subunit epsilon
EVI5-like protein
Ras guanine nucleotide exchange factor R
GTPase-activating protein GYP2
GTPase-activating protein MSB4
Serine/threonine-protein phosphatase PGAM5, mitochondrial
Rab3 GTPase-activating protein catalytic subunit
Ras GTPase-activating protein 2
Ras GTPase-activating protein 4
Rab GTPase-activating protein 1
Ran-binding protein 10
RCC1 and BTB domain-containing protein 2
Regulator of G-protein signaling 18
Regulator of G-protein signaling 19
Regulator of G-protein signaling 21
Regulator of G-protein signaling 22
Regulator of G-protein signaling 4
Regulator of G-protein signaling rgs-7
Regulator of G-protein signaling 16
Regulator of G-protein signaling rgs-1
Regulator of G-protein signaling 3
Regulator of G-protein signaling 5
Regulator of G-protein signaling 8
Regulator of G-protein signaling 13
Regulator of G-protein signaling 17
Synembryn-B
Regulator of G-protein signaling rgs-11
Regulator of G-protein signaling 10
Regulator of G-protein signaling 2
Ral guanine nucleotide dissociation stimulator-like 2
Regulator of G-protein signaling rgs-9
Regulator of G-protein signaling rgs-2
Regulator of G-protein signaling rgs-3
Regulator of G-protein signaling rgs-6
Synembryn-A
Rop guanine nucleotide exchange factor 7
Rop guanine nucleotide exchange factor 13
Rop guanine nucleotide exchange factor 6
Rop guanine nucleotide exchange factor 2
Rop guanine nucleotide exchange factor 3
Rho guanine nucleotide exchange factor 8
Rop guanine nucleotide exchange factor 5
Rop guanine nucleotide exchange factor 10
Reticulon-4 receptor
Ribosome maturation protein SDO1
Protein transport protein SBH2
Rab guanine nucleotide exchange factor sec2
Small G protein signaling modulator 2
Sorting nexin-13
Sporulation-specific protein 13
SLIT-ROBO Rho GTPase-activating protein 1
Suppression of tumorigenicity 5 protein
Secretion-regulating guanine nucleotide exchange factor
TBC1 domain family member 2A
Trafficking protein particle complex subunit 1
Trafficking protein particle complex subunit 4
Transport protein particle subunit trs23
Vacuolar protein sorting-associated protein 9a
Protein XRP2
Vacuolar protein sorting-associated protein 9b
Williams-Beuren syndrome chromosomal region 16 protein homolog
Putative truncated guanine nucleotide exchange factor YLL017W
Synembryn-like protein C3E7.04c
Putative truncated guanine nucleotide exchange factor SDC25
