54S ribosomal protein IMG2, mitochondrial
54S ribosomal protein IMG1, mitochondrial
54S ribosomal protein img2, mitochondrial
54S ribosomal protein subunit img1, mitochondrial
37S ribosomal protein mrp10, mitochondrial
54S ribosomal protein L12, mitochondrial
37S ribosomal protein MRP10, mitochondrial
54S ribosomal protein L23, mitochondrial
Meiotically up-regulated gene 178 protein
37S ribosomal protein S4-like, mitochondrial
NADH dehydrogenase  1 alpha subcomplex subunit 7
37S ribosomal protein NAM9, mitochondrial
Putative mitochondrial ribosomal protein new15, mitochondrial
Protein phosphatase methylesterase 1
60S ribosomal protein L12-B
60S ribosomal protein L14-B
60S ribosomal protein L15-A
60S ribosomal protein L13-A
60S ribosomal protein L16-A
60S ribosomal protein L18-A
60S ribosomal protein L22-A
50S ribosomal protein L24, chloroplastic
60S ribosomal protein L14-A
60S ribosomal protein L15
60S ribosomal protein L17-B
60S ribosomal protein L19-A
60S ribosomal protein L22-like 1
60S ribosomal protein L10-A
60S ribosomal protein L11-B
60S ribosomal protein L18-B
60S ribosomal protein L26
60S ribosomal protein L27a
60S ribosomal protein L15-B
60S ribosomal protein L16-C
60S ribosomal protein L1-B
60S ribosomal protein L20-B
60S ribosomal protein L21-B
60S ribosomal protein L24
60S ribosomal protein L27-B
60S ribosomal protein L29
60S ribosomal protein L2-B
60S ribosomal protein L31
60S ribosomal protein L10-B
60S ribosomal protein L11-A
60S ribosomal protein L12-A
60S ribosomal protein L13-B
60S ribosomal protein L16-B
60S ribosomal protein L20-A
60S ribosomal protein L22
60S ribosomal protein L24-A
60S ribosomal protein L31-B
60S ribosomal protein L32-A
60S ribosomal protein L33-B
60S ribosomal protein L35-B
60S ribosomal protein L17-A
60S ribosomal protein L19-B
60S ribosomal protein L1-A
60S ribosomal protein L22-B
60S ribosomal protein L24-B
60S ribosomal protein L30-1
60S ribosomal protein L31-A
60S ribosomal protein L38-1
60S ribosomal protein L23-B
60S ribosomal protein L27-A
60S ribosomal protein L28-B
60S ribosomal protein L30
60S ribosomal protein L34-A
60S ribosomal protein L34-B
60S ribosomal protein L35-A
60S ribosomal protein L36
60S ribosomal protein L37-B
60S ribosomal protein L3-B
60S ribosomal protein L43-A
60S ribosomal protein L42
60S ribosomal protein L4-B
60S ribosomal protein L5-B
50S ribosomal protein L6
60S ribosomal protein L6
60S ribosomal protein L21-A
60S ribosomal protein L23-A
60S ribosomal protein L25-B
60S ribosomal protein L32-B
60S ribosomal protein L36-A
60S ribosomal protein L43-B
60S ribosomal protein L4-A
54S ribosomal protein yml6, mitochondrial
60S ribosomal protein L7-like 1
60S ribosomal protein L8
60S ribosomal protein L9-B
60S acidic ribosomal protein P2-alpha
60S acidic ribosomal protein P2-C
60S ribosomal protein L25-A
60S ribosomal protein L26-B
60S ribosomal protein L2-A
60S ribosomal protein L30-2
60S ribosomal protein L36-B
60S ribosomal protein L38
Ubiquitin-60S ribosomal protein L40
60S ribosomal protein L7
60S ribosomal protein L26-A
60S ribosomal protein L28-A
Probable 60S ribosomal protein L28e
60S ribosomal protein L37-A
60S ribosomal protein L3-A
60S ribosomal protein L7-C
60S acidic ribosomal protein P0
39S ribosomal protein L1, mitochondrial
54S ribosomal protein L4, mitochondrial
Putative 54S ribosomal protein L6, mitochondrial
54S ribosomal protein L8, mitochondrial
54S ribosomal protein L10, mitochondrial
39S ribosomal protein L16, mitochondrial
39S ribosomal protein L17, mitochondrial
54S ribosomal protein L20, mitochondrial
54S ribosomal protein L24, mitochondrial
Probable 54S ribosomal protein L33, mitochondrial
54S ribosomal protein L37, mitochondrial
54S ribosomal protein L38, mitochondrial
60S ribosomal protein L33-A
60S ribosomal protein L41-B
60S ribosomal protein L6-A
60S ribosomal protein L8-A
60S ribosomal protein L9-A
54S ribosomal protein L7, mitochondrial
54S ribosomal protein L19, mitochondrial
39S ribosomal protein L28, mitochondrial
54S ribosomal protein L33, mitochondrial
54S ribosomal protein L40, mitochondrial
Probable 39S ribosomal protein L45, mitochondrial
39S ribosomal protein L46, mitochondrial
39S ribosomal protein L49, mitochondrial
54S ribosomal protein L51, mitochondrial
60S ribosomal protein L39
60S ribosomal protein L42-B
54S ribosomal protein YmL6, mitochondrial
60S ribosomal protein L5-A
60S ribosomal protein L6-B
60S ribosomal protein L7a
60S ribosomal protein L7-B
60S acidic ribosomal protein P2-beta
60S acidic ribosomal protein P1-alpha 5
54S ribosomal protein L3, mitochondrial
Probable 54S ribosomal protein L7, mitochondrial
54S ribosomal protein L11, mitochondrial
54S ribosomal protein L16, mitochondrial
54S ribosomal protein L25, mitochondrial
39S ribosomal protein L34, mitochondrial
39S ribosomal protein L35, mitochondrial
54S ribosomal protein L36, mitochondrial
54S ribosomal protein L41, mitochondrial
39S ribosomal protein L47, mitochondrial
60S ribosomal protein L35
60S ribosomal protein L38-2
60S ribosomal protein L41-A
60S ribosomal protein L5
60S ribosomal protein L7-A
60S acidic ribosomal protein P1-alpha 3
54S ribosomal protein L1, mitochondrial
54S ribosomal protein L2, mitochondrial
54S ribosomal protein L9, mitochondrial
54S ribosomal protein L13, mitochondrial
54S ribosomal protein L15, mitochondrial
39S ribosomal protein L20, mitochondrial
54S ribosomal protein L22, mitochondrial
39S ribosomal protein L33, mitochondrial
Probable 54S ribosomal protein L34, mitochondrial
54S ribosomal protein L35, mitochondrial
54S ribosomal protein L50, mitochondrial
60S ribosomal protein L42-A
60S ribosomal protein L8-B
60S acidic ribosomal protein P1-alpha 1
54S ribosomal protein L17, mitochondrial
39S ribosomal protein L21, mitochondrial
39S ribosomal protein L22, mitochondrial
Probable 39S ribosomal protein L23, mitochondrial
54S ribosomal protein L28, mitochondrial
54S ribosomal protein L31, mitochondrial
54S ribosomal protein L32, mitochondrial
54S ribosomal protein L34, mitochondrial
54S ribosomal protein L39, mitochondrial
60S ribosomal protein L9
54S ribosomal protein L27, mitochondrial
60S ribosomal protein L16, mitochondrial
54S ribosomal protein L44, mitochondrial
Ribosomal protein VAR1, mitochondrial
39S ribosomal protein L14, mitochondrial
54S ribosomal protein MRP49, mitochondrial
54S ribosomal protein L6, mitochondrial
39S ribosomal protein L15, mitochondrial
39S ribosomal protein L19, mitochondrial
39S ribosomal protein L23, mitochondrial
Probable 54S ribosomal protein L32, mitochondrial
54S ribosomal protein L49, mitochondrial
40S ribosomal protein S10-A
40S ribosomal protein S17-B
40S ribosomal protein S19-B
40S ribosomal protein S10
40S ribosomal protein S11-B
40S ribosomal protein S15-A
40S ribosomal protein S16-A
40S ribosomal protein S17-A
40S ribosomal protein S19-A
40S ribosomal protein S20
40S ribosomal protein S22-A
30S ribosomal protein S17, chloroplastic
40S ribosomal protein S10-B
40S ribosomal protein S11-A
40S ribosomal protein S12
40S ribosomal protein S16-B
40S ribosomal protein S21
40S ribosomal protein S24-A
40S ribosomal protein S25
40S ribosomal protein S27
40S ribosomal protein S28-B
40S ribosomal protein S1-A
40S ribosomal protein S4-A
40S ribosomal protein S12-A
40S ribosomal protein S25-B
40S ribosomal protein S26-A
40S ribosomal protein S27-B
40S ribosomal protein S30-B
40S ribosomal protein S1-B
30S ribosomal protein S5
40S ribosomal protein S12-B
40S ribosomal protein S18-A
Ubiquitin-40S ribosomal protein S27a
Ubiquitin-40S ribosomal protein S31
40S ribosomal protein S2
40S ribosomal protein S5-A
40S ribosomal protein S15-B
40S ribosomal protein S21-A
40S ribosomal protein S25-A
40S ribosomal protein S26-B
40S ribosomal protein S9-B
40S ribosomal protein S14-A
40S ribosomal protein S21-B
Ubiquitin-40S ribosomal protein S27b
40S ribosomal protein S4-B
40S ribosomal protein S6-A
40S ribosomal protein S7-A
40S ribosomal protein S18-B
40S ribosomal protein S24-B
40S ribosomal protein S27-A
40S ribosomal protein S30-A
40S ribosomal protein S3
40S ribosomal protein S5-B
40S ribosomal protein S7
40S ribosomal protein S9-A
37S ribosomal protein S8, mitochondrial
37S ribosomal protein S9, mitochondrial
28S ribosomal protein S17, mitochondrial
28S ribosomal protein S18b, mitochondrial
28S ribosomal protein S22, mitochondrial
37S ribosomal protein S23, mitochondrial
37S ribosomal protein S24, mitochondrial
Probable 28S ribosomal protein S25, mitochondrial
37S ribosomal protein S25, mitochondrial
28S ribosomal protein S35, mitochondrial
37S ribosomal protein S35, mitochondrial
37S ribosomal protein PET123, mitochondrial
40S ribosomal protein S22-B
40S ribosomal protein S28-A
40S ribosomal protein S4-C
40S ribosomal protein S5
40S ribosomal protein S6-B
40S ribosomal protein S8-A
40S ribosomal protein S8-B
37S ribosomal protein RSM28, mitochondrial
28S ribosomal protein S21, mitochondrial
37S ribosomal protein mrp21, mitochondrial
28S ribosomal protein S23, mitochondrial
28S ribosomal protein S31, mitochondrial
Ribosomal protein 63, mitochondrial
40S ribosomal protein S7-B
37S ribosomal protein S5, mitochondrial
37S ribosomal protein MRP17, mitochondrial
37S ribosomal protein S10, mitochondrial
37S ribosomal protein S17, mitochondrial
Probable ribosomal protein S19, mitochondrial
28S ribosomal protein S24, mitochondrial
28S ribosomal protein S25, mitochondrial
28S ribosomal protein S26, mitochondrial
Mitochondrial 37S ribosomal protein S27
28S ribosomal protein S29, mitochondrial
28S ribosomal protein S34, mitochondrial
40S ribosomal protein S0-A
40S ribosomal protein S0-B
37S ribosomal protein S7, mitochondrial
37S ribosomal protein MRP21, mitochondrial
28S ribosomal protein S5, mitochondrial
28S ribosomal protein S6, mitochondrial
28S ribosomal protein S7, mitochondrial
37S ribosomal protein subunit S8, mitochondrial
28S ribosomal protein S15, mitochondrial
37S ribosomal protein S19, mitochondrial
37S ribosomal protein S28, mitochondrial
Ribosomal protein S4, mitochondrial
Probable 37S ribosomal protein S5, mitochondrial
28S ribosomal protein S11, mitochondrial
28S ribosomal protein S18a, mitochondrial
28S ribosomal protein S24-A, mitochondrial
37S ribosomal protein MRP51, mitochondrial
54S ribosomal protein c83.06c, mitochondrial
28S ribosomal protein S12, mitochondrial
37S ribosomal protein MRP13, mitochondrial
Putative 37S ribosomal protein S18, mitochondrial
37S ribosomal protein S22, mitochondrial
28S ribosomal protein S24-B, mitochondrial
54S ribosomal protein RTC6, mitochondrial
37S ribosomal protein S18, mitochondrial
37S ribosomal protein S27, mitochondrial
Probable 37S ribosomal protein S28, mitochondrial
28S ribosomal protein S30, mitochondrial
37S ribosomal protein mrp51, mitochondrial
37S ribosomal protein subunit sws2, mitochondrial
37S ribosomal protein SWS2, mitochondrial
Putative mitochondrial ribosomal protein YNL122C
