Lactosylceramide 4-alpha-galactosyltransferase
Probable low-salt glycan biosynthesis epimerase Agl13
Probable low-salt glycan biosynthesis flippase Agl15
Probable low-salt glycan biosynthesis reductase Agl14
Dol-P-Glc:Glc(2)Man(9)GlcNAc(2)-PP-Dol alpha-1,2-glucosyltransferase
GDP-Man:Man(3)GlcNAc(2)-PP-Dol alpha-1,2-mannosyltransferase
Probable Dol-P-Man:Man(7)GlcNAc(2)-PP-Dol alpha-1,6-mannosyltransferase
Chitobiosyldiphosphodolichol beta-mannosyltransferase
Alpha-1,3/1,6-mannosyltransferase alg-2
Alpha-1,3/1,6-mannosyltransferase ALG2
Dol-P-Man:Man(5)GlcNAc(2)-PP-Dol alpha-1,3-mannosyltransferase
Dolichyl-phosphate beta-glucosyltransferase ALG5D
UDP-galactose:fucoside alpha-3-galactosyltransferase
Putative Dol-P-Glc:Glc(2)Man(9)GlcNAc(2)-PP-Dol alpha-1,2-glucosyltransferase
Dolichyl-phosphate beta-glucosyltransferase ALG5A
Dol-P-Man:Man(6)GlcNAc(2)-PP-Dol alpha-1,2-mannosyltransferase
Alpha-1,2-mannosyltransferase ALG9
Low-salt glycan biosynthesis nucleotidyltransferase Agl11
Putative glycosyltransferase ALG1-like
Low-salt glycan biosynthesis protein Agl12
Low-salt glycan biosynthesis protein Agl8
Alpha-1,3/1,6-mannosyltransferase alg2
Probable Dol-P-Man:Man(5)GlcNAc(2)-PP-Dol alpha-1,3-mannosyltransferase
Dolichyl-phosphate beta-glucosyltransferase ALG5C
Dolichyl-phosphate beta-glucosyltransferase ALG5E
Probable dolichyl pyrophosphate Glc1Man9GlcNAc2 alpha-1,3-glucosyltransferase
Dolichyl-monophosphooligosaccharide--protein glycotransferase AglB
Dolichyl-phosphate beta-glucosyltransferase ALG5B
UDP-GalNAc:beta-1,3-N-acetylgalactosaminyltransferase 2
Lactosylceramide 1,3-N-acetyl-beta-D-glucosaminyltransferase
Acetylgalactosaminyl-O-glycosyl-glycoprotein beta-1,3-N-acetylglucosaminyltransferase
UDP-GlcNAc:betaGal beta-1,3-N-acetylglucosaminyltransferase 8
Beta-1,3-galactosyltransferase 4
Beta-1,3-galactosyltransferase 5
Beta-1,3-galactosyltransferase 6
Beta-1,3-galactosyltransferase 15
UDP-GalNAc:beta-1,3-N-acetylgalactosaminyltransferase 1
N-acetyllactosaminide beta-1,3-N-acetylglucosaminyltransferase 4
Beta-1,3-galactosyltransferase 1
Probable beta-1,3-galactosyltransferase 4
Beta-1,4-glucuronyltransferase 1
Beta-1,4 N-acetylgalactosaminyltransferase 2
Lactosylceramide 1,3-N-acetyl-beta-D-glucosaminyltransferase A
Galactosylgalactosylxylosylprotein 3-beta-glucuronosyltransferase 1
Galactosylgalactosylxylosylprotein 3-beta-glucuronosyltransferase 2
UDP-GlcNAc:betaGal beta-1,3-N-acetylglucosaminyltransferase 7
Probable beta-1,3-galactosyltransferase 2
Probable beta-1,3-galactosyltransferase 3
Probable beta-1,3-galactosyltransferase 8
Probable beta-1,3-galactosyltransferase 14
Beta-1,4-galactosyltransferase 6
Probable beta-1,3-galactosyltransferase 1
Beta-1,3-galactosyltransferase 2
Beta-1,6-galactosyltransferase GALT31A
Probable beta-1,3-galactosyltransferase 12
Probable beta-1,3-galactosyltransferase 17
Beta-1,4-galactosyltransferase 2
Beta-1,4-galactosyltransferase 4
Lactosylceramide 1,3-N-acetyl-beta-D-glucosaminyltransferase B
UDP-GlcNAc:betaGal beta-1,3-N-acetylglucosaminyltransferase 9
Probable beta-1,3-galactosyltransferase 5
Probable beta-1,3-galactosyltransferase 9
Probable beta-1,3-galactosyltransferase 13
Probable beta-1,3-galactosyltransferase 20
Beta-1,4-galactosyltransferase 3
N-acetyllactosaminide beta-1,3-N-acetylglucosaminyltransferase 3
Probable beta-1,3-galactosyltransferase 10
Probable beta-1,3-galactosyltransferase 19
Beta-1,3-galactosyltransferase bre-2
Histo-blood group ABO system transferase 1
Beta-1,3-galactosyltransferase brn
Beta-1,3-galactosyltransferase 7
Probable beta-1,3-galactosyltransferase 16
Histo-blood group ABO system transferase
Beta-1,4-mannosyltransferase bre-3
Dolichyl-diphosphooligosaccharide--protein glycosyltransferase subunit DAD1
Dolichyl-diphosphooligosaccharide--protein glycosyltransferase subunit dad-1
Dolichyl-diphosphooligosaccharide--protein glycosyltransferase subunit DAD2
Dolichyl-diphosphooligosaccharide--protein glycosyltransferase subunit dad1
Dehydrodolichyl diphosphate syntase complex subunit Dhdds
Putative dolichyldiphosphatase
Dolichyldiphosphatase 1
Probable dolichol-phosphate mannosyltransferase
Dolichol phosphate-mannose biosynthesis regulatory protein
Probable dolichol-phosphate mannosyltransferase subunit 3
Dolichol-phosphate mannosyltransferase subunit 1
Pyrethroid hydrolase Ces2a
Exostosin-1
Dolichol kinase EVAN
Exostosin-1c
Exostosin-2
Exostosin-1a
Exostosin-1b
Exostosin-like 1
Alpha-(1,3)-fucosyltransferase C
Alpha-(1,3)-fucosyltransferase 10
Alpha-(1,3)-fucosyltransferase 11
Galactoside 2-alpha-L-fucosyltransferase 2
Alpha-(1,3)-fucosyltransferase 4
Alpha-(1,3)-fucosyltransferase 6
Alpha-(1,3)-fucosyltransferase 9
Galactoside 2-alpha-L-fucosyltransferase 1
Alpha-(1,3)-fucosyltransferase 5
Alpha-(1,3)-fucosyltransferase 7
Polypeptide N-acetylgalactosaminyltransferase 1
Glycoprotein 3-alpha-L-fucosyltransferase A
Polypeptide N-acetylgalactosaminyltransferase 4
Polypeptide N-acetylgalactosaminyltransferase 5
Polypeptide N-acetylgalactosaminyltransferase 6
Fucosyltransferase 3
Galactoside 3(4)-L-fucosyltransferase
Probable fucosyltransferase 7
Beta-1,3-galactosyl-O-glycosyl-glycoprotein beta-1,6-N-acetylglucosaminyltransferase
Beta-1,3-galactosyl-O-glycosyl-glycoprotein beta-1,6-N-acetylglucosaminyltransferase 3
Beta-1,3-galactosyl-O-glycosyl-glycoprotein beta-1,6-N-acetylglucosaminyltransferase 4
Beta-1,3-galactosyl-O-glycosyl-glycoprotein beta-1,6-N-acetylglucosaminyltransferase 7
Putative fucosyltransferase 10
Alpha-(1,4)-fucosyltransferase
Globoside alpha-1,3-N-acetylgalactosaminyltransferase 1
Guanosine-diphosphatase
Alpha-(1,3)-fucosyltransferase B
Fucosyltransferase 6
N-acetylgalactosaminyltransferase 6
N-acetylgalactosaminyltransferase 7
Polypeptide N-acetylgalactosaminyltransferase 2
Polypeptide N-acetylgalactosaminyltransferase 8
Polypeptide N-acetylgalactosaminyltransferase 9
Beta-1,3-galactosyl-O-glycosyl-glycoprotein beta-1,6-N-acetylglucosaminyltransferase 6
Putative polypeptide N-acetylgalactosaminyltransferase 11
Putative polypeptide N-acetylgalactosaminyltransferase 13
Polypeptide N-acetylgalactosaminyltransferase 16
Polypeptide N-acetylgalactosaminyltransferase 35A
Polypeptide N-acetylgalactosaminyltransferase-like 6
Putative polypeptide N-acetylgalactosaminyltransferase-like protein 3
GDP-mannose transporter 1
Polypeptide N-acetylgalactosaminyltransferase 12
Polypeptide N-acetylgalactosaminyltransferase 14
Polypeptide N-acetylgalactosaminyltransferase 18
GDP-mannose transporter
GDP-mannose transporter GONST1
Putative polypeptide N-acetylgalactosaminyltransferase 10
Mannose-1-phosphate guanyltransferase beta
-hydroxyproline N-acetylglucosaminyltransferase
GDP-mannose transporter GONST2
Probable GDP-mannose transporter 2
GDP-mannose transporter 2
N-acetyllactosaminide beta-1,6-N-acetylglucosaminyl-transferase, isoform B
Putative polypeptide N-acetylgalactosaminyltransferase 12
N-acetyllactosaminide alpha-1,3-galactosyltransferase-like 1
Isoprenoid synthase domain-containing protein
Killer toxin-resistance protein 5
Mannosyl-oligosaccharide alpha-1,2-mannosidase
Mannosyl-oligosaccharide 1,2-alpha-mannosidase IA
Alpha-1,3-mannosyl-glycoprotein 4-beta-N-acetylglucosaminyltransferase A
Alpha-1,3-mannosyl-glycoprotein 2-beta-N-acetylglucosaminyltransferase
Alpha-1,3-mannosyl-glycoprotein 4-beta-N-acetylglucosaminyltransferase C
Mannan polymerase complex subunit MNN9
Probable mannosyl-oligosaccharide alpha-1,2-mannosidase 1B
Mannose-1-phosphate guanyltransferase
Mannosyl-oligosaccharide 1,2-alpha-mannosidase
Mannosyl-oligosaccharide alpha-1,2-mannosidase 1B
Probable mannosyl-oligosaccharide alpha-1,2-mannosidase ARB_00035
Probable alpha-1,6-mannosyltransferase MNN11
N-acetylglucosamine-1-phosphodiester alpha-N-acetylglucosaminidase
Niemann-Pick C1 protein
Dolichyl-diphosphooligosaccharide--protein glycosyltransferase subunit 3
Dolichyl-diphosphooligosaccharide--protein glycosyltransferase subunit 1A
Bifunctional glycosyltransferase pgtA
UDP-N-acetyl-alpha-D-glucosamine C6 dehydratase
UDP-N-acetylbacillosamine transaminase
Polyprenol reductase 1
Protein O-linked-mannose beta-1,2-N-acetylglucosaminyltransferase 1
Polyprenol reductase
Phosphomannomutase 2
Phosphoenolpyruvate/phosphate translocator 1, chloroplastic
Polyprenol reductase 2
Dehydrodolichyl diphosphate syntase complex subunit RER2
Dolichyl-diphosphooligosaccharide--protein glycosyltransferase subunit 1
Galactoside 2-alpha-L-fucosyltransferase 3
Beta-galactoside alpha-2,6-sialyltransferase 2
Dolichol kinase
CMP-N-acetylneuraminate-beta-galactosamide-alpha-2,3-sialyltransferase 2
Alpha-2,8-sialyltransferase 8E
CMP-N-acetylneuraminate-beta-1,4-galactoside alpha-2,3-sialyltransferase
Dehydrodolichyl diphosphate syntase complex subunit SRT1
Dolichyl-diphosphooligosaccharide--protein glycosyltransferase subunit STT3B
Transmembrane protein 241
UDP-glucose:glycoprotein glucosyltransferase
Dehydrodolichyl diphosphate syntase complex subunit nus1
Putative UDP-GlcNAc:betaGal beta-1,3-N-acetylglucosaminyltransferase LOC100288842
Dehydrodolichyl diphosphate syntase complex subunit SPAC4D7.04c
Putative fucosyltransferase R654
