Amino acid permease 3
Probable amino acid permease 7
Amino acid permease 2
Amino acid permease 5
Amino acid permease 8
Cation/acetate symporter ActP
Amino acid permease 4
Amino acid permease 1
Arabinose-proton symporter
Aspartate-proton symporter
Auxin transporter protein 1
Probable sodium/metabolite cotransporter BASS2, chloroplastic
Cation-chloride cotransporter 2
Citrate/malate transporter
Citrate-proton symporter
Citrate-sodium symporter
Cation/H(+) symporter 13
Citrate transporter
Mg(2+)/citrate complex secondary transporter
Sucrose transport protein
Galactose-proton symporter
Mitochondrial glutamate carrier 1
Gentisate transporter
Mitochondrial glutamate carrier 2
Probable 3-phenylpropionic acid transporter
Glycerol uptake protein 1
Hexose carrier protein HEX6
Glycerol uptake protein 2
Probable glucitol transport protein GutA
H(+)/hexose cotransporter 2
H(+)/hexose cotransporter 1
H(+)/hexose cotransporter 3
Probable inositol transporter 3
Inositol transporter 4
Low affinity potassium transport system protein kup
Lactose permease
Auxin transporter-like protein 3
Putative auxin transporter-like protein 4
Alpha-ketoglutarate permease
Auxin transporter-like protein 1
Auxin transporter-like protein 2
Auxin transporter-like protein 5
Auxin transporter-like protein 4
Lysine histidine transporter 2
Lysine histidine transporter 1
Na(+)-malate symporter
Maltose permease
Melibiose carrier protein
Divalent metal cation transporter MntH
Monocarboxylate transporter 12
Monocarboxylate transporter 13
Phosphate carrier protein, mitochondrial
Monocarboxylate transporter 5
Monocarboxylate transporter 9
3-(3-hydroxy-phenyl)propionate transporter
Monocarboxylate transporter 11
Monocarboxylate transporter 14
Monocarboxylate transporter 2
Monocarboxylate transporter 3
Monocarboxylate transporter 4
Monocarboxylate transporter 7
Monocarboxylate transporter 6
Divalent metal cation transporter MntH 2
Divalent metal cation transporter MntH 1
Monocarboxylate transporter 12-B
Sodium-dependent glucose transporter 1
Sodium-dependent glucose transporter 1B
Sodium/potassium/calcium exchanger Nckx30C
Sodium/potassium/calcium exchanger 3
Sodium/potassium/calcium exchanger 4
Sodium-dependent glucose transporter 1A
Probable sodium/potassium/calcium exchanger CG1090
Sodium-dependent glucose transporter 1C
Sodium-dependent high-affinity dicarboxylate transporter 2
Sodium-dependent phosphate transport protein 2A
Sodium/bile acid cotransporter 7
Sodium-dependent phosphate transport protein 1
Sodium-dependent phosphate transport protein 2B
Sodium/bile acid cotransporter 7-A
Sodium/bile acid cotransporter 7-B
Natural resistance-associated macrophage protein 2 homolog
Osmoprotectant uptake system A
Sodium/pantothenate symporter
Inorganic phosphate transporter 1-6
Probable inorganic phosphate transporter 1-7
Inorganic phosphate transporter 2-1, chloroplastic
Phosphate-repressible phosphate permease pho-4
Repressible high-affinity phosphate permease
Inorganic phosphate transporter 1-1
Inorganic phosphate transporter 1-2
Probable inorganic phosphate transporter 1-4
Probable inorganic phosphate transporter 1-9
Probable inorganic phosphate transporter 1-5
Probable inorganic phosphate transporter 1-8
Probable polyol transporter 4
Probable polyol transporter 3
Probable inorganic phosphate transporter 1-3
Putrescine-ornithine antiporter
Putative inorganic phosphate cotransporter
Putative polyol transporter 2
Probable polyol transporter 6
Proline/betaine transporter
Putative proline/betaine transporter
Putative polyol transporter 1
Inorganic phosphate transporter 1-11
Probable inorganic phosphate transporter 1-12
Putative inorganic phosphate transporter 1-13
Protein NRT1/ PTR FAMILY 2.13
Probable inorganic phosphate transporter 1-10
Protein NRT1/ PTR FAMILY 2.12
Protein NRT1/ PTR FAMILY 6.2
Protein NRT1/ PTR FAMILY 7.3
Sodium/proline symporter
Protein NRT1/ PTR FAMILY 6.4
Protein NRT1/ PTR FAMILY 6.3
Polyamine transporter PUT1
Protein NRT1/ PTR FAMILY 4.6
Protein NRT1/ PTR FAMILY 7.2
Raffinose permease
L-rhamnose-proton symporter
Solute carrier family 13 member 2
Solute carrier family 15 member 1
Solute carrier family 15 member 2
Solute carrier family 15 member 3
Solute carrier family 15 member 4
Sodium-dependent phosphate transporter 2
Solute carrier family 22 member 4
Solute carrier family 15 member 5
Sodium-dependent phosphate transporter 1-B
Solute carrier family 22 member 5
Sodium-coupled neutral amino acid transporter 3
Proton-associated sugar transporter A
Sodium bicarbonate transporter-like protein 11
Sodium-coupled neutral amino acid transporter 2
Sodium-coupled neutral amino acid transporter 4
Sialin
Proton-coupled amino acid transporter 4
Sodium-driven chloride bicarbonate exchanger
Electrogenic sodium bicarbonate cotransporter 1
Sodium/glucose cotransporter 1
Sodium/myo-inositol cotransporter
Low affinity sodium-glucose cotransporter
Sodium-dependent multivitamin transporter
High-affinity choline transporter 1
Solute carrier family 22 member 18
Sodium/iodide cotransporter
Sodium-coupled monocarboxylate transporter 1
Sodium-coupled monocarboxylate transporter 2
Sodium-dependent phosphate transporter 1-A
Solute carrier family 12 member 8
Sodium-dependent phosphate transporter 1
Sodium-coupled neutral amino acid transporter 1
Succinate-acetate/proton symporter SatP
Sodium/myo-inositol cotransporter 2
Sodium-dependent dicarboxylate transporter SdcS
Sodium/nucleoside cotransporter
Putative sodium-dependent multivitamin transporter
Sodium/glucose cotransporter
Shikimate transporter
Probable sodium/sulfate cotransporter 3
Sodium/sulfate cotransporter 1
Sodium/sulfate cotransporter 2
Sugar transport protein 7
Sugar carrier protein A
Sugar transport protein 3
Sucrose transport protein SUC8
Sugar transport protein 2
Sugar transport protein 5
Sugar transport protein 9
Sugar transport protein 6
Sulfate transporter 1.1
Probable sulfate transporter 3.4
Probable sulfate transporter 3.5
Probable sulfate transporter 4.2
Sucrose transport protein SUT4
Sugar carrier protein C
Sugar transport protein 10
Sucrose transport protein SUT1
Sulfate transporter 3.2
Sucrose transport protein SUT3
Sulfate transporter 4.1, chloroplastic
Sucrose transport protein SUT5
Sugar transport protein 11
Sugar transport protein 14
Sugar transport protein 8
Sucrose transport protein SUC3
Sucrose transport protein SUC7
Sugar transport protein 12
Putative sucrose transport protein SUC6
Sulfate transporter 1.2
Sulfate transporter 2.1
Sucrose transport protein SUT2
Probable sulfate transporter 3.3
Proton/sulfate cotransporter 2
Sucrose transport protein SUC5
Sulfate transporter 1.3
Sulfate transporter 2.2
Sulfate transporter 3.1
Glucuronide carrier protein
Putative xylose-proton symporter
D-xylose-proton symporter
Probable amino acid-proton symporter YbeC
Putative inner membrane metabolite transport protein YdfJ
Inner membrane symporter YicJ
Putative 2,3-dihydroxypropane-1-sulfonate exporter
Putative sulfoquinovose importer
