Putative actin-26
Actin, larval muscle
Actin, alpha skeletal muscle
Actin-related protein 1
Actin-1
Putative actin-25
Protein 4.1
Actin-18
Putative actin-29
Actin-2
Actin, indirect flight muscle
Actin, aortic smooth muscle
Actin-like protein 7B
Putative actin-24
Putative actin-28
Actin-3
Actin-57B
Actin-4
Actin-7
Actin-like protein 7A
Putative actin-22
Putative actin-27
Actin-42A
Beta-adducin
Actin-11
Putative actin-23
Actin-17
Actin, cytoplasmic 2
Alpha-actinin A
Actin-like protein 53D
Spindle pole body component alp6
Actin-12
Actin-87E
Spindle pole body component alp16
Actin-related protein 2/3 complex subunit 1B
Spindle pole body component alp4
Actin-related protein 6
Actin-related protein 2/3 complex subunit 4
Actin-related protein 2/3 complex subunit 5
Actin-like protein ARP10
Actin-related protein 8
Actin-related protein 2/3 complex subunit 3
Actin-related protein 2/3 complex subunit 2
Actin-related protein 3
Actin-related protein 7
Actin-related protein 4
Centractin
Actin-related protein 2
Protein BIM1
Coiled-coil domain-containing protein 6
Chaotic nuclear migration protein 67
Catenin alpha-2
Cylicin-2
Cylicin-1
Desmin
Band 4.1-like protein 3
Erythrocyte membrane protein band 4.2
Filament protein FIN1
Gamma-tubulin complex component 2
Gamma-tubulin complex component 4 homolog
Gamma-tubulin complex component 6
Gamma-tubulin complex component 5
Glial fibrillary acidic protein
Gamma-tubulin complex component 4
Gamma-tubulin complex component 3 homolog
Gamma-tubulin complex component 3
Gamma-tubulin complex component 2 homolog
Gamma-tubulin complex component gfh1
Giardin subunit beta
Microtubule-associated protein Jupiter
Keratin, type I cytoskeletal 39
Keratin, type II cytoskeletal 5
Nuclear migration protein JNM1
Keratin, type I cytoskeletal 15
Keratin, type I cytoskeletal 9
Keratin, type II cytoskeletal 2 epidermal
Keratin, type II cytoskeletal 6B
Keratin, type I cytoskeletal 17
Keratin, type I cytoskeletal 20
Keratin, type I cytoskeletal 16
Keratin, type I cytoskeletal 14
Keratin, type I cytoskeletal 24
Feather keratin Cos1-1/Cos1-3/Cos2-1
Feather beta keratin
Feather keratin B-4
Keratin, type I cuticular Ha1
Feather keratin Cos1-2
Beta-keratin-related protein
Feather keratin
Scale keratin
Protein LAP2
Feather keratin 4
Feather keratin 3
Kinesin-like protein KIP1
Claw keratin
Feather keratin 2
Feather keratin 1
Feather keratin Cos2-2
Feather keratin Cos2-3
MAP-homologous protein 1
Myomesin-1
Myosin-binding protein C, fast-type
Kinetochore protein NDC80 homolog
Kinetochore protein ndc-80
Probable kinetochore protein ndc80
Kinetochore protein NDC80
Neurofilament light polypeptide
Neurofilament medium polypeptide
Probable kinetochore protein NDC80
Protein NUD1
Probable kinetochore protein nuf2
Probable kinetochore protein NUF2
Kinetochore protein NUF2
Outer dense fiber protein 2
Periplakin
Plectin
SF-assemblin
Spindle pole component 29
Spindle pole body component SPC42
Spindle pole body component 97
Spindle pole body component SPC97
Spindle pole component SPC72
Spindle pole body component SPC98
Spectrin beta chain
Spindle pole body component SPC105
Spectrin beta chain, non-erythrocytic 1
Spindle pole body component 110
Kinetochore protein SPC25
Protein STU1
Protein STU2
Kinetochore protein SPC24
Spindle pole body component 98
Cornifin-B
Spectrin beta chain, erythrocytic
Protein stu1
Tubulin alpha-1B chain
Tubulin alpha-1 chain
Tubulin alpha-1/alpha-2 chain
Tubulin alpha-2 chain
Tubulin alpha-3 chain
Tubulin alpha-4A chain
Tubulin alpha-4 chain
Tubulin alpha-5 chain
Tubulin alpha-8 chain
Tubulin alpha chain
Tubulin beta-1 chain
Tubulin beta-2 chain
Tubulin beta-6 chain
Tubulin beta-7 chain
Tubulin beta-8 chain
Tubulin beta chain
Tubulin alpha-13 chain
Tubulin alpha-3E chain
Tubulin alpha-1A chain
Tubulin alpha-2B chain
Tubulin alpha chain-like 3
Tubulin alpha chain, testis-specific
Tubulin beta-2A chain
Tubulin beta-3 chain
Tubulin beta-4 chain
Tubulin beta-5 chain
Tubulin beta-2B chain
Tubulin beta-4A chain
Tubulin beta-4B chain
Tubulin epsilon chain
Tubulin alpha-1C chain
Tubulin alpha-A chain
Tubulin alpha-6 chain
Tubulin gamma chain
Tubulin beta-8 chain-like protein LOC260334
Tubulin beta chain, nucleomorph
Probable tubulin beta chain CG32396
Tubulin beta-1/beta-2 chain
Tubulin gamma-1 chain
Tubulin alpha-1D chain
Tubulin alpha-2/alpha-4 chain
Tubulin alpha-3C/D chain
Putative tubulin-like protein alpha-4B
Tubulin alpha chain, nucleomorph
Tubulin delta chain
Tubulin alpha-1/2/3 chain
Tubulin alpha-B chain
Tubulin beta-9 chain
Tubulin gamma-2 chain
Talin-1
Tropomyosin beta chain
Vimentin
Vinculin
Villin-like protein
