Type-2 restriction enzyme AbrI
Type-2 restriction enzyme CeqI
Type-2 restriction enzyme HincII
Type-2 restriction enzyme DdeI
Type-2 restriction enzyme DpnII
Type-2 restriction enzyme HgiEI
Type-2 restriction enzyme EcoRII
Type-2 restriction enzyme Eco47II
Type-2 restriction enzyme SsoII
Type-2 restriction enzyme Sau96I
Type-2 restriction enzyme TaqI
Type-2 restriction enzyme CviAII
Type-2 restriction enzyme HphI
Type-2 restriction enzyme HgiGI
Putative type-2 restriction enzyme MjaVIP
Type-2 restriction enzyme NspV
Type-2 restriction enzyme StsI
Type-2 restriction enzyme AvaI
Type-2 restriction enzyme AgeI
Type-2 restriction enzyme BsuFI
Type-2 restriction enzyme MboII
Type-2 restriction enzyme HaeII
Type-2 restriction enzyme MunI
Type-2 restriction enzyme NaeI
Type-2 restriction enzyme SacI
Type-2 restriction enzyme TthHB8I
Type-2 restriction enzyme HgiBI
Type-2 restriction enzyme NgoBV
Type-2 restriction enzyme CfrBI
Type-2 restriction enzyme LlaDCHI
Type-2 restriction enzyme KpnI
Type-2 restriction enzyme MjaIV
Type-2 restriction enzyme MjaV
Probable type-2 restriction enzyme MthZI
Type-2 restriction enzyme MjaI
Type-2 restriction enzyme NlaIII
Type-2 restriction enzyme Bsp6I
Type-2 restriction enzyme HgiCII
Type-2 restriction enzyme HgiDI
Type-2 restriction enzyme DpnI
Type-2 restriction enzyme FokI
Type-2 restriction enzyme HpaI
Type-2 restriction enzyme MjaIII
Type-2 restriction enzyme HhaII
Type-2 restriction enzyme MamI
Type-2 restriction enzyme PaeR7I
Type-2 restriction enzyme MboI
Type-2 restriction enzyme MwoI
Type-2 restriction enzyme HpaII
Type-2 restriction enzyme ScaI
Type-2 restriction enzyme SfiI
Type-2 restriction enzyme SmaI
Type-2 restriction enzyme BstVI
Type-2 restriction enzyme AccI
Putative type-2 restriction enzyme NmeDIP
Type-2 restriction enzyme HindII
Type-2 restriction enzyme HindIII
Type-2 restriction enzyme HinfI
Type-2 restriction enzyme NgoFVII
Type-2 restriction enzyme HgAI
Type-2 restriction enzyme MjaII
Type-2 restriction enzyme MthTI
Type-2 restriction enzyme HaeIII
Type-2 restriction enzyme PvuI
Type-2 restriction enzyme ApaLI
Type-2 restriction enzyme NgoBI
Type-2 restriction enzyme BanI
Type-2 restriction enzyme BsuRI
Probable type-2 restriction enzyme HindVP
Type-2 restriction enzyme Eco47I
Type-2 restriction enzyme MspI
Type-2 restriction enzyme NlaIV
Type-2 restriction enzyme NgoPII
Type-2 restriction enzyme XamI
Type-2 restriction enzyme HgiCI
Type-2 restriction enzyme CviJI
Type-2 restriction enzyme ScrFI
Type-2 restriction enzyme SinI
Type-2 restriction enzyme SalI
Type-2 restriction enzyme Sau3AI
Type-2 restriction enzyme XhoI
Type-2 restriction enzyme BsuMI component YdiR
Type-2 restriction enzyme BsuMI component YdiS
Type-2 restriction enzyme BsuMI component YdjA
