Benign gonial cell neoplasm protein
CUGBP Elav-like family member 1
CUGBP Elav-like family member 4
Cytoplasmic polyadenylation element-binding protein 3
Cytoplasmic polyadenylation element-binding protein 1-B
Cytoplasmic polyadenylation element-binding protein 4
Cytoplasmic polyadenylation element-binding protein 1
Cytoplasmic polyadenylation element-binding protein 2
Cytoplasmic polyadenylation element-binding protein 1-A
Protein elav
Probable RNA-binding protein orb2
Polyadenylate-binding protein-interacting protein 2B
Transcriptional activator protein Pur-alpha
Transcriptional activator protein Pur-beta
Pumilio homology domain family member 6
50S ribosomal protein L20
30S ribosomal protein S4
Protein Smaug
MADS-box protein SVP
Protein SSD1
Protein sex-lethal
Zinc finger protein 540
