Low-salt glycan biosynthesis sulfotransferase Agl7
Arylsulfatase K
Arylsulfatase A
Arylsulfatase I
Arylsulfatase J
Arylsulfatase B
Arylsulfatase E
Arylsulfatase H
Putative cyclic beta-1,2-glucan modification protein
Phosphoethanolamine transferase EptA
Phosphoethanolamine transferase EptC
Phosphoethanolamine transferase EptB
N-acetylgalactosamine-6-sulfatase
N-acetylglucosamine-6-sulfatase
Iduronate 2-sulfatase
GPI ethanolamine phosphate transferase 1
Nodulation protein NoeB
Phosphoglycerol transferase I
Capsular polysaccharide biosynthesis protein RkpI
N-sulphoglucosamine sulphohydrolase
Steryl-sulfatase
Putative extracellular sulfatase Sulf-1 homolog
Inner membrane protein YejM
Lipoteichoic acid synthase-like YvgJ
Lipoteichoic acid synthase-like YqgS
