SPBc2 prophage-derived disulfide bond formation protein A
Probable disulfide formation protein C 1
SPBc2 prophage-derived disulfide bond formation protein B
Probable disulfide formation protein C 2
Disulfide bond formation protein A
Disulfide bond formation protein B
Disulfide bond formation protein C
Probable disulfide formation protein
Cytochrome c-type biogenesis protein CcmH
Thioredoxin-like protein CXXS1
Thiol:disulfide interchange protein DsbA
Disulfide bond formation protein B 2
Putative protein-disulfide oxidoreductase DsbI
Disulfide bond formation protein B 1
Protein-disulfide oxidoreductase DsbI
Thiol:disulfide interchange protein DsbL
Protein disulfide-isomerase erp38
Glutaredoxin-1
Probable glutaredoxin slr1562
Glutaredoxin
Glutaredoxin-3
Monothiol glutaredoxin-4
Monothiol glutaredoxin-5, mitochondrial
Glutaredoxin-like protein
Glutaredoxin-like protein ECU08_1380
Glutaredoxin 3
Glutaredoxin-4
Glutaredoxin-related protein 5, mitochondrial
Glutaredoxin-8
Glutaredoxin-2
Glutaredoxin-2, mitochondrial
Probable monothiol glutaredoxin-2
Putative glutaredoxin-C11
Putative glutaredoxin-C14
Probable glutaredoxin ssr2061
Probable monothiol glutaredoxin GrlA
Monothiol glutaredoxin-S11
Monothiol glutaredoxin-S12, chloroplastic
Monothiol glutaredoxin-S15, mitochondrial
Glutaredoxin-3 homolog
Monothiol glutaredoxin-3
Glutaredoxin-C8
Monothiol glutaredoxin-S1
Monothiol glutaredoxin-S4
Glutathione S-transferase kappa 1
Glutaredoxin-C15
Glutaredoxin domain-containing cysteine-rich protein CG31559
Monothiol glutaredoxin-S3
Monothiol glutaredoxin-S6
Monothiol glutaredoxin-S8
Glutaredoxin-C11
Glutaredoxin-C13
Glutaredoxin domain-containing cysteine-rich protein CG12206
Monothiol glutaredoxin-S10
Bifunctional monothiol glutaredoxin-S16, chloroplastic
Monothiol glutaredoxin-S2
Monothiol glutaredoxin-S7
Monothiol glutaredoxin-S9
Putative glutaredoxin-C12
Glutaredoxin-C1
Glutaredoxin-C3
Glutaredoxin-C5, chloroplastic
Monothiol glutaredoxin-S5
Glutaredoxin-C10
Glutaredoxin-C6
Monothiol glutaredoxin-S1, mitochondrial
Glutaredoxin-C14
Putative glutaredoxin-C2
Glutaredoxin-C5
Glutaredoxin-C7
Glutaredoxin-C9
Monothiol glutaredoxin-S4, mitochondrial
Monothiol glutaredoxin-S7, chloroplastic
Glutathione amide-dependent peroxidase
Glutaredoxin-C2
Glutaredoxin-C4, chloroplastic
Glutathione s-transferase kappa 2
2-hydroxychromene-2-carboxylate isomerase
Glutaredoxin-like protein NrdH
Prostaglandin E synthase 2
Pheromone-regulated membrane protein 4
Hybrid peroxiredoxin hyPrx5
SH3 domain-binding glutamic acid-rich-like protein 3
Thioredoxin
Thioredoxin-like protein
Thioredoxin-1
Probable Thioredoxin
Thioredoxin-2
Putative thioredoxin-2
Thioredoxin C-1
Thioredoxin C-2
Thioredoxin C-3
Thioredoxin H2-1
Thioredoxin-like protein R548
Thioredoxin H4-1
Thioredoxin-like 1-2, chloroplastic
Thioredoxin-like 3-3
Thioredoxin-like 3-1, chloroplastic
Thioredoxin-like reductase Rv2466c
Thioredoxin F2, chloroplastic
Thioredoxin H1
Thioredoxin H4
Thioredoxin H-type
Thioredoxin M2, chloroplastic
Thioredoxin M-type, chloroplastic
Thioredoxin X, chloroplastic
Thioredoxin H2-2
Thioredoxin-like 1-1, chloroplastic
Thioredoxin-like 1-3, chloroplastic
Thioredoxin-like 2-2, chloroplastic
Thioredoxin-like 4, chloroplastic
Thioredoxin-like 2, chloroplastic
Thioredoxin-3, mitochondrial
Thioredoxin F, chloroplastic
Thioredoxin H2
Thioredoxin H8
Thioredoxin M3, chloroplastic
Putative thioredoxin H10
Thioredoxin H4-2
Thioredoxin-like 3-2, chloroplastic
Thioredoxin-2, mitochondrial
Thioredoxin H-type 2
Thioredoxin H5
Thioredoxin H7
Thioredoxin O2, mitochondrial
Thioredoxin Y1, chloroplastic
Thioredoxin F-type, chloroplastic
Thioredoxin H-type 1
Thioredoxin M1, chloroplastic
Thioredoxin O1, mitochondrial
Thioredoxin O, mitochondrial
Thioredoxin H9
Thioredoxin Y, chloroplastic
Thiol:disulfide interchange protein TxlA homolog
Thiol:disulfide interchange protein TxlA
Gene 56 protein
Putative glutaredoxin Rv3198.1
Putative glutaredoxin MT3292
Thioredoxin-like protein YdfQ
Thioredoxin-like protein YdbP
Thioredoxin-like protein YusE
Putative glutaredoxin YtnI
Thioredoxin-like protein YtpP
