Puff-specific protein Bx42
Zinc finger CCCH domain-containing protein 42
Pre-mRNA-splicing factor CLF1
Protein CWC15 homolog
G patch domain-containing protein 1 homolog
Sm-like protein LSM2
U6 snRNA-associated Sm-like protein LSm8
U6 snRNA-associated Sm-like protein LSm3
U6 snRNA-associated Sm-like protein LSm2
Sm-like protein LSM3A
Sm-like protein LSM3B
Probable U6 snRNA-associated Sm-like protein LSm8
Polyadenylate-binding protein 2
Pre-mRNA-splicing factor 38A
Pre-mRNA-splicing factor 38B
Pre-mRNA-splicing factor PRP46
Protein pleiotropic regulator PRL2
Pre-mRNA-splicing factor prp46
RNA-binding motif protein, X-linked 2
U1 small nuclear ribonucleoprotein 70 kDa
U1 small nuclear ribonucleoprotein 70 kDa homolog
Small nuclear ribonucleoprotein G
Splicing factor 3B subunit 5
Probable splicing factor 3B subunit 5
Splicing factor 3B subunit 6-like protein
Pre-mRNA-splicing factor SNT309
U4/U6.U5 small nuclear ribonucleoprotein 27 kDa protein
U4/U6.U5 tri-snRNP-associated protein 3-like protein C162.01c
Pre-mRNA-splicing factor SPF27
Pre-mRNA-splicing factor SPF27 homolog
U5 small nuclear ribonucleoprotein 40 kDa protein
