Putative transposase A625R
Putative transposon Tn552 DNA-invertase bin3
Transposase InsD for insertion element IS2-12
Transposase InsD for insertion element IS2F
Transposase InsD for insertion element IS2-9
Transposase InsD for insertion element IS2I
Putative transposase InsO for insertion sequence element IS911A
Putative transposase InsQ for insertion sequence element IS609
Transposase InsD for insertion element IS2D
Transposase InsF for insertion sequence IS3B
Transposase InsF for insertion sequence IS3E
Transposase InsD for insertion element IS2-10
Transposase InsD for insertion element IS2H
Transposase InsD for insertion element IS2A
Putative transposase InsD for insertion element IS2E
Transposase InsF for insertion sequence IS3D
Transposase InsD for insertion element IS2-11
Transposase InsD for insertion element IS2 on F plasmid
Transposase InsD for insertion element IS2A/D/F/H/I/K
Transposase InsF for insertion sequence IS3A
Transposase InsF for insertion sequence IS3fB
Putative transposase InsK for insertion sequence element IS150
Putative transposase InsO for insertion sequence element IS911B
Transposase InsD for insertion element IS2K
Transposase InsF for insertion sequence IS3C
Transposase InsF for insertion sequence IS3fA
Transposase for insertion sequence element IS21
Transposase for insertion sequence element IS640
Autonomous transposable element EN-1 mosaic protein
Regulator of Ty1 transposition protein 105
Histone chaperone RTT106
Transposase for insertion sequence element IS3411
Transposase for insertion sequence-like element IS431mec
Probable transposase for insertion sequence element IS702
Transposase for insertion sequence element IS257 in transposon Tn4003
Probable transposase for insertion sequence element IS701
Transposase for insertion sequence element IS232
Transposase for insertion sequence element IS904
Putative transposase for insertion sequence IS408
Transposase for insertion sequence element IS1106
Probable transposase for insertion sequence element ISA1214
Transposase for insertion sequence element IS629
Transposon Tn7 transposition protein TnsD
Transposase for insertion sequence element IS21-like
Transposase C from transposon PsiTn554
Transposon Tn7 transposition protein TnsE
Putative transposase for insertion sequence IS1162
Putative transposase for insertion sequence element IS986/IS6110
Transposase for transposon Tn554
Putative AC9 transposase
Transposase for insertion sequences IS1326/IS1353
Transposon Tn7 transposition protein TnsC
Transposase for insertion sequence IS1202
Putative transposase for insertion sequence element IS5376
Putative AC transposase
Transposase for transposon Tn552
Probable transposase for transposon Tn903
Putative transposase MJ0012
Putative transposase ORF457
Putative transposase y4uI
Putative transposase MJ1635
Putative transposase ORF409
Putative transposase y4bL/y4kJ/y4tB
Integrase-like protein y4lS
Putative transposase ORF383B
Putative transposase Rv2885c
Putative transposase MT2953
Putative transposase y4bF
Putative transposase ORF383a
Putative transposase MJ0751
Putative transposase MJ0856.1
Putative transposase L79
Putative transposase R186
Putative transposase L770
Putative transposase in snaA-snaB intergenic region
Putative transposase R104
Putative transposase aq_aa05
Putative transposase R854
