Phospholipase ABHD3
Conodipine-M alpha chain
HRAS-like suppressor 3
Otoconin-90
Phospholipase A2
Basic phospholipase A2 BmatTX-III
Acidic phospholipase CHA-E6a
Acidic phospholipase A2 CbIbeta
Acidic phospholipase A2 Cvv-E6c
Acidic phospholipase A2 CTs-A2
Acidic phospholipase A2 Drs-PLA2
Phospholipase A1 2
Putative phospholipase A1
Phospholipase A1
Phospholipase A2 3
Acidic phospholipase A2 4
Phospholipase A2 P-elapitoxin-Aa1a alpha chain
Acidic phospholipase A2 Ts-A2
Basic phospholipase A2
Phospholipase A2 homolog P-elapitoxin-Aa1a beta chain
Phospholipase A2 neuwieditoxin-1
Toxic phospholipase A2
Phospholipase A2 1
Phospholipase A2 2
Acidic phospholipase A2 CHA-E6b
Acidic phospholipase A2 Ts-A5
Basic phospholipase A2 CB1
Basic phospholipase A2 Cll-N6
Basic phospholipase A2 T2 A chain
Basic phospholipase A2 BjIV
Basic phospholipase A2 mangshantoxin
Orientotoxin-2
Acidic phospholipase A2 PnPLA2
Phospholipase A2 B1
Basic phospholipase A2 2
Basic phospholipase A2 BnpTX-2
Basic phospholipase A2 CB2
Basic phospholipase A2 3
Phospholipase A2 crotoxin basic chain
Basic phospholipase A2 13
Basic phospholipase A2 intermexin
Basic phospholipase A2 T1-2 A chain
Phospholipase A2 nigroviriditoxin basic subunit B
Basic phospholipase A2 Pto-N6
Phospholipase A2 D6
Phospholipase A2 taicatoxin
Basic phospholipase A2 cannitoxin alpha chain
Phospholipase A1 1
Acidic phospholipase A2
Acidic phospholipase A2 CTs-A1
Basic phospholipase A2 CM-II
Basic phospholipase A2 canebraxin B
Phospholipase A2 bitanarin
Phospholipase A2 pseudexin C chain
Phospholipase A2, membrane associated
Phospholipase A2 neuwieditoxin-2
Basic phospholipase A2 CM-I
Phospholipase A2 crotoxin basic chain 3
Basic phospholipase A2 T1-1 A chain
Basic phospholipase A2 CTs-G6
Phospholipase A2 D5
Neutral phospholipase A2 RVV-PFIIc'
Phospholipase A2 superbin d
Phospholipase A2 II-5b
Basic phospholipase A2 Smb-N6
Neutral phospholipase A2 homolog cannitoxin beta chain 2
Phospholipase A2 superbin c
Phospholipase B1, membrane-associated
85/88 kDa calcium-independent phospholipase A2
