Putative adagio-like protein 2
Adagio-like protein 1
Adagio protein 2
Adenylate cyclase type 1
Adagio protein 1
Cyclin-dependent kinase 5 activator 1
Casein kinase II subunit alpha
D(4) dopamine receptor
Protein ELF4-LIKE 3
Protein ELF4-LIKE 2
Protein ELF4-LIKE 1
Protein ELF4-LIKE 4
Protein EARLY FLOWERING 4
Ecto-NOX disulfide-thiol exchanger 1
F-box/LRR-repeat protein 21
Guanine nucleotide-binding protein subunit beta-2-like 1
KaiB-like protein 1
Casein kinase I isoform epsilon
KaiB-like protein 2
Casein kinase I isoform delta
WD repeat-containing protein LWD2
Mitogen-activated protein kinase 8
Mitogen-activated protein kinase 8A
Mitogen-activated protein kinase 8B
Melatonin receptor type 1B-A
Melatonin receptor type 1A-like
Nocturnin
Peroxidase 11
Period circadian protein
Peroxidase 71
Peroxidase 42
Phosphoglycerate kinase, chloroplastic
Peroxidase 50
Peroxidase 21
Period clock protein
Rhythmically expressed gene 5 protein
Serine/threonine-protein kinase SIK1
Probable UDP-N-acetylglucosamine--peptide N-acetylglucosaminyltransferase SPINDLY
Serotonin N-acetyltransferase
SRR1-like protein
Protein timeless
DNA topoisomerase 2-alpha
Protein TIME FOR COFFEE
Protein XAP5 CIRCADIAN TIMEKEEPER
