Hemoglobin subunit beta
3 beta-hydroxysteroid dehydrogenase type 7
Cytosolic 5'-nucleotidase 1B
6-phosphogluconate dehydrogenase, decarboxylating
Alpha-aminoadipic semialdehyde synthase, mitochondrial
Aspartate aminotransferase, mitochondrial
Cytosolic 5'-nucleotidase 1A
Phospholipase ABHD3
Medium-chain specific acyl-CoA dehydrogenase, mitochondrial
Acyl-CoA dehydrogenase family member 10
Peroxisomal acyl-coenzyme A oxidase 2
Short/branched chain specific acyl-CoA dehydrogenase, mitochondrial
Acyl carrier protein, mitochondrial
Aspartoacylase
6-phosphogluconolactonase
Aspartate aminotransferase, cytoplasmic
Abhydrolase domain-containing protein 4
Short-chain specific acyl-CoA dehydrogenase, mitochondrial
Peroxisomal acyl-coenzyme A oxidase 3
Adenosine deaminase-like protein
Cytosolic purine 5'-nucleotidase
Alkyldihydroxyacetonephosphate synthase, peroxisomal
Cytosolic 5'-nucleotidase 3A
Manganese-dependent ADP-ribose/CDP-alcohol diphosphatase
Alanine--glyoxylate aminotransferase 2, mitochondrial
Alpha-aminoadipic semialdehyde dehydrogenase
4-trimethylaminobutyraldehyde dehydrogenase
Alanine aminotransferase 1
Adenosine kinase
Alpha-2C adrenergic receptor
Arachidonate 5-lipoxygenase-activating protein
Fructose-bisphosphate aldolase C
ADP-dependent glucokinase
AMP deaminase 1
Delta-1-pyrroline-5-carboxylate dehydrogenase, mitochondrial
AMP deaminase 2
AMP deaminase 3
Pancreatic alpha-amylase
Alpha-methylacyl-CoA racemase
Adenine phosphoribosyltransferase
Alanine aminotransferase 2
Alpha-N-acetylglucosaminidase
Apolipoprotein(a)
Isoaspartyl peptidase/L-asparaginase
Asparagine synthetase
N-acetyllactosaminide beta-1,3-N-acetylglucosaminyltransferase 2
Antizyme inhibitor 1
Beta-1,3-galactosyltransferase 6
Beta-1,4-galactosyltransferase 2
Beta-1,4-galactosyltransferase 6
ATP synthase subunit s, mitochondrial
Beta-1,4-galactosyltransferase 1
Beta-1,4-galactosyltransferase 3
Acyl-CoA wax alcohol acyltransferase 1
N-acetyllactosaminide beta-1,3-N-acetylglucosaminyltransferase 4
Beta-1,4-galactosyltransferase 4
3-hydroxybutyrate dehydrogenase type 2
Galactosylgalactosylxylosylprotein 3-beta-glucuronosyltransferase 1
Galactosylgalactosylxylosylprotein 3-beta-glucuronosyltransferase 3
N-acetyllactosaminide beta-1,3-N-acetylglucosaminyltransferase 3
UDP-GlcNAc:betaGal beta-1,3-N-acetylglucosaminyltransferase 7
Beta-1,4-glucuronyltransferase 1
Basigin
Flavin reductase
Beta-1,4-galactosyltransferase 5
 kinase, mitochondrial
Galactosylgalactosylxylosylprotein 3-beta-glucuronosyltransferase 2
Branched-chain-amino-acid aminotransferase, cytosolic
Methylglutaconyl-CoA hydratase, mitochondrial
D-beta-hydroxybutyrate dehydrogenase, mitochondrial
Beta-glucuronidase
Beta-ureidopropionase
Carbonic anhydrase 14
CDP-diacylglycerol--inositol 3-phosphatidyltransferase
Chondroitin sulfate N-acetylgalactosaminyltransferase 2
Carbohydrate sulfotransferase 11
Cell migration-inducing and hyaluronan-binding protein
Chondroitin sulfate N-acetylgalactosaminyltransferase 1
Chondroitin sulfate synthase 2
Carbohydrate sulfotransferase 12
Carbohydrate sulfotransferase 15
Phosphatidate cytidylyltransferase 1
Phosphatidate cytidylyltransferase 2
Probable cytosolic iron-sulfur protein assembly protein CIAO1
Choline kinase alpha
Choline/ethanolaminephosphotransferase 1
Choline/ethanolamine kinase
Chondroitin sulfate glucuronyltransferase
Calcium-binding mitochondrial carrier protein Aralar1
Carbohydrate sulfotransferase 13
Carbohydrate sulfotransferase 14
Cholinephosphotransferase 1
Chondroitin sulfate synthase 3
Cytochrome c oxidase assembly protein COX15 homolog
Colipase
Versican core protein
Protoheme IX farnesyltransferase, mitochondrial
Carnitine O-palmitoyltransferase 2, mitochondrial
Carnitine O-palmitoyltransferase 1, muscle isoform
Anamorsin
Cytochrome c1, heme protein, mitochondrial
Cardiolipin synthase
Lambda-crystallin homolog
Cytoglobin
N(G),N(G)-dimethylarginine dimethylaminohydrolase 1
Histidine decarboxylase
N(G),N(G)-dimethylarginine dimethylaminohydrolase 2
D-2-hydroxyglutarate dehydrogenase, mitochondrial
Malonyl-CoA decarboxylase, mitochondrial
Deoxyguanosine kinase, mitochondrial
7-dehydrocholesterol reductase
Deoxycytidine kinase
Ornithine decarboxylase
2,4-dienoyl-CoA reductase, mitochondrial
3-keto-steroid reductase
Dermatan-sulfate epimerase-like protein
Enoyl-CoA hydratase, mitochondrial
Enoyl-CoA delta isomerase 1, mitochondrial
Deoxyuridine 5'-triphosphate nucleotidohydrolase, mitochondrial
Trifunctional enzyme subunit alpha, mitochondrial
Trifunctional enzyme subunit beta, mitochondrial
Gamma-enolase
Ethanolaminephosphotransferase 1
Ethanolamine kinase 1
Beta-enolase
Ethanolamine kinase 2
Electron transfer flavoprotein subunit alpha, mitochondrial
Alpha-enolase
Electron transfer flavoprotein subunit beta
6-phosphofructo-2-kinase/fructose-2,6-bisphosphatase 4
Fatty-acid amide hydrolase 2
Delta(14)-sterol reductase
6-phosphofructo-2-kinase/fructose-2,6-bisphosphatase 3
Fanconi anemia group J protein
Fructose-1,6-bisphosphatase 1
Fructose-1,6-bisphosphatase isozyme 2
6-phosphofructo-2-kinase/fructose-2,6-bisphosphatase 1
6-phosphofructo-2-kinase/fructose-2,6-bisphosphatase 2
Fatty-acid amide hydrolase 1
Free fatty acid receptor 1
1-phosphatidylinositol 3-phosphate 5-kinase
Galactokinase
UDP-glucose 4-epimerase
Putative N-acetylated-alpha-linked acidic dipeptidase
Guanine nucleotide-binding protein G(I)/G(S)/G(O) subunit gamma-13
Frataxin, mitochondrial
Glyceraldehyde-3-phosphate dehydrogenase
GTP cyclohydrolase 1 feedback regulatory protein
Gamma-glutamyltransferase 5
G0/G1 switch protein 2
Guanine nucleotide-binding protein G(I)/G(S)/G(O) subunit gamma-11
Glycine cleavage system H protein, mitochondrial
Geranylgeranyl pyrophosphate synthase
Glycine dehydrogenase
Glycogen debranching enzyme
1,4-alpha-glucan-branching enzyme
Glucagon receptor
Glycogenin-1
D-glucuronyl C5-epimerase
Glutaredoxin-1
Glypican-3
Glioma pathogenesis-related protein 1
Hydroxyacylglutathione hydrolase, mitochondrial
Glucagon
GMP reductase 1
Glyoxylate reductase/hydroxypyruvate reductase
Glypican-5
Glypican-6
GMP reductase 2
Glypican-4
Solute carrier family 2, facilitated glucose transporter member 1
Glycogen  synthase, liver
Glycogenin-2
Glypican-1
Solute carrier family 2, facilitated glucose transporter member 2
Glucoside xylosyltransferase 1
Heparan-sulfate 6-O-sulfotransferase 2
Hemoglobin subunit alpha
GMP synthase
Solute carrier family 2, facilitated glucose transporter member 3
Glycogen  synthase, muscle
5-aminolevulinate synthase, erythroid-specific, mitochondrial
5-aminolevulinate synthase, nonspecific, mitochondrial
Ferrochelatase, mitochondrial
Hydroxyacyl-coenzyme A dehydrogenase, mitochondrial
Hydroxyacid-oxoacid transhydrogenase, mitochondrial
Hyaluronan mediated motility receptor
Histamine N-methyltransferase
Heparan sulfate glucosamine 3-O-sulfotransferase 6
Heparan sulfate glucosamine 3-O-sulfotransferase 3B1
Hydroxymethylglutaryl-CoA synthase, mitochondrial
Heparan sulfate glucosamine 3-O-sulfotransferase 5
Inactive heparanase-2
HRAS-like suppressor 3
Hyaluronan synthase 1
Hyaluronan synthase 3
Hydroxymethylglutaryl-CoA synthase, cytoplasmic
Hydroxymethylglutaryl-CoA lyase, mitochondrial
Histidine ammonia-lyase
Probable imidazolonepropionase
Type I inositol 1,4,5-trisphosphate 5-phosphatase
Isopentenyl-diphosphate Delta-isomerase 1
Alpha-L-iduronidase
Inosine-5'-monophosphate dehydrogenase 1
Inositol monophosphatase 1
Isopentenyl-diphosphate delta-isomerase 2
Inositol monophosphatase 2
Inositol-3-phosphate synthase 1
72 kDa inositol polyphosphate 5-phosphatase
Inositol polyphosphate 1-phosphatase
Inositol polyphosphate multikinase
Iron-sulfur cluster assembly enzyme ISCU, mitochondrial
Iduronate 2-sulfatase
Inositol-trisphosphate 3-kinase B
Inositol hexakisphosphate kinase 1
Type I inositol 3,4-bisphosphate 4-phosphatase
Inositol-trisphosphate 3-kinase A
Inositol hexakisphosphate kinase 3
Inosine triphosphate pyrophosphatase
Adenylate kinase isoenzyme 5
Inosine-5'-monophosphate dehydrogenase 2
Inositol-pentakisphosphate 2-kinase
Isovaleryl-CoA dehydrogenase, mitochondrial
Type II inositol 3,4-bisphosphate 4-phosphatase
Ras GTPase-activating-like protein IQGAP1
Creatine kinase U-type, mitochondrial
Creatine kinase M-type
Adenylate kinase 9
Inositol-tetrakisphosphate 1-kinase
Creatine kinase S-type, mitochondrial
Ketohexokinase
Pyruvate kinase PKM
Mevalonate kinase
Phosphorylase b kinase regulatory subunit beta
Guanylate kinase
L-2-hydroxyglutarate dehydrogenase, mitochondrial
Phosphorylase b kinase regulatory subunit alpha, liver isoform
cGMP-dependent protein kinase 2
Phosphorylase b kinase regulatory subunit alpha, skeletal muscle isoform
L-lactate dehydrogenase B chain
Pyruvate kinase PKLR
Alpha-lactalbumin
Lamin-B receptor
L-lactate dehydrogenase A chain
Arachidonate 5-lipoxygenase
Arachidonate 15-lipoxygenase B
Lipase maturation factor 1
Leukotriene C4 synthase
NADP-dependent malic enzyme
Acyl-protein thioesterase 1
Lysophospholipid acyltransferase 2
Lysophospholipid acyltransferase 5
Methylmalonyl-CoA epimerase, mitochondrial
Membrane-bound transcription factor site-2 protease
LYR motif-containing protein 4
Membrane-bound transcription factor site-1 protease
Mitochondrial carnitine/acylcarnitine carrier protein
Myristoylated alanine-rich C-kinase substrate
Mitoferrin-1
Mimitin, mitochondrial
Multiple inositol polyphosphate phosphatase 1
Mitoferrin-2
Mimecan
Mitochondrial pyruvate carrier 1
Mitochondrial pyruvate carrier 2
Myotubularin-related protein 6
Myotubularin-related protein 14
Myotubularin-related protein 3
Myotubularin-related protein 7
Diphosphomevalonate decarboxylase
Cytosolic Fe-S cluster assembly factor NARFL
Nucleoside diphosphate kinase A
N-acetylated-alpha-linked acidic dipeptidase 2
NADH dehydrogenase  1 alpha subcomplex subunit 10, mitochondrial
NADH dehydrogenase  1 subunit C2
NADH dehydrogenase  iron-sulfur protein 5
NADH dehydrogenase  iron-sulfur protein 6, mitochondrial
NADH dehydrogenase  flavoprotein 1, mitochondrial
NADH dehydrogenase  1 alpha subcomplex subunit 2
Cytochrome c oxidase subunit NDUFA4
NADH dehydrogenase  1 beta subcomplex subunit 9
NADH dehydrogenase  1 beta subcomplex subunit 10
NADH dehydrogenase  1 alpha subcomplex assembly factor 5
NADH dehydrogenase  iron-sulfur protein 8, mitochondrial
NADH dehydrogenase  flavoprotein 2, mitochondrial
NADH dehydrogenase  1 alpha subcomplex subunit 1
NADH dehydrogenase  1 beta subcomplex subunit 7
NADH dehydrogenase  1 subunit C1, mitochondrial
NADH dehydrogenase  1 alpha subcomplex assembly factor 4
Neurocan core protein
Nucleoside diphosphate kinase, mitochondrial
NADPH-dependent diflavin oxidoreductase 1
NADH dehydrogenase  1 alpha subcomplex subunit 3
NADH dehydrogenase  1 alpha subcomplex subunit 11
NADH dehydrogenase  1 beta subcomplex subunit 4
NADH dehydrogenase  1 beta subcomplex subunit 8, mitochondrial
NADH dehydrogenase  complex I, assembly factor 7
NADH dehydrogenase  flavoprotein 3, mitochondrial
Bifunctional heparan sulfate N-deacetylase/N-sulfotransferase 2
NADH dehydrogenase  1 alpha subcomplex subunit 12
NADH dehydrogenase  1 alpha subcomplex subunit 13
Nitric oxide synthase-interacting protein
NADH dehydrogenase  1 alpha subcomplex subunit 8
NADH dehydrogenase  1 beta subcomplex subunit 3
NADH dehydrogenase  1 beta subcomplex subunit 5, mitochondrial
NADH dehydrogenase  1 alpha subcomplex assembly factor 3
NADH-ubiquinone oxidoreductase 75 kDa subunit, mitochondrial
NADH dehydrogenase  iron-sulfur protein 4, mitochondrial
Nostrin
NADH dehydrogenase  1 alpha subcomplex subunit 6
NADH dehydrogenase  1 beta subcomplex subunit 2, mitochondrial
NADH dehydrogenase  1 beta subcomplex subunit 6
NADH dehydrogenase  1 beta subcomplex subunit 11, mitochondrial
5'(3')-deoxyribonucleotidase, cytosolic type
5'(3')-deoxyribonucleotidase, mitochondrial
NADH-ubiquinone oxidoreductase chain 5
NADH-ubiquinone oxidoreductase chain 6
Cytosolic Fe-S cluster assembly factor NUBP1
NADH-ubiquinone oxidoreductase chain 2
NADH-ubiquinone oxidoreductase chain 3
8-oxo-dGDP phosphatase NUDT18
Diphosphoinositol polyphosphate phosphohydrolase 3-alpha
Diphosphoinositol polyphosphate phosphohydrolase 3-beta
Diphosphoinositol polyphosphate phosphohydrolase 1
NADH-ubiquinone oxidoreductase chain 1
NADH-ubiquinone oxidoreductase chain 4L
Probable 8-oxo-dGTP diphosphatase NUDT15
NADH-ubiquinone oxidoreductase chain 4
Osteomodulin
ADP-ribose pyrophosphatase, mitochondrial
Peroxisomal carnitine O-octanoyltransferase
2-oxoisovalerate dehydrogenase subunit alpha, mitochondrial
2-oxoisovalerate dehydrogenase subunit beta, mitochondrial
Delta-1-pyrroline-5-carboxylate synthase
Cytosolic phospholipase A2 gamma
Ornithine decarboxylase antizyme 2
Group IIF secretory phospholipase A2
Phosphatidylinositol 4-kinase type 2-alpha
D-amino-acid oxidase
L-amino-acid oxidase
Phosphatidylinositol 4-phosphate 3-kinase C2 domain-containing subunit gamma
Phosphatidylinositol 3-kinase regulatory subunit gamma
Pyrroline-5-carboxylate reductase 3
Cytosolic phospholipase A2
Cytosolic phospholipase A2 delta
Phosphatidylinositol 4-phosphate 3-kinase C2 domain-containing subunit beta
Phosphatidylinositol 4-kinase type 2-beta
Phospholipase A2
Phytanoyl-CoA dioxygenase, peroxisomal
Pyrroline-5-carboxylate reductase 1, mitochondrial
Pyrroline-5-carboxylate reductase 2
Group IIE secretory phospholipase A2
Group 10 secretory phospholipase A2
Protein disulfide-isomerase
Cytosolic phospholipase A2 beta
Cytosolic phospholipase A2 epsilon
 kinase isozyme 3, mitochondrial
Phosphatidylethanolamine N-methyltransferase
Calcium-dependent phospholipase A2
Group IID secretory phospholipase A2
Choline-phosphate cytidylyltransferase A
Pyruvate dehydrogenase phosphatase regulatory subunit, mitochondrial
Basement membrane-specific heparan sulfate proteoglycan core protein
Aggrecan core protein
Phosphoenolpyruvate carboxykinase, cytosolic
Phosphoenolpyruvate carboxykinase , mitochondrial
 kinase isozyme 1, mitochondrial
-phosphatase 1, mitochondrial
ATP-dependent 6-phosphofructokinase, liver type
ATP-dependent 6-phosphofructokinase, platelet type
Phosphoglycerate mutase 1
Phosphoglucomutase-1
Lysophosphatidylcholine acyltransferase 2
Ethanolamine-phosphate cytidylyltransferase
Phosphoglucomutase-2
Phosphoethanolamine/phosphocholine phosphatase
 kinase isozyme 2, mitochondrial
-phosphatase 2, mitochondrial
Phosphoglycerate kinase
Phosphatidylinositol transfer protein beta isoform
Phosphoglycerate kinase 1
Phosphatidylserine decarboxylase proenzyme
Phosphatidylinositol 4,5-bisphosphate 3-kinase catalytic subunit gamma isoform
Group XIIA secretory phospholipase A2
Prostamide/prostaglandin F synthase
CDP-diacylglycerol--glycerol-3-phosphate 3-phosphatidyltransferase, mitochondrial
Phosphatidylinositol 4-kinase beta
Phosphatidylinositol 4-phosphate 5-kinase type-1 alpha
Peroxisomal membrane protein PMP34
Phosphatidylinositol 5-phosphate 4-kinase type-2 alpha
Phosphatidylinositol 4,5-bisphosphate 3-kinase catalytic subunit delta isoform
Phospholipase B1, membrane-associated
Phospholipase B-like 1
1-phosphatidylinositol 4,5-bisphosphate phosphodiesterase eta-1
Phospholipase D4
85/88 kDa calcium-independent phospholipase A2
1-phosphatidylinositol 4,5-bisphosphate phosphodiesterase delta-3
1-phosphatidylinositol 4,5-bisphosphate phosphodiesterase zeta-1
Phospholipase D1
Phosphoinositide 3-kinase regulatory subunit 6
Phosphatidylinositol 5-phosphate 4-kinase type-2 beta
Phosphoinositide 3-kinase regulatory subunit 5
Phosphatidylinositol 4-kinase alpha
Phosphatidylinositol 4,5-bisphosphate 5-phosphatase A
1-phosphatidylinositol 4,5-bisphosphate phosphodiesterase delta-1
1-phosphatidylinositol 4,5-bisphosphate phosphodiesterase epsilon-1
1-phosphatidylinositol 4,5-bisphosphate phosphodiesterase eta-2
Phospholipase D3
Phenylethanolamine N-methyltransferase
Protein phosphatase 1 regulatory subunit 3C
Protein phosphatase 1K, mitochondrial
Perilipin-2
Calcium-independent phospholipase A2-gamma
Protoporphyrinogen oxidase
Prolargin
Proline dehydrogenase 1, mitochondrial
Prostaglandin E synthase
Amidophosphoribosyltransferase
Phosphatidylglycerophosphatase and protein-tyrosine phosphatase 1
Glycogen phosphorylase, muscle form
Trifunctional purine biosynthetic protein adenosine-3
Adenylosuccinate lyase
Adenylosuccinate synthetase isozyme 1
Multifunctional protein ADE2
Adenylosuccinate synthetase isozyme 2
Bifunctional purine biosynthesis protein PURH
Phosphatidylserine synthase 2
Phosphoribosylformylglycinamidine synthase
Glycogen phosphorylase, brain form
CTP synthase 2
CTP synthase 1
Cytochrome b-c1 complex subunit 7
Peroxisomal membrane protein 11A
Ras-related protein Rap-1A
Ral guanine nucleotide dissociation stimulator-like 1
Ribonucleoside-diphosphate reductase large subunit
Ribonucleoside-diphosphate reductase subunit M2
Ribulose-phosphate 3-epimerase
Rap guanine nucleotide exchange factor 3
Rap guanine nucleotide exchange factor 4
Ribose-5-phosphate isomerase
GTP-binding protein SAR1b
Phosphatidylinositide phosphatase SAC1
Diamine acetyltransferase 1
Lathosterol oxidase
Syndecan-2
Succinyl-CoA:3-ketoacid coenzyme A transferase 1, mitochondrial
Syndecan-3
CMP-N-acetylneuraminate-beta-1,4-galactoside alpha-2,3-sialyltransferase
Phosphoserine aminotransferase
Phosphatidylinositol 3,4,5-trisphosphate 5-phosphatase 2
CMP-N-acetylneuraminate-beta-galactosamide-alpha-2,3-sialyltransferase 4
Serotonin N-acetyltransferase
Phosphoserine phosphatase
Type 2 lactosamine alpha-2,3-sialyltransferase
CMP-N-acetylneuraminate-beta-galactosamide-alpha-2,3-sialyltransferase 1
Phosphatidylinositol 3,4,5-trisphosphate 5-phosphatase 1
CMP-N-acetylneuraminate-beta-galactosamide-alpha-2,3-sialyltransferase 2
Stabilin-2
Synaptojanin-2
Tafazzin
Acetyl-CoA acetyltransferase, mitochondrial
Complex I assembly factor TIMMDC1, mitochondrial
T-lymphoma invasion and metastasis-inducing protein 2
Phosphatidylinositol 3,4,5-trisphosphate 3-phosphatase TPTE2
Mitochondrial brown fat uncoupling protein 1
Mitochondrial uncoupling protein 4
Uridine 5'-monophosphate synthase
Inositol hexakisphosphate and diphosphoinositol-pentakisphosphate kinase 1
Inositol hexakisphosphate and diphosphoinositol-pentakisphosphate kinase 2
