Annexin E1
CEP295 N-terminal-like protein
Calcium-binding tyrosine phosphorylation-regulated protein
Coiled-coil domain-containing protein 103
Coiled-coil domain-containing protein 40 homolog
Calmodulin, flagellar
Cilia- and flagella-associated protein 45
Cilia- and flagella-associated protein 43
UPF0704 protein C6orf165 homolog
Cilia- and flagella-associated protein 44
Cilia- and flagella-associated protein 70
Cilia- and flagella-associated protein 53
Cilia- and flagella-associated protein 58
Cilia- and flagella-associated protein 52
Dynein assembly factor with WDR repeat domains 1
Dynein regulatory complex subunit 7
Dynein regulatory complex subunit 3
Dynein alpha chain, flagellar outer arm
Dynein beta chain, ciliary
Dynein-1-beta heavy chain, flagellar inner arm I1 complex
Dynein-1-alpha heavy chain, flagellar inner arm I1 complex
Dynein beta chain, flagellar outer arm
Enkurin
Flagellar attachment zone protein 1
Flagellar calcium-binding protein TB-17
Putative flagellar calcium-binding protein
Flagellar calcium-binding protein
Flagellar calcium-binding protein TB-44A
Flagellar calcium-binding protein TB-1.7G
Protein Flattop homolog
LisH domain-containing protein FOPNL
Fibrous sheath CABYR-binding protein
Flagellar calcium-binding protein TB-24
Fibrous sheath-interacting protein 1
Fibrous sheath-interacting protein 2
Growth arrest-specific protein 8
Growth arrest-specific protein 8 homolog
Trypanin
Intraflagellar transport protein 25
Intraflagellar transport protein 74
Creatine kinase, flagellar
Kinesin-like protein KLP1
73 kDa paraflagellar rod protein
69 kDa paraflagellar rod protein
Flagellar WD repeat-containing protein Pf20
Ropporin-1-like protein
Flagellar radial spoke protein 6
Succinyl-CoA:3-ketoacid coenzyme A transferase 2B, mitochondrial
Succinyl-CoA:3-ketoacid coenzyme A transferase 2, mitochondrial
Sperm flagellar protein 1
Tektin-4
