Protein LSD1
MACPF domain-containing protein At1g14780
Putative late blight resistance protein homolog R1A-3
Putative late blight resistance protein homolog R1A-6
Late blight resistance protein R1-A
Putative late blight resistance protein homolog R1B-14
Putative late blight resistance protein homolog R1B-23
Putative late blight resistance protein homolog R1C-3
Putative late blight resistance protein homolog R1B-13
Putative late blight resistance protein homolog R1B-19
Putative late blight resistance protein homolog R1A-10
Putative late blight resistance protein homolog R1B-17
Putative late blight resistance protein homolog R1B-8
Putative late blight resistance protein homolog R1B-12
Putative late blight resistance protein homolog R1B-16
Putative late blight resistance protein homolog R1B-11
Putative late blight resistance protein homolog R1A-4
Disease resistance protein RPH8A
Short-chain dehydrogenase reductase 3a
Wheatwin-2
Wheatwin-1
