Type-1B angiotensin II receptor
Type-1A angiotensin II receptor
Annexin A4
Apolipoprotein B-100
Tether containing UBX domain for GLUT4
Probable cation-transporting ATPase 13A2
Sarcoplasmic/endoplasmic reticulum calcium ATPase 2
Brain-specific angiogenesis inhibitor 1-associated protein 2-like protein 2
Crt homolog 1
Kinesin-like protein costa
Glutamate decarboxylase 1
DCC-interacting protein 13-alpha
D(4) dopamine receptor
Protein diaphanous
Fibronectin type-III domain-containing protein 3A
PDZ domain-containing protein GIPC1
Growth factor receptor-bound protein 2
Solute carrier family 2, facilitated glucose transporter member 4
Gas vesicle protein GvpJ 2
Gas vesicle protein GvpM 1
Gas vesicle structural protein
Gas vesicle structural protein B
Gas vesicle protein GvpJ 1
Probable gas vesicle structural protein 1
Probable gas vesicle protein GvpJ 1
Gas vesicle protein GvpJ
Protein GvpK
Gas vesicle structural protein A
Gas vesicle structural protein 2
Gas vesicle protein GvpM 2
Gas vesicle structural protein 1
Probable gas vesicle protein GvpJ 2
Probable gas vesicle structural protein 2
Gas vesicle protein GvpM
Gas vesicle protein GvpS
Lysosome membrane protein 2-A
Tetrahydromethanopterin S-methyltransferase subunit E
Tetrahydromethanopterin S-methyltransferase subunit D
Unconventional myosin-VI
Cytoplasmic protein NCK2
Cytoplasmic protein NCK1
Nitric oxide synthase, brain
Metal transporter nramp1 homolog
Nitric oxide synthase, endothelial
Auxin efflux carrier component 3
Prostatic acid phosphatase
Ras-related protein Rab-21
Solute carrier family 26 member 6
Sodium-dependent multivitamin transporter
Protein STAR1
UPF0014 membrane protein STAR2
Bidirectional sugar transporter SWEET9
Transmembrane protein 198
Wiskott-Aldrich syndrome protein homolog
