Carbohydrate sulfotransferase 10
Carbohydrate sulfotransferase 11
Dermatan-sulfate epimerase-like protein
Flavonol 3-sulfotransferase
Galactosylceramide sulfotransferase
Galactose-3-O-sulfotransferase 2
Flavonol sulfotransferase-like
Glycolipid sulfotransferase Rv1373
Glycolipid sulfotransferase MRA_1383
Glycolipid sulfotransferase BCG_1434
Glycolipid sulfotransferase MT1418
Heparan-sulfate 6-O-sulfotransferase 3
Heparan-sulfate 6-O-sulfotransferase 1
Heparan sulfate 2-O-sulfotransferase 1
Heparan sulfate glucosamine 3-O-sulfotransferase 1
Heparan sulfate glucosamine 3-O-sulfotransferase 2
Heparan sulfate glucosamine 3-O-sulfotransferase 3A1
Membrane-associated sulfotransferase kil1
Bifunctional heparan sulfate N-deacetylase/N-sulfotransferase 3
Bifunctional heparan sulfate N-deacetylase/N-sulfotransferase 1
Bifunctional heparan sulfate N-deacetylase/N-sulfotransferase 2
Bifunctional heparan sulfate N-deacetylase/N-sulfotransferase 4
Heparan sulfate 2-O-sulfotransferase pipe
Sulfotransferase 1C2A
Putative cytosolic sulfotransferase 2
Cytosolic sulfotransferase 8
Cytosolic sulfotransferase 3
Cytosolic sulfotransferase 14
Cytosolic sulfotransferase 11
Cytosolic sulfotransferase 13
Cytosolic sulfotransferase 7
Cytosolic sulfotransferase 4
Cytosolic sulfotransferase 6
Sulfotransferase 1C2
Sulfotransferase family cytosolic 1B member 1
Sulfotransferase 6B1
Bile salt sulfotransferase 1
Sulfotransferase family cytosolic 2B member 1
Cytosolic sulfotransferase 12
Cytosolic sulfotransferase 5
Cytosolic sulfotransferase 9
Amine sulfotransferase
Sulfotransferase 1 family member D1
Estrogen sulfotransferase, testis isoform
Sulfotransferase 1A1
PAPS-dependent sulfotransferase Stf3
Uronyl 2-sulfotransferase
WSC domain-containing protein 1
WSCD family member AGAP003962
WSC domain-containing protein 2
WSCD family member AAEL009094
