Autophagy-related protein 13
Secretion apparatus protein BsaZ
Outer membrane lipoprotein BfpB
CAG pathogenicity island protein 12
Binder of USO1 and GRH1 protein 1
Cerebellin-1
ComG operon protein 2
ComG operon protein 2 homolog
Probable type IV piliation system protein DR_0774
Type II secretion system protein K
Endoplasmic reticulum resident protein 29
Flagellar biosynthesis protein FlhA
Flagellar biosynthetic protein FlhB
Flagellar biosynthetic protein FliP
Flagellar biosynthetic protein FliQ
N-acetylglucosamine-1-phosphotransferase subunits alpha/beta
GRASP65 homolog protein 1
Type II secretion system protein F
Putative type II secretion system protein K
Protein transport protein HofC homolog
Protein hrpC2
Hypersensitivity response secretion protein HrcR
Harpin secretion protein HrcR
Harpin secretion protein HrpW
Hypersensitivity response secretion protein HrpI
Hypersensitivity response secretion protein HrcU
Hypersensitivity response secretion protein HrcV
Harpin secretion protein HrpI
Protein hrpB3
Invasion protein InvA
Low calcium response locus protein D
Putative truncated flagellar export/assembly protein LfhA
Outer-membrane lipoprotein carrier protein
Putative flagellar export/assembly protein LfhA
Protein MxiA
Lipoprotein MxiJ
Non-classical export protein 1
Non-classical export protein 2
Nodulation protein NolT
Vesicle-fusing ATPase
Type 4 fimbrial assembly protein PilC
Lipoprotein PrgK
Pathogenicity-related ORF2
Protein SCD5
Probable protein-export membrane protein SecG
Protein-export membrane protein SecG
Probable protein-export membrane protein secG
Protein translocase subunit SecG
Surface presentation of antigens protein SpaQ
Surface presentation of antigens protein SpaS
Surface presentation of antigens protein SpaP
Secretion system apparatus lipoprotein SsaJ
Surface presentation of antigens protein SpaO
Secretion system apparatus protein SsaV
Secretion system apparatus protein SsaS
Secretion system apparatus protein SsaU
Metalloreductase STEAP3
Chaperone protein SycN
Small vasohibin-binding protein
Synaptotagmin-2
Translocation and assembly module TamA
Toxin coregulated pilus biosynthesis protein E
Translocation and assembly module TamB
Type IV pilus assembly protein TapC
Transport and Golgi organization protein 2
Transport and Golgi organization protein 6
Transport and Golgi organization protein 11
Putative assembly protein ORF430
Probable translocation protein y4yM
Probable translocation protein y4yL
Probable translocation protein y4yO
UPF0194 membrane protein in asrC 5'region
Probable translocation protein y4yR
Yop proteins translocation protein S
Yop proteins translocation lipoprotein J
Yop proteins translocation protein U
Yop proteins translocation protein I
Virulence protein YscR
Yop proteins translocation protein R
Protein YSY6
