Interaptin
Serine/threonine-protein kinase ATG1
Calmodulin
Hybrid signal transduction histidine kinase C
Spore germination protein A2
Spore germination protein B2
Spore germination protein KC
Spore germination protein A1
Na(+)/H(+)-K(+) antiporter GerN
Spore germination protein GerQA
Spore germination protein B1
Spore germination protein GerLA
Spore germination protein XB
Spore germination protein GerLC
Spore germination protein XC
Spore germination protein A3
Spore germination protein B3
Spore germination protein GerIA
Spore germination protein GerQC
Spore germination protein XA
Spore germination protein KA
Germination protease
Heat shock 70 kDa protein
Myosin-I heavy chain
Nonribosomal peptide synthetase 8
Serine/threonine-protein kinase PrkC
Ras-like protein
Cohesin subunit SCC3
Spore germination protein YndE
Putative spore germination protein YfkR
Spore germination protein YndF
Spore morphogenesis and germination protein YwcE
