Seven transmembrane domain-containing tyrosine-protein kinase 1
BRASSINOSTEROID INSENSITIVE 1-associated receptor kinase 1
Receptor-like protein kinase BRI1-like 3
Protein BRASSINOSTEROID INSENSITIVE 1
Discoidin domain-containing receptor 2
Discoidin domain-containing receptor B
Myoblast growth factor receptor egl-15
Ephrin type-B receptor 4
Ephrin type-A receptor 4a
Tyrosine-protein kinase transforming protein erbB
Epidermal growth factor receptor
Ephrin type-A receptor 2
Fibroblast growth factor receptor 1
Fibroblast growth factor receptor 2
Insulin receptor
Insulin-like growth factor 1 receptor
Mast/stem cell growth factor receptor-related protein Kit
Mast/stem cell growth factor receptor kita
Mast/stem cell growth factor receptor Kit
Receptor-like tyrosine-protein kinase kin-16
Muscle, skeletal receptor tyrosine protein kinase
Muscle, skeletal receptor tyrosine-protein kinase
High affinity nerve growth factor receptor
Tyrosine-protein kinase receptor old-1
BDNF/NT-3 growth factors receptor
Pollen receptor-like kinase 1
Leucine-rich repeat receptor-like tyrosine-protein kinase PXC3
Receptor-like protein kinase 5
Receptor-like protein kinase At5g59670
Receptor-like protein kinase At3g21340
Proto-oncogene tyrosine-protein kinase ROS
Tyrosine-protein kinase transforming protein RYK
Leucine-rich repeat receptor-like serine/threonine/tyrosine-protein kinase SOBIR1
ALK tyrosine kinase receptor homolog scd-2
Somatic embryogenesis receptor kinase 4
Somatic embryogenesis receptor kinase 1
Tyrosine-protein kinase receptor svh-2
Tyrosine-protein kinase receptor Tie-1
Tyrosine-protein kinase receptor torso
Tyrosine-protein kinase receptor TYRO3
Tyrosine-protein kinase receptor ver-3
Tyrosine-protein kinase receptor ver-4
C-type lectin receptor-like tyrosine-protein kinase At1g52310
Putative tyrosine-protein kinase F09A5.2
