AP-2 complex subunit mu
AP-3 complex subunit mu-1
AP-3 complex subunit mu-2
AP-3 complex subunit beta-1
GPI inositol-deacylase
Putative GPI inositol-deacylase C
GPI inositol-deacylase B
GPI inositol-deacylase A
Conserved oligomeric Golgi complex subunit 8
Conserved oligomeric Golgi complex subunit 5
ER-derived vesicles protein 41
Endosomal protein P24B
Golgi apparatus protein 1
Putative GTPase-activating protein AN11010
Class E vacuolar protein-sorting machinery protein HSE1
LAS seventeen-binding protein 5
Ras-related protein RabZ
Rab-like protein 3
Ras-related protein Rab-2B
Ras-related protein Rab-36
Rab-like protein 2B
Ras-related protein Rab-1C
Ras-related protein RabU
Rab-like protein 2A
Ras-related protein Rab-32D
Small COPII coat GTPase SAR1
Protein transport protein Sec61 subunit beta
Protein transport protein SEC31
Selenoprotein S
Selenoprotein S B
Protein transport protein sft2
Selenoprotein S A
SCOCO-like protein 1
Signal transducing adapter molecule 2
Synergin gamma
Endoplasmic reticulum vesicle protein 25
TOM1-like protein 2
Translocase of chloroplast 34
Protein TOC75, chloroplastic
Soluble NSF attachment protein homolog FPV033
Soluble NSF attachment protein homolog FPV011
Protein transport protein yos1
Protein yop-1
L-type lectin-like domain-containing protein C4F6.05c
Protein YOP1
