Cystic fibrosis transmembrane conductance regulator
Complexin-2
Exocyst complex component 4
Exocyst complex component 6
Exocyst complex component 6B
SNARE-interacting protein KEULE
Sec1 family domain-containing protein MIP3
Protein MSO1
Neurexin-1
Pleckstrin
Ras-related protein Rab-8A
Ras-related protein Rab-8B
Ras-related protein RabC
Ras-related protein RabT2
Ras-related protein RABE1d
Ras-related protein Rab-26
Ras-related protein Rab-37
Ras-related protein Rab-3A
Ras-related protein Rab-3B
Ras-related protein Rab-3C
Rab9 effector protein with kelch motifs
Ras-related protein RabS
Ras-related protein RABE1c
Ras-related protein Rab-12
Ras-related protein RabT1
Ras-related protein Rab-15
Ras-related protein Rab-27A
Ras-related protein Rab-27B
Ras-related protein RABE1a
Ras-related protein RABE1e
Sec1 family domain-containing protein 2
Ras-like GTP-binding protein RYL1
Sec1 family domain-containing protein 1 homolog
Probable exocyst complex component sec8
Protein transport protein sec1
Exocyst complex component SEC8
Protein transport Sec1a
Protein transport protein SEC1
Exocyst complex component SEC15B
Sec1 family domain-containing protein 1
Exocyst complex component sec10
Exocyst complex component sec15
Exocyst complex component SEC15A
Probable protein transport Sec1b
Probable protein transport Sec1a
Exocyst complex component sec8
Protein transport Sec1b
SEC1 family transport protein SLY1
Protein sly1 homolog
Protein sly1
Syntaxin-binding protein 1
Syntaxin-binding protein 2
Syntaxin-binding protein 3
Vacuolar protein sorting-associated protein 33A
Vacuolar protein sorting-associated protein 45
Vacuolar protein sorting-associated protein 33B
Vacuolar protein sorting-associated protein 45 homolog
Vacuolar protein sorting-associated protein 33
Vacuolar protein-sorting-associated protein 33 homolog
