3',5'-nucleoside bisphosphate phosphatase
Putative 5'(3')-deoxyribonucleotidase R824
Cytosolic purine 5'-nucleotidase
3-oxo-Delta(4,5)-steroid 5-beta-reductase
5'-nucleotidase
Clustered-asparagine-rich protein
Bengalin
Binding partner of ACD11 1
Zinc finger CCCH domain-containing protein 49
Zinc finger CCCH domain-containing protein 53
Zinc finger CCCH domain-containing protein 54
Zinc finger CCCH domain-containing protein 46
Putative zinc finger CCCH domain-containing protein 51
Zinc finger CCCH domain-containing protein 18
Zinc finger CCCH domain-containing protein 22
Zinc finger CCCH domain-containing protein 24
Zinc finger CCCH domain-containing protein 25
Zinc finger CCCH domain-containing protein 40
Zinc finger CCCH domain-containing protein 23
Zinc finger CCCH domain-containing protein 41
Zinc finger CCCH domain-containing protein 55
Polyadenylate-binding protein-interacting protein 13
CRISPR system Cmr subunit Cmr3
3',5'-cyclic-nucleotide phosphodiesterase
CRISPR system Cmr subunit Cmr2
3',5'-cyclic adenosine monophosphate phosphodiesterase CpdA
Cytoplasmic polyadenylation element-binding protein 2
Cytoplasmic polyadenylation element-binding protein 3
CSC1-like protein 1
Calcium permeable stress-gated cation channel 1
Cleavage stimulation factor subunit 2
CSC1-like protein 2
Cold sensitive U2 snRNA suppressor 2
dCTP pyrophosphatase 1
Alanine dehydrogenase
Dimethylglycine oxidase
DNA polymerase PolB subunit 1
DNA polymerase PolB subunit 2
DNA polymerase catalytic subunit
DNA polymerase 037L
3-alpha-hydroxysteroid dehydrogenase/carbonyl reductase
Dodecin
DNA polymerase
DNA polymerase 1
DNA polymerase 2
DNA polymerase beta
Probable DNA polymerase
DNA polymerase II
Putative DNA polymerase 060R
DNA ligase
DNA polymerase delta catalytic subunit
DNA polymerase 120R
DNA-damage-repair/toleration protein DRT100
Decapping nuclease DXO homolog, chloroplastic
Decapping and exoribonuclease protein 1
DNA polymerase 3
DNA polymerase alpha catalytic subunit
Probable dihydropyrimidine dehydrogenase
Protein terminal ear1 homolog
Decapping nuclease dom-3
ELAV-like protein 2
Protein elav
ELAV-like protein 3
ELAV-like protein 4
Embryonic polyadenylate-binding protein 2
Glycine-rich RNA-binding protein 2
UDP-N-acetylglucosamine 4-epimerase
Glycine-rich RNA-binding protein 1
Glycine-rich RNA-binding, abscisic acid-inducible protein
Glycine-rich RNA-binding protein
Glycine-rich RNA-binding protein 3
Glycine-rich RNA-binding protein 10
HIT-like protein HinT
Hypoxanthine phosphoribosyltransferase
Histidine triad nucleotide-binding protein 3
Hypoxanthine-guanine phosphoribosyltransferase
Protein HSH49
(-)-isopiperitenol/(-)-carveol dehydrogenase, mitochondrial
Inosine triphosphate pyrophosphatase
Inosine-5'-monophosphate dehydrogenase
Protein JSN1
Cytokinin riboside 5'-monophosphate phosphoribohydrolase
LINE-1 retrotransposable element ORF1 protein
RNA-binding protein mde7
NAD(P)-dependent benzaldehyde dehydrogenase
Maternal effect lethal protein 47
MKI67 FHA domain-interacting nucleolar phosphoprotein-like
Molybdopterin synthase sulfur carrier subunit
RNA-binding protein MIP6
MKI67 FHA domain-interacting nucleolar phosphoprotein
Methenyltetrahydrofolate synthase domain-containing protein
Molybdenum cofactor cytidylyltransferase
U2 small nuclear ribonucleoprotein B''
Meiotically up-regulated gene 24 protein
RNA-binding protein NAB6
Nuclear cap-binding protein subunit 2-like
Nicotinate dehydrogenase small FeS subunit
Nitrilase and fragile histidine triad fusion protein NitFhit
NAD(P)H-hydrate epimerase
Non-structural protein 2
Nucleolin
5'(3')-deoxyribonucleotidase, mitochondrial
Protein MEI2-like 6
Nuclear RNA export factor 1
Octopine dehydrogenase
Protein MEI2-like 7
Protein MEI2-like 5
Polyadenylate-binding protein 1
Protein MEI2-like 2
Protein MEI2-like 4
Polyadenylate-binding protein 5
Protein MEI2-like 3
Polyadenylate-binding protein 1-like 2
Polyadenylate-binding protein 2
Polyadenylate-binding protein 4-like
RNA-binding protein PIN4
Putative nicotinate phosphoribosyltransferase
Putative Pol polyprotein from transposon element Bs1
Pentatricopeptide repeat-containing protein At5g04810, chloroplastic
Pentatricopeptide repeat-containing protein At3g09650, chloroplastic
Pentatricopeptide repeat-containing protein At1g61870, mitochondrial
UDP-N-acetylglucosamine 4,6-dehydratase
mRNA-binding protein PUF2
Delta(1)-pyrroline-2-carboxylate/Delta(1)-piperideine-2-carboxylate reductase
RNA-binding Raly-like protein
R3H and coiled-coil domain-containing protein 1
Probable RNA-binding protein 18
RNA-binding protein 43
Probable RNA-binding protein 46
Putative RNA-binding protein RbpB
Coiled-coil domain-containing protein R3HCC1L
RNA-binding protein 7
RNA-binding motif, single-stranded-interacting protein 3
Putative RNA-binding protein RbpF
RAD52 motif-containing protein 1
RNA-binding protein 26
Putative RNA-binding protein RbpA
RNA-binding protein 12B
RNA-binding protein 48
RNA-directed RNA polymerase
Putative RNA exonuclease NEF-sp
Putative RNA-binding protein RbpD
Glucose-1-phosphate cytidylyltransferase
RNA-binding protein with multiple splicing 2
RNA-dependent RNA polymerase
Putative RNA-binding protein RbpE
Calcipressin-2
RNA-directed RNA polymerase VP2
Probable glucose-1-phosphate cytidylyltransferase
5'-3' exoribonuclease
RNA-binding protein 4F
RNA-binding protein with serine-rich domain 1-A
RNA-binding motif protein, X-linked-like-3
RNA-binding protein with serine-rich domain 1-B
RNA-binding protein with serine-rich domain 1
Protein RRP6-like 2
Protein RRP6-like 1
Ribosomal RNA-processing protein 7 homolog A
Protein RRP6-like 3
Small archaeal modifier protein 3
Histone-lysine N-methyltransferase, H3 lysine-4 specific
Serine/arginine-rich splicing factor 1
Serine/arginine-rich splicing factor 2
Single-stranded nucleic acid-binding protein
5'-nucleotidase SurE 1
5'-nucleotidase SurE 2
5'/3'-nucleotidase SurE
5'-nucleotidase SurE
5'-nucleotidase SurE1
5'-nucleotidase SurE2
Protein terminal ear1
Tudor domain-containing protein 10
THO complex subunit 4
THO complex subunit 4A
THO complex subunit 4B
THO complex subunit 4D
THO complex subunit 4C
THO complex subunit 4-A
THO complex subunit 4-B
Splicing factor U2AF-associated protein 2
Snake venom 5'-nucleotidase
Protein vip1
Single-stranded DNA-binding protein
Protein P19
Putative 5'-nucleotidase alr3139
Nudix hydrolase DR_0079
La-related protein CG11505
RRM-domain-containing protein ECU01_0840
RRM domain-containing protein ECU09_1470
Probable RNA-binding protein CG14230
Cyclic di-GMP phosphodiesterase YhjH
HIT-like protein HI_0961
Mitochondrial escape protein 2
Pumilio domain-containing protein P35G2.14
Putative RNA-binding protein R05D3.8
Putative RNA-binding protein EEED8.4
Pyrimidine 5'-nucleotidase YjjG
Pumilio domain-containing protein C56F2.08c
Putative RNA-binding protein EEED8.12
