Beta-lysine N6-acetyltransferase
N-terminal acetyltransferase complex ARD1 subunit homolog
Putative acetyltransferase OgpAT
Enhanced intracellular survival protein
Protein ElaA
Probable N-acetyltransferase HLS1-like
IAA acetyltransferase
N-alpha-acetyltransferase 40
N-acetyltransferase
N-acetyltransferase 9-like protein
UPF0256 protein ORF5
Acetyltransferase PseH
UDP-4-amino-4,6-dideoxy-N-acetyl-beta-L-altrosamine N-acetyltransferase
Spermidine/spermine N(1)-acetyltransferase-like protein 1
Spore coat polysaccharide biosynthesis protein SpsD
Acetyltransferase
Acetyltransferase YE1169
UPF0256 protein SCO2625
UPF0039 protein Mb2876c
Acetyltransferase YPN_1354
Acetyltransferase plu1384
Acetyltransferase YPA_2219
UPF0256 protein BCG_2432c
Acetyltransferase YPTB2753
UPF0039 protein sll0451
Acetyltransferase SG1711
Acetyltransferase YPDSF_2136
UPF0256 protein JTY_2426
UPF0039 protein Rv2851c
UPF0256 protein SCO4186
UPF0039 protein MT2917
UPF0256 protein SAV_4024
UPF0256 protein SGR_3976
UPF0256 protein SAV_5428
Putative succinyl-CoA transferase MT0822
Acetyltransferase ECA0875
Putative ribosomal N-acetyltransferase YdaF
N-acetyltransferase YodP
Acetyltransferase YpeA
SPBc2 prophage-derived uncharacterized N-acetyltransferase YokL
UPF0157 protein YqkA
