Arginase
Argininosuccinate lyase
Arginase 1, mitochondrial
Arginase-1
Probable argininosuccinate lyase
Arginase 2, mitochondrial
Arginase, non-hepatic 2
Argininosuccinate synthase
Arginase-2, mitochondrial
Arginase, hepatic
Arginase, non-hepatic 1
Arginase, non-hepatic 3
Carbamoyl-phosphate synthase small chain
Carbamoyl-phosphate synthase arginine-specific small chain
Carbamoyl-phosphate synthase arginine-specific small chain, mitochondrial
Carbamoyl-phosphate synthase arginine-specific large chain
Carbamoyl-phosphate synthase large chain
Carbamoyl-phosphate synthase small chain, chloroplastic
Carbamoyl-phosphate synthase large chain, chloroplastic
Carbamoyl-phosphate synthase , mitochondrial
N-acetylglutamate synthase, mitochondrial
Mitochondrial ornithine transporter 1
Ornithine carbamoyltransferase, mitochondrial
Mitochondrial ornithine transporter 2
Ornithine carbamoyltransferase chain I
Ornithine carbamoyltransferase, catabolic
Ornithine carbamoyltransferase, chloroplastic
Ornithine carbamoyltransferase chain F
CAD protein
Protein URA2
Protein PYR1-3
Protein ura1
