BRCA2 and CDKN1A-interacting protein
Cyclin-A2
G2/mitotic-specific cyclin-B3
Cyclin-G1
Cyclin-P3-1
Cyclin-U4-1
G1/S-specific cyclin-E2
Cyclin-dependent kinase D-2
Cyclin-P4-1
Cyclin-U3-1
Cyclin-Y-like protein 2
Cyclin-U2-1
Cyclin-Y-like protein 1-A
G1/S-specific cyclin CLN1
Cyclin-P2-1
Cyclin-U1-1
Cyclin-U4-2
Cyclin-Y-like protein 1
Cyclin-dependent kinase F-1
Cyclin-U4-3
Cyclin-Y-like protein 1-B
G1/S-specific cyclin CLN3
Cyclin-U2-2
Cyclin-dependent kinase 4 inhibitor B
Cyclin-dependent kinase 4 inhibitor C
S-phase entry cyclin-6
Cyclin-dependent kinase inhibitor 3
G1/S-specific cyclin CLN2
G2/mitotic-specific cyclin-1
G2/mitotic-specific cyclin cig1
CDK5RAP3-like protein
Protein CNPPD1
Cyclin-dependent kinases regulatory subunit 1
Cyclin-dependent kinases regulatory subunit 2
M-phase inducer phosphatase
PHO85 cyclin-10
PHO85 cyclin-8
Protein phosphatase 2C homolog 3
Protein phosphatase 2C homolog 2
PHO85 cyclin-like protein psl1
Regulator of cell cycle RGCC
Protein SIC1
