3-hydroxylaminophenol mutase
N(2)-fixation sustaining protein CowN
NAD(+)--dinitrogen-reductase ADP-D-ribosyltransferase
Ferredoxin-2
Ferredoxin, heterocyst
Ferredoxin-like protein
Protein FixU
Ferredoxin, vegetative
Protein FixU homolog
Nitrogen fixation protein FixZ
Glutamine synthetase cytosolic isozyme 1-2
Glutamine synthetase 1
Glutamine synthetase PR-1
Probable glutamine synthetase 2
Glutamine synthetase leaf isozyme, chloroplastic
Glutamine synthetase 3
Glutamine synthetase nodule isozyme
Glutamine synthetase 2
Glutamine synthetase N-1
Glutamine synthetase cytosolic isozyme
Glutamine synthetase PR-2
Glutamine synthetase cytosolic isozyme 2
Glutamine synthetase cytosolic isozyme 1-4
Glutamine synthetase cytosolic isozyme 1-3
Glutamine synthetase root isozyme A
Glutamine synthetase root isozyme B
Glutamine synthetase cytosolic isozyme 1
Glutamine synthetase 2 isozyme
FeMo cofactor biosynthesis protein NifB
Protein NifQ
Protein NifQ homolog
Cysteine desulfurase
Nitrogen fixation protein NifU 2
Homocitrate synthase
Nitrogenase-stabilizing/protective protein NifW
Protein NifX
Protein NifZ
Putative NifZ protein
Nitrogen fixation protein NifU
Homocitrate synthase, omega subunit
Nitrogenase-stabilizing/protective protein NifW 1
Protein NifT
Homocitrate synthase 2
Protein NifY
Probable NifZ protein
Homocitrate synthase 1
Nitrogen fixation protein NifU 1
Homocitrate synthase subunit alpha
Nitrogenase-stabilizing/protective protein NifW 2
UPF0437 protein asl1434
UPF0437 protein Ava_4254
UPF0460 protein y4vQ
UPF0437 protein AZC_3451
UPF0460 protein y4xD
UPF0437 protein y4xE
Putative nitrogen fixation protein YutI
UPF0460 protein in nifX-nifW intergenic region
UPF0460 protein in nifX 3'region
UPF0437 protein in nifX-nifW intergenic region
