Chitin biosynthesis protein CHS5
2',3'-cyclic-nucleotide 3'-phosphodiesterase
Cuticlin-like protein 19
Dymeclin
Golgin subfamily A member 6-like protein 2
Golgin subfamily A member 6-like protein 10
Putative golgin subfamily A member 2B
Golgin subfamily A member 6-like protein 4
Putative golgin subfamily A member 6-like protein 19
Golgin subfamily A member 6-like protein 9
Golgin subfamily A member 8H
Golgin subfamily A member 8J
Putative golgin subfamily A member 6-like protein 3
Golgin subfamily A member 6B
Golgin subfamily A member 8R
Golgin subfamily A member 8M
Golgin candidate 5
Golgin subfamily A member 6D
Golgin subfamily A member 8O
RAB6-interacting golgin
Golgin subfamily A member 6C
Putative golgin subfamily A member 8D
Putative golgin subfamily A member 8F/8G
Golgin subfamily A member 8K
Golgin subfamily A member 6A
Golgin subfamily A member 8C
Golgin subfamily A member 8N
Janus kinase and microtubule-interacting protein 3
Janus kinase and microtubule-interacting protein 2
Protein LDB19
Protein PRRC1-A
Protein PRRC1-B
Small G protein signaling modulator 1
TBC1 domain family member 14
WPP domain-associated protein
Dilute domain-containing protein YPR089W
