Adenosine receptor A1
AP2-associated protein kinase 1
Amphiphysin
AP-1 complex subunit sigma-1A
Clathrin coat assembly protein AP180
AP-3 complex subunit delta-1
Bursicon
Calretinin
Cholecystokinin
Cholecystokinin receptor type A
Clathrin heavy chain 1
Complexin-1
Aromatase
DnaJ homolog subfamily C member 5
DNA polymerase subunit gamma-1
Dihydropyrimidinase-related protein 2
Epsin-1
ERC protein 2
Gamma-aminobutyric acid receptor subunit beta-3
Glutamate receptor 4
Glutamate receptor ionotropic, kainate 2
Glutamate receptor ionotropic, kainate 5
Metabotropic glutamate receptor 7
Glutamate receptor ionotropic, kainate 3
Glutamate receptor 3
Glutamate receptor ionotropic, kainate 4
Metabotropic glutamate receptor 4
Glutamate receptor 2
Integrin-linked protein kinase
Intersectin-1
Neural cell adhesion molecule L1
MOB kinase activator-like 4
Oxytocin-neurophysin 1
Neuromedin-U
Neurotensin receptor type 1
Vesicle-fusing ATPase 1
Oligophrenin-1
Pituitary adenylate cyclase-activating polypeptide
Protein kinase C and casein kinase substrate in neurons protein 1
Serine/threonine-protein phosphatase 2A catalytic subunit alpha isoform
Profilin-2
Parvalbumin alpha
Ras-related protein Rab-5A
Septin-5
SH3-containing GRB2-like protein 3-interacting protein 1
Somatoliberin
Synaptogyrin-1
Synaptosomal-associated protein 29
Protein spartin
Synapsin-2
Beta-synuclein
Synapsin-1
TBC1 domain family member 24
Protein unc-13 homolog B
Protein unc-13 homolog A
Synaptic vesicular amine transporter
Vesicular acetylcholine transporter
