Alpha-1B-glycoprotein
Androgen-binding protein homolog
Cysteine proteinase ACP1
Cysteine proteinase ACP2
Alcohol dehydrogenase
Insulin-like growth factor-binding protein complex acid labile subunit
Beta-actin-like protein 2
Antimicrobial peptide 3
Antimicrobial peptide 1
Alpha-amylase 1
Allergen Api m 6
Pancreatic alpha-amylase
Alpha-amylase type A isozyme
Major pollen allergen Ole e 1
Antimicrobial peptide 2
Pollen allergen Beta v 1
Bacteriocin BAC-IB17
Bombyxin A-1
Bombyxin A-1 homolog
Bioactive peptide 1
Bioactive peptide 3
Probable beta-glucosidase G
Bioactive peptide 2
Bombyxin A-4
Bombyxin A-6
Bombyxin A-9
Bombyxin B-11
Bombyxin B-2
Bombyxin B-3
Bombyxin B-6
Bombyxin B-7
Bombyxin A-2
Bombyxin D-1
Bombyxin A-3 homolog
Complement C1q tumor necrosis factor-related protein 4
Bombyxin A-2 homolog
Bombyxin A-5
Bombyxin A-8
Bombyxin B-10
Bombyxin B-12
Bombyxin B-1 homolog
Bombyxin B-2 homolog
Bombyxin B-4
Bombyxin B-8
Bombyxin E-1
Bombyxin F-1
Peptide Cd-125
Bombyxin A-7
Bombyxin B-1
Bombyxin B-5
Bombyxin B-9
Bombyxin C-1
Bombyxin C-2
Bombyxin G-1
Putative protein C3P1
Bombyxin A-3
Circadian clock-controlled protein
Calcium-binding protein
Putative CC-type chemokine U83
Cilia- and flagella-associated protein 58
Pollen allergen Che a 1
Collagen alpha-1(XX) chain
Cysteine-rich with EGF-like domain protein 2
Cysteine proteinase 3
Neutrophil antibiotic peptide NP-5
Alpha-defensin-related sequence 10
Neutrophil antibiotic peptide NP-4
Defensin-A2
Corticostatin 1
Defensin 5
Defensin-A1
Defensin-A3
Alpha-defensin 10
Alpha-defensin 14
Alpha-defensin 17
Alpha-defensin 22
Alpha-defensin-related sequence 12
Antimicrobial peptide defensin 3
Alpha-defensin 9
Alpha-defensin 16
Alpha-defensin 23
Alpha-defensin 8
Alpha-defensin 2
Alpha-defensin 5
Alpha-defensin 7
Alpha-defensin-related sequence 1
Protein DOWNSTREAM OF FLC
Alpha-defensin 3
Alpha-defensin 6/12
Alpha-defensin 24
Alpha-defensin 25
Alpha-defensin 11
Alpha-defensin 15
Alpha-defensin 21
Alpha-defensin 26
Alpha-defensin-related sequence 7
Dermokine
Alpha-defensin 13
Alpha-defensin 20
Pyrethroid hydrolase Ces2e
Protein EXORDIUM-like 6
Serine protease inhibitor A6
Carboxylesterase 4A
Protein EXORDIUM-like 7
Protein EXORDIUM-like 5
Protein FAM184A
Major allergen I polypeptide chain 2
Alpha-2-HS-glycoprotein
Fibropellin-1
Fibrinogen-binding protein
Fibropellin-3
HSF-like protein
Fibroblast growth factor-binding protein 2
Complement factor H-related protein 3
Complement factor H-related protein 1
Growth/differentiation factor 9
Growth-blocking peptide
Embryonic growth/differentiation factor 1
Granulin-2
Granulins
Endoglucanase Cel12A
Granulin-1
Endoglucanase Cel5A
Granulin-3
Inhibitor of carbonic anhydrase
Interferon alpha-1/2
Interferon alpha-7
Interferon alpha-A
Interferon alpha-C
Interferon alpha-1
Interferon alpha-3
Interferon alpha-H
Interferon beta-3
Insulin-like growth factor II
Insulin growth factor-like family member
Interleukin-18
Interferon alpha-D
Interferon alpha-G
Insulin-like growth factor I, adult form
Interleukin-2
Interleukin-6
Interferon alpha-4
Interferon beta
Insulin-like growth factor I, juvenile form
Insulin growth factor-like family member 1
Interferon alpha-B
Interferon beta-1
Interferon alpha-2
Interferon type A3
Interferon alpha-5
Interferon alpha-F
Interferon omega-1
Interferon omega-2
Insulin growth factor-like family member 4
Interleukin-22b
Lantibiotic streptococcin A-FF22
Anther-specific protein LAT52
Putative lipocalin 1-like protein 1
Lantibiotic streptococcin A-M49
Lantibiotic lichenicidin VK21 A2
Major pollen allergen Lig v 1
Lantibiotic lichenicidin VK21 A1
Low molecular 30 kDa lipoprotein PBMHPC-19
Major pollen allergen Lol p 11
Lutropin subunit beta
Larval-specific very high density lipoprotein
Low molecular 30 kDa lipoprotein PBMHP-6
Low molecular 30 kDa lipoprotein PBMHPC-21
Liprin-beta-2
Low molecular 30 kDa lipoprotein PBMHP-12
Low molecular 30 kDa lipoprotein PBMHPC-23
Myelodysplastic syndrome 2 translocation-associated protein
Melanoma-derived growth regulatory protein
L-dopachrome-methyl ester tautomerase
Prostate-associated microseminoprotein
Immunogenic protein MPT63
Immunogenic protein MPB63
Mucin-like protein 2
Anhydrosialidase
Neuroblastoma suppressor of tumorigenicity 1
Norrin
Olee1-like protein
Ovalbumin
Pregnancy-associated glycoprotein 50F
Pregnancy-associated glycoprotein 55E
Pregnancy-associated glycoprotein 62A
Pregnancy-associated glycoprotein 1
Pregnancy-associated glycoprotein 6
Pollen-specific protein-like At4g18596
Pregnancy-associated glycoprotein 56B
Pregnancy-associated glycoprotein 71G
Pregnancy-associated glycoprotein 72
Paralytic peptide 1
D-aspartate oxidase 3
Pregnancy-associated glycoprotein 55h
Pregnancy-associated glycoprotein 67A
Paralytic peptide 2
Pregnancy-associated glycoprotein 63J
Pregnancy-associated glycoprotein 74
Prostate and testis expressed protein 2
Ovalbumin-related protein Y
Pregnancy-associated glycoprotein 50C
Pregnancy-associated glycoprotein 60H
Pregnancy-associated glycoprotein 71D
Pregnancy-associated glycoprotein 39C
Pregnancy-associated glycoprotein 50I
Pregnancy-associated glycoprotein 56D
Pregnancy-associated glycoprotein 61C
Pregnancy-associated glycoprotein 62
Pregnancy-associated glycoprotein 59g
Pregnancy-associated glycoprotein 61b
Pregnancy-associated glycoprotein 2
Pregnancy-associated glycoprotein 76
Paralytic peptide 3
Prophenin and tritrpticin precursor
Pregnancy-associated glycoprotein 55B
Pregnancy-associated glycoprotein 73B
Pregnancy-associated glycoprotein 4
cAMP/cGMP-dependent 3',5'-cAMP/cGMP phosphodiesterase 7
Pollen allergen Phl p 11
Prolactin-3D1
Prolactin-3B1
Salivary acidic proline-rich phosphoprotein 1/2
Persephin
Plasmatocyte-spreading peptide
Pollen-specific protein C13
RBBP8 N-terminal-like protein
Resistin
Protein SAAL1
Secretoglobin family 2B member 24
Secretoglobin family 2B member 20
Protein saal1
Salivary glue protein Sgs-7
Secretoglobin family 2B member 2
SH3 domain-binding glutamic acid-rich-like protein
Secretoglobin family 1D member 2
Serpin H1
Submaxillary gland androgen-regulated protein 3B
Spidroin-1
Probable non-inhibitory serpin-Z5
SCO-spondin
Putative non-inhibitory serpin-Z11
Spidroin-2
Putative serine proteinase inhibitor 2 homolog second part
Secreted seminal-vesicle Ly-6 protein 1
Seminal vesicle secretory protein 6
Putative non-inhibitory serpin-10
Probable non-inhibitory serpin-Z9
Seminal vesicle secretory protein 4
Stanniocalcin
Seminal vesicle secretory protein 5
Thyroxine-binding globulin
Tumor necrosis factor alpha-induced protein 2
Transthyretin-like protein 46
Transthyretin-like protein 15
Transthyretin-like protein 3
Transthyretin-like protein 5
Thymic stromal lymphopoietin
Transthyretin-like protein 2
Transthyretin-like protein 1
Transthyretin-like protein 16
Putative CC-type chemokine FPV060
Vitelline membrane protein 15a-3
von Willebrand factor A domain-containing protein 2
WD repeat-containing protein 60
Putative uncharacterized protein FLJ45831
Putative uncharacterized protein LOC439951
