Serine/threonine-protein kinase ATG1
Autophagy-related protein 13 homolog
CDGSH iron-sulfur domain-containing protein 2A
CDGSH iron-sulfur domain-containing protein 2B
DNA damage-regulated autophagy modulator protein 1
GTP-binding protein GTR2
Leucine carboxyl methyltransferase 1
Myotubularin-related protein 8
Phosphatidylinositol 5-phosphate 4-kinase type-2 gamma
Phosphatidylinositol 5-phosphate 4-kinase type-2 beta
Phosphatidylinositol 5-phosphate 4-kinase type-2 alpha
Ras-related GTP-binding protein A
Ras-related GTP-binding protein B
Ras-related GTP-binding protein D
Ras-related GTP-binding protein C
Protein SOGA3
Protein SOGA1
Transmembrane protein 150C
Transmembrane protein 150A
Transmembrane protein 150B
Serine/threonine-protein kinase ULK3
Ectopic P granules protein 3
