Glucose-1-phosphatase
Class B acid phosphatase
L-arabinose-binding periplasmic protein
Protein BugT
Biotin sulfoxide reductase
Cytochrome c biogenesis ATP-binding export protein CcmA
Cytochrome c biogenesis ATP-binding export protein CcmA 1
Cytochrome c biogenesis ATP-binding export protein CcmA 2
Thiol:disulfide interchange protein DsbE homolog
Thiol:disulfide interchange protein CycY
C4-dicarboxylate-binding protein DctB
C4-dicarboxylate-binding periplasmic protein DctP
Methylamine dehydrogenase light chain
Methanol dehydrogenase  subunit 1
Dimethyl sulfoxide reductase DmsA
Methanol dehydrogenase
D-galactose-binding periplasmic protein
Quinoprotein ethanol dehydrogenase
Protein FasC
Ferrienterobactin-binding periplasmic protein
Protein FasE
L-cystine-binding protein FliY
Glutamate/aspartate periplasmic-binding protein
Glutathione-binding protein GsiB
Probable acid stress chaperone HdeA
Acid stress chaperone HdeA
Thiol:disulfide interchange protein HelX
Alkaline proteinase inhibitor
Proteinase inhibitor
Outer-membrane lipoprotein carrier protein
Leu/Ile/Val-binding protein
Leucine-specific-binding protein
Maltose operon periplasmic protein
Molybdate-binding periplasmic protein
Cytochrome c-552
Cytochrome c-type protein NrfB
Glucans biosynthesis protein G
Major phosphate-irrepressible acid phosphatase
Non-specific acid phosphatase
Acid phosphatase
Sialic acid-binding periplasmic protein SiaP
Spheroplast protein Y
Protein UshA
UPF0065 protein BP0148
Putative binding protein HI_1525
D-xylose-binding periplasmic protein
UPF0065 protein BB4329
UPF0098 protein YbcL
UPF0065 protein in clcB-clcD intergenic region
UPF0065 protein YflP
Putative alkyl/aryl-sulfatase YjcS
UPF0065 protein in tcbD-tcbE intergenic region
UPF0065 protein in gbd 5'region
UPF0065 protein in the TAR-I ttuE-ttuC' intergenic region
2,3-diketo-L-gulonate-binding periplasmic protein YiaO
