Outer capsid protein lambda-2
Outer capsid protein mu-1
Minor outer capsid protein P2
Outer capsid protein P8
Minor outer capsid protein P9
Outer capsid protein P3
Outer capsid protein sigma-3
Outer capsid protein VP1
Structural protein VP1
Outer capsid protein VP5
Putative structural protein VP5
Core protein VP7
Microtubule-associated protein VP7
Outer capsid protein VP7
Outer capsid glycoprotein VP7
Outer capsid protein VP4
Core protein VP4
Microtubule-associated protein VP5
Putative minor structural protein VP5
Putative structural protein VP1
Putative outer capsid protein VP5
