Ethylene-responsive transcription factor ABI4
AT-hook motif nuclear-localized protein 18
AT-hook motif nuclear-localized protein 16
AT-hook motif nuclear-localized protein 29
Probable histone-arginine methyltransferase 1.3
AT-hook motif nuclear-localized protein 27
Protein arginine N-methyltransferase PRMT10
Agamous-like MADS-box protein AGL12
AT-hook motif nuclear-localized protein 22
Agamous-like MADS-box protein AGL6
Protein arginine N-methyltransferase 5
Probable histone-arginine methyltransferase 1.4
Homeobox protein ATH1
Histone-lysine N-methyltransferase ASHH1
Histone-lysine N-methyltransferase ATXR3
Histone-lysine N-methyltransferase ATXR7
BAG family molecular chaperone regulator 6
BAG family molecular chaperone regulator 4
Protein BROTHER of FT and TFL 1
BEL1-like homeodomain protein 8
Protein CENTRORADIALIS-like
Protein CDC73 homolog
Histone-lysine N-methyltransferase CLF
Protein CLP1 homolog
Putative receptor protein kinase CRINKLY4
Chaperone protein dnaJ 13
Probable zinc metalloprotease EGY2, chloroplastic
EID1-like F-box protein 3
Protein EMSY-LIKE 2
Protein EMSY-LIKE 1
Flap endonuclease 1
Flowering time control protein FPA
Flowering-promoting factor 1
Inactive FRIGIDA-like protein 2
Probable transmembrane GTPase FZO-like, chloroplastic
Receptor for activated C kinase 1A
Gamma carbonic anhydrase-like 2, mitochondrial
GPCR-type G protein 1
Histone deacetylase 6
E3 ubiquitin-protein ligase HOS1
Laccase-8
Homeobox protein LUMINIDEPENDENS
MLP-like protein 328
Glycine-rich RNA-binding protein 7
Protein RBL
Replication protein A 70 kDa DNA-binding subunit A
DNA repair and recombination protein RAD54
Lysine-specific demethylase REF6
Homeobox-DDT domain protein RLT2
Probable ribose-5-phosphate isomerase 2
SNW/SKI-interacting protein
Squamosa promoter-binding-like protein 15
Squamosa promoter-binding-like protein 3
FACT complex subunit SPT16
FACT complex subunit SSRP1
Protein TRAUCO
Serine/threonine-protein kinase TOR
Ubiquitin-conjugating enzyme E2 2
Ubiquitin-conjugating enzyme E2 1
Ubiquitin carboxyl-terminal hydrolase 26
Ubiquitin-like-specific protease 1D
Ubiquitin-like-specific protease 1C
COMPASS-like H3K4 histone methylase component WDR5A
Serine/threonine-protein kinase WNK8
Protein XAP5 CIRCADIAN TIMEKEEPER
Exportin-T
