Argininosuccinate lyase
Argininosuccinate lyase, chloroplastic
Aspartate ammonia-lyase
Carbonyl reductase  2
Cyclohex-1-ene-1-carbonyl-CoA dehydrogenase
Cyclohexane-1-carbonyl-CoA dehydrogenase
Cleavage and polyadenylation specificity factor subunit 5
Cleavage and polyadenylation specificity factor subunit 7
Copper homeostasis protein cutC homolog
Deoxyribose-phosphate aldolase
Discoidin-1 subunit D
Hydroxymethylglutaryl-CoA lyase, mitochondrial
Linalool dehydratase/isomerase
S-adenosylmethionine synthase isoform type-1
Mitochondrial inner membrane protein OXA1L
Inorganic pyrophosphatase 3
Inorganic pyrophosphatase 2
Adenylosuccinate lyase
Protein-export protein SecB
Transient receptor potential cation channel subfamily V member 5
Transient receptor potential cation channel subfamily M member 1
UDP-glucuronic acid decarboxylase 1
UDP-N-acetyl-2-amino-2-deoxy-D-glucuronate oxidase
