Homeobox protein abdominal-A
Ankyrin repeat domain-containing protein 1
Protein BEX2
Protein BEX1
Cyclin-dependent kinase 2
Cyclin-dependent kinase 4
Protein CREG1
DAZ-associated protein 2
Transcription elongation factor B polypeptide 2
Proto-oncogene c-Fos
Homeobox protein goosecoid
HCLS1-associated protein X-1
Hematopoietic lineage cell-specific protein
Homeobox protein homothorax
Iroquois-class homeodomain protein IRX-4
LIM domain-binding protein 2
Males-absent on the first protein
N-alpha-acetyltransferase 16, NatA auxiliary subunit
POU domain, class 5, transcription factor 1.2
Protein pop-1
POU domain, class 3, transcription factor 1
DNA-dependent protein kinase catalytic subunit
tRNA pseudouridine synthase A, mitochondrial
WAS protein family homolog 1
