Altered inheritance of mitochondria protein 23, mitochondrial
Cap-associated protein CAF20
Clustered mitochondria protein 1
ATP-dependent RNA helicase DBP1
ATP-dependent RNA helicase ded1
ATP-dependent RNA helicase DED1
Translation machinery-associated protein 22
Density-regulated protein homolog
Density-regulated protein
ATP-dependent RNA helicase Dhx29
ATP-dependent RNA helicase DHX29
Probable translation initiation factor eIF-2B subunit beta
Translation initiation factor eIF-2B subunit delta
Translation initiation factor eIF-2B subunit gamma
Eukaryotic translation initiation factor 3 subunit D-1
Eukaryotic translation initiation factor 3 subunit D-2
Eukaryotic translation initiation factor 3 subunit F-2
Eukaryotic translation initiation factor 3 subunit G-2
Probable RNA-binding protein EIF1AD
Eukaryotic translation initiation factor 1b
Eukaryotic translation initiation factor 2D
Eukaryotic translation initiation factor 3 subunit A
Eukaryotic translation initiation factor 3 subunit B
Eukaryotic translation initiation factor 3 subunit C
Eukaryotic translation initiation factor 3 subunit D
Eukaryotic translation initiation factor 3 subunit E
Eukaryotic translation initiation factor 3 subunit F
Eukaryotic translation initiation factor 3 subunit G
Eukaryotic translation initiation factor 3 subunit H
Eukaryotic translation initiation factor 3 subunit I
Eukaryotic translation initiation factor 3 subunit J
Eukaryotic translation initiation factor 3 subunit K
Eukaryotic translation initiation factor 3 subunit L
Eukaryotic translation initiation factor 3 subunit M
COP9/Signalosome and eIF3 complex-shared subunit 1
Probable translation initiation factor eIF-2B subunit gamma
Eukaryotic translation initiation factor 2A
Translation initiation factor eIF-2B subunit alpha
Putative translation initiation factor eIF-2B subunit 2-like
Eukaryotic translation initiation factor 3 subunit E-1
Eukaryotic translation initiation factor 3 subunit F-1
Probable translation initiation factor eIF-2B subunit delta
Eukaryotic translation initiation factor 3 subunit J-A
Translation initiation factor eIF-2B subunit beta
Translation initiation factor eIF-2B subunit epsilon
Eukaryotic translation initiation factor 3 subunit J-B
Probable translation initiation factor eIF-2B subunit alpha
Eukaryotic translation initiation factor 1
Probable eukaryotic translation initiation factor 3 subunit J
Probable translation initiation factor eIF-2B subunit epsilon
Eukaryotic translation initiation factor 3 subunit E-2
Eukaryotic translation initiation factor 4E type 1B
Translation initiation factor IF-1 1
Translation initiation factor IF-1 2
Eukaryotic translation initiation factor 1A, Y-chromosomal
Translation initiation factor 1A
Eukaryotic translation initiation factor 1A
Translation initiation factor IF-1, chloroplastic
Translation initiation factor 2 subunit alpha
Translation initiation factor 2 subunit beta
Translation initiation factor 1A 1
Translation initiation factor 1A 2
Eukaryotic translation initiation factor 1A, X-chromosomal
Translation initiation factor IF-1, plastid
Eukaryotic translation initiation factor 2 subunit 1
Eukaryotic translation initiation factor 2 subunit alpha
Translation initiation factor IF-2, chloroplastic
Translation initiation factor 2 subunit gamma
Translation initiation factor IF-2, mitochondrial
Probable translation initiation factor IF-2
Translation initiation factor IF-2
Translation initiation factor IF-3
Eukaryotic initiation factor 4A-I
Eukaryotic initiation factor 4A-3
Eukaryotic initiation factor 4A-6
ATP-dependent RNA helicase eIF4A
Eukaryotic initiation factor 4A
Eukaryotic translation initiation factor 4B3
Eukaryotic translation initiation factor 4E-1
Eukaryotic translation initiation factor isoform 4E-2
Eukaryotic translation initiation factor 4E type 3
Eukaryotic translation initiation factor NCBP
Eukaryotic translation initiation factor 4E homolog
Eukaryotic translation initiation factor isoform 4G-1
Eukaryotic translation initiation factor 4 gamma
Eukaryotic translation initiation factor 4G
Eukaryotic translation initiation factor 5
Eukaryotic translation initiation factor 6-1
Probable eukaryotic translation initiation factor 5-1
Eukaryotic translation initiation factor 6
Translation initiation factor 6
Eukaryotic translation initiation factor 4E type 3-A
Eukaryotic translation initiation factor 2 subunit 2
Eukaryotic translation initiation factor 2 subunit beta
Eukaryotic translation initiation factor 2 subunit 3
Eukaryotic translation initiation factor 5B
Translation initiation factor IF-3, chloroplastic
Translation initiation factor IF-3, mitochondrial
Eukaryotic initiation factor 4A-7
Probable eukaryotic initiation factor 4A
Eukaryotic translation initiation factor 4B1
Eukaryotic translation initiation factor 4E-3
Eukaryotic translation initiation factor 4E-4
Eukaryotic translation initiation factor 4E-5
Eukaryotic translation initiation factor isoform 4G-2
Eukaryotic translation initiation factor 4 gamma 2
Eukaryotic translation initiation factor 6-2
Translation initiation factor 1A 3
Putative eukaryotic translation initiation factor 2 subunit 3-like protein
Eukaryotic translation initiation factor 2 subunit gamma
Translation initiation factor IF-3-like
Eukaryotic translation initiation factor isoform 4E
Eukaryotic translation initiation factor 4E
Eukaryotic translation initiation factor 4 gamma 1
Probable eukaryotic translation initiation factor 4 gamma homolog
Eukaryotic translation initiation factor 4E type 3-B
Translation initiation factor IF-1 3
Eukaryotic initiation factor 4A-14
Eukaryotic initiation factor 4A-9
Eukaryotic translation initiation factor 4B2
Eukaryotic translation initiation factor 4E-2
Eukaryotic translation initiation factor 4H
Eukaryotic initiation factor 4A-2
Probable eukaryotic translation initiation factor 5
Putative translation initiation factor IF-1, chloroplastic
Eukaryotic initiation factor 4A-13
Eukaryotic initiation factor 4A-II
Eukaryotic initiation factor 4A-8
Eukaryotic translation initiation factor 4E-1B
Probable eukaryotic translation initiation factor 2 subunit beta
Eukaryotic translation initiation factor 2 subunit 3, Y-linked
Eukaryotic initiation factor 4A-10
Eukaryotic translation initiation factor 4 gamma 3
Probable eukaryotic translation initiation factor 5-2
Probable translation initiation factor, mitochondrial
Eukaryotic initiation factor 4A-11
Eukaryotic initiation factor 4A-15
Malignant T-cell-amplified sequence 1
Protein PET122, mitochondrial
Probable 39S ribosomal protein L49, mitochondrial
Probable RNA-binding protein sce3
Protein translation factor SUI1 homolog
Protein translation factor SUI1 homolog 2
Protein translation factor sui1
Protein translation factor SUI1 homolog 1
Transcription initiation factor IIA subunit 2
Transcription initiation factor TFIID subunit 12b
Translation machinery-associated protein 64
S1-like domain-containing protein C146.08c
