AT-hook motif nuclear-localized protein 4
Pseudo histidine-containing phosphotransfer protein 6
AT-hook motif nuclear-localized protein 3
Myb family transcription factor APL
Homeobox-leucine zipper protein ATHB-8
Protein Brevis radix-like 1
BEL1-like homeodomain protein 9
CLAVATA3/ESR
Eukaryotic translation initiation factor 5A-1
Homeobox protein knotted-1-like 7
Homeobox protein knotted-1-like 3
Homeobox protein knotted-1-like 1
LOB domain-containing protein 30
LOB domain-containing protein 18
Receptor-like serine/threonine-protein kinase NCRK
NAC domain-containing protein 83
Peroxidase 52
Ras-related protein RABG3b
Homeobox-leucine zipper protein REVOLUTA
Stearoyl- desaturase 1)
Leucine-rich repeat receptor-like protein kinase TDR
