3-oxo-5-beta-steroid 4-dehydrogenase
ATP synthase subunit O, mitochondrial
Serine/threonine-protein kinase BRI1-like 1
Systemin receptor SR160
Brassinosteroid LRR receptor kinase
Corticosteroid-binding protein
Steroid 21-hydroxylase
Cytochrome P450 regulator dap1
Corticosteroid 11-beta-dehydrogenase isozyme 2
Corticosteroid 11-beta-dehydrogenase isozyme 1
Beta-elicitin cinnamomin
Glutathione S-transferase Mu 1
Insulin-like growth factor I
Membrane-associated progesterone-binding protein 4
Membrane progestin receptor alpha
Membrane progestin receptor gamma
Membrane steroid-binding protein 2
Membrane steroid-binding protein 1
Membrane progestin receptor gamma-A
Membrane progestin receptor gamma-B
Protein disulfide-isomerase A2
Membrane-associated progesterone receptor component 1
Membrane-associated progesterone receptor component 2
Prostatic steroid-binding protein C2
Prostatic steroid-binding protein C1
Solute carrier family 22 member 2
Probable steroid-binding protein 3
Secretoglobin family 2A member 2
Sex hormone-binding globulin
Secretoglobin family 2A member 1
Estrogen sulfotransferase, isoform 2
Estrogen sulfotransferase, isoform 3
Estrogen sulfotransferase Ste2
Uteroglobin
