Probable fructose-bisphosphate aldolase 2, chloroplastic
Ubiquinol oxidase 4, chloroplastic/chromoplastic
Sodium-dependent phosphate transport protein 1, chloroplastic
Annexin D2
L-ascorbate peroxidase T, chloroplastic
ATP synthase subunit delta, chloroplastic
ATP synthase gamma chain 1, chloroplastic
2-Cys peroxiredoxin BAS1, chloroplastic
Chlorophyll a-b binding protein 6, chloroplastic
Chlorophyll a-b binding protein 4, chloroplastic
Chlorophyll a-b binding protein 2, chloroplastic
Chlorophyll a-b binding protein 3, chloroplastic
Chlorophyll a-b binding protein CP26, chloroplastic
Chlorophyll a-b binding protein CP29.3, chloroplastic
Chlorophyll a-b binding protein CP29.2, chloroplastic
Chlorophyll a-b binding protein CP29.1, chloroplastic
Chlorophyll a-b binding protein 1, chloroplastic
Calcium sensing receptor, chloroplastic
20 kDa chaperonin, chloroplastic
ATP-dependent Clp protease proteolytic subunit 5, chloroplastic
ATP-dependent Clp protease ATP-binding subunit CLPT1, chloroplastic
Thioredoxin-like protein CITRX, chloroplastic
ATP-dependent Clp protease proteolytic subunit 4, chloroplastic
RNA-binding protein CP29B, chloroplastic
31 kDa ribonucleoprotein, chloroplastic
Chloroplast stem-loop binding protein of 41 kDa a, chloroplastic
RNA-binding protein CP33, chloroplastic
Chaperonin 60 subunit alpha 1, chloroplastic
Allene oxide synthase, chloroplastic
Cytochrome c oxidase subunit 6b-1
Protein CURVATURE THYLAKOID 1A, chloroplastic
Protein CURVATURE THYLAKOID 1B, chloroplastic
Clathrin interactor EPSIN 1
Enoyl-, chloroplastic
Formate dehydrogenase, chloroplastic/mitochondrial
Peptidyl-prolyl cis-trans isomerase FKBP16-4, chloroplastic
Ferritin-1, chloroplastic
Ferredoxin--NADP reductase, leaf isozyme 2, chloroplastic
Glycine cleavage system H protein 1, mitochondrial
Glutamine synthetase, chloroplastic/mitochondrial
Heat shock 70 kDa protein 7, chloroplastic
Soluble inorganic pyrophosphatase 1, chloroplastic
Soluble inorganic pyrophosphatase 6, chloroplastic
3-isopropylmalate dehydrogenase 1, chloroplastic
Nucleoside diphosphate kinase II, chloroplastic
Probable 9-cis-epoxycarotenoid dioxygenase NCED5, chloroplastic
Probable protein phosphatase 2C 5
Photosystem II repair protein PSB27-H1, chloroplastic
Protein phosphatase 2C 57
Probable plastid-lipid-associated protein 3, chloroplastic
Probable plastid-lipid-associated protein 13, chloroplastic
Phosphoglycerate kinase 2, chloroplastic
Phosphoglycerate kinase 1, chloroplastic
PGR5-like protein 1A, chloroplastic
Photosystem I reaction center subunit psaK, chloroplastic
Photosystem I reaction center subunit IV A, chloroplastic
Photosystem I reaction center subunit XI, chloroplastic
PsbP domain-containing protein 2, chloroplastic
Photosystem I reaction center subunit II-2, chloroplastic
Photosystem I reaction center subunit IV B, chloroplastic
Photosystem I reaction center subunit VI-2, chloroplastic
Photosystem I reaction center subunit V, chloroplastic
Photosystem I reaction center subunit II-1, chloroplastic
Photosystem I subunit O
Peroxiredoxin-2E, chloroplastic
Photosystem I reaction center subunit III, chloroplastic
50S ribosomal protein 5, chloroplastic
Photosystem II 10 kDa polypeptide, chloroplastic
Ribulose bisphosphate carboxylase small chain 2B, chloroplastic
Ribulose bisphosphate carboxylase small chain 1B, chloroplastic
Ribulose bisphosphate carboxylase/oxygenase activase, chloroplastic
Probable ribose-5-phosphate isomerase 3, chloroplastic
30S ribosomal protein 3-1, chloroplastic
30S ribosomal protein S1, chloroplastic
Ribosome-recycling factor, chloroplastic
Sedoheptulose-1,7-bisphosphatase, chloroplastic
Superoxide dismutase  3, chloroplastic
Superoxide dismutase  1, chloroplastic
Superoxide dismutase  2, chloroplastic
Serine/threonine-protein kinase STN8, chloroplastic
Rhodanese-like domain-containing protein 15, chloroplastic
Sec-independent protein translocase protein TATB, chloroplastic
Protein TIC 20-v, chloroplastic
Thylakoid lumenal protein TL20.3, chloroplastic
Thioredoxin M4, chloroplastic
Thioredoxin M1, chloroplastic
Thioredoxin M2, chloroplastic
Unknown protein from spot 103 of 2D-PAGE of thylakoid
Probable long-chain-alcohol O-fatty-acyltransferase 6
Ycf3-interacting protein 1, chloroplastic
Photosystem I assembly protein Ycf3
