3 beta-hydroxysteroid dehydrogenase/Delta 5-->4-isomerase type 1
3 beta-hydroxysteroid dehydrogenase/Delta 5-->4-isomerase type 2
3-oxosteroid 1-dehydrogenase
Aldo-keto reductase family 1 member B10
Aldo-keto reductase family 1 member C4
Aldo-keto reductase family 1 member C21
Aldo-keto reductase family 1 member C23-like protein
Aldo-keto reductase AKR2E4
Aldo-keto reductase family 1 member B15
Aldo-keto reductase family 1 member C23
Cytochrome P450 11B3, mitochondrial
Cytochrome P450 11B1, mitochondrial
Steroid 17-alpha-hydroxylase/17,20 lyase
Cytochrome P450 1A2
Cytochrome P450 2D6
Corticosteroid 11-beta-dehydrogenase isozyme 1
Corticosteroid 11-beta-dehydrogenase isozyme 2
Estradiol 17-beta-dehydrogenase 11
Dehydrogenase/reductase SDR family member 4
Diminuto-like protein
Estradiol 17 beta-dehydrogenase 5
3-alpha-hydroxysteroid dehydrogenase
Lanosterol synthase
3-alpha-(or 20-beta)-hydroxysteroid dehydrogenase
Methylsterol monooxygenase 1
Polyprenol reductase
3-oxo-5-alpha-steroid 4-dehydrogenase 1
3-oxo-5-alpha-steroid 4-dehydrogenase 2
Steroid Delta-isomerase
Sulfotransferase 1A1
Sulfotransferase 1A4
Alcohol sulfotransferase A
Bile salt sulfotransferase 2
3-beta-hydroxysteroid sulfotransferase
StAR-related lipid transfer protein 3
StAR-related lipid transfer protein 5
Probable alcohol sulfotransferase
Phenol sulfotransferase
3-alpha-hydroxysteroid sulfotransferase
Translocator protein
UDP-glucuronosyltransferase 2B17
WW domain-containing oxidoreductase
