uncharacterized protein 037R
Alpha/beta hydrolase domain-containing protein 17A
Alpha/beta hydrolase domain-containing protein 17B
Abhydrolase domain-containing protein 8
Alpha/beta hydrolase domain-containing protein 11
Abhydrolase domain-containing protein 16B
Fructan 1-exohydrolase w1
Abhydrolase domain-containing protein 12B
Alpha/beta hydrolase domain-containing protein 17C
p-aminobenzoyl-glutamate hydrolase subunit A homolog
Acylamino-acid-releasing enzyme
Acylphosphatase-2
Putative amidase ARB_02965
Putative ADP-ribosyl glycohydrolase L444
Acetone carboxylase beta subunit
Arylacetamide deacetylase-like 3
L-alanyl-D-glutamate peptidase
D-galactosamine-6-phosphate deaminase AgaS
Protein AIM2
Putative ADP-ribosyl glycohydrolase L543
Acylphosphatase
N-acyl homoserine lactonase
Agropine synthesis cyclase
Amidohydrolase AmhX
Bis(5'-nucleosyl)-tetraphosphatase
Probable apyrase 3
Bifunctional 3-dehydroquinate synthase/phosphatase
L-asparaginase-like protein GM15681
L-asparaginase-like protein GD25160
L-asparaginase-like protein GG20738
L-asparaginase-like protein GL17509
L-asparaginase-like protein GA18140
L-asparaginase-like protein CG4372
L-asparaginase-like protein GE13669
L-asparaginase-like protein GF11609
Acetyl-hydrolase
Beta-lactamase hydrolase-like protein
Probable carbohydrate esterase At4g34215
Carboxylesterase B
Probable carboxylesterase Os04g0669500
Protein CbbY, plasmid
Probable carboxylesterase Os04g0669600
Canavanine hydrolase
Cobalt-precorrin-5A hydrolase
Probable inactive carboxylesterase Os04g0669700
Protein CbbY, chromosomal
Cell division cycle protein 48 homolog
Probable cobalt-precorrin-5A hydrolase
Protein CbbY
Protein CdcH
CheY-P phosphatase CheC
CheY-P phosphatase CheX
Putative CheY-P phosphatase CheC1
Carboxymethylenebutenolidase homolog
Cyclic phosphodiesterase
Putative esterase ComA2
Peptidoglycan DL-endopeptidase CwlO
Probable carboxylesterase 120
Probable esterase D14L
Deoxyguanosinetriphosphate triphosphohydrolase-like protein
Putative inactive deoxyuridine 5'-triphosphate nucleotidohydrolase-like protein FLJ16323
Endo-1,3;1,4-beta-D-glucanase
Gamma-glutamyl-hercynylcysteine sulfoxide hydrolase
Proofreading thioesterase EntH
Esterase EstB
Fatty acid amide hydrolase 1
Fructoselysine 6-phosphate deglycase
Fructosamine deglycase FrlB
Probable glucosamine-6-phosphate deaminase 2
Putative GDSL-motif lipase/hydrolase-like protein
Putative glutamate--cysteine ligase 2-3
Glucosamine-6-phosphate isomerase 2
Bifunctional uridylyltransferase/uridylyl-removing enzyme
Glucosamine-6-phosphate isomerase 1
GPN-loop GTPase 2
GPN-loop GTPase 3
Probable glucosamine-6-phosphate isomerase
Glucosyl-3-phosphoglycerate phosphatase
GPN-loop GTPase 2 homolog
GPN-loop GTPase PAB0955
Histone deacetylase-like amidohydrolase
Haloacid dehalogenase-like hydrolase domain-containing protein 3
Indoleacetamide hydrolase
Hydantoin utilization protein A
Indole-3-acetyl-aspartic acid hydrolase
IAA-amino acid hydrolase ILR1-like 1
IAA-amino acid hydrolase ILR1-like 8
IAA-amino acid hydrolase ILR1-like 2
IAA-amino acid hydrolase ILR1-like 7
IAA-amino acid hydrolase ILR1-like 3
IAA-amino acid hydrolase ILR1-like 4
IAA-amino acid hydrolase ILR1-like 9
Gamma-glutamyl-L-1-hydroxyisopropylamide hydrolase
Jararafibrase-3
Putative acetyl-hydrolase LipR
Maltose 6'-phosphate phosphatase
Lysophospholipase-like protein 1
Putative methylesterase 11, chloroplastic
Microcin C7 self-immunity protein MccF
Putative methylesterase 19
Putative inactive methylesterase 20
Methylesterase 10
Miltpain
2-hydroxy-6-oxononadienedioate/2-hydroxy-6-oxononatrienedioate hydrolase
Metallophosphoesterase domain-containing protein 1
Myotubularin-related protein DDB_G0290005
Glucosamine-6-phosphate deaminase
Glucosamine-6-phosphate deaminase 1
Nef-associated protein 1
Glucosamine-6-phosphate isomerase
NADP phosphatase 2
Natterin-4
Natterin-2
Natterin-3
Natterin-1
Natterin-P
NADP phosphatase 1
30 kDa neutral phosphatase
CTP pyrophosphohydrolase
Phosphatase NudJ
Nucleotide pyrophosphatase/phosphodiesterase
Non-canonical purine NTP pyrophosphatase homolog
Protein NtpR
GTPase Obg
Tyrosine-protein phosphatase-like protein OCA2
Pectin acetylesterase 12
Pectin acetylesterase 10
Pectin acetylesterase 8
Pectin acetylesterase 2
Pectin acetylesterase 5
Phosphatase Ta0845
Pectin acetylesterase 4
Pectin acetylesterase 6
24.9 kDa protein in picA locus
Proline iminopeptidase
Gamma-DL-glutamyl hydrolase
Protein Atu3128
UDP-2,4-diacetamido-2,4,6-trideoxy-beta-L-altropyranose hydrolase
RNA-directed RNA polymerase VP1
Retrotransposon-like protein 1
Rhythmically expressed gene 2 protein
Resuscitation-promoting factor Rpf1
Resuscitation-promoting factor Rpf2
Resuscitation-promoting factor RpfB
Protein RocB
Resuscitation-promoting factor RpfC
Fatty acyl-CoA hydrolase precursor, medium chain
Protein SAV
Salicylate decarboxylase
Protein SEY1 homolog
Chromosome-partitioning ATPase Soj
Protein SIA1
Probable carboxylesterase SOBER1-like
Carboxylesterase SOBER1
Protein Soj homolog
Gene 12 protein
Putative helicase V13
Protein VdlD
VCP-like ATPase
Gene 66 protein
Gene 54 protein
UPF0173 metal-dependent hydrolase Dvul_0081
UPF0173 metal-dependent hydrolase Tlet_1100
Protein XpaC
Putative esterase STK_00610
UPF0173 metal-dependent hydrolase Pcal_1074
UPF0173 metal-dependent hydrolase Mlab_1154
UPF0173 protein PH0120
Maf-like/Nudix hydrolase fusion protein BL1276
UPF0173 metal-dependent hydrolase Kcr_0055
UPF0173 metal-dependent hydrolase AnaeK_1127
UPF0173 metal-dependent hydrolase AF_1265
UPF0173 metal-dependent hydrolase R01310
UPF0173 metal-dependent hydrolase Sca_1312
UPF0173 metal-dependent hydrolase Atu1317
UPF0173 metal-dependent hydrolase MCCL_1373
Putative esterase aq_1494
UPF0173 metal-dependent hydrolase lmo1577
UPF0173 metal-dependent hydrolase MW1650
UPF0173 metal-dependent hydrolase Igni_1254
UPF0173 metal-dependent hydrolase TTHA1283
UPF0173 metal-dependent hydrolase DSY1309
Putative esterase TV1331
UPF0173 metal-dependent hydrolase Meso_1362
UPF0173 metal-dependent hydrolase Memar_1421
UPF0173 metal-dependent hydrolase lwe1590
Putative esterase PA1618
UPF0173 metal-dependent hydrolase PH1671
UPF0173 metal-dependent hydrolase Mhun_1705
Putative metallophosphoesterase MTH_1774
UPF0173 metal-dependent hydrolase Exig_1934
UPF0173 metal-dependent hydrolase SRU_1937
UPF0173 metal-dependent hydrolase APE_1117
UPF0173 metal-dependent hydrolase PTO1118
Cell division cycle protein 48 homolog MJ1156
Cell division cycle protein 48 homolog AF_1297
Putative esterase VNG_1336C
UPF0173 metal-dependent hydrolase Saci_1512
UPF0173 metal-dependent hydrolase MK1542
UPF0173 metal-dependent hydrolase Tpet_1587
UPF0173 metal-dependent hydrolase Lm4b_01588
UPF0173 metal-dependent hydrolase Glov_0171
UPF0173 metal-dependent hydrolase RD1_1994
UPF0173 metal-dependent hydrolase RL2074
UPF0173 metal-dependent hydrolase Rsph17025_2229
Putative esterase DR_2406
Putative GTPase PYRAB02490
UPF0173 metal-dependent hydrolase OE_2513F
UPF0173 protein PF0020
Putative esterase HI_1161
UPF0173 metal-dependent hydrolase TM_1162
UPF0173 metal-dependent hydrolase A2cp1_1196
UPF0173 metal-dependent hydrolase Minf_0129
UPF0173 metal-dependent hydrolase MXAN_1394
UPF0173 metal-dependent hydrolase CTN_1413
UPF0173 metal-dependent hydrolase STK_14180
UPF0173 metal-dependent hydrolase TK0141
UPF0173 metal-dependent hydrolase lin1612
UPF0173 metal-dependent hydrolase SAUSA300_1653
UPF0173 metal-dependent hydrolase RHECIAT_CH0001941
UPF0173 metal-dependent hydrolase MM_2300
UPF0173 metal-dependent hydrolase Nther_2337
UPF0173 metal-dependent hydrolase GWCH70_2696
UPF0173 metal-dependent hydrolase STH3160
UPF0173 metal-dependent hydrolase DR_0006
UPF0173 metal-dependent hydrolase SSO0099
UPF0173 metal-dependent hydrolase VNG_1038C
UPF0173 metal-dependent hydrolase MJ1163
Putative esterase SSO1253
UPF0173 metal-dependent hydrolase OEOE_1287
UPF0173 metal-dependent hydrolase TON_1314
Putative esterase PAE1329
UPF0173 metal-dependent hydrolase Hlac_1347
 hydrolase AF_1521
UPF0173 metal-dependent hydrolase Pnuc_1524
UPF0173 metal-dependent hydrolase SA1529
UPF0173 metal-dependent hydrolase SAB1566c
UPF0173 metal-dependent hydrolase USA300HOU_1693
UPF0173 metal-dependent hydrolase RHE_CH01853
UPF0173 metal-dependent hydrolase GTNG_2675
UPF0173 metal-dependent hydrolase SPO2976
UPF0173 metal-dependent hydrolase rrnAC0300
UPF0173 metal-dependent hydrolase BRA0596/BS1330_II0591
Putative hydrolase SMU_367
UPF0173 metal-dependent hydrolase Xaut_3786
UPF0173 metal-dependent hydrolase SSP1060
UPF0173 metal-dependent hydrolase Mpal_1063
UPF0173 metal-dependent hydrolase Adeh_1068
UPF0173 metal-dependent hydrolase Cmaq_1073
UPF0173 protein PYRAB01190
UPF0173 metal-dependent hydrolase SH1218
UPF0173 metal-dependent hydrolase SERP1270
Putative GTPase AF_1289
UPF0173 metal-dependent hydrolase MA_1308
UPF0173 metal-dependent hydrolase Tneu_1348
UPF0173 metal-dependent hydrolase EF_1371
UPF0173 metal-dependent hydrolase SE_1382
UPF0173 metal-dependent hydrolase Tpen_1493
UPF0173 metal-dependent hydrolase Dde_0151
Probable GTPase Mb1533
UPF0173 metal-dependent hydrolase SAS1634
UPF0173 metal-dependent hydrolase Helmi_16730
UPF0173 metal-dependent hydrolase SaurJH9_1763
UPF0173 metal-dependent hydrolase SAR1785
UPF0173 metal-dependent hydrolase SAOUHSC_01815
UPF0173 metal-dependent hydrolase TM1040_1920
UPF0173 metal-dependent hydrolase NP_2132A
Putative esterase SSO2140
UPF0173 metal-dependent hydrolase GFO_2312
Phosphatase MT3486
Putative esterase VC_A0580
UPF0173 metal-dependent hydrolase Oant_3663
UPF0173 metal-dependent hydrolase Mbar_A3716
UPF0173 metal-dependent hydrolase Amet_4625
UPF0173 metal-dependent hydrolase Rxyl_1261
Putative metallophosphoesterase MG207 homolog
UPF0173 metal-dependent hydrolase Dgeo_0136
UPF0173 metal-dependent hydrolase PTH_1415
Probable GTPase MT1543
UPF0173 metal-dependent hydrolase Rleg2_1519
UPF0173 metal-dependent hydrolase TRQ2_1653
UPF0173 metal-dependent hydrolase SAHV_1693
UPF0173 metal-dependent hydrolase RALTA_A1748
Putative esterase MT1895
Putative esterase Rv1847
Putative metallophosphoesterase MG207
UPF0173 metal-dependent hydrolase OB2186
UPF0173 metal-dependent hydrolase BruAb2_0628
UPF0173 metal-dependent hydrolase Acid_3917
UPF0173 metal-dependent hydrolase RoseRS_3945
UPF0173 metal-dependent hydrolase BC_4613
Putative esterase PA0474
UPF0173 metal-dependent hydrolase Rmet_5695
Probable GTPase Rv1496
UPF0173 metal-dependent hydrolase LMOf2365_1599
UPF0173 metal-dependent hydrolase NWMN_1601
UPF0173 metal-dependent hydrolase Dred_1740
UPF0173 metal-dependent hydrolase PF1764
UPF0173 metal-dependent hydrolase SaurJH1_1797
UPF0173 metal-dependent hydrolase MTH_1902
UPF0173 metal-dependent hydrolase Msed_2125
Putative hydrolase Mb2248c
Putative GTPase CC_2483
UPF0173 metal-dependent hydrolase Caur_2542
UPF0173 metal-dependent hydrolase ABC2731
UPF0173 metal-dependent hydrolase AZC_2841
UPF0173 metal-dependent hydrolase BAB2_0644
Putative esterase sll0410
UPF0173 metal-dependent hydrolase BALH_4194
UPF0173 metal-dependent hydrolase UNCMA_04270
UPF0173 metal-dependent hydrolase Haur_4333
UPF0173 metal-dependent hydrolase BCE33L4354
UPF0173 metal-dependent hydrolase BCAH820_4729
UPF0173 metal-dependent hydrolase PYRAB05000
UPF0173 metal-dependent hydrolase THA_544
UPF0173 metal-dependent hydrolase BAbS19_II06020
Serine hydrolase-like protein DDB_G0286239
UPF0173 metal-dependent hydrolase SAV1707
Putative esterase STK_17900
UPF0173 metal-dependent hydrolase H16_A2129
UPF0173 metal-dependent hydrolase PAE2160
UPF0173 metal-dependent hydrolase BPUM_2573
Putative GTPase PH0274
UPF0173 metal-dependent hydrolase Fjoh_2786
UPF0173 metal-dependent hydrolase Dshi_2788
UPF0173 metal-dependent hydrolase BLi03080/BL00413
UPF0173 metal-dependent hydrolase BCAN_B0597
UPF0173 metal-dependent hydrolase DVU_3308
UPF0173 metal-dependent hydrolase HQ_3368A
Phosphatase Rv3376
UPF0173 metal-dependent hydrolase Acid345_3437
UPF0173 metal-dependent hydrolase Bpro_4324
UPF0173 metal-dependent hydrolase M446_4343
UPF0173 metal-dependent hydrolase BAA_4871
UPF0173 metal-dependent hydrolase Fnod_0635
UPF0173 metal-dependent hydrolase CHY_0920
Putative HAD-like hydrolase Noc_2718
UPF0173 metal-dependent hydrolase THEYE_A0282
UPF0173 metal-dependent hydrolase Tmel_0315
UPF0173 metal-dependent hydrolase Mnod_3315
UPF0173 metal-dependent hydrolase Oter_4201
Putative metallophosphoesterase MJ0623
UPF0173 metal-dependent hydrolase Pars_0810
UPF0173 metal-dependent hydrolase Mboo_0816
UPF0173 metal-dependent hydrolase RHOS4_08540
UPF0173 metal-dependent hydrolase LI0883
UPF0173 metal-dependent hydrolase Hbut_0886
UPF0173 metal-dependent hydrolase RBAM_026340
UPF0173 metal-dependent hydrolase GK2750
UPF0173 metal-dependent hydrolase BOV_A0561
Putative esterase Ta0293
UPF0173 metal-dependent hydrolase BSUIS_B0593
UPF0173 metal-dependent hydrolase BH3178
UPF0173 metal-dependent hydrolase LSL_0324
UPF0173 metal-dependent hydrolase Rcas_3617
UPF0173 metal-dependent hydrolase BMEII0673
UPF0173 metal-dependent hydrolase BCQ_4418
UPF0173 metal-dependent hydrolase BA_4860/GBAA_4860/BAS4507
UPF0173 metal-dependent hydrolase RSKD131_0588
UPF0173 metal-dependent hydrolase mll0680
UPF0173 metal-dependent hydrolase Msil_0741
UPF0173 metal-dependent hydrolase Ta0764
UPF0173 metal-dependent hydrolase Msm_0779
UPF0173 metal-dependent hydrolase TT_C0917
UPF0173 metal-dependent hydrolase Rsph17029_0942
Putative ankyrin repeat protein RF_0950
Acyl-CoA thioester hydrolase YciA
UPF0173 metal-dependent hydrolase Bcer98_3294
UPF0173 metal-dependent hydrolase NEQ378
UPF0173 metal-dependent hydrolase Bsph_4138
UPF0173 metal-dependent hydrolase BT9727_4343
UPF0173 metal-dependent hydrolase BcerKBAB4_4442
UPF0173 metal-dependent hydrolase BCAH187_A4741
UPF0173 metal-dependent hydrolase BCE_4747
UPF0173 metal-dependent hydrolase EAT1b_0495
UPF0173 metal-dependent hydrolase BCG9842_B0515
Putative esterase PM0788
UPF0173 metal-dependent hydrolase Smar_0891
Putative hydrolase YdeN
UPF0173 metal-dependent hydrolase BCB4264_A4722
UPF0173 metal-dependent hydrolase BCA_4725
UPF0173 metal-dependent hydrolase Aflv_0488
UPF0173 metal-dependent hydrolase BAMEG_4892
UPF0173 metal-dependent hydrolase Pden_0574
UPF0173 metal-dependent hydrolase LMHCC_0991
UPF0046 protein C25E10.12
Putative HAD-hydrolase YfnB
UPF0173 metal-dependent hydrolase Msp_0516
UPF0173 metal-dependent hydrolase TV0864
AB hydrolase superfamily protein YclE
UPF0173 metal-dependent hydrolase Pisl_0803
Putative ankyrin repeat protein RBE_0997
AB hydrolase superfamily protein YfhM
Putative uncharacterized protein YghX
Putative triphosphatase YjbK
Putative uncharacterized protein YjhR
UPF0046 protein K07C11.7
UPF0173 metal-dependent hydrolase Smed_0942
Isochorismatase family protein YecD
AB hydrolase superfamily protein YisY
UPF0173 protein YddR
Stress response protein YhaX
Putative acyl-CoA thioesterase YneP
Probable phosphatase SPBPB21E7.02c
UPF0173 metal-dependent hydrolase YtkL
AB hydrolase superfamily protein YdjP
Putative esterase YitV
Putative alpha/beta hydrolase L404
Acid sugar phosphatase
Putative uncharacterized hydrolase YKL033W-A
Putative uncharacterized hydrolase YsaA
AB hydrolase superfamily protein B1A11.02
SPBc2 prophage-derived uncharacterized protein YotB
Putative metallophosphoesterase YsnB
Putative hydrolase YuaR
Putative phosphohydrolase YueE
AB hydrolase superfamily protein YvaM
UPF0046 protein T07D4.2
