Protein A32
3-hydroxybenzoate--CoA/4-hydroxybenzoate--CoA ligase
Archaeal actin homolog
ATP-dependent protease ATP-binding subunit-like protein
ATP-dependent protease ATP-binding subunit-like protein AmiB
AP-4-A phosphorylase
Potential ATP-binding protein
ATPase family AAA domain-containing protein 3C
CAG pathogenicity island protein 23
4-chlorobenzoate--CoA ligase
Protein CbxX, chromosomal
COBW domain-containing protein 1
COBW domain-containing protein 6
Protein CbxX, plasmid
Putative COBW domain-containing protein 7
COBW domain-containing protein 5
COBW domain-containing protein 3
Protein CbbX
COBW domain-containing protein 2
Protein CfxQ
ATP-dependent Clp protease ATP-binding subunit ClpL
Heat shock protein 100
Putative cfxQ-like protein R730
Probable ATP-dependent Clp protease ATP-binding subunit
Chaperone protein DnaK
Chaperone protein dnaK
Deoxynucleotide monophosphate kinase
Putative deoxynucleotide monophosphate kinase
Protein ea59
Putative 1-phosphatidylinositol-3-phosphate 5-kinase FAB1D
Putative fidgetin-like protein 2
Putative flagella-related protein H
Putative 1-phosphofructokinase
Virulence plasmid ParA family protein pGP5-D
Gene 40 protein
Heat shock 70 kDa protein 1B
Heat shock 70 kDa protein 1-like
Heat shock protein 70 A2
Heat shock cognate 71 kDa protein
Heat shock cognate 70 kDa protein 4
Heat shock 70 kDa protein
Heat shock 70 kDa protein cognate 2
Heat shock cognate 70 kDa protein 3
Heat shock protein 70 A1
Heat shock 70 kDa protein 1
Heat shock protein 70 B2
Heat shock 70 kDa protein 6
Chaperone protein HscA
Chaperone protein HscA homolog
Heat shock protein 70
Heat shock cognate 70 kDa protein 1
Heat shock 70 kDa protein 2
Heat shock 70 kDa protein cognate 1
Heat shock cognate 70 kDa protein
Heat shock 70 kDa protein 16
Heat shock 70 kDa protein 12B
Putative heat shock protein 1
Heat shock 70 kDa protein homolog
Heat shock 70 kDa protein PPF203
Heat shock 70 kDa protein IV
Heat shock 70 kDa protein 4
Heat shock cognate HSP70 protein
Heat shock protein 70 homolog
Major heat shock 70 kDa protein Ba
Heat shock 70 kDa protein II
Heat shock 70 kDa protein 1A
Heat shock cognate 70 kDa protein 2
Heat shock 70-related protein 4
97 kDa heat shock protein
IQ and AAA domain-containing protein 1
IQ and AAA domain-containing protein 1-like
Insertion sequence IS5376 putative ATP-binding protein
Insertion sequence IS21-like putative ATP-binding protein
1-phosphofructokinase
Insertion sequence IS232 putative ATP-binding protein
Insertion sequence IS1162 putative ATP-binding protein
Insertion sequence IS21 putative ATP-binding protein
2-dehydro-3-deoxygluconokinase
Insertion sequence IS408 putative ATP-binding protein
KaiC-like protein 1
Protein KTI12 homolog
Lactation elevated protein 1 homolog B
Lactation elevated protein 1
Allergen MAG29
Putative ATPase N2B
NACHT, LRR and PYD domains-containing protein 7
NACHT, LRR and PYD domains-containing protein 13
5-oxoprolinase
Phosphatidylinositol 4-kinase gamma 8
Phosphatidylinositol 4-kinase gamma 6
Phosphatidylinositol 4-kinase gamma 1
47 kDa protein
Probable serine/threonine-protein kinase pdkA
Phosphatidylinositol 4-phosphate 5-kinase 10
Phosphatidylinositol 4-phosphate 5-kinase 8
Ribulose bisphosphate carboxylase/oxygenase activase
Schlafen family member 12
Schlafen-like protein 1
Schlafen family member 14
TPR and ankyrin repeat-containing protein 1
Encapsidation protein
Protein virB4
Gene 65 protein
Putative protein p41
Overcoming lysogenization defect protein
UPF0200 protein M164_1169
UPF0200 protein Smar_1234
UPF0200 protein LS215_1277
ATPase family AAA domain-containing protein At1g05910
UPF0200 protein M1627_1244
UPF0200 protein TK1334
Phage-like element PBSX protein XkdC
UPF0200 protein PH1008
UPF0200 protein Mthe_1012
UPF0200 protein SSO1041
UPF0200 protein M1425_1180
UPF0200 protein MM_1313
UPF0200 protein MJ1399
UPF0200 protein MmarC6_1392
UPF0200 protein PAE1629
UPF0200 protein APE_1753.1
UPF0200 protein YG5714_1176
UPF0200 protein PF1294
UPF0200 protein Memar_1556
UPF0200 protein YN1551_1675
COBW domain-containing protein DDB_G0274527
UPF0200 protein MA_4660
UPF0200 protein MMP1282
UPF0200 protein TON_1344
UPF0200/UPF0201 protein AF_1395
UPF0200 protein Mboo_1593
UPF0200 protein VNG_2452C
UPF0200 protein Ta0179
UPF0200 protein Hbut_0338
Putative insertion sequence ATP-binding protein y4uH
UPF0200 protein MmarC7_0527
UPF0200 protein TV0279
UPF0200 protein MTH_434
UPF0200 protein OE_4442F
Putative insertion sequence ATP-binding protein y4pL
UPF0200 protein TSIB_0920
UPF0200 protein MmarC5_0311
Putative uncharacterized protein MJ0820
UPF0200 protein MK0400
Putative insertion sequence ATP-binding protein y4bM/y4kI/y4tA
UPF0200 protein Mevan_0592
Putative uncharacterized protein MJ0821
Magnesium-chelatase subunit ChlI homolog
UPF0200 protein Mbar_A0975
Protein YeeZ
Putative insertion sequence ATP-binding protein y4iQ/y4nD/y4sD
UPF0200 protein TGAM_0868
UPF0200 protein STK_09500
UPF0200 protein PYRAB09750
Putative uncharacterized protein YGL034C
Putative AAA family ATPase L572
Putative AAA family ATPase R476
