14-3-3 protein homolog
Agglutinin-like protein 1
Glucan 1,3-beta-glucosidase BGL2
Covalently-linked cell wall protein 14
Chitinase 2
Extracellular glycosidase CRH11
Elongation factor 1-alpha 1
Elongation factor 2
Enolase 1
Heat shock protein SSA1
Heat shock protein SSC1, mitochondrial
Pyruvate kinase
Cell surface mannoprotein MP65
Mannose-1-phosphate guanyltransferase
Cell wall mannoprotein 1
Pyruvate decarboxylase
Predicted GPI-anchored protein 45
1,3-beta-glucanosyltransferase PGA4
Phosphoglycerate kinase
pH-responsive protein 2
Cell wall protein PGA30
Cell wall mannoprotein PIR1
Peptidyl-prolyl cis-trans isomerase
Repressed by TUP1 protein 5
Cell wall protein RHD3
Extracellular glycosidase UTR2
Yeast-form wall Protein 1
