ACT domain-containing protein ACR5
ACT domain-containing protein ACR10
ACT domain-containing protein ACR2
ACT domain-containing protein ACR3
ACT domain-containing protein ACR7
Beta-agarase A
ACT domain-containing protein ACR12
ACT domain-containing protein ACR9
ACT domain-containing protein ACR6
DIMBOA UDP-glucosyltransferase BX9
DIMBOA UDP-glucosyltransferase BX8
Galactan endo-beta-1,3-galactanase
Esterase EstD
4-oxalomesaconate tautomerase
Glutathione S-transferase
N-formylmaleamate deformylase
Maleamate amidohydrolase
Alkaline phosphatase
UPF0237 protein DIP1286
UPF0237 protein MJ1558
UPF0237 protein SMU_72
UPF0237 protein MM_0082
UPF0237 protein MK1213
UPF0237 protein lp_2508
UPF0237 protein NMB1653
UPF0237 protein CE1668
UPF0237 protein SP_0238
UPF0237 protein Cgl1544/cg1742
UPF0237 protein spr0217
UPF0237 protein CPE1496
UPF0237 protein MMP0657
UPF0237 protein NMA1909
UPF0237 protein lin0537
UPF0237 protein CA_C0478
UPF0237 protein MA_3235
UPF0237 protein PAE3582
UPF0237 protein lmo0533
UPF0237 protein LMOf2365_0562
UPF0237 protein BL1209.1
UPF0237 protein YjhC
