p-hydroxybenzoic acid efflux pump subunit AaeA
ABC transporter B family member 10
ABC transporter B family member 13
ABC transporter B family member 15
ABC transporter B family member 18
ABC transporter G family member 20
ABC transporter G family member 29
ABC transporter G family member 5
ATP-binding cassette transporter abc3
ATP-binding cassette sub-family A member 1
ATP-binding cassette sub-family A member 5
ATP-binding cassette sub-family A member 6
ATP-binding cassette sub-family A member 7
ATP-binding cassette sub-family A member 9
ATP-binding cassette sub-family A member 10
ATP-binding cassette sub-family A member 13
ATP-binding cassette sub-family G member 5
ATP-binding cassette sub-family G member 8
ABC transporter B family member 11
ABC transporter B family member 12
ABC transporter G family member 13
ABC transporter B family member 2
ATP-binding cassette sub-family A member 2
ABC transporter B family member 7
ATP-binding cassette sub-family B member 7, mitochondrial
ATP-binding cassette sub-family B member 8, mitochondrial
ATP-binding cassette sub-family B member 9
ATP-binding cassette sub-family C member 11
ATP-binding cassette sub-family G member 1
5-hydroxytryptamine receptor 3E
Asc-type amino acid transporter 1
5-hydroxytryptamine receptor 3D
ABC transporter B family member 14
ABC transporter B family member 16
ABC transporter G family member 17
ABC transporter B family member 19
ABC transporter G family member 31
ABC transporter G family member 32
ABC transporter B family member 3
ATP-binding cassette sub-family B member 5
ABC transporter G family member 24
ATP-binding cassette sub-family B member 6, mitochondrial
ABC transporter G family member 1
ABC transporter G family member 25
ABC transporter G family member 35
Beta-adducin
5-hydroxytryptamine receptor 3C
ABC transporter G family member 11
ABC transporter G family member 16
ABC transporter B family member 17
ABC transporter G family member 18
ABC transporter B family member 1
ABC transporter G family member 23
ABC transporter G family member 28
ABC transporter G family member 34
ABC transporter G family member 4
ABC transporter G family member 8
ABC transporter B family member 9
ATP-binding cassette sub-family A member 8-A
ABC transporter A family member 9
ATP-binding cassette sub-family A member 12
Bile salt export pump
ATP-binding cassette sub-family G member 4
Multidrug efflux pump subunit AcrA
ABC transporter G family member 10
ABC transporter G family member 14
ABC transporter G family member 15
ABC transporter G family member 26
ABC transporter G family member 33
ABC transporter G family member 40
ABC transporter C family MRP4
ABC transporter B family member 5
ABC transporter G family member 6
ABC transporter ATP-binding/permease protein Rv1747
ABC transporter B family member 6
ATP-binding cassette sub-family F member 1
ABC transporter G family member 22
ADP,ATP carrier protein 3
ADP,ATP carrier protein 2
Mitochondrial adenine nucleotide transporter ADNT1
Probable ATP-dependent permease
Mitochondrial aspartate-glutamate transporter AGC1
Magnesium transporter ALR2
Oligopeptide-binding protein AmiA
Putative transporter AmpG 2
Putative transporter AmpG 3
Protein AmpG
Probable actinorhodin transporter
Alpha-adducin
Gamma-adducin
Anoctamin-10
Anoctamin-8
Anoctamin-9
Putative transporter AmpG 1
Oligopeptide-binding protein AppA
Putative transporter AmpG 4
Anoctamin-4
Anoctamin-7
Anoctamin-3
Anoctamin-2
Progressive ankylosis protein homolog
Alkaline protease secretion protein AprE
Rho guanine nucleotide exchange factor 9
Probable anion transporter 4, chloroplastic
Phospholipid-transporting ATPase IG
Arsenical-resistance protein 3
Probable phospholipid-transporting ATPase IF
Manganese-transporting ATPase 13A1
Calcium-transporting ATPase type 2C member 1
Phospholipid-transporting ATPase IA
Sodium/potassium-transporting ATPase subunit alpha-4
Probable cation-transporting ATPase C1672.11c
Iron-sulfur clusters transporter ATM1, mitochondrial
Sodium transport ATPase 1
Sodium transport ATPase 2
Potassium-transporting ATPase subunit beta
Antibiotic efflux pump periplasmic linker protein ArpA
Probable phospholipid-transporting ATPase VD
Potassium-transporting ATPase alpha chain 2
Probable cation-transporting ATPase 13A4
Plasma membrane calcium-transporting ATPase 4
Phospholipid-transporting ATPase ID
Acid-sensing ion channel 2
Acid-sensing ion channel 5
Aspartyl/asparaginyl beta-hydroxylase
Probable cation-transporting ATPase 13A5
Calcium-transporting ATPase type 2C member 2
Calcium-transporting ATPase 2
Sodium/potassium-transporting ATPase subunit alpha-1
Sarcoplasmic/endoplasmic reticulum calcium ATPase 1
Ammonia transport outward protein 3
Anion exchange protein 2
Probable phospholipid-transporting ATPase VA
Manganese-transporting ATPase 1
Sodium transport ATPase 5
Copper-transporting ATPase 2
Anion exchange protein 4
Band 3 anion transport protein
Putative bacilysin exporter BacE
P-type cation-transporting ATPase
b(0,+)-type amino acid transporter 1
Efflux pump periplasmic linker BepF
Efflux pump periplasmic linker BepD
Bile acid transporter
Adenine nucleotide transporter BT1, chloroplastic/mitochondrial
Probable mitochondrial adenine nucleotide transporter BTL3
Probable mitochondrial adenine nucleotide transporter BTL1
Multidrug resistance protein 3
Protein brown
Calsequestrin-2
Adenine nucleotide transporter BT1, chloroplastic/amyloplastic/mitochondrial
Probable mitochondrial adenine nucleotide transporter BTL2
Barttin
Calsequestrin-1
Kappa-casein
Ceruloplasmin
Putative calcium-binding mitochondrial carrier F55A11.4
Chloramphenicol resistance protein
Probable calcium-binding mitochondrial carrier K02F3.2
Calcium-binding mitochondrial carrier SAL1
Probable calcium-binding mitochondrial carrier CBG00135
Cephamycin export protein CmcT
Probable calcium-binding mitochondrial carrier F17E5.2
High affinity copper uptake protein 1
Cationic amino acid transporter 3
Gap junction alpha-10 protein
Gap junction alpha-3 protein
Gap junction gamma-3 protein
Cation efflux system protein CusB
Gap junction beta-1 protein
Mitochondrial carnitine carrier
Copper homeostasis protein cutC homolog
Gap junction alpha-8 protein
Gap junction beta-2 protein
Gap junction beta-3 protein
Choline transporter-like protein 2
Gap junction gamma-2 protein
Cytochrome b561
Cyanate transport protein CynX
Choline transporter-like protein 3
Cytochrome b reductase 1
Choline transporter-like protein 1
Choline transporter-like protein 4
Choline transporter-like protein 5
Gap junction alpha-6 protein
Probable D,D-dipeptide-binding periplasmic protein DdpA
Disrupted in renal carcinoma protein 2 homolog
Dematin
D-galactonate transporter
Mitochondrial dicarboxylate carrier
D-lactate dehydrogenase
Doxorubicin resistance ABC transporter permease protein DrrB
Thiol:disulfide interchange protein DsbD
Probable envelope ADP,ATP carrier protein, chloroplastic
Probable amino-acid metabolite efflux pump
Dipeptide-binding protein DppE
Excitatory amino acid transporter 4
Periplasmic dipeptide transport protein
Dityrosine transporter 1
Protein ECM27
Probable doxorubicin resistance ABC transporter permease protein DrrC
Innexin eat-5
Excitatory amino acid transporter 5
Excitatory amino acid transporter 3
Energy-coupling factor transporter ATP-binding protein EcfA
Protein ECM3
Multidrug export protein EmrB
Multidrug resistance protein B homolog
Probable outer membrane usher protein ElfC
Fe(3+) ions import ATP-binding protein FbpC
Long-chain fatty acid transport protein
Hexuronate transporter
Peptidyl-prolyl cis-trans isomerase FKBP1B
Fluoroquinolones export permease protein Rv2687c
Fluoroquinolones export ATP-binding protein Rv2688c
Feline leukemia virus subgroup C receptor-related protein 2
Feline leukemia virus subgroup C receptor-related protein 1
Ferrienterobactin receptor
Outer membrane usher protein FimD
Fluoroquinolones export permease protein Rv2686c
Flavin carrier protein 2
Ferritin light chain
Fosmidomycin resistance protein
FXYD domain-containing ion transport regulator 3
Glucose-6-phosphatase 3
Putative flavin carrier protein 3
FXYD domain-containing ion transport regulator 6
Nucleoside transporter FUN26
FXYD domain-containing ion transport regulator 7
Ferritin heavy chain
FXYD domain-containing ion transport regulator 4
Probable galactarate transporter
Graves disease carrier protein
Gamma-aminobutyric acid receptor subunit gamma-3
Gamma-aminobutyric acid receptor subunit theta
Glucose-6-phosphatase 2
Gamma-aminobutyric acid receptor subunit rho-3
Mitochondrial GTP/GDP carrier protein 1
Gamma-aminobutyric acid receptor subunit alpha-2
Graves disease carrier protein homolog
Glucose/mannose transporter GlcP
Putative glycerol-3-phosphate transporter 1
Putative glycerol-3-phosphate transporter 5
Glycerol-3-phosphate transporter
Putative glycerol-3-phosphate transporter 3
GDP-mannose transporter 1
Probable metabolite transport protein GIT1
Sodium/glutamate symport carrier protein
Integral membrane protein GPR155
Putative glycerol-3-phosphate transporter 2
GDP-mannose transporter 2
Glutathione-binding protein GsiB
GDP-mannose transporter
Solute carrier family 2, facilitated glucose transporter member 11
Monothiol glutaredoxin-S14, chloroplastic
Probable glucarate transporter
Solute carrier family 2, facilitated glucose transporter member 12
Solute carrier family 2, facilitated glucose transporter member 7
Solute carrier family 2, facilitated glucose transporter member 8
Solute carrier family 2, facilitated glucose transporter member 10
Solute carrier family 2, facilitated glucose transporter member 2
Solute carrier family 2, facilitated glucose transporter member 5
Solute carrier family 2, facilitated glucose transporter member 6
Heme-binding protein A
Hephaestin
K(+)-stimulated pyrophosphate-energized sodium pump
Probable phosphite transport system-binding protein HtxB
UDP-galactose transporter homolog 1
Outer membrane usher protein HtrE
Hexokinase-3
Glucokinase
Heme oxygenase 2
Hemin import ATP-binding protein HmuV
Hexokinase-2
Probable transport protein HsrA
Hexose transporter HXT10
Hexose transporter HXT13
High-affinity hexose transporter HXT6
Low-affinity glucose transporter HXT3
Eukaryotic translation initiation factor 2 subunit 3
Hexokinase-1
Hexose transporter HXT15
Innexin-19
Innexin inx3
Innexin-7
Eukaryotic translation initiation factor 2 subunit 2
Innexin-12
Innexin-16
Innexin-2
Innexin inx2
Innexin inx4
Isoniazid-induced protein IniA
Innexin-11
Innexin-17
Innexin inx1
Innexin-8
Innexin-3
Innexin-5
Innexin-6
Innexin-10
Innexin-14
Innexin inx5
Myo-inositol transporter 1
Kidney mitochondrial carrier protein 1
Large neutral amino acids transporter small subunit 3
Lipocalin-1
Lactococcin A secretion protein LcnD
Large neutral amino acids transporter small subunit 4
Lincomycin resistance protein LmrB
Probable L-galactonate transporter
Lysophospholipid transporter LplT
Lipopolysaccharide export system permease protein LptG
Lactococcin A secretion protein LcnD-like
Lipoprotein-releasing system ATP-binding protein LolD
Lipopolysaccharide export system permease protein LptF
Lipopolysaccharide export system ATP-binding protein LptB
Probable glycolipid permease LtaA
Putative mitochondrial 2-oxoglutarate/malate carrier protein
Mitochondrial substrate carrier family protein C
Mitochondrial substrate carrier family protein E
Mitochondrial substrate carrier family protein L
Mucolipin-2
Myelin and lymphocyte protein
Mucolipin-1
Magnesium transporter protein 1
Mitochondrial substrate carrier family protein D
Probable transporter MCH1
Putative malonate transporter
ATP-dependent permease MDL2, mitochondrial
Mitochondrial substrate carrier family protein B
Multidrug transporter MdfA
Mitochondrial substrate carrier family protein V
Probable transporter mch1
Putative multidrug resistance protein MdtD
Mitochondrial substrate carrier family protein A
Mitochondrial substrate carrier family protein J
Mucolipin-3
Putative multidrug resistance protein MdtA
Major facilitator superfamily domain-containing protein 4
Major facilitator superfamily domain-containing protein 6
Major facilitator superfamily domain-containing protein 7
Major facilitator superfamily domain-containing protein 8
Mitochondrial substrate carrier family protein X
ATP-dependent permease MDL1, mitochondrial
Multidrug resistance protein MdtE
Multidrug/solvent efflux pump periplasmic linker protein MepA
Major facilitator superfamily domain-containing protein 4-B
Major facilitator superfamily domain-containing protein 6-B
3-hydroxybenzoate transporter MhbT
MFS-type drug efflux transporter P55
Major facilitator superfamily domain-containing protein 1
Copper transporter MctB
Phosphatidylcholine translocator ABCB4
Major facilitator superfamily domain-containing protein 4-A
Membrane magnesium transporter 1
Major facilitator superfamily domain-containing protein 6-A
Major facilitator superfamily domain-containing protein 10
Methylenomycin A resistance protein
Major facilitator superfamily domain-containing protein 6-like
Major facilitator superfamily domain-containing protein 7-b
Major facilitator superfamily domain-containing protein 6-like protein A
Major facilitator superfamily domain-containing protein 7-a
MFS-type efflux pump MSMEG_3705
Monocarboxylate transporter 4
Monocarboxylate transporter 1
Large-conductance mechanosensitive channel
Miniconductance mechanosensitive channel MscM
Small-conductance mechanosensitive channel
Monocarboxylate transporter 3
Alpha-glucosides permease MPH2
Magnesium transporter MRS2 homolog, mitochondrial
Mechanosensitive ion channel protein 8
Membrane protein MosC
Multidrug resistance-associated protein 4
Mechanosensitive ion channel protein 1, mitochondrial
Multidrug resistance-associated protein 7
Small-conductance mechanosensitive channel MscMJ
Monocarboxylate transporter 2
Mechanosensitive channel MscK
Large-conductance mechanosensitive channel MscMJLR
Mechanosensitive ion channel protein 3, chloroplastic
Mechanosensitive ion channel protein 2, chloroplastic
Membrane fusion protein MtrC
Sodium/calcium exchanger 2
Probable nitrate transporter NarT
Proton myo-inositol cotransporter
Nitrite extrusion protein
Sodium/calcium exchanger 3
Probable N-acetylneuraminic acid outer membrane channel protein NanC
Probable nitrate/nitrite transporter NarK2
Sodium/potassium/calcium exchanger 3
Sodium/potassium/calcium exchanger 4
Sodium-dependent lysophosphatidylcholine symporter 1-B
2-nitroimidazole transporter
Quinolone resistance protein NorB
Sodium/potassium/calcium exchanger 5
Sodium/potassium/calcium exchanger 6, mitochondrial
Nickel-binding periplasmic protein
Sodium-dependent lysophosphatidylcholine symporter 1-A
High affinity nitrate transporter 2.3
High affinity nitrate transporter 2.5
Sodium-dependent lysophosphatidylcholine symporter 1
High-affinity nitrate transporter 2.1
High-affinity nitrate transporter 2.3
Putative metabolite transport protein NicT
High-affinity nitrate transporter 2.2
Magnesium transporter NIPA1
Nodulation protein NolF
Sodium-dependent phosphate transport protein 2C
High affinity nitrate transporter 2.6
Nucleoporin NUP53
Probable high-affinity nitrate transporter 2.4
Nuclear pore complex protein NUP35
Purine nucleoside permease
Organic cation/carnitine transporter 2
Organic cation/carnitine transporter 4
Organic cation/carnitine transporter 7
Oligopeptide-binding protein OppA
Oligopeptide transporter 2
Oligopeptide transporter 5
Organic cation/carnitine transporter 3
Organic cation/carnitine transporter 6
Periplasmic oligopeptide-binding protein
Oligopeptide transporter 3
Mitochondrial 2-oxodicarboxylate carrier
Transcription regulatory protein OpdE
Oligopeptide transporter 1
Oligopeptide transporter 4
Oligopeptide transporter 7
Outer membrane protein G
Oligopeptide transporter 9
Nuclear pore complex protein NUP96
Outer membrane protein 40
Porin OmpL
Oligopeptide transporter 8
Organic cation/carnitine transporter 5
Organic cation transporter-like protein
Osteopetrosis-associated transmembrane protein 1
Outer membrane protein 41
Oligopeptide transporter 6
Proton-coupled folate transporter
Organic cation transporter protein
Pannexin-2
Purine efflux pump PbuE
Putative mitochondrial carrier protein PET8
Probable polyamine transporter At3g13620
Probable inorganic phosphate transporter 1-2
Probable inorganic phosphate transporter 1-3
Probable polyamine transporter At3g19553
Probable auxin efflux carrier component 1b
Probable inorganic phosphate transporter 1-6
Probable inorganic phosphate transporter 1-8
Probable anion transporter 7
Phosphonates import ATP-binding protein PhnC
Probable anion transporter 6
Probable auxin efflux carrier component 1c
Peroxisomal biogenesis factor 19
Phosphate permease PHO89
Probable polyamine transporter At1g31820
Probable polyamine transporter At1g31830
Probable auxin efflux carrier component 6
Prolactin-inducible protein
Phosphate-import protein PhnD
Probable inorganic phosphate transporter 1-5
Phosphonates import ATP-binding protein PhnC 2
Probable auxin efflux carrier component 5
Phospholemman
Porin D
Multi-drug resistance efflux pump PmrA homolog
Plasma membrane ATPase 1
Outer membrane porin F
Proteases secretion protein PrtE
Type I secretion system membrane fusion protein PrsE
Polyamine transporter PUT1
Probable phosphite transport system-binding protein PtxB
P protein
MFS antiporter QDR3
Ammonium transporter Rh type C
L-rhamnose-proton symporter
Ammonium transporter Rh type B
Ammonium transporter Rh type A
Polyamine transporter RMV1
Solute carrier family 13 member 1
Folate transporter 1
Solute carrier family 22 member 5
Sialin
MFS-type transporter SLC18B1
Solute carrier family 22 member 7
Solute carrier family 22 member 8
Solute carrier family 25 member 47-B
Solute carrier family 25 member 40
Solute carrier family 25 member 43
Solute carrier family 25 member 47
Sodium/nucleoside cotransporter 1
Sodium/nucleoside cotransporter 2
Solute carrier family 28 member 3
Equilibrative nucleoside transporter 4
Adenosine 3'-phospho 5'-phosphosulfate transporter 2
UDP-xylose and UDP-N-acetylglucosamine transporter
Sodium-coupled neutral amino acid transporter 2
Solute carrier family 41 member 3
Solute carrier family 46 member 3
Multidrug and toxin extrusion protein 1
Electroneutral sodium bicarbonate exchanger 1
Sodium-dependent neutral amino acid transporter B(0)AT3
Solute carrier family 22 member 15
Solute carrier family 25 member 47-A
Solute carrier family 25 member 41
Pendrin
Anion exchange transporter
Solute carrier family 41 member 1
Solute carrier family 41 member 2
Peptide transport periplasmic protein SapA
Solute carrier family 12 member 6
Solute carrier family 22 member 16
Equilibrative nucleoside transporter 2
Equilibrative nucleoside transporter 3
Solute carrier family 35 member B1
Adenosine 3'-phospho 5'-phosphosulfate transporter 1
UDP-N-acetylglucosamine/UDP-glucose/GDP-mannose transporter
Sodium-coupled neutral amino acid transporter 1
Sodium-driven chloride bicarbonate exchanger
Electrogenic sodium bicarbonate cotransporter 4
Probable S-adenosylmethionine carrier 2, chloroplastic
Neutral amino acid transporter A
Solute carrier family 22 member 14
Solute carrier family 25 member 45
UDP-N-acetylglucosamine transporter slc35b4
Sodium- and chloride-dependent GABA transporter 3
Sodium- and chloride-dependent GABA transporter 2
Sodium-dependent neutral amino acid transporter B(0)AT1
Sodium/glucose cotransporter 1
Calcium-binding mitochondrial carrier protein SCaMC-2-A
Protein scarlet
Solute carrier family 15 member 3
Solute carrier family 15 member 4
Sodium-dependent phosphate transporter 1
Solute carrier family 25 member 44
Solute carrier family 25 member 48
UDP-N-acetylglucosamine transporter
Sodium-coupled neutral amino acid transporter 3
Sodium- and chloride-dependent transporter XTRP3
Calcium-binding mitochondrial carrier protein SCaMC-2-B
Amiloride-sensitive sodium channel subunit gamma
Ryanodine receptor 3
Solute carrier family 13 member 4
Solute carrier family 22 member 2
Solute carrier family 22 member 6
Solute carrier family 25 member 33
Solute carrier family 26 member 9
CMP-sialic acid transporter
UDP-galactose translocator
Solute carrier family 35 member B1 homolog
Proton-coupled amino acid transporter 1
Solute carrier family 43 member 3
Solute carrier family 45 member 3
Sodium-dependent neutral amino acid transporter B(0)AT2
Sodium- and chloride-dependent taurine transporter
Amiloride-sensitive sodium channel subunit alpha
Amiloride-sensitive sodium channel subunit delta
Solute carrier family 13 member 3
Solute carrier family 22 member 1
Solute carrier family 22 member 3
Solute carrier family 25 member 36-A
Solute carrier family 25 member 39
Sodium-coupled neutral amino acid transporter 5
Multidrug and toxin extrusion protein 2
Mitochondrial substrate carrier family protein H
Sodium-coupled neutral amino acid transporter 4
Solute carrier family 40 member 1
High affinity choline transporter 1
Sodium-coupled monocarboxylate transporter 1
Sodium/myo-inositol cotransporter 2
Innexin shaking-B
Sodium-dependent dopamine transporter
Sodium/hydrogen exchanger 4
Outer membrane usher protein SfmD
Multidrug efflux pump SdrM
Serine/threonine-protein kinase Sgk3
Sodium/hydrogen exchanger 2
Serine/threonine-protein kinase Sgk1
Sodium/hydrogen exchanger 3
Sodium/hydrogen exchanger 7
Methyl viologen resistance protein SmvA
Solute carrier family 10 member 6
Probable efflux pump periplasmic linker protein SepA
Siderophore iron transporter 1
Sodium/hydrogen exchanger 8
Sodium/hydrogen exchanger 1
Sodium/hydrogen exchanger 9
Mitochondrial sodium/hydrogen exchanger 9B2
Solute carrier organic anion transporter family member 1A2
Solute carrier organic anion transporter family member 1C1
Solute carrier organic anion transporter family member 2A1
Solute carrier organic anion transporter family member 3A1
Solute carrier organic anion transporter family member 4C1
Protein spinster homolog 2
Protein SGE1
Serine/threonine-protein kinase Sgk2
Sodium/hydrogen exchanger 9B1
Sodium/hydrogen exchanger 10
Protein spinster homolog 1
Protein spinster homolog 3
Sugar phosphate exchanger 3
SPX domain-containing membrane protein OsI_08463
SPX domain-containing membrane protein At4g11810
Solute carrier organic anion transporter family member 1B1
Solute carrier organic anion transporter family member 1B3
Solute carrier organic anion transporter family member 2B1
Solute carrier organic anion transporter family member 4A1
Probable sphingolipid transporter spinster homolog 1
Sugar phosphate exchanger 2
SPX domain-containing membrane protein Os06g0129400
Sulfite efflux pump SSU1
Probable sphingolipid transporter spinster homolog 3
SPX domain-containing membrane protein OsI_17046
Solvent efflux pump periplasmic linker SrpA
SPX domain-containing membrane protein Os04g0573000
SPX domain-containing membrane protein OsI_32082
Multidrug resistance protein Stp
SPX domain-containing membrane protein Os02g45520
SPX domain-containing membrane protein OsI_21475
SPX domain-containing membrane protein Os09g0521800
Sugar transporter STL1
Quaternary ammonium compound-resistance protein SugE
Sulfate permease 1
Probable sphingolipid transporter spinster homolog 2
Putative transporter SVOPL
SPX domain-containing membrane protein At4g22990
Serine/threonine transporter SstT
Metalloreductase STEAP3
Synaptic vesicle 2-related protein
Putative transporter svop-1
Antigen peptide transporter 1
Tetracenomycin C resistance and export protein
Antigen peptide transporter 2
Tellurite resistance protein TehA
TSC22 domain family protein 3
Tellurite resistance protein TehA homolog
Outer membrane protein TolC
Mitochondrial thiamine pyrophosphate carrier 1
Thiamine import ATP-binding protein ThiQ
Triadin
Probable mitochondrial thiamine pyrophosphate carrier
Short transient receptor potential channel 1
Transient receptor potential cation channel subfamily M member 3
Transient receptor potential cation channel subfamily M member 7
Transient receptor potential cation channel subfamily V member 3
Transient receptor potential cation channel subfamily V member 6
Transient receptor potential cation channel subfamily M member 2
Protein TsgA homolog
Short transient receptor potential channel 4
Short transient receptor potential channel 6
Transient receptor potential cation channel subfamily V member 5
Probable efflux pump periplasmic linker TtgA
Transient receptor potential cation channel subfamily M member 6
Protein tweety homolog 3
Transient receptor potential cation channel subfamily A member 1
Short transient receptor potential channel 5
Short transient receptor potential channel 7
Toluene efflux pump periplasmic linker protein TtgA
Short transient receptor potential channel 3
Transient receptor potential cation channel subfamily M member 8
Toluene efflux pump periplasmic linker protein TtgD
Tumor suppressor candidate 3
Toluene efflux pump periplasmic linker protein TtgG
GABA-specific permease
Protein TsgA
Probable ABC transporter-binding protein DR_1571
Tricarboxylate transport protein, mitochondrial
Regulatory protein UhpC
Hexose phosphate transport protein
Protein unc-80 homolog
V-type proton ATPase subunit e 2
Vesicular acetylcholine transporter
Protein unc-93 homolog A
V-type proton ATPase subunit e
V-type proton ATPase subunit D
Protein unc-79 homolog
UDP-galactose/UDP-glucose transporter 4
V-type proton ATPase subunit E 2
Vesicular inhibitory amino acid transporter
UDP-galactose/UDP-glucose transporter 5
V-type proton ATPase subunit e 1
Vacuolar calcium ion transporter
V-type proton ATPase subunit E 1
Vacuolar basic amino acid transporter 1
Vacuolar basic amino acid transporter 3
Synaptic vesicular amine transporter
UDP-galactose/UDP-glucose transporter 5B
Vacuolar basic amino acid transporter 2
V-type proton ATPase subunit B, brain isoform
Protein white
V-type proton ATPase subunit C 2
Putative mitochondrial outer membrane protein porin-like
Vesicular glutamate transporter 2
Chromaffin granule amine transporter
Vesicular glutamate transporter 1
Vesicular glutamate transporter 3
ABC transporter ATP-binding protein/permease wht-3
ABC transporter ATP-binding protein/permease wht-1
Protein XP55
Putative peptide-binding periplasmic protein BruAb2_1030
Cystine/glutamate transporter
Putative peptide-binding periplasmic protein BAB2_1049
Probable multidrug-efflux transporter Mb1288c
Probable multidrug-efflux transporter MT1670
UPF0226 membrane protein SCH_2374
Putative peptide-binding periplasmic protein BRA1090/BS1330_II1082
UPF0226 protein PA1993
Probable multidrug-efflux transporter Rv1634
Putative binding protein BruAb2_0648
UPF0226 membrane protein BURPS1106A_3201
Putative binding protein BMEII0691
UPF0226 membrane protein SARI_00527
Probable multidrug-efflux transporter MT1297
Putative sugar efflux transporter DR_1322
Putative binding protein HI_0213
Putative binding protein BAB2_0664
UPF0226 membrane protein SEN3404
Putative binding protein BRA0576/BS1330_II0571
UPF0226 membrane protein PA14_38730
UPF0226 protein STM4428
Putative peptide-binding periplasmic protein BMEII0210
UPF0226 membrane protein SNSL254_A2561
UPF0226 membrane protein BMASAVP1_A0869
Putative ABC transporter peptide-binding protein BAB2_0812
Probable peptide ABC transporter periplasmic-binding protein y4tO
UPF0226 membrane protein BMA2043
UPF0226 membrane protein PSPA7_3302
UPF0226 membrane protein PLES_33301
Putative ABC transporter peptide-binding protein BOV_A0352
Putative ABC transporter peptide-binding protein BruAb2_0792
UPF0226 membrane protein BURPS668_3162
Probable transporter SCO4007
Putative inorganic phosphate transporter C8E4.01c
UPF0226 protein BPSL2729
UPF0226 membrane protein BURPS1710b_3216
Putative ABC transporter peptide-binding protein BMEII0859
Putative oligopeptide transporter HI_0561
Putative uncharacterized MFS-type transporter MT0872
Putative ABC transporter peptide-binding protein BRA0409/BS1330_II0406
UPF0226 membrane protein SPC_3650
Probable ABC transporter ATP-binding protein AZC_3926
UPF0226 membrane protein BMA10247_1907
Putative inorganic phosphate transporter C23D3.12
Inner membrane transport permease YbhR
Putative cation exchanger YDL206W
UPF0226 protein YfcJ
Inner membrane protein YbiR
High affinity cysteine transporter
UPF0226 protein YhhS
UPF0226 membrane protein BMA10229_A2703
Moderate conductance mechanosensitive channel YbiO
Putative inorganic phosphate transporter C1683.01
Putative sulfoquinovose importer
Inner membrane transport permease YbhS
Probable metabolite transporter C2H8.02
UDP-N-acetylglucosamine transporter YEA4
Putative oligopeptide transporter YGL114W
Inner membrane transport permease YhhJ
Inner membrane protein YibH
Carrier protein YMC2, mitochondrial
Outer membrane usher protein YehB
Probable metabolite transport protein YFL040W
Putative metabolite transport protein YjhB
Probable metal-nicotianamine transporter YSL16
Metal-nicotianamine transporter YSL2
Probable metal-nicotianamine transporter YSL5
Probable metal-nicotianamine transporter YSL7
Probable metal-nicotianamine transporter YSL8
Inner membrane transport protein YdhP
Probable deoxycholate-binding periplasmic protein YgiS
Inner membrane protein YiaV
Iron-phytosiderophore transporter yellow stripe 1
Probable metal-nicotianamine transporter YSL10
Probable metal-nicotianamine transporter YSL13
Probable metal-nicotianamine transporter YSL3
Probable metal-nicotianamine transporter YSL4
Probable metabolite transport protein C1271.09
Inner membrane protein YqcE
Putative uncharacterized transporter YgaY
Low conductance mechanosensitive channel YnaI
Putative transporter B0361.11
Drug resistance protein YOR378W
Outer membrane usher protein YraJ
Putative transporter B0252.3
Putative efflux system component YknX
Probable metal-nicotianamine transporter YSL12
Probable metal-nicotianamine transporter YSL14
Probable metal-nicotianamine transporter YSL18
Metal-nicotianamine transporter YSL3
Probable metal-nicotianamine transporter YSL6
Probable metal-nicotianamine transporter YSL9
Probable metal-nicotianamine transporter YSL11
Iron-phytosiderophore transporter YSL15
Probable metal-nicotianamine transporter YSL17
Metal-nicotianamine transporter YSL1
Zinc-alpha-2-glycoprotein
