DELTA-actitoxin-Ucs1a
DELTA-thalatoxin-Avl1b
DELTA-stichotoxin-Hmg2b
Cytolysin SmT-1
DELTA-stichotoxin-She4a
DELTA-actitoxin-Aeq1b
DELTA-actitoxin-Afr1a
Hemolytic toxin
Cytolysin EnT
DELTA-sagatoxin-Srs1a
DELTA-alicitoxin-Pse1b
DELTA-stichotoxin-She4b
DELTA-thalatoxin-Avl1a
DELTA-alicitoxin-Pse1a
DELTA-actitoxin-Aeq1a
DELTA-actitoxin-Aeq1c
DELTA-stichotoxin-Hcr4a
DELTA-actitoxin-Oor1b
DELTA-stichotoxin-Hcr4b
DELTA-actitoxin-Aas1a
DELTA-stichotoxin-Hmg2a
DELTA-actitoxin-Oor1a
DELTA-actitoxin-Ate1a
Bryoporin
Lantibiotic michiganin-A
