5-hydroxytryptamine receptor 4
Acetylcholinesterase
5-hydroxytryptamine receptor 1E
Neuronal acetylcholine receptor subunit alpha-4
5-hydroxytryptamine receptor 6
Acetylcholinesterase 1
5-hydroxytryptamine receptor 1F
5-hydroxytryptamine receptor 2C
Agrin
A-kinase anchor protein 5
Clathrin coat assembly protein AP180
Annexin A9
Amyloid beta A4 precursor protein-binding family A member 3
Cocaine- and amphetamine-regulated transcript protein
Protein cab-1
Cerebellin-1
Cholinesterase
Protein Cep89 homolog
Choline O-acetyltransferase
Calcium/calmodulin-dependent protein kinase II inhibitor 1
2',3'-cyclic-nucleotide 3'-phosphodiesterase
Cortistatin
Protein couch potato
Calsyntenin-1
Calsyntenin-2
Calsyntenin-3
Acetylcholine receptor-like protein cup-4
Gap junction alpha-10 protein
Ca(2+)/calmodulin-responsive adenylate cyclase
Dynein assembly factor 1, axonemal homolog
Disks large homolog 2
Disks large-associated protein 1
Disks large homolog 1
Disks large homolog 3
Dopamine receptor 3
Disks large homolog 4
Discs large homolog 1-like protein
Dopamine D2-like receptor
Band 4.1-like protein 1
Fibroblast growth factor 12
Calcium channel flower homolog
Fibroblast growth factor 14
Frequenin-1
Gamma-aminobutyric acid type B receptor subunit 2
Galanin receptor type 2
Guanine nucleotide-binding protein G(I)/G(S)/G(O) subunit gamma-12
Guanine nucleotide-binding protein G(I)/G(S)/G(O) subunit gamma-3
Guanine nucleotide-binding protein G(I)/G(S)/G(O) subunit gamma-5
Guanine nucleotide-binding protein G(I)/G(S)/G(O) subunit gamma-T2
Guanine nucleotide-binding protein G(I)/G(S)/G(O) subunit gamma-2
Guanine nucleotide-binding protein G(I)/G(S)/G(O) subunit gamma-4
Gamma-aminobutyric acid receptor subunit alpha-3
Gamma-aminobutyric acid receptor subunit alpha-6
Gamma-aminobutyric acid receptor subunit beta-1
Gamma-aminobutyric acid receptor subunit delta
Gamma-aminobutyric acid receptor subunit epsilon
Gamma-aminobutyric acid receptor subunit gamma-1
Gamma-aminobutyric acid receptor subunit gamma-3
Gamma-aminobutyric acid type B receptor subunit 1
4-aminobutyrate aminotransferase, mitochondrial
Guanine nucleotide-binding protein G(I)/G(S)/G(T) subunit beta-1
Guanine nucleotide-binding protein G(I)/G(S)/G(T) subunit beta-3
Guanine nucleotide-binding protein G(T) subunit gamma-T1
Gamma-aminobutyric acid receptor subunit alpha-1
Gamma-aminobutyric acid receptor subunit pi
Galanin receptor type 3
Guanine nucleotide-binding protein G(I)/G(S)/G(O) subunit gamma-7
Gamma-aminobutyric acid receptor subunit gamma-2
Gamma-aminobutyric acid receptor subunit rho-1
Gamma-aminobutyric acid receptor subunit alpha-4
Gamma-aminobutyric acid receptor subunit alpha-5
Gamma-aminobutyric acid receptor subunit beta-3
Gamma-aminobutyric acid receptor subunit theta
Gamma-aminobutyric acid receptor exp-1
Gamma-aminobutyric acid receptor subunit beta-4
Gamma-aminobutyric acid receptor subunit gamma-4
Gamma-aminobutyric acid receptor subunit rho-3
Guanine nucleotide-binding protein G(I)/G(S)/G(O) subunit gamma-10
Guanine nucleotide-binding protein G(I)/G(S)/G(O) subunit gamma-8
Gamma-aminobutyric acid receptor subunit alpha-2
Glutamine synthetase
Glycine receptor subunit beta-type 4
Probable G-protein coupled receptor 149
Glutamate-gated chloride channel subunit beta
Probable G-protein coupled receptor 176
Glycine receptor subunit beta
Guanine nucleotide-binding protein G(s) subunit alpha
Glutamate-gated chloride channel alpha
Guanine nucleotide-binding protein G(olf) subunit alpha
Guanine nucleotide-binding protein G(t) subunit alpha-3
Glutaminase kidney isoform, mitochondrial
Metabotropic glutamate receptor 1
Metabotropic glutamate receptor 2
Metabotropic glutamate receptor 4
Metabotropic glutamate receptor 5
Metabotropic glutamate receptor 6
Guanine nucleotide-binding protein G(i) subunit alpha-1
Guanine nucleotide-binding protein G(i) subunit alpha-2
G-protein coupled receptor 1
Glutamate receptor-interacting protein 2
Metabotropic glutamate receptor 3
Homer protein homolog 1
Histamine H1 receptor
Potassium channel subfamily K member 18
ATP-sensitive inward rectifier potassium channel 15
Potassium channel subfamily K member 3
Sodium/chloride cotransporter 3
Small conductance calcium-activated potassium channel protein 2
ATP-sensitive inward rectifier potassium channel 12
Small conductance calcium-activated potassium channel protein 3
Calcium/calmodulin-dependent protein kinase type II alpha chain
Calcium/calmodulin-dependent protein kinase type IV
G protein-activated inward rectifier potassium channel 3
Calcium/calmodulin-dependent protein kinase kinase 1
Ribosomal protein S6 kinase alpha-6
Kinesin heavy chain isoform 5A
Protein lin-7 homolog C
Ligand-gated ion channel 50
Liprin-alpha-3
Liprin-alpha-1
Liprin-alpha-2
Lysophosphatidic acid receptor 3
Protein lin-7 homolog B
Liprin-alpha-4
Protein lunapark-1
Leucine-rich repeat-containing protein 15
Pro-MCH
Pro-MCH 1
Pro-MCH 2
Pro-MCH variant
Putative pro-MCH-like protein 2
MAP kinase-activating death domain protein
Putative pro-MCH-like protein 1
Myelin basic protein
Misshapen-like kinase 1
Hepatocyte growth factor receptor
Melatonin receptor type 1B
MYCBP-associated protein
Myelin protein P0
Myelin proteolipid protein
Glutamate  receptor subunit 1
Neuropeptides B/W receptor type 1
Neuropeptides B/W receptor type 2
Neuropeptide Y receptor type 5
RNA-binding protein Nova-1
Pro-neuropeptide Y
Neurexin-2-beta
Neuropeptide FF receptor 2
Neuropeptide Y receptor type 2
Neuropeptide FF receptor 1
Neuronal pentraxin-2
Neurexin-3-beta
Kappa-type opioid receptor
Orexin receptor type 2
Tyramine receptor tyra-2
Olfactory marker protein
Nociceptin receptor
Orexin receptor type 1
Tyramine/octopamine receptor
P2Y purinoceptor 1
Polyadenylate-binding protein
P2Y purinoceptor 11
Protocadherin beta-3
Protocadherin beta-13
Protocadherin beta-16
Pigment-dispersing hormone B
Protocadherin beta-2
Protocadherin-8
cAMP-specific 3',5'-cyclic phosphodiesterase 7B
Pigment-dispersing hormone type 2
Pigment-dispersing hormone A peptides
Protocadherin beta-4
Protocadherin beta-6
Pigment-dispersing hormone type 1
Pigment-dispersing hormone C
Pigment-dispersing hormone peptides
Proenkephalin-B
Pannexin-1
Prostaglandin D2 receptor 2
Pigment-dispersing hormone 1 peptides
Protocadherin beta-10
Protocadherin beta-11
Pigment-dispersing hormone 2 peptides
Protocadherin beta-5
Protocadherin beta-9
Protocadherin beta-14
1-phosphatidylinositol 4,5-bisphosphate phosphodiesterase beta-3
Phosphoglycerate kinase
PRKCA-binding protein
1-phosphatidylinositol 4,5-bisphosphate phosphodiesterase beta-1
Prepronociceptin
1-phosphatidylinositol 4,5-bisphosphate phosphodiesterase beta-2
Peripheral myelin protein 22
Nociceptin
Low molecular weight phosphotyrosine protein phosphatase
Lysosomal acid phosphatase
GTP-binding protein Rit2
Peripheral-type benzodiazepine receptor-associated protein 1
Ras-related protein R-Ras
Solute carrier family 12 member 5
Solute carrier family 12 member 7
Solute carrier family 12 member 4
Sodium- and chloride-dependent GABA transporter 2
Sodium- and chloride-dependent betaine transporter
Sodium- and chloride-dependent GABA transporter 3
Sodium- and chloride-dependent GABA transporter 1
Synapse-associated protein of 47 kDa
SLIT and NTRK-like protein 5
Survival motor neuron protein
Somatostatin
Succinate-semialdehyde dehydrogenase, mitochondrial
Somatostatin receptor type 2
Somatostatin receptor type 3
Somatostatin receptor type 5
Somatostatin receptor type 4
Somatostatin receptor type 1
Beta-synuclein
Gamma-synuclein
Substance P
Translocator protein
Protein unc-13 homolog C
Urotensin-2
