Siderophore iron transporter ARN2
Siderophore iron transporter ARN1
Probable TonB-dependent receptor BfrD
Facilitator of iron transport 1
Catecholate siderophore receptor Fiu
Ferrichrome receptor FcuA
Ferrichrysobactin receptor
Ferric anguibactin receptor
FhuE receptor
Fe(3+) dicitrate transport protein FecA
Facilitator of iron transport 3
Fe(3+)-pyochelin receptor
Ferric/cupric reductase transmembrane component 2
Ferrioxamine receptor
Facilitator of iron transport 2
Ferripyoverdine receptor
Pesticin receptor
Ferric reductase transmembrane component 3
Ferrioxamine B receptor
Ferric reductase transmembrane component 4
Ferric aerobactin receptor
Ferric-pseudobactin M114 receptor PbuA
Ferric enterobactin receptor
Ferric-pseudobactin BN7/BN8 receptor
Ferric-pseudobactin 358 receptor
Rhizobactin receptor
Protein TonB
Vibriobactin receptor
Probable TonB-dependent receptor YncD
