1-aminocyclopropane-1-carboxylate synthase 9
ATPase expression protein 2, mitochondrial
Protein argonaute
Alternative ribosome-rescue factor A
Mitochondrial translation factor ATP22
Protein CASC3
Cell division cycle and apoptosis regulator protein 1
Cell division cycle protein 123
Cell division cycle protein 123 homolog
ATP-dependent RNA helicase p62
ATP-dependent RNA helicase DHH1
ATP-dependent RNA helicase dhh1
DAZ protein 1
Probable ATP-dependent RNA helicase ddx6
Putative ATP-dependent RNA helicase ste13
Putative ATP-dependent RNA helicase me31b
ATP-dependent RNA helicase VAD1
DnaJ homolog subfamily C member 1
Piwi-like protein ergo-1
Hsp70 nucleotide exchange factor fes1
Hsp70 nucleotide exchange factor FES1
Hsp70 nucleotide exchange factor fes-1
Glyceraldehyde-3-phosphate dehydrogenase
Glyceraldehyde-3-phosphate dehydrogenase, muscle
Protein Gawky
Heterogeneous nuclear rnp K-like protein 2
Hemoglobin subunit alpha-1/2
Ribosome hibernation promoting factor
Probable ribosome hibernation promoting factor
Transactivator/viroplasmin protein
Putative transactivator/viroplasmin protein
Eukaryotic initiation factor 4A-III-B
Insulin-like growth factor 2 mRNA-binding protein 2
Eukaryotic initiation factor 4A-III-A
Insulin-like growth factor 2 mRNA-binding protein 1
Eukaryotic initiation factor 4A-III
Protein IMPACT homolog
Insulin-like growth factor 2 mRNA-binding protein 3
Fur leader peptide
Protein LSM14 homolog A
MIF4G domain-containing protein B
MIF4G domain-containing protein A
Protein mago nashi homolog
MIF4G domain-containing protein
MAP kinase-interacting serine/threonine-protein kinase 2
MAP kinase-interacting serine/threonine-protein kinase 1
ATP-dependent RNA helicase MSS116, mitochondrial
ATP-dependent RNA helicase mss116, mitochondrial
RNA-binding protein MRN1
Mitochondrial ribosome-associated GTPase 1
eRF1 methyltransferase catalytic subunit MTQ2
Nuclear cap-binding protein subunit 1-A
Nuclear cap-binding protein subunit 1-B
Neuroguidin-B
Neuroguidin-A
Polyadenylate-binding protein 1
Polyadenylate-binding protein 5
Polyadenylate-binding protein, cytoplasmic and nuclear
Polyadenylate-binding protein-interacting protein 2
PCI domain-containing protein 2 homolog
Polyadenylate-binding protein 7
Polyadenylate-binding protein 3
Protein PET54
DNA topoisomerase 2-associated protein pat1
Protein penguin
Piwi-like protein 2
Protein phosphatase 1 regulatory subunit 15A
Serine/threonine-protein phosphatase PP2A-2 catalytic subunit
Serine/threonine-protein phosphatase PP2A-1 catalytic subunit
Polypyrimidine tract-binding protein homolog 3
Pumilio domain-containing protein 12
Pumilio domain-containing protein 5
Putative pumilio homolog 17
Putative pumilio homolog 22
Putative pumilio homolog 19
Pumilio homolog 1
Pumilio homolog 26
Putative pumilio homolog 8, chloroplastic
Serine/threonine-protein kinase PSK1
Pumilio homolog 11
Pumilio homolog 2
Pumilio homolog 6, chloroplastic
Pumilio homolog 12
Pumilio homolog 14
Putative pumilio homolog 20
Putative pumilio homolog 25
Pumilio homolog 15
Pumilio homolog 3
COX3 mRNA-specific translational activator PET494
Pumilio domain-containing protein 7
Putative pumilio homolog 16
Protein quaking-B
Putative pumilio homolog 10
Putative pumilio homolog 13
Pumilio homolog 18
Putative pumilio homolog 21
Pumilio homolog 9
Protein quaking
Pumilio homolog 24
Pumilio homolog 4
Putative pumilio homolog 7, chloroplastic
Ribosome-associated inhibitor A
RNA-binding protein 3
RNA-binding protein 8A
Protein quaking-A
RNA-binding protein 8A-A
RNA interference defective protein 10
Translation repressor protein
RNA-binding protein 8A-B
DEAD-box ATP-dependent RNA helicase 12
DEAD-box ATP-dependent RNA helicase 6
Regulator of G-protein signaling 2
DEAD-box ATP-dependent RNA helicase 8
Ribosome modulation factor 2
Oocyte-specific histone RNA stem-loop-binding protein 2
Antiviral helicase SLH1
Antiviral helicase SKI2
Protein SLF1
Translational activator of cytochrome c oxidase 1
Trinucleotide repeat-containing gene 6B protein
Trinucleotide repeat-containing gene 6C protein
Zinc finger protein 706
