Serine/threonine-protein kinase TEL1
Serine/threonine-protein kinase ATM
Serine/threonine-protein kinase tel1
Serine-protein kinase ATM
ATR-interacting protein mus304
Serine/threonine-protein kinase ATR
Bloom syndrome protein homolog
COMPASS component BRE2
Telomere length regulation protein clk-2
CST complex subunit CTC1
Protein artemis
DNA replication ATP-dependent helicase/nuclease DNA2
Telomere length regulation protein ELG1
Telomere length regulation protein elg1
Exodeoxyribonuclease 1
Single-strand telomeric DNA-binding protein GBP2
Histone H3.1t
Histone H4
ATP-dependent DNA helicase hus2/rqh1
Double-strand break repair protein mre-11
Maintenance of mitochondrial morphology protein 1
Mediator of replication checkpoint protein 1
Double-strand break repair protein MRE11A
DNA repair and telomere maintenance protein nbs1
Nibrin
Poly  synthase 3)
PAB1-binding protein 2
ATP-dependent DNA helicase PIF7
ATP-dependent DNA helicase pif1
ATP-dependent DNA helicase PIF1
ATP-dependent DNA helicase PIF5
ATP-dependent DNA helicase PIF3
ATP-dependent DNA helicase PIF6
ATP-dependent DNA helicase PIF2
ATP-dependent DNA helicase pfh1
ATP-dependent DNA helicase PIF4
Protection of telomeres protein 1c
Ubiquitin-like protein pmt3/smt3
Protection of telomeres protein 1b
DNA repair protein RAD50
DNA repair protein rhp51
DNA repair protein RAD51 homolog 4
DNA repair protein rad-50
Probable DNA repair protein RAD50
DNA repair protein rad50
Replication protein A 70 kDa DNA-binding subunit
Replication factor A protein 3
Replication protein A 32 kDa subunit-A
Telomere-associated protein RIF1
Replication protein A 32 kDa subunit-B
Telomere length regulator protein rif1
ATP-dependent DNA helicase RRM3
Regulator of telomere elongation helicase 1 homolog
Histone-lysine N-methyltransferase, H3 lysine-4 specific
Threonylcarbamoyl-AMP synthase
COMPASS component SWD3
COMPASS component SWD1
Single-stranded TG1-3 DNA-binding protein
Telomeric repeat-binding factor 1
Tankyrase-2
Telomeric DNA-binding factor trf1
Werner syndrome ATP-dependent helicase homolog
5'-3' exoribonuclease 1
