Alternative prion protein
CCR4-associated factor 4 homolog
Cholinephosphotransferase 1
Trifunctional enzyme subunit beta, mitochondrial
Mitochondrial fission protein ELM1
3-keto-steroid reductase
Mitochondria fission 1 protein
Protein fmp52-1, mitochondrial
Protein FMP52-3, mitochondrial
Protein fmp52, mitochondrial
Protein FMP52-2, mitochondrial
Protein FMP52-1, mitochondrial
Protein FMP52, mitochondrial
Protein fmp52-2, mitochondrial
Protein fmp-52, mitochondrial
Transmembrane GTPase fzo-1
GTPase IMAP family member 5
Glycerol kinase 2
Putative glycerol kinase 3
Hexokinase-3
Mitochondrial outer membrane protein IML2
Mitochondrial outer membrane protein iml2
Mitochondrial outer membrane protein iml-2
LETM1 domain-containing protein 1
NADH-cytochrome b5 reductase 2
NADH-cytochrome b5 reductase 2-A
Mitochondrial division protein 1
NADH-cytochrome b5 reductase 2-B
Mitochondrial distribution and morphology protein 34
Mitofusin-1
MIOREX complex component 11
Mitochondrial sorting homolog
Protein misato homolog 1
NADH-cytochrome b5 reductase 3
NADH-cytochrome b5 reductase 1
Mitochondrial outer membrane protein OM14
Mitochondrial cardiolipin hydrolase
Sorting and assembly machinery component 50 homolog B
Sorting and assembly machinery component 50 homolog A
SAM50-like protein CG7639
SAM50-like protein gop-3
Stannin
Endophilin-B1
Mitochondrial import receptor subunit TOM70
Mitochondrial import receptor subunit TOM22 homolog
Mitochondrial import receptor subunit tom70
UPF0744 protein YSC83
Mitochondrial outer membrane protein YKR018C
Mitochondrial outer membrane protein SCY_3392
Mitochondrial outer membrane protein CAGL0G03245g
