Probable 1-alkyl-2-acetylglycerophosphocholine esterase
Probable lipid hydrolase 463L
GDSL esterase/lipase APG
Chitin deacetylase
Colipase A
Colipase-like protein 2
Colipase B
Colipase-like protein 1
Conodipine-M beta chain
GDSL esterase/lipase CPRD49
Cutinase 1
GDSL esterase/lipase EXL3
GDSL esterase/lipase EXL2
GDSL esterase/lipase EXL5
GDSL esterase/lipase EXL1
GDSL esterase/lipase At5g22810
GDSL esterase/lipase At1g71691
GDSL esterase/lipase At2g04570
GDSL esterase/lipase At2g23540
GDSL esterase/lipase At2g30220
GDSL esterase/lipase At2g40250
GDSL esterase/lipase At1g20120
GDSL esterase/lipase At3g27950
GDSL esterase/lipase At3g48460
GDSL esterase/lipase At4g16220
GDSL esterase/lipase At4g28780
GDSL esterase/lipase At1g29670
GDSL esterase/lipase At1g58480
GDSL esterase/lipase At3g26430
GDSL esterase/lipase At3g53100
GDSL esterase/lipase At4g18970
GDSL esterase/lipase At5g03820
GDSL esterase/lipase At1g28660
GDSL esterase/lipase At1g58430
GDSL esterase/lipase At1g58725
GDSL esterase/lipase At1g73610
GDSL esterase/lipase At2g03980
GDSL esterase/lipase At2g19060
GDSL esterase/lipase At2g27360
GDSL esterase/lipase At2g36325
GDSL esterase/lipase At3g14820
GDSL esterase/lipase At3g43570
GDSL esterase/lipase At4g01130
GDSL esterase/lipase At5g03590
GDSL esterase/lipase At5g03600
GDSL esterase/lipase At5g03980
GDSL esterase/lipase At5g41890
GDSL esterase/lipase At5g45950
GDSL esterase/lipase At5g55050
GDSL esterase/lipase At5g42170
GDSL esterase/lipase At1g28600
GDSL esterase/lipase 5
GDSL esterase/lipase At3g43550
GDSL esterase/lipase At4g16230
GDSL esterase/lipase At1g28570
GDSL esterase/lipase At5g08460
GDSL esterase/lipase At5g33370
GDSL esterase/lipase At5g45920
GDSL esterase/lipase At5g45960
GDSL esterase/lipase At5g63170
GDSL esterase/lipase At1g28640
GDSL esterase/lipase 6
GDSL esterase/lipase At1g28610
GDSL esterase/lipase At1g06990
GDSL esterase/lipase At1g59406
GDSL esterase/lipase At1g09390
GDSL esterase/lipase At2g04020
GDSL esterase/lipase At2g19010
GDSL esterase/lipase At1g18120
GDSL esterase/lipase At2g30310
GDSL esterase/lipase At3g50400
GDSL esterase/lipase At3g62280
GDSL esterase/lipase At4g26790
GDSL esterase/lipase At5g03810
GDSL esterase/lipase At5g37690
GDSL esterase/lipase 3
GDSL esterase/lipase 7
GDSL esterase/lipase At1g33811
GDSL esterase/lipase At1g54790
GDSL esterase/lipase At1g59030
GDSL esterase/lipase At2g31550
GDSL esterase/lipase At2g38180
GDSL esterase/lipase At3g09930
GDSL esterase/lipase At1g23500
GDSL esterase/lipase At4g10955
GDSL esterase/lipase At5g03610
GDSL esterase/lipase At1g28590
GDSL esterase/lipase At1g28650
GDSL esterase/lipase At1g28670
GDSL esterase/lipase At1g71250
GDSL esterase/lipase At1g74460
GDSL esterase/lipase At2g19050
GDSL esterase/lipase At2g24560
GDSL esterase/lipase At2g31540
GDSL esterase/lipase At2g42990
GDSL esterase/lipase At5g18430
GDSL esterase/lipase At5g45670
GDSL esterase/lipase At5g45910
GDSL esterase/lipase At5g62930
GDSL esterase/lipase 4
Thermolabile hemolysin
Iron-dependent extradiol dioxygenase
Isoamyl acetate-hydrolyzing esterase 1 homolog
Lipase member J
Lipase member M
Probable secreted lipase ARB_00047
Lipase member N
Lipase member K
Lipase 1
GDSL esterase/lipase LIP-4
Leucine-rich colipase-like protein 1
Lipase ZK262.3
Lipase 3
Inactive pancreatic lipase-related protein 1
Mono- and diacylglycerol lipase
Neutral cholesterol ester hydrolase 1
Platelet-activating factor acetylhydrolase IB subunit beta
Platelet-activating factor acetylhydrolase 2, cytoplasmic
Platelet-activating factor acetylhydrolase IB subunit gamma
Phospholipase A2 trimorphin
Platelet-activating factor acetylhydrolase homolog 2
Poly(3-hydroxyalkanoate) depolymerase C
Putative phospholipase B-like lamina ancestor
Phospholipase A1 member A
Putative phospholipase B-like 2
Patatin-like protein 8
Patatin-like protein 6
Patatin-like phospholipase domain-containing protein 5
Poly(3-hydroxyalkanoate) depolymerase
Phospholipase-B 81
Patatin-like protein 3
Patatin-like phospholipase domain-containing protein 1
Putative phospholipase B-like 3
Phospholipase B
Extracellular phospholipase C
Patatin-like protein 2
Probable inactive patatin-like protein 9
Patatin-like protein 1
Seed fatty acyl-ester hydrolase
Protein teg
Lysophospholipase VolA
Putative lipase YDL109C
Putative lipase YDR444W
