Biorientation of chromosomes in cell division protein 1
Biorientation of chromosomes in cell division protein 1-like 2
G2/mitotic-specific cyclin-1
Cell division control protein 2 homolog 2
Caltractin
Cell division control protein 2 homolog C
Cell division control protein 2 homolog A
Cell division control protein 2 homolog D
Centrosomal protein of 55 kDa
Cell division control protein 2 homolog 1
Cell division protein kinase 2 homolog
Cell division control protein 2 homolog B
Cyclin-dependent kinase 1
Cyclin-dependent kinase 3
CLIP-associating protein 1-A
CLIP-associating protein 1-B
Echinoderm microtubule-associated protein-like 4
Protein EGT2
DNA excision repair protein ERCC-6-like
Extracellular signal-regulated kinase 1
Kinetochore protein fta5
Septation protein imp2
Kinesin-like protein KLP2
Kinetochore null protein 1
Leishmanolysin-like peptidase
Leucine-rich repeat and coiled-coil domain-containing protein 1
Microtubule-associated protein RP/EB family member 2
Mis18-binding protein 1
Morphogenetic neuropeptide
Mitotic interactor and substrate of PLK1
Mitogen-activated protein kinase homolog MMK1
Nuclear migration protein nudC
Central kinetochore subunit OKP1
Nuclear movement protein nudC
Sjoegren syndrome/scleroderma autoantigen 1
Protein zwilch homolog
