Acetyl-coenzyme A synthetase 1
Anterior gradient protein 3
UDP-N-acetylglucosamine transferase subunit ALG13
UDP-N-acetylglucosamine transferase subunit ALG13 homolog
Protein adg1
Putative bifunctional UDP-N-acetylglucosamine transferase and deubiquitinase ALG13
Collagen type IV alpha-3-binding protein
KDEL-tailed cysteine endopeptidase CEP2
Cadherin-like and PC-esterase domain-containing protein 1
DDRGK domain-containing protein 1
Deoxyribonuclease-1-like 1
ER membrane protein complex subunit 8/9 homolog
GPI transamidase component gaa1
Germin GS1
Germin GS2
Glucosidase 2 subunit beta
Heat shock 70 kDa protein 13
IAA-amino acid hydrolase ILR1
LDLR chaperone MESD
Meiotically up-regulated gene 121 protein
Neurobeachin-like protein 2
Choline-phosphate cytidylyltransferase B
GPI transamidase component PIG-S homolog
GPI transamidase component GAB1 homolog
Protein rds1
Selenoprotein M
Translationally-controlled tumor protein homolog
Trafficking protein particle complex subunit 3
Trafficking protein particle complex subunit 9
VEL1-related protein AC977.05c
