Guanylate kinase homolog
3-hydroxyasparagine phosphotransferase
Isopentenyl phosphate kinase
Adenylate kinase homolog MTH_1663
5-(aminomethyl)-3-furanmethanol phosphate kinase
L-threonine kinase
Putative postmeiotic segregation increased 2-like protein 11
Putative pantoate kinase
Pantoate kinase
Putative phosphoenolpyruvate synthase
GTP pyrophosphokinase
Probable GTP pyrophosphokinase
Probable GTP diphosphokinase RSH3, chloroplastic
Putative GTP diphosphokinase RSH1, chloroplastic
GTP pyrophosphokinase rsh
Probable GTP diphosphokinase RSH2, chloroplastic
Putative kinase Y4dM
ATP-dependent kinase YFH7
Putative kinase Y4mE
Putative kinase HI_0665
Putative kinase YjjJ
GTP pyrophosphokinase YjbM
Putative phosphotransferase YtmP
GTP pyrophosphokinase YwaC
Toxin zeta
