Aspartyl/asparaginyl beta-hydroxylase
Sarcoplasmic/endoplasmic reticulum calcium ATPase 1
Sarcoplasmic/endoplasmic reticulum calcium ATPase 2
Sarcoplasmic/endoplasmic reticulum calcium ATPase 3
Calcium-transporting ATPase sarcoplasmic/endoplasmic reticulum type
Carboxyl-terminal PDZ ligand of neuronal nitric oxide synthase protein
Calsequestrin-1
Calcium homeostasis endoplasmic reticulum protein
Myotonin-protein kinase
Dehydrogenase/reductase SDR family member 7C
Junctophilin-1
Junctophilin-2
Inositol 1,4,5-trisphosphate receptor type 2
Calcium/calmodulin-dependent protein kinase type II subunit beta
Calcium/calmodulin-dependent protein kinase type II subunit delta
Calcium/calmodulin-dependent protein kinase type II subunit gamma
Myoregulin
GPI-linked NAD(P)(+)--arginine ADP-ribosyltransferase 1
Cardiac phospholamban
Ryanodine receptor 2
Sarcolipin
Ryanodine receptor 3
Putative protein SCAMPER
Sarcolamban A
Sarcolamban B
Sorcin
Sarcoplasmic reticulum histidine-rich calcium-binding protein
Nesprin-2
Trimeric intracellular cation channel type A
Trimeric intracellular cation channel type B
Triadin
