Probable extracellular serine carboxypeptidase
Rhomboid protease AarA
Acetyl-coenzyme A synthetase
Alkaline proteinase
Alkaline protease Gr3
Acylamino-acid-releasing enzyme
Signal transduction histidine-protein kinase ArlS
Subtilisin-like serine protease AS-E2
Antiviral serine protease
Complement C1r subcomponent
Cathepsin G
Complement factor B
Probable glutamyl endopeptidase, chloroplastic
ATP-dependent Clp protease proteolytic subunit
Complement factor D
Complement factor B-like protease
Putative ATP-dependent Clp protease proteolytic subunit
Probable ATP-dependent Clp protease proteolytic subunit
Chymase
Collagenolytic protease 35 kDa 2
Collagenolytic protease 36 kDa C
Collagenolytic protease 36 kDa A
Cocoonase
Collagenolytic protease 25 kDa II/III
Collagenolytic protease 36 kDa B
Cyanophycinase
Collagenolytic protease 28 kDa
Collagenolytic protease 36 kDa
Probable CtpA-like serine protease
CO(2)-response secreted protease
Carboxyl-terminal-processing peptidase 3, chloroplastic
Carboxy-terminal-processing protease
C-terminal processing peptidase, chloroplastic
Cuticle-degrading protease-like protein
Carboxy-terminal processing protease CtpA
Chymotrypsin LT_CH 1
Dipeptidyl aminopeptidase BIII
Serine endoprotease DegS
Dipeptidyl aminopeptidase 4
Mite allergen Der p 6
Putative protease Do-like 6, chloroplastic
Dipeptidyl peptidase family member 6
Dipeptidyl peptidase family member 2
Inactive dipeptidyl peptidase 10
Probable dipeptidyl-peptidase 5
Dipeptidyl-peptidase 5
Dipeptidyl peptidase 8
Dipeptidyl-peptidase 4
Probable dipeptidyl peptidase 4
Dipeptidyl peptidase 9
Dipeptidyl peptidase family member 1
Dipeptidyl peptidase 4
Elastase
Major allergen Epi p 1
Poly(U)-specific endoribonuclease
Endopeptidase L4
Fibrinolytic enzyme large subunit
Serine protease gd
Granzyme B(G,H)
Granzyme K
Granzyme A
Granzyme B
Granzyme M
Serine protease hepsin
Hepatocyte growth factor activator
Serine protease HTRA3
Serine protease HTRA1
Serine protease HTRA2, mitochondrial
Protein ImpA
Mitochondrial inner membrane protease subunit 2
Mitochondrial inner membrane protease subunit 1
Kallikrein-10
Kallikrein-11
Kallikrein-4
Kallikrein-15
Kallikrein-5
Kallikrein-7
Signal peptidase I
Probable signal peptidase I
Signal peptidase IB
Kallikrein-12
Murein tetrapeptide carboxypeptidase
Inactive signal peptidase IA
Signal peptidase I U
Probable signal peptidase I-2
Signal peptidase I S
Probable murein peptide carboxypeptidase
Probable signal peptidase I-1
Signal peptidase I V
Signal peptidase I P
Signal peptidase I T
Lopap
Lysyl endopeptidase
Myofibril-bound serine protease
Mast cell protease 3
Protein MucA
Alkaline protease Cc3
Pro-apoptotic serine protease NMA111
Nisin-resistance protein
N-V protease
Serine protease nudel
Alkaline protease 1
Peptidase E
Xaa-Pro dipeptidyl-peptidase
Lysosomal Pro-X carboxypeptidase
Putative Xaa-Pro dipeptidyl-peptidase
Probable alpha-aspartyl dipeptidase
Alpha-aspartyl dipeptidase
Putative peptidase PfaP
Plasminogen
Protease 2 large chain
Tail-specific protease
Secreted proteinase
Serine protease 29
Prolyl endopeptidase
Serine protease 28
Serine protease 33
Extracellular serine protease
Alpha-lytic protease L1
Prostasin
Prolyl tripeptidyl peptidase
Myeloblastin
Reelin
Retinol-binding protein 3
Subtilase-type proteinase RRT12
Protein SamA
Subtilisin-like protease SBT1.6
Subtilisin-like protease SBT2.5
Prolyl endopeptidase FAP
Serine proteinase
Venom protease
Serine protease SplF
Putative signal peptide peptidase SppA
Serine protease snake
Serine protease SplD
Suppressor of tumorigenicity 14 protein
Suppressor of tumorigenicity 14 protein homolog
Membrane-bound protease PH1510
Thermomycolin
Transmembrane protease serine 2
Transmembrane protease serine 7
Thrombin
Transmembrane protease serine 11B
Transmembrane protease serine 11B-like protein
Transmembrane protease serine 11D
Transmembrane protease serine 11E
Tripeptidyl-peptidase 1
Putative Tricorn-like protease N-terminal subunit
Tricorn protease homolog 1
Tryptase alpha/beta-1
Trypsin
Putative Tricorn-like protease C-terminal subunit
Tryptase gamma
Putative tricorn protease homolog 2
Tricorn protease
Tryptase delta
Tryptase beta-2
Thymus-specific serine protease
Protein UmuD
Venom dipeptidyl peptidase 4
Thrombin-like enzyme Cdc SII
Snake venom serine protease IVa
Protein C activator
Kallikrein-like EII
Beta-fibrinogenase jerdofibrase
Thrombin-like enzyme acutobin-2
Thrombin-like enzyme okinaxobin-2
Thrombin-like enzyme albolabrase
Thrombin-like enzyme D-V
Thrombin-like enzyme RP34
Thrombin-like enzyme gabonase
Thrombin-like enzyme purpurase
Thrombin-like enzyme TL-BJ 2
Wall-associated proteinase
Thrombin-like enzyme BpSP-1
Vipera russelli proteinase RVV-V homolog 1
Thrombin-like enzyme calobin-2
Snake venom serine protease Afaacytin alpha/beta/beta' chains
Thrombin-like enzyme cerastobin
Snake venom serine protease jerdonase
Thrombin-like enzyme TL-BJ 3
Snake venom serine protease
Thrombin-like enzyme TLP
Thrombin-like enzyme Cdc SI
Vipera russelli proteinase RVV-V homolog 4
Thrombin-like enzyme okinaxobin-1
Bradykinin-releasing enzyme KR-E-1
Thrombin-like enzyme TL-BJ 1
Thrombin-like enzyme jerdonobin
Protein CPn_1016/CP_0837/CPj1016/CpB1054
Thrombin-like enzyme LMR-47
Snake venom serine protease AHP-Ka
Snake venom serine proteinase
Vipera russelli proteinase RVV-V homolog 2
Thrombin-like enzyme BJ-48
Putative protease slr0021
Putative carboxypeptidase slr1534
Putative carboxypeptidase RP402
Putative carboxypeptidase VC_A0337
Putative carboxypeptidase SCO6489
Protein CT_858
Putative carboxypeptidase RC0549
Putative carboxypeptidase TP_0688
Putative protease MJ0651
Putative carboxypeptidase YocD
