Acyl carrier protein 3, chloroplastic
Probable 2-carboxy-D-arabinitol-1-phosphatase
CBS domain-containing protein CBSX2, chloroplastic
Nucleoid-associated protein At4g30620, chloroplastic
Small heat shock protein, chloroplastic
Stromal 70 kDa heat shock-related protein, chloroplastic
Protein Iojap, chloroplastic
Multiple organellar RNA editing factor 9, chloroplastic
Probable plastid-lipid-associated protein 7, chloroplastic
Peptidyl-tRNA hydrolase, chloroplastic
Rubisco accumulation factor 2, chloroplastic
Ribulose bisphosphate carboxylase/oxygenase activase, chloroplastic
Rubisco accumulation factor 1, chloroplastic
Ribulose bisphosphate carboxylase/oxygenase activase 1, chloroplastic
Ribulose bisphosphate carboxylase/oxygenase activase 2, chloroplastic
Ribulose bisphosphate carboxylase/oxygenase activase A, chloroplastic
Ribulose bisphosphate carboxylase/oxygenase activase B, chloroplastic
Protein STAY-GREEN, chloroplastic
Tbc2 translation factor, chloroplastic
Protein Ycf2 B
Protein Ycf2 A
