Alanine racemase, biosynthetic
D-alanyl-D-alanine-carboxypeptidase/endopeptidase AmpH
Alpha-amylase 4
Alpha-amylase 2
Annexin B11
D-aspartate ligase
Cdc42 effector protein 2
Cdc42 effector protein 5
CDC42 small effector protein 1
CDC42 small effector protein 1-B
Cdc42 effector protein 4
Cdc42 effector protein 1
Putative callose synthase 6
Cdc42 effector protein 3
Callose synthase 1
Callose synthase 2
Callose synthase 10
Callose synthase 4
Putative callose synthase 8
F-actin-capping protein subunit alpha
CDC42 small effector protein 1-A
Callose synthase 9
Callose synthase 3
Callose synthase 7
C-C motif chemokine 24
Eotaxin
Tubulin-like protein CetZ6
Cell division cycle 7-related protein kinase
Tubulin-like protein CetZ4
Cytoskeleton-binding toxin CbtA
Tubulin-like protein CetZ3
C-C motif chemokine 12
Craniofacial development protein 1
Tubulin-like protein CetZ1
Tubulin-like protein CetZ5
Tubulin-like protein CetZ2
Toxin CptA
Cell division protein CrgA
Cell surface glycoprotein
Cell wall synthesis protein CwsA
Bifunctional protein CrtB/UppS
D-alanine--D-alanine ligase A
D-alanine--D-alanine ligase B
Death-associated protein kinase related
D-alanine--poly(phosphoribitol) ligase subunit 2
Cell division protein DivIVA
Protein dopey
Ermin
Probable glucan 1,3-beta-glucosidase D
Erythrocyte membrane protein band 4.2
Glucan 1,3-beta-glucosidase D
Fermitin family homolog 2
Fimbrin
Fibronectin
FYVE, RhoGEF and PH domain-containing protein 4
1,3-beta-glucan synthase component GSC2
Cell division protein FtsA
UDP-N-acetylmuramoylpentapeptide-lysine N(6)-alanyltransferase
Factor-induced gene 2 protein
1,3-beta-glucan synthase component FKS1
1,3-beta-glucan synthase component FKS3
Peptidoglycan synthase FtsI
Putative lipid II flippase FtsW
Peptidoglycan synthase ftsI homolog
Cell division protein FtsW homolog
Formin-like protein 3
Growth arrest-specific protein 2
Lipid II flippase FtsW
Bifunctional protein GlmU
Gluconeogenesis factor
Putative gluconeogenesis factor
Cell cycle protein GpsB
Histone H3.3
Protein HBT1
Membrane-associated protein Hem
Cell cycle serine/threonine-protein kinase hsk1
Casein kinase I isoform alpha
Casein kinase I isoform beta
Casein kinase I isoform delta-like
Casein kinase I isoform gamma-1
Casein kinase I isoform gamma-2
Casein kinase I isoform alpha-like
Casein kinase I isoform delta-B
Casein kinase I isoform gamma-3
Serine/threonine-protein kinase PITSLRE
Casein kinase I isoform delta-A
Lysophosphatidic acid receptor 1
Penicillin-binding protein activator LpoA
Penicillin-binding protein activator LpoB
Leukocyte-specific transcript 1 protein
Lysophosphatidic acid receptor 1-A
Lysophosphatidic acid receptor 1-B
Phospho-N-acetylmuramoyl-pentapeptide-transferase
Rod shape-determining protein MreB
Cell shape-determining protein MreC
Rod shape-determining protein MreD
UDP-N-acetylmuramate--L-alanyl-gamma-D-glutamyl-meso-2,6-diaminoheptandioate ligase
Bifunctional enzyme MurC/Ddl
UDP-N-acetylglucosamine 1-carboxyvinyltransferase 1
UDP-N-acetylglucosamine 1-carboxyvinyltransferase 2
UDP-N-acetylenolpyruvoylglucosamine reductase 1
UDP-N-acetylenolpyruvoylglucosamine reductase 2
UDP-N-acetylmuramate--L-alanine ligase
UDP-N-acetylglucosamine 1-carboxyvinyltransferase 3
UDP-N-acetylmuramoylalanine--D-glutamate ligase
UDP-N-acetylmuramoyl-L-alanyl-D-glutamate--2,6-diaminopimelate ligase
UDP-N-acetylmuramyl-tripeptide synthetase
UDP-N-acetylmuramoyl-L-alanyl-D-glutamate--L-lysine ligase
UDP-N-acetylmuramoyl-tripeptide--D-alanyl-D-alanine ligase
Glutamate racemase
UDP-N-acetylmuramyl-tripeptide synthetase 2
Putative UDP-N-acetylmuramoyl-L-alanyl-D-glutamate--2,6-diaminopimelate ligase
Putative UDP-N-acetylmuramate--L-alanine ligase
Putative lipid II flippase MurJ
Glutamate racemase 2
Beta-hexosaminidase
UDP-N-acetylenolpyruvoylglucosamine reductase
Glutamate racemase 3
Myosin-10
Glutamate racemase 1
UDP-N-acetylmuramoyl-L-alanyl-D-glutamate--2,6-diaminopimelate ligase 2
Lipid II flippase MurJ
Protein nullo
Small cysteine-rich outer membrane protein omcA
Small cysteine-rich outer membrane protein OmcA
Large cysteine-rich periplasmic protein OmcB
Large cysteine-rich periplasmic protein OmcB, serovars D/H/G/K
Large cysteine-rich periplasmic protein OmcB, serovars L1/L3
Large cysteine-rich periplasmic protein OmcB, serovar C
Large cysteine-rich periplasmic protein OmcB, serovar E
Large cysteine-rich periplasmic protein omcB
Palmdelphin
Paralemmin-2
Large cysteine-rich periplasmic protein OmcB, serovars I/J
Penicillin-binding protein 2D
Penicillin-binding protein 1F
Paralemmin-1
Penicillin-binding protein 4
Penicillin-binding protein 1C
Serine/threonine-protein kinase PknA
Outer membrane porin F
Serine/threonine-protein phosphatase 2B catalytic subunit
Aspartate racemase
Rho-related GTP-binding protein RhoU
Rho-associated protein kinase let-502
Rod shape-determining protein RodA
Serine/threonine-protein kinase sax-1
Protein Shroom3
MAP kinase kinase skh1/pek1
Mitogen-activated protein kinase spm1
Sporulation-specific mitogen-activated protein kinase SMK1
Striatin-interacting protein 2
Serine/threonine-protein kinase StkP
Striatin-interacting proteins 2
Protein SPH1
Ditrans,polycis-undecaprenyl-diphosphate synthase
Protein vav
Cell wall synthesis protein Wag31
Wiskott-Aldrich syndrome protein family member 3
Inactive serine/threonine-protein kinase VRK3
Serine/threonine-protein kinase VRK1
WAS/WASL-interacting protein family member 2
Probable serine/threonine-protein kinase DDB_G0292354
Putative serine/threonine-protein kinase K06H7.1
Putative casein kinase I C03C10.2
Putative serine/threonine-protein kinase ZK507.1
Short-chain Z-isoprenyl diphosphate synthase
Putative serine/threonine-protein kinase ZK507.3
Serine/threonine-protein kinase YPK2/YKR2
