APOBEC1 complementation factor
Protein argonaute-3
Protein argonaute-4
Chromo domain-containing protein 1
Endoribonuclease Dcr-1
Probable ATP-dependent RNA helicase DDX60
Exosome complex exonuclease RRP46 homolog
Female germline-specific tumor suppressor gld-1
Heterogeneous nuclear ribonucleoprotein F
Heat shock protein 15
Heat shock protein 15 homolog
Lon protease homolog, mitochondrial
Protein LSM14 homolog A
Leucine zipper protein 4
RNA-binding protein Musashi homolog 1
Nucleoid-associated protein YejK
Zinc finger protein on ecdysone puffs
RNA-binding protein 1
Double-stranded RNA-specific editase B2
Protein sigma-NS
Tristetraprolin
Non-structural protein 2
