Glucan endo-1,3-beta-D-glucosidase
Probable glucan endo-1,3-beta-glucosidase BG1
Probable glucan endo-1,3-beta-glucosidase BG4
Glucan endo-1,3-beta-glucosidase
Glucan endo-1,3-beta-glucosidase, acidic isoform GL153
Glucan endo-1,3-beta-glucosidase A1
Glucan endo-1,3-beta-glucosidase, acidic isoform PR-Q'
Glucan endo-1,3-beta-glucosidase GI
Glucan endo-1,3-beta-glucosidase 1
Glucan endo-1,3-beta-glucosidase BGN13.1
Glucan endo-1,3-beta-glucosidase, acidic isoform PR-O
Glucan endo-1,3-beta-glucosidase 2
Glucan endo-1,3-beta-glucosidase GII
Probable glucan endo-1,3-beta-glucosidase ARB_02077
Putative glucan endo-1,3-beta-glucosidase GVI
Glucan endo-1,3-beta-glucosidase, acidic isoform PR-N
Glucan endo-1,3-beta-glucosidase 12
Glucan endo-1,3-beta-glucosidase 7
Glucan endo-1,3-beta-glucosidase A
Glucan endo-1,3-beta-glucosidase GIII
Glucan endo-1,3-beta-glucosidase GV
Glucan endo-1,3-beta-glucosidase, acidic isoform GI9
Glucan endo-1,3-beta-glucosidase, acidic isoform GL161
Probable family 17 glucosidase SCW11
