Amyloid beta A4 protein
Amphoterin-induced protein 3
Protein anachronism
Basic leucine zipper and W2 domain-containing protein 2
BTB/POZ domain-containing protein 6-A
BTB/POZ domain-containing protein 6-B
Cerberus
Ciliary neurotrophic factor
Disabled homolog 1
Delta-like protein B
Drebrin
Delta-like protein A
C-mannosyltransferase dpy-19
Ephrin-B1
Electromotor neuron-associated protein 1
Fasciclin-2
Frizzled-6
Frizzled-3
Growth arrest-specific protein 7
Cadherin-related hmr-1
Insulin-like growth factor II-A
Insulin-like growth factor II-B
Protein inscuteable homolog
KIF1-binding protein
Kinase D-interacting substrate of 220 kDa
Integrin alpha-8
Protein KBP homolog
KIF1-binding protein homolog
Kinesin-like protein vab-8
Kremen protein 1
Lipid phosphate phosphatase-related protein type 1
Leucine-rich repeat and calponin homology domain-containing protein 4
Metallophosphoesterase MPPED2
NADH dehydrogenase  flavoprotein 2, mitochondrial
Protein NDRG2
Neuferricin
Immunoglobulin domain-containing protein oig-1
Protocadherin alpha-3
Protocadherin alpha-C2
Protocadherin alpha-4
Protocadherin alpha-5
Protocadherin alpha-10
Protocadherin alpha-11
Protocadherin alpha-7
Protocadherin alpha-8
Protocadherin alpha-6
Protocadherin beta-12
Protocadherin alpha-C1
Protein pecanex
Semaphorin-1A
Semaphorin-3D
Scrapie-responsive protein 1
Semaphorin-2A
Small EDRK-rich factor 1
Small integral membrane protein 3
SLIT-ROBO Rho GTPase-activating protein 2B
SCO-spondin
Transmembrane protein 41B
