Signal transduction histidine-protein kinase AfsQ2
Histidine kinase 3
Histidine kinase 2
Sensor histidine kinase AruS
Signal transduction histidine-protein kinase AtoS
Signal transduction histidine-protein kinase BaeS
Bacteriophytochrome
Calcium-binding protein 39
Histidine protein kinase 1
Receptor protein kinase CLAVATA1
Histidine kinase CKI1
CAI-1 autoinducer sensor kinase/phosphatase CqsS
Sensor protein CseC
Sensor protein CreC
Sensor protein CutS
Sensor protein CpxA
Sensor kinase CusS
Sensor histidine kinase DcuS
C4-dicarboxylate transport sensor protein DctB
Hybrid signal transduction histidine kinase F
Hybrid signal transduction histidine kinase J
Sensor histidine kinase DpiB
Drug sensory protein A
Protein EIN4
Probable ethylene response sensor 2
Osmolarity sensor protein EnvZ
Ethylene response sensor 2
Sensor protein EvgS
Ethylene response sensor 1
Ethylene receptor 2
Sensor protein FixL
Globin-coupled histidine kinase
Sensor histidine kinase GlrK
Sensor histidine kinase component HK2
Inhibitor of nuclear factor kappa-B kinase subunit alpha
Sensor protein KdpD
Autoinducer 2 sensor kinase/phosphatase LuxQ
Autoinducer 1 sensor kinase/phosphatase LuxN
Nitrate/nitrite sensor protein NarX
Nitrate/nitrite sensor protein NarQ
Histidine protein kinase NIK1
Nodulation protein V
Nitrogen regulation protein NR(II)
Probable sensor histidine kinase pdtaS
Sensor protein PhoQ
Sensor protein PfeS
Sensor protein PilS
Phytochrome-like protein cph1
Phosphate regulon sensor protein PhoR
Serine/threonine-protein kinase PRR1
Sensor protein QseC
Probable LRR receptor-like serine/threonine-protein kinase RFK1
Probable LRR receptor-like serine/threonine-protein kinase RKF3
Probable LRR receptor-like serine/threonine-protein kinase RPK1
Sensor protein RprX
Sensor protein RstB
Adaptive-response sensory-kinase SasA
Histidine protein kinase SLN1
Osmosensing histidine protein kinase SLN1
Osmolarity two-component system protein SSK1
Oxidative stress response two-component system protein SSK1
Protein STRUBBELIG
Serine/threonine-protein kinase 10-A
Sensor protein UhpB
Wide host range VirA protein
Ephrin receptor 1
Probable diguanylate cyclase YegE
Sensor histidine kinase YpdA
Sensor protein ZraS
