Phospholipase D LiSicTox-alphaII1
Phospholipase D LiSicTox-betaID1
1-phosphatidylinositol 3-phosphate 5-kinase
HRAS-like suppressor 3
Retinoic acid receptor responder protein 3
Phospholipase A2 imperatoxin-1
Lysophospholipid acyltransferase LPCAT4
60 kDa lysophospholipase
Acidic phospholipase A2 1
Acidic phospholipase A2 PL1
Acidic phospholipase A2 CM-II
Acidic phospholipase A2 CC-PLA2-2
Acidic phospholipase A2 2
Acidic phospholipase A2 beta-bungarotoxin A3 chain
Acidic phospholipase A2 PA-3
Acidic phospholipase A2 3
Acidic phospholipase A2 S7-48J
Acidic phospholipase A2 beta-bungarotoxin A4 chain
Acidic phospholipase A2 4
Acidic phospholipase A2 5
Acidic phospholipase A2 BA1
Acidic phospholipase A2 CH-E6'
Acidic phospholipase A2 VP8
Acidic phospholipase A2 Tpu-E6a
Acidic phospholipase A2 Bc-PL
Acidic phospholipase A2 Cvv-E6b
Acidic phospholipase A2 S4-30
Acidic phospholipase A2 Ts-A3
Acidic phospholipase A2 D
Acidic phospholipase A2 H1E6
Acidic phospholipase A2 HTe
Acidic phospholipase A2 Ts-A6
Acidic phospholipase A2 BpPLA2-TXI
Acidic phospholipase A2 KBf-grIB
Acidic phospholipase A2 beta
Acidic phospholipase A2 MVL-PLA2
Acidic phospholipase A2 Omo-E6
Acidic phospholipase A2 jerdoxin
Otoconin-90
Phospholipase A2 OS1
Phospholipase A2 AP-PLA2-II
Phospholipase A2 2
Acidic phospholipase A2 Drk-a1
Acidic phospholipase A2 PLA-1
Acidic phospholipase A2 PL-I
Acidic phospholipase A2 DsM-a2/DsM-a2'
Acidic phospholipase A2 DE-III
Acidic phospholipase A2 Ts-A1
Acidic phospholipase A2 S1E6-b
Acidic phospholipase A2 S1E6-c
Acidic phospholipase A2 Ts-A4
Acidic phospholipase A2 E
Acidic phospholipase A2 Cvv-E6f
Basic phospholipase A2 beta-bungarotoxin A1 chain
Basic phospholipase A2 3
Basic phospholipase A2 BP-III
Phospholipase A2 "basic"
Basic phospholipase A2 PA-9C
Basic phospholipase A2 B
Basic phospholipase A2 homolog textilotoxin B chain
Basic phospholipase A2 ammodytoxin B
Basic phospholipase A2 PA-12C
Basic phospholipase A2 ammodytoxin C
Basic phospholipase A2 cPt10
Basic phospholipase A2 F15
Basic phospholipase A2 F16
Basic phospholipase A2 trimucrotoxin
Basic phospholipase A2 notexin
Basic phospholipase A2 Pla2Vb
Phospholipase A2 homolog 1
Basic phospholipase A2 homolog 1
Basic phospholipase A2 homolog Pgo-K49
Basic phospholipase A2 homolog Tbo-K49
Basic phospholipase A2 homolog Ts-K49b
Basic phospholipase A2 homolog CTs-K49b
Basic phospholipase A2 homolog promutoxin
Phospholipase A2 homolog
Basic phospholipase A2 homolog BnSP-7
Basic phospholipase A2 homolog zhaoermiatoxin
Acidic phospholipase A2 inhibitor vaspin A chain
Phospholipase A2 homolog otoconin-22
Neutral phospholipase A2 B
Neutral phospholipase A2 paradoxin-like beta chain
Basic phospholipase A2 taipoxin alpha chain
Phospholipase A2
Phospholipase A2 PS22
Phospholipase A2 OS2
Phospholipase A2 EC3
Acidic phospholipase A2 CC-PLA2-1
Acidic phospholipase A2 EC-I
Acidic phospholipase A2 PLA-2
Acidic phospholipase A2 DE-II
Acidic phospholipase A2 PL-II
Acidic phospholipase A2 6
Acidic phospholipase A2 S15-109
Acidic phospholipase A2 RV-7
Acidic phospholipase A2 S1E6-a
Acidic phospholipase A2 daboiatoxin A chain
Acidic phospholipase A2 S13-69J
Acidic phospholipase A2 Tpu-E6b
Acidic phospholipase A2 homolog textilotoxin C chain
Acidic phospholipase A2 CoaPLA2
Acidic phospholipase A2 homolog sistruxin A
Acidic phospholipase A2 homolog vipoxin A chain
Basic phospholipase A2 chain HDP-2P
Basic phospholipase A2 VRV-PL-V
Basic phospholipase A2 beta-bungarotoxin A7 chain
Basic phospholipase A2 10
Basic phospholipase A2 PC10
Basic phospholipase A2 nigroxin A
Basic phospholipase A2 PA-10A
Phospholipase A2 crotoxin basic subunit CBb
Basic phospholipase A2 pseudexin B chain
Basic phospholipase A2 Ts-G6D49
Basic phospholipase A2 beta-bungarotoxin A-AL3 chain
Basic phospholipase A2 cPt09
Basic phospholipase A2 beta-bungarotoxin A-AL4 chain
Basic phospholipase A2 Cdr-13
Basic phospholipase A2 PA-13
Basic phospholipase A2 cPm05
Basic phospholipase A2 cPm08
Basic phospholipase A2 PC16
Basic phospholipase A2 PC17
Basic phospholipase A2 Cvv-N6
Basic phospholipase A2 DsM-S1
Basic phospholipase A2 PL-X'
Basic phospholipase A2 PL-Y
Basic phospholipase A2 BFPA
Basic phospholipase A2 RVV-VD
Basic phospholipase A2 cL038
Basic phospholipase A2 Tbo-G6D49
Basic phospholipase A2 vaspin B chain
Phospholipase A2 EC1
Phospholipase A2 isozymes PA3A/PA3B/PA5
Acidic phospholipase A2 PA4
Acidic phospholipase A2 Vur-PL3
Acidic phospholipase A2 SpII RP4
Acidic phospholipase A2 S3-24
Acidic phospholipase A2 BA2
Acidic phospholipase A2 A'
Acidic phospholipase A2 S8-51
Acidic phospholipase A2 Cvv-E6e
Acidic phospholipase A2 S12-65J
Acidic phospholipase A2 S16-19
Acidic phospholipase A2 S17-58
Acidic phospholipase A2 pgPLA 1b/pgPLA 2b
Basic phospholipase A2 Bfon11
Acidic phospholipase A2
Acidic phospholipase A2 natratoxin
Acidic phospholipase A2 PA-1G
Basic phospholipase A2 BnpTX-1
Basic phospholipase A2 Drk-b1
Basic phospholipase A2 DE-1
Basic phospholipase A2 beta-bungarotoxin A2 chain
Basic phospholipase A2 BP-II
Basic phospholipase A2 notechis II-5
Basic phospholipase A2 73
Basic phospholipase A2 VRV-PL-VIIIa
Basic phospholipase A2 PLA-B
Basic phospholipase A2 F17
Basic phospholipase A2 GL1-1
Basic phospholipase A2 PC20
Basic phospholipase A2 PLA-N
Basic phospholipase A2 PL-X
Basic phospholipase A2 S2-22
Basic phospholipase A2 Bs-N6
Basic phospholipase A2 beta-bungarotoxin A-AL2 chain
Basic phospholipase A2 P'513
Basic phospholipase A2 vurtoxin
Phospholipase A2, membrane associated
Group IIC secretory phospholipase A2
Group IID secretory phospholipase A2
Group 10 secretory phospholipase A2
Basic phospholipase A2 homolog BmatTX-I
Basic phospholipase A2 homolog piratoxin-1
Basic phospholipase A2 homolog 2
Basic phospholipase A2 homolog M1-3-3
Basic phospholipase A2 homolog 5
Basic phospholipase A2 homolog Ts-K49a
Basic phospholipase A2 homolog CTs-K49a
Basic phospholipase A2 homolog ecarpholin S
Basic phospholipase A2 homolog acutohaemolysin
Phospholipase A2 homolog PLA2-03
Acidic phospholipase A2 inhibitor chain HPD-1I
Phospholipase A2 GL16-1
Neutral phospholipase A2 ammodytin I2
Neutral phospholipase A2 muscarinic inhibitor
Basic phospholipase A2 paradoxin-like alpha chain
Phospholipase A2 phaiodactylipin
Phospholipase A2 A2-actitoxin-Cgg2a
Basic phospholipase A2 homolog Tpu-K49a
Basic phospholipase A2 homolog CTs-R6
Basic phospholipase A2 homolog Bsc-K49
Basic phospholipase A2 homolog Gln49-PLA2
Phospholipase A2-like protein Y52B11A.8
Neutral phospholipase A2 3
Neutral phospholipase A2 agkistrodotoxin
Phospholipase A2 A2-actitoxin-Ucs2a
Phospholipase A2 homolog crotoxin acid subunit CA
Acidic phospholipase A2 ammodytin I1
Acidic phospholipase A2 Drk-a2
Acidic phospholipase A2 Vur-PL2B
Acidic phospholipase A2 S9-53F
Acidic phospholipase A2 57
Acidic phospholipase A2 beta-bungarotoxin A6 chain
Acidic phospholipase A2 VP7
Acidic phospholipase A2 A
Acidic phospholipase A2 Cvv-E6h
Phospholipase A2 homolog mojave toxin acidic chain
Acidic phospholipase A2 PePLA2
Acidic phospholipase A2 Tbo-E6
Basic phospholipase A2 acanthin-1
Basic phospholipase A2 BmTX-I
Basic phospholipase A2 Mtx-b
Basic phospholipase A2 DsM-b1/DsM-b1'
Basic phospholipase A2 LmTX-I
Basic phospholipase A2 acanthin-2
Basic phospholipase A2 LmTX-II
Basic phospholipase A2 CbII
Basic phospholipase A2 CM-III
Basic phospholipase A2 beta-bungarotoxin A4 chain
Basic phospholipase A2 4
Basic phospholipase A2 2
Basic phospholipase A2 6
Basic phospholipase A2 S10-58F
Basic phospholipase A2 S11-61
Basic phospholipase A2 beta-bungarotoxin A-AL1 chain
Basic phospholipase A2 A
Phospholipase A2 crotoxin basic chain CBa2
Basic phospholipase A2 PLA-A
Basic phospholipase A2 textilotoxin A chain
Basic phospholipase A2 PA-11
Inactive basic phospholipase A2 W6D49
Basic phospholipase A2 PC14
Basic phospholipase A2 PA-15
Basic phospholipase A2 PA-12A
Basic phospholipase A2 PLA-B'
Basic phospholipase A2 homolog Vur-S49
Basic phospholipase A2 KBf-VA
Basic phospholipase A2 caudoxin
Basic phospholipase A2 KPA2
Basic phospholipase A2 Ceg-N6
Basic phospholipase A2 DAV-N6
Basic phospholipase A2 nigexine
Basic phospholipase A2 Sms-N6
Basic phospholipase A2 Tgc-K49
Basic phospholipase A2 vipoxin B chain
Putative inactive group IIC secretory phospholipase A2
Basic phospholipase A2 homolog piratoxin-2
Basic phospholipase A2 homolog 7
Basic phospholipase A2 homolog Tx-beta
Basic phospholipase A2 homolog Tpu-K49b
Basic phospholipase A2 homolog Ts-R6
Basic phospholipase A2 homolog Ts-K49c
Phospholipase A2 superbin b
Acidic phospholipase A2 BlatPLA2
Phospholipase A2 heteromtoxin
Phospholipase A2 147
Phospholipase A2 AP-PLA2-I
Basic phospholipase A2 1
Basic phospholipase A2 BP-I
Basic phospholipase A2 S6-45
Basic phospholipase A2 bothropstoxin-2
Basic phospholipase A2 Drk-b2
Basic phospholipase A2 CM-II
Basic phospholipase A2 piratoxin-3
Basic phospholipase A2 cL037
Basic phospholipase A2 pseudexin A chain
Basic phospholipase A2 ammodytoxin A
Basic phospholipase A2 sistruxin B
Basic phospholipase A2 Cdr-12
Phospholipase A2 crotoxin basic subunit CBc
Basic phospholipase A2
Basic phospholipase A2 PA-5
Basic phospholipase A2 Tpu-G6D49
Basic phospholipase A2 B chain
Group IIE secretory phospholipase A2
Group IIF secretory phospholipase A2
Acidic phospholipase A2 homolog
Basic phospholipase A2 homolog G6K49
Basic phospholipase A2 homolog TM-N49
Basic phospholipase A2 homolog ammodytin L
Basic phospholipase A2 homolog Cax-K49
Phospholipase A2 pkP2
Phospholipase A2 superbin a
Neutral phospholipase A2 homolog taipoxin beta chain 2
Phospholipase A2 A2-hormotoxin-Apt1a
Phospholipase A2 large subunit
Phospholipase A2 Scol/Pla
Acidic phospholipase A2 S1-11
Acidic phospholipase A2 CM-I
Acidic phospholipase A2 DE-I
Acidic phospholipase A2 S5-32M
Acidic phospholipase A2 Cvv-E6a
Acidic phospholipase A2 CbIalpha
Acidic phospholipase A2 daboiatoxin B chain
Acidic phospholipase A2 C
Acidic phospholipase A2 Tpu-E6c
Acidic phospholipase A2 S14-72F
Acidic phospholipase A2 homolog textilotoxin D chain
Acidic phospholipase A2 Cvv-E6g
Acidic phospholipase A2 CTs-A3
Acidic phospholipase A2 BE-I-PLA2
Acidic phospholipase A2 BITP01A
Acidic phospholipase A2 beta-bungarotoxin A chain
Acidic phospholipase A2 Tgc-E6
Basic phospholipase A2 APP-D49
Basic phospholipase A2 homolog bothropstoxin-1
Basic phospholipase A2 PC1
Basic phospholipase A2 PeBP(R)-I/II
Basic phospholipase A2 chain HDP-1P
Basic phospholipase A2 notechis 11'2
Basic phospholipase A2 Sct-N6
Basic phospholipase A2 myotoxin III
Basic phospholipase A2 Vb-2
Basic phospholipase A2 RV-4
Basic phospholipase A2 beta-bungarotoxin A5 chain
Phospholipase A2 crotoxin basic chain
Basic phospholipase A2 PC9
Basic phospholipase A2 nigroxin B
Basic phospholipase A2 homolog MT1
Basic phospholipase A2 homolog 4a
Neutral phospholipase A2 homolog taipoxin beta chain 1
Acidic phospholipase A2 homolog taipoxin gamma chain
Phospholipase A2 phospholipin
Group XIIA secretory phospholipase A2
Probable phospholipase A2 homolog 1
Phospholipase A2 homolog 3
Probable phospholipase A2 homolog 2
Phospholipase D A
Phospholipase A2 3
Phospholipase D C
Lysophosphatidic acid phosphatase type 6
FIT family protein scs3
FIT family protein SCS3
