Putative aryl-alcohol dehydrogenase AAD14
Probable aryl-alcohol dehydrogenase AAD4
Putative aryl-alcohol dehydrogenase AAD6
Putative aryl-alcohol dehydrogenase AAD15
Putative aryl-alcohol dehydrogenase AAD16
Putative aryl-alcohol dehydrogenase AAD10
Putative aryl-alcohol dehydrogenase AAD3
Putative aldehyde dehydrogenase SACOL2114
Putative aldehyde dehydrogenase SAS2025
Putative aldehyde dehydrogenase DhaS
Alpha-aminoadipic semialdehyde dehydrogenase
Putative aldehyde dehydrogenase family 7 member A1 homolog
Aldehyde dehydrogenase family 7 member A1
Putative aldehyde dehydrogenase SAUSA300_2076
Putative aldehyde dehydrogenase SAOUHSC_02363
Putative aldehyde dehydrogenase SAR2210
Probable aldehyde dehydrogenase YwdH
Probable aldehyde dehydrogenase AldX
Putative aldehyde dehydrogenase SAV2122
Putative aldehyde dehydrogenase MW2046
Aldehyde dehydrogenase 1
Putative aldehyde dehydrogenase SAB2006c
Putative aldehyde dehydrogenase SA1924
Aldehyde dehydrogenase
Beta-apo-4'-carotenal oxygenase
Putative aryl-alcohol dehydrogenase YFL057C
