Amphiphysin
Bcl-2-like protein 1
Glutamate decarboxylase 2
DmX-like protein 2
Dynamin-1-like protein
Dysbindin
Dysbindin-A
Calcium channel flower
Neuromodulin
Otoferlin
Phosphatidylinositol 4-kinase type 2-alpha
Paralemmin-1
Sodium-dependent neutral amino acid transporter SLC6A17
Secretory carrier-associated membrane protein 5
Secretory carrier-associated membrane protein 5B
Semaphorin-4C
Secretory carrier-associated membrane protein 5A
Synaptogyrin-2
Synaptogyrin-3
Synaptogyrin-4
Synaptotagmin-B
Syntaxin-1A
Synaptotagmin-A
Synaptotagmin-C
Synaptotagmin-1
Synaptotagmin-10
Synapsin-2
Synapsin-3
Synaptotagmin-4
Synapsin-1
Vesicular acetylcholine transporter unc-17
Vesicular glutamate transporter 1
Vesicular glutamate transporter 2
Vesicular glutamate transporter 3
Vesicular glutamate transporter 2.2
