Protein AHNAK2
Annexin A2
Annexin A5
Basigin
Calcineurin subunit B type 1
CD59 glycoprotein
Collagen alpha-1(VI) chain
Collagen alpha-2(VI) chain
Dystroglycan
Dystrophin
Filamin-C
Fibroblast growth factor 6
Integrin alpha-7
Laminin subunit alpha-2
Arachidonate 12-lipoxygenase, 12S-type
Myotilin
Sodium/potassium/calcium exchanger 6, mitochondrial
Nitric oxide synthase, brain
High affinity cGMP-specific 3',5'-cyclic phosphodiesterase 9A
Phosphatidylethanolamine N-methyltransferase
Alpha-sarcoglycan
Epsilon-sarcoglycan
Gamma-sarcoglycan
Zeta-sarcoglycan
Delta-sarcoglycan
Beta-sarcoglycan
Sarcolemmal membrane-associated protein
Sarcospan
