Beta-glucosidase 24
Luminal-binding protein 2
Luminal-binding protein 8
Luminal-binding protein 3
Beta-glucosidase 19
Luminal-binding protein 1
Luminal-binding protein 4
Luminal-binding protein 5
Vignain
Thiol protease SEN102
DnaJ homolog subfamily B member 9
Endoplasmic reticulum resident protein 27
Liver carboxylesterase
Liver carboxylesterase 2
Carboxylesterase 3
Gut esterase 1
Liver carboxylesterase 1
Liver carboxylesterase B-1
78 kDa glucose-regulated protein
78 kDa glucose-regulated protein homolog
Probable inactive glycosyltransferase 25 family member 3
Heat shock 70 kDa protein C
22.0 kDa class IV heat shock protein
Hypoxia up-regulated protein 1
22.7 kDa class IV heat shock protein
IAA-amino acid hydrolase ILR1-like 2
Heat shock protein 70 homolog LHS1
Reticulocalbin-1
Reticulocalbin-3
Nucleotide exchange factor SIL1
15 kDa selenoprotein
Torsin-2A
Zygote-specific protein 3
