34 kDa antigenic protein homolog
Adhesion G protein-coupled receptor E4
L-alanine exporter AlaE
Adhesion G protein-coupled receptor E1
L-asparagine permease
Arginine/ornithine antiporter
Calcium-transporting ATPase 2
Putative transporter arsB
Probable GABA permease
Bestrophin homolog 9
Bestrophin-1
Bestrophin-6
Bestrophin-4
Bestrophin homolog 1
Bestrophin homolog 13
Bestrophin homolog 15
Bestrophin homolog 26
Band 3 anion transport protein
Band 3 anion exchange protein
Bestrophin homolog 12
Bestrophin homolog 14
Bestrophin homolog 18
Bestrophin homolog 2
Bestrophin homolog 25
Bestrophin homolog 5
Bestrophin homolog 17
Bestrophin homolog 24
Ca(2+)/H(+) antiporter
Bestrophin homolog 22
Cadherin-89D
Cadherin-6
C-C chemokine receptor-like 2
Cationic amino acid transporter 7, chloroplastic
Cadherin-87A
Putative fused cobalt transport protein CbiMQ
Chemokine C-C motif receptor-like 2
B-lymphocyte antigen CD20
B-cell receptor CD22
Cobalt transport protein CbiQ
B-cell differentiation antigen CD72
CD82 antigen
CD151 antigen
Ca(2+)/H(+) antiporter ChaA
C-type lectin domain family 4 member K
Chitin synthase 1
Collagen alpha-1(XXV) chain
Putative fluoride ion transporter CrcB 1
Putative fluoride ion transporter CrcB 2
Putative fluoride ion transporter CrcB 3
Putative fluoride ion transporter CrcB 4
Cell division protein CrgA
Copper transport protein CTR3
Protein CWH43
Cationic amino acid transporter 4
Cell division protein DivIB
D(1) dopamine receptor
D(5)-like dopamine receptor
D(2) dopamine receptor
D(1)-like dopamine receptor
D(1A) dopamine receptor
D(2) dopamine receptor B
D(2)-like dopamine receptor
D(2) dopamine receptor A
D(3) dopamine receptor
D(1C) dopamine receptor
Ephrin type-B receptor 6
Ephrin type-A receptor 6
Ephrin type-B receptor 5
Protein EVI2B
Formyl peptide receptor-related sequence 7
Cell division protein FtsB
Cell division protein FtsL
Cell division protein FtsQ
Probable G-protein coupled receptor frpr-1
Probable G-protein coupled receptor 171
Probable G-protein coupled receptor 174
Probable G-protein coupled receptor 151
Probable G-protein coupled receptor 152
Probable G-protein coupled receptor 151 protein
Probable G-protein coupled receptor 19
Probable G-protein coupled receptor 25
Probable G-protein coupled receptor 34
Probable G-protein coupled receptor 32
G-protein coupled receptor 35
Probable G-protein coupled receptor 141
Probable G-protein coupled receptor 146
Platelet glycoprotein Ib beta chain
G-protein coupled receptor 42
Solute carrier family 2, facilitated glucose transporter member 3
G-protein coupled receptor 15
Glucose transporter type 3
Inducible T-cell costimulator
Heme transporter hrg-4
Immunoglobulin superfamily DCC subclass member 4
Putative uncharacterized protein KIAA1920
Killer cell immunoglobulin-like receptor 2DS3
Probable lipopolysaccharide assembly protein A
Lipopolysaccharide assembly protein A
Low-density lipoprotein receptor-related protein 12
Mid-cell-anchored protein Z
UPF0056 inner membrane protein MarC
Probable transport accessory protein MmpS3
Mas-related G-protein coupled receptor member A3
Mas-related G-protein coupled receptor member B4
Mas-related G-protein coupled receptor member D
Mas-related G-protein coupled receptor member F
Mas-related G-protein coupled receptor member X4
Mas-related G-protein coupled receptor member B8
Mas-related G-protein coupled receptor member G
Mas-related G-protein coupled receptor member H
Mas-related G-protein coupled receptor member X1
Mas-related G-protein coupled receptor member B5
Merozoite surface antigen 2
Mas-related G-protein coupled receptor member B3
Tryptophan-specific transport protein
Mas-related G-protein coupled receptor member B2
Canalicular multispecific organic anion transporter 2
Protein MTL1
Mas-related G-protein coupled receptor member A6
Mas-related G-protein coupled receptor member X3
Protein NKG7
Sodium/bile acid cotransporter
Sodium/bile acid cotransporter 4
Sodium/bile acid cotransporter 5
Octopamine receptor 1
Orphan toxin OrtT
P2Y purinoceptor 14
Protocadherin 18
SUR7 family protein pun1
Blood group Rh(D) polypeptide
Blood group Rh(CE) polypeptide
Solute carrier family 7 member 13
Two-component-system connector protein SafA
Sodium-coupled neutral amino acid transporter 5
Sodium-dependent dopamine transporter
Protein SKG6
STEAP family member 1B
Transmembrane 4 L6 family member 1
Transmembrane 4 L6 family member 5
Transmembrane protein 45A
Transmembrane gamma-carboxyglutamic acid protein 1
Small toxic protein TisB
Tiger protein D1
Transmembrane gamma-carboxyglutamic acid protein 2
Tetraspanin-11
Tetraspanin-31
Tetraspanin-7
Tetraspanin-16
Tetraspanin-18
Tetraspanin-3
Tetraspanin-8
Tyrosine-specific transport protein 2
Tetraspanin-15
Tetraspanin-9
Tetraspanin-1
sn-glycerol-3-phosphate transport system permease protein UgpE
Putative tetraspanin-19
Tyrosine permease
Uroplakin-1b
Tyrosine-specific transport protein 1
V-set and immunoglobulin domain-containing protein 2
Probable ECA polymerase
UPF0761 membrane protein YpsIP31758_0030
UPF0761 membrane protein YPTS_0028
UPF0756 membrane protein CA_C0092
UPF0761 membrane protein VFMJ11_0098
UPF0761 membrane protein YE0031
UPF0761 membrane protein MS0032
UPF0756 membrane protein Dred_1097
UPF0761 membrane protein HSM_1104
UPF0756 membrane protein Asuc_1151
UPF0756 membrane protein EF_1246
UPF0756 membrane protein YpsIP31758_1251
UPF0761 membrane protein VP0125
UPF0756 membrane protein Daud_1310
UPF0761 membrane protein CT1325
UPF0756 membrane protein LSEI_1366
Glycoprotein Xg
UPF0761 membrane protein YPTB0027
UPF0756 membrane protein Moth_1009
UPF0756 membrane protein HD_1071
UPF0756 membrane protein HI_1074
UPF0756 membrane protein Dd703_1075
UPF0756 membrane protein NTHI1233
UPF0761 membrane protein ABO_1543
UPF0761 membrane protein Cpha266_1653
UPF0761 membrane protein YpAngola_A0034
UPF0756 membrane protein LMHCC_1001
UPF0756 membrane protein PC1_1142
UPF0756 membrane protein YPN_1328
UPF0761 membrane protein HAPS_1376
UPF0761 membrane protein Mpe_A1422
UPF0756 membrane protein HSM_1471
UPF0756 membrane protein PMI1560
UPF0761 membrane protein CBU_1578
UPF0756 membrane protein JDM1_1594
UPF0749 protein Rv1825
UPF0761 membrane protein YPO0028/y3801/YP_0029
UPF0756 membrane protein CKR_1028
UPF0756 membrane protein PEPE_1090
UPF0756 membrane protein KPN78578_11500
UPF0756 membrane protein MS1439
UPF0761 membrane protein Clim_1521
UPF0756 membrane protein lin1603
UPF0761 membrane protein VCD_001626
UPF0756 membrane protein Dred_1676
UPF0756 membrane protein SG1722
UPF0756 membrane protein lp_1894
UPF0756 membrane protein Nther_1957
UPF0756 membrane protein Exig_2210
UPF0756 membrane protein LSA1031
UPF0118 membrane protein Rv1101c
UPF0756 membrane protein Moth_0120
UPF0756 membrane protein YPK_1367
UPF0756 membrane protein lmo1568
UPF0756 membrane protein Lm4b_01579
UPF0756 membrane protein LMOf2365_1590
UPF0761 membrane protein PM1616
UPF0756 membrane protein Ent638_1667
UPF0756 membrane protein ETA_17460
UPF0756 membrane protein NMCC_1816
UPF0756 membrane protein NGK_2061
UPF0756 membrane protein YPA_2248
UPF0756 membrane protein BBR47_23170
UPF0756 membrane protein ACICU_02320
UPF0756 membrane protein plu2726
UPF0761 membrane protein Rfer_2991
UPF0761 membrane protein Ssed_0302
UPF0761 membrane protein VF_0100
UPF0761 membrane protein Cphamn1_1013
UPF0756 membrane protein ECA1265
UPF0295 protein ABC1323
UPF0756 membrane protein lwe1581
UPF0756 membrane protein ABSDF1616
UPF0761 membrane protein Csal_1895
UPF0761 membrane protein VCM66_2662
UPF0761 membrane protein Sputw3181_0272
UPF0756 membrane protein GK2737
UPF0761 membrane protein Sbal_0315
UPF0761 membrane protein azo3165
UPF0761 membrane protein Shewmr4_0316
UPF0761 membrane protein Sama_3404
UPF0756 membrane protein APL_0366
UPF0756 membrane protein YE1142
UPF0761 membrane protein Plut_1323
UPF0761 membrane protein RSc1559
UPF0756 membrane protein LCABL_15860
UPF0761 membrane protein Kkor_1635
UPF0756 membrane protein HAPS_1649
UPF0756 membrane protein PTH_1668
UPF0761 membrane protein CGSHiEE_01670
UPF0756 membrane protein CKO_01811
UPF0756 membrane protein PTH_1817
UPF0756 membrane protein YPDSF_2162
UPF0756 membrane protein ESA_02180
UPF0761 membrane protein YPN_0254
UPF0756 membrane protein BPUM_2558
UPF0761 membrane protein Rru_A2625
UPF0756 membrane protein GTNG_2661
UPF0756 membrane protein GWCH70_2680
UPF0761 membrane protein VC_2742
UPF0761 membrane protein PST_2825
UPF0756 membrane protein YPTS_2884
UPF0761 membrane protein TERTU_3006
UPF0761 membrane protein Bpet3042
UPF0756 membrane protein YpAngola_A3137
UPF0756 membrane protein BH3161
UPF0756 membrane protein KPK_3307
UPF0295 protein Bsph_0336
UPF0761 membrane protein XC_3370
UPF0761 membrane protein Asuc_0342
UPF0761 membrane protein xcc-b100_3490
UPF0761 membrane protein XOO3615
UPF0761 membrane protein NTHI0384
UPF0761 membrane protein AZOSEA40600
UPF0761 membrane protein CBUD_0409
UPF0756 membrane protein BCE33L4336
UPF0756 membrane protein BcerKBAB4_4425
UPF0295 protein Bcer98_0460
UPF0756 membrane protein BCE_4726
UPF0756 membrane protein NT01CX_1209
UPF0756 membrane protein BBR47_12340
UPF0761 membrane protein VS_0126
UPF0761 membrane protein Cpar_1343
UPF0756 membrane protein ABBFA_001344
UPF0756 membrane protein NGO1674
UPF0761 membrane protein VV0203
UPF0756 membrane protein A1S_2121
UPF0761 membrane protein Pmen_2988
UPF0761 membrane protein Bxeno_A3061
UPF0761 membrane protein CKO_03126
UPF0761 membrane protein PBPRA3489
UPF0756 membrane protein HDEF_0364
UPF0761 membrane protein Avin_36810
UPF0761 membrane protein Shewmr7_3708
UPF0761 membrane protein CGSHiGG_04180
UPF0761 membrane protein PLES_43641
UPF0761 membrane protein Nmul_A0452
UPF0295 protein BCG9842_B4782
UPF0756 membrane protein BAA_4851
UPF0756 membrane protein NT05HA_0561
UPF0761 membrane protein PsycPRwf_0630
UPF0295 protein Exig_0660
UPF0756 membrane protein ABAYE1440
UPF0761 membrane protein Paes_1471
UPF0761 membrane protein Ppha_1623
UPF0761 membrane protein PSHAa0171
UPF0761 membrane protein COXBURSA331_A1765
UPF0761 membrane protein NT05HA_1801
UPF0761 membrane protein APL_1950
UPF0756 membrane protein NMA2160
UPF0756 membrane protein YPTB2779
UPF0761 membrane protein Shewana3_0311
UPF0761 membrane protein Sfri_0331
UPF0761 membrane protein Sden_3448
UPF0761 membrane protein MADE_1017605/MADE_1018330
UPF0761 membrane protein Shew_3545
UPF0761 membrane protein Veis_3782
UPF0756 membrane protein BLi03063/BL00400
UPF0761 membrane protein KPN78578_41360
UPF0756 membrane protein BALH_4179
UPF0761 membrane protein Sputcn32_0418
UPF0761 membrane protein CbuG_0433
UPF0761 membrane protein PXO_04555
UPF0756 membrane protein BC_4596
UPF0761 membrane protein Tola_0461
UPF0761 membrane protein NMC0462
UPF0756 membrane protein BCB4264_A4705
UPF0756 membrane protein BAMEG_4871
UPF0761 membrane protein PA14_51960
UPF0761 membrane protein VIBHAR_00593
UPF0295 protein BCAH187_A0594
UPF0295 protein BAA_0600
UPF0761 membrane protein Smal_0716
UPF0295 protein BPUM_0828
UPF0295 protein OB0906
UPF0761 membrane protein CbuK_1808
UPF0756 membrane protein NMC1845
UPF0756 membrane protein Pjdr2_2290
UPF0761 membrane protein IL2447
UPF0756 membrane protein AB57_2455
UPF0761 membrane protein LPC_2650
UPF0761 membrane protein VSAL_I2938
UPF0761 membrane protein Shew185_0314
UPF0761 membrane protein Sbal195_0319
UPF0761 membrane protein Sbal223_0320
UPF0761 membrane protein XOO3417
UPF0761 membrane protein YPA_3514
UPF0295 protein Aflv_0370
UPF0756 membrane protein APJL_0384
UPF0761 membrane protein YPDSF_3877
UPF0756 membrane protein APP7_0388
UPF0761 membrane protein Patl_3954
UPF0761 membrane protein ESA_04062
UPF0295 protein BT9727_0449
UPF0295 protein GK0479
UPF0761 membrane protein Spro_4878
UPF0761 membrane protein lpg0643
UPF0756 membrane protein EAT1b_0668
UPF0756 membrane protein CGSHiEE_06715
UPF0756 membrane protein PM0771
UPF0761 membrane protein CV_0810
UPF0761 membrane protein XCC0860
UPF0092 membrane protein YajC
UPF0756 membrane protein Hore_21770
UPF0761 membrane protein mma_2179
UPF0761 membrane protein CJA_2282
UPF0756 membrane protein ACIAD2383
UPF0756 membrane protein STH2648
UPF0761 membrane protein LHK_02978
UPF0756 membrane protein Dd1591_2981
UPF0761 membrane protein ACIAD3168
UPF0756 membrane protein BBR47_32760
UPF0756 membrane protein Bcer98_3279
UPF0761 membrane protein Ent638_4092
UPF0761 membrane protein YPK_4186
UPF0295 protein BCE33L0445
UPF0761 membrane protein NMCC_0461
UPF0295 protein BC_0520
UPF0295 protein BCAH820_0521
UPF0295 protein BA_0538/GBAA_0538/BAS0506
UPF0295 protein BCQ_0566
UPF0295 protein BCE_0593
UPF0761 membrane protein HS_0693
UPF0295 protein RBAM_008830
UPF0295 protein BLi00901/BL05075
UPF0756 membrane protein RBAM_026200
UPF0756 membrane protein ABC2716
UPF0761 membrane protein HI_0276
UPF0756 membrane protein YPO3057/y1423/YP_2679
UPF0761 membrane protein Spea_3909
UPF0761 membrane protein ASA_4118
UPF0295 protein BcerKBAB4_0454
UPF0761 membrane protein Swoo_4618
UPF0756 membrane protein BCAH820_4710
UPF0756 membrane protein BCAH187_A4721
UPF0295 protein GTNG_0491
UPF0761 membrane protein Mlg_0521
UPF0761 membrane protein CPS_0609
UPF0756 membrane protein CGSHiGG_08995
UPF0756 membrane protein Lreu_0946
UPF0756 membrane protein HS_0993
Probable intracellular septation protein A
UPF0761 membrane protein Ping_3482
UPF0761 membrane protein VC0395_A2314/VC395_2854
UPF0756 membrane protein BT9727_4324
UPF0761 membrane protein SO_4401
UPF0756 membrane protein BA_4840/GBAA_4840/BAS4489
UPF0761 membrane protein PSPA7_4558
UPF0756 membrane protein Aflv_0503
UPF0761 membrane protein NMB0524
UPF0756 membrane protein BCG9842_B0533
UPF0295 protein BCB4264_A0544
UPF0295 protein BCA_0557
UPF0761 membrane protein NMA0700
UPF0761 membrane protein Smlt0865
UPF0756 membrane protein LBA0919
UPF0761 membrane protein Cag_0935
UPF0295 protein BAMEG_4067
UPF0756 membrane protein BCQ_4399
UPF0756 membrane protein BCA_4705
UPF0761 membrane protein Daci_4966
UPF0295 protein GWCH70_0499
UPF0761 membrane protein KPK_5501
UPF0761 membrane protein RC1_0578
UPF0761 membrane protein Hhal_0704
UPF0761 membrane protein VV1_0885
UPF0295 protein BH0952
UPF0756 membrane protein YeaL
UPF0756 membrane protein LAR_0892
UPF0756 membrane protein LSL_0936
UPF0761 membrane protein XAC0937
Putative uncharacterized transporter C977.04
UPF0761 membrane protein YihY
UPF0761 membrane protein Sde_0901
UPF0756 membrane protein Helmi_09930
UPF0756 membrane protein lhv_0995
Y+L amino acid transporter 2
UPF0761 membrane protein PA0951
UPF0761 membrane protein XCV0968
Inner membrane protein YhcB
Putative G-protein coupled receptor F59B2.13
UPF0295 protein YgzB
Cell division protein ZipA
Probable G-protein coupled receptor B0563.6
UPF0756 membrane protein YtwI
Probable G-protein coupled receptor AH9.1
Zinc-regulated transporter 1
