Alpha-agarase
Probable alpha-fucosidase A
Probable secreted beta-glucosidase adg3
Probable alpha/beta-glucosidase agdC
Lectin/endochitinase 1
Beta-amylase
Glucoamylase
Probable alpha/beta-glucosidase ARB_02101
Alpha-amylase
Glucoamylase 1
Glucoamylase GLU1
Glucoamylase GLA1
Glucoamylase S1
Glucoamylase amyD
Glucoamylase S2
Putative rhamnogalacturonase
Probable beta-galactosidase C
Inactive beta-amylase 9
Probable beta-galactosidase A
Probable beta-galactosidase B
Beta-amylase 6
Probable beta-galactosidase E
Probable glucan endo-1,3-beta-glucosidase btgC
Beta-amylase 2, chloroplastic
Putative glucan endo-1,3-beta-glucosidase btgC
Chitinolytic alpha-amylase inhibitor PvCAI
Chitin deacetylase 1
Cellulose 1,4-beta-cellobiosidase
Lambda-carrageenase
Chitin deacetylase 2
Chitooligosaccharide deacetylase
Chitobiase
Probable endochitinase ARB_07371
Endochitinase 1
Endochitinase A1
Chitinase 1
Endochitinase 2
Endochitinase 3
Endochitinase At2g43620
Chitinase 7
Probable bifunctional chitinase/lysozyme
Acidic endochitinase pcht28
Endochitinase B
Acidic endochitinase SP2
Endochitinase
Chitinase
Chitinase C
Exochitinase 1
Bifunctional chitinase/lysozyme
Chitin deacetylase ARB_04768
Iota-carrageenase
N,N'-diacetylchitobiase
Endochitinase CH25
Endochitinase A2
Basic endochitinase
Chitodextrinase
Chitin deacetylase
Endochitinase 11
Chitinase 11
Basic endochitinase CH1
26 kDa endochitinase 1
Chitinase 2
Endochitinase 33
Endochitinase 4
Endochitinase At2g43590
Endochitinase At2g43610
Chitinase 9
Chitinase A1
Acidic endochitinase
Chitinase 10
Chitinase 12
Probable chitinase 2
Probable endochitinase
Chitinase 47 kDa
Class III chitinase ARB_03514
Endochitinase 42
Chitinase 4
Acidic endochitinase WIN6
Chitinase 8
Chitinase A
Endochitinase 1B
Chitinase B
Acidic endochitinase WIN6.2C
Probable chitinase 3
Probable class II chitinase ARB_00204
26 kDa endochitinase 2
Chitinase 3
Endochitinase 46
Endochitinase PR4
Chitinase 5
Chitinase ChiA
Endochitinase A
Acidic endochitinase SE2
Chitinase-like protein C25A8.4
Chitinase 63
Chitooligosaccharide deacetylase ChbG
Chitinases 70, 30, and 20.5 kDa
Endochitinase 37
Basic endochitinase CHB4
Probable chitinase
Endochitinase At2g43600
Chitinase 6
Endochitinase WIN8
Endochitinase 1A
Basic endochitinase A
Endochitinase B1
Acidic endochitinase WIN6.2B
Basic endochitinase C
Chitinase D
Chitotriosidase-1
Endo-chitosanase
Endo-chitosanase C
Endo-chitosanase B
Diacetylchitobiose deacetylase
Chitin disaccharide deacetylase
Dextranase
Exo-beta-D-glucosaminidase
Probable glucan endo-1,3-beta-glucosidase eglC
Exo-beta-D-glucosaminidase ARB_07888
Probable glucan endo-1,6-beta-glucosidase B
Probable glucan 1,3-beta-glucosidase D
Glucan 1,3-beta-glucosidase
Probable glucan 1,3-beta-glucosidase A
Glucan 1,3-beta-glucosidase A
Gellan lyase
6-phospho-beta-glucosidase GmuD
Beta-glucanase
Beta-N-acetylhexosaminidase
Beta-hexosaminidase
Chitooligosaccharidolytic beta-N-acetylglucosaminidase
Hyaluronidase-1
Alpha-amylase inhibitor/endochitinase
Beta-L-arabinobiosidase
Non-reducing end beta-L-arabinofuranosidase
Extracellular endo-inulinase inu2
Extracellular endo-inulinase inuB
Extracellular exo-inulinase inuE
Extracellular endo-inulinase inuA
Insecticidal protein LA-a
Insecticidal protein LA-b
Killer toxin subunits alpha/beta
Beta-mannosidase A
Beta-mannosidase B
Mannan endo-1,4-beta-mannosidase
Beta-N-acetylglucosaminidase/beta-glucosidase
Hyaluronoglucosaminidase
Pectin lyase A
Pectin lyase B
Pectin lyase D
Probable pectate lyase B
Probable pectate lyase C
Probable pectate lyase D
Probable pectate lyase E
Probable pectate lyase F
Probable pectate lyase G
Polysaccharide lyase
Pectate trisaccharide-lyase
Probable secreted beta-glucosidase PSU1
Probable rhamnogalacturonate lyase A
Alpha-L-rhamnosidase rgxB
Probable rhamnogalacturonase E
Probable rhamnogalacturonate lyase B
Probable rhamnogalacturonate lyase C
Rhamnogalacturonase A
Probable rhamnogalacturonase C
Rhamnogalacturonate lyase A
Putative galacturan 1,4-alpha-galacturonidase A
Putative galacturan 1,4-alpha-galacturonidase C
Putative rhamnogalacturonase D
Putative fructokinase
Probable secreted beta-glucosidase SIM1
Cell surface glycoprotein 1
Cell surface glycoprotein 2
Probable secreted beta-glucosidase ARB_04747
Secreted beta-glucosidase SUN41
Probable secreted beta-glucosidase SUN4
Trehalose synthase/amylase TreS
Unsaturated chondroitin disaccharide hydrolase
Unsaturated glucuronyl hydrolase
Probable secreted beta-glucosidase UTH1
Probable endo-xylogalacturonan hydrolase A
Endo-xylogalacturonan hydrolase A
Probable oligoxyloglucan-reducing end-specific xyloglucanase
Putative alpha-xylosidase 2
Probable secreted beta-glucosidase C2G2.17c
Carbohydrate deacetylase
Carbohydrate deacetylase 1
Putative glycosylase YkvQ
Carbohydrate deacetylase 2
