Aminoacyl tRNA synthase complex-interacting multifunctional protein 1
Gamma-secretase subunit APH-1B
Calcium-transporting ATPase type 2C member 1
Augurin
Antizyme inhibitor 2
Augurin-A
Augurin-B
Biogenesis of lysosome-related organelles complex 1 subunit 5
Biogenesis of lysosome-related organelles complex 1 subunit 3
Biogenesis of lysosome-related organelles complex 1 subunit 6
Caveolin-1
Cyclin-dependent kinase 16
Consortin
Chromogranin-A
Cysteine-rich secretory protein 1
Cysteine-rich secretory protein 3
Cysteine-rich secretory protein LCCL domain-containing 2
Defensin-5
Endoplasmic reticulum resident protein 29
Probable ergosterol biosynthetic protein 28
Exocyst complex component 3-like protein
Exocyst complex component EXO84
Exocyst complex component exo84
Fibroblast growth factor receptor 3
Fibroblast growth factor receptor 4
Neuroendocrine secretory protein 55
Dense granule protein 5
Polypeptide N-acetylgalactosaminyltransferase 15
Dense granule protein 7
Dense granule protein 4
Dense granule protein 6
Tyrosine-protein kinase HCK
Interleukin-33
Beta-glucan synthesis-associated protein KRE6
Lectin L6
Molluscan insulin-related peptide 1
Molluscan insulin-related peptide 2
Molluscan insulin-related peptide 5
Molluscan insulin-related peptide 3
Molluscan insulin-related peptide 7
Myosin-binding protein 7
Myosin-binding protein 2
Myosin-binding protein 1
Neuroendocrine convertase 2
Rab effector MyRIP
Neuroendocrine convertase 1
Neurotensin/neuromedin N
Neurensin-1
Neurensin-2
Neuronal pentraxin-1
Oviduct-specific glycoprotein
Protein piccolo
Biglycan
Pleckstrin homology domain-containing family F member 2
Polymeric immunoglobulin receptor
Bone marrow proteoglycan
Ras-related protein Rab-14
Ras-related protein Rab-11A
Secretory carrier-associated membrane protein 2
Secretory carrier-associated membrane protein 4
Secretogranin-2
Rab guanine nucleotide exchange factor SEC2
Signal-induced proliferation-associated protein 1
SNARE-associated protein Snapin
Spore coat protein SP87
Sarcospan
Syntaxin-2
Trans-Golgi network integral membrane protein 2
Transmembrane protein 168
Transmembrane protein 187
Neurosecretory protein VGF
Protein YIPF1
Protein YIPF2
Protein YIPF3
