ADP-ribosylation factor GTPase-activating protein 1
Conserved oligomeric Golgi complex subunit 4
Conserved oligomeric Golgi complex subunit 3
Conserved oligomeric Golgi complex subunit 7
Probable coatomer subunit delta
Coatomer subunit delta
Coatomer subunit zeta
Coatomer subunit delta-4
Probable coatomer subunit zeta
Coatomer subunit delta-1
Coatomer subunit delta-2
DnaJ homolog subfamily C member 28
Protein transport protein DSL1
ARF guanine-nucleotide exchange factor 1
ATPase get3
ATPase GET3
ADP-ribosylation factor GTPase-activating protein glo3
Golgi to ER traffic protein 2
ADP-ribosylation factor GTPase-activating protein GLO3
ARF guanine-nucleotide exchange factor GNL1
Kinesin-like protein KIF1C
Vesicular integral-membrane protein VIP36
Neuroblastoma-amplified sequence
N-terminal kinase-like protein
Protein pdh1
Ras-related protein Rab-6.1
Ras-related protein Rab-6B
Ras-related protein Rab-41
Ras-related protein Rab-6A
Ras-related protein RABH1e
Ras-related protein Rab-6.2
Ras-related protein RABH1c
Ras-related protein RABH1d
Protein rer1
Protein RER1
Protein RER1 homolog
Protein RER1C
Protein RER1A
Protein RER1B
Protein transport protein sec20
Protein transport protein sec39
Sad1-interacting factor 1
Syntaxin-18
Syntaxin-81
Protein transport protein tip20
Transmembrane protein 115
Transmembrane protein 115 homolog
Protein transport protein TIP20
Vesicle transport protein USE1
Protein transport protein use1
Vacuolar protein sorting-associated protein 74
GTP-binding protein YPT6
