Vitamin B12 transport ATP-binding protein BacA
Carboxylesterase A
Putative acyl- desaturase desA1
Long-chain-fatty-acid--AMP ligase FadD28
Long-chain-fatty-acid--CoA/3-oxocholest-4-en-26-oate--CoA ligase
Long-chain-fatty-acid--AMP ligase FadD26
3-hydroxybutyryl-CoA dehydrogenase
Probable acetyl-CoA acetyltransferase
F420-dependent glucose-6-phosphate dehydrogenase
Carboxylesterase LipF
Phthiocerol dimycocerosate exporter MmpL7
Cell surface lipoprotein MPT83
Dihydrolipoyllysine-residue acetyltransferase component of pyruvate dehydrogenase complex
NADH-quinone oxidoreductase subunit L
Phosphoenolpyruvate carboxykinase
Serine/threonine-protein kinase PknH
Serine/threonine-protein kinase PknB
Protein translocase subunit SecA 2
Probable protein-export membrane protein SecG
Protein translocase subunit SecA 1
Protein translocase subunit SecD
Protein translocase subunit SecE
Protein translocase subunit SecF
Protein translocase subunit SecY
Group 1 truncated hemoglobin GlbN
Putative antitoxin VapB44
UPF0051 protein Rv1462
Protein Rv3402c
