Adhesion G protein-coupled receptor L2
Adhesion G protein-coupled receptor B2
Amphoterin-induced protein 2
Amphoterin-induced protein 3
Protein BHLHb9
Cerebellin-2
Leucine-rich repeat transmembrane protein FLRT1
Leucine-rich repeat and immunoglobulin-like domain containing-NOGO receptor-interacting protein 4
Leucine-rich repeat and immunoglobulin-like domain-containing nogo receptor-interacting protein 2
Leucine-rich repeat and transmembrane domain-containing protein 2
Leucine-rich repeat neuronal protein 3
Leucine-rich repeat neuronal protein 1
Leucine-rich repeat and transmembrane domain-containing protein 1
SLIT and NTRK-like protein 2
SLIT and NTRK-like protein 4
SLIT and NTRK-like protein 1
SLIT and NTRK-like protein 3
DNA topoisomerase 3-beta
Trophoblast glycoprotein
Thrombospondin-2
X-linked lymphocyte-regulated protein 3B
