Tyrosine-protein kinase abl-1
Activated CDC42 kinase 1
Angiopoietin-related protein 1
Ankyrin repeat and KH domain-containing protein mask
ALK tyrosine kinase receptor
Ack-related non-receptor tyrosine kinase
B-cell linker protein
Cytoplasmic tyrosine-protein kinase BMX
Tyrosine-protein kinase Blk
Tyrosine-protein kinase Btk29A
Tyrosine-protein kinase BTK
Tyrosine-protein kinase receptor cam-1
T-cell antigen CD7
T-cell surface glycoprotein CD8 alpha chain
Cytokine-dependent hematopoietic cell linker
Connector enhancer of kinase suppressor of ras 1
Macrophage colony-stimulating factor 1 receptor 1
Tyrosine-protein kinase CSK
Macrophage colony-stimulating factor 1 receptor 2
Tyrosine-protein kinase csk-1
Macrophage colony-stimulating factor 1 receptor
Chondroitin sulfate proteoglycan 4
Discoidin domain-containing receptor 2
Docking protein 1
Docking protein 4
Docking protein 5
Docking protein 2
Epidermal growth factor receptor
Receptor tyrosine-protein kinase erbB-3
Receptor tyrosine-protein kinase erbB-2
Receptor tyrosine-protein kinase erbB-4
Mitogen-activated protein kinase ERK-A
Tyrosine-protein kinase Fes/Fps
Tyrosine-protein kinase Fgr
Tyrosine-protein kinase FRK
Fer-related kinase 1
Tyrosine-protein kinase fynb
Tyrosine-protein kinase Fyn
Tyrosine-protein kinase fyna
GRB2-associated-binding protein 2
Tyrosine-protein kinase Fps85D
GDNF family receptor alpha-2
GDNF family receptor alpha-1
GDNF family receptor alpha-4
GDNF family receptor alpha-3
Interleukin-31 receptor subunit alpha
Putative insulin-like peptide receptor
Insulin receptor-related protein
Tyrosine-protein kinase ITK/TSK
Insulin-like peptide receptor
Receptor-like tyrosine-protein kinase kin-15
Tyrosine-protein kinase transforming protein kit
Probable tyrosine-protein kinase kin-31
Tyrosine-protein kinase SYK
Tyrosine-protein kinase transforming protein fms
Inactive tyrosine-protein kinase kin-32
Proto-oncogene tyrosine-protein kinase LCK
Lachesin
Lymphocyte cytosolic protein 2
Linker for activation of T-cells family member 1
Leukocyte tyrosine kinase receptor
Tyrosine-protein kinase Lyn
Megakaryocyte-associated tyrosine-protein kinase
Hepatocyte growth factor receptor
Putative molluscan insulin-related peptide(s) receptor
Myelin protein zero-like protein 1
Muscle, skeletal receptor tyrosine-protein kinase
Beta-nerve growth factor
Protein nipi-4
Neurturin
Neurotrophin-3
Neurotrophin-7
Nerve growth factor
NT-3 growth factor receptor
Neurotrophin-4
High affinity nerve growth factor receptor
BDNF/NT-3 growth factors receptor
Numb-related protein 1
Pituitary adenylate cyclase-activating polypeptide
Paired immunoglobulin-like type 2 receptor alpha
Phosphoprotein associated with glycosphingolipid-enriched microdomains 1
Paired immunoglobulin-like type 2 receptor beta
Paired immunoglobulin-like type 2 receptor beta-2
Tyrosine-protein kinase-like otk
Receptor-type tyrosine-protein phosphatase T
Tyrosine-protein kinase transmembrane receptor Ror
Tyrosine-protein kinase transmembrane receptor Ror2
Proto-oncogene tyrosine-protein kinase ROS
Rap guanine nucleotide exchange factor 1
Protein roller-3
DNA-directed RNA polymerase I subunit RPA34
Inactive tyrosine-protein kinase transmembrane receptor ROR1
Tyrosine-protein kinase transmembrane receptor ROR2
Tyrosine-protein kinase transforming protein ros
Class II receptor tyrosine kinase
SH2 domain-containing protein 3C
SH2 domain-containing protein 6
SHC-transforming protein homolog 1
Tyrosine-protein kinase shark
SHC-transforming protein 2
SHC-transforming protein 4
Tyrosine-protein kinase sid-3
Spermatocyte protein spe-8
Tyrosine protein-kinase src-1
Tyrosine-protein kinase Src64B
Tyrosine-protein kinase Srms
Tyrosine-protein kinase STYK1
Tyrosine protein-kinase src-2
Signal-transducing adaptor protein 1
Protein sprouty
Tyrosine-protein kinase Tec
Tyrosine-protein kinase receptor Tie-2
Angiopoietin-1 receptor
TOM1-like protein 1
Non-receptor tyrosine-protein kinase TNK1
Putative neurotrophin receptor LTRK 1
Tyrosine-protein kinase TXK
Non-receptor tyrosine-protein kinase TYK2
Vascular endothelial growth factor receptor kdr-like
Melanoma receptor tyrosine-protein kinase
Putative tyrosine-protein kinase Wsck
Tyrosine-protein kinase yes
Tyrosine-protein kinase Yes
Tyrosine-protein kinase ZAP-70
