Arf-GAP with coiled-coil, ANK repeat and PH domain-containing protein 1
Histidine-containing phosphotransfer protein 4
Putative methyl-accepting chemotaxis AlkN
Armadillo segment polarity protein
Breast cancer anti-estrogen resistance protein 1
Transducer protein BasT
Bone marrow stromal antigen 2
Cyclic AMP receptor 1
Cyclic AMP receptor 2
Cyclic AMP receptor 4
Transducer protein Car
Cyclic AMP receptor 3
Caveolin-2
Chemotaxis protein CheW
Probable chemotaxis protein CheW
Chemotaxis protein CheV
Transducer protein CosT
Putative sensory transducer protein
Methyl-accepting chemotaxis protein CtpH
Catenin beta
Gap junction alpha-6 protein
Methyl-accepting chemotaxis protein CtpL
Adenylate cyclase 1
Gap junction alpha-1 protein
Hybrid signal transduction histidine kinase M
Dickkopf-related protein 1
Protein E(sev)2B
Extracellular matrix protein 1
Protein ECT2
Regulator of G-protein signaling egl-10
Focal adhesion kinase 1
Frizzy aggregation protein FrzB
Frizzy aggregation protein FrzCD
Guanine nucleotide-binding protein subunit beta-1
Guanine nucleotide-binding protein G(I)/G(S)/G(T) subunit beta-3
Guanine nucleotide-binding protein subunit beta-5
Guanine nucleotide-binding protein G(I)/G(S)/G(O) subunit gamma-11
Guanine nucleotide-binding protein G(I)/G(S)/G(O) subunit gamma-3
Guanine nucleotide-binding protein subunit gamma
Protein FrzA
Gliding motility regulatory protein
GRB2-associated-binding protein 1
Guanine nucleotide-binding protein G(I)/G(S)/G(T) subunit beta-1
Guanine nucleotide-binding protein G(I)/G(S)/G(T) subunit beta-2
Guanine nucleotide-binding protein subunit gamma-1
Guanine nucleotide-binding protein G(I)/G(S)/G(O) subunit gamma-4
Guanine nucleotide-binding protein G(I)/G(S)/G(O) subunit gamma-5
Guanine nucleotide-binding protein G(I)/G(S)/G(O) subunit gamma-T2
Guanine nucleotide-binding protein subunit beta-2
Guanine nucleotide-binding protein G(I)/G(S)/G(O) subunit gamma-10
Guanine nucleotide-binding protein G(I)/G(S)/G(O) subunit gamma-12
Guanine nucleotide-binding protein G(I)/G(S)/G(O) subunit gamma-13
Guanine nucleotide-binding protein G(I)/G(S)/G(O) subunit gamma-2
Guanine nucleotide-binding protein G(I)/G(S)/G(O) subunit gamma-8
Putative gustatory receptor 59b
Guanine nucleotide-binding protein subunit beta-4
Guanine nucleotide-binding protein G(T) subunit gamma-T1
Guanine nucleotide-binding protein subunit beta-like protein B
Guanine nucleotide-binding protein subunit gamma 1
Guanine nucleotide-binding protein subunit beta-like protein A
Guanine nucleotide-binding protein G(I)/G(S)/G(O) subunit gamma-7
Guanine nucleotide-binding protein subunit gamma 2
Guanine nucleotide-binding protein subunit gamma 3
Adenylate cyclase activation protein git1
Guanine nucleotide-binding protein subunit alpha-12
Guanine nucleotide-binding protein subunit alpha-15
Guanine nucleotide-binding protein subunit alpha-11
Guanine nucleotide-binding protein G(i) subunit alpha-1
Guanine nucleotide-binding protein G(i) subunit alpha-2
Guanine nucleotide-binding protein G(k) subunit alpha
Guanine nucleotide-binding protein G(o) subunit alpha
Guanine nucleotide-binding protein G(q) subunit alpha
Guanine nucleotide-binding protein G(s) subunit alpha isoforms short
Guanine nucleotide-binding protein alpha-11 subunit
Guanine nucleotide-binding protein alpha-1 subunit
Guanine nucleotide-binding protein alpha-2 subunit
Guanine nucleotide-binding protein G(f) subunit alpha
Guanine nucleotide-binding protein G(s) subunit alpha
Guanine nucleotide-binding protein G(t) subunit alpha-3
Guanine nucleotide-binding protein G(z) subunit alpha
Guanine nucleotide-binding protein alpha-3 subunit
Guanine nucleotide-binding protein alpha-4 subunit
Guanine nucleotide-binding protein alpha-6 subunit
Guanine nucleotide-binding protein alpha-7 subunit
Guanine nucleotide-binding protein alpha-8 subunit
Guanine nucleotide-binding protein G(i) subunit alpha
Guanine nucleotide-binding protein-like alpha-11 subunit
Guanine nucleotide-binding protein alpha-13 subunit
Guanine nucleotide-binding protein alpha-15 subunit
Guanine nucleotide-binding protein alpha-16 subunit
Guanine nucleotide-binding protein alpha-17 subunit
Guanine nucleotide-binding protein subunit alpha
Putative gustatory receptor 10b
Putative gustatory receptor 22d
Guanine nucleotide-binding protein subunit alpha-13
Guanine nucleotide-binding protein G(olf) subunit alpha
Guanine nucleotide-binding protein alpha-12 subunit
Guanine nucleotide-binding protein alpha-14 subunit
Putative gustatory receptor 98a
Putative gustatory receptor 98d
Guanine nucleotide-binding protein subunit alpha-14
Guanine nucleotide-binding protein G(t) subunit alpha-1
Guanine nucleotide-binding protein alpha-10 subunit
Guanine nucleotide-binding protein alpha-9 subunit
Receptor for activated C kinase 1C
Putative gustatory receptor 98b
Guanine nucleotide-binding protein-like alpha-10 subunit
Putative gustatory receptor 97a
Guanine nucleotide-binding protein subunit alpha-1
Receptor for activated C kinase 1B
Guanine nucleotide-binding protein alpha-5 subunit
Putative gustatory receptor 94a
Putative gustatory receptor 98c
Transducer protein Htr18
Transducer protein Htr4
Sensory rhodopsin I transducer
Transducer protein Htr7
Interleukin-1 receptor accessory protein
Transducer protein Htr13
Transducer protein Htr6
Transducer protein Htr8
Probable sensory rhodopsin transducer
Sensory rhodopsin II transducer
Halobacterial transducer protein 9
Interleukin-10 receptor subunit alpha
Protein IcfG
Insulin receptor substrate 2-B
Insulin receptor substrate 1
Interleukin-1 receptor type 1
Insulin receptor substrate 1-A
Insulin receptor substrate 1-B
Insulin receptor substrate 2
Insulin receptor substrate 4
Insulin receptor substrate 2-A
Klotho
Galectin-1
Galectin-9
Lymphocyte-specific protein 1
Methyl-accepting chemotaxis protein PA2652
Phosphorelay protein LuxU
Methyl-accepting chemotaxis protein 3
Methyl-accepting chemotaxis protein 1
Chemoreceptor McpA
Methyl-accepting chemotaxis protein McpC
Methyl-accepting chemotaxis protein McpS
MAP kinase-activated protein kinase 2
Mitochondrial antiviral-signaling protein
Methyl-accepting chemotaxis protein 2
Methyl-accepting chemotaxis protein 4
Probable chemoreceptor McpE
Transducer protein MpcT
Methyl-accepting chemotaxis protein NahY
BTB/POZ domain-containing protein NPY1
Protein nipi-3
Histidine-containing phosphotransfer protein 1
Histidine-containing phosphotransfer protein 2
Methyl-accepting chemotaxis protein PctA
Methyl-accepting chemotaxis protein PctB
Methyl-accepting chemotaxis protein PctC
Pseudo histidine-containing phosphotransfer protein 1
Pseudo histidine-containing phosphotransfer protein 2
Protein PilJ
1-phosphatidylinositol 4,5-bisphosphate phosphodiesterase delta-3
1-phosphatidylinositol 4,5-bisphosphate phosphodiesterase epsilon-1
1-phosphatidylinositol 4,5-bisphosphate phosphodiesterase eta-1
PI-PLC X domain-containing protein 3
Serine/threonine-protein kinase PLK2
Protein PilI
1-phosphatidylinositol 4,5-bisphosphate phosphodiesterase classes I and II
1-phosphatidylinositol 4,5-bisphosphate phosphodiesterase beta-1
1-phosphatidylinositol 4,5-bisphosphate phosphodiesterase beta-2
1-phosphatidylinositol 4,5-bisphosphate phosphodiesterase beta-4
Phosphoinositide phospholipase C 8
Inactive phospholipase C-like protein 1
PI-PLC X domain-containing protein 2
1-phosphatidylinositol 4,5-bisphosphate phosphodiesterase zeta-1
Phosphoinositide phospholipase C 1
1-phosphatidylinositol 4,5-bisphosphate phosphodiesterase delta-1
1-phosphatidylinositol 4,5-bisphosphate phosphodiesterase delta-4
1-phosphatidylinositol 4,5-bisphosphate phosphodiesterase gamma-1
1-phosphatidylinositol 4,5-bisphosphate phosphodiesterase gamma-2
1-phosphatidylinositol 4,5-bisphosphate phosphodiesterase eta-2
Inactive phospholipase C-like protein 2
Response regulator PleD
Pseudo histidine-containing phosphotransfer protein 5
Phosphoinositide phospholipase C 3
Phosphoinositide phospholipase C 4
Phosphoinositide phospholipase C 5
Phosphoinositide phospholipase C 9
1-phosphatidylinositol 4,5-bisphosphate phosphodiesterase 1
Phosphoinositide phospholipase C 2
Phosphoinositide phospholipase C 6
1-phosphatidylinositol phosphodiesterase
1-phosphatidylinositol 4,5-bisphosphate phosphodiesterase delta-3-A
Pleckstrin homology domain-containing family B member 1
Phosphoinositide phospholipase C 7
Protein phosphatase 1A
Serine/threonine-protein phosphatase 5
Protease PrsW
Rapid alkalinization factor
Regulator of G-protein signaling 7
Regulator of G-protein signaling 11
Regulator of G-protein signaling 6
Protein RALF-like 11
Protein RALF-like 27
Protein RALF-like 31
Protein RALF-like 14
Protein RALF-like 28
Protein RALF-like 30
Protein RALF-like 34
Protein RALF-like 6
Protein RALF-like 7
Protein RALF-like 17
Protein RALF-like 22
Protein RALF-like 10
Protein RALF-like 16
Protein RALF-like 25
Protein RALF-like 29
Protein RALF-like 35
Protein RALF-like 12
Protein RALF-like 26
Protein RALF-like 33
Protein RALF-like 9
Protein RALF-like 13
Protein RALF-like 18
Protein RALF-like 21
Protein RALF-like 24
Protein RALF-like 36
Protein RALF-like 5
Protein RALF-like 15
Protein RALF-like 19
Protein RALF-like 20
Rapid alkalinization factor 23
Protein RALF-like 32
Protein RALF-like 4
Protein RALF-like 8
Root phototropism protein 3
Cyclic di-GMP phosphodiesterase response regulator RpfG
Root phototropism protein 2
Protein scabrous
Protein shisa-5
Protein spalten
TIR domain-containing adapter molecule 1
Toxin coregulated pilus biosynthesis protein I
TIR domain-containing adapter molecule 2
Transmembrane protein 101
Methyl-accepting chemotaxis protein TlpC
Tumor necrosis factor receptor type 1-associated DEATH domain protein
Tetraspanin-6
Protein Tube
Extra-large guanine nucleotide-binding protein 3
Extra-large guanine nucleotide-binding protein 2
Extra-large guanine nucleotide-binding protein 1
Putative methyl-accepting chemotaxis protein sll0041
Probable chemoreceptor y4sI
Probable chemoreceptor y4fA
Putative ammonium transporter sll0537
Probable methyl-accepting chemotaxis protein BT9727_0355
Probable diguanylate cyclase YfiN
Putative sensory transducer protein YfmS
Putative uncharacterized protein YIL169C
Protein YhjK
Putative sensory transducer protein YvaQ
Zona pellucida sperm-binding protein 3
Putative methyl-accepting chemotaxis protein YoaH
Zona pellucida sperm-binding protein 4
