ADP-ribosylation factor-like protein 3
AUGMIN subunit 4
Kinesin-5
AUGMIN subunit 5
AUGMIN subunit 7
Mitotic spindle checkpoint protein BUBR1
Mitotic checkpoint protein BUB3.1
Calpain-6
Cell division cycle protein 16 homolog
Cell division cycle protein 27 homolog
Centrosomal protein cep57l1
Cyclin-dependent kinase 1
CLIP-associated protein
Restin homolog
Kinesin-like protein cut7
DASH complex subunit dad1
Probable dynactin subunit 2
HAUS augmin-like complex subunit 2
Chromosome-associated kinesin KIF4A
Kinesin-associated protein 3
Mitotic spindle checkpoint protein MAD2
Nucleolar and spindle-associated protein 1
Regulator of microtubule dynamics protein 1
Spindle and kinetochore-associated protein 1
Spindle and kinetochore-associated protein 2
Spindle and kinetochore-associated protein 3
DASH complex subunit SPC19
DASH complex subunit SPC34
DASH complex subunit spc34
DASH complex subunit spc19
Serine/threonine-protein kinase MST20
Serine/threonine-protein kinase ste20
Tubulin gamma-2 chain
