ARS-binding factor 2, mitochondrial
AAC-rich mRNA clone AAC11 protein
Serine/threonine-protein kinase AFC1
Protein arginine N-methyltransferase 1
Probable protein arginine N-methyltransferase 3
Probable protein arginine N-methyltransferase 6
Protein arginine N-methyltransferase 3
Ankyrin repeat domain-containing protein 2B
Protein arginine N-methyltransferase 1.6
Protein arginine N-methyltransferase 2
Protein arginine N-methyltransferase 7
Protein arginine N-methyltransferase 8
Protein arginine N-methyltransferase 8-B
Actin-related protein 4A
Protein ARG5,6, mitochondrial
Actin-related protein 5
Mating-type locus allele B4 protein
Mating-type locus allele B7 protein
Mating-type locus allele B2 protein
Mating-type locus allele B1 protein
Mating-type locus allele B5 protein
Mating-type locus allele B3 protein
Mating-type locus allele B6 protein
Virulence sensor protein BvgS
Bacteriophytochrome
Putative anti-sigma factor antagonist BtrV
Zinc finger CCCH domain-containing protein 27
Zinc finger CCCH domain-containing protein 46
Zinc finger CCCH domain-containing protein 8
Cyclin-T1-4
Cyclin-dependent kinase 11A
Cyclin-T1-3
Major centromere autoantigen B
Cyclin-dependent kinase 7
Cyclin-dependent kinase 11B
Calcium-regulated heat stable protein 1
Chitin biosynthesis protein CHS5
Sensor protein CitS
Protein CHLOROPLAST IMPORT APPARATUS 2
Type III pantothenate kinase
Zinc finger protein CKR1
Cold shock protein CspA
Cold shock domain-containing protein E1
Cold shock domain-containing protein C2
Stationary phase-inducible protein CsiE
RNA polymerase-associated protein CTR9
Probable C4-dicarboxylate sensor kinase
Sensor histidine kinase DcuS
C4-dicarboxylate transport sensor protein DctS
DNA ligase
Decapping nuclease RAI1
Decapping nuclease rai1
Early E1A 18 kDa protein
Epstein-Barr nuclear antigen 3
Elongin-A
ELAV-like protein 2
Antitoxin EndoAI
EGF-containing fibulin-like extracellular matrix protein 1
Sensor protein FixL
Protein G1-like7
Protein G1-like4
Protein G1-like1
Protein G1-like3
Protein G1-like6
Protein G1-like2
Protein G1-like8
Protein G1-like9
Protein G1-like5
Histone H1
RNA-binding protein Hfq
Homeobox protein HD1
Histone H2A
Homeobox protein HD-12
Homeobox protein HD-2
Homeodomain-interacting protein kinase 3
High mobility group protein D
High mobility group protein Z
HMG-Y-related protein A
High mobility group protein B4
HMG-Y-related protein B
HMG domain-containing protein 4
Heterochromatin protein 1-binding protein 3
Conidiophore development protein hymA
Protein HYM1
Immunoglobulin superfamily member 1
Inositol polyphosphate multikinase beta
Protein JASON
KaiC-like protein 2
Homeobox protein knotted-1-like 2
Homeobox protein knotted-1-like 1
Homeobox protein knotted-1-like 6
Homeobox protein knotted-1-like 7
Ribosomal protein S6 kinase alpha-4
Ribosomal protein S6 kinase alpha-5
Lamina-associated polypeptide 2, isoform beta
KRAB domain-containing protein 1
Lamina-associated polypeptide 2, isoforms alpha/zeta
Lamina-associated polypeptide 2, isoforms beta/delta/epsilon/gamma
KRAB domain-containing protein 4
Homeobox protein knotted-1-like 3
Homeobox protein knotted-1-like 11
Homeobox protein knotted-1-like LET12
Lamina-associated polypeptide 2, isoform alpha
LOB domain-containing protein 36
Late expression factor 4
Late expression factor 9
LOB domain-containing protein 41
Late expression factor 5
Protein LIGHT-DEPENDENT SHORT HYPOCOTYLS 2
Protein LIGHT-DEPENDENT SHORT HYPOCOTYLS 5
Protein LIGHT-DEPENDENT SHORT HYPOCOTYLS 8
Protein LIGHT-DEPENDENT SHORT HYPOCOTYLS 7
Phenylalanyl--tRNA ligase operon leader peptide
Protein LIGHT-DEPENDENT SHORT HYPOCOTYLS 4
Protein LIGHT-DEPENDENT SHORT HYPOCOTYLS 9
Sensor histidine kinase MalK
Protein LIGHT-DEPENDENT SHORT HYPOCOTYLS 10
Protein LIGHT-DEPENDENT SHORT HYPOCOTYLS 6
Autoinducer 2-binding periplasmic protein LuxP
Antitoxin MazE6
Melanoma-associated antigen G1
Antitoxin MazE2
Malignant brain tumor repeat protein 1
Mating-type P-specific polypeptide Pi
Probable antitoxin MazE2
Putative homeobox protein Meis3-like 2
Mediator-associated protein 1
Putative homeobox protein Meis3-like 1
Myeloid leukemia factor
Homeobox protein Mohawk
Transcription attenuation protein MtrB
Modification methylase Eco47II
Myogenic factor 6
Meiotically up-regulated gene 151 protein
Transforming protein Myb
Neogenin
Netrin-3
Nodulation protein NolA
General negative regulator of transcription subunit 1
Nitrogen regulation protein NtrB
Nitrogen regulation protein NR(II)
Non-histone chromosomal protein 6A
Probable transcription termination protein NusA
N utilization substance protein B homolog
Nitrogen regulation protein NtrY
Olfactory receptor 7D2
GDP-fucose protein O-fucosyltransferase 2
Putative transcription activator ORF50
Protein phosphatase 2C 32
Antitoxin ParD1
Putative antitoxin ParD2
Antitoxin ParD
Antitoxin ParD4
Phosphate regulon sensor protein PhoR
Non-motile and phage-resistance protein
Alkaline phosphatase synthesis sensor protein PhoR
Phosphate-specific transport system accessory protein PhoU
Phytochrome-like protein cph2
Homeobox protein PKNOX2
Putative postmeiotic segregation increased 2-like protein 3
Pogo transposable element with KRAB domain
Peptidyl-prolyl cis-trans isomerase E
Probable histone-lysine N-methyltransferase PRDM7
Putative phosphoenolpyruvate synthase regulatory protein
Phage shock protein B
Phosphoenolpyruvate synthase regulatory protein
Securin
Putative pituitary tumor-transforming gene 3 protein
Photoactive yellow protein
Paired amphipathic helix protein pst3
Securin-2
Transcriptional repressor RcnR homolog
Sensor histidine kinase RcsC
Antitermination protein
Probable regulatory protein N
Antitermination protein N
Replication and maintenance protein
Transcription termination factor Rho 2
Transcription termination factor Rho
Sensor histidine kinase ResE
Ral GTPase-activating protein subunit alpha-1
Antitermination protein Q
Transcription termination factor Rho 1
Anti-sigma-B factor antagonist
Ribosomal RNA small subunit methyltransferase B
Protein strawberry notch homolog 1
Negative modulator of initiation of replication
Histone-lysine N-methyltransferase, H3 lysine-36 specific
Scm-like with four MBT domains protein 2
Smad nuclear-interacting protein 1
Protein SinI
NAD-dependent protein deacetylase Sir2B
Structure-specific endonuclease subunit SLX4
Probable DNA-binding protein SNT1
Sensor protein SphS
DNA-binding protein StpA
SWI/SNF nucleosome remodeling complex component
HMG-box protein STE11
Plasmid stability protein StbC
SWR1 complex subunit 2
Transcription initiation factor TFIID subunit 10
Transcription initiation factor TFIID subunit 9
TATA-box-binding protein 2
TATA box-binding protein-like protein 1
TATA box-binding protein-like protein 2
TATA-binding protein 2
TATA-box-binding protein 1
Protein groucho-2
Transducin-like enhancer protein 6
Transducin-like enhancer protein 1
TOX high mobility group box family member 4
Thymocyte selection-associated high mobility group box protein TOX
Protein groucho-1
Homeobox protein TOS8
Vi polysaccharide biosynthesis protein TviA
Putative antitoxin VapB1
Protein UL117
Homeobox protein unc-62
Putative antitoxin VapB9
Antitoxin VapB2
30 kDa immediate-early protein 2
Intermediate transcription factor 3 large subunit
Protein virC2
Putative antitoxin VapB12
Antitoxin VapB41
Antitoxin VapB43
RNA silencing suppressor
Intermediate transcription factor 3 small subunit
Protein U84
Sensor protein kinase WalK
Late transcription factor 1
Putative antitoxin VapB10
Vacuolar protein sorting-associated protein 72
Putative antitoxin VapB19
Single-stranded DNA-binding protein WHY2, mitochondrial
Antitoxin VapB25
Antitoxin VapB20
Antitoxin VapB26
Single-stranded DNA-bindig protein WHY2, mitochondrial
5'-3' exoribonuclease 2
Transcription termination factor nun
Putative anti-sigma factor antagonist TM_1081
Putative antitoxin VapB14
Antitoxin VapB31
Zinc finger protein Xfin
Putative anti-sigma factor antagonist TM_1442
Single-stranded DNA-binding protein WHY1, chloroplastic
5'-3' exoribonuclease 2 homolog
Putative zinc finger protein ORF189
Antitoxin Rv0298
Putative anti-sigma factor antagonist TM1081 homolog
Putative zinc finger protein ORF104b
Putative plasmid stability protein y4jJ
Putative methyltransferase Rv1407
Antitoxin MT0312
Putative methyltransferase MT1451
Probable serine/threonine-protein kinase DDB_G0280133
Putative replication protein A
Probable transcriptional regulatory protein SYNPCC7002_A0851
Cyclic di-GMP phosphodiesterase YahA
Cold shock domain-containing protein CG9705
Putative resolvase R80
Putative resolvase R771
Zinc finger protein 473 homolog
Zinc finger protein 695
Zinc finger protein 852
Putative sigma L-dependent transcriptional regulator YplP
Zinc finger protein 728
Putative protein ZNF720
Zinc finger protein 589
KRAB domain-containing protein ZNF747
