Protein AraJ
ATP synthase F(0) complex subunit B1, mitochondrial
ATP synthase protein 8
ATP synthase subunit alpha, mitochondrial
ATP synthase subunit d, mitochondrial
ATP synthase subunit e, mitochondrial
ATP synthase subunit epsilon, mitochondrial
ATP synthase subunit a
Azole resistance protein 1
ATP synthase subunit g, mitochondrial
ATP synthase subunit f, mitochondrial
ATP synthase subunit gamma, mitochondrial
Gap junction alpha-1 protein
Probable D,D-dipeptide transport system permease protein DdpC
Probable D,D-dipeptide transport system permease protein DdpB
Dipeptide transport system permease protein DppB
Dipeptide transport system permease protein DppC
Protein DETOXIFICATION 41
Probable vesicular glutamate transporter eat-4
Multidrug export protein EmrB
Probable multidrug resistance protein EmrY
Multidrug resistance protein B homolog
Folate transporter 1
Folate-like transporter 3
Folate-like transporter 2
Probable transport protein HsrA
Macrolide export ATP-binding/permease protein MacB 2
Macrolide export ATP-binding/permease protein MacB 1
Putative multidrug resistance protein MdtD
Multidrug resistance protein MdtG
Siderophore iron transporter mirB
Multidrug resistance protein Mmr
Meiotically up-regulated gene 111 protein
Oligopeptide transport system permease protein OppC
Putative inorganic phosphate cotransporter
Multi-drug resistance efflux pump PmrA
Inner membrane transport protein RhmT
Solute carrier family 17 member 9
Solute carrier family 22 member 6-A
Solute carrier family 22 member 2
Solute carrier family 22 member 15
Solute carrier family 22 member 6
Solute carrier family 22 member 8
Solute carrier family 22 member 16
Solute carrier family 22 member 15-like
Peptide transport system permease protein SapB
Peptide transport system permease protein SapC
Solute carrier family 22 member 1
Solute carrier family 22 member 24
Solute carrier family 22 member 6-B
Solute carrier family 22 member 7
Solute carrier family 25 member 38 homolog
Synaptic vesicle glycoprotein 2A
Synaptic vesicle glycoprotein 2B
Synaptic vesicle glycoprotein 2C
Synaptic vesicle 2-related protein
Mitochondrial substrate carrier family protein ucpA
UDP-galactose transporter 2
Vitamin H transporter
Potential vesicular glutamate transporter vglu-3
WAT1-related protein At3g18200
WAT1-related protein At3g28100
Putative peptide transport permease protein Rv1283c
WAT1-related protein At4g19185
Putative peptide transport permease protein Rv1282c
WAT1-related protein At5g40240
Folate-like transporter DDB_G0272544
Putative metabolite transport protein HI_0418
Inner membrane ABC transporter permease protein YejB
Inner membrane metabolite transport protein YhjE
Putative metabolite transport protein YdjK
UNC93-like protein C922.05c
Putative metabolite transport protein YaaU
Inner membrane transport protein YnfM
Inner membrane metabolite transport protein YgcS
Inner membrane metabolite transport protein YdjE
Putative transporter-like protein YIL171W
Putative uncharacterized transporter YOL163W
Inner membrane protein YghB
Inner membrane protein YihN
Putative metabolite transport protein YyaJ
Putative uncharacterized transporter YOL162W
Inner membrane protein YqjA
