Polygalacturonase ADPG1
Polygalacturonase ADPG2
Exo-poly-alpha-D-galacturonosidase
Probable endopolygalacturonase I
Endo-polygalacturonase
Polygalacturonase
Endopolygalacturonase II
Endopolygalacturonase B
Probable endopolygalacturonase C
Endopolygalacturonase D
Probable exopolygalacturonase X
Exopolygalacturonase
Probable endopolygalacturonase AFUA_1G17220
Polygalacturonase-2
Probable exopolygalacturonase B
Polygalacturonase 2
Polygalacturonase At1g48100
Endopolygalacturonase A
Exopolygalacturonase X
Probable endopolygalacturonase AFUB_016610
Exopolygalacturonase X-2
Endopolygalacturonase I
Probable endopolygalacturonase II
Exopolygalacturonase clone GBGA483
Probable polygalacturonase At3g15720
Probable polygalacturonase At2g43860
Probable endopolygalacturonase A
Probable endopolygalacturonase B
Probable endopolygalacturonase D
Probable endopolygalacturonase E
Endopolygalacturonase AN8327
Probable exopolygalacturonase C
Exopolygalacturonase C
Probable polygalacturonase At1g80170
Probable endopolygalacturonase NFIA_008150
Endopolygalacturonase 1
Probable exopolygalacturonase A
Exopolygalacturonase B
Exopolygalacturonase clone GBGE184
Polygalacturonase 1
Probable polygalacturonase
Endopolygalacturonase E
Exopolygalacturonase X-1
Exopolygalacturonase A
Polygalacturonase QRT3
Polygalacturonase QRT2
Exopolygalacturonase rpg16
Exopolygalacturonase rpg15
Exopolygalacturonase rpg14
Exopolygalacturonase rpg13
Probable endo-xylogalacturonan hydrolase A
