Putative hydrolase 080R
CD209 antigen-like protein 2
DNA-3-methyladenine glycosylase
Amino acid-- ligase 2)
Protein aau3
L-lysine 2,3-aminomutase
Acetyl-CoA carboxylase 1
Acetyl-CoA carboxylase 2
Acetyl-coenzyme A carboxylase carboxyl transferase subunit beta
Biotin carboxylase
Arf-GAP with coiled-coil, ANK repeat and PH domain-containing protein 3
Biotin carboxylase 2
Acetyl-coenzyme A carboxylase carboxyl transferase subunits beta/alpha
1-aminocyclopropane-1-carboxylate oxidase 5
Putative RAD2-like endonuclease 095R
2-oxoglutarate carboxylase large subunit
Calcium-transporting ATPase 12, plasma membrane-type
1-aminocyclopropane-1-carboxylate oxidase 1
1-aminocyclopropane-1-carboxylate oxidase 3
1-aminocyclopropane-1-carboxylate oxidase 4
1-aminocyclopropane-1-carboxylate oxidase 2
ATP-citrate synthase
Calcium-transporting ATPase 1, plasma membrane-type
Probable calcium-transporting ATPase 4, plasma membrane-type
Acetate--CoA ligase  II
Acetate--CoA ligase  II subunit beta
Isocitrate lyase
Acetyl-coenzyme A synthetase
2-oxoglutarate carboxylase small subunit
Amino acid-- ligase)
Acetoacetyl-coenzyme A synthetase
Biotin carboxylase 2, chloroplastic
Biotin carboxylase 1, chloroplastic
1-aminocyclopropane-1-carboxylate oxidase homolog 4
1-aminocyclopropane-1-carboxylate oxidase homolog 9
ATP-citrate synthase beta chain protein 1
Aconitate hydratase, cytoplasmic
Putative aconitate hydratase, cytoplasmic
N-acyl-aromatic-L-amino acid amidohydrolase
Putative zinc finger protein 132L
1-aminocyclopropane-1-carboxylate oxidase
Probable 1-aminocyclopropane-1-carboxylate oxidase
Acetyl-coenzyme A synthetase 1
Arrestin domain-containing protein D
Adenylate cyclase type 9
ATP-dependent helicase/deoxyribonuclease subunit B
2-enoate reductase
NAD-dependent 4-hydroxybutyrate dehydrogenase
Putative calcium-transporting ATPase 13, plasma membrane-type
Calcium-transporting ATPase 3, plasma membrane-type
Probable calcium-transporting ATPase 5, plasma membrane-type
Biotin carboxylase 1
Biotin carboxylase, chloroplastic
1-aminocyclopropane-1-carboxylate oxidase homolog 8
1-aminocyclopropane-1-carboxylate oxidase homolog 10
Aldehyde-alcohol dehydrogenase
Manganese-dependent ADP-ribose/CDP-alcohol diphosphatase
Arf-GAP with GTPase, ANK repeat and PH domain-containing protein 6
Arf-GAP with GTPase, ANK repeat and PH domain-containing protein 9
DNA-3-methyladenine glycosylase 1
Calcium-transporting ATPase 2, plasma membrane-type
Probable calcium-transporting ATPase 6, plasma membrane-type
Acetyl-CoA carboxylase
3,6-anhydro-alpha-L-galactonate cycloisomerase
ATP-citrate synthase subunit 1
Apocarotenoid-15,15'-oxygenase
Acetyl-coenzyme A synthetase 2
ADP-dependent glucokinase
L-Ala-D/L-Glu epimerase
Arf-GAP with GTPase, ANK repeat and PH domain-containing protein 11
N-acetylgalactosamine kinase AgaK
Probable ADP-ribosylation factor GTPase-activating protein AGD11
Probable ADP-ribosylation factor GTPase-activating protein AGD8
Adenosine deaminase AGSA
Acetate--CoA ligase  I
Putative acetyl-CoA decarbonylase/synthase complex subunit alpha-like
Acetate--CoA ligase  I subunit beta
Acyl-CoA Delta(11) desaturase
Aconitate hydratase
Adenosine deaminase
Long-chain-alcohol dehydrogenase 2
Alcohol dehydrogenase 2
Alcohol dehydrogenase 3
Probable ADP-ribosylation factor GTPase-activating protein AGD14
Probable ATP-citrate synthase
NADH-dependent butanol dehydrogenase A
ADP-ribose pyrophosphatase
N-acyl homoserine lactonase AiiB
N-acyl homoserine lactonase AttM
Medium-chain-fatty-acid--CoA ligase
Arf-GAP domain and FG repeat-containing protein 2
Archaeal-type glutamate synthase
Arsenite oxidase subunit AioB
Antilisterial bacteriocin subtilosin biosynthesis protein AlbE
Alpha-amylase 4N
Alpha-amylase I
Alcohol dehydrogenase 1
Long-chain-alcohol dehydrogenase 1
Aldehyde-alcohol dehydrogenase 2
Arf-GAP with GTPase, ANK repeat and PH domain-containing protein 4
Putative Arf-GAP with GTPase, ANK repeat and PH domain-containing protein 7
Antilisterial bacteriocin subtilosin biosynthesis protein AlbA
Serum albumin
Alpha-ketoglutarate-dependent dioxygenase alkB
Alpha-ketoglutarate-dependent dioxygenase AlkB homolog
Alpha-amylase 1
Alpha-amylase 2
Alpha-amylase A
Alpha-amylase B
Pancreatic alpha-amylase
Alpha-amylase-related protein
Probable alcohol dehydrogenase
Long-chain primary alcohol dehydrogenase AdhA
Adenosine kinase
N-acetylgalactosamine-6-phosphate deacetylase
Arf-GAP with GTPase, ANK repeat and PH domain-containing protein 5
ADP-ribosylation factor GTPase-activating protein AGD4
Archaeal glutamate synthase
N-acyl homoserine lactonase AiiA
Apparent malate synthase
Alpha-amylase type B isozyme
Ankyrin repeat and MYND domain-containing protein 1
Ankyrin repeat and MYND domain-containing protein 2
Probable 2-oxoglutarate-dependent dioxygenase AOP1.2
Iron-sulfur cluster carrier protein
Probable ADP-dependent glucokinase
Probable ADP-ribosylation factor GTPase-activating protein AGD15
ADP-ribosylation factor GTPase-activating protein AGD2
Alkaline phosphatase PhoD
Probable AMP deaminase
Cytosol aminopeptidase
Alpha-amylase 2B
Alpha-amylase 3
Alpha-amylase 4
Alpha-amylase isozyme C
Maltogenic alpha-amylase
2-oxoglutarate-dependent dioxygenase AOP3
Tungsten-containing aldehyde ferredoxin oxidoreductase
Probable 2,3-bisphosphoglycerate-independent phosphoglycerate mutase
Fructose-bisphosphate aldolase
AMP deaminase 1
AMP deaminase 2
Putative leucine aminopeptidase 1
Probable 2-oxoglutarate-dependent dioxygenase AOP1
2,3-bisphosphoglycerate-independent phosphoglycerate mutase 1
2-oxoglutarate-dependent dioxygenase AOP2
67 kDa serum albumin
68 kDa serum albumin
AMP deaminase 3
Bacterial leucyl aminopeptidase
Anthranilate 1,2-dioxygenase electron transfer component
2,3-bisphosphoglycerate-independent phosphoglycerate mutase
Probable arabinose 5-phosphate isomerase
2,3-bisphosphoglycerate-independent phosphoglycerate mutase 2
Acetylpolyamine aminohydrolase
L-ascorbate peroxidase, cytosolic
Peptidoglycan-binding protein ArfA
Argininosuccinate lyase 2
Angiopoietin-2
Extracellular exo-alpha-(1->5)-L-arabinofuranosidase ArbA
Acetylornithine deacetylase
Glutamate--LysW ligase ArgX
Arginase
Arylsulfatase
L-arabinolactonase
Arf-GAP with SH3 domain, ANK repeat and PH domain-containing protein 1
3-dehydroshikimate dehydratase
Asialoglycoprotein receptor 1
Probable cation-transporting ATPase 13A4
Aspartic protease Bla g 2
Probable cation-transporting ATPase 13A3
Calcium-transporting ATPase type 2C member 2
Alpha carbonic anhydrase 5
Calcium-transporting ATPase
Alpha carbonic anhydrase 8
Copper transport protein ATOX1
Manganese-transporting ATPase 13A1
Probable manganese-transporting ATPase catp-8
Plasma membrane calcium-transporting ATPase 1
Copper transport protein ATX1
Hydroxydechloroatrazine ethylaminohydrolase
Alpha-ketoglutarate-dependent sulfate ester dioxygenase
Atrazine chlorohydrolase
Alanine--anticapsin ligase
Probable cation-transporting ATPase 13A5
Cation-transporting ATPase CA1
Manganese-transporting ATPase 4
Barbiturase
Probable cation-transporting ATPase 1
Probable proton ATPase 1A
NAD/NADP-dependent betaine aldehyde dehydrogenase
Probable cation-transporting ATPase 9
Probable polyketide biosynthesis zinc-dependent hydrolase BaeB
NAD/NADP-dependent betaine aldehyde dehydrogenase 1
Beta-galactosidase LacA
Beta-galactosidase BgaA
Beta-galactosidase LacZ
Beta-galactosidase BgaH
Probable proton ATPase 1B
N-isopropylammelide isopropyl amidohydrolase
Aldos-2-ulose dehydratase
Chemocyanin
Acetyl-/propionyl-coenzyme A carboxylase alpha chain
NAD/NADP-dependent betaine aldehyde dehydrogenase 2
Betaine aldehyde dehydrogenase
Beta-galactosidase YesZ
Beta-galactosidase BglY
Beta-galactosidase Pbg
Beta-galactosidase BgaT
Biotin synthase
3-methyl-2-oxobutanoate dehydrogenase subunit alpha
L-Ala-D/L-amino acid epimerase
Benzoyl-CoA reductase subunit C
Choline-sulfatase
Protein bps2
Benzoyl-CoA reductase subunit A
Beta-galactosidase GanA
Beta-galactosidase BgaB
4-hydroxy-2-oxovalerate aldolase
2'-N-acetylparomamine deacetylase
Copper-transporting ATPase ccc2
Carboxyethyl-arginine beta-lactam-synthase
Benzoyl-CoA oxygenase component A
Putative zinc finger CCCH domain-containing protein 21
DExH-box ATP-dependent RNA helicase DExH8
Zinc finger CCCH domain-containing protein 33
Zinc finger CCCH domain-containing protein 38
Zinc finger CCCH domain-containing protein 40
Putative zinc finger CCCH domain-containing protein 58
Zinc finger CCCH domain-containing protein 63
Zinc finger CCCH domain-containing protein 66
Zinc finger CCCH domain-containing protein 67
Beta-galactosidase bgaB
Beta-galactosidase BgaP
Probable N-acetyl-alpha-D-glucosaminyl L-malate deacetylase 2
Glycoprotein-N-acetylgalactosamine 3-beta-galactosyltransferase 1
Putative zinc finger CCCH domain-containing protein 10
Zinc finger CCCH domain-containing protein 17
Zinc finger CCCH domain-containing protein 19
Zinc finger CCCH domain-containing protein 22
Zinc finger CCCH domain-containing protein 28
Zinc finger CCCH domain-containing protein 30
Zinc finger CCCH domain-containing protein 44
Zinc finger CCCH domain-containing protein 50
Zinc finger CCCH domain-containing protein 56
Putative zinc finger CCCH domain-containing protein 57
Benzoyl-CoA reductase subunit B
Benzoyl-CoA reductase subunit D
Baculoviral IAP repeat-containing protein 1g
Zinc finger CCCH domain-containing protein 24
Zinc finger CCCH domain-containing protein 42
Putative zinc finger CCCH domain-containing protein 48
Zinc finger CCCH domain-containing protein 55
Zinc finger CCCH domain-containing protein 62
Zinc finger CCCH domain-containing protein 64
Zinc finger CCCH domain-containing protein 68
Cis-3-hydroxy-L-proline dehydratase
Putative caffeoyl-CoA O-methyltransferase At1g67980
Caffeoyl-CoA O-methyltransferase
N-acetyl-alpha-D-glucosaminyl L-malate deacetylase 1
Zinc finger CCCH domain-containing protein 10
Zinc finger CCCH domain-containing protein 13
Zinc finger CCCH domain-containing protein 14
Putative zinc finger CCCH domain-containing protein 29
Zinc finger CCCH domain-containing protein 35
Zinc finger CCCH domain-containing protein 37
Calreticulin
Carbamoyl-phosphate synthase large chain
CRISPR-associated endonuclease Cas1 1
CRISPR-associated protein Cas1 1
CRISPR-associated endonuclease Cas1 2
CRISPR-associated endonuclease Cas1 3
CRISPR-associated endoribonuclease Cas2 1
CRISPR-associated endoribonuclease Cas2 2
CRISPR-associated endonuclease Cas2 2
CRISPR-associated endoribonuclease Cas2 3
--L-glutamate ligase
Zinc finger CCCH domain-containing protein 18
Carbonic anhydrase 15
Probable caffeoyl-CoA O-methyltransferase 1
Caffeoyl-CoA O-methyltransferase 1
Caffeoyl-CoA O-methyltransferase 2
Probable caffeoyl-CoA O-methyltransferase 3
Caffeoyl-CoA O-methyltransferase 5
Carbamoyl-phosphate synthase arginine-specific large chain
Catalase B
Protein BOLA1, chloroplastic
Benzoyl-CoA oxygenase component B
Manganese-dependent 2,3-dihydroxybiphenyl 1,2-dioxygenase
Beta-ureidopropionase
Zinc finger CCCH domain-containing protein 20
Zinc finger CCCH domain-containing protein 31
Zinc finger CCCH domain-containing protein 45
Putative zinc finger CCCH domain-containing protein 9
Putative carbonic anhydrase 2
Carbonic anhydrase
Caffeoyl-CoA O-methyltransferase 4
Carbamoyl-phosphate synthase large chain, N-terminal section
Carbamoyl-phosphate synthase pyrimidine-specific large chain
CRISPR-associated endoribonuclease Cas2
CRISPR-associated endonuclease Cas9
Cytochrome b5 domain-containing protein 1
Protein BZZ1
Zinc finger CCCH domain-containing protein 11
Zinc finger CCCH domain-containing protein 34
Zinc finger CCCH domain-containing protein 39
Zinc finger CCCH domain-containing protein 48
Zinc finger CCCH domain-containing protein 7
Zinc finger CCCH domain-containing protein 9
Putative carbonic anhydrase 1
Caffeoyl-CoA O-methyltransferase 3
Caffeoyl-CoA O-methyltransferase 6
Capsid protein alpha
Carbazole 1,9a-dioxygenase, terminal oxygenase component CarAa
Ferredoxin CarAc
Carbamoyl-phosphate synthase large chain, C-terminal section
CRISPR-associated protein Cas1 3
CRISPR-associated endonuclease Cas1
CRISPR-associated endonuclease Cas9 1
CD209 antigen-like protein C
Zinc finger CCCH domain-containing protein 21
Zinc finger CCCH domain-containing protein 32
Zinc finger CCCH domain-containing protein 43
Zinc finger CCCH domain-containing protein 47
Zinc finger CCCH domain-containing protein 59
Putative zinc finger CCCH domain-containing protein 64
Zinc finger CCCH domain-containing protein 65
Probable caffeoyl-CoA O-methyltransferase At4g26220
(5R)-carbapenem-3-carboxylate synthase
Putative CRISPR-associated endonuclease Cas1 2
CRISPR-associated endonuclease Cas1 4
2-halobenzoate 1,2-dioxygenase electron transfer component
Ferredoxin--NAD(P)(+) reductase CarAd
CRISPR-associated protein Cas1 2
CRISPR-associated endonuclease/helicase Cas3
Calcium-binding protein I
Carotenoid 9,10(9',10')-cleavage dioxygenase 1
Cytochrome c-type biogenesis protein CcmH
Carotenoid cleavage oxygenase
CD209 antigen
Cyclomaltodextrinase
CRISPR-associated endoribonuclease Cas2 4
Cellobiose dehydrogenase
Cyclin-dependent kinase 17
CRISPR-associated nuclease/helicase Cas3 subtype I-F/YPEST
CRISPR-associated exonuclease Cas4
CRISPR-associated endonuclease Cas9 2
Carotenoid cleavage dioxygenase 8 homolog A, chloroplastic
Cytochrome c-type biogenesis protein CcmE
Colicin-E8
Cytosolic Fe-S cluster assembly factor CFD1
Pre-mRNA cleavage factor Im 25 kDa subunit 1
Cyclin-dependent kinase 15
Cytosolic Fe-S cluster assembly factor cfd1
Cell division control protein 1
CDGSH iron-sulfur domain-containing protein 2 homolog
Citrate utilization protein B
Pre-mRNA cleavage factor Im 25 kDa subunit 2
Cholinephosphotransferase 1
CDGSH iron-sulfur domain-containing protein 2 homolog B
Citrate lyase subunit beta-like protein
Maleylacetate reductase
Cell division protein FtsY homolog, chloroplastic
Cyclic GMP-AMP synthase
Chondroitin sulfate synthase 3
Citrate lyase subunit beta
Adenosine deaminase CECR1 homolog
C-type lectin domain family 17, member A
C-type lectin domain family 4 member M
Tungsten-containing aldehyde ferredoxin oxidoreductase cofactor-modifying protein
Cysteine and histidine-rich domain-containing protein 1
Cytidine monophosphate-N-acetylneuraminic acid hydroxylase
Monoterpene synthase FDS-5, chloroplastic
CDGSH iron-sulfur domain-containing protein 2 homolog A
Collagen alpha-2(I) chain
Coenzyme F420:L-glutamate ligase
Coenzyme gamma-F420-2:alpha-L-glutamate ligase
ATP-dependent Clp protease ATP-binding subunit ClpE
Collectin-12
FO synthase subunit 2
Collagen alpha-1(XXVII) chain
Chlorate reductase subunit alpha
Cytochrome P450IIB
Cyanophycin synthetase
Concanavalin-Br
Concanavalin-A
Cytochrome P450 2A7
Concanavalin-Ma
Iron-sulfur protein
Cyclooctat-9-en-7-ol synthase
Cytochrome P450 3A5
C-reactive protein P2 subunit 4
C-reactive protein 1.4
15-cis-phytoene synthase
Phytoene synthase
Probable catechol O-methyltransferase 2
Ent-kaur-16-ene synthase
C-reactive protein
CRISPR-associated endonuclease Cas3-HD
CRISPR-associated exonuclease Cas4/endonuclease Cas1 fusion
Gamma-conopressin vil
Copper-exporting P-type ATPase A
Putative cleavage and polyadenylation specificity factor subunit 4-like protein
CRISPR-associated exonuclease Csa1
Chorionic somatomammotropin hormone 1
Putative centaurin-gamma-like family member 11P
Cation-transporting P-type ATPase A
Protein cps3
CPX chromosomal region candidate gene 1 protein homolog
Carnosine synthase 1
Cysteine-rich venom protein pseudecin
Chorionic somatomammotropin hormone 2
CRISPR-associated protein Csn2
C-reactive protein 1.1
Metallothionein-like protein CRS5
All-trans-phytoene synthase/15-cis-phytoene synthase
Geranylgeranyl diphosphate synthase
Adenylate cyclase
Cysteine-rich venom protein pseudechetoxin
CRISPR-associated endonuclease Cas1/endonuclease Cas2 fusion
Chorionic somatomammotropin hormone-like 1
Chrysanthemyl diphosphate synthase, chloroplastic
CPX chromosomal region candidate gene 1 protein
C-reactive protein 3.3
All-trans-phytoene synthase
Chondroitinase-AC
Receptor-type adenylate cyclase ESAG 4
Receptor-type adenylate cyclase B
L-cysteine desulfidase
Receptor-type adenylate cyclase GRESAG 4.1
Split-Soret cytochrome c
Cytochrome b5-related protein
Cytochrome c7
mRNA-decapping protein D9
Cation-transporting ATPase 5
mRNA-decapping protein D10
5'-deoxyadenosine deaminase
Receptor-type adenylate cyclase A
C-type polyheme cytochrome OmcC
Carbon monoxide dehydrogenase small chain
Receptor-type adenylate cyclase GRESAG 4.3
Adenylate cyclase 2
Cytochrome c3
2-oxoglutarate-dependent dioxygenase DAO
N(omega)-hydroxy-L-arginine amidinohydrolase
Cycloserine biosynthesis protein DcsG
Dapdiamide A synthase
C-type polyheme cytochrome OmcB
Deacetylase Oant_2987
Differentially expressed in FDCP 8 homolog
Cytochrome B5-like protein
Dimethlysulfonioproprionate lyase DddP
Dimethlysulfonioproprionate lyase DddW
Deacetylase EF_0837
Putative Nudix hydrolase FPV054
Putative dimethlysulfonioproprionate lyase DddL
Putative N(omega)-hydroxy-L-arginine synthase DcsA
DC-STAMP domain-containing protein 1
Dimethlysulfonioproprionate lyase DddQ
Phospholipase DDHD1
Carbon monoxide dehydrogenase/acetyl-CoA synthase subunit alpha
Diol dehydratase-reactivating factor alpha subunit
Dimethylamine dehydrogenase
mRNA-decapping protein g5R
Acetylacetone-cleaving enzyme
N(G),N(G)-dimethylarginine dimethylaminohydrolase
Putative acyl- desaturase desA1
1,3-propanediol dehydrogenase
Probable ATP-dependent helicase DinG
Deacetylase Atu3266
DNA ligase 1
DNA ligase 2
Probable DNA ligase
D-alpha-glycerophosphatase
Dihydroneopterin monophosphate aldolase
Dihydropyrimidinase 2
Protein DinB
Putative acyl- desaturase desA2
Dihydroxyacetone kinase
2,3-dimethylmalate lyase
2-deoxy-scyllo-inosose synthase
Putative DPH3 homolog B
Repair DNA polymerase X
Protein P
Dihydropyrimidinase
Chaperone protein DnaJ
DNA ligase B
DNA ligase A
N-alpha-acetyl-L-2,4-diaminobutyric acid deacetylase
2-deoxyglucose-6-phosphate phosphatase 1
DNA polymerase III subunit epsilon
Lactonase drp35
Probable ATP-dependent helicase DinG homolog
2,3-dimethylmalate dehydratase large subunit
3-methylmercaptopropionyl-CoA ligase
DNA ligase
2-deoxyglucose-6-phosphate phosphatase 2
Sulfite reductase, dissimilatory-type subunit alpha
Deoxyuridine 5'-triphosphate nucleotidohydrolase
Probable D-lyxose ketol-isomerase
1-deoxy-D-xylulose 5-phosphate reductoisomerase, chloroplastic
DNA endonuclease I-CreI
Zinc finger protein draculin
Putative deoxyuridine 5'-triphosphate nucleotidohydrolase
1-deoxy-D-xylulose 5-phosphate reductoisomerase
DNA endonuclease I-CeuI
DNA polymerase IV
Zinc finger protein DZIP1L
2-oxoglutarate-dependent ethylene/succinate-forming enzyme
D-aminoacyl-tRNA deacylase
Extracellular endo-alpha-(1->5)-L-arabinanase 1
Protein EMBRYO SAC DEVELOPMENT ARREST 3, chloroplastic
Extracellular endo-alpha-(1->5)-L-arabinanase 2
1-deoxy-D-xylulose 5-phosphate reductoisomerase, apicoplastic
Calcium-transporting ATPase 2, endoplasmic reticulum-type
EF-hand calcium-binding domain-containing protein 14
Endonuclease III
Poly(U)-specific endoribonuclease-B
Probable deoxyuridine 5'-triphosphate nucleotidohydrolase
Deacetoxyvindoline 4-hydroxylase
Extracellular endo-alpha-(1->5)-L-arabinanase
Calcium-transporting ATPase, endoplasmic reticulum-type
Probable endonuclease 4
Poly(U)-specific endoribonuclease-A
Ectonucleoside triphosphate diphosphohydrolase 7
EF-hand calcium-binding domain-containing protein 2
Poly(U)-specific endoribonuclease homolog
Poly(U)-specific endoribonuclease-C
Enamidase
Electron transfer flavoprotein-ubiquinone oxidoreductase
Recombination endonuclease VII
Exodeoxyribonuclease
Fructose-1,6-bisphosphatase, cytosolic
Poly(U)-specific endoribonuclease-D
Exostosin-like 3
MIP18 family protein FAM96A
Exodeoxyribonuclease III
3-oxoacyl- reductase FabG
Fumarylacetoacetate hydrolase domain-containing protein 2
ESAT-6-like protein EsxH
Exonuclease
Fumarylacetoacetate hydrolase domain-containing protein 1
Fumarylacetoacetate hydrolase domain-containing protein 2 homolog
FO synthase
Probable electron transfer flavoprotein-ubiquinone oxidoreductase
Exostosin-like 2
F-box protein At5g50450
Fibrinogen C domain-containing protein 1
Fibrinogen C domain-containing protein 1-B
Formate dehydrogenase subunit beta
Ferredoxin-1
Ferredoxin-2
Ferredoxin-2, chloroplastic
Ferredoxin, leaf L-A
Ferredoxin-5, chloroplastic
Ferredoxin-B
Ferredoxin, heterocyst
Feruloyl CoA ortho-hydroxylase 2
2,4-dienoyl-CoA reductase
Ferredoxin-1, chloroplastic
Ferredoxin, chloroplastic
Fimbrin-1
Fumarylacetoacetate hydrolase domain-containing protein 2B
Fumarylacetoacetate hydrolase domain-containing protein 2A
Fibrinogen C domain-containing protein 1-A
Ferredoxin-3, chloroplastic
Bifunctional fucokinase/fucose pyrophosphorylase
Ficolin-1
Ferredoxin
Ferredoxin, root R-B1
Putative inactive flavonol synthase 2
2-enoate reductase FldZ
Probable flavonol synthase 4
Flavone synthase
Formate dehydrogenase, nitrate-inducible, iron-sulfur subunit
Probable alpha-fetoprotein
Ferredoxin, root R-B2
Probable ferredoxin-4, chloroplastic
Probable flavonol synthase 5
Farnesyl pyrophosphate synthase 2
Female protein
Protein FraH
Ferredoxin-6, chloroplastic
Ferredoxin-A
Probable flavonol synthase 6
Ferric reduction oxidase 4
Ferric-chelate reductase 1
L-fuculose phosphate aldolase
Farnesyl pyrophosphate synthase
Probable ferredoxin/ferredoxin--NADP reductase
FRAS1-related extracellular matrix protein 1
FRAS1-related extracellular matrix protein 3
Polyferredoxin protein FwdG
Glyceraldehyde 3-phosphate phosphatase
R-phenyllactate dehydratase subunit alpha
Farnesyl pyrophosphate synthase 1
Probable ferric reduction oxidase 1
Fusicoccadiene synthase
Ferredoxin-type protein FwdE
Gibberellin 2-beta-dioxygenase 3
4-oxalmesaconate hydratase
N-acetylgalactosamine-6-sulfatase
R-phenyllactate dehydratase beta subunit
Tungsten-containing formaldehyde ferredoxin oxidoreductase
Gibberellin 3-beta-dioxygenase 1
Galactokinase
Arabinogalactan endo-beta-1,4-galactanase
Ferritin-2, chloroplastic
Lactaldehyde reductase
D-gluconate/D-galactonate dehydratase
Galactose oxidase
Gibberellin 3-beta-dioxygenase 2-2
Putative sugar lactone lactonase
Gibberellic acid methyltransferase 1
Farnesyl diphosphate synthase 1
Farnesyl diphosphate synthase 2
Intracellular iron chaperone frataxin
Putative galactokinase
GTP cyclohydrolase 1 type 2 homolog
Gibberellin 2-beta-dioxygenase 8
Gibberellin 3-beta-dioxygenase 2-1
Galacturonokinase
Guanidinobutyrase
Glycerophosphodiester phosphodiesterase 1
Gex-3-interacting protein 13
Putative glutathione-dependent formaldehyde-activating enzyme
Geranylgeranyl pyrophosphate synthase 7, chloroplastic
Geranylgeranyl pyrophosphate synthase D
Polyferredoxin protein FwdF
Gibberellin 3-beta-dioxygenase 2-3
Galactarate dehydratase
Alcohol dehydrogenase
LanC-like protein GCL2
Glycerophosphodiester phosphodiesterase domain-containing protein 4
D-gluconate dehydratase
Gibberellic acid methyltransferase 2
Glycerophosphodiester phosphodiesterase domain-containing protein 1
Geranylgeranyl pyrophosphate synthase 4
Geranylgeranyl pyrophosphate synthase 9, chloroplastic
Geranylgeranyl pyrophosphate synthase 12, chloroplastic
Geranylgeranyl pyrophosphate synthase, chloroplastic
D-galactarolactone cycloisomerase
Gelsolin, cytoplasmic
Geranylgeranyl pyrophosphate synthase 3, chloroplastic
Bifunctional UDP-N-acetylglucosamine 2-epimerase/N-acetylmannosamine kinase
Glycerol dehydrogenase
Glutathione amide reductase
Heterodimeric geranylgeranyl pyrophosphate synthase large subunit 2
Putative geranylgeranyl pyrophosphate synthase 8, chloroplastic
Geranylgeranyl pyrophosphate synthase 11, chloroplastic
Glycerol kinase
Probable glycerophosphoryl diester phosphodiesterase 1
Glycerophosphoryl diester phosphodiesterase
Fructose-1,6-bisphosphatase class 2
Ferredoxin-dependent glutamate synthase
Ferredoxin-dependent glutamate synthase, chloroplastic
Glutamate synthase  small chain
Glycerophosphodiester phosphodiesterase domain-containing protein 3
Geranylgeranyl pyrophosphate synthase A
Green heme protein
Germin-like protein 2
Glutamate synthase  large chain
Putative glutamate synthase  small chain
Geranylgeranyl pyrophosphate synthase
Geranylgeranyl pyrophosphate synthase, chloroplastic/chromoplastic
Germin-like protein 4
Ferredoxin-dependent glutamate synthase 2
Probable glucuronokinase 2
Glycogenin-1
Galactinol synthase 6
Glycolate oxidase iron-sulfur subunit
Germin-like protein 1
Germin-like protein 3
N-acetylglucosamine-6-sulfatase
Galactinol synthase 2
Galactinol synthase 10
Germin-like protein
Ferredoxin-dependent glutamate synthase 1
Galactinol synthase 5
Haloacid dehalogenase-like hydrolase domain-containing protein At4g39970
Galactinol synthase 7
Haloacid dehalogenase-like hydrolase domain-containing protein At2g33255
Gametocyte-specific factor 1
Gametocyte-specific factor 1-like
GTP cyclohydrolase 1 type 2
DNA gyrase subunit B
Galactinol synthase 1
(DL)-glycerol-3-phosphatase 1
Guanidinopropionase
Glutamate--cysteine ligase
Glutathionylspermidine synthase
GTP-binding protein 8
Probable glucarate dehydratase
Endoglucanase-7
Haloacid dehalogenase-like hydrolase domain-containing protein At3g48420
Probable methanogen homoaconitase large subunit
G/T mismatches repair enzyme
Putative GTP-binding protein 6
Alpha-glucan water dikinase 2
3-phenylpropionate/cinnamic acid dioxygenase ferredoxin subunit
Hydroxylamine reductase
Haloacid dehalogenase-like hydrolase domain-containing protein 2
Ferrochelatase 1
Ferrochelatase 2
Arabinose 5-phosphate isomerase GutQ
Putative UDP-glucuronate:xylan alpha-glucuronosyltransferase 4
Glucarate dehydratase-related protein
Cellulose 1,4-beta-cellobiosidase
Non-symbiotic hemoglobin
D-glycero-alpha-D-manno-heptose 7-phosphate kinase
Fe-S cluster assembly factor HCF101, chloroplastic
High-potential iron-sulfur protein isozyme 2
Alpha-glucan water dikinase, chloroplastic
Methanogen homoaconitase large subunit
Homoaconitase large subunit
Hydroxyacylglutathione hydrolase-like protein
7-hydroxymethyl chlorophyll a reductase, chloroplastic
Hydroxylamine reductase 2
Hexaprenyl pyrophosphate synthase
(R)-2-hydroxyglutaryl-CoA dehydratase subunit alpha
(R)-2-hydroxyglutaryl-CoA dehydratase subunit beta
High-potential iron-sulfur protein isozyme 1
Hemopexin
High-potential iron-sulfur protein
Holliday junction resolvase homolog
Hemophore HasA
Hydroxylamine reductase 1
Minor histocompatibility protein HA-1
High-molecular-weight cytochrome c
4-hydroxybenzoyl-CoA reductase subunit gamma
Probable ferrochelatase
Ferrochelatase
High-potential iron-sulfur protein isozyme II
Protein HIT1
Heme oxygenase 2
6-hydroxynicotinate reductase
4-hydroxyphenylpyruvate dioxygenase-like protein
Imidazoleglycerol-phosphate dehydratase 1, chloroplastic
Heme oxygenase 1
Putative heme oxygenase 3
NAD-reducing hydrogenase HoxS subunit alpha
Homoprotocatechuate catabolism bifunctional isomerase/decarboxylase
4-hydroxyphenylacetate decarboxylase small subunit
Histidine-rich metal-binding polypeptide
Histatin-3
Imidazoleglycerol-phosphate dehydratase 2, chloroplastic
Holliday junction resolvase Hje
Hydroxymethylglutaryl-CoA lyase
NADP-reducing hydrogenase subunit HndA
NAD-reducing hydrogenase HoxS subunit beta
NAD-reducing hydrogenase HoxS subunit gamma
4-hydroxyphenylacetate degradation bifunctional isomerase/decarboxylase
Activator of
High-potential iron-sulfur protein isozyme I
Heavy metal-binding protein HIP
ATP phosphoribosyltransferase
NADP-reducing hydrogenase subunit HndC
NAD-reducing hydrogenase HoxS subunit delta
Hypoxic response protein 1
Formimidoylglutamase
Hydroxymethylglutaryl-CoA lyase YngG
Heme oxygenase
Probable imidazolonepropionase
D-hydantoinase/dihydropyrimidinase
IAP-like protein p27
Copper-transporting ATPase PAA2, chloroplastic
Hydrogenase expression/formation protein HupD
Isopentenyl-diphosphate Delta-isomerase
(S)-2-hydroxypropylphosphonic acid epoxidase
Hydrogenase expression/formation protein hypD2
Hydrogenase expression/formation protein HypD
Imidazolonepropionase
D-hydantoinase
Hydrogenase expression/formation protein hypD1
Intracellular endo-alpha-(1->5)-L-arabinanase
Indole-3-acetate O-methyltransferase 1
Isopentenyl-diphosphate Delta-isomerase 1
Bifunctional imidazolonepropionase/histidine ammonia-lyase
Sulfhydrogenase 1 subunit delta
Probable apoptosis inhibitor 2
Isopentenyl-diphosphate Delta-isomerase 2
Hydrogenase 3 maturation protease
Inosine-5'-monophosphate dehydrogenase
Inosose isomerase
Putative dehydratase IlvD1
Inositol-pentakisphosphate 2-kinase IPK1
Inorganic pyrophosphatase
Isoamylase
Inosine-5'-monophosphate dehydrogenase 1
Inosine-5'-monophosphate dehydrogenase 4
Inulosucrase
Isoquinoline 1-oxidoreductase subunit alpha
Iron-regulated surface determinant protein A
Farnesyl diphosphate synthase
Probable farnesyl diphosphate synthase
2-C-methyl-D-erythritol 2,4-cyclodiphosphate synthase, chloroplastic
Inosine-5'-monophosphate dehydrogenase 3
Inosine-5'-monophosphate dehydrogenase 2
4-hydroxy-3-methylbut-2-enyl diphosphate reductase
Jeltraxin
Putative cysteine desulfurase IscS 1
Adenylate kinase
Integrin alpha-E
Integrin beta-1-binding protein 2
Increased recombination centers protein 21
4-hydroxy-3-methylbut-2-enyl diphosphate reductase, chloroplastic
Integrin alpha-5
Integrin alpha-D
Integrin alpha-L
D-lysine 5,6-aminomutase beta subunit
Putative cysteine desulfurase IscS 2
3-deoxy-D-manno-octulosonate 8-phosphate phosphatase KdsC
Arabinose 5-phosphate isomerase KdsD
Putative 4-hydroxy-3-methylbut-2-enyl diphosphate reductase homolog
Integrin alpha-6
Probable 2-keto-3-deoxyxylonate dehydratase
Integrin alpha-2
Integrin alpha-4
L-beta-lysine 5,6-aminomutase beta subunit
Arabinose 5-phosphate isomerase KpsF
Beta-lactamase-like protein 2 homolog
Alpha-lactalbumin
Leucine aminopeptidase 1
Laccase-2
Bark agglutinin I polypeptide A
Leucoanthocyanidin dioxygenase
Agglutinin-2
C-type Lectin CRL
C-type lectin lectoxin-Enh1
C-type lectin lectoxin-Lio2
Seed lectin
Lectin
Anti-H(O) lectin
Aminopeptidase
Bark agglutinin I polypeptide B
Putative bark agglutinin LECRPA3
Lactoyl-CoA dehydratase subunit alpha
Truncated lectin 2
Anti-H(O) lectin 2
Lectin-4
Laccase
Agglutinin-1
Mannose/glucose-specific lectin Cramoll
Anti-H(O) lectin 1
C-type lectin
2-acetamido-2-deoxy-D-galactose-binding seed lectin 2
Bark lectin
Galactose-binding lectin
C-type lectin Cal
C-type lectin galactose-binding isoform
C-type lectin BfL-2
C-type lectin lectoxin-Lio3
C-type lectin lectoxin-Enh5
C-type lectin mannose-binding isoform
Lectin-related protein
Lectin B4
3-isopropylmalate dehydratase large subunit 1
3-isopropylmalate dehydratase large subunit 2
Beta-lactamase-like protein 2
Seed lectin alpha chain
C-type lectin BiL
C-type lectin BPL
Galactose-specific lectin nattectin
C-type lectin 1
C-type lectin lectoxin-Phi2
C-type lection lectoxin-Enh3
C-type lectin lectoxin-Enh6
C-type lectin lectoxin-Thr1
C-type lectin BjL
Favin
Zinc finger protein LEE1
Probable 3-isopropylmalate dehydratase large subunit
Laccase-C1
Lectin 1
C-type lectin TsL
C-type lectin lectoxin-Phi1
C-type lectin BML-2
C-type lectin lectoxin-Enh2
C-type lectin lectoxin-Enh4
C-type lectin lectoxin-Enh7
3-isopropylmalate dehydrogenase
Levansucrase
Ligninase B
LINE-1 reverse transcriptase homolog
Laccase-1b
Laccase-2d
Lactoyl-CoA dehydratase subunit beta
Long-chain-fatty-acid--CoA ligase
C-type lectin lectoxin-Lei1
Lectin alpha chain
C-type lectin BfL-1
C-type lectin BML-1
C-type lectin galatrox
C-type lectin BpLec
C-type lectin LmsL
Lactoylglutathione lyase
Probable lactoylglutathione lyase
Lipoyl synthase, apicoplast
Lipoyl synthase 1, chloroplastic
Lipoyl synthase, chloroplastic
Laccase-C2
Seed agglutinin 1
Mannose-specific lectin alpha chain
Lectin beta-1 and beta-2 chains
Seed lectin beta chain
C-type lectin APL
C-type lectin PAL
C-type lectin lectoxin-Lio1
Protein lunapark-A
Activator of lactoyl-CoA dehydratase
Seed agglutinin 2
Putative lactoylglutathione lyase
Ligninase A
Limulin
Linoleate 11-lipoxygenase
Lipoyl synthase 2, chloroplastic
3-hydroxy-3-isohexenylglutaryl-CoA/hydroxy-methylglutaryl-CoA lyase
Protein lunapark-B
Isopropylmalate/citramalate isomerase large subunit
3-isopropylmalate dehydratase large subunit
4-hydroxyphenylpyruvate dioxygenase
Lateral signaling target protein 2 homolog
L-galactonate dehydratase
Multifunctional non-homologous end joining protein LigD
Lactate utilization protein B 2
Lysozyme C, milk isozyme
LINE-1 retrotransposable element ORF2 protein
Alpha-aminoadipate/glutamate carrier protein LysW
Alpha-aminoadipate--LysW ligase LysX
Mitogen-activated protein kinase kinase kinase 15
VIP36-like protein
Protein lunapark
Lactate utilization protein B
Lysozyme C
Group II intron-interrupted relaxase LtrB
Metallothionein 1H-like protein 1
Alpha-mannosidase
Mandelate racemase
Methionine aminopeptidase
L-malyl-CoA/beta-methylmalyl-CoA lyase
Lactate utilization protein B 1
Protein lysine acetyltransferase Pat
Probable manganese catalase
Manganese catalase
Malyl-CoA/beta-methylmalyl-CoA/citramalyl-CoA lyase
Lateral signaling target protein 2
Alpha-aminoadipate carrier protein LysW
Maleylacetate reductase 1
Hydrogenase-1 small chain
Metallo-beta-lactamase domain-containing protein 1
(3S)-malyl-CoA thioesterase
Nucleoside triphosphate pyrophosphohydrolase
Metallo-beta-lactamase domain-containing protein 2
DNA replication licensing factor MCM4
Isochorismate synthase MenF
Putative isochorismate synthase MenF
Putative mycofactocin system creatinine amidohydrolase family protein MftE
Trehalose/maltose import ATP-binding protein MalK
DNA relaxase MbeA
4-alpha-glucanotransferase
DNA replication licensing factor MCM6
Protein MelA
Tyramine--L-glutamate ligase
Guanosine-3',5'-bis(diphosphate) 3'-pyrophosphohydrolase MESH1
Protein MEF2BNB homolog
2-methyleneglutarate mutase
Mini zinc finger protein 4
O-methyltransferase MdmC
Mini zinc finger protein 1
MOB kinase activator 3C
Mobilization protein A
Mini zinc finger protein 2
MOB kinase activator 1A
MOB kinase activator-like 1 homolog B
MOB kinase activator 3A
Mini zinc finger protein 3
Malolactic enzyme
MOB kinase activator-like 1 homolog A
MOB kinase activator-like 1 homolog C
Metallophosphoesterase MPPED2
Metallophosphoesterase 1 homolog
Aminodeoxyfutalosine deaminase
DNA double-strand break repair protein Mre11
MOB kinase activator 3B
Aldehyde oxidoreductase
Tetrahydromethanopterin:alpha-L-glutamate ligase
Mucosal pentraxin
Metallothionein-like protein 1A
Metallothionein-like protein 1B
Metallothionein-like protein type 2, MT2-28
Metallothionein-like protein type 2 A
Metallothionein-like protein type 2 LSC210
Metallothionein-2B
Metallothionein-like protein type 2
Metallothionein-like protein EMB30
Metallothionein-like protein 1
5-methylthioadenosine/S-adenosylhomocysteine deaminase
Metallothionein-1B
Metallothionein-1
Metallothionein 20-II
Metallothionein-like protein type 3
Metallothionein-like protein 4B
5-methylthioadenosine/S-adenosylhomocysteine deaminase 2
Metallothionein A
Metallothionein-A
Metallothionein B
Metallothionein-B
Copper-metallothionein
Cyclic pyranopterin monophosphate synthase
MOB kinase activator-like 1B
MOB kinase activator-like 2
Metallothionein 20-III isoform A
Metallothionein-4
Metallothionein-like protein LSC54
5-methylthioadenosine/S-adenosylhomocysteine deaminase 1
Metallothionein-like protein 2B
Metallothionein-like protein 2C
Metallothionein-like protein BIF98
Metallothionein-like protein 2
Metallothionein-like protein type 2 MET1
Metallothionein-like protein 3A
5-formyltetrahydrofolate cyclo-ligase
Metallothionein
Metallothionein 10-Ia
Metallothionein 10-IV
Metallothionein-like protein CAP3
Metallothionein-like protein type 2, MT2-4/MT2-25
Metallothionein-like protein type 2, MT2-18
Metallothionein-like protein 2A
Metallothionein-2
Metallothionein-like protein 3B
Metallothionein-like protein 4A
Methylated-thiol--corrinoid protein MtsB
Dihydroneopterin 2',3'-cyclic phosphate phosphodiesterase
Metallothionein 10-Ib
Metallothionein 10-II
Putative metallothionein MT1DP
Cadmium-metallothionein
8-oxo-dGTP diphosphatase
Adenine DNA glycosylase
Metallothionein 10-III
Metallothionein-like protein type 2, MT2-22
Metallothionein-like protein type 2 B
Metallothionein-like protein CAP5
Putative metallothionein-like protein 1B
Metallothionein 20-I isoforms A and B
Metallothionein 20-III isoform B
Metallothionein-like protein 4C
Copper-specific metallothionein-2
Enolase-phosphatase E1
Probable 8-oxo-dGTP diphosphatase 1
Putative mutator protein MutT4
5-nitroanthranilic acid aminohydrolase
NAD kinase 1
NAD kinase 2
Putative 8-oxo-dGTP diphosphatase 3
Putative 8-oxo-dGTP diphosphatase
Cytosolic Fe-S cluster assembly factor nar1
Cytosolic Fe-S cluster assembly factor NAR1
Cytosolic Fe-S cluster assembly factor NBP35
Putative 8-oxo-dGTP diphosphatase 2
9-cis-epoxycarotenoid dioxygenase NCED1, chloroplastic
9-cis-epoxycarotenoid dioxygenase, chloroplastic
MutT-like protein
Fumarylpyruvate hydrolase
NAD kinase
Probable cytosolic Fe-S cluster assembly factor GH10760
Cytochrome b5 reductase 4
Cytosolic Fe-S cluster assembly factor nbp35
9-cis-epoxycarotenoid dioxygenase NCED2, chloroplastic
Dimethylallylcistransferase, chloroplastic
Cytosolic Fe-S cluster assembly factor NARFL
Probable cytosolic Fe-S cluster assembly factor oxy-4
Probable cytosolic Fe-S cluster assembly factor CPIJ010948
Cytosolic Fe-S cluster assembly factor NUBP2 homolog 1
Putative nudix hydrolase 2
Cytosolic Fe-S cluster assembly factor narfl
Probable cytosolic Fe-S cluster assembly factor GF22738
Probable cytosolic Fe-S cluster assembly factor GA29080
Cytosolic Fe-S cluster assembly factor NUBP2 homolog 2
Bifunctional methyltransferase-like/endonuclease
Probable cytosolic Fe-S cluster assembly factor AGAP009023
Probable cytosolic Fe-S cluster assembly factor narfl
Probable cytosolic Fe-S cluster assembly factor GD17698
9-cis-epoxycarotenoid dioxygenase 1, chloroplastic
NifS/IcsS protein homolog
Probable cytosolic Fe-S cluster assembly factor AAEL012261
Probable cytosolic Fe-S cluster assembly factor GG21400
Probable cytosolic Fe-S cluster assembly factor GI11683
Probable cytosolic Fe-S cluster assembly factor GM20417
Probable cytosolic Fe-S cluster assembly factor GK14772
Diadenosine hexaphosphate hydrolase
Neomycin C epimerase
Bifunctional NAD(P)H-hydrate repair enzyme Nnr
Probable cytosolic Fe-S cluster assembly factor Bm1_25010
Probable cytosolic Fe-S cluster assembly factor GL21135
Probable cytosolic Fe-S cluster assembly factor GJ13047
Probable cytosolic Fe-S cluster assembly factor GE22682
Probable cytosolic Fe-S cluster assembly factor v1g210509
Putative nudix hydrolase 6
Putative cysteine desulfurase NifS
NAD-dependent protein deacylase 2
Neuronal pentraxin-2
Fe/S biogenesis protein NfuA
Glucose-1-phosphate thymidylyltransferase
NAD-dependent protein deacylase
Anaerobic ribonucleoside-triphosphate reductase-activating protein
Putative nudix hydrolase 7
Peptide-N(4)-(N-acetyl-beta-glucosaminyl)asparagine amidase
5'-nucleotidase domain-containing protein 2
Neuronal pentraxin receptor
5'-nucleotidase domain-containing protein 4
NADH pyrophosphatase
5'-nucleotidase domain-containing protein DDB_G0275467
Nucleoside diphosphate-linked moiety X motif 17
Dihydroneopterin triphosphate diphosphatase
GDP-mannose pyrophosphatase NudK
5'-nucleotidase domain-containing protein 3
Cytosolic Fe-S cluster assembly factor NUBP1 homolog
Cytosolic Fe-S cluster assembly factor NUBP2 homolog
Cytosolic Fe-S cluster assembly factor nubp2
Nudix hydrolase 19, chloroplastic
Nudix hydrolase 22, chloroplastic
Cytosolic Fe-S cluster assembly factor nubp1
Nudix hydrolase 1
Nudix hydrolase 4
Nudix hydrolase 9
5'-nucleotidase domain-containing protein 1
Nudix hydrolase 5
Vesicle-fusing ATPase
Nudix hydrolase 10
Diphosphoinositol polyphosphate phosphohydrolase 3-beta
Nudix hydrolase 14, chloroplastic
Nudix hydrolase 27, chloroplastic
D-ornithine 4,5-aminomutase subunit beta
RNA-binding protein
Diphosphoinositol polyphosphate phosphohydrolase 3-alpha
Uridine diphosphate glucose pyrophosphatase
Nudix hydrolase 21, chloroplastic
Cytosolic Fe-S cluster assembly factor nubp1-B
DNA double-strand break repair nuclease NurA
2-oxoisovalerate dehydrogenase subunit alpha
2-oxoisovalerate dehydrogenase subunit alpha, mitochondrial
Ubiquitin thioesterase OTU1
Cytosolic Fe-S cluster assembly factor nubp1-A
Otopetrin-3
Phosphorylated carbohydrates phosphatase TM_1254
P43 5S RNA-binding protein
Osteocalcin
L-amino-acid oxidase
Phosphodiesterase MJ0936
DNA topoisomerase 4 subunit B
Soluble P-type ATPase-like phosphatase
8-oxoguanine deaminase
Iron/zinc purple acid phosphatase-like protein
Acetyltransferase Pat
Phyllocladan-16-alpha-ol synthase
High affinity cAMP-specific 3',5'-cyclic phosphodiesterase 7A
Copalyl diphosphate synthase
3',5'-cyclic-nucleotide phosphodiesterase 2
Phospholipase A2 homolog A1
Acyl- 6-desaturase
ATP-dependent 6-phosphofructokinase 1
ATP-dependent 6-phosphofructokinase 2
Pyruvate formate-lyase-activating enzyme
Pyrophosphate--fructose 6-phosphate 1-phosphotransferase
Putative polysaccharide biosynthesis protein with aminopeptidase-like domain
ATP-dependent 6-phosphofructokinase subunit alpha
ATP-dependent 6-phosphofructokinase subunit beta
ATP-dependent 6-phosphofructokinase 6
ATP-dependent 6-phosphofructokinase isozyme 1
Pyruvate formate-lyase 1-activating enzyme
Pyrophosphate--fructose 6-phosphate 1-phosphotransferase subunit alpha
Pyrophosphate--fructose 6-phosphate 1-phosphotransferase subunit beta
cAMP/cGMP-dependent 3',5'-cAMP/cGMP phosphodiesterase B
Manganese peroxidase H5
Glutamyl aminopeptidase
ATP-dependent 6-phosphofructokinase
Pyrophosphate--fructose 6-phosphate 1-phosphotransferase 3
Manganese transporter pdt1
Manganese peroxidase
Probable ATP-dependent 6-phosphofructokinase
Probable peptidoglycan-N-acetylglucosamine deacetylase ARB_03699
1-deoxypentalenic acid 11-beta-hydroxylase
Pyrophosphate--fructose 6-phosphate 1-phosphotransferase 1
ATP-dependent 6-phosphofructokinase 7
ATP-dependent 6-phosphofructokinase 3
ATP-dependent 6-phosphofructokinase, muscle type
ATP-dependent 6-phosphofructokinase, platelet type
Pyrophosphate--fructose 6-phosphate 1-phosphotransferase 2
Phytanoyl-CoA dioxygenase domain-containing protein 1
ATP-dependent 6-phosphofructokinase 5, chloroplastic
PHD finger protein 24
Acid phosphatase
Phytanoyl-CoA dioxygenase domain-containing protein 1 homolog
Pleckstrin homology domain-containing family M member 3
ATP-dependent 6-phosphofructokinase 4, chloroplastic
Putative ATP-dependent 6-phosphofructokinase isozyme 2
Probable polyketide biosynthesis zinc-dependent hydrolase PksB
Glucose 1,6-bisphosphate synthase
Phosphoribosyl 1,2-cyclic phosphate 1,2-diphosphodiesterase
Retrovirus-related Pol polyprotein from type-1 retrotransposable element R2
Serum paraoxonase/lactonase 3
Putative pleckstrin homology domain-containing family M member 1P
ATPase 5, plasma membrane-type
Retrovirus-related Pol polyprotein from type-2 retrotransposable element R2DM
Enzymatic polyprotein
Protein PNG1
DNA polymerase/3'-5' exonuclease PolX
Manganese-dependent inorganic pyrophosphatase
Polyphenol oxidase I, chloroplastic
PqqC-like protein
Putative enzymatic polyprotein
Probable inactive purple acid phosphatase 29
Purple acid phosphatase 7
Alkaline phosphatase 3
Purple acid phosphatase 13
Phosphate-repressible acid phosphatase
Probable purple acid phosphatase 20
Probable inactive purple acid phosphatase 24
Purple acid phosphatase 6
Probable inactive purple acid phosphatase 9
Probable manganese-dependent inorganic pyrophosphatase
Purple acid phosphatase 1
Serine/threonine-protein phosphatase 7 inactive homolog
Purple acid phosphatase 11
Probable inactive purple acid phosphatase 16
Purple acid phosphatase 19
Purple acid phosphatase 5
Purple acid phosphatase 2
Alkaline phosphatase 4
Purple acid phosphatase 18
Probable inactive purple acid phosphatase 1
Purple acid phosphatase 22
Probable inactive purple acid phosphatase 28
Prolactin receptor
Serum paraoxonase/arylesterase 2
Purple acid phosphatase 21
Purple acid phosphatase 23
Probable inactive purple acid phosphatase 27
Purple acid phosphatase 4
Purple acid phosphatase 8
Vanadium chloroperoxidase
Monodechloroaminopyrrolnitrin synthase PrnB
Parvalbumin beta
Polyphenol oxidase
Chloroperoxidase
Adenylosuccinate synthetase 2
Adenylosuccinate synthetase 2, chloroplastic
Adenylosuccinate synthetase, chloroplastic
Pentraxin-4
Adenylosuccinate synthetase 1, chloroplastic
Adenylosuccinate synthetase 1
Uridylate kinase
Adenylosuccinate synthetase
Protein PyrBI
7-cyano-7-deazaguanine synthase 1
Putative 6-carboxy-5,6,7,8-tetrahydropterin synthase
7-carboxy-7-deazaguanine synthase
Replicase polyprotein 1ab
Replicase protein 1a
Replicase polyprotein 1a
DNA repair protein RadA homolog
DNA double-strand break repair Rad50 ATPase
Ras GTPase-activating protein 3
Pentraxin fusion protein
7-cyano-7-deazaguanine synthase 2
(R)-phenoxypropionate/alpha-ketoglutarate-dioxygenase
Probable 6-carboxy-5,6,7,8-tetrahydropterin synthase
Single-stranded-DNA-specific exonuclease RecJ
Recombination protein RecR
Ranasmurfin
Geminivirus-like replication protein
Probable DNA double-strand break repair Rad50 ATPase
RecBCD enzyme subunit RecB
Replication protein A 70 kDa DNA-binding subunit B
DEAD-box ATP-dependent RNA helicase 41
Probable sugar isomerase R00627
Rho GTPase-activating protein 29
Beta-citrylglutamate synthase B
Bifunctional
Probable sugar isomerase mlr5709
N-acetylaspartylglutamate synthase A
RIP-like protein
L-arginine-specific L-amino acid ligase
Glucose-1-phosphate thymidylyltransferase 1
dTDP-4-dehydrorhamnose reductase
Ribonuclease H2 subunit A
Probable glucose-1-phosphate thymidylyltransferase
Ribonuclease HI
Glucose-1-phosphate thymidylyltransferase 2
Ribonuclease Z
Ribonuclease E/G-like protein
Replication factor A
RNA pyrophosphohydrolase
Replicase polyprotein 1TF
Radical S-adenosyl methionine domain-containing protein 2
Putative ribosome biogenesis GTPase RsgA 1
Putative ribosome biogenesis GTPase RsgA 2
Anti-sigma-W factor RsiW
Putative ribosome biogenesis GTPase RsgA
RNA-splicing ligase RtcB
RUN and FYVE domain-containing protein 4
Retrotransposable element SLACS 45 kDa protein
Serum amyloid P-component
Heme-binding protein Rv0203
Deoxynucleoside triphosphate triphosphohydrolase SAMHD1 homolog
SCO2-like protein RF_0960
L-serine dehydratase, beta chain
Putative copper-binding protein
L-serine dehydratase
(S)-phenoxypropionate/alpha-ketoglutarate-dioxygenase
Fructokinase
L-serine dehydratase 1
SCO2-like protein RBE_0699
SCO2-like protein RP587
Fructokinase-1
L-serine dehydratase, alpha chain
Probable L-serine dehydratase, alpha chain
SCO2-like protein RC0895
SCO2-like protein RT0576
Probable L-serine dehydratase, beta chain
NAD-dependent deacetylase sir2D
Snaclec coagulation factor IX/factor X-binding protein subunit B
L-serine dehydratase 2
Snaclec factor X-activator 1 light chain 2
Snaclec coagulation factor IX/factor X-binding protein subunit A
Snaclec anticoagulant protein subunit B
Snaclec salmorin subunit B
Snaclec coagulation factor X-activating enzyme light chain 2
Snaclec agkisacutacin subunit A
Structure-specific endonuclease subunit slx1
Structure-specific endonuclease subunit SLX1 homolog
NAD-dependent deacetylase sir2C
Snaclec coagulation factor IX/factor X-binding protein subunit B1
Snaclec coagulation factor IX-binding protein subunit A
C-type lectin 16
Structure-specific endonuclease subunit SLX1
Snaclec salmorin subunit A
Iron transporter SMF3
Sine oculis-binding protein homolog
Somatotropin-B
Somatotropin-1
Snaclec coagulation factor IX/factor X-binding protein subunit B3
Snaclec coagulation factor X-activating enzyme light chain 1
Snaclec agkisacutacin subunit B
Structure-specific endonuclease subunit SLX1 homolog 2
Snaclec rhodocytin subunit beta
Somatotropin
Protein SIP5
Snaclec factor X-activator 1 light chain 1
Snaclec anticoagulant protein subunit A
Protein sip5
Sporulation killing factor maturation protein SkfB
Snaclec factor X-activator 2 light chain 2
Snaclec coagulation factor IX/factor X-binding protein subunit B2
Structure-specific endonuclease subunit SLX1 homolog 1
NAD-dependent deacetylase sir2B
Snaclec factor X-activator 2 light chain 1
Stromal membrane-associated protein 2
Somatotropin-2
Agglutinin receptor
Putative agmatinase 1
Stearoyl- desaturase 1)
Stearoyl- desaturase 3)
Stearoyl- desaturase 4)
Stearoyl- desaturase 6)
Acyl- desaturase 7, chloroplastic
Stearoyl- desaturase)
Acyl- desaturase, chloroplastic
Palmitoyl- 9-desaturase 1)
Stearoyl- desaturase 2)
Palmitoyl- desaturase 3)
Stearoyl- desaturase 5)
Acyl- desaturase 6, chloroplastic
Stearoyl- desaturase 7)
Sulfide dehydrogenase subunit alpha
SH3 and cysteine-rich domain-containing protein 2
Acyl- desaturase 3, chloroplastic
Acyl- desaturase 4, chloroplastic
Palmitoyl- desaturase)
Protein SRC1
Protein SsnA
Cysteine--tRNA ligase
SH3 and cysteine-rich domain-containing protein
Palmitoyl- 9-desaturase 2)
Probable cysteine--tRNA ligase
Cysteine--tRNA ligase 1, cytoplasmic
Sulfatase-modifying factor 2
L-talarate/galactarate dehydratase
Type-2 restriction enzyme BslI subunit beta
Type-2 restriction enzyme BslI subunit alpha
Type-2 restriction enzyme Cfr10I
Type-2 restriction enzyme PvuII
Isoleucine--tRNA ligase
Synaptotagmin-4
Type-2 restriction enzyme BglI
L-serine dehydratase TdcG
Synaptotagmin-3
Type-2 restriction enzyme EcoRV
Type-2 restriction enzyme NgoMIV
Transcobalamin-2
Alpha-ketoglutarate-dependent 2,4-dichlorophenoxyacetate dioxygenase
THAP domain-containing protein 3
THAP domain-containing protein 4
Probable acetyl-CoA acetyltransferase, cytosolic 2
Type-2 restriction enzyme BsoBI
Tax1-binding protein 1 homolog
THAP domain-containing protein 10
THAP domain-containing protein 8
Maleylacetate reductase 2
Acetyl-CoA acetyltransferase
Chlorocatechol 1,2-dioxygenase 2
Transmembrane protein with metallophosphoesterase domain
Techylectin-like protein
Translation machinery-associated protein 46
DNA topoisomerase 2
DNA topoisomerase 3
Chlorocatechol 1,2-dioxygenase 1
DNA topoisomerase 3-beta
Trans-prenyltransferase
Testis- and ovary-specific PAZ domain-containing protein 1
Tropomyosin alpha-4 chain
Serotransferrin-1
Serotransferrin-B
Transferrin
Putative DNA topoisomerase 3
Multifunctional conjugation protein TraI
Serotransferrin-A
Melamine deaminase
Trehalose synthase
Ovotransferrin
Serotransferrin
L(+)-tartrate dehydratase subunit alpha
Serotransferrin-2
Tryptophan 2-C-methyltransferase
Transforming protein STP
Putative L(+)-tartrate dehydratase subunit alpha
Tax1-binding protein 1 homolog A
Tax1-binding protein 1 homolog B
UTP--glucose-1-phosphate uridylyltransferase 1
Probable L-ribulose-5-phosphate 4-epimerase UlaF
UTP--glucose-1-phosphate uridylyltransferase
Diguanylate cyclase VdcA
Putative zinc finger protein 012R
Probable RAD2-like endonuclease 369L
Putative hydrolase 414L
Ultraviolet N-glycosylase/AP lyase
Putative zinc finger protein 302L
A protein
Putative phosphoesterase 244L
Ketoisovalerate oxidoreductase subunit VorD
Putative phosphoesterase 078R
Ketoisovalerate oxidoreductase subunit VorC
Vacuolar protein sorting-associated protein 27
51.5 kDa protein
Probable RAD2-like endonuclease 076L
A' protein
A.superbus venom factor 2
Ophiophagus venom factor
Putative zinc finger protein 034R
14.7 kDa protein
Flap endonuclease Xni
A.superbus venom factor 1
Venom factor
Cobra venom factor
Putative zinc finger protein 077L
Putative zinc-binding protein ORF78
WD repeat and FYVE domain-containing protein 2
D-xylulose reductase
Xylene monooxygenase electron transfer component
Putative hydrolase 111R
Putative phosphatase HI_0003
Putative zinc finger protein ORF110
Hemolysin VllY
Antitoxin VapB15
Putative phosphatase BU028/BU029
Putative dioxygenase Mb0100
Putative aldolase class 2 protein CC_1201
Putative L-lysine 2,3-aminomutase
Putative phosphatase BUsg_029
Putative aldolase class 2 protein HI_1012
Aryl-alcohol dehydrogenase
Putative phosphatase bbp_030
Putative L-lysine 2,3-aminomutase aq_1632
Putative zinc finger protein ORF98b
Putative heme-binding protein HQ_1094A
Putative phosphatase MG125
UPF0026 protein MJ1312
Putative endonuclease MJ1434
Probable iron-sulfur cluster repair protein HI_1677
GTP-binding protein At2g22870
Probable metallo-hydrolase Mb2322c
Toluate 1,2-dioxygenase electron transfer component
UPF0026 protein HP_0117
Putative heme-binding protein VNG_2021C
Putative dioxygenase Rv0097
UPF0026 protein jhp_0109
Double zinc ribbon protein VNG_0195H
Probable metallo-hydrolase MJ0296
Putative dioxygenase MT0106
Probable metallo-hydrolase MT2357
Putative hydrolase MSMEG_3995/MSMEI_3903
Putative L-lysine 2,3-aminomutase aq_454
pH-sensitive adenylate cyclase MT1302
Double zinc ribbon protein OE_1323R
Probable phosphatase CBO3379/CLC_3322
GTP-binding protein At3g49725, chloroplastic
Putative aldolase class 2 protein RP493
UPF0026 protein slr1464
Putative phosphatase MG265
Probable ribosomal oxygenase HI_0396
Probable metallo-hydrolase M6_Spy0554
Probable metallo-hydrolase BURPS1710b_2304
Putative heme-binding protein rrnAC3100
Putative phosphatase MPN_383
Double zinc ribbon protein MJ0416
Probable metallo-hydrolase MJ0888
Putative heme-binding protein NP_2262A
Putative phosphatase MG263
Putative phosphatase MPN_264
Probable phosphatase CLB_3435
Putative phosphatase MPN_381
Enolase superfamily member DDB_G0284701
Probable farnesyl diphosphate synthase DDB_G0278823
TNF receptor-associated factor family protein DDB_G0279745
Putative phosphatase M6_Spy0533
Putative phosphatase MCAP_0732
Probable farnesyl diphosphate synthase DDB_G0268742
Deoxyribonuclease Tat-D
Putative protein C31H2.4
Putative metallophosphoesterase At3g03305
Putative aldolase class 2 protein PA3430
Phosphodiesterase YfcE
Putative phosphatase MPN_427
Putative phosphatase HI_0597
Putative acid--amine ligase HI_0929
Phosphodiesterase YaeI
Probable diguanylate cyclase YeaP
Putative acid--amine ligase YgiC
Putative amidohydrolase YhaA
Probable metallo-hydrolase YhfI
Probable aminopeptidase YDR415C
Rhamnogalacturonan endolyase YesW
Putative aldolase class 2 protein YgbL
Putative hydrogenase expression/formation protein MJ0993
Probable cation-transporting ATPase K07E3.7
Putative protein YfkA
Rhamnogalacturonan exolyase YesX
Probable metallo-hydrolase YflN
Putative isomerase YitF
Probable deoxyuridine 5'-triphosphate nucleotidohydrolase YncF
Outer membrane protein YopM
DNA repair protein homolog YozK
Carbohydrate deacetylase
Putative glycerophosphoryl diester phosphodiesterase YhdW
Putative acid--amine ligase YjfC
mRNA 3'-end-processing protein YTH1
Probable quorum-quenching lactonase YtnP
Putative sugar lactone lactonase YvrE
Zinc finger protein 804B
Putative ADP-ribose pyrophosphatase YjhB
Probable inactive metalloprotease YmfF
Putative metallo-hydrolase YycJ
Zinc finger protein 804A
Probable ribonuclease ZC3H12B
Zinc finger C2HC domain-containing protein 1A
Zinc finger CCCH domain-containing protein 15 homolog
Zeaxanthin 7,8(7',8')-cleavage dioxygenase, chromoplastic
Zinc finger FYVE domain-containing protein 21
Zinc finger MYND domain-containing protein 12
Frd operon probable iron-sulfur subunit A
Protein yippee
Putative endonuclease L386
Zinc finger protein YPR013C
Putative zinc finger MYND domain-containing protein R331
Endoribonuclease YSH1
Zinc finger C2H2 protein ECU11_0990
Zinc finger BED domain-containing protein 5
Zinc finger C2HC domain-containing protein 1B
Zinc finger C2HC domain-containing protein 1C
Zinc finger protein 428
Zinc finger protein 704
Zinc finger HIT domain-containing protein 3
Probable metallo-hydrolase YqjP
Putative O-methyltransferase YrrM
Endoribonuclease ysh-1
mRNA 3'-end-processing protein yth1
mRNA 3'-end-processing protein yth-1
Zinc finger C2H2 protein ECU10_0150
Probable ribonuclease ZC3H12C
Zinc finger C2HC domain-containing protein CBG14627
Zinc finger CCCH domain-containing protein 6
Zinc finger protein 474
Zinc finger protein 839
Zinc finger with UFM1-specific peptidase domain protein
Putative 8-oxo-dGTP diphosphatase YtkD
Probable metallo-hydrolase YybB
Zinc finger BED domain-containing protein 2
Zinc finger FYVE domain-containing protein 26 homolog
Zinc finger protein 609
Zinc finger HIT domain-containing protein 2
Probable metallo-hydrolase YqgX
Putative metallophosphoesterase F40B5.2
GMP/IMP nucleotidase YrfG
Putative phosphatase in upp 3'region
Zinc finger C2H2 protein ECU02_0310
Zinc finger protein 593 homolog
Zinc finger protein 608
Putative peptide biosynthesis protein YydG
Zinc finger CCCH domain-containing protein 11A
Zinc finger C2HC domain-containing protein T03G11.3
Zinc finger CCCH-type antiviral protein 1-like
Gastrula zinc finger protein 5-1
