Neutral amino acid transporter B(0)
C4-dicarboxylate transport protein
Cycloheximide resistance protein
C4-dicarboxylate transport protein 1
C4-dicarboxylate transport protein 2
C4-dicarboxylate transport protein 4
Aerobic C4-dicarboxylate transport protein
C4-dicarboxylate transport protein 3
Excitatory amino acid transporter 1
Putative sodium-dependent excitatory amino acid transporter glt-3
Putative sodium-dependent excitatory amino acid transporter glt-4
Excitatory amino acid transporter 4
Excitatory amino acid transporter 3
Putative sodium-dependent excitatory amino acid transporter glt-6
Excitatory amino acid transporter 5
Proton glutamate symport protein
Proton/sodium-glutamate symport protein
Phosphate transport system permease protein PstA homolog
Putative O-antigen transporter
Neutral amino acid transporter A
L-cystine uptake protein TcyP
L-cystine transporter YdjN
