Bloom syndrome protein
Protein BREAST CANCER SUSCEPTIBILITY 2 homolog B
Cysteine proteinase 1, mitochondrial
Cell division control protein 45 homolog
60 kDa chaperonin 1
Cold shock-like protein CspD
CST complex subunit CTC1
Cell death-related nuclease 4
Single-stranded DNA-binding protein DdrB
Deoxyguanosinetriphosphate triphosphohydrolase
Major DNA-binding protein
Meiotic recombination protein DLH1
Protein EMBRYONIC FLOWER 1
Exodeoxyribonuclease I
F-box DNA helicase 1
DNA repair protein complementing XP-G cells homolog
DNA-Binding protein G5P
Flap endonuclease GEN-like 1
Protein hold'em
Heat shock protein 60
Protein I3
Immunoglobulin J chain
Lon protease homolog, mitochondrial
Protein MCM10 homolog
Minichromosome maintenance protein 10
DNA replication licensing factor MCM4
DNA replication licensing factor MCM6
DNA replication licensing factor MCM7
Mitochondrial genome maintenance protein MGM101
Single-stranded DNA-binding protein, mitochondrial
DNA mismatch repair protein MutL
Nucleoside diphosphate kinase A
Nodulin homeobox
Nucleoporin NUP53
Protein OSB2, chloroplastic
Nucleoporin nup40
Nucleoporin ASM4
Protein OSB1, mitochondrial
Protein OSB3, chloroplastic/mitochondrial
Protein OSB4, chloroplastic
Poly(rC)-binding protein 1
Twinkle protein, mitochondrial
PMS1 protein homolog 1
Primosomal replication protein n
Primase homolog protein
DNA repair protein RAD4
DNA repair protein RAD51 homolog B
Glycine-rich RNA-binding protein 4, mitochondrial
RAD51-associated protein 1
DNA repair protein RAD51 homolog 1
DNA repair protein RAD51 homolog A
DNA repair protein RAD34
Heterogeneous nuclear ribonucleoprotein 27C
RNA-binding motif, single-stranded-interacting protein 1
Protein RecA 2
Protein RecA, chromosomal
DNA replication and repair protein RecF
DNA repair protein rad13
Recombination-associated protein RdgC
Protein RecA
DNA repair and recombination protein RadB
DNA repair protein RAD10
Protein RecA, plasmid
ATP-dependent DNA helicase Rep
Replication protein A 70 kDa DNA-binding subunit
Replication protein A 30 kDa subunit
Probable replication factor A 73 kDa subunit
Protein RecA 1
Protein RecT
Replication factor A 51 kDa subunit
Replication protein A 14 kDa subunit
DNA repair protein rhp42
Single-stranded DNA-binding protein RIM1, mitochondrial
DNA repair protein rhp41
Single-stranded DNA-binding protein rim1, mitochondrial
RecQ-mediated genome instability protein 1
DNA repair and recombination protein rti1
DNA replication regulator sld2
DNA replication regulator SLD2
SOSS complex subunit B1-B
Structural maintenance of chromosomes protein 5
SOSS complex subunit B2
Single-stranded DNA-binding protein 1
Single-stranded DNA-binding protein 2
Single-stranded DNA-binding protein 4
Plasmid-derived single-stranded DNA-binding protein
SOSS complex subunit B1
SOSS complex subunit B1-A
Single-stranded DNA-binding protein
Single-stranded DNA-binding protein 3
Single-stranded DNA-binding protein A
Single-stranded DNA-binding protein 1-B, mitochondrial
Single-stranded DNA-binding protein B
Single-stranded DNA-binding protein 1-A, mitochondrial
ATPase SWSAP1
Three-prime repair exonuclease 1
Protein TSD2
Translin
Tyrosyl-DNA phosphodiesterase 2
Tyrosyl-DNA phosphodiesterase 1
Twinkle homolog protein, chloroplastic/mitochondrial
DNA repair protein UVH3
Recombination and repair protein
Phi-Lf prophage-derived helix-destabilizing protein
DNA repair protein complementing XP-C cells
DNA repair protein complementing XP-C cells homolog
DNA repair endonuclease XPF
Putative single-stranded DNA-binding protein ycf41
