Peroxiredoxin type-2
Putative peroxiredoxin bcp
Vitamin B12 transport periplasmic protein BtuE
Uba3-binding protein but1
Glutathione peroxidase
Putative peroxiredoxin pmp20
Peroxiredoxin-1
Thioredoxin-dependent peroxide reductase, mitochondrial
Peroxiredoxin-4
Peroxiredoxin
Mitochondrial peroxiredoxin PRX1
Peroxiredoxin C1773.02c
Peroxiredoxin 1
1-Cys peroxiredoxin PER1
Protein SCO1, mitochondrial
Protein SCO2, mitochondrial
15 kDa selenoprotein
Probable thiol peroxidase
Thiol peroxidase
Peroxiredoxin tpx1
Peroxiredoxin TSA1
Peroxiredoxin TSA2
