Arsenical-resistance protein Acr3
Putative arsenical pump-driving ATPase
Arsenite resistance protein ArsB
Arsenical pump membrane protein
Arsenate reductase
Protein ArsC 2
Putative arsenate reductase
Protein ArsC
Glutaredoxin arsenate reductase
Arsenical-resistance protein 2
Putative arsenical pump-driving ATPase 1
Putative arsenical pump-driving ATPase 2
Protein ArsC 1
Putative arsenite methyltransferase
Dual specificity phosphatase Cdc25
Mycoredoxin 1
Dihydrolipoyl dehydrogenase 2, chloroplastic
Dihydrolipoyl dehydrogenase 1, chloroplastic
Putative arsenical pump membrane protein YdfA
Putative arsenate reductase-like protein
Putative arsenical pump membrane protein
