DNA-(apurinic or apyrimidinic site) lyase
ADP-ribosylation factor-like protein 6-interacting protein 4
Active regulator of SIRT1
Actin-related protein 8
Protein BFR2
Protein BCCIP homolog
Protein bfr2
Ceramide kinase-like protein
Centrin-3
Calnexin-independence factor 1
Cysteine-rich PDZ-binding protein
Putative ATP-dependent RNA helicase DDX11-like protein 8
ATP-dependent RNA helicase dbp8
ATP-dependent RNA helicase DBP8
Probable ATP-dependent RNA helicase pitchoune
ATP-dependent RNA helicase DBP9
ATP-dependent RNA helicase DBP7
Pre-mRNA-splicing factor ATP-dependent RNA helicase DHX15
DNA ligase 4
DnaJ homolog subfamily B member 9
DnaJ homolog subfamily B member 1
ER membrane protein complex subunit 2
3'-5' exonuclease eri-1
Telomerase-binding protein EST1A
3'-5' exonuclease eri1
ATP-dependent RNA helicase fal1
Endogenous retrovirus group K member 25 Rec protein
rRNA-processing protein FCF2
Protein FAF1
ATP-dependent RNA helicase FAL1
Fragile X mental retardation 1 neighbor protein
Fragile X mental retardation protein 1 homolog
Fibroblast growth factor 22
rRNA-processing protein FYV7
G patch domain-containing protein 2
Stress-70 protein, mitochondrial
Glutamate-rich WD repeat-containing protein 1
Hydroxyacyl-thioester dehydratase type 2, mitochondrial
Alpha-crystallin domain-containing protein 22.3
Increased rDNA silencing protein 4
WD repeat-containing protein jip5
WD repeat-containing protein JIP5
KATNB1-like protein 1
Protein KRI1
Protein MAK16 homolog
ATP-dependent RNA helicase mak5
Mediator-associated protein 2
Cell growth-regulating nucleolar protein
ATP-dependent RNA helicase MAK5
Midnolin-A
Protein MAK16 homolog B
Protein MAK16 homolog A
Midnolin
Midnolin-B
Protein maestro
Methylthioribose-1-phosphate isomerase
Crossover junction endonuclease MUS81
Meiotically up-regulated gene 103 protein
NEDD4-binding protein 1
RNA cytidine acetyltransferase
Nuclear prelamin A recognition factor
Notchless protein homolog 1
Nucleolar complex protein 2 homolog
Nucleolar complex protein 3 homolog
Ras-related protein Rab-34, isoform NARR
Notchless protein homolog
Nucleoplasmin-like protein NO29
Nucleolar protein 16
Nucleolar protein 6
Neurofibromin
Protein Notchless
Nucleolar protein 10
Nucleolar and spindle-associated protein 1
Oligoribonuclease, mitochondrial
Zinc finger protein OZF
Polyadenylation factor subunit 2
p21-activated protein kinase-interacting protein 1-like
PRKR-interacting protein 1 homolog
RNA-binding protein pno-1
RNA-binding protein pno1
Paraneoplastic antigen Ma2 homolog
p21-activated protein kinase-interacting protein 1
Paraneoplastic antigen Ma1 homolog
RNA-binding protein PNO1
Periodic tryptophan protein 2 homolog
Periodic tryptophan protein 1 homolog
mRNA export factor
Probable RNA 3'-terminal phosphate cyclase-like protein
Endogenous retrovirus group K member 9 Rec protein
Endogenous retrovirus group K member 104 Rec protein
Protein RCC2 homolog
Reticulocalbin-2
Endogenous retrovirus group K member 19 Rec protein
RNA 3'-terminal phosphate cyclase-like protein
Endogenous retrovirus group K member 113 Rec protein
Endogenous retrovirus group K member 21 Rec protein
Endogenous retrovirus group K member 16 Rec protein
Endogenous retrovirus group K member 6 Rec protein
DEAD-box ATP-dependent RNA helicase 32
Endogenous retrovirus group K member 8 Rec protein
DEAD-box ATP-dependent RNA helicase 51
60S ribosomal protein L24-2
60S ribosomal protein L7-1
Ribosome production factor 2 homolog
RRP15-like protein
rRNA biogenesis protein rrp36
RRP12-like protein
rRNA biogenesis protein RRP36
ATP-dependent rRNA helicase rrp3
ATP-dependent rRNA helicase RRP3
Ribosomal RNA processing protein 36 homolog
Sodium channel modifier 1
SWI5-dependent HO expression protein 2
Sentrin-specific protease 5
She2p
Putative ATP-dependent RNA helicase C550.03c
Spectrin beta chain, non-erythrocytic 1
Suppressor of SWI4 1 homolog
SPATS2-like protein
Secretion-regulating guanine nucleotide exchange factor
Surfeit locus protein 6 homolog
Suppressor protein SRP40
Synaptonemal complex protein 2-like
Nucleolar protein SWM2
Testis-expressed sequence 10 protein homolog
THAP domain-containing protein 2
THUMP domain-containing protein 3
Testis-expressed sequence 10 protein
Target of EGR1 protein 1
DNA topoisomerase 2-beta
Unhealthy ribosome biogenesis protein 2 homolog
Nucleolar pre-ribosomal-associated protein 1
WD repeat-containing protein 75
WD repeat-containing protein 74
Putative uncharacterized protein DDB_G0270496
WD repeat-containing protein 46
UPF0743 protein YCR087C-A
Putative methyltransferase YGR283C
Protein yippee-like 4
Protein yippee-like 2
Protein yippee-like 3
