Ribosome biogenesis protein BRX1 homolog
ATP-dependent RNA helicase DBP10
ATP-dependent RNA helicase dbp3
ATP-dependent RNA helicase dbp9
ATP-dependent RNA helicase dbp10
ATP-dependent RNA helicase dbp7
ATP-dependent RNA helicase DBP9
ATP-dependent RNA helicase DeaD
ATP-dependent RNA helicase DBP3
ATP-dependent RNA helicase DBP7
ATP-dependent RNA helicase DbpA
ATP-dependent RNA helicase dbp6
ATP-dependent RNA helicase drs1
ATP-dependent RNA helicase DRS1
Pre-rRNA-processing protein ipi1
Pre-rRNA-processing protein IPI3
Pre-rRNA-processing protein IPI1
Midasin
Ribosome assembly factor mrt4
Ribosome assembly protein 4
Tyrosine-protein phosphatase yvh1
Tyrosine-protein phosphatase YVH1
RNA exonuclease 4
60S ribosomal protein L24
Ribosomal large subunit pseudouridine synthase D
Ribosome production factor 1
Ribosome production factor 2 homolog
Ribosome biogenesis protein RPF2
Ribosome assembly protein 3
ATP-dependent rRNA helicase spb4
ATP-dependent rRNA helicase SPB4
Suppressor of SWI4 1 homolog
Ribosome biogenesis protein SSF2
ATP-dependent RNA helicase SrmB
Ribosome biogenesis protein SSF1
Brix domain-containing protein C1B9.03c
Brix domain-containing protein F44G4.1
