Protein phosphatase PP2A regulatory subunit A
5'-AMP-activated protein kinase subunit gamma-1
BMP-2-inducible protein kinase
Cathepsin B
Cytochrome c oxidase subunit 6A, mitochondrial
Carboxypeptidase N subunit 2
Mannosyl phosphorylinositol ceramide synthase regulatory protein CSG2
Cytokinesis protein 3
Cathepsin B-like cysteine proteinase
Dirigent protein 5
Dirigent protein 6
Dolichol phosphate-mannose biosynthesis regulatory protein
Rab GDP dissociation inhibitor alpha
Guanine nucleotide-binding protein subunit beta-like protein
Putative rho GDP-dissociation inhibitor 2
GLC7-interacting protein 2
Guanosine nucleotide diphosphate dissociation inhibitor 2
Ral guanine nucleotide dissociation stimulator
GrpE protein homolog, mitochondrial
G-protein regulator 2
G-protein regulator 1
Protein GrpE
ATP phosphoribosyltransferase regulatory subunit
Hsp70-binding protein 1
Heat shock protein homolog SSE2
Heat shock protein homolog pss1
Heat shock protein homolog SSE1
mRNA stability protein IGO2
mRNA stability protein IGO1
Ingression protein 1
Inhibitor of vertebrate lysozyme
Inositol phosphorylceramide synthase regulatory subunit KEI1
Heat shock protein 70 homolog lhs1
Methionine adenosyltransferase 2 subunit beta
Myotubularin-related protein 9
-phosphatase 1, mitochondrial
Protein phosphatase 1 regulatory subunit 7
Serine/threonine-protein phosphatase 4 regulatory subunit 2
Phosphoenolpyruvate synthase regulatory protein
Regulatory protein RecX
Calcipressin-3
Calcipressin-2
Protein REG2
Calcipressin-like protein
Regulator of G-protein signaling 12
Negative RAS protein regulator protein
SH3 domain-binding protein 4
SH3 domain-binding protein 4-A
Nucleotide exchange factor SIL1
SH3 domain-binding protein 4-B
Leucine-rich repeat protein SHOC-2
Translationally-controlled tumor protein homolog
Ran-specific GTPase-activating protein 30
