Aromatic peroxygenase
Non-haem bromoperoxidase BPO-A2
Putative non-heme bromoperoxidase BpoC
Non-heme chloroperoxidase CPO-A1
Cytochrome P450 119
Deferrochelatase/peroxidase EfeB
Dye-decolorizing peroxidase Tfu_3078
Probable deferrochelatase/peroxidase EfeN
Arylesterase
Peroxidase 2
Dye-decolorizing peroxidase msp1
Peroxidase 10
Peroxidase 4
Peroxidase 6
Peroxidase 9
Peroxidase 1
Peroxidase 3
Peroxidase 7
Peroxidase 8
Peroxidase 5
Peroxidase B
Eosinophil peroxidase
Peroxidase
Suberization-associated anionic peroxidase 2
Cationic peroxidase
Putative non-heme haloperoxidase
Vanadium-dependent bromoperoxidase
Respiratory burst oxidase homolog protein C
Putative respiratory burst oxidase homolog protein J
Probable respiratory burst oxidase homolog protein I
Respiratory burst oxidase homolog protein A
Respiratory burst oxidase homolog protein D
Respiratory burst oxidase homolog protein E
Putative respiratory burst oxidase homolog protein H
Non-heme haloperoxidase
Probable thiol peroxidase
Putative heme-dependent peroxidase TT_C1352
Putative heme-dependent peroxidase SSP2125
Putative heme-dependent peroxidase Lm4b_02135
Putative heme-dependent peroxidase OB3023
Putative heme-dependent peroxidase LMOf2365_2146
Putative heme-dependent peroxidase GWCH70_3365
Putative heme-dependent peroxidase lin2218
Putative heme-dependent peroxidase SE_0358
Putative heme-dependent peroxidase ABC3912
Putative heme-dependent peroxidase BCQ_5229
Putative heme-dependent peroxidase SA0544
Putative heme-dependent peroxidase BCAH820_5483
Putative heme-dependent peroxidase BCE_5517
Putative heme-dependent peroxidase SH2405
Putative heme-dependent peroxidase Bcer98_3909
Putative heme-dependent peroxidase BLi03998
Putative heme-dependent peroxidase BALH_4887
Putative heme-dependent peroxidase TTHA1714
Putative heme-dependent peroxidase SERP0235
Putative heme-dependent peroxidase RBAM_034860
Putative heme-dependent peroxidase BCA_5540
Putative heme-dependent peroxidase SaurJH9_0610
Putative heme-dependent peroxidase SACOL0633
Putative heme-dependent peroxidase lmo2113
Putative heme-dependent peroxidase lwe2132
Putative heme-dependent peroxidase Sca_0241
Putative heme-dependent peroxidase BH3825
Putative heme-dependent peroxidase LMHCC_0433
Putative heme-dependent peroxidase SAB0537c
Putative heme-dependent peroxidase BC_5388
Putative heme-dependent peroxidase NWMN_0550
Putative heme-dependent peroxidase GK3416
Putative heme-dependent peroxidase SAS0546
Putative heme-dependent peroxidase BAA_5664
Putative heme-dependent peroxidase SAHV_0585
Putative heme-dependent peroxidase GTNG_3362
Putative heme-dependent peroxidase BCE33L5086
Putative heme-dependent peroxidase MW0542
Putative heme-dependent peroxidase BA_5637
Putative heme-dependent peroxidase SAUSA300_0569
Putative heme-dependent peroxidase SaurJH1_0625
Putative heme-dependent peroxidase BT9727_5069
Putative heme-dependent peroxidase BCG9842_B5440
Putative heme-dependent peroxidase BCB4264_A5511
Putative heme-dependent peroxidase BCAH187_A5567
Putative heme-dependent peroxidase SAOUHSC_00573
Putative heme-dependent peroxidase USA300HOU_0580
Putative heme-dependent peroxidase SAR0593
Putative heme-dependent peroxidase BcerKBAB4_5181
Putative heme-dependent peroxidase BAMEG_5682
Putative heme-dependent peroxidase SAV0587
Probable deferrochelatase/peroxidase YfeX
Disulfide-bond oxidoreductase YghU
Putative heme-dependent peroxidase YwfI
