4-coumarate--CoA ligase-like 2
4-coumarate--CoA ligase-like 9
Probable acyl-activating enzyme 16, chloroplastic
Probable acyl-activating enzyme 8
4-coumarate--CoA ligase-like 3
4-coumarate--CoA ligase-like 4
4-coumarate--CoA ligase-like 7
Putative 4-coumarate--CoA ligase-like 8
Probable acyl-activating enzyme 2
Probable acyl-activating enzyme 6
4-coumarate--CoA ligase-like 1
4-coumarate--CoA ligase-like 5
4-coumarate--CoA ligase-like 6
Probable acyl-activating enzyme 4
Probable acyl-activating enzyme 22
Probable acyl-activating enzyme 21
Probable acyl-activating enzyme 10
Probable acyl-activating enzyme 9
Acetophenone carboxylase gamma subunit
Acetophenone carboxylase delta subunit
Acetophenone carboxylase alpha subunit
Acetophenone carboxylase epsilon subunit
Acetophenone carboxylase beta subunit
Bile acid-coenzyme A ligase
Bacitracin synthase 1
Putative cysteine ligase BshC
Cobyrinate a,c-diamide synthase
Cyclic 2,3-diphosphoglycerate synthetase
Fumarate--(S)-2,3-diaminopropanoate ligase
Erythrodihydroneopterin triphosphate synthetase
Long-chain-fatty-acid--AMP ligase FadD28
3-propanoyl:CoA ligase
Putative fatty-acid--CoA ligase fadD21
Long-chain-fatty-acid--AMP ligase FadD30
Long-chain-fatty-acid--AMP ligase FadD32
Long-chain-fatty-acid--AMP ligase FadD26
3-oxocholest-4-en-26-oate--CoA ligase
Putative fatty-acid--CoA ligase FadD10
Putative indole-3-acetic acid-amido synthetase GH3.9
Probable indole-3-acetic acid-amido synthetase GH3.8
Gramicidin S synthase 2
Biotin--protein ligase 2
High-molecular-weight protein 2
Linear gramicidin synthase subunit A
ACP-SH:acetate ligase
Phenyloxazoline synthase MbtB
4--2-furanmethanamine-glutamate synthase
Protein Y
4-phosphopantoate--beta-alanine ligase
Probable sulfoacetate--CoA ligase
Ferrichrome siderophore peptide synthetase
Triostin synthetase I
Probable tubulin polyglutamylase TTLL2
Tubulin--tyrosine ligase-like protein 12
E3 UFM1-protein ligase 1 homolog
Putative long chain fatty acid-CoA ligase VraA
Putative acyl-coenzyme A synthetase
Putative ligase MSMEG_5435/MSMEI_5285
Putative acyl--CoA ligase YdaB
Putative acyl-CoA synthetase YngI
