N-formyl-4-amino-5-aminomethyl-2-methylpyrimidine deformylase
Glycine oxidase
4-amino-5-hydroxymethyl-2-methylpyrimidine phosphate synthase
Aminopyrimidine aminohydrolase
Bifunctional TENA2 protein
Phosphomethylpyrimidine synthase, chloroplastic
Hydroxymethylpyrimidine/phosphomethylpyrimidine kinase
Thiazole synthase 1
4-amino-5-hydroxymethyl-2-methylpyrimidine phosphate synthase THI13
Thiazole synthase
Probable tRNA sulfurtransferase
Hydroxyethylthiazole kinase
Sulfur carrier protein ThiS
2-iminoacetate synthase
Hydroxyethylthiazole kinase 1
Hydroxyethylthiazole kinase 2
Probable bifunctional TENA-E protein
4-amino-5-hydroxymethyl-2-methylpyrimidine phosphate synthase THI12
Putative hydroxymethylpyrimidine/phosphomethylpyrimidine kinase 1
4-amino-5-hydroxymethyl-2-methylpyrimidine phosphate synthase THI5
Bifunctional TENA-E protein
Hydroxymethylpyrimidine/phosphomethylpyrimidine kinase THI20
Probable hydroxyethylthiazole kinase
Putative hydroxymethylpyrimidine/phosphomethylpyrimidine kinase 2
Thiazole synthase 2
Putative thiamine biosynthesis oxidoreductase ThiO
4-amino-5-hydroxymethyl-2-methylpyrimidine phosphate synthase THI11
Hydroxymethylpyrimidine/phosphomethylpyrimidine kinase THI21
Sulfur carrier protein ThiS adenylyltransferase
Putative hydroxymethylpyrimidine/phosphomethylpyrimidine kinase C18B5.05c
