Putative 6-phosphogluconolactonase
Fructose-bisphosphate aldolase 1
Arrestin domain-containing protein 15
Probable actin-related protein 2/3 complex subunit 3
Protein eva-1
Protein FRG1 homolog
Gelsolin-like protein 1
GDP-mannose 4,6 dehydratase 1
Hemiasterlin resistant protein 1
Glycogenin-1
Integrin-linked protein kinase homolog pat-4
Mitogen-activated protein kinase kinase kinase mom-4
Integrin beta pat-3
Prefoldin subunit 2
Paralyzed arrest at two-fold protein 6
Profilin-3
Protein smg-8
Putative potassium channel regulatory protein sup-10
Two pore potassium channel protein sup-9
Tubulin--tyrosine ligase-like protein 12
UPF0183 protein T01G9.2
Putative potassium channel regulatory protein unc-93
