Serine/threonine-protein phosphatase 2A 56 kDa regulatory subunit delta isoform
Cathepsin K
Cathepsin S
Monocyte differentiation antigen CD14
Cathepsin L1
T-lymphocyte activation antigen CD86
Protein canopy homolog 3
Dual specificity protein phosphatase 4
Dual specificity protein phosphatase 3
NF-kappa-B inhibitor alpha
Interleukin-1 receptor-associated kinase 4
Integrin beta-2
Inhibitor of nuclear factor kappa-B kinase subunit alpha
Interleukin-1 receptor-associated kinase-like 2
Interleukin-1 receptor-associated kinase 3
Integrin alpha-M
Ribosomal protein S6 kinase alpha-2
Ribosomal protein S6 kinase alpha-5
Ribosomal protein S6 kinase alpha-1
Ribosomal protein S6 kinase alpha-3
Lipopolysaccharide-binding protein
Lymphocyte antigen 96
Mitogen-activated protein kinase kinase kinase 8
MAP kinase-activated protein kinase 3
MAP kinase-activated protein kinase 2
Mitogen-activated protein kinase 7
Mitogen-activated protein kinase 10
Mitogen-activated protein kinase 8
Mitogen-activated protein kinase 9
Dual specificity mitogen-activated protein kinase kinase 7
Dual specificity mitogen-activated protein kinase kinase 2
Dual specificity mitogen-activated protein kinase kinase 3
Dual specificity mitogen-activated protein kinase kinase 4
Myeloid differentiation primary response protein MyD88
Nucleotide-binding oligomerization domain-containing protein 1
E3 ubiquitin-protein ligase pellino homolog 2
Phosphoinositide 3-kinase regulatory subunit 4
Phosphatidylinositol 3-kinase catalytic subunit type 3
Sterile alpha and TIR motif-containing protein 1
TIR domain-containing adapter molecule 2
TIR domain-containing adapter molecule 1
Toll/interleukin-1 receptor domain-containing adapter protein
Toll-like receptor 8
Protein unc-93 homolog B1
