Acetyl-CoA carboxylase 1
ADP,ATP carrier protein ER-ANT1
Protein BPS1, chloroplastic
Cellulose synthase-like protein D5
DDB1- and CUL4-associated factor homolog 1
BTB/POZ domain-containing protein DOT3
Fasciclin-like arabinogalactan protein 1
Protein HASTY 1
Protein-S-isoprenylcysteine O-methyltransferase B
Protein-S-isoprenylcysteine O-methyltransferase A
Adenylate kinase 1, chloroplastic
Cyclin-dependent kinase inhibitor 1
Methylesterase 17
Nucleolin 1
RNA-binding KH domain-containing protein PEPPER
Protein kinase PINOID
Putative pentatricopeptide repeat-containing protein At1g53330
26S proteasome regulatory subunit 4 homolog A
L-tryptophan--pyruvate aminotransferase 1
Tryptophan aminotransferase-related protein 2
