14-3-3 protein epsilon
AF4/FMR2 family member 4
Annexin B9
Putative transcription factor capicua
Neurogenic locus protein delta
RNA polymerase II elongation factor Ell
Enhancer of split mgamma protein
Fringe glycosyltransferase
Protein hairless
Mediator of RNA polymerase II transcription subunit 13
Palmitoleoyl-protein carboxylesterase NOTUM
Trithorax group protein osa
ETS-like protein pointed, isoform P2/D
ETS-like protein pointed, isoform P1
Presenilin homolog
Protein strawberry notch
Protein sly1 homolog
E3 ubiquitin-protein ligase Su(dx)
Suppressor of hairless protein
Protein wingless
