Ig heavy chain V region GOM
Ig heavy chain V region E1
Ig heavy chain V region G4
Ig heavy chain V region 23
Ig heavy chain V region 102
Ig heavy chain V region HPCM6
Ig heavy chain V region HPCG14
Ig heavy chain V-III region E109
Ig heavy chain V-III region HPC76
Ig heavy chain V region J539
Ig heavy chain V region 5-84
Ig heavy chain V region 914
Ig heavy chain V region 3-6
Ig heavy chain V region 733
Ig heavy chain V-A2 region BS-1
Ig heavy chain V-A2 region K-25
Ig heavy chain C region
Ig heavy chain V region MOPC 104E
Ig heavy chain V region 108A
Ig heavy chain V region MOPC 47A
Ig heavy chain V region M511
Ig heavy chain V-III region U61
Ig heavy chain V region 441
Ig heavy chain V region MOPC 141
Ig heavy chain V region MOPC 315
Ig heavy chain V region XIG8
Ig heavy chain V region XIG14
Ig heavy chain V-A2 region P-MU-3
Ig heavy chain V region 186-1
Ig heavy chain V region HPCG8
Ig heavy chain V-III region ABE-47N
Ig heavy chain V region AMPC1
Ig heavy chain V region X24
Ig heavy chain V region AC38 15.3
Ig heavy chain V region MOO
Ig heavy chain V region 5A
Ig heavy chain V-A1 region BS-5
Ig heavy chain V region 93G7
Ig heavy chain V region J558
Ig heavy chain V regions TEPC 15/S107/HPCM1/HPCM2/HPCM3
Ig heavy chain V-III region A4
Ig heavy chain V-III region J606
Ig heavy chain V region X44
Ig heavy chain V region MOPC 173
Ig heavy chain V region MC101
Ig heavy chain V region TEPC 1017
Ig heavy chain V region RF
Ig heavy chain V region 1B43
Ig epsilon chain C region
Ig heavy chain V region
Ig heavy chain V region HC-3
Ig heavy chain V region 3
Ig heavy chain V region MPC 11
Ig heavy chain V region HPCG13
Ig heavy chain V-III region T957
Ig heavy chain V-III region W3082
Ig heavy chain V region AC38 205.12
IgW heavy chain V region W26
Ig heavy chain V region C3
Ig heavy chain C region, secreted form
Ig heavy chain V region 36-65
Ig heavy chain V region BCL1
Ig heavy chain V region H8
Ig heavy chain V region M603
Ig heavy chain V region M167
Ig heavy chain V region T601
Ig heavy chain V region UPC10
Ig heavy chain V region PJ14
Ig heavy chain V region 36-60
Ig heavy chain V region VH558 A1/A4
Ig heavy chain V region 345
Ig heavy chain V region 6.96
Ig heavy chain V region 5-76
Ig heavy chain V region 7-39
Ig heavy chain V region IR2
Ig mu chain C region
Ig light chain C region
Ig alpha chain C region
Ig delta chain C region
Ig gamma-2C chain C region
Ig kappa-b4 chain C region
Ig kappa-b9 chain C region
Ig kappa-b5 chain C region
Ig kappa chain b5 variant C region
Ig kappa chain V region 3374
Ig kappa chain V-II region 7S34.1
Ig kappa chain V-III region 50S10.1
Ig kappa chain V-III region PC 3741/TEPC 111
Ig kappa chain V-III region ABPC 22/PC 9245
Ig kappa chain V-V region T1
Ig kappa chain V-V region MOPC 41
Ig kappa chain V-V region HP 93G7
Ig kappa chain V-V regions
Ig kappa chain V-VI region NQ5-78.2.6
Ig lambda chain C region
Ig kappa chain V region 3315
Ig kappa-B5 chain V region 2699
Ig kappa chain V region K16-167
Ig kappa chain V-II region VKappa167
Ig kappa chain V-II region 2S1.3
Ig kappa chain V-III region PC 2880/PC 1229
Ig kappa chain V-III region TEPC 124
Ig kappa chain V-III region MOPC 63
Ig kappa chain V-III region PC 7043
Ig kappa chain V-III region PC 6684
Ig kappa chain V-III region PC 2154
Ig kappa chain V-V region L6
Ig kappa chain V-V region L7
Ig kappa chain V-V region HP 91A3
Ig kappa chain V-V region EPC 109
Ig kappa chain V-VI region TEPC 601/TEPC 191
Ig kappa chain V-VI region NQ5-61.1.2
Ig kappa chain V region K-25
Ig kappa chain V region 3368
Ig kappa chain V region K29-213
Ig kappa chain V-II region MOPC 167
Ig kappa chain V-II region MOPC 511
Ig kappa chain V-II region 26-10
Ig kappa chain V-III region PC 7210
Ig kappa chain V-III region PC 7940
Ig kappa chain V-IV region S107B
Ig kappa chain V-V region MOPC 149
Ig kappa chain V-V region HP R16.7
Ig kappa chain V-V region HP 124E1
Ig kappa chain V-V region UPC 61
Ig kappa chain V-VI region XRPC 44
Ig kappa chain V-VI region J539
Ig kappa chain V-III region PC 2413
Ig kappa chain V-III region CBPC 101
Ig kappa chain V-III region PC 7183
Ig kappa chain V-III region PC 7769
Ig kappa chain V-III region PC 2485/PC 4039
Ig kappa chain V-V region NQ5-89.4
Ig kappa chain V-VI region NQ2-48.2.2
Ig kappa chain V region 4135
Ig kappa chain V region BS-5
Ig kappa chain V region 3381
Ig kappa chain V region 12F2
Ig kappa chain V region XP-1
Ig kappa chain V-I region S107A
Ig kappa chain V-III region MOPC 70
Ig kappa chain V-III region MOPC 321
Ig kappa chain V-III region PC 4050
Ig kappa chain V-III region PC 6308
Ig kappa chain V-III region PC 7175
Ig kappa chain V-V region K2
Ig kappa chain V-V region MOPC 173
Ig kappa chain V-V region HP 123E6
Ig kappa chain V-V region W3082
Ig kappa chain V-VI region XRPC 24
Ig kappa chain V-VI region SAPC 10
Ig kappa chain V-VI region NQ2-17.4.1
Ig kappa chain V-VI region NQ2-6.1
Ig lambda-2 chain C region
Ig kappa chain V region 2717
Ig kappa chain V region BS-1
Ig kappa chain V region 3547
Ig kappa chain V region AH80-5
Ig kappa chain V region GOM
Ig kappa chain V-II region 17S29.1
Ig kappa chain V-III region PC 7132
Ig kappa chain V-V region MOPC 21
Ig kappa chain V-V region MOPC 173B
Ig kappa chain V-V region J606
Ig kappa chain V-VI region NQ6-8.3.1
Ig kappa chain V region S211
Ig lambda-2 chain V region
Ig lambda-1 chain V region S178
Ig lambda-1 chain V regions MOPC 104E/RPC20/J558/S104
Ig lambda-1 chain V region H2020
Ig lambda-2 chain V region MOPC 315
Ig lambda-1 chain V region S43
