Protein asteroid homolog 1
Zinc finger CCCH domain-containing protein 65
Zinc finger CCCH domain-containing protein 7
Putative CRISPR-associated nuclease/helicase Cas3
Extracellular ribonuclease
CRISPR-associated nuclease/helicase Cas3
CRISPR-associated nuclease/helicase Cas3 subtype I-F/YPEST
Excinuclease cho
CRISPR-associated endonuclease Cas3-HD
Putative uncharacterized protein ExoD
Probable DNA double-strand break repair nuclease NurA
Putative packaging signal terminase
Terminase A protein
Anticodon nuclease
Probable DNA double-strand break repair Rad50 ATPase
Toxin RelE3
Endoribonuclease RegB
Resolvase A22
Holliday junction resolvase
Ribonuclease BC_0920
UvrABC system protein A
Ribonuclease VapC8
ERCC4 domain-containing protein EP364R
Ribonuclease VapC3
Putative ribonuclease VapC45
Putative ribonuclease VapC50
Putative nuclease p44
Putative ribonuclease VapC34
Ribonuclease VapC14
VapC ribonuclease aq_1901
Putative ATP-dependent RNA helicase MJ1505
Putative ribonuclease YeeF
Ribonuclease YobL
Probable ribonuclease YokI
Ribonuclease YqcG
Ribonuclease YxiD
Putative ribonuclease YwqJ
