mRNA export factor dss1
ER degradation-enhancing alpha-mannosidase-like protein 3
Protein fyv10
Glucose-induced degradation protein 7
NPL4-like protein
NPL4-like protein 2
26S protease regulatory subunit 8
26S protease regulatory subunit 4
26S proteasome non-ATPase regulatory subunit 6
26S proteasome non-ATPase regulatory subunit 11
26S proteasome non-ATPase regulatory subunit 12
26S proteasome non-ATPase regulatory subunit 7
Putative 26S proteasome non-ATPase regulatory subunit 8 homolog B
26S proteasome non-ATPase regulatory subunit 8
26S proteasome non-ATPase regulatory subunit 7 homolog A
26S proteasome non-ATPase regulatory subunit 4
Probable 26S proteasome non-ATPase regulatory subunit 8
Probable ubiquitin receptor RAD23
UV excision repair protein RAD23 homolog
Ubiquitin receptor RAD23b
26S proteasome regulatory subunit rpn-1
26S proteasome regulatory subunit rpn2
26S proteasome regulatory subunit rpn10
26S proteasome regulatory subunit rpn12
26S proteasome regulatory subunit rpn8
26S proteasome regulatory subunit rpn5
Probable 26S proteasome regulatory subunit rpn7
Probable 26S proteasome complex subunit sem1
UBX domain-containing protein 5
