tRNA(Thr)
Methyltransferase-like protein 2
Methyltransferase-like protein 2B
Methyltransferase-like protein 2-A
tRNA-specific 2-thiouridylase MnmA
Methyltransferase-like protein 2A
5-methylcytosine rRNA methyltransferase NSUN4
25S rRNA
Ribosomal RNA large subunit methyltransferase N
Dual-specificity RNA methyltransferase RlmN
Sperm head and tail associated protein
Multifunctional methyltransferase subunit TRM112-like protein At1g78190
Probable methyltransferase TARBP1
Multifunctional methyltransferase subunit TRM112-like protein At1g22270
tRNA methyltransferase 10 homolog A
Multifunctional methyltransferase subunit TRM112-like protein
tRNA
Multifunctional methyltransferase subunit TRM112
Multisite-specific tRNA:(cytosine-C(5))-methyltransferase trm4b
tRNA/tmRNA
Multifunctional methyltransferase subunit trm112
Probable tRNA
Multisite-specific tRNA:(cytosine-C(5))-methyltransferase trm4a
tRNA1(Val)
