Voltage-dependent calcium channel gamma-3 subunit
Voltage-dependent calcium channel gamma-5 subunit
Voltage-dependent calcium channel gamma-7 subunit
Calcium-channel protein CCH1
Voltage-dependent calcium channel gamma-8 subunit
Cation channel sperm-associated protein 2
Cation channel sperm-associated protein 4
Cation channel sperm-associated protein 1
Cation channel sperm-associated protein 3
Growth arrest-specific protein 6
Metabotropic glutamate receptor 7
Interleukin-1 receptor accessory protein-like 1
Integrin alpha-V
Sodium leak channel non-selective protein
Neuronal calcium sensor 1
Mu-type opioid receptor
Ryanodine receptor 1
Transmembrane channel-like protein 1
Two pore calcium channel protein 1
Transmembrane channel-like protein 2
Two pore calcium channel protein 2
Transmembrane protein 266
Transient receptor potential cation channel subfamily A member 1
Vasotab
