Alpha-L-arabinofuranosidase C
Arabinogalactan endo-beta-1,4-galactanase A
Probable arabinogalactan endo-beta-1,4-galactanase A
Pectin degradation protein KdgF
2-dehydro-3-deoxy-D-gluconate 5-dehydrogenase
4-deoxy-L-threo-5-hexosulose-uronate ketol-isomerase
Probable pectate lyase 10
Probable pectate lyase 13
Probable pectate lyase A
Pectate lyase E
Probable pectate lyase 12
Putative pectate lyase 17
Pectate lyase 1
Probable pectate lyase 4
Probable pectate lyase 6
Probable pectate lyase 9
Pectate lyase B
Pectate lyase L
Probable pectate lyase 15
Putative pectate lyase 21
Pectate lyase 2
Pectate lyase 3
Probable pectate lyase P56
Putative pectate lyase 11
Putative pectate lyase 14
Probable pectate lyase P18
Probable pectate lyase 20
Pectate lyase
Pectate lyase A
Pectate lyase C
Putative pectate lyase X
Probable pectate lyase 18
Probable pectate lyase 22
Pectate lyase 4
Probable pectate lyase 8
Pectate lyase D
Probable pectate lyase 19
Probable pectate lyase P59
Probable pectate lyase 5
Probable pectate lyase 16
Putative pectate lyase 2
Pectate lyase 5
Probable pectate lyase 7
Pectate lyase plyB
Pectate lyase H
Rhamnogalacturonate lyase A
Rhamnogalacturonate lyase B
