Acyl-CoA-binding domain-containing protein 5
Asparagine synthetase  3
Catalase-1
Chlorophyll a-b binding protein 1, chloroplastic
Chlorophyll a-b binding protein 2, chloroplastic
COP9 signalosome complex subunit 8
Chaperone protein dnaJ 8, chloroplastic
Ferric reduction oxidase 6
Flavonol synthase 3
Putative indole-3-acetic acid-amido synthetase GH3.10
Probable indole-3-acetic acid-amido synthetase GH3.12
Probable indole-3-acetic acid-amido synthetase GH3.4
Probable indole-3-acetic acid-amido synthetase GH3.6
Probable indole-3-acetic acid-amido synthetase GH3.1
Probable indole-3-acetic acid-amido synthetase GH3.7
Probable indole-3-acetic acid-amido synthetase GH3.13
Jasmonic acid-amido synthetase JAR2
Probable indole-3-acetic acid-amido synthetase GH3.11
Probable indole-3-acetic acid-amido synthetase GH3.9
Probable indole-3-acetic acid-amido synthetase GH3.2
Ferrochelatase
3-ketoacyl-CoA synthase 20
3-ketoacyl-CoA synthase 5
Lutropin subunit beta
Mitogen-activated protein kinase 10
S-adenosylmethionine synthase isoform type-2
Peptide methionine sulfoxide reductase A4, chloroplastic
Opsin-1
Nitrate reductase  1
Nudix hydrolase 23, chloroplastic
Pigment-dispersing hormone peptides
Plant intracellular Ras-group-related LRR protein 4
Plant intracellular Ras-group-related LRR protein 5
Pentatricopeptide repeat-containing protein At1g15510, chloroplastic
Phosphoenolpyruvate carboxylase kinase 1
Phosphoenolpyruvate carboxylase kinase 2
CRIB domain-containing protein RIC7
Thioredoxin Y2, chloroplastic
