Intermediate filament family orphan 1
Keratin-associated protein 19-9b
Keratin-associated protein 13-4
Keratin-associated protein 14
Keratin-associated protein 8-1
Keratin-associated protein 11-1
Keratin-associated protein 13-2
Keratin-associated protein 19-3
Keratin-associated protein 19-4
Keratin-associated protein 5-3
Keratin-associated protein 6-1
Keratin-associated protein 6-5
Keratin-associated protein 15-1
Keratin-associated protein 17-1
Keratin-associated protein 19-2
Keratin-associated protein 20-1
Keratin-associated protein 6-3
Keratin-associated protein 13-3
Keratin-associated protein 19-1
Keratin-associated protein 19-7
Keratin-associated protein 20-2
Keratin-associated protein 21-2
Keratin-associated protein 25-1
Keratin-associated protein 6-2
Keratin-associated protein 7-1
Keratin-associated protein 19-5
Putative keratin-associated protein 20-4
Keratin-associated protein 22-1
Keratin-associated protein 27-1
Keratin-associated protein 16-3
Keratin-associated protein 19-8
Keratin-associated protein 21-1
Keratin-associated protein 21-3
Keratin-associated protein 23-1
Keratin-associated protein 26-1
Keratin-associated protein 5-6
Keratin-associated protein 13-1
Keratin-associated protein 19-6
Keratin-associated protein 20-3
Keratin-associated protein 22-2
Keratin, ultra high-sulfur matrix protein
