Probable antibacterial peptide polyprotein
Acaloleptin A
Apidaecins type 14
Apidaecins type 22
Apidaecins type 73
Attacin-A
Attacin-B
Attacin-E
Beta-1,3-glucan-binding protein
Complement C1q subcomponent subunit A
C4b-binding protein beta chain
C4b-binding protein alpha chain
Caspase-8
Hyphancin-3G
Bactericidin B-5P
Cecropin-A2
Cecropin-B1
Cecropin-C
Hyphancin-3D
Cecropin-A1
Cecropin-B
Hyphancin-3F
Cecropin-1
Bactericidin B-4
Cecropin-B2
Cecropin-B type 2
Cecropin-2
Bactericidin B-2
Bactericidin B-3
Antibacterial peptide enbocin
Hyphancin-3E
Cecropin-A
Cecropin-D
Cecropin-1/3
Cecropin-C type 2
Cecropin-B type 1
Cecropin-C type 1
Protein canopy homolog 3
Complement C4
Complement C3
Complement C4-B
Coleoptericin
Ceratotoxin-A
Cathelicidin-B1
Ceratotoxin-C
Beta-defensin 106A
Beta-defensin 108B
Cystatin-B
Ceratotoxin-B
Ceratotoxin-D
Beta-defensin 104A
Beta-defensin 116
Beta-defensin 119
Beta-defensin 121
Beta-defensin 123
Beta-defensin 124
Beta-defensin 134
Beta-defensin 129
Beta-defensin 135
Beta-defensin 126
Beta-defensin 106
Beta-defensin 127
Beta-defensin 131
Defensin-2
Beta-defensin 125
Beta-defensin 132
Defensin, isoforms B and C
Defensin-B
Phormicin
Defensin
Beta-defensin 104
Beta-defensin 128
Defensin-1
Defensin MGD-1
Defensin-B1
Longicornsin
Defensin-A
Beta-defensin 20
Beta-defensin 115
Beta-defensin 118
Beta-defensin 122
Beta-defensin 15
Beta-defensin 25
Beta-defensin 29
Beta-defensin 34
Putative defense protein Hdd11-like
Putative defense protein 3
Diptericin
Tenecin-1
Beta-defensin 19
Putative defense protein 1
Holotricin-1
Beta-defensin 43
Beta-defensin 4A
Putative defense protein Hdd11
Defense protein 2
Diptericin-D
Defensin-C
Beta-defensin 30
Defense protein 3
Defense protein 6
Putative defense protein
Diptericin-A
Beta-defensin 36
Putative defense protein 2
Defense protein 4
Putative defense protein 4
Fibrinogen alpha chain
Fibrinogen beta chain
Gloverin
Probable glutathione S-transferase 5
Probable glutathione S-transferase 6
Probable glutathione S-transferase 7
Glutathione S-transferase P
Heliocin
Hemolin
Hemiptericin
Holotricin-2
Hymenoptaecin
Probable insulin-like peptide gamma-type 1
Ig lambda chain C region
Lebocin-1/2
Lebocin-3
Lebocin-4
Locustin
Lucifensin
Ig lambda chain V-1 region
Lymphocyte antigen 86
Metalnikowin-1
Metalnikowin-2B
Metalnikowin-3
Moricin-1
Moricin-2
Metalnikowin-2A
Protein NLRC5
L-amino-acid oxidase
Ponericin-L2
Ponericin-L1
Periculin-1
Proline-rich antimicrobial peptide 2
Pyrrhocoricin
Rhinocerosin
Sapecin-B
Sapecin-C
Protein sickie
Suppressor of IKBKE 1
Sarcotoxin-1A
Sarcotoxin-2A
Sarcotoxin-1C
Sarcotoxin II-3
Sarcotoxin-1B
Sarcotoxin-1D
Sarcotoxin II-2
Sarcotoxin II-1
TANK-binding kinase 1-binding protein 1
Tachylectin-2
Tumor necrosis factor alpha-induced protein 8-like protein 2
Virescein
