U-actitoxin-Aeq5a
U-actitoxin-Aeq5b
U-actitoxin-Aer2b
U-actitoxin-Aeq6a
U-actitoxin-Aer2a
U-actitoxin-Aeq6b
Aurelin
Cationic protein C1
Cystatin J
Endoglycoceramidase
OMEGA-stichotoxin-Sgt1a
U-actitoxin-Avd12a
U-actitoxin-Avd12b
Kappa-thalatoxin-Cad2a
U-actitoxin-Avd9a
U-actitoxin-Avd9b
Kappa-actitoxin-Avd6a
Kappa-actitoxin-Bgr1a
U-actitoxin-Avd9c
Kappa-stichotoxin-Shd5a
U-actitoxin-Avd9d
Kappa-actitoxin-Aeq4a
Kappa-actitoxin-Aer3a
Kappa-stichotoxin-Hmg1a
Kappa-stichotoxin-Smt1a
Kappa-stichotoxin-She3a
U-actitoxin-Avd10a
U-metritoxin-Msn1a
Kappa-thalatoxin-Hhe2a
Kappa-stichotoxin-Sgt4a
Kappa-thalatoxin-Tas2a
U-actitoxin-Avd11a
Predicted protein NvePTx1
U-metritoxin-Msn2a
Millepora cytotoxin-1
U-actitoxin-Avd7a
Delta-aiptatoxin-Adi1a
Small cysteine-rich protein 1 2
Small cysteine-rich protein 8
Small cysteine-rich protein 1
Small cysteine-rich protein 2
Small cysteine-rich protein 3
Small cysteine-rich protein 6
Small cysteine-rich protein 1 1
Small cystein-rich protein 5
Small cysteine-rich protein 4
U-homostoxin-Hdu1a
OMEGA-stichotoxin-Shd4a
Toxin Bcg III 21.00
U-actitoxin-Avd13b
DELTA-thalatoxin-Avl2a
U-actitoxin-Avd8d
Toxin Bcg III 23.41
Kappa-stichotoxin-Shd1a/kappa-stichotoxin-Shd1b
DELTA-alicitoxin-Pse2a
Pi-phymatoxin-Pcf1a
Nephrotoxin PsTX-115
U-actitoxin-Avd8c
U-actitoxin-Avd13a/b
Delta-actitoxin-Amc1a
Toxin Bcs III 15.09
DELTA-alicitoxin-Pse2b
U-actitoxin-Avd8a
Granulitoxin
U-actitoxin-Avd8e
U-actitoxin-Bcg2a
Precursor protein UG
Toxin Bcg III 15.67
U-actitoxin-Avd8b
