DNA-binding protein HU
DNA-binding protein HBbu
DNA-binding protein HU homolog
DNA-binding protein HU 1
DNA-binding protein HRL53
DNA-binding protein HU-alpha
DNA-binding protein HU-beta
DNA-binding protein HU-like
Probable DNA-binding protein HU
DNA-binding protein HB1
SPBc2 prophage-derived DNA-binding protein HU 2
DNA-binding protein HU-beta 2
DNA-binding protein HTa
DNA-binding protein HU-1
DNA-binding protein HRm
DNA-binding protein HRL18
DNA-binding protein HU 2
DNA-binding protein H3-RL
Histone-like protein HC2
Histone H1-like protein HC2
