ATP synthase subunit delta', mitochondrial
ATP synthase subunit alpha, chloroplastic
ATP synthase subunit beta 1
ATP synthase subunit beta, chloroplastic
ATP synthase subunit alpha, mitochondrial
ATP synthase subunit beta 2
ATP synthase subunit beta 3
ATP synthase subunit beta, mitochondrial
ATP synthase subunit beta, plastid
ATP synthase subunit delta 2
ATP synthase subunit beta
ATP synthase subunit delta
ATP synthase subunit delta, organellar chromatophore
ATP synthase subunit delta, chloroplastic
ATP synthase subunit delta 1
ATP synthase delta chain, chloroplastic
ATP synthase subunit delta, cyanelle
ATP synthase subunit gamma, mitochondrial
ATP synthase subunit beta, cyanelle
ATP synthase epsilon chain, chloroplastic
ATP synthase subunit delta, mitochondrial
