AP-1 complex subunit mu-1-I
Adenomatous polyposis coli protein-related protein 1
Transcriptional regulator ATRX homolog
Chondroitin sulfate synthase sqv-5
Cytoplasmic tRNA 2-thiolation protein 1
Copper homeostasis protein cutC homolog
Probable 26S proteasome complex subunit dss-1
Transcription factor egl-13
Probable elongator complex protein 3
Defective in germ line development protein 3
High mobility group protein 1.2
Kinesin-like protein vab-8
Kinase suppressor of Ras B
Raf homolog serine/threonine-protein kinase
Protein lin-31
Protein lin-61
Protein lin-12
Protein lin-25
Transcription factor lin-26
Protein lin-3
Protein lin-15A
Abnormal cell lineage protein 44
Protein lin-56
Methyltransferase-like protein 16 homolog
MOG interacting and ectopic P-granules protein 1
Dual specificity mitogen-activated protein kinase kinase mek-2
Mitogen-activated protein kinase mpk-1
Abnormal cell migration protein 10
Niemann-Pick C1 protein homolog 2
Serine/threonine-protein kinase par-1
tRNA-splicing ligase RtcB homolog
Leucine-rich repeat protein soc-2
Probable galactosyltransferase sqv-3
Probable spastin homolog spas-1
UDP-sugar transporter sqv-7
Spindle-defective protein 2
Beta-1,3-galactosyltransferase sqv-2
Probable glucuronosyltransferase sqv-8
UDP-glucose 6-dehydrogenase
Nuclear migration protein unc-83
Nuclear migration and anchoring protein unc-84
Protein Wnt-2
Xylosyltransferase sqv-6
