Thioredoxin-like protein AAED1, chloroplastic
Acyl carrier protein
Acyl carrier protein 2, chloroplastic
Acyl carrier protein 5, chloroplastic
5-formyltetrahydrofolate cyclo-ligase-like protein COG0212
Ankyrin repeat domain-containing protein, chloroplastic
Aldehyde dehydrogenase
Probable N-acetyl-gamma-glutamyl-phosphate reductase, chloroplastic
APO protein 1, chloroplastic
APO protein 2, chloroplastic
Acetylglutamate kinase
Argininosuccinate synthase, chloroplastic
Beta-glucosidase 40
CBS domain-containing protein CBSX1, chloroplastic
Protein cbbX homolog, chloroplastic
Protein cfxQ homolog
20 kDa chaperonin, chloroplastic
Chlorophyllase-1, chloroplastic
Chaperone protein ClpC4, chloroplastic
ATP-dependent Clp protease ATP-binding subunit ClpA homolog
DAG protein, chloroplastic
Protein DCL, chloroplastic
4-alpha-glucanotransferase, chloroplastic/amyloplastic
Ankyrin repeat domain-containing protein EMB506, chloroplastic
F-box protein At2g40925
Putative F-box protein At3g10790
F-box/FBD/LRR-repeat protein At5g18770
Protein FAF-like, chloroplastic
Putative F-box only protein 11
F-box/kelch-repeat protein At5g39560
Furcatin hydrolase
4-hydroxy-7-methoxy-3-oxo-3,4-dihydro-2H-1,4-benzoxazin-2-yl glucoside beta-D-glucosidase 1b, chloroplastic
4-hydroxy-7-methoxy-3-oxo-3,4-dihydro-2H-1,4-benzoxazin-2-yl glucoside beta-D-glucosidase 1d, chloroplastic
4-hydroxy-7-methoxy-3-oxo-3,4-dihydro-2H-1,4-benzoxazin-2-yl glucoside beta-D-glucosidase 1a, chloroplastic
4-hydroxy-7-methoxy-3-oxo-3,4-dihydro-2H-1,4-benzoxazin-2-yl glucoside beta-D-glucosidase, chloroplastic
4-hydroxy-7-methoxy-3-oxo-3,4-dihydro-2H-1,4-benzoxazin-2-yl glucoside beta-D-glucosidase 1c, chloroplastic
Small heat shock protein, chloroplastic
Heat shock 22 kDa protein, chloroplastic
4-hydroxy-7-methoxy-3-oxo-3,4-dihydro-2H-1,4-benzoxazin-2-yl glucoside beta-D-glucosidase 2, chloroplastic
Interactor of constitutive active ROPs 2, chloroplastic
Probable adenylate kinase 6, chloroplastic
Adenylate kinase, chloroplastic
Maturase-like protein 2
Putative septum site-determining protein MinD
Putative cell division topological specificity factor
Probable amino-acid acetyltransferase NAGS1, chloroplastic
Probable NAD kinase 2, chloroplastic
L-aspartate oxidase, chloroplastic
NAD kinase 2, chloroplastic
Probable acetyltransferase NATA1-like
Probable amino-acid acetyltransferase NAGS2, chloroplastic
Putative inactive
Plastid lipid-associated protein 1, chloroplastic
Plastid-lipid-associated protein, chloroplastic
OTU domain-containing protein At3g57810
Probable plastid-lipid-associated protein 2, chloroplastic
Plastid lipid-associated protein 3, chloroplastic
Plastid lipid-associated protein 2, chloroplastic
Plastoglobulin-1, chloroplastic
Phosphoglycerate mutase-like protein 2
Pentatricopeptide repeat-containing protein At1g71460, chloroplastic
Pentatricopeptide repeat-containing protein At2g30100, chloroplastic
Pentatricopeptide repeat-containing protein At3g04760, chloroplastic
Pentatricopeptide repeat-containing protein At3g23020
Pentatricopeptide repeat-containing protein At5g02830, chloroplastic
Pentatricopeptide repeat-containing protein At4g14190, chloroplastic
Pentatricopeptide repeat-containing protein At4g31850, chloroplastic
Pentatricopeptide repeat-containing protein At5g13270, chloroplastic
Pentatricopeptide repeat-containing protein At1g02060, chloroplastic
Pentatricopeptide repeat-containing protein At1g10910, chloroplastic
Pentatricopeptide repeat-containing protein At1g79080, chloroplastic
Pentatricopeptide repeat-containing protein At2g18940, chloroplastic
Pentatricopeptide repeat-containing protein At2g42920, chloroplastic
Pentatricopeptide repeat-containing protein At3g18110, chloroplastic
Pentatricopeptide repeat-containing protein At3g26630, chloroplastic
Pentatricopeptide repeat-containing protein At3g42630
Pentatricopeptide repeat-containing protein At4g25270, chloroplastic
Pentatricopeptide repeat-containing protein At4g35130, chloroplastic
Pentatricopeptide repeat-containing protein At5g46580, chloroplastic
Pentatricopeptide repeat-containing protein At5g48730, chloroplastic
Pentatricopeptide repeat-containing protein At5g50280, chloroplastic
Pentatricopeptide repeat-containing protein At4g19440, chloroplastic
Pentatricopeptide repeat-containing protein At5g14080
Pentatricopeptide repeat-containing protein At5g39980, chloroplastic
Pentatricopeptide repeat-containing protein At5g48910
Pentatricopeptide repeat-containing protein At5g52850, chloroplastic
Pentatricopeptide repeat-containing protein At4g18975, chloroplastic
Pentatricopeptide repeat-containing protein At5g50390, chloroplastic
Pentatricopeptide repeat-containing protein At1g05750, chloroplastic
Pentatricopeptide repeat-containing protein At1g02150
Aspartate carbamoyltransferase 1, chloroplastic
Aspartate carbamoyltransferase 3, chloroplastic
Aspartate carbamoyltransferase 2, chloroplastic
Rubisco accumulation factor 1, chloroplastic
Ribulose-1,5 bisphosphate carboxylase/oxygenase large subunit N-methyltransferase, chloroplastic
DEAD-box ATP-dependent RNA helicase 50
DEAD-box ATP-dependent RNA helicase 26
DEAD-box ATP-dependent RNA helicase 22
DNA-directed RNA polymerase subunit beta'
DNA-directed RNA polymerase subunit beta''
Ribosomal operon-associated A protein
Putative DNA-directed RNA polymerase subunit omega
RuBisCO large subunit-binding protein subunit alpha, chloroplastic
RuBisCO large subunit-binding protein subunit beta, chloroplastic
Non-functional protein STAY-GREEN, chloroplastic
Protein STAY-GREEN, chloroplastic
Phosphoserine aminotransferase, chloroplastic
Rhodanese-like domain-containing protein 11, chloroplastic
Rhodanese-like domain-containing protein 8, chloroplastic
Probable transcriptional regulatory protein At2g25830
Uracil phosphoribosyltransferase homolog
VQ motif-containing protein 8, chloroplastic
Putative uncharacterized protein ycf15
Putative single-stranded DNA-binding protein ycf41
