Glucosaminate ammonia-lyase
Probable glutathione reductase 2
Thioredoxin reductase NTRA
Nucleoredoxin
Thioredoxin reductase NTRB
34.2 kDa protein in rubredoxin operon
NADPH-dependent thioredoxin reductase 3
Thioredoxin reductase
Thioredoxin reductase 2, mitochondrial
Thioredoxin reductase 3
Probable thioredoxin reductase ARB_06224
Thioredoxin reductase 1
Thioredoxin reductase 2
Putative thioredoxin reductase
Bifunctional thioredoxin reductase/thioredoxin
Thioredoxin reductase SEP1
Thioredoxin reductase 1, cytoplasmic
Thioredoxin-like protein 1
Thioredoxin reductase, mitochondrial
Thioredoxin reductase 1, mitochondrial
Thioredoxin domain-containing protein 2
