14-3-3 protein zeta/delta
Gamma-adducin
Acyl carrier protein
Probable aminoglycoside efflux pump
Multidrug efflux pump subunit AcrB
Multidrug export protein AcrE
HECT-type ubiquitin ligase-interacting protein apyA
Serine/threonine-protein kinase ATR
Calcium-dependent protein kinase 1
Cytochrome c oxidase subunit 8B, mitochondrial
HECT-type ubiquitin ligase-interacting protein creD
25-hydroxycholesterol 7-alpha-hydroxylase
Chondrosarcoma-associated gene 2/3 protein
Disabled homolog 1
Glutamate decarboxylase 1
Alpha-defensin 1
Segment polarity protein dishevelled homolog DVL-3
Etoposide-induced protein 2.4
Murein hydrolase activator EnvC
Pre-mRNA polyadenylation factor FIP1
Ferredoxin--NADP reductase
Farnesyl diphosphate synthase
Frizzled-1
Peptidoglycan synthase FtsI
GMP synthase
G protein-coupled receptor kinase 5
Integral membrane protein DGCR2/IDD
Inhibin beta A chain
Adenylate kinase 4, mitochondrial
Proto-oncogene tyrosine-protein kinase LCK
Tyrosine-protein kinase Lck
Multidrug resistance protein 1
Protein MLF3
Diphosphomevalonate decarboxylase
NADH dehydrogenase  1 alpha subcomplex subunit 10, mitochondrial
N-acetyltransferase 8
Probable NADH dehydrogenase  iron-sulfur protein 8, mitochondrial
Murein hydrolase activator NlpD
Glycylpeptide N-tetradecanoyltransferase
Niemann-Pick C1-like protein 1
Probable NADH dehydrogenase  iron-sulfur protein 2, mitochondrial
Probable NADH dehydrogenase  iron-sulfur protein 6, mitochondrial
Sodium/bile acid cotransporter 4
Non-canonical poly(A) RNA polymerase PAPD7
cGMP-inhibited 3',5'-cyclic phosphodiesterase A
Protoporphyrinogen oxidase
Dihydroorotate dehydrogenase
Lipopolysaccharide core heptose(I) kinase RfaP
Protein SanA
Phosphatidylinositol 3,4,5-trisphosphate 5-phosphatase 2
Serine/threonine-protein kinase SKY1
N-acetyltransferase SLI1
Smoothelin-like protein 1
DNA topoisomerase 1
UDP-glucuronosyltransferase 2B15
Protein unc-1
Uncoordinated protein 79
Protein unc-80
Vascular endothelial growth factor B
Endoribonuclease YSH1
mRNA 3'-end-processing protein YTH1
