4-coumarate--CoA ligase-like 8
Probable acyl-activating enzyme 1, peroxisomal
Butyrate--CoA ligase AAE11, peroxisomal
Probable acyl-activating enzyme 5, peroxisomal
Acyl-CoA dehydrogenase family member 11
Acyl-coenzyme A oxidase 2
Acyl-coenzyme A oxidase 3, peroxisomal
Acyl-coenzyme A oxidase 4
Acyl-coenzyme A oxidase 5
4-coumarate--CoA ligase-like 3
Benzoate--CoA ligase, peroxisomal
Acyl-coenzyme A oxidase 2, peroxisomal
Peroxisomal acyl-coenzyme A oxidase 2
Peroxisomal acyl-coenzyme A oxidase 3
Acyl-coenzyme A oxidase
Probable acyl-activating enzyme 12, peroxisomal
Probable acyl-activating enzyme 17, peroxisomal
Alkyldihydroxyacetonephosphate synthase
4-coumarate--CoA ligase-like 4
4-coumarate--CoA ligase-like 7
Putative acyl-coenzyme A oxidase 3.2, peroxisomal
4-coumarate--CoA ligase-like 2
4-coumarate--CoA ligase-like 9
Acyl-coenzyme A oxidase 3
Acyl-coenzyme A oxidase-like protein
Putative peroxisomal acyl-coenzyme A oxidase 1.2
Acyl-coenzyme A oxidase 1
Alkyldihydroxyacetonephosphate synthase, peroxisomal
Acetate/butyrate--CoA ligase AAE7, peroxisomal
Probable acyl-activating enzyme 18, peroxisomal
Alpha-methylacyl-CoA racemase
Monoamine oxidase N
Betaine aldehyde dehydrogenase 2
Beta-glucosidase 9
Betaine aldehyde dehydrogenase 1
Calmodulin-like protein 3
Dihydroxyacetone synthase
Peroxisomal 2,4-dienoyl-CoA reductase
Glycerate dehydrogenase
Dehydrogenase/reductase SDR family member 4
Delta(3,5)-Delta(2,4)-dienoyl-CoA isomerase, mitochondrial
Enoyl-CoA hydratase 2, peroxisomal
3,2-trans-enoyl-CoA isomerase
Peroxisomal bifunctional enzyme
Enoyl-CoA delta isomerase 2, mitochondrial
Enoyl-CoA delta isomerase 3, peroxisomal
Enoyl-CoA delta isomerase 1, peroxisomal
External alternative NAD(P)H-ubiquinone oxidoreductase B1, mitochondrial
EST/SMG-like protein 1
Gut esterase 1
F-box/kelch-repeat protein At1g26930
Peroxisomal hydratase-dehydrogenase-epimerase
Glutathione reductase, cytosolic
Glutathione S-transferase omega-like 1
Hydroxymethylglutaryl-CoA lyase, mitochondrial
Glycerate dehydrogenase HPR, peroxisomal
Hydroxysteroid dehydrogenase-like protein 2
Isopentenyl-diphosphate Delta-isomerase 1
Isopentenyl-diphosphate delta-isomerase 2
Internal alternative NAD(P)H-ubiquinone oxidoreductase A1, mitochondrial
Isochorismatase domain-containing protein 1
Mevalonate kinase
Luciferin 4-monooxygenase
Putative peroxiredoxin
Mitochondrial amidoxime reducing component 2
External alternative NAD(P)H-ubiquinone oxidoreductase B3, mitochondrial
External alternative NAD(P)H-ubiquinone oxidoreductase B2, mitochondrial
Internal alternative NAD(P)H-ubiquinone oxidoreductase A2, mitochondrial
Nucleoside diphosphate-linked moiety X motif 19
Peroxisomal NADH pyrophosphatase NUDT12
D-amino-acid oxidase
12-oxophytodienoate reductase 3
D-aspartate oxidase
D-aspartate oxidase 1
Putative peroxisomal biogenesis factor 19
Peroxisomal membrane protein PMP34
Peroxisomal adenine nucleotide carrier 1
Peroxisomal adenine nucleotide carrier 2
Putative peroxiredoxin pmp20
Nicotinamidase
Oleate-induced peroxisomal protein POX18
Putative peroxisomal peroxiredoxin
Peroxiredoxin-5, mitochondrial
Peroxisomal acyl-coenzyme A thioester hydrolase 1
Peroxisomal membrane protein 4
Peroxisomal membrane protein 2
DEAD-box ATP-dependent RNA helicase 37
Solute carrier family 22 member 21
Serine hydrolase-like protein 2
3-ketoacyl-CoA thiolase B, peroxisomal
Acetyl-CoA acetyltransferase IA
Acetyl-CoA acetyltransferase IB
3-ketoacyl-CoA thiolase 5, peroxisomal
3-ketoacyl-CoA thiolase, peroxisomal
Acetyl-CoA acetyltransferase
Probable acetyl-CoA acetyltransferase
3-ketoacyl-CoA thiolase A, peroxisomal
Transmembrane protein 135
UPF0496 protein At2g18630
Acetyltransferase At1g77540
Putative acyl-coenzyme A oxidase At3g06690
Probable nudix hydrolase C6G9.05
