Caspase recruitment domain-containing protein 064R
Apoptotic protease-activating factor 1
Apoptosis regulator R11
Apoptosis facilitator Bcl-2-like protein 14
Bcl-2-related ovarian killer protein
Bcl-2-related ovarian killer protein homolog A
Bcl-2-like protein 13
Caspase recruitment domain-containing protein 10
Caspase recruitment domain-containing protein 8
Caspase-1-B
Bcl-2-related ovarian killer protein homolog B
Caspase recruitment domain-containing protein 18
Caspase-2
Caspase recruitment domain-containing protein 6
Caspase recruitment domain-containing protein 17
Caspase-4
Caspase-1-A
Caspase recruitment domain-containing protein 16
Caspase recruitment domain-containing protein 19
Caspase-1
Caspase-12
Apoptosis regulator ced-9
Cell death protein 3
Cell death activator CIDE-B
CASP8 and FADD-like apoptosis regulator
Disco-interacting protein 2 homolog A
Apoptosis regulator BHRF1
Dynactin-associated protein
F-box only protein 10
Pre-mRNA-splicing regulator WTAP
Glutaminase liver isoform, mitochondrial
HCLS1-binding protein 3
Heat shock protein 90 homolog
Intraflagellar transport protein 57 homolog
Induced myeloid leukemia cell differentiation protein Mcl-1 homolog
Nucleoside diphosphate kinase 3
Nucleoside diphosphate kinase A
Nucleoside diphosphate kinase, mitochondrial
NLR family CARD domain-containing protein 4
Nucleoside diphosphate kinase
Anti-apoptotic protein NR13
Plasminogen activator inhibitor 1 RNA-binding protein
Astrocytic phosphoprotein PEA-15
Protein phosphatase PHLPP-like protein
Release factor glutamine methyltransferase
Prostacyclin synthase
CARD domain-containing protein E10
