Sodium channel protein type 1 subunit alpha
Potassium voltage-gated channel subfamily KQT member 1
Atypical chemokine receptor 3
Actin-related protein T1
Apoptotic chromatin condensation inducer in the nucleus
Alpha-protein kinase 1
Annexin A5
RNA demethylase ALKBH5
Ankyrin repeat and SOCS box protein 2
Sodium/potassium-transporting ATPase subunit beta-1
Calcium-binding and coiled-coil domain-containing protein 2
Chromatin assembly factor 1 subunit B
Complement component C1q receptor
Scavenger receptor cysteine-rich type 1 protein M160
Type III endosome membrane protein TEMP
Coiled-coil domain-containing protein 36
Carbohydrate sulfotransferase 3
Claudin-7
Cytochrome c oxidase subunit 8A, mitochondrial
Crooked neck-like protein 1
Chondroitin sulfate proteoglycan 5
Dickkopf-like protein 1
Excitatory amino acid transporter 1
Protein FAM131B
Fatty acid-binding protein, liver
Protein FAM13B
Low affinity immunoglobulin gamma Fc region receptor III-B
Fibroblast growth factor-binding protein 1
Fibroblast growth factor 14
Fibroblast growth factor 7
GDP-fucose transporter 1
Fragile X mental retardation syndrome-related protein 2
Glucose-6-phosphate translocase
Gamma-aminobutyric acid receptor subunit alpha-5
Growth/differentiation factor 8
GEM-interacting protein
Histone H3.1
Hydroxycarboxylic acid receptor 1
Haptoglobin-related protein
Hypoxia-inducible lipid droplet-associated protein
Eukaryotic translation initiation factor 2 subunit 1
Inositol-trisphosphate 3-kinase C
IST1 homolog
UPF0606 protein KIAA1549L
Keratin, type II cytoskeletal 6A
Leukocyte receptor cluster member 9
Galectin-8
Protein kintoun
U6 snRNA-associated Sm-like protein LSm4
Microtubule-associated protein 1A
Methyl-CpG-binding domain protein 5
Malate dehydrogenase, cytoplasmic
Metastasis suppressor protein 1
Myosin light chain kinase, smooth muscle
Myomesin-1
Endonuclease III-like protein 1
Optineurin
Nuclear pore complex protein Nup93
Pancreatic prohormone
Peroxisomal membrane protein PEX13
 kinase isozyme 4, mitochondrial
Peroxisomal biogenesis factor 3
Pyridoxine-5'-phosphate oxidase
Phytanoyl-CoA hydroxylase-interacting protein
Probable RNA-binding protein 18
Receptor expression-enhancing protein 2
Rab15 effector protein
Ubiquitin-60S ribosomal protein L40
U2 small nuclear ribonucleoprotein B''
28S ribosomal protein S2, mitochondrial
Small nuclear ribonucleoprotein-associated proteins B and B'
28S ribosomal protein S10, mitochondrial
Adenosine 3'-phospho 5'-phosphosulfate transporter 2
Small nuclear ribonucleoprotein Sm D1
Serpin B10
Gamma-1-syntrophin
Signal transducer and activator of transcription 2
Erythrocyte band 7 integral membrane protein
Transcription initiation protein SPT3 homolog
Transcriptional enhancer factor TEF-3
Transmembrane protein 39B
Transmembrane protein 203
Transmembrane protein 39A
Mitochondrial thiamine pyrophosphate carrier
TRAF2 and NCK-interacting protein kinase
Triggering receptor expressed on myeloid cells 1
Protein YIPF1
Zinc finger protein 189
Zinc finger protein 681
