Neuronal acetylcholine receptor subunit alpha-2
Acetylcholine receptor subunit alpha-1-B
Acetylcholine receptor subunit beta
Acetylcholine receptor subunit delta
Acetylcholine receptor subunit gamma
Neuronal acetylcholine receptor subunit non-alpha-2
Neuronal acetylcholine receptor subunit non-alpha-3
Acetylcholine receptor subunit alpha-L1
Neuronal acetylcholine receptor subunit eat-2
Neuronal acetylcholine receptor subunit alpha-9-I
Acetylcholine receptor subunit alpha
Neuronal acetylcholine receptor subunit beta-2
Neuronal acetylcholine receptor subunit beta-4
Acetylcholine receptor subunit epsilon
Muscarinic acetylcholine receptor M4
Acetylcholine receptor subunit alpha-like
Muscarinic acetylcholine receptor M5
Acetylcholine receptor subunit alpha-type acr-16
Acetylcholine receptor subunit alpha-1-A
Neuronal acetylcholine receptor subunit beta-3
Neuronal acetylcholine receptor subunit alpha-10
Neuronal acetylcholine receptor subunit alpha-9-II
Neuronal acetylcholine receptor subunit alpha-5
Neuronal acetylcholine receptor subunit alpha-6
Acetylcholine receptor non-alpha chain
Ankyrin repeat and sterile alpha motif domain-containing protein 1B
ATPase family AAA domain-containing protein 1
ATPase family AAA domain-containing protein 1-A
ATPase family AAA domain-containing protein 1-B
Calcium-binding protein 1
Cerebellin-1
Calcium/calmodulin-dependent protein kinase II inhibitor 1
Calsyntenin-1
Calsyntenin-2
Disks large-associated protein 2
Gamma-aminobutyric acid type B receptor subunit 2
Gamma-aminobutyric acid receptor subunit alpha-2
Gamma-aminobutyric acid receptor subunit alpha-3
Gamma-aminobutyric acid receptor subunit rho-2
Gamma-aminobutyric acid receptor subunit alpha-1
Gamma-aminobutyric acid receptor subunit gamma-2
Gamma-aminobutyric acid receptor subunit beta
Glutamate receptor
Glutamate receptor U1
Glutamate-gated chloride channel
Probable glutamate receptor
Gephyrin
Glutamate receptor 2
Glutamate receptor 4
Glutamate-gated chloride channel subunit beta
Glutamate receptor ionotropic, kainate 1
Probable G-protein coupled receptor 156
Glutamate receptor ionotropic, kainate 2
Glutamate receptor ionotropic, kainate 3
Glutamate receptor 1
Glutamate receptor 3
Glutamate receptor ionotropic, kainate 4
Delphilin
Inward rectifier potassium channel 4
Ligand-gated ion channel 4
Leucine-rich repeat and fibronectin type III domain-containing protein 1
Leucine-rich repeat and fibronectin type-III domain-containing protein 2
Leucine-rich repeat transmembrane neuronal protein 1
Leucine-rich repeat transmembrane neuronal protein 3
Leucine zipper putative tumor suppressor 3
Leucine-rich repeat-containing protein 7
Leucine-rich repeat transmembrane neuronal protein 4
Melanoma-associated antigen E1
Multiple PDZ domain protein
Glutamate receptor ionotropic, NMDA 1
Neuroligin-4, X-linked
Neuron-specific protein family member 1
NMDA receptor synaptonuclear signaling and neuronal migration factor
PRKCA-binding protein
Proline-rich protein 7
Rho GTPase-activating protein 32
SH2 domain-containing protein 5
SH3 and multiple ankyrin repeat domains protein 2
Sodium-dependent acetylcholine transporter
Synaptopodin
Protein TANC1
