Phosphatidylinositol 3,4,5-trisphosphate 3-phosphatase and dual-specificity protein phosphatase PTEN
14-3-3 protein sigma
5'-AMP-activated protein kinase subunit beta-2
5'-AMP-activated protein kinase subunit gamma-2
14-3-3 protein eta
14-3-3 protein gamma
14-3-3 protein theta
5'-AMP-activated protein kinase subunit gamma-1
5'-AMP-activated protein kinase catalytic subunit alpha-2
5'-AMP-activated protein kinase subunit gamma-3
5'-AMP-activated protein kinase subunit beta-1
5'-AMP-activated protein kinase catalytic subunit alpha-1
Natriuretic peptides A
Cyclin-C
Cyclin-dependent kinase 8
Cyclin mcs2
Cytochrome c oxidase subunit 2
Cytochrome c oxidase subunit 7B, mitochondrial
Cytochrome c oxidase subunit 3
Cytochrome c oxidase subunit 5B, mitochondrial
Cytochrome c oxidase subunit 7C, mitochondrial
Cytochrome c oxidase subunit 1
Cytochrome c oxidase subunit 5A, mitochondrial
Cytochrome c oxidase subunit 6C
Cytochrome c oxidase subunit 4 isoform 1, mitochondrial
Cytochrome c oxidase subunit 7A-related protein, mitochondrial
Cytochrome c oxidase subunit 6B1
Cytochrome c oxidase subunit 6A1, mitochondrial
Connective tissue growth factor
DNA damage-inducible transcript 4 protein
Transcription factor E2F2
Transcription factor E2F3
Glucose-6-phosphate 1-dehydrogenase
Glutaminase liver isoform, mitochondrial
Glutaminase kidney isoform, mitochondrial
Glutathione peroxidase 2
Glutathione reductase, mitochondrial
Ragulator complex protein LAMTOR1
Ragulator complex protein LAMTOR4
Mastermind-like protein 1
Myc-associated zinc finger protein
Mastermind-like protein 3
Mediator of RNA polymerase II transcription subunit 15
Mediator of RNA polymerase II transcription subunit 23
Mediator of RNA polymerase II transcription subunit 26
Mediator of RNA polymerase II transcription subunit 4
Mastermind-like protein 2
Mediator of RNA polymerase II transcription subunit 17
Mediator of RNA polymerase II transcription subunit 21
Mediator of RNA polymerase II transcription subunit 24
Mediator of RNA polymerase II transcription subunit 25
Mediator of RNA polymerase II transcription subunit 31
Putative mediator of RNA polymerase II transcription subunit 14
Mediator of RNA polymerase II transcription subunit 14
Putative mediator of RNA polymerase II transcription subunit 1
Mediator of RNA polymerase II transcription subunit 10
Mediator of RNA polymerase II transcription subunit 30
Putative mediator of RNA polymerase II transcription subunit 4
Mediator of RNA polymerase II transcription subunit 6
Mediator of RNA polymerase II transcription subunit 8
Putative mediator of RNA polymerase II transcription subunit 24
Mediator of RNA polymerase II transcription subunit 27
Mediator of RNA polymerase II transcription subunit 7
Putative mediator of RNA polymerase II transcription subunit 12
Mediator of RNA polymerase II transcription subunit 12
Mediator of RNA polymerase II transcription subunit 20
Putative mediator of RNA polymerase II transcription subunit 27
Mediator of RNA polymerase II transcription subunit 13
Mediator of RNA polymerase II transcription subunit 16
Putative mediator of RNA polymerase II transcription subunit 17
Nuclear receptor coactivator 6
Neurogenic locus notch homolog protein 4
Nuclear receptor 2C2-associated protein
Nuclear receptor subfamily 0 group B member 2
Neurogenic locus notch homolog protein 3
Neurogenic locus notch homolog protein 2
Nuclear receptor subfamily 0 group B member 1
Nuclear receptor-binding factor 2
Nuclear receptor-binding protein
Peroxiredoxin-2
Peroxiredoxin-5, mitochondrial
Peroxiredoxin-1
DNA repair helicase rad15
GTP-binding protein Rheb
Ribonucleoside-diphosphate reductase subunit M2 B
Ras-related GTP-binding protein D
Regulatory-associated protein of mTOR
Ras-related GTP-binding protein B
Protein SCO2 homolog, mitochondrial
Sestrin-1
Transcription initiation factor IIA subunit 2
General transcription factor IIE subunit 2
General transcription factor IIF subunit 1
Transcription initiation factor IIF subunit alpha
General transcription factor IIF subunit 2
Transcription initiation factor IIF subunit beta
Transcription initiation factor TFIID subunit 11
Transcription initiation factor TFIID subunit 3
Transcription initiation factor TFIID subunit 7
Transcription initiation factor TFIID subunit 10
Transcription initiation factor TFIID subunit 12
Transcription initiation factor TFIID subunit 13
Transcription initiation factor TFIID subunit 14
Transcription initiation factor TFIID subunit 5
Transcription initiation factor TFIID subunit taf73
Transcription initiation factor TFIID subunit 8
Transcription initiation factor TFIID subunit 6
Transcription initiation factor TFIID subunit 9
Transcription initiation factor TFIID subunit 4
Transcription initiation factor IIA subunit 1
Transcription initiation factor TFIID subunit 10b
Transcriptional enhancer factor TEF-1
TFIIA-alpha and beta-like factor
RNA polymerase II transcription factor B subunit 1
Transcription factor E
Transcription initiation factor IIE subunit beta
Transcription initiation factor IIA subunit 2-2
General transcription factor IIE subunit 1
Transcriptional enhancer factor TEF-5
TATA-box-binding protein
RNA polymerase II transcription factor B subunit 2
Thioredoxin
Transcription initiation factor IIA large subunit
RNA polymerase II transcription factor B subunit 5
Thyroid hormone receptor-associated protein 3
Fructose-2,6-bisphosphatase TIGAR
Thioredoxin reductase 1, cytoplasmic
Hamartin
Transcription initiation factor IIA small chain homolog
Putative TAF11-like protein ENSP00000332601
Zinc finger protein 45
