Alpha-1,4-N-acetylglucosaminyltransferase
ADAMTS-like protein 4
UDP-GlcNAc:betaGal beta-1,3-N-acetylglucosaminyltransferase 8
Acetylgalactosaminyl-O-glycosyl-glycoprotein beta-1,3-N-acetylglucosaminyltransferase
Glycoprotein-N-acetylgalactosamine 3-beta-galactosyltransferase 1
C1GALT1-specific chaperone 1
Dolichol-phosphate mannosyltransferase
EGF domain-specific O-linked N-acetylglucosamine transferase
N-acetylgalactosaminyltransferase 7
Polypeptide N-acetylgalactosaminyltransferase 6
Probable polypeptide N-acetylgalactosaminyltransferase 8
Polypeptide N-acetylgalactosaminyltransferase 4
Polypeptide N-acetylgalactosaminyltransferase 5
Polypeptide N-acetylgalactosaminyltransferase 9
Putative polypeptide N-acetylgalactosaminyltransferase 9
Polypeptide N-acetylgalactosaminyltransferase 1
Polypeptide N-acetylgalactosaminyltransferase 10
Polypeptide N-acetylgalactosaminyltransferase 13
Polypeptide N-acetylgalactosaminyltransferase 12
Polypeptide N-acetylgalactosaminyltransferase 14
Mannosyltransferase KTR6
Alpha-1,2 mannosyltransferase KTR1
Glycolipid 2-alpha-mannosyltransferase
Probable mannosyltransferase KTR3
Probable mannosyltransferase KTR4
Putative alpha-1,3-mannosyltransferase MNN1
Alpha-1,3-mannosyltransferase MNT2
Alpha-1,3-mannosyltransferase MNN1
Putative alpha-1,3-mannosyltransferase MNN12
Putative alpha-1,3-mannosyltransferase MNT4
Putative alpha-1,3-mannosyltransferase MNN14
Protein MNN4
Alpha-1,3-mannosyltransferase MNT3
Probable alpha-1,3-mannosyltransferase MNT4
Probable mannosyltransferase MNT3
Mucin-6
Mucin-2
Mucin-15
Mucin-17
Mucin-like protein 1
Mucin-21
Mucin-7
Mucin-19
Mucin-3A
Mucin-3B
Mucin-5AC
GDP-fucose protein O-fucosyltransferase 1
O-glycoside alpha-1,2-mannosyltransferase omh1
Protein O-linked-mannose beta-1,2-N-acetylglucosaminyltransferase 1
O-glucosyltransferase rumi homolog
Methylcytosine dioxygenase TET3
