Probable ATP-citrate synthase
Cytosolic purine 5'-nucleotidase
Abhydrolase domain-containing protein
Calcium-regulated actin-bundling protein
Putative aldehyde dehydrogenase family 7 member A1 homolog
Fructose-bisphosphate aldolase
Acetylornithine deacetylase
Luminal-binding protein 2
Beta-ureidopropionase
Calcium-binding protein M
COP9 signalosome complex subunit 6
Glutamate dehydrogenase, mitochondrial
DnaJ homolog subfamily C member 7 homolog
Fatty acyl-CoA synthetase A
Glucose-6-phosphate 1-dehydrogenase
Putative glutathione S-transferase alpha-1
Heat shock 70-related protein 5
Inosine-5'-monophosphate dehydrogenase
Putative D-lactate dehydrogenase
LAMP family protein lmp-1
S-adenosylmethionine synthase
Probable enoyl-CoA hydratase 2
Oxysterol-binding protein 8
Peroxiredoxin-4
Ran-specific GTPase-activating protein homolog
Probable RNA 3'-terminal phosphate cyclase-like protein
Adenosylhomocysteinase
Probable succinyl-CoA:3-ketoacid coenzyme A transferase, mitochondrial
Small glutamine-rich tetratricopeptide repeat-containing protein
Severin
Translocon-associated protein subunit beta
Translocon-associated protein subunit alpha
Probable arginine--tRNA ligase, cytoplasmic
Asparagine--tRNA ligase, cytoplasmic
Transformer-2 protein homolog
Ubiquilin
Protein tssc1 homolog
Vegetative-specific protein H5
Recoverin family protein DDB_G0272130
Putative methyltransferase DDB_G0268948
Putative uncharacterized protein DDB_G0284097
