Metal homeostasis factor ATX2
Probable zinc transporter cis4
Cation diffusion facilitator family protein 1
Cobalt uptake protein COT1
Probable manganese/zinc-exporting P-type ATPase
Protein catecholamines up
Probable cation-transporting ATPase G
Probable cobalt/nickel-exporting P-type ATPase
Zinc transporter foi
Histidine-rich membrane protein KE4 homolog 2
Histidine-rich membrane protein KE4 homolog 1
Putative inactive cadmium/zinc-transporting ATPase HMA3
IAA-alanine resistance protein 1
Fe(2+) transport protein 2
Fe(2+) transport protein 1
Fe(2+) transport protein 3, chloroplastic
Mitochondrial metal transporter 1
Mitochondrial metal transporter 2
Probable zinc transporter MSC2
Metal tolerance protein 11
Metal tolerance protein 10
Metal tolerance protein A1
Putative metal tolerance protein C3
Metal tolerance protein C1
Metal tolerance protein B
Metal tolerance protein 1
Metal tolerance protein C2
Natural resistance-associated macrophage protein 2
Low-affinity inorganic phosphate transporter 1
Zinc transporter ZIP1
Zinc transporter ZIP4
Zinc transporter ZIP3
Zinc transporter ZIP14
Zinc transporter ZIP9
Zinc transporter ZIP11
Zinc transporter ZIP13
Zinc transporter SLC39A7
Zinc transporter ZIP2
Zinc transporter ZIP6
Zinc transporter ZIP10
Zinc transporter ZIP12
Zinc transporter ZIP13 homolog
Probable zinc transporter protein DDB_G0291141
Probable zinc transporter protein DDB_G0269332
Probable zinc transporter protein DDB_G0283629
Probable zinc transporter protein DDB_G0282067
Zinc transporter YKE4
Zinc transporter 4
Zinc transporter ZitB
Zinc transporter 1
Zinc transporter 5
Zinc transporter 6
Zinc transporter 7
Protein zntB
Zinc transport protein ZntB
Protein zntD
Zinc transporter 2
Protein zntA
Probable zinc transporter zrg17
Zinc transporter ZupT
Probable zinc transporter 12
Zinc transporter 3
Zinc transporter 4, chloroplastic
Zinc transporter 8
Zinc/cadmium resistance protein
Zinc transporter ZTP29
Probable zinc transporter zip2
Zinc transporter 10
Zinc transporter 9
Putative zinc transporter At3g08650
Zinc homeostasis factor 1
Zinc transporter 6, chloroplastic
Probable zinc transporter 10
Zinc transporter 11
Protein zntC
Probable zinc transporter 8
Protein ZRG17
Zinc-regulated transporter 1
Zinc-regulated transporter 3
