7.2 kDa cytotoxin RVV-7
Cytotoxin NN-32
Cytotoxin drCT-1
Cytolysin tenebrosin-B
Equinatoxin-1''
Cardiotoxin-like basic polypeptide ah
Cytotoxin 1f
Equinatoxin-1
Magnificalysin I
Tereporin-Ca1
Magnificalysin II
Cytolysin tenebrosin-A
Tereporin-Ts1
Equinatoxin-3
Echotoxin-2
Conoporin-Cn1
Antimicrobial peptide HsAp2
Antimicrobial peptide HsAp3
Cathelicidin-related peptide crotalicidin
Cathelicidin-related peptide isoform 3
Cathelicidin-related peptide lachesicidin
Cathelicidin-related peptide Pt_CRAMP1
Cathelicidin-related peptide lutzicidin
Cathelicidin-related peptide Na_CRAMP
Cathelicidin-related peptide Bf-CRAMP
Cathelicidin-related peptide batroxicidin
Cathelicidin-related peptide Oh-Cath
Cathelicidin-related peptide Pt_CRAMP2
Toxin CfTX-2
Toxin CfTX-1
Toxin CaTX-A
M-zodatoxin-Lt8a
Toxin CqTX-A
Toxin CrTX-A
Eumenitin-F
Eumenitin-R
Hydramacin-1
M-zodatoxin-Lt3a
M-lycotoxin-Hc1a
Mastoparan-1
M-lycotoxin-Ls2a
Eumenine mastoparan-EF
Eumenine mastoparan-ER
Mastoparan-L
Mauriporin
Pandinin-2
Amphiphatic peptide CT2
Antimicrobial peptide UyCT1
Pantinin-1
Amphipathic peptide CT1
Non-disulfide-bridged peptide 5.6
Amphipathic peptide OcyC2
Cytotoxic linear peptide
Antimicrobial peptide 1
Pandinin-1
Vejovine
Antimicrobial peptide HsAp4
Venom antimicrobial peptide-6
Antimicrobial peptide ctriporin
Antimicrobial peptide AcrAP2
Peptide Hp1478
Im-1
Opistoporin-2
Probable antimicrobial peptide Con13
Css54
Peptide BmKb1
Imcroporin
Amphiphatic peptide CT1
Pantinin-3
Peptide Hp1035
Opistoporin-4
Antimicrobial peptide Con22
Antimicrobial peptide HsAp1
Antimicrobial peptide 2
Antimicrobial peptide AcrAP1
Antimicrobial peptide 143
Parabutoporin
Cytotoxic linear peptide IsCT
Mucroporin-like peptide
Amphipathic peptide CT2
Venom antimicrobial peptide-9
Opistoporin-1
Cytotoxic linear peptide IsCT2
Antimicrobial peptide UyCT3
Pantinin-2
Amphipathic peptide OcyC1
Peptide Hp1165
Peptide BmKn1
Peptide Hp1412
Amphipathic peptide Hj0164
Antimicrobial peptide UyCT5
Non-disulfide-bridged peptide 5.5
Peptide BmKb2
Antimicrobial peptide 36.4
Amphipathic peptide Tx348
Pardaxin P-2
Pardaxin P-3
Pardaxin P-4
Pardaxin P-1
Pardaxin-2
Pardaxin P-5
Pardaxin-1
Snaclec purpureotin subunit alpha
Snaclec alboluxin subunit beta
Snaclec jerdonibitin subunit alpha
Snaclec purpureotin subunit beta
Snaclec jerdonibitin subunit beta
M-oxotoxin-Ot1a
Toxin CpTx1
Lysenin-related protein 2
Omega-ctenitoxin-Cs1a
Lysenin
Lysenin-related protein 1
Toxin Up-1
Lysenin-related protein 3
Cytolysin Uc-1
