Pelargonidin 3-O-(6-caffeoylglucoside) 5-O-(6-O-malonylglucoside) 4'''-malonyltransferase
Coumaroyl-CoA:anthocyanidin 3-O-glucoside-6''-O-coumaroyltransferase 1
Anthocyanidin 3-O-glucoside 6''-O-acyltransferase
Coumaroyl-CoA:anthocyanidin 3-O-glucoside-6''-O-coumaroyltransferase 2
Methanol O-anthraniloyltransferase
2-pyrone synthase
Arginine biosynthesis bifunctional protein ArgJ
Acylsugar acyltransferase 3
Acetyltransferase PA2271
Putative acetyltransferase SAOUHSC_00995
Acetyltransferase PA3944
Putative acetyltransferase BSU40680
Putative acetyltransferase SA0906
Acetyltransferase PA2578
Putative acetyltransferase SAV1054
Putative acetyltransferase MW0937
Benzyl alcohol O-benzoyltransferase
Putative acetyltransferase SAR1027
Polyketide synthase BAS
Acetyltransferase Atu2258
Acetyltransferase CD1211
BAHD acyltransferase At3g29680
Acetyl-CoA-benzylalcohol acetyltransferase
Acetyltransferase PA5475
Acetyltransferase SACOL1063
Putative acetyltransferase SAS0989
Putative membrane-bound transacylase BcsY
BAHD acyltransferase At5g47980
Bibenzyl synthase
4''-mycarosyl isovaleryl-CoA transferase
Putative
Chalcone synthase-like protein 1
(R)-citramalate synthase CimA
Curcumin synthase 1
Curcumin synthase 2
Curcumin synthase 3
Bisdemethoxycurcumin synthase
Phenylpropanoylacetyl-CoA synthase
3'-N-debenzoyl-2'-deoxytaxol N-benzoyltransferase
Putative diacylglycerol O-acyltransferase 2-like protein DGAT2L7P
Diacylglycerol O-acyltransferase 2-like protein 6
Elongation of very long chain fatty acids protein 6
Succinoglycan biosynthesis protein ExoH
Exopolysaccharide production protein ExoZ
Fumigaclavine B O-acetyltransferase
Glycine/sarcosine/betaine reductase complex component C subunit alpha
Probable 3-ketoacyl-CoA synthase 14
3-ketoacyl-CoA synthase 4
3-ketoacyl-CoA synthase 9
3-ketoacyl-CoA synthase 11
3-ketoacyl-CoA synthase 17
3-ketoacyl-CoA synthase 7
3-ketoacyl-CoA synthase 12
3-ketoacyl-CoA synthase 15
3-ketoacyl-CoA synthase 19
Probable 3-ketoacyl-CoA synthase 21
3-ketoacyl-CoA synthase 8
3-ketoacyl-CoA synthase 13
3-ketoacyl-CoA synthase 16
3-ketoacyl-CoA synthase 3
3-ketoacyl-CoA synthase 10
Lovastatin nonaketide synthase
Lipid A biosynthesis myristoyltransferase
3-hydroxy-5-phosphonooxypentane-2,4-dione thiolase
Acyl transferase
Lovastatin diketide synthase LovF
Acyltransferase MdmB
L-methionine sulfoximine/L-methionine sulfone acetyltransferase
Lysophospholipid acyltransferase 1
Lysophospholipid acyltransferase 7
Lysine N-acyltransferase MbtK
Nodulation protein E
Nodulation protein NolL
Nose resistant to fluoxetine protein 6
Nodulation protein 10
Acetoacetyl CoA synthase NphT7
O-acetyltransferase OatA
O-acetyl transferase
Octaketide synthase 1
3,5,7-trioxododecanoyl-CoA synthase
Putative O-acetyltransferase SA0834
Putative O-acetyltransferase MW0856
Putative O-acetyltransferase SAR0937
Putative O-acetyltransferase SACOL0978
Phthiocerol/phthiodiolone dimycocerosyl transferase
Putative O-acetyltransferase SAS0844
SL659 acyltransferase papA1
Trehalose-2-sulfate acyltransferase papA2
Putative O-acetyltransferase SAV0974
5,7-dihydroxy-2-methylchromone synthase
Phosphate propanoyltransferase
UDP-N-acetylbacillosamine N-acetyltransferase
Polyketide synthase-like Pks10
Alpha-pyrone synthesis polyketide synthase-like Pks11
Type III polyketide synthase C
Polyketide synthase 5
Polyketide synthase PksM
Phosphate acyltransferase
Alpha-pyrone synthesis polyketide synthase-like Pks18
Aloesone synthase
Polyketide synthase 1
Inactive polyketide synthase 2
Polyketide synthase 2
Lysophospholipase L2
1-acyl-sn-glycerol-3-phosphate acyltransferase
Octaketide synthase 2
Octaketide synthase 3
Polyketide synthase 3
Polyketide synthase 4
Putative phosphate acyltransferase
Polyketide synthase PksR
Regulator of hypoxia-inducible factor 1
1,3,6,8-tetrahydroxynaphthalene synthase
Serine carboxypeptidase-like 2
Serine carboxypeptidase-like 45
Serine carboxypeptidase-like 10
Serine carboxypeptidase-like 16
Serine carboxypeptidase-like 3
Serine carboxypeptidase-like 7
Serine carboxypeptidase-like 12
Serine carboxypeptidase-like 14
Serine carboxypeptidase-like 17
Serine carboxypeptidase-like 15
Serine carboxypeptidase-like 46
Serine carboxypeptidase-like 6
Putative serine carboxypeptidase-like 52
Acetyl-CoA acetyltransferase homolog, mitochondrial
Serine/alanine racemase
Putative acetyl-CoA C-acetyltransferase VraB
Amino-acid racemase
UPF0219 protein Msp_0117
UPF0219 protein YN1551_1245
UPF0219 protein Tneu_1356
UPF0219 protein TV0132
UPF0219 protein MK1379
UPF0219 protein MJ1546
UPF0219 protein M1425_1587
UPF0219 protein M1627_1703
UPF0219 protein STK_13490
UPF0219 protein AF_2415
Putative acyltransferase Rv0859
UPF0219 protein Pcal_1082
UPF0219 protein MMP1211
UPF0219 protein Saci_1362
UPF0219 protein MmarC6_1461
UPF0219 protein Mbur_1932
UPF0219 protein MmarC5_0379
UPF0219 protein M164_1584
UPF0219 protein LS215_1695
Putative acetyltransferase ORF330
UPF0219 protein MmarC7_0458
UPF0219 protein TGAM_0461
UPF0219 protein Cmaq_1240
UPF0219 protein UNCMA_25380
UPF0219 protein Mthe_1390
UPF0219 protein Msm_1561
UPF0219 protein YG5714_1591
UPF0219 protein TK0181
UPF0219 protein APE_1873.1
UPF0219 protein PAE2185
UPF0219 protein PTO0384
UPF0219 protein Mevan_0526
UPF0219 protein Mbar_A0551
UPF0219 protein MTH_792
UPF0219 protein PF0972
Inner membrane protein YcfT
UPF0219 protein MA_4041
UPF0219 protein Pars_0793
UPF0219 protein Pisl_0811
Putative acetyl-CoA C-acetyltransferase YhfS
UPF0219 protein MM_0871
Putative membrane-bound acyltransferase YfiQ
Putative membrane-bound acyltransferase YkrP
Putative peptidoglycan O-acetyltransferase YrhL
