Adenosine kinase
Probable allantoicase
Probable allantoicase 1
Probable allantoicase 2
Allantoicase
Putative allantoin permease
Ureidoglycolate dehydrogenase
Allantoate amidohydrolase
Allantoin permease
GMP reductase 1
GMP reductase 2
5-hydroxyisourate hydrolase 2
Probable 5-hydroxyisourate hydrolase R09H10.3
5-hydroxyisourate hydrolase 1
Probable 5-hydroxyisourate hydrolase
Probable 5-hydroxyisourate hydrolase ZK697.8
Adenylate kinase
Phosphoribosylaminoimidazole carboxylase
Bifunctional purine synthesis protein purC/E
Bifunctional purine biosynthetic protein ADE5,7
