Probable serine/threonine protein phosphatase 2A regulatory subunit B''epsilon
Probable serine/threonine protein phosphatase 2A regulatory subunit B''delta
Alpha-actinin-2
Aequorin-2
Alpha-actinin-3
Calcium-binding allergen Ole e 8
Aequorin-1
Alpha-actinin, sarcomeric
Ankyrin repeat and EF-hand domain-containing protein 1
Calcium-binding allergen Bet v 3
45 kDa calcium-binding protein
Calfumirin-1
Calmodulin-1
Squidulin
Calmodulin-like protein 4
Calmodulin-2
Calcineurin subunit B
Calmodulin-like protein
Calmodulin-2/4
Calmodulin-3
Calmodulin-5
Calmodulin-A
Calcyphosin-2
Calcium-binding protein 2
Calmodulin-related protein
Calmodulin-4
Neo-calmodulin
Calcineurin subunit B type 2
Calcium-binding protein F-like
Calerythrin
Calcium-binding protein
Calmodulin-1/11/16
Calmodulin-alpha
Calmodulin-B
23 kDa calcium-binding protein
Calcium-binding protein 4b
Calcium-binding protein F
Calcium-binding protein H
Calcium-binding protein K-like
Putative calmodulin-3
Calmodulin-5/6/7/8
Calmodulin-beta
Calcium-binding protein G
Calcium-binding protein L
Calmodulin, striated muscle
Calcium-binding protein B
Calcium-binding protein J
Calcium-binding protein K
Calcium-binding protein CAST
Calcium-binding protein E
Calcium-binding protein P
Crustacean calcium-binding protein 23
Calexcitin-1
Calexcitin-2
Probable calcium-binding protein CML17
Probable calcium-binding protein CML31
Probable calcium-binding protein CML32
Probable calcium-binding protein CML47
Calmodulin-like protein 11
Probable calcium-binding protein CML13
Probable calcium-binding protein CML15
Probable calcium-binding protein CML16
Probable calcium-binding protein CML48
Calmodulin-like protein 5
Probable calcium-binding protein CML12
Probable calcium-binding protein CML40
Probable calcium-binding protein CML45
Probable calcium-binding protein CML49
Probable calcium-binding protein CML7
Calcineurin B-like protein 6
Probable calcium-binding protein CML11
Probable calcium-binding protein CML18
Putative calcium-binding protein CML19
Probable calcium-binding protein CML21
Probable calcium-binding protein CML29
Probable calcium-binding protein CML30
Probable calcium-binding protein CML34
Putative calmodulin-like protein 6
Probable calcium-binding protein CML10
Probable calcium-binding protein CML22
Probable calcium-binding protein CML24
Probable calcium-binding protein CML41
Probable calcium-binding protein CML50
Calmodulin-like protein 7
Calcineurin B-like protein 3
Calcineurin B-like protein 5
Clytin
Putative calcium-binding protein CML23
Probable calcium-binding protein CML27
Probable calcium-binding protein CML33
Probable calcium-binding protein CML44
Probable calcium-binding protein CML9
Calcineurin B-like protein 9
Probable calcium-binding protein CML20
Probable calcium-binding protein CML14
Probable calcium-binding protein CML25/26
Probable calcium-binding protein CML28
Probable calcium-binding protein CML46
Probable calcium-binding protein CML8
Calcineurin B-like protein 10
EF-hand calcium-binding domain-containing protein 12
EF-hand calcium-binding domain-containing protein 3
EF-hand calcium-binding domain-containing protein 7
EF-hand calcium-binding domain-containing protein 14
EF-hand calcium-binding domain-containing protein 4A
EF-hand calcium-binding domain-containing protein 1
EF-hand and coiled-coil domain-containing protein 1
EF-hand protein 5
EF-hand domain-containing family member C2
EF-hand calcium-binding domain-containing protein 10
EF-hand calcium-binding domain-containing protein 11
EF-hand calcium-binding domain-containing protein 2
EF-hand calcium-binding domain-containing protein 5
EF-hand calcium-binding domain-containing protein 8
EF-hand domain-containing family member B
EGF-like and EMI domain-containing protein 1
EF-hand calcium-binding domain-containing protein 9
EF-hand protein 5 variant 1
EF-hand protein 5 variant 2
Fibropellin-2
Hippocalcin-like protein 1
Plasmodial-specific protein LAV1-2
Luciferin-binding protein
Calcium-binding protein LPS1-alpha
Calcium-binding protein LPS1-beta
Major extrapallial fluid protein
Mitrocomin
Neurocalcin homolog
Neurocalcin-delta
Neurocalcin-delta A
Neurocalcin-delta B
Protein NEL
Neuronal calcium sensor 1
Neuronal calcium sensor 2
Obelin
Oncomodulin
Putative oncomodulin-2
Oncomodulin-1
PHD finger protein 24
Polcalcin Bra n 1
Polcalcin Aln g 4
Polcalcin Bet v 4
Polcalcin Bra r 2
Polcalcin Nic t 2
Polcalcin Nic t 1
Polcalcin Jun o 2
Polcalcin Che a 3
Polcalcin Cyn d 7
Polcalcin Bra r 1
Polcalcin Bra n 2
Polcalcin Syr v 3
Polcalcin Phl p 7
Parvalbumin alpha
Protein 10
Parvalbumin-2
Parvalbumin beta 1
Parvalbumin beta 2
Parvalbumin beta 3
Parvalbumin beta 4
Parvalbumin beta
Parvalbumin, thymic
Parvalbumin-7
Parvalbumin beta-1
Parvalbumin, thymic CPV3
Parvalbumin beta-2
Calhepatin
Protein S100-Z
Protein S100-A15A
Sarcoplasmic calcium-binding protein, alpha-B and -A chains
Protein S100-A7-like 2
Sarcoplasmic calcium-binding protein
Sarcoplasmic calcium-binding protein 1
Sarcoplasmic calcium-binding proteins I, III, and IV
Sarcoplasmic calcium-binding proteins II, V, VI, and VII
Sarcoplasmic calcium-binding protein, beta chain
16 kDa calcium-binding protein
Calcium-binding protein SPEC 2A
Calcium-binding protein SPEC 2C
Calcium-binding protein SPEC 2D
Calcium-binding protein SPEC 1A
Spermatogenesis-associated protein 21
Protein SSP120
TBC1 domain family member 9
TBC1 domain family member 8B
Trichohyalin-like protein 1
Troponin C, isotype alpha
Troponin C, isoform 1
Troponin C, skeletal muscle
Troponin C, isotype gamma
Troponin C, isoform 2A
Troponin C, body wall muscle
Troponin C, isoform 2
Troponin C, isoform 3
Troponin C, isoform 2B
Troponin C, slow skeletal and cardiac muscles
Visinin-like protein 1
Recoverin family protein DDB_G0274781
