Eukaryotic translation initiation factor 4E-binding protein 1
ATP-binding cassette sub-family F member 1
Altered inheritance of mitochondria protein 23, mitochondrial
Protein argonaute-2
GTP-binding protein cgp-1
Clustered mitochondria protein homolog
Probable ATP-dependent RNA helicase ddx3
ATP-dependent RNA helicase bel
ATP-dependent RNA helicase DDX3Y
Probable ATP-dependent RNA helicase ddx5
ATP-dependent RNA helicase DED1
Putative ATP-dependent RNA helicase Pl10
ATP-dependent RNA helicase DDX3X
ATP-dependent RNA helicase DBP1
ATP-dependent RNA helicase ded1
Translation initiation factor eIF-2B subunit beta
Translation initiation factor eIF-2B subunit delta
Translation initiation factor eIF-2B subunit epsilon
Eukaryotic translation initiation factor 3 subunit H-B
Eukaryotic translation initiation factor 3 subunit B
Eukaryotic translation initiation factor 3 subunit C
Eukaryotic translation initiation factor 3 subunit D
Eukaryotic translation initiation factor 3 subunit E
Eukaryotic translation initiation factor 3 subunit G
Eukaryotic translation initiation factor 3 subunit I
Eukaryotic translation initiation factor 3 subunit J
Eukaryotic translation initiation factor 3 subunit L
Eukaryotic translation initiation factor 3 subunit M
Translation initiation factor eIF-2B subunit alpha
Translation initiation factor eIF-2B subunit gamma
Eukaryotic translation initiation factor 3 subunit E-B
Eukaryotic translation initiation factor 3 subunit A
Eukaryotic translation initiation factor 3 subunit H
Eukaryotic translation initiation factor 3 subunit K
Eukaryotic translation initiation factor 3 subunit D-1
Eukaryotic translation initiation factor 3 subunit E-A
Eukaryotic translation initiation factor 3 subunit F
Eukaryotic translation initiation factor 3 subunit G-B
Eukaryotic translation initiation factor 3 subunit C-like protein
Eukaryotic translation initiation factor 3 subunit G-A
Eukaryotic translation initiation factor 2A
Eukaryotic translation initiation factor 3 subunit D-2
Methionyl-tRNA formyltransferase
Methionyl-tRNA formyltransferase, mitochondrial
GTP-binding protein 1
GTP-binding protein 2
Eukaryotic translation initiation factor 2 subunit 1
Translation initiation factor IF-1
Translation initiation factor IF-2
Eukaryotic initiation factor 4A-II
Putative eukaryotic initiation factor 4A-2
Eukaryotic initiation factor 4A
Eukaryotic translation initiation factor 4E-1A
Eukaryotic translation initiation factor 2 subunit 3
Eukaryotic translation initiation factor 5B
ATP-dependent RNA helicase eIF4A
Eukaryotic translation initiation factor 4B
Eukaryotic translation initiation factor 5A-2
Eukaryotic translation initiation factor 4E
Eukaryotic translation initiation factor 5
Eukaryotic translation initiation factor 2 subunit alpha
Eukaryotic initiation factor 4A-I
Eukaryotic initiation factor 4A-III
Eukaryotic translation initiation factor 2 subunit 2
Translation initiation factor IF-3
Eukaryotic initiation factor 4F subunit p150
Eukaryotic translation initiation factor 1A, X-chromosomal
Eukaryotic translation initiation factor 2 subunit 3, X-linked
Eukaryotic translation initiation factor 2 subunit gamma
Eukaryotic initiation factor 4F subunit p130
Eukaryotic translation initiation factor 5A-1
Translation initiation factor IF-2, mitochondrial
Eukaryotic translation initiation factor 6
La-related protein 1
Methylthioribose-1-phosphate isomerase
Polyadenylate-binding protein-interacting protein 1
Polyadenylate-binding protein 1
Polyadenylate-binding protein 6
Protein argonaute PNH1
Protein PET122, mitochondrial
DEAD-box ATP-dependent RNA helicase 52A
Protein RMD9, mitochondrial
40S ribosomal protein S24
Protein SIS1
Serine/threonine-protein kinase TOR1
