Probable oxidoreductase AIM17
ATPase family AAA domain-containing protein 3
Mitochondrial chaperone BCS1
Putative cytochrome c heme lyase
Clustered mitochondria protein homolog
Cytochrome c oxidase assembly protein COX16, mitochondrial
Cytochrome c oxidase assembly protein cox16, mitochondrial
Mitochondrial division protein fszA
Mitochondrial division protein fszB
Transmembrane GTPase fzo1
Mitochondrial distribution and morphology protein 32
MDM10-complementing protein 1
ABC1 family protein MCP2
Mitochondrial distribution and morphology protein 31
Mitochondrial distribution and morphology protein 36
Mitochondrial F-box protein MFB1
Dynamin-like GTPase MGM1, mitochondrial
Protein msp1, mitochondrial
Protein misato homolog 1
DNA mismatch repair protein MSH1, mitochondrial
Mitochondrial fission regulator 1
Mitochondrial fission regulator 2
Beta-glucosidase-like protein NCA3, mitochondrial
Sensitive to high expression protein 9, mitochondrial
Transmembrane protein 11, mitochondrial
Transmembrane protein 11-A, mitochondrial
Transmembrane protein 11-B, mitochondrial
Transmembrane protein 11 homolog, mitochondrial
ATP-dependent zinc metalloprotease YME1 homolog
ATP-dependent zinc metalloprotease YME1L1
