60 kDa chaperonin 1
60 kDa chaperonin 2
60 kDa chaperonin 3
60 kDa chaperonin 4
60 kDa chaperonin 5
60 kDa chaperonin 6
60 kDa heat shock protein, mitochondrial
60 kDa chaperonin
Chaperonin CPN60, mitochondrial
60 kDa chaperonin, cyanelle
60 kDa chaperonin, chloroplastic
Chaperonin HSP60, mitochondrial
Chaperonin CPN60-2, mitochondrial
Hydrogenosomal chaperonin HSP60
Chaperonin CPN60-1, mitochondrial
60 kDa chaperonin 7
63 kDa chaperonin, mitochondrial
ATP-dependent clpX-like chaperone, mitochondrial
Chaperonin 60 subunit beta 3, chloroplastic
Chaperonin 60 subunit beta 4, chloroplastic
Chaperonin 60 subunit beta 2, chloroplastic
Chaperonin 60 subunit alpha 2, chloroplastic
FKBP-type peptidyl-prolyl cis-trans isomerase FkpA
Molecular chaperone Hsp31 and glyoxalase 3
Heat shock protein 60, mitochondrial
RuBisCO large subunit-binding protein subunit alpha, chloroplastic
RuBisCO large subunit-binding protein subunit beta-2
RuBisCO large subunit-binding protein subunit beta, chloroplastic
FKBP-type peptidyl-prolyl cis-trans isomerase SlyD
