Cytochrome P450 86A22
Baeyer-Villiger monooxygenase
2-methylbutanal oxime monooxygenase
11-oxo-beta-amyrin 30-oxidase
Geraniol 8-hydroxylase
Hexahomomethionine N-hydroxylase
Baeyer-Villiger monooxygenase 4
Farnesoate epoxidase
Methyl farnesoate epoxidase
Oryzalexin E synthase
Cytochrome P450 84A4
1,8-cineole 2-endo-monooxygenase
Cytochrome P-450 monooxygenase DoxA
Aklavinone 12-hydroxylase DnrF
Aklavinone 12-hydroxylase RdmE
Erythromycin C-12 hydroxylase
Protein MioC
Putative methionine synthase reductase
NADPH-dependent diflavin oxidoreductase 1
NADPH--cytochrome P450 reductase
Neopentalenolactone D synthase
