Lysine-sensitive aspartokinase 3
4-hydroxy-tetrahydrodipicolinate synthase 1
4-hydroxy-tetrahydrodipicolinate synthase 1, chloroplastic
4-hydroxy-tetrahydrodipicolinate synthase 2, chloroplastic
Meso-diaminopimelate D-dehydrogenase
2,3,4,5-tetrahydropyridine-2,6-dicarboxylate N-succinyltransferase
4-hydroxy-tetrahydrodipicolinate synthase
N-acetyldiaminopimelate deacetylase
Diaminopimelate epimerase
Diaminopimelate decarboxylase 2, chloroplastic
Probable 4-hydroxy-tetrahydrodipicolinate reductase 2, chloroplastic
Diaminopimelate decarboxylase 1, chloroplastic
4-hydroxy-tetrahydrodipicolinate synthase 2
4-hydroxy-tetrahydrodipicolinate synthase, chloroplastic
Probable 4-hydroxy-tetrahydrodipicolinate reductase 1, chloroplastic
Diaminopimelate epimerase 2
Probable diaminopimelate decarboxylase, chloroplastic
4-hydroxy-tetrahydrodipicolinate reductase 1, chloroplastic
Diaminopimelate epimerase, chloroplastic
Diaminopimelate epimerase 1
4-hydroxy-tetrahydrodipicolinate reductase 2, chloroplastic
Glyceraldehyde-3-phosphate dehydrogenase 2
Glyceraldehyde-3-phosphate dehydrogenase 1
Protein TabB
Protein TabA
