LETM1 and EF-hand domain-containing protein anon-60Da, mitochondrial
Acid-sensing ion channel 1
Acid-sensing ion channel 5
Degenerin-like protein asic-1
Degenerin mec-4
Degenerin mec-10
Melibiose carrier protein
Sodium/calcium exchanger 1
Sodium/calcium exchanger 2
Sodium/potassium/calcium exchanger 6, mitochondrial
Polycystic kidney disease 2-like 1 protein
Sodium-dependent neutral amino acid transporter B(0)AT2
Amiloride-sensitive sodium channel subunit alpha
Amiloride-sensitive sodium channel subunit beta
Amiloride-sensitive sodium channel subunit beta-2
Amiloride-sensitive sodium channel subunit gamma
Solute carrier family 28 member 3
Amiloride-sensitive sodium channel subunit gamma-2
Protein Shroom2
Transmembrane channel-like protein 1
Inner membrane protein YrbG
