Magnesium-protoporphyrin IX monomethyl ester  cyclase 1
Aerobic magnesium-protoporphyrin IX monomethyl ester  cyclase
Magnesium-protoporphyrin IX monomethyl ester  cyclase
Magnesium-protoporphyrin IX monomethyl ester  cyclase 2
Magnesium-protoporphyrin IX monomethyl ester  cyclase 3
Magnesium-chelatase subunit H
Magnesium-chelatase 67 kDa subunit
Chlorophyllide reductase subunit Z
Magnesium-chelatase 38 kDa subunit
Bacteriochlorophyll synthase 23 kDa chain
Chlorophyllide reductase 35.5 kDa chain
Magnesium-chelatase 60 kDa subunit
Anaerobic magnesium-protoporphyrin IX monomethyl ester  cyclase
Bacteriochlorophyll synthase 44.5 kDa chain
Light-independent protochlorophyllide reductase iron-sulfur ATP-binding protein
Magnesium-chelatase 30 kDa subunit
Cytochrome c-555
Magnesium-protoporphyrin O-methyltransferase
Geranylgeranyl diphosphate reductase
Cytochrome c-553-like
Cytochrome b6/f complex 12.6 kDa peptide
Light-independent protochlorophyllide reductase subunit B
Magnesium-chelatase subunit ChlD, chloroplastic
Magnesium-chelatase subunit ChlI
Magnesium-chelatase subunit ChlI, chloroplastic
Magnesium-chelatase subunit ChlD
Magnesium-chelatase subunit ChlH, chloroplastic
Magnesium-protoporphyrin IX monomethyl ester  cyclase, chloroplastic
Spheroidene monooxygenase
Hydroxyneurosporene desaturase
Demethylspheroidene O-methyltransferase
Magnesium-protoporphyrin IX monomethyl ester  cyclase 2, chloroplastic
Magnesium-protoporphyrin IX monomethyl ester  cyclase 1, chloroplastic
Geranylgeranyl diphosphate synthase
Chlorosome protein J
Cytochrome c2 iso-1
Cytochrome c2
Cytochrome c6
Cytochrome f
Cytochrome c6, chloroplastic
Chlorosome protein I
Cytochrome c2 iso-2
Ferredoxin--NADP reductase, chloroplastic
Ferredoxin--NADP reductase, leaf isozyme, chloroplastic
Ferredoxin--NADP reductase, root isozyme, chloroplastic
Ferredoxin--NADP reductase, embryo isozyme, chloroplastic
Ferredoxin--NADP reductase, cyanelle
Ferredoxin--NADP reductase, root isozyme 1, chloroplastic
Ferredoxin--NADP reductase, leaf-type isozyme, chloroplastic
Ferredoxin--NADP reductase, root-type isozyme, chloroplastic
Ferredoxin--NADP reductase, root isozyme 2, chloroplastic
Ferredoxin-thioredoxin reductase, catalytic chain
Ferredoxin-thioredoxin reductase, variable chain
Ferredoxin-thioredoxin reductase, variable chain, chloroplastic
Heme oxygenase 1
Heme oxygenase 2
Heme oxygenase 1, chloroplastic
Heme oxygenase 4, chloroplastic
Heme oxygenase 3, chloroplastic
Probable inactive heme oxygenase 2, chloroplastic
Heme oxygenase
Isopentenyl-diphosphate Delta-isomerase I
Isopentenyl-diphosphate Delta-isomerase II
Isopentenyl-diphosphate Delta-isomerase II, chloroplastic
Probable adenylate kinase 5, chloroplastic
Cytochrome b6-f complex subunit 5
Cytochrome b6-f complex subunit 6
Cytochrome b6-f complex subunit 7
Cytochrome b6-f complex subunit 8
Cytochrome b6-f complex subunit 8, chloroplastic
Pyrophosphate--fructose 6-phosphate 1-phosphotransferase subunit alpha 2
Pyrophosphate--fructose 6-phosphate 1-phosphotransferase subunit beta 2
P840 reaction center 17 kDa protein
PsbF-like protein
Protein PufQ
Protein pufQ
Protein SenC
Hydroxyneurosporene dehydrogenase
Photosystem I assembly protein Ycf3
