Probable 4-amino-4-deoxy-L-arabinose-phosphoundecaprenol flippase subunit ArnE
Probable 4-amino-4-deoxy-L-arabinose-phosphoundecaprenol flippase subunit ArnF
Probable metabolite transport protein CsbC
Sugar transporter ERD6-like 11
Putative sugar transporter ERD6-like 13
Sugar transporter ERD6-like 16
Sugar transporter ERD6-like 10
Sugar transporter ERD6-like 14
Sugar transporter ERD6-like 18
Sugar transporter ERD6-like 15
Sugar transporter ERD6-like 12
Sugar transporter ERD6-like 17
Sugar transporter ERD6-like 2
Sugar transporter ERD6-like 5
Sugar transporter ERD6-like 3
Sugar transporter ERD6-like 8
Sugar transporter ERD6-like 9
Sugar transporter ERD6-like 1
Facilitated glucose transporter homolog
Facilitated glucose transporter protein 1
High-affinity hexose transporter ght4
Glucose transport protein
Glucose facilitated diffusion protein
Solute carrier family 2, facilitated glucose transporter member 10
Solute carrier family 2, facilitated glucose transporter member 12
Membrane transporter D1
Solute carrier family 2, facilitated glucose transporter member 7
Glucose transporter type 1
Solute carrier family 2, facilitated glucose transporter member 8
Membrane transporter D2
Solute carrier family 2, facilitated glucose transporter member 2
Solute carrier family 2, facilitated glucose transporter member 9
Solute carrier family 2, facilitated glucose transporter member 4
High-affinity glucose transporter
Putative hexose transporter 12
Low-affinity glucose transporter HXT4
Glucose transporter HT1
Major myo-inositol transporter IolT
Myo-inositol transporter 1
Hexose transporter 2
Maltose permease MAL61
Macrolide export protein MacA
Alpha-glucosides permease MPH3
Monosaccharide-sensing protein 3
Proton myo-inositol cotransporter
Poly-beta-1,6-N-acetyl-D-glucosamine export protein
Probable plastidic glucose transporter 2
Plastidic glucose transporter 4
Probable plastidic glucose transporter 1
Probable transport protein
Probable quinate permease
Quinate permease
Low-affinity glucose transporter
Probable glucose transporter rco-3
High-affinity glucose transporter RGT2
High-affinity glucose transporter SNF3
Glucose transporter 1B/1C/1D/1F/2B
Glucose transporter 2C
Glucose transporter 1E
Glucose transporter 2A
Facilitated trehalose transporter Tret1-2 homolog
D-xylose-proton symporter-like 3, chloroplastic
2,3-diketo-L-gulonate TRAP transporter large permease protein YiaN
Putative metabolite transport protein YfiG
Putative metabolite transport protein YncC
Putative metabolite transport protein YwtG
