Apoptosis-inducing factor 2
Anti-tumor lectin
BCL2/adenovirus E1B 19 kDa protein-interacting protein 3
Cell death protein 4
Complement component C6
Cytotoxic T-lymphocyte protein 4
Diablo homolog, mitochondrial
Protein FAM72A
Inositol hexakisphosphate kinase 2
Metacaspase-1
NEDD8
Rotenone-insensitive NADH-ubiquinone oxidoreductase, mitochondrial
Oxidative stress-induced growth inhibitor 1
Programmed cell death protein 1
Pleckstrin homology-like domain family A member 1
Pleckstrin homology-like domain family A member 3
Paraneoplastic antigen Ma2
Paraneoplastic antigen Ma1
Paraneoplastic antigen-like protein 5
Pyrin domain-containing protein 2-like protein POP4
Protein TEX261
