Acyl carrier protein 4, chloroplastic
Protein ASPARTIC PROTEASE IN GUARD CELL 1
Endochitinase CHI
Chaperonin 60 subunit beta 1, chloroplastic
Putative cysteine-rich receptor-like protein kinase 9
Alpha-dioxygenase 1
Protein EDS1
EG45-like domain containing protein 2
pEARLI1-like lipid transfer protein 1
Probable flavin-containing monooxygenase 1
GDSL esterase/lipase 1
GDSL esterase/lipase At1g29660
GDSL esterase/lipase At3g05180
Glycerol-3-phosphate dehydrogenase , chloroplastic
Glycerol-3-phosphate dehydrogenase  2, chloroplastic
Isochorismate synthase 1, chloroplastic
Lectin-like protein At5g03350
Methylesterase 1
Methylesterase 9
Methylesterase 7
Regulatory protein NPR3
Regulatory protein NPR4
Nuclear pore complex protein NUP88
Pathogenesis-related protein 1
Dolichyl-diphosphooligosaccharide--protein glycosyltransferase subunit STT3A
