Endo-beta-1,6-galactanase
Alpha-galactosidase A
Alkaline ceramidase
Fatty aldehyde dehydrogenase
Arylsulfatase I
Protein ARV1
Acid ceramidase
Arylsulfatase B
Arylsulfatase E
Arylsulfatase H
Arylsulfatase D
Arylsulfatase F
Arylsulfatase J
Arylsulfatase K
Inositol phosphorylceramide synthase
Beta-galactosidase
Sphingolipid C9-methyltransferase
Sphingolipid C9-methyltransferase 1
Non-lysosomal glucosylceramidase
Collagen type IV alpha-3-binding protein
Sphingolipid C9-methyltransferase 2
Ceramide kinase
Ceramide glucosyltransferase
Ceramide kinase 1
Ceramide-1-phosphate transfer protein
Ceramide phosphoethanolamine synthase
Sphingolipid delta(4)-desaturase DES1
Fatty acid 2-hydroxylase
Cytosolic beta-glucosidase
Galactosylceramide sulfotransferase
Galactocerebrosidase
Putative glucosylceramidase 3
Glucosylceramidase
Putative glucosylceramidase 1
Glycolipid transfer protein
Putative glucosylceramidase 4
Putative glucosylceramidase 2
Endo-1,6-beta-D-glucanase BGN16.3
Beta-hexosaminidase subunit beta
Beta-hexosaminidase subunit alpha
Casein kinase I isoform gamma-2
3-ketodihydrosphingosine reductase
Serine palmitoyltransferase 2
Sphingoid long chain base kinase 4
Long chain base biosynthesis protein 1b
Sphingoid long chain base kinase 5
Long chain base biosynthesis protein 1a
Long chain base biosynthesis protein 2d
Long chain base biosynthesis protein 2b
Long chain base biosynthesis protein 1c
Long chain base biosynthesis protein 2a
Long chain base biosynthesis protein 2c
Hydroperoxide isomerase ALOXE3
Arachidonate 12-lipoxygenase, 12R-type
Neutral ceramidase
Sialidase-1
Endo-1,6-beta-D-glucanase neg1
Sialidase-2
Endo-1,6-beta-D-glucanase
Sialidase-4
Sialidase-3
Phospholipid phosphatase 2
Phospholipid phosphatase 1
Lysosomal protective protein
Pulmonary surfactant-associated protein B
Saposin-B-Val
Saposin-C
Ganglioside GM2 activator
Serine incorporator 1
Serine incorporator 2
Serine incorporator 3
Serine incorporator 5
Prosaposin
Sphingosine-1-phosphate lyase
Alpha-N-acetylneuraminide alpha-2,8-sialyltransferase
Delta 8-(E)-sphingolipid desaturase
Delta(8)-fatty-acid desaturase
Phosphatidylethanolamine:ceramide ethanolaminephosphotransferase
Serine palmitoyltransferase small subunit B
Sphingosine kinase A
Serine palmitoyltransferase 1
Phosphatidylinositol:ceramide inositolphosphotransferase
Sphingosine kinase 1
Serine palmitoyltransferase small subunit A-B
Sphingosine kinase 2
Sphingosine kinase B
Serine palmitoyltransferase small subunit A
Serine palmitoyltransferase 3
Serine palmitoyltransferase small subunit A-A
Sulfatase-modifying factor 1
Testis-expressed sequence 2 protein
3-ketodihydrosphingosine reductase TSC10
3-ketodihydrosphingosine reductase gsl-3
Vesicle-associated membrane protein-associated protein B/C
Golgi apyrase
