2S seed storage protein 5
Putative calcium-transporting ATPase 7, plasma membrane-type
ADP-ribosylation factor GTPase-activating protein AGD10
Probable ADP-ribosylation factor GTPase-activating protein AGD13
BURP domain-containing protein 13
Protein GAMETE EXPRESSED 1
Probable DNA helicase MCM8
Magnesium transporter MRS2-2
Magnesium transporter MRS2-6, mitochondrial
Kinesin-like protein NACK1
Origin of replication complex subunit 6
Putative auxin efflux carrier component 5
Putative auxin efflux carrier component 8
Plant intracellular Ras-group-related LRR protein 9
Plant intracellular Ras-group-related LRR protein 1
FHA domain-containing protein PS1
Protein RAFTIN 1A
Protein RAFTIN 1B
D-3-phosphoglycerate dehydrogenase 1, chloroplastic
Sister chromatid cohesion 1 protein 3
DExH-box ATP-dependent RNA helicase DExH16, mitochondrial
Protein TPLATE
Bifunctional UDP-glucose 4-epimerase and UDP-xylose 4-epimerase 3
UDP-galactose/UDP-glucose transporter 3
UDP-galactose/UDP-glucose transporter 1
