Cell division control protein 2 homolog 3
Cell division control protein 2 homolog 1
Cell division control protein 2 homolog 2
Cyclin-dependent kinase 17
Cyclin-dependent kinase 18
Cyclin-dependent kinase C-1
Cyclin-dependent kinase C-3
Cyclin-dependent kinase A-1
Cyclin-dependent kinase G-1
Cyclin-dependent kinase G-2
Cyclin-dependent kinase A-2
Cyclin-dependent kinase F-4
Cyclin-dependent kinase 10
Cyclin-dependent kinase 4
Cyclin-dependent kinase 5 homolog
Putative cyclin-dependent kinase F-2
Cyclin-dependent kinase C-2
Cyclin-dependent kinase B1-1
Serine/threonine-protein kinase MHK
Negative regulator of the PHO system
Probable cyclin-dependent serine/threonine-protein kinase DDB_G0292550
Putative cyclin-dependent serine/threonine-protein kinase DDB_G0272797/DDB_G0274007
Probable serine/threonine-protein kinase DDB_G0268078
