ADP-ribose pyrophosphatase
Acylphosphatase
Calnexin
Calreticulin
Probable F-actin-capping protein subunit beta
10 kDa chaperonin
Chaperone protein ClpB 1
Chaperone protein ClpB 2
Chaperone protein ClpB4, mitochondrial
ATP-dependent Clp protease adapter protein ClpS
Chaperone protein ClpB2, chloroplastic
Chaperone protein ClpB3, chloroplastic
Dolichyl-diphosphooligosaccharide--protein glycosyltransferase subunit DAD1
m7GpppX diphosphatase
DnaJ protein homolog 1
Chaperone protein dnaJ 2
DnaJ homolog subfamily A member 2
Chaperone protein DnaK
DnaJ homolog subfamily A member 1 homolog
DnaJ protein homolog
Chaperone protein DnaJ
DnaJ protein ERDJ3A
Disulfide bond formation protein B
DnaJ homolog subfamily A member 1
DnaJ protein homolog 2
DnaJ protein homolog ANJ1
Ethanolamine utilization protein EutD
ATP-dependent zinc metalloprotease FTSH 11, chloroplastic/mitochondrial
ATP-dependent zinc metalloprotease FTSH 9, chloroplastic/mitochondrial
Serine/threonine-protein phosphatase 1 regulatory subunit GAC1
Protein GrpE
Monothiol glutaredoxin-S17
High frequency lysogenization protein HflD
Modulator of FtsH protease HflK
Modulator of FtsH protease HflC
Heat shock protein 90-3
Heat shock protein HSP 90-alpha
16.9 kDa class I heat shock protein 3
17.9 kDa class I heat shock protein
Heat shock-related 70 kDa protein 2
Heat shock protein beta-1
Heat shock protein HspQ
16.6 kDa heat shock protein
21.9 kDa heat shock protein
26.2 kDa heat shock protein, mitochondrial
Heat shock cognate 70 kDa protein
17.4 kDa class I heat shock protein
22.0 kDa heat shock protein
Major heat shock 70 kDa protein Ab
Heat shock protein beta-7
26.7 kDa heat shock protein, chloroplastic
ATP-dependent protease ATPase subunit HslU
Heat shock 70 kDa protein 4
Heat shock 70 kDa protein 18
23.6 kDa heat shock protein, mitochondrial
Heat shock 70 kDa protein 14
16.9 kDa class I heat shock protein 1
17.8 kDa heat shock protein
18.6 kDa class III heat shock protein
Protein HEAT-STRESS-ASSOCIATED 32
33 kDa chaperonin
18.0 kDa class II heat shock protein
16.9 kDa class I heat shock protein 2
17.6 kDa class II heat shock protein
Heat shock protein HslJ
Chaperone protein HtpG
Small heat shock protein IbpA
Creatine kinase M-type
Isoprene synthase, chloroplastic
Pyruvate kinase I
D-lactate dehydrogenase
Sphingolipid long chain base-responsive protein LSP1
Mitogen-activated protein kinase kinase kinase
Mitochondrial protein import protein mas5
DnaJ homolog 1, mitochondrial
Cyclic pyranopterin monophosphate synthase
DNA mismatch repair protein MSH1, mitochondrial
NAP1-binding protein 2
Myosin-6
Protein phosphatase 2C 56
PLASMODESMATA CALLOSE-BINDING PROTEIN 2
Poly(ADP-ribose) glycohydrolase
Serine/threonine-protein phosphatase Pgam5, mitochondrial
Phosphoinositide-interacting protein
Polyribonucleotide nucleotidyltransferase
Sphingolipid long chain base-responsive protein PIL1
Nicotinate phosphoribosyltransferase
Serine/threonine-protein phosphatase 7
Phage shock protein A
Transient receptor potential channel pyrexia
DEAD-box ATP-dependent RNA helicase 38
Phosphoserine phosphatase RsbX
Small glutamine-rich tetratricopeptide repeat-containing protein 2
NAD-dependent protein deacetylase sir-2.4
F-box protein 7
Alkanesulfonate monooxygenase
Stress-induced-phosphoprotein 1
Small ubiquitin-related modifier 1
TPD1 protein homolog 1
THO complex subunit 6
THO complex subunit 5
Protein Turandot B
Protein Turandot M
THO complex protein 7
Protein Turandot E
Protein Turandot F
Protein tumorous imaginal discs, mitochondrial
Protein Turandot B1
Protein Turandot B2
Transient receptor potential cation channel subfamily V member 2
L(+)-tartrate dehydratase subunit beta
GTP-binding protein TypA/BipA
Protein EXPORTIN 1A
Cell wall integrity and stress response component 4
Inner membrane protein YebS
UPF0721 transmembrane protein YfcA
