Protein chibby homolog 1
Pre-mRNA-splicing factor CWC22 homolog
Probable ATP-dependent RNA helicase DDX46
E1A-binding protein p400
Protein Simiate
Protein FRIGIDA
Pyrin and HIN domain-containing protein 1
Probable N6-adenosine-methyltransferase MT-A70-like
Protein PAT1 homolog 1
Pre-mRNA-processing factor 40 homolog B
Pre-mRNA-splicing factor 18
Sodium channel modifier 1
THO complex subunit 5 homolog A
THO complex subunit 7 homolog
THO complex subunit 5 homolog B
THO complex subunit 2
THO complex subunit 3
THO complex subunit 6 homolog
THO complex subunit 5 homolog
Female-specific protein transformer
