ATP-dependent protease subunit ClpQ
ATP-dependent protease subunit HslV
Proteasome subunit beta type-6-B like protein
Proteasome subunit beta type-6-A like protein
Proteasome subunit alpha type-1
Proteasome subunit alpha type-2-A
Proteasome subunit alpha type-3
Proteasome subunit alpha type-5
Proteasome subunit alpha type-6
Proteasome subunit alpha type-7
Proteasome subunit beta type-11
Probable proteasome subunit beta type-1
Proteasome subunit beta 1
Proteasome subunit beta type-1
Proteasome subunit beta type-2
Proteasome subunit beta 2
Proteasome subunit beta type-3-B
Probable proteasome subunit beta type-4
Proteasome subunit beta type-4
Proteasome subunit beta type-5
Proteasome subunit beta type-6
Proteasome subunit beta type-7-B
Probable proteasome subunit beta type-7
Proteasome subunit beta type-7
Proteasome subunit beta type-8
Proteasome subunit beta type-9
Proteasome subunit alpha type-2
Probable proteasome subunit alpha type-2
Proteasome subunit alpha type-4
Proteasome subunit alpha type-7-1B
Probable proteasome subunit alpha type-7
Proteasome subunit alpha
Proteasome subunit beta type-10
Proteasome subunit beta type-2-B
Proteasome subunit beta type-3
Probable proteasome subunit beta type-6
Proteasome subunit alpha type-1-B
Proteasome subunit alpha 1
Probable proteasome subunit alpha type-6
Proteasome subunit beta type-1-B
Probable proteasome subunit beta type-2
Probable proteasome subunit beta type-3
Proteasome subunit alpha type-7-1
Proteasome subunit beta type-5-A
Probable proteasome subunit beta type-5
Proteasome subunit beta type-7-A
Probable proteasome subunit alpha type-1
Probable proteasome subunit alpha type-3
Proteasome subunit alpha type-4-like
Probable proteasome subunit alpha type-5
Proteasome subunit alpha type-6-B
Probable proteasome subunit alpha type-4
Proteasome subunit alpha type-5-B
Proteasome subunit alpha type-7-like
Proteasome subunit beta type-1-A
Proteasome subunit alpha type-7-1A
Proteasome subunit alpha type-7-A
Proteasome subunit alpha type-1-A
Proteasome subunit alpha 2
Proteasome subunit beta type-5-B
Proteasome subunit beta
Threonine aspartase 1
Putative threonine aspartase
Probable threonine protease PRSS50
