Probable protein ABIL4
Protein ABIL1
Protein ABIL2
Probable protein ABIL5
Actin-like protein 7B
Probable protein ABIL1
Probable protein ABIL3
Putative protein ABIL2
Protein ABIL4
Actin-100
Actin-2
Actin, cytoplasmic
Actin B
Actin, alpha skeletal muscle 2
Actin-3, muscle-specific
Actin-54
Actin, cytoplasmic A4
Actin-5
Actin-66
Actin-71
Actin-75
Actin-82
Actin, acrosomal process isoform
Actin, cytoplasmic 3
Actin, alpha cardiac muscle 1
Actin, gamma-enteric smooth muscle
Actin-like protein 9
Actin, muscle
Actin, alpha skeletal muscle A
Actin-1
Actin-58
Actin, adductor muscle
Actin-binding protein
Actin, indirect flight muscle
Actin CyI, cytoplasmic
Actin-46
Actin-15B
Actin-A3b, cytoplasmic
Actin-3
Actin, alpha sarcomeric/skeletal
Actin-65
Putative actin-5
Actin, cytoplasmic 2
Actin, cytoskeletal
Actin, non-muscle 6.2
Actin-101
Actin, cytoskeletal 1
Actin, macronuclear
Actin, muscle 2/4/4A
Actin, muscle-type
Actin, cytoplasmic A3a
Actin-105
Actin-5, muscle-specific
Actin-93
Actin-6
Actin, plasmodial isoform
Actin, cytoskeletal 1B
Actin, alpha skeletal muscle
Actin, alpha anomalous
Actin-15A
Actin-2, muscle-specific
Actin-51
Actin-53
Actin, clone 302
Actin, cytoskeletal 3
Actin-104
Actin, cytoplasmic type 8
Actin, alpha cardiac
Actin, spherule isoform
Actin, cytoskeletal 3A
Actin, larval muscle-type
Actin-related protein T2
Actin-11
Actin-1/2
Actin-41
Actin, clone 211
Actin, clone 403
Actin, cytoskeletal 4
Actin-103
Actin-7
Actin, nonmuscle
Actin, gamma
Adducin-related protein C1289.14
Actin-85C
Actin-97
Actin-1/4
Actin, muscle 1A
Putative actin-9
Actin, cytoplasmic 1
Actin, cytoskeletal 2B
Actin, cytoskeletal 3B
Actin-related protein T1
Actin, clone 205
Actin, muscle-type A1
Actin-42
Actin A
Actin, muscle-type A2
Actin, cytoskeletal 2
Actin, cytoplasmic A3
Actin-52
Actin, alpha skeletal muscle 3
Actin-5C
Actin-79
Actin, cytoskeletal 1A
Actin, cytoskeletal 2A
Actin-related protein 3
Bridging integrator 3 homolog
Probable protein BRICK1
Probable protein BRICK1-A
Probable protein BRICK1-B
Caltractin ICL1f
Caltractin ICL1c
Caltractin ICL1a
Caltractin ICL1d
Caltractin ICL1b
Caltractin ICL1e
Cilia- and flagella-associated protein 46
Cilia- and flagella-associated protein 54
Cilia- and flagella-associated protein 74
Coiled-coil domain-containing protein 6
Coronin-1B
Calponin-2
Alpha-catulin
Cortexillin-1
Cortexillin-2
Dynactin subunit 5
Dynein regulatory complex protein 1
Band 4.1-like protein 4
Protein FAM161A
Ermin
Fimbrin-2
Fimbrin-4
Filamin-A-interacting protein 1
Filamin-B
FERM domain-containing protein 8
FERM and PDZ domain-containing protein 2
FERM domain-containing protein 1
FERM and PDZ domain-containing protein 3
Putative FERM domain-containing protein FRMD8P1
FERM domain-containing protein B
FERM domain-containing protein C
Gelsolin
Gelsolin, cytoplasmic
Gelsolin-like protein 1
Gelsolin-like protein 2
Antigen GM6
Ring canal kelch homolog
Cilia- and flagella-associated protein 221
Cilia- and flagella-associated protein 221 homolog
Pleckstrin homology domain-containing family H member 1
POC1 centriolar protein homolog A
Profilin-10
Profilin-2
Profilin-3
Profilin-1
Profilin-4
Profilin-5
Profilin-8
Profilin-P
Profilin-6
Profilin-9
Profilin LP04
Profilin-11
Phostensin
Profilin-1B
Profilin-A
Profilin-7
Profilin-12
Radial spoke protein 14
Flagellar radial spoke protein 1
RVS161-like protein RVS162
Flagellar radial spoke protein 2
Radial spoke head protein 9 homolog
Scar-like domain-containing protein WAVE 5
SCAR-like protein 1
Septin-10
Septin-14
Septin-8
SCAR-like protein 2
Septin-4
Septin-9
Sperm flagellar protein 1
Cytoskeletal protein Sojo
Spectrin alpha chain, non-erythrocytic 1
Tubulin-specific chaperone E
Talin-A
Thymosin beta-15A
Thymosin beta-15B
Thymosin beta-15A homolog
Tubulin-specific chaperone cofactor E-like protein
Trichoplein keratin filament-binding protein
Tensin
Tropomyosin alpha-1 chain
Tropomyosin beta chain
Tropomyosin alpha-3 chain
Tropomyosin-like protein
Thymosin beta-10
Thymosin beta-12
Thymosin beta-4
Thymosin beta-a
Thymosin beta-11
Thymosin beta-b
Villin-1
Villin-5
Villin-4
Villin-2
WD repeat-containing protein 1
