Alpha-1-antiproteinase F
Alpha-1-antitrypsin 1-2
Alpha-1-antitrypsin 1-4
Putative alpha-1-antitrypsin-related protein
Alpha-1-antitrypsin
Alpha-1-antiproteinase
Alpha-1-macroglobulin
Alpha-2-macroglobulin homolog
Alpha-1-antichymotrypsin
Alpha-1-antiproteinase S
Alpha-1-antitrypsin 1-3
Alpha-1-antitrypsin 1-6
Alpha-1-inhibitor 3
Antichymotrypsin-1
Antichymotrypsin-2
Napin-like polypeptide
Alpha-2-antiplasmin
Alpha-2-macroglobulin
Alpha-2-macroglobulin-like protein 1
Alpha-1-antiproteinase 1
Alpha-1-antitrypsin 1-1
Alpha-1-antitrypsin 1-5
Alpha-1-antitrypsin homolog
Amyloid beta A4 protein
Alpha-1-antiproteinase 4
Antitrypsin
Alpha-1-antiproteinase 2
Alpha-1-antiproteinase 3
Antifungal protein
Alpha-1-antitrypsin-like protein CM55-ST
Serum albumin
Alpha-1-antitrypsin-like protein CM55-SI
Major allergen Ani s 1
Antithrombin-III
Alpha-1-antitrypsin-like protein CM55-MS
Chymotrypsin inhibitor
Antistasin
Alpha-1-antitrypsin-like protein GS55-LT
Alpha-1-antitrypsin-like protein CM55-MM
Alpha-1-antitrypsin-like protein GS55-MS
Protease inhibitor
Ghilanten
Hirustasin
Aspartic protease inhibitor 10
Serine protease inhibitor 1
Serine protease inhibitor 3
Serine protease inhibitor 2
Trypsin/subtilisin inhibitor
Kunitz-type serine protease inhibitor A
Boophilin-G2
Kunitz-type serine protease inhibitor BbKI
Spleen trypsin inhibitor I
Bdellastasin
Kunitz-type serine protease inhibitor 4
Kunitz-type serine protease inhibitor D
Glu S.griseus protease inhibitor
Kunitz-type serine protease inhibitor 3
Kunitz-type serine protease inhibitor 2
Pancreatic trypsin inhibitor
Kunitz-type serine protease inhibitor 6
Boophilin-H2
Serpin-Z7
Proteinase inhibitor CeKI
Collagen alpha-1(VII) chain
Collagen alpha-3(VI) chain
Collagen alpha-1(XXVIII) chain
Cysteine-rich motor neuron 1 protein
C3 and PZP-like alpha-2-macroglobulin domain-containing protein 8
Carboxypeptidase Y inhibitor
Conglutin-7
Cysteine protease inhibitor 2
Protease inhibitor carrapatin
Pacifastin-like protease inhibitor cvp4
Cytin chain B
Trypsin inhibitor
Cytin chain A
Defensin-like protein 193
Serine protease inhibitor dipetalogastin
Defensin-like protein 195
Disagregin
Ecotin
Kunitz-type serine protease inhibitor DrTI
Elafin
Early lactation protein
Eppin
Enhancer of split M1 protein
Factor XIIa inhibitor
Fungal protease inhibitor-1
Fungal protease inhibitor F
Glia-derived nexin
Guamerin
Heparin cofactor 2
Hirudin-3A
Hirudin-3B'
Hirudin variant-1
Hirullin-P18
Hirudin-2A
Hirudin-2'
Hirudin-3B
Hirudin-3A'
Hordoindoline-B1
Hirudin-1A
Hirudin-P6
Hirudin-2
Hibernation-specific plasma protein HP-55
Hordoindoline-B2
Hirudin-2B
Hirudin-3
Hirudin-HM1
Hirudin-PA
Hirudin-HM2
Hirudin variant-2
Serpin-like protein HMSD
Alpha-amylase/trypsin inhibitor
Acrosin inhibitor 1
Trypsin/alpha-amylase inhibitor CMX1/CMX3
Inter-alpha-trypsin inhibitor
Bowman-Birk type proteinase inhibitor A-II
Bowman-Birk type trypsin inhibitor
Bowman-Birk type proteinase inhibitor PVI-4
Bowman-Birk type bran trypsin inhibitor
Plasma protease C1 inhibitor
Chymotrypsin/elastase isoinhibitors 2 to 5
Subtilisin inhibitor 1
Subtilisin-chymotrypsin inhibitor-2B
Wound-induced proteinase inhibitor 1
Subtilisin inhibitor
Chymotrypsin inhibitor WCI
Minor histocompatibility protein HMSD variant form
Hemolymph trypsin inhibitor B
Alpha-amylase inhibitor 0.28
Alpha-amylase/trypsin inhibitor CMd
Endogenous alpha-amylase/subtilisin inhibitor
Alpha-amylase/trypsin inhibitor CM17
Sperm-associated acrosin inhibitor
Bowman-Birk type proteinase inhibitor 1
Bowman-Birk type proteinase inhibitors I-A, I-B, and I-A'
Bowman-Birk type major trypsin inhibitor
Bowman-Birk type trypsin inhibitor 3
Seed trypsin/chymotrypsin inhibitor IVA
Bowman-Birk type proteinase inhibitor D-II
Bowman-Birk type proteinase inhibitor
Horsegram inhibitor 1
Proteinase inhibitor
Serum basic protease inhibitor
Trypsin inhibitor DE-3
PI-actitoxin-Avd5a
Ethylene-responsive proteinase inhibitor 1
Protease inhibitor HPI
Hemolymph trypsin inhibitor A
Alpha-amylase/trypsin inhibitor CM2
Alpha-amylase/trypsin inhibitor CM16
Bowman-birk type proteinase inhibitor
Seed trypsin/chymotrypsin inhibitor TI5-72
Bowman-Birk type proteinase inhibitor II-4
Bowman-Birk type proteinase inhibitor 4
Bowman-Birk type wound-induced proteinase inhibitor WIP1
Colostrum trypsin inhibitor
Bromelain inhibitor
Proteinase inhibitor 1
Subtilisin inhibitor CLSI-II
Subtilisin-chymotrypsin inhibitor CI-1C
Elastase inhibitor AFUEI
Alpha-amylase inhibitor 4
Alpha-amylase/trypsin inhibitor CMa
Alpha-amylase/trypsin inhibitor CM3
Trypsin inhibitor CMe
Alpha-amylase/subtilisin inhibitor
Chymotrypsin/elastase isoinhibitor 1
Subtilisin-chymotrypsin inhibitor-2A
Trypsin inhibitor DE5 alpha chain
Trypsin inhibitor CMc
Bowman-Birk type proteinase inhibitor I-2B
Bowman-Birk type proteinase inhibitor 2
Bowman-Birk type proteinase inhibitor PVI-3(2)
Subtilisin-chymotrypsin inhibitor CI-1A
Subtilisin inhibitor CLSI-I
Trypsin inhibitor DE5 beta chain
Elastase inhibitor 4
Leukocyte elastase inhibitor
Alpha-amylase inhibitor 0.53
Alpha-amylase/trypsin inhibitor CMb
Bowman-Birk type proteinase inhibitor B-II
Bowman-Birk type proteinase inhibitor 3
Bowman-Birk type proteinase inhibitor DE-4
Seed trypsin/chymotrypsin inhibitor IVB
Bowman-Birk type proteinase inhibitor C-II
Bowman-Birk type wound-induced trypsin inhibitor
Bdellin B-3
Subtilisin-chymotrypsin inhibitor CI-1B
Eglin C
Chymotrypsin inhibitor 3
Chymotrypsin inhibitor ECI
Kunitz-type elastase inhibitor BrEI
Leukocyte elastase inhibitor A
Alpha-amylase inhibitor WDAI-3
Alpha-amylase inhibitor 5
Alpha-amylase/trypsin inhibitor CM1
Seminal plasma acrosin inhibitor A1
Trypsin/alpha-amylase inhibitor CMX2
Bowman-Birk type trypsin inhibitor TI1
Bowman-birk type proteinase inhibitor 2
Bowman-Birk type proteinase inhibitor DE-3
Bowman-Birk type seed trypsin and chymotrypsin inhibitor
Subtilisin-chymotrypsin inhibitor WSCI
Kunitz-type trypsin inhibitor beta chain
Kunitz-type trypsin inhibitor alpha chain
Elastase inhibitor AFLEI
Insulin-like growth factor-binding protein-related protein 1
Ovomucoid
Proteinase inhibitor type-2 TR8
Intracellular proteinase inhibitor
Alpha-amylase inhibitor 0.19
Chelonianin
Chymotrypsin inhibitor I, A, B and C subunits
Factor Xa inhibitor BuXI
Leukocyte elastase inhibitor C
Proteinase inhibitor A
Double-headed protease inhibitor, submandibular gland
Chymotrypsin inhibitor SCI-III
Serine protease inhibitor Kazal-type 7
Serine protease inhibitor Kazal-type 8
Kunitz-type serine protease inhibitor SOTI
Leukocyte elastase inhibitor B
Male accessory gland serine protease inhibitor
Proteinase inhibitor PSI-1.1
Wound-induced proteinase inhibitor 2
Proteinase inhibitor type-2 CM7
Proteinase inhibitor I-A
Protease inhibitor 2
Proteinase inhibitor B
Serine protease inhibitor Kazal-type 10
Serine protease inhibitor Kazal-type 14
Serine protease inhibitor Kazal-type 4
Serine protease inhibitor Kazal-type 6
Inducible serine protease inhibitor 3
Proteinase inhibitor IIB
Proteinase inhibitor type-2
Proteinase inhibitor I-B
Serine protease inhibitor Kazal-type 12
Probable pancreatic secretory proteinase inhibitor
Serine protease inhibitor Kazal-type 1
Serine protease inhibitor Kazal-type 2
Trypsin inhibitor 1B
Inter-alpha-trypsin inhibitor heavy chain H3
Inter-alpha-trypsin inhibitor heavy chain H4
Inter-alpha-trypsin inhibitor heavy chain H6
Ovoinhibitor
Proteinase inhibitor PSI-1.2
Proteinase inhibitor type-2 CEVI57
Protease B inhibitor 1
Serine protease inhibitor Kazal-type 13
Serine protease inhibitor Kazal-type 9
Trypsin inhibitor 2b
Trypsin inhibitor 3
Stephenin-3
Blackelin-5
Chymotrypsin-elastase inhibitor ixodidin
Proteinase inhibitor type-2 P303.51
Chymotrypsin inhibitor SCI-II
Serine protease inhibitor Kazal-type 1-like
Pancreatic secretory trypsin inhibitor
Inducible serine protease inhibitor 2
Trypsin inhibitor 2
Inter-alpha-trypsin inhibitor heavy chain H1
Inter-alpha-trypsin inhibitor heavy chain H2
Trypsin inhibitor 4
Trypsin inhibitor B chain
Trypsin inhibitor AeTI
Blackelin-4
Proteinase inhibitor PTI
Proteinase inhibitor IIA
Proteinase inhibitor type-2 K
Serine protease inhibitor Kazal-type 5
Trypsin inhibitor MCI-3
Inter alpha-trypsin inhibitor, heavy chain 4
Trypsin inhibitor 1
Trypsin inhibitor 2c
Trypsin inhibitor B
Tigerin-4
Chymotrypsin inhibitor SCI-I
Isoinhibitor K
Serine protease inhibitor Kazal-type 11
Trypsin inhibitor 5
Trypsin inhibitor 6
Trypsin inhibitor A
Kunitz-type trypsin inhibitor BrTI
BPTI/Kunitz domain-containing protein 2
Inducible serine protease inhibitor 1
Inter-alpha-trypsin inhibitor heavy chain H5
Trypsin inhibitor 7
Trypsin/factor XIIA inhibitor
Kunitz/BPTI-like toxin
Anosmin-1
BPTI/Kunitz domain-containing protein 1
Trypsin inhibitor 1A
Trypsin/chymotrypsin inhibitor
Inhibitor of trypsin and hageman factor
Trypsin inhibitor A chain
Scutellin-5
BPTI/Kunitz domain-containing protein 5
Trypsin inhibitor BvTI
Kallistatin
BPTI/Kunitz domain-containing protein 4
BPTI/Kunitz domain-containing protein 3
Dibasic-processing endoprotease
Kunitz-type trypsin inhibitor KTI2
Kunitz-type serine protease inhibitor 1
Protease inhibitors
Leech-derived tryptase inhibitor C
Kunitz-type trypsin inhibitor KTI1
Bark lectin isoform 1
Bark lectin isoform 2
Latex serine proteinase inhibitor
Marinostatin-L
Four-domain proteases inhibitor
Murinoglobulin-1
Murinoglobulin-2
Neuroserpin
Ovostatin
Ornithodorin
Ovostatin homolog 2
Plasminogen activator inhibitor 1
Ovostatin homolog 1
Plasminogen activator inhibitor 2
Ovalbumin
Ovostatin homolog
Papain inhibitor
Phosphatidylethanolamine-binding protein 1
Pigment epithelium-derived factor
Phosphatidylethanolamine-binding protein 2
Carboxypeptidase inhibitor SmCI
Serine proteinase inhibitor IA-1
Piguamerin
Kunitz-type trypsin inhibitor-like 1 protein
Serine proteinase inhibitor IA-2
Panulirin-1
Kunitz-type trypsin inhibitor-like 2 protein
Panulirin-2
Potamin-1
Puroindoline-B
Pregnancy zone protein
Reversion-inducing cysteine-rich protein with Kazal motifs
Serpin H1
Serine protease inhibitor I/II
Antileukoproteinase
Alaserpin
Probable serpin E3
Serpin E3
Serine proteinase inhibitor A3K
Serine protease inhibitor A3K
Serpin A9
Serpin B10
Serpin B12
Serpin B7
Serpin A11
Serpin A12
Serpin A3-4
Serpin A3-7
Serine protease inhibitor A3G
Serine protease inhibitor A3L
Serine protease inhibitor A3M
Serine protease inhibitor A3N
Serpin B5
Serpin B6
Serpin B8
Serine protease inhibitor 8
Serpin A3-3
Serine proteinase inhibitor 1
Serine proteinase inhibitor 2.4
Putative serpin-Z12
Serpin-Z1
Putative serpin-Z8
Serpin-ZXB
Putative serpin A13
Serpin A3-2
Serine protease inhibitor A3A
Serpin B13
Serine protease inhibitor Cvsi-2
Serpin I2
Kunitz-type protease inhibitor 3
Serine protease inhibitor
Serpin-Z2
Putative serpin-Z6A
Serpin-ZXA
Protease inhibitor SIL-V3
Protease inhibitor SIL-V1/SIL-V4
Serpin A3-1
Serpin A3-8
Serine protease inhibitor A3F
Serine protease inhibitor 1 protein
Serpin-Z1B
Serpin-Z2B
Serpin-Z4
Putative serine protease inhibitor SAV_2156
Serpin A3-5
Serine protease inhibitor A3C
Serpin B11
Probable serine proteinase inhibitor 1
Serine protease inhibitor 2.1
Serine protease inhibitor 3/4
Kunitz-type protease inhibitor 1
Kunitz-type protease inhibitor 2
Serpin-Z1A
Serpin-Z6B
Subtilisin inhibitor-like protein 12
Kexstatin-1
Trypsin inhibitor STI2
Subtilase-type protease inhibitor
Heterochromatin-associated protein MENT
Serpin B4
Serpin B9
Kunitz-type protease inhibitor 4
Serine proteinase inhibitor
Putative serpin-Z6C
Subtilisin inhibitor-like protein 1
Probable subtilase-type protease inhibitor
Alkaline protease inhibitor 2C'
Protease inhibitor SIL-V5
Serpin A3-6
Serine protease inhibitor A3B
Serine protease inhibitor Cvsi-1
Serine protease inhibitor kazal-like protein, minor form
Serpin-Z10
Serpin-Z1C
Serpin-Z2A
Serpin-Z3
Putative serpin-Z5
Transglutaminase-activating metalloprotease inhibitor
Subtilisin inhibitor-like protein 5
Greglin
Subtilisin inhibitor-like protein 8
Subtilisin inhibitor-like protein 7
Protease inhibitor SIL-V2
Subtilisin inhibitor-like protein 3
Plasminostreptin
Subtilisin inhibitor-like protein 15
Subtilisin inhibitor-like protein 2
Subtilisin inhibitor-like protein 4
Tissue factor pathway inhibitor
Tissue factor pathway inhibitor 2
Tick anticoagulant peptide
Therostasin
Thrombin inhibitor rhodniin
Kunitz-type serine protease inhibitor RsTIS5
Trophoblast Kunitz domain protein 1
Kunitz-type serine protease inhibitor RsTIQ7
Theromin
Kunitz-type serine protease inhibitor RsTIQ2
Trypsin inhibitor HSTI
Triabin
Turripeptide Ici9.1
Turripeptide Gsg9.2
Turripeptide Pal9.2
U14-ctenitoxin-Pn1a
Turripeptide OL11-like
Turripeptide Gli9.1
Turripeptide Lol9.1
Turripeptide Ici9.2
Turripeptide Gsp9.3
Uteroferrin-associated basic protein 2
Turmerin
Tsetse thrombin inhibitor
Vitelline membrane protein 15a-2
Variegin
Uteroferrin-associated protein
Kunitz-type serine protease inhibitor kunitoxin-Phi1
Kunitz-type serine protease inhibitor textilinin-1
Kunitz-type serine protease inhibitor hainantoxin F7-25.66
PI-actitoxin-Axm2b
Kunitz-type serine protease inhibitor nigrescinin-2
Kunitz-type serine protease inhibitor tigerin-2
Kunitz-type serine protease inhibitor cvp2
Kunitz-type serine protease inhibitor scutellin-4
KappaPI-actitoxin-Avd3e
Kunitz-type serine protease inhibitor nigrescinin-5
Kunitz-type serine protease inhibitor B1
Kunitz-type serine protease inhibitor B5
Kunitz-type serine protease inhibitor C3
Kunitz-type U15-theraphotoxin-Hhn1e
Kunitz-type U15-theraphotoxin-Hhn1f
Kunitz-type U15-theraphotoxin-Hs1c
Kunitz-type serine protease inhibitor homolog dendrotoxin I
Kunitz-type serine protease inhibitor homolog beta-bungarotoxin B4 chain
Kunitz-type U15-theraphotoxin-Hhn1j
Kunitz-type serine protease inhibitor DrKIn-II
Kunitz-type serine protease inhibitor OMI
Kunitz-type serine protease inhibitor bicolin
Uterine plasmin/trypsin inhibitor
Uterine milk protein
Vitelline membrane protein 15a-1
Kunitz-type serine protease inhibitor Hg1
Kunitz-type serine protease inhibitor 161
Kunitz-type kappaPI-theraphotoxin-Hs1a
Kunitz-type serine protease inhibitor vestiginin-1
Kunitz-type serine protease inhibitor tigerin-1
Kunitz-type U19-barytoxin-Tl1a
Kunitz-type serine protease inhibitor LmKTT-1a
Kunitz-type U15-theraphotoxin-Hs1e
Kunitz-type kappaPI-theraphotoxin-Hs1c
KappaPI-actitoxin-Avd3c
Kunitz-type serine protease inhibitor superbin-2
Kunitz-type serine protease inhibitor stephenin-2
Kunitz-type proteinase inhibitor AEPI-III
Kunitz-type serine protease inhibitor mulgin-3
Kunitz-type serine protease inhibitor mulgin-4
Protease inhibitor 4
Kunitz-type serine protease inhibitor 5
Kunitz-type serine protease inhibitor microlepidin-5
Kunitz-type U15-theraphotoxin-Hs1a
U-actitoxin-Avd3j
Kunitz-type serine protease inhibitor textilinin-7
U-actitoxin-Avd3l
Kunitz-type neurotoxin MitTx-alpha
Kunitz-type serine protease inhibitor B3
Kunitz-type serine protease inhibitor B6
Kunitz-type serine protease inhibitor C1
U-actitoxin-Avd3o
U-actitoxin-Avd3q
Kunitz-type serine protease inhibitor dendrotoxin E
Kunitz-type serine protease inhibitor G1
Kunitz-type serine protease inhibitor homolog beta-bungarotoxin BF B2 chain
Kunitz-type serine protease inhibitor homolog beta-bungarotoxin B6 chain
Kunitz-type serine protease inhibitor homolog dendrotoxin B
PI-actitoxin-Afv2a
Venom peptide SjAPI-2
Venom peptide CtAPI
Kunitz-type serine protease inhibitor BmKTT-3
Kunitz-type serine protease inhibitor conotoxin Cal9.1d
PI-actitoxin-Axm2a
Kunitz-type serine protease inhibitor bitisilin-1
Kunitz-type serine protease inhibitor scutellin-1
Kunitz-type serine protease inhibitor LmKTT-1c
Kunitz-type serine protease inhibitor 28
Kunitz-type serine protease inhibitor PILP-2
Kunitz-type serine protease inhibitor bitisilin-2
Tau-stichotoxin-Hcr2c
Kunitz serine protease inhibitor Pr-mulgin 2
PI-actitoxin-Aeq3a
Kunitz-type serine protease inhibitor superbin-3
Tau-stichotoxin-Hcr2d
Kunitz-type serine protease inhibitor nigrescinin-4
Kunitz-type serine protease inhibitor microlepidin-4
Kunitz-type serine protease inhibitor textilinin-4
Kunitz-type serine protease inhibitor HNTX-852
U-actitoxin-Avd3h
U-actitoxin-Avd3i
Kunitz-type serine protease inhibitor HCRG2
Kunitz-type serine protease inhibitor HNTX-0109076
Kunitz-type U15-theraphotoxin-Hhn1a
U-actitoxin-Avd3p
Kunitz-type U15-theraphotoxin-Hhn1g
Kunitz-type U15-theraphotoxin-Hs1b
Kunitz-type serine protease inhibitor homolog beta-bungarotoxin B1 chain, major component
Kunitz-type U15-theraphotoxin-Hhn1h
Kunitz-type serine protease inhibitor homolog beta-bungarotoxin B3 chain
Kunitz-type serine protease inhibitor homolog beta-bungarotoxin B2b chain
Kunitz-type serine protease inhibitor homolog alpha-dendrotoxin
PI-actitoxin-Afv2b
Kunitz-type serine protease inhibitor C10
Kunitz-type serine protease inhibitor dendrotoxin DaE1
Kunitz-type serine protease inhibitor 18
Kunitz-type serine protease inhibitor conotoxin Cal9.1a
Kunitz-type serine protease inhibitor PILP-1
Kunitz-type U1-aranetoxin-Av1a
Kunitz-type serine protease inhibitor microlepidin-1
Kunitz-type serine protease inhibitor kunitoxin-Tel1
Kunitz-type U15-theraphotoxin-Hhn1b
Venom peptide SjAPI
WAP four-disulfide core domain protein 10A
WAP four-disulfide core domain protein 12
WAP four-disulfide core domain protein 2
WAP four-disulfide core domain protein 3
WAP four-disulfide core domain protein 5
WAP, Kazal, immunoglobulin, Kunitz and NTR domain-containing protein 2
Kunitz-type U15-theraphotoxin-Hs1d
Kunitz-type serine protease inhibitor conotoxin Cal9.1b
KappaPI-actitoxin-Avd3b
Kunitz-type serine protease inhibitor superbin-1
Kunitz-type serine protease inhibitor nigrescinin-1
Tau-stichotoxin-Hcr2b
Kunitz serine protease inhibitor Pr-mulgin 1
PI-stichotoxin-She2a
Protease inhibitor 1
Kunitz-type serine protease inhibitor LmKTT-1b
Kunitz-type serine protease inhibitor vestiginin-2
Kunitz-type serine protease inhibitor mulgin-2
PI-stichotoxin-She2b
Kunitz-type serine protease inhibitor blackelin-3
KappaPI-stichotoxin-Shd2a
Kunitz-type serine protease inhibitor superbin-4
Kunitz-type kappaPI-theraphotoxin-Hs1e
Kunitz-type serine protease inhibitor mulgin-5
Kunitz-type serine protease inhibitor nigrescinin-6
Kunitz-type serine protease inhibitor 87
Kunitz-type serine protease inhibitor IX
Kunitz-type U15-theraphotoxin-Hhn1c
Kunitz-type serine protease inhibitor C6
Kunitz-type serine protease inhibitor C9
Kunitz-type U15-theraphotoxin-Hhn1k
Kunitz-type U15-theraphotoxin-Hhn1n
Kunitz-type U15-theraphotoxin-Hhn1q
Kunitz-type conkunitzin-S1
Putative Kunitz-type serine protease inhibitor
Kunitz-type serine protease inhibitor Bt-KTI
PI-stichotoxin-Hcr2e
Kunitz-type serine protease inhibitor blackelin
Venom peptide BmKAPI
WAP four-disulfide core domain protein 6
WAP four-disulfide core domain protein 8
Kunitz-type kappaPI-theraphotoxin-Hs1b
Kunitz-type serine protease inhibitor HNTX-03141017
Kunitz-type serine protease inhibitor As-fr-19
U-actitoxin-Avd3f
Kunitz-type serine protease inhibitor conotoxin Cal9.1c
KappaPI-actitoxin-Ael3a
Kunitz-type serine protease inhibitor stephenin-1
Kunitz-type serine protease inhibitor carinatin-1
Kunitz-type serine protease inhibitor BmKTT-1
Kunitz-type serine protease inhibitor scutellin-2
Kunitz-type serine protease inhibitor carinatin-2
PI-actitoxin-Aeq3b
Kunitz-type serine protease inhibitor PILP-3
Kunitz-type serine protease inhibitor nigrescinin-3
Kunitz-type serine protease inhibitor microlepidin-3
Kunitz-type serine protease inhibitor vestiginin-4
Kunitz-type serine protease inhibitor B2
U-actitoxin-Avd3n
Kunitz-type serine protease inhibitor C
U-actitoxin-Avd3r
U-actitoxin-Avd3s
Kunitz-type serine protease inhibitor homolog calcicludine
Kunitz-type serine protease inhibitor homolog delta-dendrotoxin
Kunitz-type serine protease inhibitor DrKIn-I
Kunitz-type U15-theraphotoxin-Hhn1r
Kunitz-type serine protease inhibitor bungaruskunin
Kunitz-type serine protease inhibitor PIVL
Kunitz-type serine protease inhibitor taicotoxin
Kunitz-type serine protease inhibitor homolog beta-bungarotoxin B2a chain
Kunitz-type serine protease inhibitor blackelin-2
Kunitz-type serine protease inhibitor BmKTT-2
Kunitz-type U15-theraphotoxin-Hhn1d
KappaPI-actitoxin-Avd3d
Kunitz-type serine protease inhibitor bitisilin-3
Kunitz-type serine protease inhibitor scutellin-3
Kunitz-type serine protease inhibitor textilinin-3
Protease inhibitor 3
U-actitoxin-Avd3g
PI-stichotoxin-Hcr2a
KappaPI-actitoxin-Avd3a
Kunitz-type serine protease inhibitor HCRG1
Kunitz-type serine protease inhibitor textilinin-6
Kunitz-type serine protease inhibitor vestiginin-7
U-actitoxin-Avd3k
Kunitz-type conkunitzin-B1
Kunitz-type serine protease inhibitor B4
Kunitz-type serine protease inhibitor 7
Kunitz-type serine protease inhibitor C5
Kunitz-type serine protease inhibitor TCI
Kunitz-type serine protease inhibitor homolog beta-bungarotoxin BF B1 chain
Kunitz-type serine protease inhibitor homolog mulgin-1
Kunitz-type serine protease inhibitor homolog beta-bungarotoxin B2 chain
Kunitz-type serine protease inhibitor homolog beta-bungarotoxin B1 chain
Kunitz-type serine protease inhibitor long epsilon-dendrotoxin His55
Kunitz-type serine protease inhibitor homolog dendrotoxin K
Kunitz-type U15-theraphotoxin-Hhn1m
Kunitz-type U15-theraphotoxin-Hhn1p
Kunitz-type serine protease inhibitor long epsilon-dendrotoxin Arg55
Kunitz-type serine protease inhibitor Bi-KTI
Fused toxin protein
Kunitz-type serine protease inhibitor Vur-KIn
WAP four-disulfide core domain protein 13
WAP, Kazal, immunoglobulin, Kunitz and NTR domain-containing protein
Kunitz-type serine protease inhibitor microlepidin-2
Kunitz-type serine protease inhibitor textilinin-2
U15-Kunitz-type theraphotoxin-Hhn1b
Kunitz-type proteinase inhibitor AEPI-IV
Kunitz-type U15-theraphotoxin-Hs1g
PI-actitoxin-Aeq3c
Kunitz-type serine protease inhibitor vestiginin-3
Kunitz-type serine protease inhibitor tigerin-3
Kunitz serine protease inhibitor Pr-mulgin 3
Kunitz-type kappaPI-theraphotoxin-Hs1d
Kunitz-type U15-theraphotoxin-Hs1f
Kunitz-type serine protease inhibitor vestiginin-5
Kunitz-type serine protease inhibitor textilinin-5
U-actitoxin-Avd3m
Kunitz-type serine protease inhibitor C2
Kunitz-type serine protease inhibitor C4
Kunitz-type serine protease inhibitor C8
Kunitz-type serine protease inhibitor homolog beta-bungarotoxin B5 chain
Kunitz-type serine protease inhibitor homolog beta-bungarotoxin B5-B chain
Kunitz-type serine protease inhibitor homolog beta-bungarotoxin B chain
Kunitz-type U15-theraphotoxin-Hhn1i
Kunitz-type U15-theraphotoxin-Hhn1l
Kunitz-type U15-theraphotoxin-Hhn1o
Kunitz-type serine protease inhibitor
Kunitz-type serine protease inhibitor NACI
Kunitz-type serine protease inhibitor ki-VN
WAP four-disulfide core domain protein 6B
WAP four-disulfide core domain protein 6A
BPTI/Kunitz inhibitor domain-containing protein C02F12.5
Protein Z-dependent protease inhibitor
