Protein ARABIDILLO 2
Protein ARABIDILLO 1
Putative E3 ubiquitin-protein ligase protein PFF1365c
Protein crossbronx
Anaphase-promoting complex subunit 4
Apoptosis-resistant E3 ubiquitin protein ligase 1
Protein ASI1
Protein ASI3
Ankyrin repeat and SOCS box protein 4
BTB/POZ domain-containing adapter for CUL3-mediated RhoA degradation protein 1
BTB/POZ domain-containing adapter for CUL3-mediated RhoA degradation protein 2
BCL-6 corepressor
Negative regulator of mitosis
Baculoviral IAP repeat-containing protein 1b
Protein bimA
Baculoviral IAP repeat-containing protein 6
Baculoviral IAP repeat-containing protein 1
Baculoviral IAP repeat-containing protein 1f
Baculoviral IAP repeat-containing protein 1a
Baculoviral IAP repeat-containing protein 1e
Transforming protein cbl
Cell division cycle protein 23 homolog
E3 ubiquitin-protein ligase CHIP
Anaphase-promoting complex subunit 6
Constitutive photomorphogenesis protein 10
Cullin-3
Cullin-8
Cullin-1
DNA damage-binding protein 2
Denticleless protein homolog
Phytochrome A-associated F-box protein
DNA excision repair protein ERCC-8
F-box only protein 22
F-box/kelch-repeat protein At3g61590
F-box/WD repeat-containing protein 11
F-box only protein 24
F-box/WD repeat-containing protein A
F-box/WD repeat-containing protein 8
F-box only protein 7
F-box/LRR-repeat protein 7
Protein fem-1 homolog A
Protein fem-1 homolog B
F-box protein At1g47056
F-box only protein 3
F-box/LRR-repeat protein 2
F-box/LRR-repeat protein 3
Protein fem-1 homolog CG6966
F-box/LRR-repeat protein 16
Putative F-box/LRR-repeat protein 8
F-box only protein 4
F-box only protein 32
F-box only protein 10
F-box/LRR-repeat protein 6
F-box only protein 21
F-box only protein 25
F-box only protein 9
F-box/LRR-repeat protein 5
F-box/WD repeat-containing protein 2
F-box/LRR-repeat protein 14
F-box/LRR-repeat protein 15
Protein fem-1 homolog A-A
Protein fem-1 homolog A-B
F-box/LRR-repeat protein 21
GRR1-like protein 1
SCF E3 ubiquitin ligase complex F-box protein grrA
E3 ubiquitin-protein ligase HACE1
Histone H2A type 3
E3 ubiquitin-protein ligase HECTD3
Probable E3 ubiquitin-protein ligase HERC1
Probable E3 ubiquitin-protein ligase HERC4
Probable E3 ubiquitin-protein ligase HECTD2
Probable E3 ubiquitin-protein ligase HERC2
Putative HERC2-like protein 3
Probable E3 ubiquitin-protein ligase HUL4
E3 ubiquitin-protein ligase HUWE1
E3 ubiquitin-protein ligase ipaH9.8
E3 ubiquitin-protein ligase ipaH3
Probable E3 ubiquitin-protein ligase ipaH7.8
Probable E3 ubiquitin-protein ligase ipaH4.5
E3 ubiquitin-protein ligase Itchy
Interleukin-1 receptor-associated kinase 1
Kelch-like protein 20
Kelch-like protein 21
Kelch-like protein 9
Kelch-like protein 42
Kelch-like protein 13
Putative E3 ubiquitin-protein ligase LIN-1
Putative E3 ubiquitin-protein ligase LIN-2
Protein kinase C theta type
Putative E3 ubiquitin-protein ligase LIN
E3 ubiquitin-protein ligase LubX
Mucosa-associated lymphoid tissue lymphoma translocation protein 1
MAGE-like protein 2
Maternal DNA replication licensing factor mcm6
Mucosa-associated lymphoid tissue lymphoma translocation protein 1 homolog
Ubiquitin-conjugating enzyme variant MMS2
E3 ubiquitin-protein ligase NEDD4
NLR family CARD domain-containing protein 4
E3 ubiquitin-protein ligase NEDD4-like
E3 ubiquitin-protein ligase Nedd-4
Non-structural maintenance of chromosomes element 1 homolog
Paired box protein Pax-6
Protein PEROXIN-4
E3 ubiquitin-protein ligase pellino homolog 1
E3 ubiquitin-protein ligase pellino homolog 3
Peroxisomal biogenesis factor 2
Peptidyl-prolyl cis-trans isomerase-like 2
Pre-mRNA-processing factor 19
U-box domain-containing protein 17
U-box domain-containing protein 26
U-box domain-containing protein 32
U-box domain-containing protein 43
U-box domain-containing protein 48
U-box domain-containing protein 51
U-box domain-containing protein 4
U-box domain-containing protein 13
U-box domain-containing protein 27
U-box domain-containing protein 31
U-box domain-containing protein 35
U-box domain-containing protein 40
Putative U-box domain-containing protein 42
Putative U-box domain-containing protein 55
U-box domain-containing protein 57
U-box domain-containing protein 73
U-box domain-containing protein 15
U-box domain-containing protein 28
U-box domain-containing protein 34
U-box domain-containing protein 37
U-box domain-containing protein 44
U-box domain-containing protein 52
U-box domain-containing protein 11
U-box domain-containing protein 21
U-box domain-containing protein 25
U-box domain-containing protein 12
U-box domain-containing protein 14
U-box domain-containing protein 20
E3 ubiquitin-protein ligase PUB24
U-box domain-containing protein 29
U-box domain-containing protein 36
U-box domain-containing protein 41
Putative U-box domain-containing protein 47
Putative U-box domain-containing protein 50
Putative U-box domain-containing protein 53
U-box domain-containing protein 9
U-box domain-containing protein 10
E3 ubiquitin-protein ligase PUB23
U-box domain-containing protein 39
U-box domain-containing protein 45
U-box domain-containing protein 54
U-box domain-containing protein 62
U-box domain-containing protein 16
E3 ubiquitin-protein ligase PUB22
U-box domain-containing protein 33
U-box domain-containing protein 38
Putative U-box domain-containing protein 46
U-box domain-containing protein 56
Putative U-box domain-containing protein 58
U-box domain-containing protein 63
U-box domain-containing protein 7
Sporulation protein RMD5
Probable E3 ubiquitin-protein ligase hulA
E3 ubiquitin-protein ligase RSP5
S-phase kinase-associated protein 1
E3 ubiquitin-protein ligase SPL11
F-box protein SKP2A
E3 ubiquitin-protein ligase SMURF1
F-box protein SKIP2
E3 ubiquitin-protein ligase SopA
E3 ubiquitin-protein ligase SMURF2
Protein spotted leaf 11
E3 ubiquitin-protein ligase Smurf1
E3 ubiquitin-protein ligase SlrP
Bifunctional serine/threonine-protein kinase/NEDD4-like E3 ubiquitin-protein ligase
E3 ubiquitin-protein ligase sspH2
E3 ubiquitin-protein ligase SspH1
Protein TRANSPORT INHIBITOR RESPONSE 1
E3 ubiquitin-protein ligase TOM1
E3 ubiquitin-protein ligase TOM1-like
E3 ubiquitin-protein ligase TRIP12
Tetraspanin-17
Ubiquitin-conjugating enzyme E2 D2
Ubiquitin-conjugating enzyme E2 E1
Ubiquitin-conjugating enzyme E2 E3
Ubiquitin-conjugating enzyme E2 E2
Ubiquitin-conjugating enzyme E2 G2
Ubiquitin-conjugating enzyme E2 L3
NEDD8-conjugating enzyme Ubc12
Ubiquitin-conjugating enzyme E2 29
Ubiquitin-conjugating enzyme E2 4
Ubiquitin-conjugating enzyme E2 6
Ubiquitin-conjugating enzyme E2 B
Ubiquitin-conjugating enzyme E2 H
Ubiquitin-conjugating enzyme E2 D1
Ubiquitin-conjugating enzyme E2 D4
Ubiquitin-conjugating enzyme E2 G1
Ubiquitin-conjugating enzyme E2 Q2
Ubiquitin-conjugating enzyme E2 R2
Ubiquitin-conjugating enzyme E2 35
Ubiquitin-conjugating enzyme E2 C
Ubiquitin-conjugating enzyme E2 T
Ubiquitin-conjugating enzyme E2 D3
Ubiquitin-like modifier-activating enzyme 1
Ubiquitin-conjugating enzyme E2 10
Ubiquitin-conjugating enzyme 15
Ubiquitin-conjugating enzyme E2 2
Ubiquitin-conjugating enzyme E2 5B
Ubiquitin-conjugating enzyme E2-24 kDa
Ubiquitin conjugating enzyme E2 B
Ubiquitin-conjugating enzyme E2-17 kDa
Ubiquitin-conjugating enzyme E2 A
Ubiquitin-conjugating enzyme E2 N
(E3-independent) E2 ubiquitin-conjugating enzyme UBE2O
Ubiquitin-conjugating enzyme E2 W
Ubiquitin-protein ligase E3C
Ubiquitin-conjugating enzyme E2-18 kDa
Ubiquitin-conjugating enzyme E2-34 kDa
Ubiquitin-conjugating enzyme E2 5A
Ubiquitin-activating enzyme E1 1
Ubiquitin-protein ligase E3A
Protein UNUSUAL FLORAL ORGANS
Ubiquitin-conjugating enzyme E2 R1
Ubiquitin-conjugating enzyme E2 20
Ubiquitin-conjugating enzyme E2 7
(E3-independent) E2 ubiquitin-conjugating enzyme
Ubiquitin-conjugating enzyme E2 S
Ubiquitin-conjugating enzyme E2 D2B
Ubiquitin/ISG15-conjugating enzyme E2 L6
Probable ubiquitin-conjugating enzyme E2 W-A
Ubiquitin-conjugating enzyme E2 19
Ubiquitin-conjugating enzyme E2 30
Ubiquitin-conjugating enzyme E2 32
Ubiquitin-conjugating enzyme E2-21 kDa
E3 ubiquitin-protein ligase UPL1
E3 ubiquitin-protein ligase UPL5
Ubiquitin-like modifier-activating enzyme 1 Y
Ubiquitin-conjugating enzyme E2 11
Nedd8-conjugating enzyme Ubc12
Ubiquitin-conjugating enzyme E2 13
Ubiquitin-conjugating enzyme E2 34
Ubiquitin-conjugating enzyme E2-16 kDa
SUMO-conjugating enzyme UBC9
Probable ubiquitin-conjugating enzyme E2 W-B
Ubiquitin-like modifier-activating enzyme 7
Probable ubiquitin-conjugating enzyme protein 17
Ubiquitin-conjugating enzyme E2 22
Ubiquitin-conjugating enzyme E2 5
Ubiquitin-conjugating enzyme E2 8
Ubiquitin-conjugating enzyme E2-22 kDa
Ubiquitin-activating enzyme E1 2
Ubiquitin fusion degradation protein 4
E3 ubiquitin-protein ligase UPL3
WD repeat, SAM and U-box domain-containing protein 1
Von Hippel-Lindau disease tumor suppressor
NEDD4-like E3 ubiquitin-protein ligase WWP1
NEDD4-like E3 ubiquitin-protein ligase WWP2
Probable E3 ubiquitin-protein ligase NGR_a03640
Protein zer-1 homolog
Zyg eleven-related protein 1
Protein zyg-11 homolog B
E3 ubiquitin-protein ligase ZFP91
Protein zyg-11 homolog A
Early embryogenesis protein zyg-11
Protein zyg-11 homolog
Protein ZNF738
