Phosphopantetheine adenylyltransferase
Dephospho-CoA kinase domain-containing protein
Erythritol kinase
Fructosamine-3-kinase
Glucosamine kinase GspK
HMG domain-containing protein 3
Arginine kinase
2-dehydro-3-deoxygluconokinase
2-dehydro-3-deoxygluconokinase/2-dehydro-3-deoxygalactonokinase
Creatine kinase B-type
Ketosamine-3-kinase
ABC1 family protein MCP2 homolog
NEDD4-binding protein 2
Phosphoglycerate kinase
Phosphoglycerate kinase 1
Glucose 1,6-bisphosphate synthase
Phosphoglycerate kinase 2
Probable phosphoglycerate kinase
Phosphomevalonate kinase
Probable phosphomevalonate kinase
Phosphoribosylglycinamide formyltransferase 2
Lipopolysaccharide core heptose(II) kinase RfaY
Toll-interacting protein A
Toll-interacting protein B
Smr domain-containing protein C11H11.03c
ATP-dependent kinase YFH7
ABC1 family protein C21C3.03, mitochondrial
ABC1 family protein C10F6.14c
