Phloretin 2'-O-glucosyltransferase
Cyanidin 3-O-glucoside 7-O-glucosyltransferase
Anthocyanidin 3-O-glucoside 5-O-glucosyltransferase 2
Anthocyanidin 3-O-glucoside 5-O-glucosyltransferase 1
Chalcone 4'-O-glucosyltransferase
Anthocyanidin 3-O-glucoside 5-O-glucosyltransferase
UDP-glycosyltransferase 708A6
Cyanidin 3-O-glucoside 5-O-glucosyltransferase
Alpha-(1->3)-arabinofuranosyltransferase
Aclacinomycin-T 2-deoxy-L-fucose transferase
Aklavinone 7-beta-L-rhodosaminyltransferase
Dolichyl pyrophosphate Glc1Man9GlcNAc2 alpha-1,3-glucosyltransferase
Alpha-galactosylglucosyldiacylglycerol synthase
Alpha-monoglucosyldiacylglycerol synthase
Dolichyl pyrophosphate Man9GlcNAc2 alpha-1,3-glucosyltransferase
Probable dolichyl pyrophosphate Glc1Man9GlcNAc2 alpha-1,3-glucosyltransferase
Probable dolichyl pyrophosphate Man9GlcNAc2 alpha-1,3-glucosyltransferase
Abscisate beta-glucosyltransferase
Anthocyanidin 5,3-O-glucosyltransferase
Beta-monoglucosyldiacylglycerol synthase
Cellobionic acid phosphorylase
Chitin synthase-like protein 2
Zeaxanthin glucosyltransferase
TDP-daunosamine transferase DnrS
Anthocyanidin 3-O-glucoside 2''-O-glucosyltransferase
Elloramycin glycosyltransferase ElmGT
3-alpha-mycarosylerythronolide B desosaminyl transferase
Erythronolide mycarosyltransferase
Globoside alpha-1,3-N-acetylgalactosaminyltransferase 1
Glycosyltransferase 6 domain-containing protein 1
Alpha-1,4-glucan:maltose-1-phosphate maltosyltransferase
Alpha-1,4-glucan:maltose-1-phosphate maltosyltransferase 1
Crocetin glucosyltransferase 2
Inactive N-acetyllactosaminide alpha-1,3-galactosyltransferase
PGL/p-HBAD biosynthesis glycosyltransferase Rv2957
Crocetin glucosyltransferase 3
PGL/p-HBAD biosynthesis glycosyltransferase MT3034
PGL/p-HBAD biosynthesis glycosyltransferase MRA_2985
PGL/p-HBAD biosynthesis glycosyltransferase Rv2958c
GPI mannosyltransferase 1
Alpha-1,4-glucan:maltose-1-phosphate maltosyltransferase 2
Inactive PGL/p-HBAD biosynthesis glycosyltransferase BCG_2979c
Alpha-1,6-mannosylglycoprotein 6-beta-N-acetylglucosaminyltransferase
D-galactosyl-beta-1->4-L-rhamnose phosphorylase
Inactive PGL/p-HBAD biosynthesis glycosyltransferase Mb2982c
Glucosyl-3-phosphoglycerate synthase
Alpha-D-kanosaminyltransferase
2-deoxystreptamine glucosyltransferase
4-O-beta-D-mannosyl-D-glucose phosphorylase
Alpha-1,3-mannosyl-glycoprotein 4-beta-N-acetylglucosaminyltransferase-like protein MGAT4D
Mannosylglycerate synthase
Macrolide glycosyltransferase
Mannosylfructose-phosphate synthase
UDP-GlcNAc:ribostamycin N-acetylglucosaminyltransferase
2-deoxystreptamine N-acetyl-D-glucosaminyltransferase
Nodulation protein Z
Lethal(2)neighbour of Tid protein
L-demethylnoviosyl transferase
Lethal(2)neighbour of tid protein
Oleandomycin glycosyltransferase
Lethal(2)neighbour of tid protein 2
Glucans biosynthesis glucosyltransferase H
Processive diacylglycerol beta-glycosyltransferase
N,N'-diacetylbacillosaminyl-diphospho-undecaprenol alpha-1,3-N-acetylgalactosaminyltransferase
Polyprenol-phosphate-mannose-dependent alpha-(1-2)-phosphatidylinositol pentamannoside mannosyltransferase
GalNAc-alpha-(1->4)-GalNAc-alpha-(1->3)-diNAcBac-PP-undecaprenol alpha-1,4-N-acetyl-D-galactosaminyltransferase
Polyprenol-phosphate-mannose-dependent alpha-(1-2)-phosphatidylinositol mannoside mannosyltransferase
N-acetylgalactosamine-N,N'-diacetylbacillosaminyl-diphospho-undecaprenol 4-alpha-N-acetylgalactosaminyltransferase
4'-demethylrebeccamycin synthase
PGL/p-HBAD biosynthesis rhamnosyltransferase
Soyasaponin III rhamnosyltransferase
Soyasapogenol B glucuronide galactosyltransferase
Spore coat polysaccharide biosynthesis protein SpsG
Sucrose 6(F)-phosphate phosphorylase
UDP-glycosyltransferase 71E1
UDP-glycosyltransferase 72D1
UDP-glycosyltransferase 76C3
UDP-glycosyltransferase 76F1
UDP-glycosyltransferase 71A15
UDP-glycosyltransferase 85C1
UDP-glycosyltransferase 71K1
UDP-glycosyltransferase 74F1
UDP-glycosyltransferase 76E4
UDP-glycosyltransferase 79B5
UDP-glycosyltransferase 79B9
UDP-glycosyltransferase 79B10
UDP-glycosyltransferase 85A8
UDP-glycosyltransferase 86A2
UDP-glycosyltransferase 91C1
O-mycaminosyltylonolide 6-deoxyallosyltransferase
UDP-glycosyltransferase 73C3
UDP-glycosyltransferase 76C5
UDP-glycosyltransferase 76E7
UDP-glycosyltransferase 76F2
UDP-glycosyltransferase 88F4
UDP-glycosyltransferase 91B1
Tylactone mycaminosyltransferase
UDP-glycosyltransferase 72B2
UDP-glycosyltransferase 74G1
UDP-glycosyltransferase 76E5
UDP-glycosyltransferase 76G1
UDP-glycosyltransferase 79A2
UDP-glycosyltransferase 71A16
UDP-glycosyltransferase 79B11
UDP-glycosyltransferase 86A1
Ecdysteroid UDP-glucosyltransferase
UDP-glycosyltransferase 71K2
UDP-glycosyltransferase 79B3
UDP-glycosyltransferase 83A1
UDP-glycosyltransferase 90A2
Demethyllactenocin mycarosyltransferase
UDP-glycosyltransferase 72C1
UDP-glycosyltransferase 74E1
UDP-glycosyltransferase 76E9
UDP-glycosyltransferase 79B8
UDP-glycosyltransferase 90A1
UDP-glycosyltransferase 91D1
UDP-glycosyltransferase 92A1
Cyanidin-3-O-glucoside 2-O-glucuronosyltransferase
UDP-glycosyltransferase 73C4
UDP-glycosyltransferase 73E1
UDP-glycosyltransferase 74C1
UDP-glycosyltransferase 76E3
UDP-glycosyltransferase 76H1
UDP-glycosyltransferase 78D4
UDP-glycosyltransferase 79B4
UDP-glycosyltransferase 79B7
UDP-glycosyltransferase 82A1
UDP-glycosyltransferase 85C2
UDP-glycosyltransferase 87A1
UDP-glycosyltransferase 88B1
UDP-glycosyltransferase 88F5
UDP-glycosyltransferase 91A1
Baicalein 7-O-glucuronosyltransferase
Flavonoid 3-O-glucosyltransferase
Putative UDP-glucose glucosyltransferase
UDP-glycosyltransferase 71B7
UDP-glycosyltransferase 71D2
UDP-glycosyltransferase 76C4
UDP-glycosyltransferase 76E6
UDP-glycosyltransferase 79B2
UDP-glycosyltransferase 88F3
UDP-glycosyltransferase 89B2
UDP-glycosyltransferase 89C1
Crocetin glucosyltransferase, chloroplastic
Putative UDP-glucose flavonoid 3-O-glucosyltransferase 3
Beta-D-glucosyl crocetin beta-1,6-glucosyltransferase
O-antigen biosynthesis glycosyltransferase WbnI
Putative UDP-rhamnose:rhamnosyltransferase 1
UDP-N-acetyl-D-mannosaminuronic acid transferase
N-acetylglucosaminyl-diphospho-decaprenol L-rhamnosyltransferase
UDP-Gal:alpha-D-GlcNAc-diphosphoundecaprenol beta-1,4-galactosyltransferase
Rhamnosyltransferase WbbL
