Putative toxin Rv3098A/RVBD_3098A
AT-hook DNA-binding motif-containing protein 1
Ankyrin repeat domain-containing protein 61
Ankyrin repeat domain-containing protein 33B
Antirepressor protein 1
Putative HTH-type transcriptional regulator BadM
AT hook-containing protein attf-4
Coiled-coil domain-containing protein 71
Carbon dioxide concentrating mechanism protein CcmM
OriC-binding nucleoid-associated protein
Cruciform DNA-recognizing protein 1
Putative lambdoid prophage e14 transcriptional regulatory protein
DNA-binding protein MTH_1615
Late embryogenesis abundant protein EMB564
Essential recombination function protein
F-box only protein 21
Allergen Fus c 3
Histone H1-like protein HC1
Histone H1-like protein Hc1
Hepatoma-derived growth factor-related protein 2
Histone-like DNA-binding protein
Histone-like protein Hq1
Protein kilA
Protein KleD
Leucine-rich protein
Antitoxin MazE
Putative antitoxin MazE7
Myb-like protein V
Myb-like protein Z
Myb-like protein U
Myb-like protein T
Myb-like protein W
Myb-like protein Y
Nucleoid disruption protein
Protein ninH
Protein PDC2
Antitoxin PemI
Proline-rich protein 12
ATP-dependent RecD-like DNA helicase
DNA-binding protein RdgB
Protein rrf2
Repressor-like protein SSo7c4
Repressor-like protein SSo7c3
Sugar fermentation stimulation protein A
Protein ScvA
SOSS complex subunit B homolog
Sporulation regulatory protein
Single-stranded DNA binding protein Ssb
Tegument protein
Splenin
Thymopoietin-1
Thymopoietin-2
DNA-binding protein TRF1
Transfer protein TraSA
Antitoxin VapB2
Antitoxin VapB1
Putative antitoxin VapB2
Antitoxin VapB
Protein A2
Putative antitoxin VapB45
Gene 46 protein
Antitoxin VapB27
Mu-like prophage FluMu DNA circularization protein
Protein virC1
Antitoxin VapB40
DNA-binding protein TV0008
UPF0746 protein DDB_G0280787
DNA-binding protein PF1087
UPF0746 protein DDB_G0281095
UPF0746 protein DDB_G0280809
DNA-binding protein APE_1087b
DNA-binding protein HQ_1105A
DNA-binding protein Mevan_1162
Putative antitoxin VapB50
Phage-like element PBSX protein XkdB
UPF0746 protein DDB_G0281301
Putative HTH-type transcriptional regulator Mb1318
Probable excisionase
DNA-binding protein Ta0052
DNA-binding protein YN1551_1057
DNA-binding protein Mlab_1482
DNA-binding protein Mthe_1571
DNA-binding protein CENSYa_1764
DNA-binding protein PH1060
DNA-binding protein Mbur_0117
DNA-binding protein TK1278
DNA-binding protein YG5714_1868
DNA-binding protein M1627_1870
DNA-binding protein Memar_1972
DNA-binding protein TON_1102
DNA-binding protein TGAM_1196
Putative HTH-type transcriptional regulator MT1325
DNA-binding protein STK_13740
DNA-binding protein NEQ150
DNA-binding protein MMP0157
DNA-binding protein VNG_2008H
DNA-binding protein MmarC7_1157
DNA-binding protein Saci_1468
DNA-binding protein Pars_1791
DNA-binding protein LS215_1892
DNA-binding protein PTO0204
Putative HTH-type transcriptional regulator aq_268
DNA-binding protein PAE3044
Ftsk domain-containing protein CA_C3709
UPF0746 protein DDB_G0280785
Putative HTH-type transcriptional regulator Rv1287
DNA-binding protein MK1619
DNA-binding protein UNCMA_18240
DNA-binding protein rrnAC3180
Probable DNA helicase MPN_340
DNA-binding protein MmarC5_1518
DNA-binding protein M1425_1752
DNA-binding protein Mboo_1886
DNA-binding protein Pisl_0441
DNA-binding protein AF_2068
Putative DNA-binding protein Rv0500A
DNA-binding protein TSIB_0525
DNA-binding protein Tneu_1679
DNA-binding protein M164_1799
DNA-binding protein Mhun_3016
DNA-binding protein MA_4116
Putative HTH-type transcriptional regulator rrf2-like
Putative HTH-type transcriptional regulator slr0846
DNA-binding protein Maeo_0998
DNA-binding protein SSO0352
DNA-binding protein OE_3815R
DNA-binding protein MJ0691
DNA-binding protein DDB_G0278111
DNA-binding protein PYRAB09250
Putative DNA-binding protein MT0521
DNA-binding protein Mpal_0536
DNA-binding protein Msp_0595
DNA-binding protein MmarC6_0793
DNA-binding protein NP_4416A
DNA-binding protein Mbar_A0455
DNA-binding protein Tpen_0471
3'-5' exoribonuclease YhaM
Insertion element IS1296 uncharacterized 21.4 kDa protein
Insertion element IS986 uncharacterized 6.6 kDa protein
DNA-binding protein Msm_0708
DNA-binding protein MM_0803
Putative HTH-type transcriptional regulator YffB
Putative DNA-binding protein YizB
Putative KilA-N domain-containing protein L32
Modulating protein YmoA
Putative uncharacterized protein YifN
Putative uncharacterized protein YlbG
Insertion element IS630 uncharacterized 39 kDa protein
Putative KilA-N domain-containing protein L33
SPBc2 prophage-derived uncharacterized protein YopR
Putative ATP-dependent DNA helicase R568
SPBc2 prophage-derived putative antirepressor protein YoqD
Putative uncharacterized protein YtfA
Putative HTH-type transcriptional regulator YwgB
HMG box-containing protein R545
Putative DNA-binding protein YwzG
