Actin, alpha cardiac muscle 1
Actin, gamma-enteric smooth muscle
Protein AbrB
Actin, alpha cardiac muscle 2
Actin, aortic smooth muscle
Actin, alpha skeletal muscle B
Anterior gradient protein 2 homolog
CD166 antigen homolog A
Cytochrome P450 3A13
Probable N-acetyltransferase CML1
Cathelicidin-1
Gonadotropin subunit beta-1
Neural cell adhesion molecule L1.1
Leucine-rich repeat-containing protein 32
Protein mago nashi homolog
N-acetyltransferase 8
Putative N-acetyltransferase 8B
Protein NDH-DEPENDENT CYCLIC ELECTRON FLOW 5
N-acetyltransferase 8B
Phosphatidylinositol 4,5-bisphosphate 3-kinase catalytic subunit delta isoform
Somatotropin
Probable arginine--tRNA ligase, cytoplasmic
