2-hydroxymuconate tautomerase
Poly(beta-D-mannuronate) C5 epimerase 3
Poly(beta-D-mannuronate) C5 epimerase 5
Alginate lyase 7
Poly(beta-D-mannuronate) C5 epimerase 2
Poly(beta-D-mannuronate) C5 epimerase 4
Poly(beta-D-mannuronate) C5 epimerase 6
Broad specificity amino acid racemase
Poly(beta-D-mannuronate) C5 epimerase 1
5'-adenylylsulfate reductase-like 2
5'-adenylylsulfate reductase-like 3
Bloodstream-specific protein 2
D-tagatose 3-epimerase
Probable GDP-L-fucose synthase 1
Putative GDP-L-fucose synthase 2
GDP-L-fucose synthase 1
TDP-4-oxo-6-deoxy-alpha-D-glucose-3,4-oxoisomerase
Probable GDP-L-fucose synthase
Fortimicin KH epimerase
Dihydroneopterin triphosphate 2'-epimerase
Glucose-6-phosphate isomerase, cytosolic B
Glucose-6-phosphate isomerase, cytosolic A
D-galactarolactone isomerase
2,3-bisphosphoglycerate-dependent phosphoglycerate mutase
Venom peptide isomerase light chain
Protein LacX, chromosomal
Protein LacX, plasmid
(4S)-4-hydroxy-5-phosphonooxypentane-2,3-dione isomerase
Epoxide hydrolase LasB
Phenazine biosynthesis-like domain-containing protein
3-hexulose-6-phosphate isomerase
Probable phosphoglycerate mutase ARB_03491
Ribose 1,5-bisphosphate isomerase
UDP-N-acetylglucosamine 2-epimerase
Probable tautomerase SMU_1087
Probable tautomerase spyM18_1099
Probable tautomerase SE_1045
Probable tautomerase str1128
Probable tautomerase SPy_1139/M5005_Spy0861
Probable tautomerase SAR1376
Probable tautomerase SAG1079
Probable tautomerase stu1128
Probable tautomerase SAS1303
Probable tautomerase SAV1363
Probable tautomerase SH1546
Probable tautomerase SP_1017
Probable tautomerase lin2709
Probable tautomerase EF_2859
Probable tautomerase gbs1111
Probable tautomerase SA1195.1
Probable tautomerase MW1250
Probable tautomerase SACOL1399
Probable tautomerase K2
Probable tautomerase lmo2564
Probable tautomerase Cj0270
Probable tautomerase SSP1389
Probable tautomerase RSp1151
Probable tautomerase BC_5378
Probable tautomerase SpyM3_0797
Probable tautomerase M6_Spy0857
Probable tautomerase lp_1712
Probable tautomerase LMOf2365_2536
Probable tautomerase BH3814
Probable tautomerase SERP0934
Probable tautomerase bsl7456
Probable tautomerase SPs0996
Probable tautomerase jhp_0858
Probable tautomerase RSp0893
Probable tautomerase RSc0807
Probable tautomerase BA_5626/GBAA_5626/BAS5226
Probable tautomerase LL0574
Probable tautomerase spr0921
Putative isomerase YbhH
Probable tautomerase HP_0924
Probable tautomerase YolI
Probable tautomerase YusQ
Putative isomerase YraM
Probable tautomerase YrdN
