Acylphosphatase-1
Alpha-1B-glycoprotein
Alanine aminotransferase 1
Putative ankyrin repeat domain-containing protein 19
Angiopoietin-related protein 2
Armadillo repeat-containing protein 3
LisH domain-containing protein ARMC9
Actin-related protein 2/3 complex subunit 1A
Actin-related protein 3B
Actin-related protein 3C
Annexin A8-like protein 1
BEN domain-containing protein 7
Protein BEX5
Complement C1q and tumor necrosis factor-related protein 9B
UPF0587 protein C1orf123
Complement C1q tumor necrosis factor-related protein 5
Complement C1q and tumor necrosis factor-related protein 9
UPF0587 protein C1orf123 homolog
Calmodulin-like protein 3
BolA-like protein 2
F-actin-capping protein subunit alpha-1
Calcium-binding protein 39-like
Coiled-coil domain-containing protein 25
Calmodulin-4
Cathepsin E
Coiled-coil domain-containing protein 105
UPF0669 protein C6orf120 homolog
Coiled-coil domain-containing protein 30
UPF0669 protein C6orf120
Cilia- and flagella-associated protein 70
Cordon-bleu protein-like 1
Copine-4
Copine-8
Cysteine-rich tail protein 1
Carboxypeptidase N subunit 2
Disheveled-associated activator of morphogenesis 2
DnaJ homolog subfamily B member 3
Protein FAM65A
IgGFc-binding protein
Fibroleukin
Fibrinogen-like protein 1
GRB2-associated and regulator of MAPK protein-like
PDZ domain-containing protein GIPC2
GDP-mannose 4,6 dehydratase
Pancreatic secretory granule membrane major glycoprotein GP2
Glutathione S-transferase C-terminal domain-containing protein
Hippocalcin-like protein 1
Heat shock 70 kDa protein 12A
Heat shock 70 kDa protein 13
Putative heat shock 70 kDa protein 7
Immunoglobulin superfamily containing leucine-rich repeat protein
Isochorismatase domain-containing protein 1
JmjC domain-containing protein 8
Keratinocyte proline-rich protein
L-lactate dehydrogenase A-like 6A
Melanoma-associated antigen F1
Myotubularin-related protein 11
Matrix-remodeling-associated protein 5
Ig mu heavy chain disease protein
PWWP domain-containing protein MUM1L1
N-acetyl-D-glucosamine kinase
Protein NDRG3
NHL repeat-containing protein 3
Out at first protein homolog
NXPE family member 4
Osteoclast-stimulating factor 1
Gastricsin
Parvalbumin alpha
Proline-rich protein 27
Parvalbumin, muscle
Putative peptidyl-tRNA hydrolase PTRHD1
Lithostathine-1-beta
N-acylglucosamine 2-epimerase
Iporin
Specifically androgen-regulated gene protein
Suprabasin
Secernin-2
SH3 domain-containing protein 21
Sushi, nidogen and EGF-like domain-containing protein 1
Phosphoserine aminotransferase
Secreted phosphoprotein 24
Putative protein FAM10A4
TBC1 domain family member 21
Putative tenascin-XA
Transgelin-2
Torsin-3A
TPT1-like protein
Tetratricopeptide repeat protein 38
Thioredoxin domain-containing protein 16
Putative ubiquitin-conjugating enzyme E2 N-like
Testis-expressed sequence 264 protein
Vitelline membrane outer layer protein 1 homolog
