Ammonium/H(+) antiporter subunit AmhM
Cation/H(+) antiporter 27
Potassium transporter 1
Intermediate conductance calcium-activated potassium channel protein 4
Iodotyrosine dehalogenase 1 homolog
Glutathione-regulated potassium-efflux system ancillary protein KefF
Glutathione-regulated potassium-efflux system ancillary protein KefG
K(+)/H(+) antiporter subunit KhtT
Ktr system potassium uptake protein A
Probable potassium transport system protein kup
Ktr system potassium uptake protein C
Ktr system potassium uptake protein D
Calcium-gated potassium channel MthK
K(+)/H(+) antiporter NhaP
Probable K(+)/H(+) antiporter subunit G
Putative ion channel POLLUX-like 1
Potassium transporter 10
Potassium transporter 8
Potassium transporter 2
Probable ion channel POLLUX
Putative potassium transporter 12
Potassium transporter 6
Putative sulfur deprivation response regulator
Potassium channel SKOR
Maf-like protein Rfer_2081
