Aldehyde dehydrogenase family 3 comG
Annexin A7
Catalase-B
Cofilin-1B
Cortexillin-2
Contact site A protein
ATP-dependent RNA helicase ddx19
Discoidin-inducing complex subunit B
Probable rhodanese domain-containing dual specificity protein phosphatase
Extracellular signal-regulated kinase 1
ELMO domain-containing protein A
Rho GTPase-activating protein gacT
Guanine nucleotide-binding protein subunit beta-like protein
Ras guanine nucleotide exchange factor V
Ras guanine nucleotide exchange factor A
Ras guanine nucleotide exchange factor Q
Glycosyltransferase-like protein gnt15
Golgi pH regulator homolog
Guanine nucleotide-binding protein alpha-5 subunit
Guanine exchange factor for Rac 30
Protein hssB
HssA/B-like protein 27
Protein hssA
BEACH domain-containing protein lvsD
Peroxisomal multifunctional enzyme A
Mental retardation GTPase activating protein homolog 2
Myosin regulatory light chain
Dual specificity mitogen-activated protein kinase kinase 1
Myosin, essential light chain
Myosin-G heavy chain
Calcium-binding protein NCSA
cAMP-specific 3',5'-cAMP phosphodiesterase 4
Penta-EF hand domain-containing protein 2
1-phosphatidylinositol 4,5-bisphosphate phosphodiesterase
Protein pianissimo A
Ponticulin
Profilin-1
Profilin-2
Peptidyl-prolyl cis-trans isomerase A
26S protease regulatory subunit 4 homolog
Serine/threonine-protein phosphatase 2A regulatory subunit psrA
Ras-related protein Rab-2A
Rho-related protein racE
NADPH oxidoreductase A
RapA guanosine triphosphatase-activating protein B
Probable serine/threonine-protein kinase roco5
Talin-B
T-complex protein 1 subunit alpha
Protein tipD
ESCRT-I complex subunit tsg101
Probable UDP-glucose:glycoprotein glucosyltransferase A
Putative uncharacterized protein DDB_G0284619
Probable serine/threonine-protein kinase yakA
Probable serine/threonine-protein kinase DDB_G0277165
