All-trans retinoic acid-induced differentiation factor
Cactin
Conditioned medium factor
Centrosomal and chromosomal factor
Granulocyte-macrophage colony-stimulating factor
ATP-dependent RNA helicase ddx46
Probable ATP-dependent RNA helicase DDX46
Developmental pluripotency-associated protein 5A
Protein delta homolog 1
Protein FAM46A
ATP-dependent RNA helicase fal1
ATP-dependent RNA helicase FAL1
Flagellar regulator flk
Probable histone H2A variant 2
LRR receptor-like serine/threonine-protein kinase HSL2
Interleukin-7
Eukaryotic initiation factor 4A-III
Cytokine receptor common subunit gamma
Meiosis arrest female protein 1 homolog
Multiple epidermal growth factor-like domains protein 8
Meiosis arrest female protein 1
Myb/SANT-like DNA-binding domain-containing protein 1
Protein kinase C-binding protein NELL1
Paternally-expressed gene 3 protein
Pre-mRNA-processing ATP-dependent RNA helicase PRP5
Pre-mRNA-processing ATP-dependent RNA helicase prp5
DEAD-box ATP-dependent RNA helicase 42
Regulator of RpoS
Tandem C2 domains nuclear protein
Helicase and polymerase-containing protein TEBICHI
Transmembrane and TPR repeat-containing protein 3
Protein Tob2
Upstream-binding factor 1-like protein 1
Tsukushin
Histone demethylase UTY
