Aminoacylase-1B
Aminoacylase-1A
Beta-secretase 2
Cathepsin E
Crustapain
Calpastatin
Leucyl/phenylalanyl-tRNA--protein transferase
26S protease regulatory subunit 6A-B
26S protease regulatory subunit 6A homolog
26S protease regulatory subunit 6B homolog
26S protease regulatory subunit 7
26S protease regulatory subunit 6A
26S protease regulatory subunit 6B
26S protease regulatory subunit 10B
26S protease regulatory subunit 4
26S protease regulatory subunit 4 homolog
26S proteasome non-ATPase regulatory subunit 12 homolog B
26S proteasome non-ATPase regulatory subunit 6 homolog
26S protease regulatory subunit 6A-A
26S protease regulatory subunit 7 homolog B
26S protease regulatory subunit 8 homolog B
26S protease regulatory subunit 8
26S protease regulatory subunit 8 homolog
26S protease regulatory subunit S10B homolog B
26S proteasome non-ATPase regulatory subunit 7 homolog B
Protein SUE1, mitochondrial
Aspartic proteinase sxa1
Putative aminopeptidase C13A11.05
Aspartic proteinase yapsin-1
