Ubiquinol oxidase 1a, mitochondrial
Plasma membrane calcium-transporting ATPase 1
Cinnamoyl-CoA reductase 1
Cinnamoyl-CoA reductase 2
Cold-inducible RNA-binding protein B
CBL-interacting serine/threonine-protein kinase 7
Cyclin-dependent kinase A-1
60 kDa heat shock protein, mitochondrial
Cold-inducible RNA-binding protein
Calmodulin-like protein 6
Probable calcium-binding protein CML14
Cytochrome c oxidase subunit 2
DEAD-box ATP-dependent RNA helicase CshB
Protein COLD-REGULATED 15B, chloroplastic
Ribosomal RNA small subunit methyltransferase, chloroplastic
DNA-damage-repair/toleration protein DRT102
Long-chain-alcohol oxidase FAO1
Putative F-box/kelch-repeat protein At4g19330
Germin-like protein subfamily 2 member 1
GMP reductase 1
Jacalin-related lectin 34
Sphingoid long-chain bases kinase 2, mitochondrial
Lipid A biosynthesis palmitoleoyltransferase
MICOS complex subunit Mic60
S-adenosylmethionine synthase 4
Nuclear pore complex protein NUP160
Placenta-specific gene 8 protein
Glycine-rich RNA-binding protein 3, mitochondrial
Probable glycine-rich RNA-binding protein 1
Hydrophobic protein RCI2B
Hydrophobic protein RCI2A
DEAD-box ATP-dependent RNA helicase 53
F-box/kelch-repeat protein SKIP4
PP2A regulatory subunit TAP46
