14-3-3 protein zeta/delta
A-kinase anchor protein 8-like
Ankyrin repeat and KH domain-containing protein 1
Intron-binding protein aquarius
ADP-ribosylation factor-like protein 6-interacting protein 4
Active regulator of SIRT1
Protein bicaudal C homolog 1
Zinc finger CCCH domain-containing protein 4
UPF0690 protein C1orf52 homolog
BUD13 homolog
UPF0690 protein C1orf52
Coiled-coil domain-containing protein 137
Coiled-coil domain-containing protein 86
Coiled-coil domain-containing protein 124
Coiled-coil domain-containing protein 108
Coiled-coil domain-containing protein 9
Cactin
Cyclin-dependent kinase 13
Exosome complex component RRP45A
Coiled-coil-helix-coiled-coil-helix domain-containing protein 1
CUGBP Elav-like family member 2
Exosome complex component RRP45B
Putative methyltransferase C9orf114
Cytoskeleton-associated protein 4
UPF0696 protein C11orf68 homolog
Protein CMSS1
Putative methyltransferase C9orf114 homolog
UPF0696 protein C11orf68
Cleavage stimulation factor subunit 1
Cleavage stimulation factor subunit 3
Cystatin-B
Lariat debranching enzyme
ATP-dependent RNA helicase DEAH13
ATP-dependent RNA helicase DDX24
Probable ATP-dependent RNA helicase DDX23
ATP-dependent RNA helicase DDX50
ATP-dependent RNA helicase DDX18
ATP-dependent RNA helicase DDX55
Probable ATP-dependent RNA helicase DHX34
Probable ATP-dependent RNA helicase DHX37
Probable ATP-dependent RNA helicase DHX40
Dermcidin
Probable ATP-dependent RNA helicase DDX10
Probable ATP-dependent RNA helicase DDX27
Probable ATP-dependent RNA helicase DDX49
Probable ATP-dependent RNA helicase DDX52
Putative ATP-dependent RNA helicase DHX57
Pre-mRNA-splicing factor ATP-dependent RNA helicase DHX15
Probable ATP-dependent RNA helicase DHX35
Trifunctional enzyme subunit beta, mitochondrial
Epiplakin
ERI1 exoribonuclease 3
ELAV-like protein 2
Putative exosome complex exonuclease RRP42
Exosome complex component RRP43
Constitutive coactivator of PPAR-gamma-like protein 1
Constitutive coactivator of PPAR-gamma-like protein 2
Protein FAM133B
Protein FAM32A
Exosome complex exonuclease RRP42
Exosome complex component RRP45
Protein FAM50A
Protein FAM50 homolog
Fatty acid synthase
Fibrosin-1-like protein
Fibronectin type III domain-containing protein 3B
Farnesyl pyrophosphate synthase
Pre-mRNA 3'-end-processing factor FIP1
FLYWCH family member 2
Fragile X mental retardation protein 1
Neutral alpha-glucosidase AB
Ras GTPase-activating protein-binding protein 2
Golgin subfamily B member 1
Glutamate-rich WD repeat-containing protein 1
G patch domain-containing protein 4
Glioma tumor suppressor candidate region gene 2 protein
Histone H1.3
Histone H1.4
G patch domain-containing protein 8
28 kDa heat- and acid-stable phosphoprotein
Histone H1x
HEAT repeat-containing protein 6
Probable helicase with zinc finger domain
Histone H1.0
Non-histone chromosomal protein HMG-17
Heterogeneous nuclear ribonucleoprotein U-like protein 2
ATP-dependent RNA helicase HrpB
ATP-dependent RNA helicase HrpA
DExH-box ATP-dependent RNA helicase DExH6
Calpastatin
Lysine-rich nucleolar protein 1
Protein KRI1 homolog
La-related protein 1B
Putative RNA-binding protein Luc7-like 2
Luc7-like protein 3
Probable ATP-dependent RNA helicase kurz
Protein LLP homolog
Lamin-B receptor
Leucine-rich repeat-containing protein 59
Cell growth-regulating nucleolar protein
Leucine-rich repeat-containing protein 47
Protein MAK16 homolog
Dimethylglycine dehydrogenase, mitochondrial
Microtubule-associated protein 4
Microfibrillar-associated protein 1
Protein mago nashi homolog 2
MKI67 FHA domain-interacting nucleolar phosphoprotein
Protein mago nashi homolog
MICOS complex subunit MIC60
MICOS complex subunit Mic60
Multiple myeloma tumor-associated protein 2 homolog
Putative helicase MOV-10
Methenyltetrahydrofolate synthase domain-containing protein
Protein MTO1 homolog, mitochondrial
Neuroblastoma breakpoint family member 10
NACHT, LRR and PYD domains-containing protein 11
RNA cytidine acetyltransferase
NADH dehydrogenase  flavoprotein 3, mitochondrial
Nuclear cap-binding protein subunit 3
Neugrin
DExH-box ATP-dependent RNA helicase DExH2
Nitric oxide synthase-interacting protein
Nucleolar protein 10
Nucleolar protein 7
Nucleosome assembly protein 1-like 4
Nucleosome assembly protein 1-like 1
Nucleolar pre-ribosomal-associated protein 1
Nucleolar complex protein 3 homolog
Nucleolar protein 9
Nitric oxide synthase-interacting protein homolog
Cancer-related nucleoside-triphosphatase
Cancer-related nucleoside-triphosphatase homolog
PAB-dependent poly(A)-specific ribonuclease subunit PAN3
PAB-dependent poly(A)-specific ribonuclease subunit pan3
Poly  polymerase 12
Protocadherin-20
Protocadherin gamma-A9
RNA-binding protein PNO1
Arginine/serine-rich protein PNISR
Protein PRRC2A
Pre-mRNA-splicing factor ATP-dependent RNA helicase PRP16
Proline-rich protein 3
Protein PRRC2B
Pre-mRNA-processing factor 17
Polypyrimidine tract-binding protein 3
Probable peptidyl-tRNA hydrolase
Purine-rich element-binding protein gamma
RNA-binding protein 12B-B
RNA-binding Raly-like protein
RNA-binding protein Raly
Ribonucleoprotein PTB-binding 1
R3H domain-containing protein 1
RNA-binding protein 26
RNA-binding protein 47
RNA-binding protein 12B-A
R3H domain-containing protein 2
Ribonucleoprotein PTB-binding 2
RNA-binding protein 45
RNA-binding protein 7
RNA-binding protein 34
RNA-binding motif, single-stranded-interacting protein 1
RNA-binding motif, single-stranded-interacting protein 2
RNA-binding protein 12
RNA-binding protein 27
RNA-binding protein 33
RNA-binding protein 12B
RNA-binding protein 42
RNA-binding protein 6
Double-stranded RNA-specific editase B2
Putative ATP-dependent RNA helicase rha-2
RNA exonuclease 4
39S ribosomal protein L40, mitochondrial
39S ribosomal protein L42, mitochondrial
Ribonuclease P protein subunit p25-like protein
28S ribosomal protein L42, mitochondrial
39S ribosomal protein L39, mitochondrial
Zinc phosphodiesterase ELAC protein 2
RRP12-like protein
Exosome complex component rrp45
Exosome complex component rrp43
Exosome complex component rrp42
Probable small nuclear ribonucleoprotein-associated protein B
Small nuclear ribonucleoprotein-associated protein B
Arginine/serine-rich coiled-coil protein 2
28S ribosomal protein S26, mitochondrial
28S ribosomal protein S28, mitochondrial
RNA 3'-terminal phosphate cyclase
Small nuclear ribonucleoprotein-associated protein N
Probable splicing factor, arginine/serine-rich 7
Selenoprotein H
Splicing factor 3A subunit 1
Selenocysteine insertion sequence-binding protein 2-like
Superkiller viralicidic activity 2-like 2
Spermatogenesis-associated serine-rich protein 2
Splicing factor, arginine/serine-rich 15
Serine/arginine-rich splicing factor 9
U2 snRNP-associated SURP motif-containing protein
Serine/arginine-rich splicing factor 3
Serine/arginine-rich splicing factor 4
Serine/arginine-rich splicing factor 1
Serine/arginine-rich splicing factor 8
Serine/arginine repetitive matrix protein 2
SURP and G-patch domain-containing protein 2
Aspartate--tRNA ligase, cytoplasmic
Probable arginine--tRNA ligase, mitochondrial
Tensin-1
3-ketoacyl-CoA thiolase, mitochondrial
THUMP domain-containing protein 1
DNA topoisomerase 3-beta-1
Tumor protein D54
Transformer-2 protein homolog alpha
tRNA
Thymosin beta-4
116 kDa U5 small nuclear ribonucleoprotein component
Ubiquitin-associated protein 2-like
Ubiquitin-associated protein 2
Ubiquitin domain-containing protein UBFD1
UAP56-interacting factor
Ubiquitin-like protein FUBI
Ribonuclease UK114
Vigilin
Protein virilizer homolog
pre-mRNA 3' end processing protein WDR33
V-set and immunoglobulin domain-containing protein 8
Williams-Beuren syndrome chromosomal region 16 protein
WD repeat-containing protein 6
Xin actin-binding repeat-containing protein 1
YTH domain-containing protein 1
Zinc finger CCCH domain-containing protein 15
Zinc finger CCCH domain-containing protein 10
NFX1-type zinc finger-containing protein 1
YTH domain-containing family protein 3
Putative DEAH-box ATP-dependent helicase UM11114
Zinc finger CCCH domain-containing protein 7A
Zinc finger C3H1 domain-containing protein
Zinc finger CCCH domain-containing protein 18
Zinc finger protein 106
Zinc finger CCCH domain-containing protein 13
