13S globulin seed storage protein 3
2S sulfur-rich seed storage protein 2
Napin-3
Basic 7S globulin
Auxin-binding protein ABP19a
Auxin-binding protein ABP19b
11S globulin seed storage protein G3
13S globulin seed storage protein 1
Sweet protein mabinlin-1
2S seed storage protein 2
2S seed storage-like protein
2S albumin
11S globulin subunit beta
2S seed storage protein 1
Antibacterial napin
Napin-2
Albumin-8
Napin embryo-specific
13S globulin seed storage protein 2
Basic 7S globulin 2
13S globulin basic chain
Napin-1
Sweet protein mabinlin-2
2S seed storage protein 4
Napin-1A
2S sulfur-rich seed storage protein 1
Sweet protein mabinlin-3
Sweet protein mabinlin-4
2S seed storage protein
Napin-B
Auxin-binding protein ABP20
Acidic juvenile hormone-suppressible protein 1
Albumin-1
Albumin-2
Allergen Ara h 1, clone P41B
Allergen Bra j 1-E
Arachin Ahy-3
Allergen Ara h 1, clone P17
Vicilin-like antimicrobial peptides 2-3
Vicilin-like antimicrobial peptides 2-1
Vicilin-like antimicrobial peptides 2-2
Arcelin-1
Allergen Sin a 1
Arcelin-4
Arcelin-5A
Arachin 21 kDa protein
Arachin 25 kDa protein
Arcelin-5B
Arcelin-2
Arylphorin
Arylphorin subunit A4
Arylphorin subunit C223
Arylphorin subunit beta
Arylphorin subunit alpha
Avenin-like a3
Avenin-like b3
Avenin-like b7
Avenin-like b1
Avenin-like a1
Avenin-like a6
Avenin-like b5
Avenin-like b9
Avenin-like a5
Avenin-like a4
Avenin-like b4
Avenin-like b8
Avenin-like b10
Avenin-like b2
Avenin-like a2
Basic juvenile hormone-suppressible protein 1
Avenin-like a7
Avenin-like b6
Avenin-like b11
Basic juvenile hormone-suppressible protein 2
Bark storage protein A
Canavalin
Bark storage protein B
Conglutin delta-2 large chain
Conglutin delta-2 small chain
Conglutin beta 2
Conglutin beta 5
Conglutin beta 1
Conglutin beta 3
Conglutin beta 7
Cruciferin BnC2
Cruciferin BnC1
Allergen Cr-PI
Conglutin beta 4
Conglutin beta 6
Cruciferin
Cruciferin PGCRURSE5
Cruciferin CRU1
Fat body protein 2
Alpha/beta-gliadin A-IV
Alpha/beta-gliadin clone PTO-A10
Gamma-gliadin
Germin-like protein subfamily 1 member 13
Germin-like protein 12-2
Germin-like protein 1-3
Putative germin-like protein 2-2
Germin-like protein 3-1
Putative germin-like protein 3-4
Germin-like protein 3-8
Germin-like protein 8-11
Germin-like protein 8-2
Alpha/beta-gliadin A-III
Alpha/beta-gliadin clone PW8142
Gamma-gliadin B
Germin-like protein 8-13
Germin-like protein 8-3
Putative germin-like protein 9-2
Alpha/beta-gliadin
Gamma-gliadin B-I
Omega-gliadin
Putative germin-like protein subfamily 1 member 12
Germin-like protein subfamily 1 member 20
Germin-like protein 1-2
Germin-like protein 1-4
Germin-like protein 2-4
Germin-like protein 5-1
Germin-like protein 8-12
Putative germin-like protein 8-1
Germin-like protein 8-5
Germin-like protein 8-8
Germin-like protein 9-1
Germin-like protein 1
Glutenin, high molecular weight subunit PC237
Glutelin type-A 3
Glutelin type-B 4
Alpha/beta-gliadin A-V
Germin-like protein 3-3
Germin-like protein 3-6
Germin-like protein 8-14
Germin-like protein 8-4
Germin-like protein 8-7
Glutenin, high molecular weight subunit PW212
Glutenin, low molecular weight subunit PTDUCD1
Glutelin type-A 1
Glutelin type-A 2
Alpha/beta-gliadin A-I
Alpha/beta-gliadin A-II
Alpha/beta-gliadin clone PW1215
Alpha/beta-gliadin MM1
Germin-like protein 11-1
Putative germin-like protein 12-3
Putative germin-like protein subfamily 1 member 2
Putative germin-like protein 2-1
Germin-like protein subfamily 3 member 1
Germin-like protein 3-7
Glutenin, high molecular weight subunit PC256
Glutelin type-B 1
Germin-like protein 12-1
19 kDa globulin
Putative germin-like protein 2-3
Germin-like protein 4-1
Germin-like protein 8-6
Germin-like protein 8-9
Glutenin, low molecular weight subunit
Glutenin, low molecular weight subunit 1D1
Glycinin G4
Germin-like protein 1-1
Putative germin-like protein 12-4
Putative germin-like protein 3-2
Germin-like protein 3-5
Germin-like protein 8-10
Germin-like protein 9-3
Globulin-1 S allele
Glutelin type-B 2
Glutenin, high molecular weight subunit 12
Glutenin, high molecular weight subunit DY10
Glycinin G2
Glutenin, high molecular weight subunit DX5
Glutelin type-B 5
Glycinin G3
Gentisate 1,2-dioxygenase
Glycinin G1
Hexamerin-1.1
B3-hordein
C-hordein
Hexamerin
B1-hordein
Kafirin PGK1
Trypsin inhibitor
Kafirin PSK8
Kafirin PSKR2
Legumin K
Legumin type B
Legumin A
Legumin B
Legumin A2
Legumin J
Larval serum protein 1 beta chain
Larval serum protein 1 alpha chain
Larval serum protein 1 gamma chain
Molybdenum storage protein subunit beta
Molybdenum storage protein subunit alpha
Perivitellin-2 31 kDa subunit
Perivitellin-2 67 kDa subunit
Rhicadhesin receptor
Rubusin
Stem 31 kDa glycoprotein
Sucrose-binding protein
12S seed storage globulin 1
Spherulin-1A
12S seed storage globulin 2
Spherulin-1B
Sex-specific storage-protein 2
Sex-specific storage protein 1
Sex-specific storage-protein 1
Vitellogenin-1
Vitellogenin-2
Vitellogenin-6
Vicilin-like seed storage protein At2g18540
Vitellogenin-3
Vicilin
Vitellogenin-A1
Stem 28 kDa glycoprotein
Vitellogenin-B2
Vitellogenin-5
Phosvitin
Vicilin-like seed storage protein At4g36700
Vitellogenin-4
Vitellogenin-B1
Vitellogenin-A2
Zein-alpha 19A2
Zein-alpha PMS1
Zein-alpha PZ22.1/22A1
Zein-alpha A30
Zein-alpha 19C2
Zein-alpha PZ19.1
Zein-alpha M6
Zein-alpha 19D1
Zein-alpha ZA1/M1
Zein-alpha 19B1
Zein-alpha 19C1
Zein-alpha Z4
Zein-alpha B49
Zein-alpha PZ22.3
Zein-alpha ZG99
Zein-alpha GZ19AB11
Zein-alpha PMS2
Zein-alpha 22C2
Zein-alpha A20
