ALX homeobox protein 1
Homeobox protein aristaless-like 4
AT-rich interactive domain-containing protein 3A
Cyclic AMP-dependent transcription factor ATF-1
Cyclic AMP-dependent transcription factor ATF-2
Homeobox protein BarH-like 1
BarH-like 2 homeobox protein
Homeobox protein BarH-like 2
Transcription factor bHLH113
Transcription factor bHLH128
Class A basic helix-loop-helix protein 15
Transcription factor bHLH68
Transcription factor bHLH117
Transcription factor bHLH122
BarH-like 1 homeobox protein
Transcription factor bHLH82
Transcription factor bHLH85
Transcription factor bHLH103
Transcription factor bHLH133
Transcription factor bHLH54
Transcription factor bHLH66
Transcription factor bHLH80
Putative transcription factor bHLH086
Transcription factor bHLH130
Transcription factor bHLH81
Transcription factor bHLH53
Transcription factor bHLH112
Transcription factor bHLH7
Transcription factor bHLH52
Transcription factor bHLH69
Transcription factor bHLH83
Transcription factor bHLH110
Transcription factor bHLH139
Transcription factor bHLH123
POU domain protein CF1A
Transcription factor COE4
Cyclic AMP-responsive element-binding protein 3-like protein 4
Cyclic AMP-responsive element-binding protein 3-like protein 3
Cysteine/serine-rich nuclear protein 3
Cysteine/serine-rich nuclear protein 1
Cysteine/serine-rich nuclear protein 2
Doublesex- and mab-3-related transcription factor 1
Homeobox protein DLX-2
Doublesex- and mab-3-related transcription factor 2
Transcription factor E2F4
ELL-associated factor 2
ETS-related transcription factor Elf-5
ETS translocation variant 5
Hepatocyte nuclear factor 3-beta
Forkhead box protein F2
GA-binding protein alpha chain
Grainyhead-like protein 2 homolog
Helix-loop-helix protein 1
Homeobox protein ceh-31
Heat shock factor protein 2
Hepatocyte nuclear factor 1-alpha
Homeobox protein ceh-30
Hepatocyte nuclear factor 6
Homeobox protein Hox-D8
Zinc finger protein Aiolos
Interferon regulatory factor 2
Krueppel-like factor 9
Lymphoid enhancer-binding factor 1
Transcription factor MafG
Transcription factor MafK
Transcription factor MafF
Transcription factor MafA
Transcription factor MafB
Mediator of RNA polymerase II transcription subunit 29
Mesogenin-1
Myogenin
Myogenic factor 5
Myogenic factor 6
Myoblast determination protein 1 homolog
Myogenic-determination protein
Nuclear factor of activated T-cells, cytoplasmic 3
Neurogenic differentiation factor 2
Nuclear factor 1 X-type
Neural retina-specific leucine zipper protein
Homeobox protein Nkx-2.1
Protein odd-skipped-related 2
Transcription factor Ovo-like 2
One cut domain family member 3
Paired box protein Pax-9
Zinc finger protein PLAGL1
Homeobox protein PKNOX1
Double-strand-break repair protein rad21 homolog
Runt-related transcription factor 1
Spermatogenesis- and oogenesis-specific basic helix-loop-helix-containing protein 2
Spermatogenesis- and oogenesis-specific basic helix-loop-helix-containing protein 1
Cohesin subunit SA-2
Cohesin subunit SA-1
Signal transducer and activator of transcription 3
Transcription factor UNE12
