Probable aspartate aminotransferase
Aspartate aminotransferase, chloroplastic
Aspartate aminotransferase, cytoplasmic
Aspartate aminotransferase
1-aminocyclopropane-1-carboxylate synthase CMW33
1-aminocyclopropane-1-carboxylate synthase 1
1-aminocyclopropane-1-carboxylate synthase 2
1-aminocyclopropane-1-carboxylate synthase 4
1-aminocyclopropane-1-carboxylate deaminase
Probable inactive 1-aminocyclopropane-1-carboxylate synthase-like protein 2
Aspartate aminotransferase, mitochondrial
Aromatic amino acid aminotransferase C569.07
1-aminocyclopropane-1-carboxylate synthase 11
1-aminocyclopropane-1-carboxylate synthase 7
Probable 1-aminocyclopropane-1-carboxylate deaminase
1-aminocyclopropane-1-carboxylate synthase-like protein 1
Aspartate aminotransferase, cytoplasmic isozyme 2
Aspartate aminotransferase B
Putative aspartate aminotransferase, cytoplasmic 2
Probable aspartate aminotransferase, cytoplasmic
1-aminocyclopropane-1-carboxylate synthase 8
Aspartate aminotransferase 1
Aspartate aminotransferase A
Aromatic amino acid aminotransferase C56E4.03
1-aminocyclopropane-1-carboxylate synthase CMA101
1-aminocyclopropane-1-carboxylate synthase 3
Aspartate aminotransferase 3, chloroplastic
Aromatic amino acid aminotransferase DDB_G0272014
Putative aspartate aminotransferase YhdR
Aspartate aminotransferase P2, mitochondrial
Aromatic amino acid aminotransferase C1773.13
Kynurenine/alpha-aminoadipate aminotransferase, mitochondrial
Aromatic amino acid aminotransferase DDB_G0287711
Alanine--glyoxylate aminotransferase 2, mitochondrial
Alanine--glyoxylate aminotransferase 2 homolog 3, mitochondrial
Glutamate-pyruvate aminotransferase AlaA
Putative alanine aminotransferase
Alanine aminotransferase 1
Alanine racemase 1
Alanine aminotransferase 2
Alanine racemase, catabolic
Alanine racemase 2
Alanine racemase
Biodegradative arginine decarboxylase
Probable alanine aminotransferase, mitochondrial
Alanine racemase 3
Alanine--glyoxylate aminotransferase 2 homolog 2, mitochondrial
Alanine aminotransferase 2-like
Aminotransferase ALD1 homolog
Acetylornithine aminotransferase 1
Acetylornithine aminotransferase 2
Acetylornithine aminotransferase, mitochondrial
Acetylornithine/acetyl-lysine aminotransferase
Acetylornithine aminotransferase
Probable acetylornithine aminotransferase, mitochondrial
Aromatic-amino-acid aminotransferase 1
Lysine/arginine racemase
Aromatic-amino-acid aminotransferase 2
Aromatic amino acid aminotransferase 2
Bifunctional aspartate aminotransferase and L-aspartate beta-decarboxylase
Beta-alanine--pyruvate aminotransferase
Biotin biosynthesis bifunctional protein BioAB
Adenosylmethionine-8-amino-7-oxononanoate aminotransferase
Putative 8-amino-7-oxononanoate synthase
Biotin biosynthesis bifunctional protein BioWF
8-amino-7-oxononanoate synthase/2-amino-3-ketobutyrate coenzyme A ligase
8-amino-7-oxononanoate synthase 1
8-amino-7-oxononanoate synthase 2
Bifunctional dethiobiotin synthetase/7,8-diamino-pelargonic acid aminotransferase, mitochondrial
Putative 8-amino-7-oxononanoate synthase 2
L-Lysine--8-amino-7-oxononanoate transaminase
Probable kynurenine--oxoglutarate transaminase BNA3
8-amino-7-oxononanoate synthase
Putative cystathionine beta-lyase
Cystathionine beta-synthase
Cystathionine beta-lyase
Cystathionine beta-lyase PatB
Cystathionine gamma-lyase
Probable cystathionine gamma-synthase 2
Putative cystathionine gamma-lyase 2
Probable cysteine desulfurase
Probable cysteine desulfurase 1
Cysteate synthase
O-acetylhomoserine
D-alanine aminotransferase
Probable cysteine desulfurase 2
LL-diaminopimelate aminotransferase
Putative cystathionine gamma-lyase
LL-diaminopimelate aminotransferase 1
LL-diaminopimelate aminotransferase 2
5-aminovalerate aminotransferase DavT
Diaminopimelate decarboxylase
Glutamate decarboxylase 1
Glutamate decarboxylase alpha
Glutamate decarboxylase beta
Probable glutamate decarboxylase gamma
Histidine decarboxylase
Glutamate decarboxylase 2
Aromatic-L-amino-acid decarboxylase
Glutamate decarboxylase 4
L-2,4-diaminobutyrate decarboxylase
Diaminobutyrate--2-oxoglutarate aminotransferase
Glutamate decarboxylase
Glutamate decarboxylase 5
Glutamate decarboxylase 3
Probable aromatic-L-amino-acid decarboxylase
3-hydroxy-D-aspartate aldolase
Diaminopropionate ammonia-lyase
Diaminobutyrate--2-oxoglutarate transaminase
D-threo-3-hydroxyaspartate dehydratase
Glutamate 2,3-aminomutase
4-aminobutyrate aminotransferase
Glutamate decarboxylase B
Probable 4-aminobutyrate aminotransferase, mitochondrial
4-aminobutyrate aminotransferase GabT
Glutamate decarboxylase A
Gamma-aminobutyrate transaminase POP2, mitochondrial
Probable 4-aminobutyrate aminotransferase
4-aminobutyrate aminotransferase, mitochondrial
Glutamate--glyoxylate aminotransferase 2
Serine hydroxymethyltransferase
5-aminolevulinate synthase 2
5-aminolevulinate synthase, nonspecific, mitochondrial
5-aminolevulinate synthase, mitochondrial
Histidinol-phosphate aminotransferase 2, chloroplastic
Histidinol-phosphate aminotransferase 1
Histidinol-phosphate aminotransferase 2
Histidinol-phosphate aminotransferase 3
5-aminolevulinate synthase 1
Histidinol-phosphate aminotransferase 1, chloroplastic
5-aminolevulinate synthase
Histidinol-phosphate aminotransferase, chloroplastic
L-threonine dehydratase biosynthetic IlvA
Cysteine desulfurase IscS
Cysteine desulfurase IscS 2
Kynurenine--oxoglutarate transaminase 3
Cysteine desulfurase IscS 1
2-amino-3-ketobutyrate coenzyme A ligase, mitochondrial
2-amino-3-ketobutyrate coenzyme A ligase
Probable L-lysine-epsilon aminotransferase
2-aminoadipate transaminase
Lysine racemase
Mitochondrial amidoxime-reducing component 1
Mitochondrial amidoxime reducing component 2
Low specificity L-threonine aldolase
Methionine gamma-lyase
Cystathionine gamma-synthase
Protein MET17
Cystathionine beta-lyase MetC
Probable cystathionine gamma-synthase
Methionine S-methyltransferase
Cystathionine beta-lyase, chloroplastic
Nicotianamine aminotransferase B
Nicotianamine aminotransferase A
Probable cysteine desulfurase, mitochondrial
Cysteine desulfurase, mitochondrial
Cysteine desulfurase 1
Cysteine desulfurase 2
Cysteine desulfurase NifS
Ornithine aminotransferase 2
Ornithine aminotransferase 1
Ornithine aminotransferase, mitochondrial
Ornithine aminotransferase car2
Omega-amino acid--pyruvate aminotransferase
Probable ornithine aminotransferase, mitochondrial
Ornithine aminotransferase
Probable ornithine aminotransferase
Putative phenylalanine aminotransferase
Putrescine aminotransferase
Bifunctional aspartate aminotransferase and glutamate/aspartate-prephenate aminotransferase
Pyridoxal-dependent decarboxylase domain-containing protein 1
Probable phenylalanine aminotransferase
Glycogen phosphorylase
Alpha-glucan phosphorylase, H isozyme
Alpha-1,4 glucan phosphorylase L isozyme, chloroplastic/amyloplastic
Putative pyridoxal-dependent decarboxylase domain-containing protein 2
Glycogen phosphorylase 1
Glycogen phosphorylase 2
Alpha-1,4 glucan phosphorylase L-2 isozyme, chloroplastic/amyloplastic
Maltodextrin phosphorylase
Alpha-1,4 glucan phosphorylase L-1 isozyme, chloroplastic/amyloplastic
Proline synthase co-transcribed bacterial homolog protein
Glycogen phosphorylase, brain form
Glycogen phosphorylase, muscle form
4-aminobutyrate aminotransferase PuuE
Glycogen phosphorylase, liver form
D-serine dehydratase
Probable D-serine dehydratase
Serine decarboxylase 2
Serine decarboxylase
L-serine dehydratase
Serine decarboxylase 3
Phosphoserine aminotransferase
D-serine dehydratase 1
D-serine dehydratase 2
Serine decarboxylase 1
Cysteine desulfurase SufS
Tyrosine aminotransferase
L-threonine dehydratase catabolic TdcB
Threonine dehydratase biosynthetic, chloroplastic
Threonine dehydratase, mitochondrial
Threonine synthase-like 2
Aromatic-amino-acid aminotransferase
UPF0001 protein DR_1368
UPF0001 protein aq_274
Putative threonine dehydratase
UPF0425 pyridoxal phosphate-dependent protein Msp_0916
Methionine aminotransferase
UPF0001 protein YBL036C
Putative truncated L-serine dehydratase YIL168W
UPF0001 protein YggS
UPF0001 protein C644.09
UPF0001 protein YlmE
Putative pyridoxal-phosphate dependent protein F13B12.4
Putative metal-sulfur cluster biosynthesis proteins YuaD
