C-C motif chemokine 21b
C-C motif chemokine 13
C-C motif chemokine 23
C-C motif chemokine 8
C-C motif chemokine 2
C-C motif chemokine 21c
Eotaxin
C-C motif chemokine 17
C-C motif chemokine 4
C-C motif chemokine 18
Chitinase-like protein 4
Complement C3
Complement C5a anaphylatoxin
Complement C3 alpha chain
Growth-regulated protein homolog
Growth-regulated alpha protein
Growth-regulated protein homolog alpha
Permeability factor 2
Interleukin-17B
Viral interleukin-17
Interleukin-17D
Interleukin 17-like protein
Interleukin-17C
Interleukin-17A
NACHT, LRR and PYD domains-containing protein 4E
NACHT, LRR and PYD domains-containing protein 4F
NACHT, LRR and PYD domains-containing protein 4C
NACHT, LRR and PYD domains-containing protein 4B
NACHT, LRR and PYD domains-containing protein 4A
Protein S100-A15A
