Zinc finger CCCH domain-containing protein 53
Zinc finger CCCH domain-containing protein 4
Zinc finger CCCH domain-containing protein 25
Pre-mRNA-splicing factor CWC2
Pre-mRNA-splicing factor cwc2
Pre-mRNA-splicing factor cwf2
Probable ATP-dependent RNA helicase DDX20
SART-1 family protein DOT2
Gem-associated protein 2
Gem-associated protein 7
Gem-associated protein 5
Gem-associated protein 8
Gem-associated protein 6
Gem-associated protein 7 homolog
Gem-associated protein 4
Protein Gemin2
Methylosome subunit pICln
Chloride conductance regulatory protein ICln
Methylosome protein 50
Pre-mRNA-splicing factor RBM22
Pre-mRNA-splicing factor PFL2310w
Small nuclear ribonucleoprotein-associated protein B'
Small nuclear ribonucleoprotein E
Small nuclear ribonucleoprotein F
Small nuclear ribonucleoprotein G
Probable small nuclear ribonucleoprotein E
Squamous cell carcinoma antigen recognized by T-cells 3
Small nuclear ribonucleoprotein Sm D2
Small nuclear ribonucleoprotein Sm D3
Survival motor neuron protein
Survival of motor neuron protein
Probable small nuclear ribonucleoprotein Sm D2
Pre-mRNA-splicing factor SLT11
Pre-mRNA-splicing factor slt11
Pre-mRNA-splicing factor cwf5
Survival motor neuron-like protein 1
U4/U6.U5 tri-snRNP-associated protein 1
Small nuclear ribonucleoprotein Sm D1
U4/U6.U5 tri-snRNP-associated protein snu66
66 kDa U4/U6.U5 small nuclear ribonucleoprotein component
Snurportin-1
Serine-threonine kinase receptor-associated protein
Survival of motor neuron protein-interacting protein yip1
