Replication protein 1a
Aldehyde dehydrogenase family 16 member A1
Alpha/beta hydrolase domain-containing protein 17A
Alpha/beta hydrolase domain-containing protein 17B
ATP-binding cassette sub-family F member 3
Alpha/beta hydrolase domain-containing protein 13
Protein C4
Inactive angiotensin-converting enzyme-related protein
Abhydrolase domain-containing protein 15
Protein AC4
Fructose-bisphosphate aldolase class 1
GDP-Man:Man(3)GlcNAc(2)-PP-Dol alpha-1,2-mannosyltransferase
Beta-centractin
Aldehyde dehydrogenase family 3 member F1
KHG/KDPG aldolase
Polcalcin Ole e 3
ADP-ribosylation factor-like protein 6-interacting protein 1
Annexin B10
Alcohol O-acetyltransferase 1
IgA receptor
Autophagy-related protein 8-like protein DDB_G0290491
Brain and acute leukemia cytoplasmic protein
BON1-associated protein 2
Bacterioferritin
IgA FC receptor
Bactericidal permeability-increasing protein
Lipoprotein bor
Baicalin-beta-D-glucuronidase
Brain-enriched guanylate kinase-associated protein
Bifunctional P-450:NADPH-P450 reductase
Beta-glucosidase 20
Beta-glucuronidase
BRO1 domain-containing protein BROX
PGA synthase CapB
F-actin-capping protein subunit alpha-2
Isoflavone 2'-hydroxylase
45 kDa calcium-binding protein
PGA biosynthesis protein CapC
Coiled-coil domain-containing protein 115
Coiled-coil domain-containing protein 134
3,9-dihydroxypterocarpan 6A-monooxygenase
F-actin-capping protein subunit alpha-1
T-cell surface glycoprotein CD4
Coiled-coil domain-containing protein 88B
Coiled-coil domain-containing protein 77
Ceramide glucosyltransferase 2
Switch 2
CKLF-like MARVEL transmembrane domain-containing protein 6
Calmodulin-like protein 1
Calmodulin-like protein 3
CKLF-like MARVEL transmembrane domain-containing protein 7
C-type lectin domain family 4 member A
Cleft lip and palate transmembrane protein 1-like protein
Carbohydrate sulfotransferase 12
Cytokinin dehydrogenase
Clc-like protein 5
Putative calmodulin-like protein 2
2',3'-cyclic-nucleotide 3'-phosphodiesterase
Colorectal cancer-associated protein 1
Coronin-2B
Aromatase
Connector enhancer of kinase suppressor of ras
CCR4-NOT transcription complex subunit 10
Adsorption-inhibiting cor protein
Cytochrome P450 2M1
Cleavage and polyadenylation specificity factor subunit 2
cTAGE family member 5
High affinity cationic amino acid transporter 1
Protein CHLORORESPIRATORY REDUCTION 7, chloroplastic
Calcium up-regulated protein E
Divinyl chlorophyllide a 8-vinyl-reductase, chloroplastic
DnaJ homolog subfamily B member 12
DnaJ homolog subfamily B member 14
Dihydrolipoyl dehydrogenase
DnaJ homolog subfamily C member 5B
DnaJ homolog subfamily C member 5G
Chaperone protein dnaJ 39
Putative uncharacterized DsdX-like protein
Dymeclin
FAD-dependent decaprenylphosphoryl-beta-D-ribofuranose 2-oxidase
Probable decaprenylphosphoryl-beta-D-ribose oxidase
Protein ECM30
Epsin-2
EH domain-binding protein 1-like protein 1
Elongation of fatty acids protein 1
55 kDa erythrocyte membrane protein
Endoplasmic reticulum-Golgi intermediate compartment protein 1
Protein FAM49B
Ectonucleoside triphosphate diphosphohydrolase 2
Lanosterol synthase
Endoplasmic reticulum-Golgi intermediate compartment protein 3
Expansin-B
Protein FAM151A
Expansin-B1
Short-chain-fatty-acid--CoA ligase
Putative F-box/LRR-repeat protein At4g00320
Dimethylaniline monooxygenase  2
Putative FBD-associated F-box protein At1g50980
Flotillin-2a
Fibroblast growth factor receptor substrate 3
Putative flagella-related protein F
Glyceraldehyde-3-phosphate dehydrogenase
UDP-glucuronate 4-epimerase 3
Flotillin-2
Folate receptor gamma
Glucose-6-phosphatase 3
Integral membrane protein GPR137B
Glyceraldehyde-3-phosphate dehydrogenase A
Guanylate-binding protein 7
Gibberellin 2-beta-dioxygenase 4
Galactokinase
Probable L-gulonolactone oxidase 1
Probable L-gulonolactone oxidase 6
Probable L-gulonolactone oxidase 4
Probable rho GDP-dissociation inhibitor
L-gulonolactone oxidase 5
Glycosylation-dependent cell adhesion molecule 1
Glioma pathogenesis-related protein 1
L-gulonolactone oxidase 2
Glycosylphosphatidylinositol anchor attachment 1 protein
GRAM domain-containing protein 1B
G protein-coupled receptor kinase 6
G2 and S phase-expressed protein 1
17 kDa gas vesicle protein C
Gas vesicle protein C
Glycogen  synthase, muscle
Plasmodium-specific hydrophobic abundant protein
Glutathione reductase
L-gulono-1,4-lactone dehydrogenase
H-2 class II histocompatibility antigen, I-E beta chain
Solute carrier family 2, facilitated glucose transporter member 5
35 kDa gas vesicle protein C
Protein HID1
Endoglucanase 3
Gas vesicle protein C 2
H-2 class II histocompatibility antigen, E-B beta chain
H-2 class II histocompatibility antigen, E-S beta chain
Hippocalcin-like protein 1
Leader peptidase HopD
ERAD-associated E3 ubiquitin-protein ligase component HRD3A
Hordoindoline-A
ADP-L-glycero-D-manno-heptose-6-epimerase
Body wall muscle protein HR-29
HEAT repeat-containing protein 5B
Hyaluronan mediated motility receptor
Halomucin
Heat shock 70 kDa protein 14
Heparanase
Inhibitor of Bruton tyrosine kinase
Hyccin
Interleukin-12 subunit beta
Inhibitor of nuclear factor kappa-B kinase-interacting protein
Interferon-inducible GTPase 5
Inositol 1,4,5-trisphosphate receptor-interacting protein-like 1
Interleukin-32
Iron-regulated surface determinant protein H
Interleukin-27 subunit beta
Integrin alpha-M
Kremen protein 2
Loss of heterozygosity 12 chromosomal region 1 protein homolog
Kremen protein 1
Long-chain-fatty-acid--CoA ligase
Lipase member H
LOB domain-containing protein 24
Lipase member H-B
LMBR1 domain-containing protein 2
LOB domain-containing protein 13
Lipase maturation factor 2
Leucine-rich repeat-containing protein 57
Leucine-rich repeat-containing protein 40
Low-density lipoprotein receptor-related protein 10
Protein PFC0760c
Leucine-rich repeat-containing protein 1
Probable cell wall hydrolase LytN
Lipase member H-A
Myristoylated alanine-rich C-kinase substrate
Mannosyl-oligosaccharide 1,2-alpha-mannosidase IA
Melanoma-associated antigen D2
Membrane antigen containing repeating peptides
Membrane-associated guanylate kinase, WW and PDZ domain-containing protein 1
MLN64 N-terminal domain homolog
Maltose/maltodextrin import ATP-binding protein MalK
Membrane protein of ER body 1
MAM and fibronectin type III domain-containing protein 1
(S)-mandelate dehydrogenase
Membrane protein of ER body-like protein
Major membrane protein 1
Membrane protein of ER body 2
Major membrane protein I
ER degradation-enhancing alpha-mannosidase-like protein 1
MAGUK p55 subfamily member 7
Protein MIZU-KUSSEI 1
MAM and LDL-receptor class A domain-containing protein 1
MAM and LDL-receptor class A domain-containing protein 2
Malectin
Muramidase-released protein
Motile sperm domain-containing protein 2
Fibrinogen- and Ig-binding protein
Neutral cholesterol ester hydrolase 1
Myocardial zonula adherens protein
Sialidase A
Oxygen-insensitive NAD(P)H nitroreductase
Neurobeachin
Nodal modulator 1
Non-specific lipid-transfer protein AP10
Neuferricin homolog
Glycylpeptide N-tetradecanoyltransferase 1
Glycylpeptide N-tetradecanoyltransferase 2
Nucleobindin-1
Sodium/bile acid cotransporter
Glycine betaine/carnitine/choline transport ATP-binding protein OpuCA
Protein 9b
Dihydrolipoyllysine-residue acetyltransferase component 4 of pyruvate dehydrogenase complex, chloroplastic
Choline transport ATP-binding protein OpuBA
Phosphatidylinositol 4-kinase type 2-beta
Partitioning defective 3 homolog B
Membrane protein 2
Otopetrin-1
Otopetrin-3
Plasminogen-binding group A streptococcal M-like protein PAM
Programmed cell death protein 2-like
Accessory protein p30II
Choline-phosphate cytidylyltransferase A
Podocalyxin-like protein 2
Polygalacturonase inhibitor 1
Phosphatidylinositol 5-phosphate 4-kinase type-2 gamma
Pleckstrin homology domain-containing family A member 4
Pleckstrin homology-like domain family A member 2
Piscidin-3
Protein PET10
Polygalacturonase inhibitor 2
Putative surface protein SAV2496/SAV2497
Polygalacturonase inhibitor 3
Perilipin-2
Probable 1-acyl-sn-glycerol-3-phosphate acyltransferase
Accumulation-associated protein
Phosphatidylinositol 4-phosphate 5-kinase-like protein 1
Polycystic kidney disease 2-like 2 protein
Pleurocidin
Phosphatidylinositol 4-phosphate 5-kinase type-1 beta
1-acyl-sn-glycerol-3-phosphate acyltransferase
GPI transamidase component PIG-S
Polycystic kidney disease protein 1-like 2
Putative surface protein SACOL0050
Putative surface protein SA2285
Surface protein
Protein PPLZ12
Putative surface protein MW2416
Proline-serine-threonine phosphatase-interacting protein 2
Pentatricopeptide repeat-containing protein At1g09900
Puroindoline-A
CTP synthase 1
Putative Ras-related protein Rab-42
Ras-related protein Rab-24
Renin
Ribonuclease Y
60S ribosomal protein L7-4
40S ribosomal protein S10-3
40S ribosomal protein S10-1
RUS1 family protein C16orf58
RUS1 family protein C16orf58 homolog
Ceramide very long chain fatty acid hydroxylase SCS7
Serine-aspartate repeat-containing protein C
Serine-aspartate repeat-containing protein D
Serine-aspartate repeat-containing protein I
Levansucrase
Putative membrane fusion protein SilB
Sialic acid-binding Ig-like lectin 6
Sperm surface protein Sp17
Spanin, outer lipoprotein subunit
20 kDa calcium-binding protein
VPS10 domain-containing receptor SorCS1
Immunoglobulin G-binding protein H
Spore coat polysaccharide biosynthesis protein SpsB
Beta-N-acetylhexosaminidase
Sushi, von Willebrand factor type A, EGF and pentraxin domain-containing protein 1
Striatin homolog
Synaptotagmin-17
Hepatitis A virus cellular receptor 2 homolog
Transmembrane protein 59-like
Membrane protein TMS1
Lysoplasmalogenase
Target of Myb protein 1
Lymphotoxin-alpha
Signal transduction protein TRAP
Snake venom vascular endothelial growth factor toxin
Snake venom vascular endothelial growth factor toxin VR-1'
Snake venom vascular endothelial growth factor toxin apiscin
Snake venom vascular endothelial growth factor toxin barietin
Snake venom vascular endothelial growth factor toxin HF
PDGF-related-transforming protein sis
Virion egress protein BFLF2
Virion egress protein UL31 homolog
Snake venom vascular endothelial growth factor toxin ICPP
Snake venom vascular endothelial growth factor toxin cratrin
Protein UL135
Snake venom vascular endothelial growth factor toxin 1
Snake venom vascular endothelial growth factor toxin VR-1
Snake venom vascular endothelial growth factor toxin 2
Snake venom vascular endothelial growth factor toxin vammin
Virion egress protein 29
Virion egress protein UL31
Virion egress protein 69
UDP-glucuronosyltransferase 2B7
Protein E5
Protein rIIA
Lipopolysaccharide 1,2-N-acetylglucosaminetransferase
XK-related protein 4
XK-related protein 7
XK-related protein 6
XK-related protein 5
V-set and immunoglobulin domain-containing protein 2
Alpha-xylosidase A
Protein rIIB
O-antigen biosynthesis glycosyltransferase WbnK
XK-related protein 9
VHS domain-containing protein At3g16270
Putative metal ion transporter C17A12.14
UPF0695 membrane protein C977.11/PB8B6.06c
Putative glycosyltransferase C06E1.7
Putative band 7 family protein R614
Protein YTP1
