Putative UPF0051 protein ABCI9
Probable cytosolic iron-sulfur protein assembly protein CIAO1
Probable cytosolic iron-sulfur protein assembly protein 1
Probable cytosolic iron-sulfur protein assembly protein Ciao1
Probable cytosolic iron-sulfur protein assembly protein CIAO1 homolog
Probable cytosolic iron-sulfur protein assembly protein ciao1-A
Probable cytosolic iron-sulfur protein assembly protein ciao1
Probable cytosolic iron-sulfur protein assembly protein ciao1-B
Sulfur acceptor protein CsdE
Protein CyaY
MIP18 family protein FAM96A
MIP18 family protein FAM96B
Frataxin
Iron-sulfur cluster assembly scaffold protein IscU 1
Iron-sulfur cluster assembly scaffold protein IscU 2
Protein IscX
Iron-sulfur cluster assembly scaffold protein IscU
Iron sulfur cluster assembly protein 1
FeS cluster assembly protein SufB
FeS cluster assembly protein SufD
MIP18 family protein CG7949
MIP18 family protein F45G2.10
MIP18 family protein CG30152
UPF0051 protein MT1508
UPF0051 protein MT1509
UPF0051 protein slr0074
UPF0051 protein MJ0034
UPF0051 protein Mb1497
UPF0051 protein SSP1857
UPF0051 protein slr0076
UPF0051 protein MTH_1150
UPF0051 protein PH1385
UPF0051 protein AF_2365
UPF0051 protein SE_0610
UPF0051 protein Mb1496
UPF0051 protein SH2035
UPF0051 protein SAOUHSC_00851
UPF0051 protein SAUSA300_0822
UPF0051 protein SACOL0918
UPF0051 protein MW0799
UPF0051 protein ML0593
UPF0051 protein SAV0846
UPF0051 protein MTH1150 homolog
UPF0051 protein ycf24
UPF0051 protein ML0594
UPF0051 protein SAB0778
UPF0051 protein SERP0500
UPF0051 protein SA0778
UPF0051 protein SAS0788
UPF0051 protein PH0883
UPF0051 protein SAR0880
UPF0051 protein in atpA 3'region
MIP18 family protein YHR122W
