Acetyl-CoA decarbonylase/synthase complex subunit alpha 1
Acetyl-CoA decarbonylase/synthase complex subunit alpha 2
Acetyl-CoA decarbonylase/synthase complex subunit alpha 3
Acetyl-CoA decarbonylase/synthase complex subunit beta 1
Acetyl-CoA decarbonylase/synthase complex subunit beta 2
Carbon monoxide dehydrogenase 1
Carbon monoxide dehydrogenase 2
Carbon monoxide dehydrogenase/acetyl-CoA synthase subunit beta
Coenzyme F420 hydrogenase subunit alpha
Coenzyme F420 hydrogenase subunit gamma
Coenzyme F420 hydrogenase subunit beta
Hydrogenase expression/formation protein HoxV
Hydrogenase expression/formation protein HupK
Hydrogenase expression/formation protein HupV
Probable hydrogenase nickel incorporation protein HypA 1
Hydrogenase nickel incorporation protein HypA
Probable hydrogenase nickel incorporation protein HypA
Protein HypA
Probable hydrogenase nickel incorporation protein HybF
Sulfhydrogenase 1 subunit alpha
Probable hydrogenase nickel incorporation protein HypA 2
NAD-reducing hydrogenase HoxS subunit beta
Hydrogenase/urease nickel incorporation protein HypA
Sulfhydrogenase 2 subunit alpha
Lactoylglutathione lyase
Hydrogenase-2 large chain
Acireductone dioxygenase
Acireductone dioxygenase 2
Acireductone dioxygenase 1
F420-non-reducing hydrogenase subunit A
Bis(5'-nucleosyl)-tetraphosphatase PrpE
2-keto-3-deoxy-L-rhamnonate aldolase
F420-non-reducing hydrogenase vhc subunit A
F420-non-reducing hydrogenase vhu subunit A
F420-non-reducing hydrogenase vhu subunit U
