Interferon-inducible protein AIM2
Apoptosis-associated speck-like protein containing a CARD
Caspase recruitment domain-containing protein 14
CD40 ligand
Cell death-inducing p53-target protein 1
CD70 antigen
CD27 antigen
CAP-Gly domain-containing linker protein 3
COMM domain-containing protein 7
Tumor necrosis factor receptor superfamily member EDAR
Ectodysplasin-A receptor-associated adapter protein
Protein FAN
Forkhead box protein O3
Protein grindelwald
Inhibitor of nuclear factor kappa-B kinase subunit alpha
Inhibitor of nuclear factor kappa-B kinase subunit beta
Keratin, type II cytoskeletal 8
Keratin, type I cytoskeletal 18
Mitogen-activated protein kinase kinase kinase 14
Mitogen-activated protein kinase kinase kinase 7
MAP kinase-activating death domain protein
Nuclear factor NF-kappa-B p100 subunit
Death domain-containing membrane protein NRADD
Sphingomyelin phosphodiesterase 3
Sphingomyelin phosphodiesterase 2
Plasmalemma vesicle-associated protein
Pyrin domain-containing protein 1
Transcription factor RelB
Serine proteinase inhibitor 2
Tax1-binding protein 1
TGF-beta-activated kinase 1 and MAP3K7-binding protein 1
Tumor necrosis factor ligand superfamily member 12
Tumor necrosis factor ligand superfamily member 4
Tumor necrosis factor receptor superfamily member 11A
Tumor necrosis factor receptor superfamily member 21
Tumor necrosis factor receptor superfamily member 25
Tumor necrosis factor receptor superfamily member 5
Tumor necrosis factor receptor superfamily member 9
Tumor necrosis factor ligand superfamily member 15
Tumor necrosis factor receptor superfamily member 12A
Tumor necrosis factor receptor superfamily member 16
Tumor necrosis factor receptor superfamily member 18
Tumor necrosis factor receptor superfamily member 1A
Tumor necrosis factor receptor superfamily member 6
Tumor necrosis factor receptor superfamily member 8
Tumor necrosis factor ligand superfamily member 13
Tumor necrosis factor receptor superfamily member 17
Tumor necrosis factor receptor superfamily member 19
Tumor necrosis factor ligand superfamily member 11
Tumor necrosis factor receptor superfamily member 6B
Lymphotoxin-alpha
Tumor necrosis factor
Tumor necrosis factor receptor superfamily member 26
Tumor necrosis factor receptor superfamily member 27
Tumor necrosis factor receptor superfamily member 4
Tumor necrosis factor receptor superfamily member 10B
Tumor necrosis factor receptor superfamily member 11B
Tumor necrosis factor receptor superfamily member 13B
Tumor necrosis factor ligand superfamily member 13B
Tumor necrosis factor ligand superfamily member 14
Tumor necrosis factor ligand superfamily member 18
Tumor necrosis factor receptor superfamily member 10A
Tumor necrosis factor receptor superfamily member 19L
Tumor necrosis factor receptor superfamily member 10D
Lymphotoxin-beta
Tumor necrosis factor receptor superfamily member 13C
Tumor necrosis factor receptor type 1-associated DEATH domain protein
Tumor necrosis factor receptor superfamily member 10C
Thioredoxin domain-containing protein 17
NEDD8-activating enzyme E1 catalytic subunit
Tumor necrosis factor receptor superfamily member wengen
