Putative uridine kinase DAS2
Phosphoribulokinase, chloroplastic
Probable phosphoribulokinase
Uridine-cytidine kinase 2
Uridine-cytidine kinase D
Uridine kinase-like protein 1, chloroplastic
Uridine-cytidine kinase 1
Uridine-cytidine kinase 2-B
Uridine-cytidine kinase 1-A
Uridine-cytidine kinase C
Uridine-cytidine kinase-like 1
Probable uridine-cytidine kinase
Uridine kinase-like protein 5
Putative uracil phosphoribosyltransferase urg2
Uracil phosphoribosyltransferase
Uridine-cytidine kinase B
Uridine-cytidine kinase 2-A
Uridine kinase-like protein 4
Uridine kinase
Uridine-cytidine kinase 1-B
Uracil phosphoribosyltransferase homolog
Uridine-cytidine kinase A
Uridine kinase-like protein 2, chloroplastic
Uridine kinase-like protein 3
Uracil phosphoribosyltransferase, chloroplastic
Putative uridine kinase C227.14
