HLA class II histocompatibility antigen, DRB1-1 beta chain
5-hydroxytryptamine receptor 2A
Angiotensin-converting enzyme 2
Neutral amino acid transporter B(0)
Aminopeptidase N
Scavenger receptor cysteine-rich type 1 protein M130
CD209 antigen-like protein A
T-lymphocyte activation antigen CD80
C-C chemokine receptor type 5
T-lymphocyte activation antigen CD86
Carcinoembryonic antigen-related cell adhesion molecule 1
C-type lectin domain family 4 member M
Cadherin-related family member 3
C-type lectin domain family 5 member A
C-type lectin domain family 4 member G
Claudin-1
Complement receptor type 2
Complement receptor type 1
Coxsackievirus and adenovirus receptor homolog
C-X-C chemokine receptor type 4
Complement decay-accelerating factor, GPI-anchored
Dystroglycan
Complement decay-accelerating factor transmembrane isoform
Dipeptidyl peptidase 4
Ephrin-B2
Ephrin-B3
Feline leukemia virus subgroup C receptor-related protein 1
Glycophorin-A
Hepatitis A virus cellular receptor 1
Heat shock 70 kDa protein 1A
Heat shock protein HSP 90-alpha
Hyaluronidase-2
Heat shock 70 kDa protein 1B
Intercellular adhesion molecule 1
Integrin alpha-V
Integrin beta-6
Junctional adhesion molecule A
Integrin beta-5
Integrin beta-7
Integrin alpha-2
Integrin beta-1
Low-density lipoprotein receptor
Maltoporin
Lysosome-associated membrane glycoprotein 1
Membrane cofactor protein
Myelin-oligodendrocyte glycoprotein
Macrophage mannose receptor 1
Neural cell adhesion molecule 1
Niemann-Pick C1 protein
Sodium/bile acid cotransporter
Nectin-4
Poliovirus receptor
Nectin-1
40S ribosomal protein SA
Solute carrier family 52, riboflavin transporter, member 2
Sodium-dependent phosphate transporter 2
Solute carrier family 52, riboflavin transporter, member 1
Lysosome membrane protein 2
P-selectin glycoprotein ligand 1
Sialoadhesin
Signaling lymphocytic activation molecule
Serpin B3
Transferrin receptor protein 1
Tumor necrosis factor receptor superfamily member 4
Tumor necrosis factor receptor superfamily member 14
Tyrosine-protein kinase receptor TYRO3
Tyrosine-protein kinase receptor UFO
Xenotropic and polytropic retrovirus receptor 1
Xenotropic and polytropic retrovirus receptor 1 homolog
