Meiotic recombination protein DMC1 homolog
Protein DYAD
Kelch domain-containing protein 3
Meiotic coiled-coil protein 7
DExH-box ATP-dependent RNA helicase DExH17
DNA replication licensing factor REC
Meiotic recombination 1 protein
Meiotic nuclear division protein 1 homolog
DNA mismatch repair protein MLH2
DNA mismatch repair protein MLH1
DNA mismatch repair protein MLH3
Meiotic nuclear division protein 1
Meiotic sister chromatid recombination protein 1
DNA mismatch repair protein MSH3
Meiotic sister-chromatid recombination protein 3
Putative aldehyde dehydrogenase-like protein YHR039C
Meiotic sister-chromatid recombination protein 6, mitochondrial
Nijmegen breakage syndrome 1 protein
Pachytene checkpoint protein 2
Pachytene checkpoint protein 2 homolog
DNA damage checkpoint control protein RAD17
DNA repair and recombination protein RAD54B
Recombination protein 107
Meiotic recombination protein rdh54
DNA repair and recombination protein RDH54
Meiotic recombination protein REC114
Checkpoint protein RAD24
Meiotic recombination protein rec15
Meiotic recombination protein rec25
Meiotic recombination protein rec6
Meiotic recombination protein rec27
Meiotic recombination protein rec12
Meiotic recombination protein rec24
Replication protein A 70 kDa DNA-binding subunit A
Meiotic recombination protein rec10
Meiotic recombination protein rec7
Meiotic recombination protein REC102
Reduced meiotic recombination protein C1442.04c
Reduced meiotic recombination protein 1
Pachytene arrest protein SAE3
Antiviral protein SKI8
Meiotic recombination protein SPO11-4
