Zinc transport system ATP-binding protein AdcC
AP-3 complex subunit beta-1
AP-3 complex subunit delta-1
Cation efflux system protein CzcD
Metal cation efflux system protein CzcD
Cadmium, cobalt and zinc/H(+)-K(+) antiporter
Sugar transporter ERD6-like 7
Cation-efflux pump FieF
Ferrous-iron efflux pump FieF
Low-affinity Fe(2+) transport protein
Metal ABC transporter substrate-binding lipoprotein
Metal tolerance protein A2
Zinc transporter ZIP9-B
Zinc transporter ZIP9-A
Zinc transporter ZIP5
Zinc transporter SLC39A7
Zinc transporter ZIP8
Zinc transporter ZIP9
Zinc transporter Slc39a7
Zinc transporter ZIP3
Zinc transporter ZIP13
Zinc transporter ZIP12
Zinc transport system membrane protein TroD
Zinc transport system ATP-binding protein TroB
Periplasmic zinc-binding protein TroA
Zinc transport system membrane protein TroC
Zinc transporter 6
Zinc transporter 7
Zinc transporter 8
High-affinity zinc uptake system protein ZnuA
High-affinity zinc uptake system membrane protein ZnuB
Zinc transporter 3
High-affinity zinc uptake system ATP-binding protein ZnuC
Zinc-transporting ATPase
Zinc transporter ZupT
Zinc transporter 1
Zinc transporter 4
Zinc transporter 6-A
Zinc transporter 7-B
Zinc transporter 9
High-affinity zinc uptake system binding-protein ZnuA
Zinc transporter 6-B
Zinc transporter 2
Zinc transporter 7-A
Zinc transporter 5
