ABC transporter C family member 13
ABC transporter B family member 25
Aspartate aminotransferase, cytoplasmic isozyme 1
ABC transporter I family member 17
ABC transporter G family member 36
ADP,ATP carrier protein 2, mitochondrial
Probable 6-phosphogluconolactonase 2
ABC transporter A family member 1
Acetate permease A
Altered inheritance of mitochondria protein 20
Aconitate hydratase 2, mitochondrial
Accumulation of dyads protein 2
Aluminum-activated malate transporter 6
Protein AUXIN SIGNALING F-BOX 2
Ammonium transporter 1
Probable L-ascorbate peroxidase 3
Allene oxide cyclase 3, chloroplastic
Autophagy-related protein 18d
Autophagy-related protein 11
Autophagy-related protein 14
Autophagy-related protein 18f
Autophagy-related protein 22-2
Autophagy-related protein 18
Autophagy-related protein 21
Autophagy-related protein 22
Autophagy-related protein 32
Autophagy-related protein 18h
Autophagy-related protein 22-1
Autophagy-related protein 28
Autophagy-related protein 18b
Autophagy-related protein 9
Autophagy-related protein 18c
Autophagy-related protein 18e
Pyrophosphate-energized vacuolar membrane proton pump
Autophagy-related protein 18g
Vacuolar amino acid transporter 2
Autophagy-related protein 18a
Target of rapamycin complex 2 subunit AVO2
Target of rapamycin complex 2 subunit AVO1
Vacuolar amino acid transporter 3
Protein AUXIN RESPONSE 4
Probable glucan endo-1,3-beta-glucosidase At4g16260
Vacuolar protein sorting-associated protein 30
Beta-galactosidase 15
Protein BTN1
Target of rapamycin complex 2 subunit BIT61
Cationic amino acid transporter 9, chloroplastic
Calreticulin-1
Boron transporter 1
Protein BRE4
Vacuolar cation/proton exchanger 2
Vacuolar cation/proton exchanger 4
Bax inhibitor 1
Cationic amino acid transporter 8, vacuolar
Putative vacuolar cation/proton exchanger 6
Carboxypeptidase S
Secologanin synthase
Vacuolar cation/proton exchanger 3
Vacuolar cation/proton exchanger 1a
Vacuolar cation/proton exchanger 1b
Vacuolar cation/proton exchanger 1c
Putative vacuolar cation/proton exchanger 4
Vacuolar cation/proton exchanger 5
Vacuolar fusion protein CCZ1
Chaperonin CPN60-like 2, mitochondrial
Cation/calcium exchanger 1
Chaperonin CPN60, mitochondrial
Protein high chlorophyll fluorescent 107
Chaperonin CPN60-like 1, mitochondrial
Calcineurin B-like protein 6
Calmodulin-like protein 12
COBRA-like protein 4
Coatomer subunit epsilon-1
Peptidyl-prolyl cis-trans isomerase CYP18-4
Putative chloroquine resistance transporter
Chloroquine resistance transporter
Cold-regulated 413 plasma membrane protein 2
Cystinosin homolog
Cytochrome c-1
Cysteine synthase 1
Mannosyl phosphorylinositol ceramide synthase CSH1
Probable dipeptidyl-aminopeptidase B
Cysteine proteinase inhibitor 1
Dipeptidyl-aminopeptidase B
Peroxisomal 2,4-dienoyl-CoA reductase
Mitochondrial dicarboxylate/tricarboxylate transporter DTC
Protein DETOXIFICATION 30
Protein DETOXIFICATION 14
Protein DETOXIFICATION 16
Dynamin-2A
Protein DETOXIFICATION 32
Protein EAR1
Protein DETOXIFICATION 31
Protein DETOXIFICATION 33
Elongation factor 1-alpha 3
Calcium-transporting ATPase 1, endoplasmic reticulum-type
Clathrin interactor EPSIN 2
Equilibrative nucleotide transporter 1
Sugar transporter ERD6-like 6
Cystine transporter
Putative F-box/kelch-repeat protein At1g12870
Flotillin-like protein 2
Fasciclin-like arabinogalactan protein 2
Peptidyl-prolyl cis-trans isomerase FKBP42
Protein FMP42
Glyceraldehyde-3-phosphate dehydrogenase GAPC1, cytosolic
Probable galacturonosyltransferase 3
G-protein coupled receptor 1
Glutathione exchanger 1
Gamma-glutamyltranspeptidase 2
GCR1-dependent translation factor 1
Glutathione exchanger 2
Bifunctional 6(G)-fructosyltransferase/2,1-fructan:2,1-fructan 1-fructosyltransferase
Glucose N-acetyltransferase 1-B
Putative glycerol-3-phosphate transporter 4
Glucose N-acetyltransferase 1-A
Glutathione S-transferase U19
Glucose-6-phosphate/phosphate translocator 2, chloroplastic
Histone H4
Potassium transporter 10
Glutathione S-transferase F8, chloroplastic
Histone deacetylase HDT2
Histone H4 variant TH011
SVP1-like protein 2
Heat shock protein 90-5, chloroplastic
Heat shock 70 kDa protein 17
Heat shock protein 90-4
Heat shock 70 kDa protein 10, mitochondrial
Interacting with cytoskeleton protein 1
Vacuolar membrane-associated protein iml1
Eukaryotic initiation factor 4A-2
Eukaryotic initiation factor 4A-3
Vacuolar membrane-associated protein IML1
Adenylate kinase 4
Adenylate kinase 3
Pheromone-processing carboxypeptidase kex1
Target of rapamycin complex subunit LST8
NADP-dependent malic enzyme 2
Protein LST7
GPI ethanolamine phosphate transferase 1
Probable transporter MCH1
Protein LST4
PsbB mRNA maturation factor Mbb1, chloroplastic
Malate dehydrogenase, chloroplastic
Protein MAM3
Probable transporter mch1
Probable mediator of RNA polymerase II transcription subunit 37c
Magnesium/proton exchanger
Probable mediator of RNA polymerase II transcription subunit 37e
Magnesium/proton exchanger 1
Magnesium/proton exchanger 2
Vacuolar fusion protein mon1
Molybdate transporter 2
Mitochondrial pyruvate carrier 1
Vacuolar fusion protein MON1
Mitochondrial phosphate carrier protein 3, mitochondrial
Mechanosensitive ion channel protein 6
Myotubularin-related protein 2
Myotubularin-related protein 13
Metal tolerance protein 2
Metal tolerance protein 4
Metal tolerance protein C4
Metal tolerance protein 3
Metal tolerance protein 6
Metal tolerance protein 9
Metal tolerance protein 12
Metal tolerance protein 5
Metal tolerance protein 8
Metal tolerance protein 7
S-norcoclaurine synthase 2
Sodium/hydrogen exchanger 3
NADH dehydrogenase  1 beta subcomplex subunit 9
Protein NETWORKED 3A
Protein NETWORKED 4A
Sodium/hydrogen exchanger 2
Sodium/hydrogen exchanger 4
Pyruvate dehydrogenase E1 component subunit beta-1, mitochondrial
Dolichyl-diphosphooligosaccharide--protein glycosyltransferase subunit 1B
Protein OPY2
Dolichyl-diphosphooligosaccharide--protein glycosyltransferase 48 kDa subunit
Prenylcysteine oxidase-like
Polyadenylate-binding protein 3
Protein disulfide isomerase-like 1-2
Protein disulfide-isomerase like 2-1
Protein disulfide isomerase-like 1-4
Fe(2+)/Mn(2+) transporter pcl1
Peroxidase 54
Vacuolar membrane protease
Protein disulfide-isomerase 5-2
Phosphate metabolism protein 6
Protein disulfide isomerase-like 1-3
Prohibitin-1, mitochondrial
Prohibitin-6, mitochondrial
ATPase 9, plasma membrane-type
Plasma membrane proteolipid 31
Probable methyltransferase PMT1
Phosphatidylinositol 3-phosphate-binding protein 2
Probable methyltransferase PMT4
Probable methyltransferase PMT8
Probable methyltransferase PMT9
Probable methyltransferase PMT14
Peroxisomal and mitochondrial division factor 2
Potassium transporter 13
Endopolyphosphatase
Potassium transporter 4
Pentatricopeptide repeat-containing protein At1g13040, mitochondrial
Pectinesterase/pectinesterase inhibitor 18
Potassium transporter 3
Pectinesterase 1
Proteasome subunit alpha type-5-A
Proteasome subunit alpha type-6-A
Mitochondrial uncoupling protein 1
Proteasome subunit beta type-3-A
Protein NRT1/ PTR FAMILY 5.12
Ras-related protein RABA5a
60S ribosomal protein L18a-2
Ras-related protein Rab-7b
Ras-related protein RabK1
RAN GTPase-activating protein 2
Ras-related protein RabN2
Ras-related protein RABG3f
Peroxisomal nicotinamide adenine dinucleotide carrier
Cytochrome b-c1 complex subunit 7-1
Ras-related protein Rab-7A
Ras-related protein RabL
Ras-related protein Rab-7B
Ras-related protein RabK2
Ras-related protein RabN1
Ras-related protein RabK3
Ras-related protein RabM
Ras-related protein RABF2b
Ras-related protein RABG3c
40S ribosomal protein S15a-1
Ras-related protein RABG1
Ras-related protein RABG3e
Ras-related protein RABH1b
Protein ROOT HAIR DEFECTIVE 3
UDP-arabinopyranose mutase 1
60S ribosomal protein L13-1
60S ribosomal protein L26-1
60S ribosomal protein L15-1
60S ribosomal protein L34-2
60S ribosomal protein L7a-2
60S ribosomal protein L36-3
60S ribosomal protein L7a-1
60S ribosomal protein L36-2
Dolichyl-diphosphooligosaccharide--protein glycosyltransferase subunit 2
40S ribosomal protein S25-2
40S ribosomal protein S14-1
40S ribosomal protein S15-4
40S ribosomal protein S15-1
40S ribosomal protein S9-1
40S ribosomal protein S4-1
40S ribosomal protein S5-1
40S ribosomal protein S24-1
40S ribosomal protein S4-2
Reticulon-like protein B3
Ras-like GTP-binding protein RYL2
Solute carrier family 22 member 17
Proton-coupled amino acid transporter 1
Proton-coupled amino acid transporter 3
Proton-coupled amino acid transporter 2
Proton-coupled amino acid transporter 4
Phosphoinositide phosphatase SAC1
Protein transport protein SEC13
Monocopper oxidase-like protein SKU5
Neutral and basic amino acid transport protein rBAT
Succinate dehydrogenase subunit 6, mitochondrial
Signal peptide peptidase-like 3
SNF1 protein kinase subunit beta-1
Alpha-soluble NSF attachment protein
Beta-soluble NSF attachment protein
Alpha-soluble NSF attachment protein 1
Probable amino acid transporter skat-1
Manganese transporter SMF2
Sorting nexin-4
Protein ssh4
Probable sucrose-phosphatase 1
Protein SSH4
Protein STRICTOSIDINE SYNTHASE-LIKE 8
Dipeptidyl aminopeptidase A
SPX domain-containing membrane protein At1g63010
Protein STRICTOSIDINE SYNTHASE-LIKE 1
Protein STRICTOSIDINE SYNTHASE-LIKE 3
SEC12-like protein 2
Tubulin beta-5 chain
Topoisomerase I damage affected protein 7
Tubulin beta-9 chain
Trans-cinnamate 4-monooxygenase
3-ketoacyl-CoA thiolase 2, peroxisomal
Protein TOC75-3, chloroplastic
Tetraspanin-19
Tetraspanin-20
Aquaporin TIP1-2
Aquaporin TIP2-1
Aquaporin TIP2-2
Aquaporin TIP4-1
Aquaporin TIP4-2
Aquaporin TIP5-1
Probable aquaporin TIP-type alpha
Translationally-controlled tumor protein 1
Probable aquaporin TIP1-1
Probable aquaporin TIP-type RB7-18C
Probable aquaporin TIP3-1
Probable aquaporin TIP3-2
Transmembrane protein 138
Transmembrane 9 superfamily member 8
Mitochondrial import receptor subunit TOM40-1
Mitochondrial import receptor subunit TOM9-2
Probable aquaporin TIP-type RB7-5A
Aquaporin TIP3-1
Aquaporin TIP3-2
Aquaporin TIP4-4
Probable aquaporin TIP-type
Transmembrane 9 superfamily member 3
Transmembrane 9 superfamily member 7
Aquaporin TIP1-1
Probable aquaporin TIP4-1
Tripeptidyl-peptidase 2
Probable aquaporin TIP2-1
Aquaporin TIP4-3
Mitochondrial import receptor subunit TOM20-4
Target of rapamycin complex 2 subunit TSC11
Polyubiquitin 9
V-type proton ATPase subunit e
Vacuolar protein 8
V-type proton ATPase catalytic subunit A
V-type proton ATPase 16 kDa proteolipid subunit
V-type proton ATPase subunit S1
Vacuolar segregation protein 7
Vacuolar basic amino acid transporter 5
Vacuolar calcium ion transporter
Vacuolar iron transporter 1.2
Vacuolar iron transporter homolog 1
Vacuolar basic amino acid transporter 4
Vacuolar iron transporter 1.1
Vacuolar iron transporter homolog 3
Vacuolar iron transporter homolog 5
V-type proton ATPase subunit C
V-type proton ATPase 16 kDa proteolipid subunit 2
Vacuolar protein sorting-associated protein 20
Protein VAC14 homolog
V-type proton ATPase subunit c4
Vacuolar iron transporter homolog 2
Vacuolar iron transporter homolog 4
Vacuole membrane protein 1
Vacuolar iron transporter 1
Protein WALLS ARE THIN 1
V-type proton ATPase subunit B2
V0 assembly protein 1
D-xylose-proton symporter-like 1
D-xylose-proton symporter-like 2
Vacuolar iron transporter homolog 2.1
Phosphatidylinositol 3-kinase vps34
Probable WRKY transcription factor 16
Probable inactive receptor kinase At1g48480
ATP-dependent bile acid permease
Putative dipeptidyl aminopeptidase C2E11.08
Putative transporter C543.05c
Putative dipeptidyl aminopeptidase C14C4.15c
Ankyrin and IPT/TIG repeat-containing protein C26H5.05
UPF0494 membrane protein C1348.01
Vacuolar membrane protein FOSTERSB_4073
Vacuolar membrane protein YNL058C
Vacuolar membrane protein SCRG_03194
Vacuolar membrane protein FOSTERSO_4058
Vacuolar membrane protein YOR292C
GTP-binding protein ypt71
FAS1 domain-containing protein YLR001C
Vacuolar membrane protein KLTH0G09570g
Probable cation-transporting ATPase W08D2.5
Putative purine permease C1399.01c
FYVE-type zinc finger-containing protein C9B6.03
Vacuolar membrane protein CAGL0J10076g
Vacuolar membrane protein SCY_4732
Vacuolar membrane protein VL3_4134
Vacuolar membrane protein YPL162C
UPF0494 membrane protein CPT2R1.01c
Vacuolar membrane protein Kpol_1003p17
Vacuolar membrane protein EC1118_1N9_3125g
Vacuolar membrane protein VIN13_4115
Vacuolar membrane protein KLLA0F03465g
Vacuolar membrane protein C1Q_01198
Vacuolar membrane protein QA23_4119
Vacuolar membrane protein ZYRO0A01628g
Calcium channel YVC1
Probable metal-nicotianamine transporter YSL4
Probable metal-nicotianamine transporter YSL6
