ADP-ribosylation factor GTPase-activating protein effector protein 1
Disintegrin and metalloproteinase domain-containing protein 10
Cytosol aminopeptidase
Phospholipid-transporting ATPase 3
Probable ADP-ribosylation factor GTPase-activating protein AGD5
ADP-ribosylation factor-related protein 1
AP-4 complex subunit mu-1
ADP-ribosylation factor-like protein 1
Arf-GAP with Rho-GAP domain, ANK repeat and PH domain-containing protein 1
AP-2 complex subunit beta
Calcium-transporting ATPase type 2C member 1
Probable phospholipid-transporting ATPase DRS2
Autophagy-related protein 9A
Probable phospholipid-transporting ATPase IIA
Probable phospholipid-transporting ATPase IIB
Copper-transporting ATPase 2
Beta-secretase 1
Probable beta-1,3-galactosyltransferase 18
Cytochrome b561, DM13 and DOMON domain-containing protein At5g54830
Ataxin-2
Probable beta-1,3-galactosyltransferase 11
Beclin-1
Transforming growth factor-beta-induced protein ig-h3
Brefeldin A-inhibited guanine nucleotide-exchange protein 2
Protein bassoon
Brefeldin A-inhibited guanine nucleotide-exchange protein 1
Protein brunelleschi
Protein CASP
Cadherin-1
Protein chibby homolog 1
Cell division control protein 50
Cation-chloride cotransporter 1
Carbohydrate sulfotransferase 2
Carbohydrate sulfotransferase 4
Clathrin light chain B
CAP-Gly domain-containing linker protein 3
Chitinase domain-containing protein 1
CLIP-associating protein 2
Clathrin heavy chain 2
COBRA-like protein 7
Clathrin heavy chain
Coronin-7
Peptidyl-prolyl cis-trans isomerase CYP21-1
Peptidyl-prolyl cis-trans isomerase CYP21-2
Peptidyl-prolyl cis-trans isomerase CYP21-4
CASP-like protein 1D1
UPF0183 protein C16orf70 homolog
Cellulose synthase-like protein D2
Cellulose synthase-like protein D3
CMP-sialic acid transporter 2
CMP-sialic acid transporter 4
Peptidyl-prolyl cis-trans isomerase CYP23
DENN domain-containing protein 5A
Protein dopey
3-dehydroquinate synthase, chloroplastic
Calcium-transporting ATPase 3, endoplasmic reticulum-type
Endothelin-converting enzyme 2
Clathrin interactor 1
UDP-glucuronate 4-epimerase 5
Putative fucosyltransferase-like protein
Polygalacturonate 4-alpha-galacturonosyltransferase
UDP-glucuronate 4-epimerase 6
Probable galacturonosyltransferase 9
Beta-1,3-galactosyl-O-glycosyl-glycoprotein beta-1,6-N-acetylglucosaminyltransferase
UDP-glucuronate 4-epimerase 1
Probable galacturonosyltransferase 10
ADP-ribosylation factor GTPase-activating protein GCS1
Probable galacturonosyltransferase 7
GRIP and coiled-coil domain-containing protein 2
Golgi phosphoprotein 3-like
Golgi phosphoprotein 3-like B
Golgin subfamily A member 1
Golgi phosphoprotein 3
Golgi phosphoprotein 3-like A
Probable glutathione peroxidase 3, mitochondrial
G-protein coupled estrogen receptor 1
Gamma-secretase-activating protein
Putative glycosyltransferase 7
Protein GRIP
GTPase-activating protein GYP6
Glycosyltransferase family 64 protein C4
Inositol phosphorylceramide glucuronosyltransferase 1
Copper-transporting ATPase RAN1
Intraflagellar transport protein 88 homolog
Phosphatidylinositol:ceramide inositolphosphotransferase 2
UPF0577 protein KIAA1324
Pheromone-processing carboxypeptidase kex1
Pheromone-processing carboxypeptidase KEX1
Kexin
Serine/threonine-protein kinase D1
Protein LIKE COV 2
Lipopolysaccharide-responsive and beige-like anchor protein
Melanoma antigen recognized by T-cells 1
Mitogen-activated protein kinase 6
Mannosyl-oligosaccharide 1,2-alpha-mannosidase MNS2
Mannosyl-oligosaccharide 1,2-alpha-mannosidase MNS1
Mannosyl-oligosaccharide 1,2-alpha-mannosidase MNS3
Probable methyltransferase At1g27930
Unconventional myosin-XVIIIa
Neurobeachin
Sodium/potassium/calcium exchanger 5
Non-specific lipid-transfer protein 2
Nicotinamide/nicotinic acid mononucleotide adenylyltransferase 2
Sphingomyelin phosphodiesterase 4
Neurotensin receptor type 2
Nucleobindin-1
Inositol polyphosphate 5-phosphatase OCRL-1
Optineurin
Probable prolyl 4-hydroxylase 3
Prolyl 4-hydroxylase 2
ProSAAS
Protein pitchfork
Phosphate transporter PHO1-2
Phosphatidylinositol 4-kinase PIK1
Pleckstrin homology domain-containing family A member 8
Phosphate transporter PHO1 homolog 5
Probable plastidic glucose transporter 3
Probable methyltransferase PMT7
Probable methyltransferase PMT11
Probable methyltransferase PMT24
Probable methyltransferase PMT3
Probable pectin methyltransferase QUA2
Probable methyltransferase PMT21
Probable methyltransferase PMT28
Probable methyltransferase PMT20
Periostin
Probable methyltransferase PMT23
Probable methyltransferase PMT26
Probable inactive purple acid phosphatase 2
Probable methyltransferase PMT15
Probable methyltransferase PMT2
Probable methyltransferase PMT13
Probable methyltransferase PMT25
Probable sugar phosphate/phosphate translocator At1g48230
Probable sugar phosphate/phosphate translocator At2g25520
Probable sugar phosphate/phosphate translocator At4g32390
Probable sugar phosphate/phosphate translocator At5g11230
Ras-related protein Rab-14
Ras-related protein Rab-21
Ras-related protein Rab-6A
Sulfhydryl oxidase 2
Ras-related protein Rab-32
Ras-related protein Rab-7L1
Ras-related protein RABA5c
Ras-related protein Rab-30
Ras-related protein Rab-7b
Ras-related C3 botulinum toxin substrate 1
Ras-related protein Rab-11A
Ras-related protein Rab-32C
Ras-related protein Rab-38
Dehydration-responsive protein RD22
Ras-related protein Rab-32A
Glycine-rich RNA-binding protein 6, mitochondrial
Ras-related protein Rab-32B
RNA binding protein fox-1 homolog 1
Regulator of G-protein signaling 20
Secretory carrier-associated membrane protein 1
Protein transport protein SEC7
Sesquipedalian-1
Sesquipedalian-2
Short coiled-coil protein
Sialyltransferase-like protein 1
Synaptosomal-associated protein 25
Extracellular superoxide dismutase
Signal peptide peptidase-like 1
Sodium/hydrogen exchanger 7
Somatotropin
Sortilin-related receptor
Sialyltransferase-like protein 5
Syntaxin-16
Syntaxin-4
Glycine--tRNA ligase, mitochondrial 1
Protein SYS1 homolog
Taste receptor type 2 member 16
Protein trichome birefringence-like 16
Transmembrane 9 superfamily member 4
Transmembrane 9 superfamily member 6
Transport protein particle subunit trs120
Trafficking protein particle complex subunit 9
Trafficking protein particle complex II-specific subunit 130 homolog
Tight junction-associated protein 1
Transmembrane 9 superfamily member 1
Transmembrane 9 superfamily member 2
Protein-tyrosine sulfotransferase A
Trafficking protein particle complex II-specific subunit 120
Trafficking protein particle complex II-specific subunit 130
Trafficking protein particle complex II-specific subunit 65
Trafficking protein particle complex subunit 33
UDP-glucuronic acid decarboxylase 2
Vacuolar protein sorting-associated protein 28 homolog 1
Vacuolar protein sorting-associated protein 54
Vacuolar-sorting receptor 3
Protein wntless homolog
Vacuolar protein sorting-associated protein 74
Arabinosyltransferase XEG113
Kelch repeat-containing protein At3g27220
PAN domain-containing protein At5g03700
Probable ADP-ribosylation factor-binding protein C1F3.05
Putative phospholipid-transporting ATPase C6C3.06c
Probable ADP-ribosylation factor-binding protein C25H2.16c
Protein YIPF6
Probable phospholipid-transporting ATPase C887.12
GTP-binding protein YPT1
