CoB--CoM heterodisulfide reductase iron-sulfur subunit A
CoB--CoM heterodisulfide reductase subunit B
CoB--CoM heterodisulfide reductase subunit B 1
CoB--CoM heterodisulfide reductase 1 iron-sulfur subunit C
CoB--CoM heterodisulfide reductase iron-sulfur subunit D
CoB--CoM heterodisulfide reductase iron-sulfur subunit A 2
CoB--CoM heterodisulfide reductase 1 iron-sulfur subunit A
CoB--CoM heterodisulfide reductase 1 subunit B
CoB--CoM heterodisulfide reductase iron-sulfur subunit C 1
CoB--CoM heterodisulfide reductase 2 iron-sulfur subunit D
CoB--CoM heterodisulfide reductase iron-sulfur subunit C 2
H(2)-forming methylenetetrahydromethanopterin dehydrogenase-related protein MJ0715
CoB--CoM heterodisulfide reductase iron-sulfur subunit A 1
CoB--CoM heterodisulfide reductase subunit B 2
H(2)-forming methylenetetrahydromethanopterin dehydrogenase-related protein MJ1338
Methyl-coenzyme M reductase operon protein C
Methyl-coenzyme M reductase I operon protein D
Methyl-coenzyme M reductase subunit gamma
Methyl-coenzyme M reductase I subunit gamma
Methyl-coenzyme M reductase II subunit alpha
Methyl-coenzyme M reductase I operon protein C
Methyl-coenzyme M reductase II subunit beta
Methyl-coenzyme M reductase II subunit gamma
Methyl-coenzyme M reductase subunit alpha
Methyl-coenzyme M reductase I subunit beta
Methyl-coenzyme M reductase operon protein D
Methyl-coenzyme M reductase II operon protein D
Methyl-coenzyme M reductase I subunit alpha
Methyl-coenzyme M reductase subunit beta
Methanol--corrinoid protein
Monomethylamine corrinoid protein 2
Dimethylamine methyltransferase MtbB2
Dimethylamine corrinoid protein 1
Monomethylamine corrinoid protein 1
Trimethylamine corrinoid protein 1
Dimethylamine corrinoid protein 3
Trimethylamine corrinoid protein 2
Dimethylamine corrinoid protein 2
