AF4/FMR2 family member 4
Cell division control protein 73
Protein CSN12 homolog
RNA polymerase-associated protein CTR9 homolog
RNA polymerase II elongation factor ELL
Exosome complex component RRP40
Exosome complex component RRP41
Exosome component 10
Exosome complex component RRP46
Histone H1.2
Histone H2A-Bbd type 1
Histone H2A-Bbd type 2/3
Little elongation complex subunit 1
Little elongation complex subunit 2
Nipped-B protein
Protein-arginine deiminase type-2
RNA polymerase II-associated protein 1
Proline-, glutamic acid- and leucine-rich protein 1
PC4 and SFRS1-interacting protein
Lens epithelium-derived growth factor
RNA-binding protein 1
RNA polymerase-associated protein Rtf1
Retrograde regulation protein 2
RNA polymerase-associated protein RTF1
Histone-lysine N-methyltransferase SETD1
Transcription elongation factor SPT6
Serine-arginine protein 55
Transcription elongation factor spt6
Tetratricopeptide repeat protein 37
WD repeat-containing protein 61
Zinc finger CCCH domain-containing protein 8
