Protein AATF
Protein Aatf
Annexin A4
Bromodomain and WD repeat-containing protein 3
CCR4-associated factor 4
Bud site selection protein 27
CCR4-associated factor 16
Carboxy-terminal domain RNA polymerase II polypeptide A small phosphatase 1
Histone acetyltransferase ESA1
Fanconi anemia group J protein homolog
RNA polymerase II subunit A C-terminal domain phosphatase
Histone H1.3
Histone H2A.Z
Histone H1.4
High mobility group nucleosome-binding domain-containing protein 3
Lck-interacting transmembrane adapter 1
Mediator of RNA polymerase II transcription subunit 6
Mediator of RNA polymerase II transcription subunit 12-like protein
Putative mediator of RNA polymerase II transcription subunit 6
NEDD8
General negative regulator of transcription subunit 2
PH-interacting protein
Homeobox protein PKNOX2
Profilin-1
SWI/SNF-related matrix-associated actin-dependent regulator of chromatin subfamily A-like protein 1
SWI/SNF-related matrix-associated actin-dependent regulator of chromatin subfamily A member 5
Putative SMARCAL1-like protein
Protein SPT21
Transcription elongation factor A protein-like 3
Trafficking kinesin-binding protein 2
Trafficking kinesin-binding protein 1
Protein UXT homolog
Mitochondrial brown fat uncoupling protein 1
WW domain-binding protein 5
SWR complex protein 2
Bromodomain and WD repeat-containing DDB_G0285837
