Protein CHROMOSOME TRANSMISSION FIDELITY 7
Exonuclease 1
Kinesin-like protein KIF22
Mini-chromosome maintenance complex-binding protein
ATP-dependent DNA helicase MER3 homolog
Chromosome partition protein MukB
Protein ORD
Non-canonical poly(A) RNA polymerase PAPD7
DNA topoisomerase 4 subunit A
DNA topoisomerase 4 subunit B
DNA repair protein RAD51 homolog 3
Replication factor C subunit 4
Replication factor C subunit 5
Replication factor C subunit 2
Replication factor C subunit 3
Putative RNA polymerase II subunit B1 CTD phosphatase RPAP2 homolog
Shugoshin
Sister chromatid cohesion 1 protein 1
Chromosome partition protein Smc
Structural maintenance of chromosomes protein 1B
Structural maintenance of chromosomes protein 6A
Negative modulator of initiation of replication
Structural maintenance of chromosomes protein 6B
Structural maintenance of chromosomes protein 5
Sister chromatid cohesion 1 protein 4
Protein wings apart-like
