Beta-arrestin-1
Brain acid soluble protein 1
Brain acid soluble protein 1 homolog
Zinc finger CCCH domain-containing protein 15
CDK5 regulatory subunit-associated protein 2
COP9 signalosome complex subunit 4
Putative Fis-like DNA-binding protein
Fos-related antigen 2
Glycosylated lysosomal membrane protein
Core histone macro-H2A.1
Core histone macro-H2A.2
Heterogeneous nuclear ribonucleoprotein L
Hydrogenase-4 transcriptional activator
Transcription factor jun-D
Krueppel-like factor 11
WD repeat-containing protein LWD1
Homeobox protein MSX-2
Nuclear transcription factor Y subunit beta
Prohibitin
Ras-responsive element-binding protein 1
Chromatin structure-remodeling complex subunit rsc9
Homeotic protein spalt-major
Sal-like protein 3
Probable global transcription activator SNF2L2
Transcription factor SOX-5
Transcription initiation factor TFIID subunit 7
Transcription initiation factor TFIID subunit 2
Transcription initiation factor TFIID subunit 7-like
Transcription initiation factor TFIID subunit 5
Protein tesmin/TSO1-like CXC 3
TATA-box-binding protein
Tubby-like F-box protein 7
Protein Wnt-11
Protein Wnt-11b
Human immunodeficiency virus type I enhancer-binding protein 2 homolog
Transcription factor HIVEP2
Transcription factor HIVEP3
Zinc finger protein 4
Zinc finger protein 516
Zinc finger protein 7
Zinc finger protein 3
Zinc finger protein 831
