14-3-3-like protein GF14 nu
Calcium-transporting ATPase 10, plasma membrane-type
ABC transporter B family member 6
ACT domain-containing protein ACR4
Phosphoacetylglucosamine mutase
Peroxisomal fatty acid beta-oxidation multifunctional protein AIM1
Ammonium transporter 1 member 4
L-arabinokinase
Cytochrome b561 and DOMON domain-containing protein At3g25290
Beta-galactosidase 1
Uclacyanin-2
Protein BONZAI 2
Protein CHROMATIN REMODELING 5
CASP-like protein 1E1
Protein CROWDED NUCLEI 3
CSC1-like protein At1g32090
Defensin-like protein 59
Defensin-like protein 1
Defensin-like protein 255
Glucan endo-1,3-beta-glucosidase 8
Putative disease resistance protein At1g50180
Glucan endo-1,3-beta-glucosidase 6
Glucan endo-1,3-beta-glucosidase 10
Early nodulin-like protein 3
Early nodulin-like protein 1
Protein EXORDIUM-like 4
Expansin-like A1
Expansin-like A3
F-box protein At3g07870
F-box protein At1g22220
Protein EXORDIUM-like 2
F-box protein At1g10780
Fasciclin-like arabinogalactan protein 13
Putative F-box protein At5g36200
Probable NAD(P)H dehydrogenase
GDSL esterase/lipase At5g14450
Glutamine synthetase cytosolic isozyme 1-5
Glutamine synthetase cytosolic isozyme 1-1
Glutamate receptor 3.7
Histone H2B.7
Endoglucanase 9
Probable histone H2A.7
Heavy metal-associated isoprenylated plant protein 26
Heat shock 70 kDa protein 15
Jacalin-related lectin 20
Nitrile-specifier protein 4
Jacalin-related lectin 41
LIMR family protein At3g08930
LysM domain-containing GPI-anchored protein 2
Probable membrane-associated kinase regulator 4
Peroxisomal fatty acid beta-oxidation multifunctional protein MFP2
S-adenosylmethionine synthase 3
Methylthioribose-1-phosphate isomerase
Myosin-2
Myosin-1
Myosin-3
Protein NETWORKED 1A
Non-specific lipid-transfer protein 5
Nitrilase 1
5-oxoprolinase
Pectin acetylesterase 7
Pectin acetylesterase 11
Tirucalladienol synthase
Auxin efflux carrier component 7
Prohibitin-7, mitochondrial
Pinoresinol reductase 2
Putative pectinesterase/pectinesterase inhibitor 26
Purple acid phosphatase 10
Probable inactive purple acid phosphatase 14
Ras-related protein RABA2c
UDP-arabinopyranose mutase 3
Trifunctional UDP-glucose 4,6-dehydratase/UDP-4-keto-6-deoxy-D-glucose 3,5-epimerase/UDP-4-keto-L-rhamnose-reductase RHM3
Bifunctional dTDP-4-dehydrorhamnose 3,5-epimerase/dTDP-4-dehydrorhamnose reductase
ATP-dependent DNA helicase Q-like 4A
Reticulon-like protein B4
Exocyst complex component SEC5A
Monocopper oxidase-like protein SKS2
Monocopper oxidase-like protein SKS1
Leucine--tRNA ligase, cytoplasmic
Lysine--tRNA ligase, cytoplasmic
Synaptotagmin-5
Tetraspanin-3
Tetraspanin-8
Tetraspanin-7
Vicilin-like seed storage protein At2g28490
