Beta-glucosidase 1A
Beta-glucosidase A
Beta-glucosidase 1
Beta-glucosidase 2
Thermostable beta-glucosidase B
Beta-glucosidase 1B
Beta-glucosidase A-3
Beta-glucosidase B
Cellobiose phosphorylase
Endoglucanase 1
Cellulase 1
Endoglucanase 4
Endoglucanase A
Endoglucanase B
Endoglucanase C
Putative endoglucanase X
Endoglucanase/exoglucanase B
Endoglucanase F
Endoglucanase G
Endoglucanase H
Endoglucanase 2
Endoglucanase-6B
Minor endoglucanase Y
Endoglucanase
Exoglucanase 1
Exoglucanase-2
Endoglucanase Z
Cellodextrinase
Endoglucanase type C
Endoglucanase D
Endoglucanase S
Endoglucanase CX
Endoglucanase E-4
Endoglucanase-5
Endoglucanase C307
Exoglucanase XynX
