Attractin
Enolase A
Expansin-B11
Expansin-B4
Expansin-B7
Expansin-B10
Putative expansin-B14
Expansin-B1
Expansin-B3
Expansin-B5
Expansin-B8
Expansin-B13
Expansin-B16
Expansin-B17
Expansin-B6
Expansin-B15
Expansin-B18
Expansin-like A2
Expansin-B9
Expansin-B2
Expansin-B12
Expansin-like B1
Fimbrin
Ras guanine nucleotide exchange factor B
Gamete and mating-type specific protein A
Interleukin-12 subunit beta
Catalase-peroxidase
Major pollen allergen Hol l 1
Pollen allergen Lol p 1
Major pollen allergen Cyn d 1
Pollen allergen Phl p 1
Major pollen allergen Pha a 1
Ovarian jelly-peptide 3
Ovarian jelly-peptide 1
Oleosin 14.9 kDa
Oleosin 18.5 kDa
Protein disulfide-isomerase 2
Protein psiM
Ras-like protein rasS
Ras-like protein rasZ
Ribonuclease 3
Selenoprotein P
Teneurin-1
Testis, prostate and placenta-expressed protein
Vacuolar protein sorting-associated protein 52 A
Putative actin-fragmin kinase DDB_G0279609
