Protein BEX2
Protein BCK2
Bifunctional dethiobiotin synthetase/7,8-diamino-pelargonic acid aminotransferase, mitochondrial
BNIP3 homolog
CDK5 and ABL1 enzyme substrate 1
CDK5 and ABL1 enzyme substrate 2
Cyclin-D1-binding protein 1
G1/S-specific cyclin-E1
Cyclin-G1
Putative cyclin-D7-1
G1/S-specific cyclin-E2
Cell division control protein 2 homolog
Cyclin-dependent kinase 14
Cyclin-dependent kinase 2
CDT1-like protein b
Putative cyclin-D6-1
Cyclin-J18
Cyclin-dependent kinase 1
G1/S-specific cyclin-E3
Cyclin-G2
Cyclin-dependent kinase 3
Cyclin-dependent kinase D-3
CDT1-like protein a, chloroplastic
Cyclin-D1-binding protein 1 homolog
Cyclin-dependent kinase 12
Cyclin-dependent kinase-like 1
G1/S-specific cyclin-D2
Cyclin-dependent kinase 1-A
Cyclin-dependent kinase 1-B
Cyclin-dependent kinase 10
Cyclin-dependent kinase D-1
Cyclin-dependent kinase B1-2
Cyclin-dependent kinases regulatory subunit 1
COP9 signalosome complex subunit 7
COP9 signalosome complex subunit 3
COP9 signalosome complex subunit 1b
Histone-lysine N-methyltransferase, H3 lysine-79 specific
Histone acetyltransferase ESA1
Serine/threonine-protein kinase greatwall
Protein arginine N-methyltransferase HSL7
Kinesin light chain
Protein lethal(2)denticleless
Probable septum site-determining protein MinC
Septum site-determining protein MinC
Membrane-spanning 4-domains subfamily A member 3
Myeloma-overexpressed gene 2 protein homolog
Nuclear pore complex protein Nup214
Phosphatase and actin regulator 4
Phosphatase and actin regulator 4-B
Phosphatase and actin regulator 4-A
Phosphatase and actin regulator 4B
Peptidyl-prolyl cis-trans isomerase Pin1
Phosphatase and actin regulator 4A
Proline-rich protein 11
Proteasome assembly chaperone 2
Double-stranded RNA-specific editase 1
DNA repair protein RAD9
Protein SON
Spindlin-2B
Spindlin-2A
Protein tilB homolog
NEDD8-activating enzyme E1 catalytic subunit
Wee1-like protein kinase
