5'-AMP-activated protein kinase subunit gamma-1
Atrial natriuretic peptide receptor 2
CaM kinase-like vesicle-associated protein
C-C motif chemokine 8
Cyclin-dependent kinase-like 3
Calcium-dependent protein kinase 16
Calcium-dependent protein kinase 4
Calcium-dependent protein kinase 30
Discoidin domain-containing receptor A
Hypoxia sensor histidine kinase response regulator DosT
Protein drl-1
FAST kinase domain-containing protein 3
FAST kinase domain-containing protein 1
Probable inactive serine/threonine-protein kinase fnkC
Probable inactive serine/threonine-protein kinase fnkD
Receptor-type guanylate cyclase gcy-19
Resact receptor
Receptor-type guanylate cyclase gcy-17
Receptor-type guanylate cyclase gcy-4
Receptor-type guanylate cyclase gcy-9
Receptor-type guanylate cyclase gcy-25
Speract receptor
Probable inactive serine/threonine-protein kinase gdt1
Probable inactive serine/threonine-protein kinase gdt6
Heat-stable enterotoxin receptor
Probably inactive leucine-rich repeat receptor-like protein kinase IMK2
Probable LRR receptor-like serine/threonine-protein kinase IRK
3-deoxy-D-manno-octulosonic acid kinase
Protein kinase C iota type
Kinase suppressor of Ras 1
Probable inactive L-type lectin-domain containing receptor kinase III.1
Putative inactive L-type lectin-domain containing receptor kinase III.2
Mitogen-activated protein kinase kinase kinase 3
Probable inactive serine/threonine-protein kinase lvsG
LysM domain receptor-like kinase 4
Protein LYK5
Protein LYK2
Protein-arginine kinase
Nuclear receptor-binding protein 2
Nuclear receptor-binding protein homolog
N-terminal kinase-like protein
Nitrogen permease regulator 2-like protein
Protein ORF36
PAB-dependent poly(A)-specific ribonuclease subunit pan3
PAB-dependent poly(A)-specific ribonuclease subunit PAN3
Protein-associating with the carboxyl-terminal domain of ezrin
Probable plastid-lipid-associated protein 14, chloroplastic
Protein PrkA
Pentatricopeptide repeat-containing protein At5g21222
Sensor-type histidine kinase PrrB
Leucine-rich repeat receptor-like protein kinase PXC2
Leucine-rich repeat receptor-like protein kinase PXC1
Probable inactive receptor kinase RLK902
Receptor protein kinase-like protein At4g34220
Probable inactive serine/threonine-protein kinase scy2
Probable inactive serine/threonine-protein kinase scy1
Protein O-mannose kinase
Protein kinase-like protein SCY1
Protein sel-5
Protein STRUBBELIG-RECEPTOR FAMILY 3
Protein STRUBBELIG-RECEPTOR FAMILY 6
Serine/threonine-protein kinase-like protein E
Protein STRUBBELIG-RECEPTOR FAMILY 2
STE20-related kinase adapter protein alpha
Mitogen-activated protein kinase spk1
Serine/threonine kinase-like domain-containing protein STKLD1
Protein STRUBBELIG-RECEPTOR FAMILY 1
Protein STRUBBELIG-RECEPTOR FAMILY 5
Protein STRUBBELIG-RECEPTOR FAMILY 8
Protein STRUBBELIG-RECEPTOR FAMILY 4
Protein STRUBBELIG-RECEPTOR FAMILY 7
Protein TBRG4
TBC domain-containing protein kinase-like protein
Inactive serine/threonine-protein kinase TEX14
Putative kinase-like protein TMKL1
Probable kinase 439L
O-antigen chain terminator bifunctional methyltransferase/kinase WbdD
Probable kinase 098L
Wee1-like protein kinase
Probable inactive protein kinase 38
Inactive leucine-rich repeat receptor-like serine/threonine-protein kinase At1g60630
Probable inactive serine/threonine-protein kinase DDB_G0278909
Probable inactive protein kinase DDB_G0270444
Inactive receptor-like serine/threonine-protein kinase At2g40270
Probable inactive receptor kinase At1g27190
Probable inactive serine/threonine-protein kinase DDB_G0280131
Probable inactive serine/threonine-protein kinase DDB_G0280559
Probable inactive leucine-rich repeat receptor-like protein kinase At1g66830
Probably inactive leucine-rich repeat receptor-like protein kinase At3g28040
Probable inactive receptor-like protein kinase At1g65250
Probable inactive receptor kinase At2g26730
Probably inactive leucine-rich repeat receptor-like protein kinase At2g25790
Probably inactive receptor-like protein kinase At2g46850
Probable inactive receptor kinase At4g23740
Probable inactive leucine-rich repeat receptor-like protein kinase At3g03770
Probable inactive serine/threonine-protein kinase DDB_G0293746
Probable inactive serine/threonine-protein kinase DDB_G0274821
Probable inactive receptor kinase At5g58300
Putative inactive receptor-like protein kinase At1g64210
Inactive serine/threonine-protein kinase At1g67470
Probable inactive protein kinase At3g63330
Putative inactive serine/threonine-protein kinase At5g11400
Probably inactive leucine-rich repeat receptor-like protein kinase At5g06940
Probable inactive receptor kinase At5g67200
Probable inactive receptor kinase At5g10020
Probable inactive receptor kinase At5g53320
Probable inactive receptor-like protein kinase At3g56050
Inactive protein kinase SELMODRAFT_444075
Inactive leucine-rich repeat receptor-like serine/threonine-protein kinase At5g24100
Probable inactive receptor kinase At3g08680
Probably inactive receptor-like protein kinase At5g41680
Putative uncharacterized protein DDB_G0278921
Probable inactive serine/threonine-protein kinase DDB_G0280855
Non-functional pseudokinase ZED1
