Bicyclomycin resistance protein
Sodium/proton antiporter ChaA
Multidrug transporter MdfA
Multidrug resistance protein MdtM
Na(+)/H(+) antiporter subunit D
Na(+)/H(+) antiporter 2
Na(+)/H(+) antiporter NhaB
Na(+)/H(+) antiporter 1
Probable Na(+)/H(+) antiporter C3A11.09
Na(+)/H(+) antiporter NhaA
Na(+)/H(+) exchanger beta
Probable Na(+)/H(+) antiporter nhx-3
Sodium/hydrogen exchanger 5
Sodium/hydrogen exchanger 1
Na(+)/H(+) exchanger protein 2
Sodium/hydrogen exchanger 6
Probable Na(+)/H(+) antiporter nhx-9
Na(+)/H(+) exchanger protein 7
Sodium/hydrogen exchanger 3
Sodium/hydrogen exchanger 8
Sodium/hydrogen exchanger 4
Sodium/hydrogen exchanger 9
Sodium/hydrogen exchanger 2
