Protein transport protein BET1
Biogenesis of lysosome-related organelles complex 1 subunit 6
Caveolin-2
C2 domain-containing protein 5
Cell division control protein 48
Double C2-like domain-containing protein beta
Double C2-like domain-containing protein alpha
Double C2-like domain-containing protein gamma
Dysferlin
Early endosome antigen 1
Syntaxin-like protein fsv1
Golgi SNAP receptor complex member 1
Golgi SNAP receptor complex member 1-1
Vacuolar segregation protein PEP7
Syntaxin pep12
Vacuolar segregation protein pep7
Syntaxin PEP12
Rabphilin-1
Rab effector Noc2
Protein rtoA
Protein transport protein sec9
25.3 kDa vesicle transport protein
Protein transport protein sec1
Protein transport protein SEC9
Ras-related protein SEC4
Protein transport protein SFT1
Synaptobrevin homolog 2
Synaptobrevin-like protein 5
Synaptobrevin homolog 1
Syntaphilin
Sporulation-specific protein 20
Protein SSO2
Syntaxin-12
Syntaxin-16
Syntaxin-17
Putative syntaxin-4
Probable syntaxin-8B
Syntaxin-8
Syntaxin-related protein KNOLLE
Synaptobrevin-A
Putative syntaxin-3
Syntaxin-124
Protein SSO1
Syntaxin-6
Syntaxin-122
Synaptobrevin-B
Putative syntaxin-5
Syntaxin-7
Putative syntaxin-131
Syntaxin-41
Syntaxin-71
Syntaxin-112
Syntaxin-123
Putative syntaxin 6
Syntaxin-8A
Synaptobrevin-1
Syntaxin-21
Synaptotagmin-12
Synaptotagmin-5
Synaptotagmin-6
Synaptotagmin-7
Synaptotagmin-8
Synaptotagmin-9
Synaptotagmin-like protein 1
Synaptotagmin-like protein 2
Syntaxin-125
Syntaxin-42
Synaptotagmin-11
Synaptotagmin-15
Synaptotagmin-16
Synaptotagmin-like protein 5
Syntaxin-22
Syntaxin-61
Synaptotagmin-10
Synaptotagmin-13
Synaptotagmin-17
Syntaxin-31
Syntaxin-43
Synaptotagmin-2
Syntaxin-72
Synaptotagmin-like protein 3
Synaptotagmin-14
Synaptotagmin-3
Synaptotagmin-4
T-SNARE affecting a late Golgi compartment protein 1
T-SNARE affecting a late Golgi compartment protein 2
Vesicle-associated membrane protein 712
Vesicle-associated membrane protein 721
Vesicle-associated membrane protein 727
Vesicle-associated membrane protein 5
Vesicle-associated membrane protein 713
Vesicle-associated membrane protein 1
Guanine nucleotide exchange factor VAV3
Vesicle-associated membrane protein 725
Vesicle-associated membrane protein 711
Vesicle-associated membrane protein 7B
Vesicle-associated membrane protein 2
Vesicle-associated membrane protein 4
Vacuolar morphogenesis protein 7
Vesicle-associated membrane protein 714
Vesicle-associated membrane protein 723
Putative vesicle-associated membrane protein 726
Vacuolar morphogenesis protein 7 homolog
Synaptobrevin homolog YKT6
GTP-binding protein ypt2
VAMP-like protein YKT62
Putative synaptobrevin homolog YKT6
