BPI fold-containing family C protein
Putative clathrin assembly protein At2g01920
Putative clathrin assembly protein At4g40080
Putative clathrin assembly protein At5g10410
Putative clathrin assembly protein At5g65370
Alpha-defensin 4
Extended synaptotagmin-3
Extended synaptotagmin-2
Protein FAN
Ingression protein fic1
Lipid-A-disaccharide synthase
BEACH domain-containing protein lvsC
BEACH domain-containing protein lvsF
BEACH domain-containing protein lvsE
Meiotically up-regulated gene 190 protein
Neurobeachin-like protein 1
Platelet-activating factor acetylhydrolase 2, cytoplasmic
Group XV phospholipase A2
Pleckstrin homology domain-containing family A member 3
Profilin
Phosphatidylserine decarboxylase proenzyme 3
Protein SIP18
WD repeat- and FYVE domain-containing protein 4
