Keratin-associated protein 10-2
Keratin-associated protein 10-5
Keratin-associated protein 10-7
Keratin-associated protein 10-9
Keratin-associated protein 12-1
Keratin-associated protein 12-4
Keratin-associated protein 4-1
Keratin-associated protein 4-4
Keratin-associated protein 4-8
Keratin-associated protein 5-2
Keratin-associated protein 5-5
Keratin-associated protein 5-7
Keratin-associated protein 5-9
Keratin-associated protein 9-2
Keratin-associated protein 9-6
Keratin-associated protein 9-8
Keratin-associated protein 10-3
Keratin-associated protein 12-2
Keratin-associated protein 5-11
Keratin-associated protein 2-1
Keratin, high-sulfur matrix protein, IIIA3
Keratin-associated protein 5-1
Keratin-associated protein 9-3
Keratin, high-sulfur matrix protein, B2C
Keratin-associated protein 16-1
Keratin-associated protein 29-1
Keratin-associated protein 1-4
Keratin-associated protein 2-3
Keratin, high-sulfur matrix protein, IIIA3A
Keratin-associated protein 9-9
Keratin, high-sulfur matrix protein, B2A
Keratin-associated protein 10-6
Keratin-associated protein 10-8
Keratin-associated protein 2-2
Keratin-associated protein 4-9
Keratin, high-sulfur matrix protein, B2D
Keratin-associated protein 10-11
Keratin-associated protein 12-3
Keratin-associated protein 4-12
Keratin-associated protein 1-1
Keratin-associated protein 2-4
Keratin-associated protein 4-2
Keratin-associated protein 4-5
Keratin-associated protein 4-7
Keratin-associated protein 5-4
Keratin-associated protein 9-1
Keratin-associated protein 9-7
Keratin-associated protein 10-1
Keratin-associated protein 10-4
Keratin-associated protein 1-5
Keratin-associated protein 4-3
Keratin-associated protein 4-6
Keratin-associated protein 5-3
Keratin-associated protein 9-4
Keratin, high-sulfur matrix protein, B2B
Keratin-associated protein 10-10
Keratin-associated protein 10-12
Keratin-associated protein 4-11
Keratin-associated protein 5-10
