6-phosphogluconate dehydrogenase, decarboxylating
ABC transporter G family member 39
Alkyl hydroperoxide reductase subunit F
Bis(5'-nucleosyl)-tetraphosphatase
Fatty aldehyde dehydrogenase
Copper transport protein ATOX1
Cystathionine beta-synthase
Peroxisomal catalase A
Catalase T
Cysteine-rich receptor-like protein kinase 7
Cysteine-rich receptor-like protein kinase 6
NADH dehydrogenase
Ferritin-3, chloroplastic
Ferritin-4, chloroplastic
Glyceraldehyde-3-phosphate dehydrogenase
Putative rho GDP-dissociation inhibitor 1
Probable glutathione peroxidase 8
Glutathione peroxidase 7
15.7 kDa heat shock protein, peroxisomal
Heat shock cognate 70 kDa protein 2
Probable 8-oxo-dGTP diphosphatase NUDT15
Serine/threonine-protein kinase PLK3
Peroxiredoxin-6
Protein RETICULATA, chloroplastic
Protein RETICULATA-RELATED 3, chloroplastic
Sulfide:quinone oxidoreductase, mitochondrial
Transformer-2 protein homolog beta
