Phospholipase D LhSicTox-alphaIA1i
Phospholipase D LhSicTox-alphaIA1ii
Phospholipase D LspaSicTox-alphaIA1ii
Phospholipase D LhSicTox-alphaIA1iv
Phospholipase D LiSicTox-alphaIA1bi
Phospholipase D LdSicTox-alphaIB1aiv
Phospholipase D LsaSicTox-alphaIB1avi
Phospholipase D LdSicTox-alphaIB1bi
Phospholipase D LdSicTox-alphaIB1bii
Phospholipase D LapSicTox-alphaIB1b3
Phospholipase D LsaSicTox-alphaIB2iii
Phospholipase D LdSicTox-alphaIB2
Phospholipase D LdSicTox-alphaIB3aii
Phospholipase D LdSicTox-alphaIB3aiv
Phospholipase D LdSicTox-alphaIB3avi
Phospholipase D LruSicTox-alphaIC1b
Phospholipase D LamSicTox-alphaIC1
Phospholipase D LiSicTox-alphaI-1
Phospholipase D LapSicTox-alphaII1
Phospholipase D LlSicTox-alphaIII1i
Phospholipase D Ls4SicTox-alphaIII1ii
Phospholipase D LlSicTox-alphaIII2
Phospholipase D LlSicTox-alphaIII3iii
Phospholipase D LiSicTox-alphaV1
Phospholipase D LarSicTox-alphaVII1
Phospholipase D LspaSicTox-alphaIA1i
Phospholipase D LrSicTox-alphaIA1ii
Phospholipase D LspaSicTox-alphaIA1iii
Phospholipase D LgSicTox-alphaIA1
Phospholipase D LhSicTox-alphaIA2aii
Phospholipase D LhSicTox-alphaIA2aiv
Phospholipase D LhSicTox-alphaIA2avii
Phospholipase D LhSicTox-alphaIA2bi
Phospholipase D LhSicTox-alphaIA2biv
Phospholipase D LapSicTox-alphaIB1ai
Phospholipase D LsaSicTox-alphaIB1ai
Phospholipase D LarSicTox-alphaIB1aii
Phospholipase D LsaSicTox-alphaIB1aii
Phospholipase D LdSicTox-alphaIB1aiii
Phospholipase D LarSicTox-alphaIB1aiv
Phospholipase D LsaSicTox-alphaIB1av
Phospholipase D LapSicTox-alphaIB1bi
Phospholipase D LarSicTox-alphaIB1b
Phospholipase D LarSicTox-alphaIB1c
Phospholipase D LrSicTox-alphaI-1
Phospholipase D LvSicTox-alphaII1
Phospholipase D LiSicTox-alphaII2
Phospholipase D LarSicTox-alphaIII1
Phospholipase D LlSicTox-alphaIII3ii
Phospholipase D LlSicTox-alphaIII-1
Phospholipase D LhSicTox-alphaIV1i
Phospholipase D LhSicTox-alphaIV1iii
Phospholipase D LarSicTox-alphaIV1
Phospholipase D LamSicTox-alphaIV1ii
Phospholipase D LlSicTox-alphaIV1ii
Phospholipase D LlSicTox-alphaIV2ii
Phospholipase D LlSicTox-alphaIV2iv
Phospholipase D LlSicTox-alphaIV3
Phospholipase D LhSicTox-alphaVI1i
Phospholipase D LlSicTox-alphaIII3i
Phospholipase D LrSicTox-alphaIA1i
Phospholipase D LspaSicTox-alphaIA2i
Phospholipase D LiSicTox-alphaIA2aii
Phospholipase D LhSicTox-alphaIA2av
Phospholipase D LhSicTox-alphaIA2aviii
Phospholipase D LhSicTox-alphaIA2bii
Phospholipase D LhSicTox-alphaIA2biii
Phospholipase D LhSicTox-alphaIA2bvi
Phospholipase D LarSicTox-alphaIB1ai
Phospholipase D LapSicTox-alphaIB1aii
Phospholipase D LarSicTox-alphaIB1aiii
Phospholipase D LsaSicTox-alphaIB1aiv
Phospholipase D LdSicTox-alphaIB1avi
Phospholipase D LbSicTox-alphaIB1b
Phospholipase D LsaSicTox-alphaIB2i
Phospholipase D LarSicTox-alphaIB2bii
Phospholipase D LapSicTox-alphaIB2
Phospholipase D LdSicTox-alphaIB3av
Phospholipase D LdSicTox-alphaIB3b
Phospholipase D LvSicTox-alphaIC1ai
Phospholipase D LruSicTox-alphaIC1a
Phospholipase D LvSicTox-alphaIC1biv
Phospholipase D LruSicTox-alphaIC1d
Phospholipase D LarSicTox-alphaI-1
Phospholipase D LlSicTox-alphaIII1ii
Phospholipase D LhSicTox-alphaVI1ii
Phospholipase D LiSicTox-alphaIA1a
Phospholipase D LiSicTox-alphaIA1bii
Phospholipase D LspaSicTox-alphaIA2iii
Phospholipase D LiSicTox-alphaIA2ai
Phospholipase D LhSicTox-alphaIA2aiii
Phospholipase D LsaSicTox-alphaIB1aiii
Phospholipase D LdSicTox-alphaIB1av
Phospholipase D LbSicTox-alphaIB1a
Phospholipase D LsaSicTox-alphaIB1bi
Phospholipase D LapSicTox-alphaIB1b2
Phospholipase D LsaSicTox-alphaIB1bii
Phospholipase D LapSicTox-alphaIB1c
Phospholipase D LrSicTox-alphaIB1
Phospholipase D LsaSicTox-alphaIB2ii
Phospholipase D LarSicTox-alphaIB2c
Phospholipase D LdSicTox-alphaIB3ai
Phospholipase D LdSicTox-alphaIB3aiii
Phospholipase D LvSicTox-alphaIC1aii
Phospholipase D LvSicTox-alphaIC1bi
Phospholipase D LvSicTox-alphaIC1biii
Phospholipase D LruSicTox-alphaIC1c
Phospholipase D LgSicTox-alphaI-1
Phospholipase D LgSicTox-alphaI-Loxn-A
Phospholipase D LarSicTox-alphaII1
Phospholipase D Ls4SicTox-alphaIII1i
Phospholipase D LhSicTox-alphaIA1iii
Phospholipase D LsSicTox-alphaIA1
Phospholipase D LspaSicTox-alphaIA2ii
Phospholipase D LspaSicTox-alphaIA2iv
Phospholipase D LhSicTox-alphaIA2ai
Phospholipase D LiSicTox-alphaIA2aiii
Phospholipase D LhSicTox-alphaIA2avi
Phospholipase D LiSicTox-alphaIA2bi
Phospholipase D LiSicTox-alphaIA2bii
Phospholipase D LhSicTox-alphaIA2bv
Phospholipase D LdSicTox-alphaIB1ai
Phospholipase D LdSicTox-alphaIB1aii
Phospholipase D LapSicTox-alphaIB1aiii
Phospholipase D LapSicTox-alphaIB1aiv
Phospholipase D LarSicTox-alphaIB2a
Phospholipase D LvSicTox-alphaIC1aiii
Phospholipase D LvSicTox-alphaIC1bii
Phospholipase D LvSicTox-alphaIC1bv
Phospholipase D LruSicTox-alphaIC2
Phospholipase D LspaSicTox-alphaII1
Phospholipase D LamSicTox-alphaIV1i
Phospholipase D LlSicTox-alphaIV1i
Phospholipase D LhSicTox-alphaIV1ii
Phospholipase D LamSicTox-alphaIV1iii
Phospholipase D LruSicTox-alphaIV1
Phospholipase D LlSicTox-alphaIV2i
Phospholipase D LlSicTox-alphaIV2iii
Phospholipase D LhSicTox-alphaIV2
Phospholipase D SpeSicTox-betaIB2b
Phospholipase D LspiSicTox-betaIE1i
Phospholipase D LspiSicTox-betaIE2ii
Phospholipase D LafSicTox-betaIE2
Phospholipase D LspiSicTox-betaIE4ii
Phospholipase D SpeSicTox-betaIF1
Phospholipase D SpeSicTox-betaIIA2ii
Phospholipase D LspiSicTox-betaIII1
Phospholipase D LlSicTox-betaIA1
Phospholipase D SpeSicTox-betaIB2a
Phospholipase D LcsSicTox-betaIC1
Phospholipase D LspiSicTox-betaIE1ii
Phospholipase D LspiSicTox-betaIE4i
Phospholipase D SpaSicTox-betaIF1
Phospholipase D SpeSicTox-betaIIA2iv
Phospholipase D SpeSicTox-betaIIA3ii
Phospholipase D LiSicTox-betaIA1i
Phospholipase D SpeSicTox-betaIIA1
Phospholipase D SpeSicTox-betaIIA2iii
Phospholipase D SpeSicTox-betaIIA3i
Phospholipase D LdSicTox-alpha-1
Phospholipase D SpeSicTox-betaIB1a
Phospholipase D SpeSicTox-betaIB4
Phospholipase D StSicTox-betaIC1
Phospholipase D LafSicTox-betaIE1
Phospholipase D LspiSicTox-betaIE3ii
Phospholipase D SpeSicTox-betaIIA2i
Phospholipase D SpaSicTox-betaIIA2
Phospholipase D SpaSicTox-betaIIA3
Phospholipase D SdSicTox-betaIIB1aiii
Phospholipase D SdSicTox-betaIIB1bii
Phospholipase D SdSicTox-betaIIB1bv
Phospholipase D SdSicTox-betaIIB1bvii
Phospholipase D SdSicTox-betaIIB1bx
Phospholipase D SdSicTox-betaIIB1bxii
Phospholipase D LspiSicTox-betaIII2
Phospholipase D SpeSicTox-betaIB1b
Phospholipase D SpeSicTox-betaIB3
Phospholipase D LspiSicTox-betaIE2i
Phospholipase D LspiSicTox-betaIE2iii
Phospholipase D LspiSicTox-betaIE3i
Phospholipase D SdSicTox-betaIF1
Phospholipase D StSicTox-betaIF1
Phospholipase D SpaSicTox-betaIIA1
Phospholipase D SdSicTox-betaIIB1aii
Phospholipase D SdSicTox-betaIIB1bix
Phospholipase D SaSicTox-betaIIB1
Phospholipase D SdSicTox-betaIIB2ii
Phospholipase D LiSicTox-betaIA1ii
Phospholipase D SdSicTox-betaIIB1ai
Phospholipase D SdSicTox-betaIIB1aiv
Phospholipase D SdSicTox-betaIIB1biii
Phospholipase D SdSicTox-betaIIB1bvi
Phospholipase D SdSicTox-betaIIB1bxiii
Phospholipase D SdSicTox-betaIIB2i
Phospholipase D LgSicTox-beta-LOXN3
Phospholipase D SpeSicTox-betaIIA2v
Phospholipase D SdSicTox-betaIIB1bi
Phospholipase D SdSicTox-betaIIB1biv
Phospholipase D SdSicTox-betaIIB1bviii
Phospholipase D SdSicTox-betaIIB1bxi
Phospholipase D SdSicTox-betaIIB1bxiv
Phospholipase D LgSicTox-beta-LOXN8
Phospholipase D LgSicTox-beta-LOXN1/LOXN7
Phospholipase D LgSicTox-beta-LOXN4
Phospholipase D LgSicTox-beta-LOXN2
Phospholipase D alpha 1
Probable phospholipase D F09G2.8
Phospholipase D
Phospholipase D isoform 1
Phospholipase D3
Phospholipase D alpha 2
Phospholipase D gamma 3
Phospholipase D Y
Phospholipase D LgRec1
Phospholipase D isoform 2
Phospholipase D LiRecDT7
Phospholipase D beta 2
Phospholipase D Z
Phospholipase D LgSicTox-LOXN6
Phospholipase D LgSicTox-LOXN5
