ABC transporter G family member 19
Serine/threonine-protein kinase ark1
Vacuolar amino acid transporter 1
Vacuolar-sorting protein BRO1
ESCRT-related protein CHMP1A
Charged multivesicular body protein 2a
Charged multivesicular body protein 4b
Putative charged multivesicular body protein 4B-like protein CHMP4BP1
Charged multivesicular body protein 3
Charged multivesicular body protein 5
Charged multivesicular body protein 6
Charged multivesicular body protein 1b
Charged multivesicular body protein 4c
ESCRT-related protein CHMP1B
Charged multivesicular body protein 2b
Charged multivesicular body protein 6-A
Charged multivesicular body protein 6-B
Charged multivesicular body protein 2b-A
Charged multivesicular body protein 2a homolog 1
Charged multivesicular body protein 2b-B
Charged multivesicular body protein 2a homolog 2
ESCRT-related protein CHMP1
Tyrosine-protein phosphatase CDC14 homolog
Very-long-chain
Mannose 6-phosphate receptor-like protein 1
NEDD4 family-interacting protein 1
NEDD4 family-interacting protein 2
NEDD4 family-interacting protein 1-like
Serine/threonine-protein kinase plo1
Ras-related protein RABF2a
Vacuolar-sorting protein SNF7
Transmembrane 9 superfamily member 1
Transmembrane 9 superfamily member 2
Transmembrane 9 superfamily member 3
V-type proton ATPase subunit d
Vacuolar protein sorting/targeting protein 10
Putative vacuolar protein sorting-associated protein 24 homolog 2
Probable serine/threonine-protein kinase vps15
Vacuolar protein sorting/targeting protein VPS10
Vacuolar protein sorting-associated protein 2 homolog 2
VPS4-associated protein 1
Vacuolar protein sorting-associated protein 20 homolog 2
Vacuolar protein sorting-associated protein 2 homolog 1
Vacuolar protein sorting-associated protein 24 homolog 1
Vacuolar protein sorting-associated protein 1
Vacuolar-sorting receptor 1
Vacuolar protein sorting-associated protein 20 homolog 1
Vacuolar protein sorting-associated protein 32 homolog 1
Vacuolar protein sorting-associated protein 2 homolog 3
Vacuolar protein sorting-associated protein 32 homolog 2
