HLA class II histocompatibility antigen, DRB1-9 beta chain
HLA class II histocompatibility antigen, DRB1-14 beta chain
HLA class II histocompatibility antigen, DRB1-7 beta chain
HLA class II histocompatibility antigen, DRB1-16 beta chain
HLA class II histocompatibility antigen, DRB1-3 chain
HLA class II histocompatibility antigen, DRB1-8 beta chain
HLA class II histocompatibility antigen, DRB1-11 beta chain
HLA class II histocompatibility antigen, DRB1-13 beta chain
HLA class II histocompatibility antigen, DRB1-4 beta chain
HLA class II histocompatibility antigen, DRB1-10 beta chain
HLA class II histocompatibility antigen, DRB1-12 beta chain
HLA class II histocompatibility antigen, DRB1-15 beta chain
Peptidyl-glycine alpha-amidating monooxygenase A
Peptidyl-glycine alpha-amidating monooxygenase B
Cell cycle control protein 50A
CD63 antigen
Chromogranin-A
Cytochrome b561
HLA class II histocompatibility antigen, DQ alpha 1 chain
HLA class II histocompatibility antigen, DQ alpha 2 chain
Dopamine beta-hydroxylase
HLA class II histocompatibility antigen, DP alpha 1 chain
HLA class II histocompatibility antigen, DP beta 1 chain
HLA class II histocompatibility antigen, DQ beta 1 chain
HLA class II histocompatibility antigen, DR beta 5 chain
HLA class II histocompatibility antigen, DR beta 4 chain
HLA class II histocompatibility antigen, DQ beta 2 chain
HLA class II histocompatibility antigen, DR beta 3 chain
Islet cell autoantigen 1
Inositol 1,4,5-trisphosphate receptor type 1
Inositol 1,4,5-trisphosphate receptor type 3
Inositol 1,4,5-trisphosphate receptor type 2
Odorant response abnormal protein 4
Receptor-type tyrosine-protein phosphatase N2
Receptor-type tyrosine-protein phosphatase-like N
Ras-related protein Rab-13
Rab11 family-interacting protein 5
Rab effector Noc2
Secretory carrier-associated membrane protein 1
Secretogranin-3
Putative secretory carrier-associated membrane protein 1
Ras-related protein SEC4
Secretory carrier-associated membrane protein 2
Secretory carrier-associated membrane protein 3
Secretory carrier-associated membrane protein 6
Secretagogin
Secretory carrier-associated membrane protein 4
Secretory carrier-associated membrane protein 5
Secretogranin-1
Beta-2-syntrophin
Sprouty-related, EVH1 domain-containing protein 2
Syncollin
Transmembrane emp24 domain-containing protein 10
Transmembrane protein Tmp21
