Ubiquitin-like modifier-activating enzyme ATG7
Ubiquitin-like modifier-activating enzyme atg7
Shikimate dehydrogenase
Protein HesA, heterocyst
Protein HesA, vegetative
Probable adenylyltransferase/sulfurtransferase MoeZ
Molybdopterin-synthase adenylyltransferase
Probable molybdopterin-synthase adenylyltransferase
Putative pyruvate, phosphate dikinase regulatory protein
DNA damage tolerance protein RHC31
SUMO-activating enzyme subunit 1
SUMO-activating enzyme subunit aos-1
tRNA threonylcarbamoyladenosine dehydratase
Ubiquitin-like modifier-activating enzyme 5
Ubiquitin-like modifier-activating enzyme 1
SAMP-activating enzyme E1
Ubiquitin-activating enzyme E1 1
Ubiquitin-activating enzyme E1 3
Ubiquitin-activating enzyme E1 2
Ubiquitin-activating enzyme E1 Y
