ABI gene family member 3
Adhesion G protein-coupled receptor G3
Cell death abnormality protein 12
Conserved oligomeric Golgi complex subunit 8
Conserved oligomeric Golgi complex subunit 2
Conserved oligomeric Golgi complex subunit 6
Guanine nucleotide-binding protein subunit beta-2-like 1
D-glucuronyl C5-epimerase
Heparan sulfate 2-O-sulfotransferase hst-2
Abnormal cell migration protein 21
ADAM family mig-17
Partitioning defective 6 homolog beta
Roundabout homolog 4
Reticulon-4
Syndecan-3
Stromal cell-derived factor 1
Somatostatin
Trefoil factor 2
Thymosin beta-4
Netrin unc-6
WD repeat-containing protein 44
