Auxin-induced protein PCNT115
Long-chain acyl- reductase
Probable transmembrane ascorbate ferrireductase 3
1-aminocyclopropane-1-carboxylate oxidase homolog 11
NAD(P)H-dependent 6'-deoxychalcone synthase
Protein anon-37Cs
1-aminocyclopropane-1-carboxylate oxidase homolog 2
1-aminocyclopropane-1-carboxylate oxidase homolog 5
Probable transmembrane ascorbate ferrireductase 2
Acetoin:2,6-dichlorophenolindophenol oxidoreductase subunit beta
1-aminocyclopropane-1-carboxylate oxidase homolog 3
Ascorbate-specific transmembrane electron transporter 2
Probable transmembrane ascorbate ferrireductase 4
1-aminocyclopropane-1-carboxylate oxidase homolog 6
Ascorbate-specific transmembrane electron transporter 1
Putative NAD(P)H nitroreductase acg
1-aminocyclopropane-1-carboxylate oxidase homolog 1
1-aminocyclopropane-1-carboxylate oxidase homolog 7
Probable ascorbate-specific transmembrane electron transporter 1
1-aminocyclopropane-1-carboxylate oxidase homolog 12
NDMA-dependent alcohol dehydrogenase
Probable ascorbate-specific transmembrane electron transporter 2
Acyl carrier protein, mitochondrial
Alcohol dehydrogenase-related 31 kDa protein
Alkyl hydroperoxide reductase subunit F
Probable metalloreductase AIM14
Achacin
Versicolorin reductase 1
Apoptosis-inducing factor homolog B
Probable aldo-keto reductase 1
Aldo-keto reductase family 4 member C10
Alcaligin biosynthesis enzyme
Putative ketoacyl reductase
Oxidoreductase AflY
Probable aldo-keto reductase 3
Isoflavone reductase-like protein
Minor allergen Alt a 7
NADPH-dependent butanol dehydrogenase
NADPH:adrenodoxin oxidoreductase, mitochondrial
Apoptosis-inducing factor 2
Apoptosis-inducing factor 3
Putative aldo-keto reductase family 1 member C8
Ambineela
Amine oxidase family member 1
Probable aldo-keto reductase 2
Probable aldo-keto reductase 5
NADH-dependent butanol dehydrogenase B
Acetylene hydratase
Apoptosis-inducing factor homolog A
2-aminophenol 1,6-dioxygenase subunit alpha
Anaerobic sulfatase-maturating enzyme
Putative apoptosis-inducing factor 1, mitochondrial
Putative flavin-containing monoamine oxidase AofH
Anthranilate 1,2-dioxygenase ferredoxin subunit
Anaredoxin
Amine oxidase  A
Amine oxidase  B
Aldo-keto reductase
Probable aldo-keto reductase 6
2-aminophenol 1,6-dioxygenase alpha subunit
Aplysianin-A
Probable flavin-containing monoamine oxidase A
Probable flavin-containing monoamine oxidase B
Probable flavin-containing monoamine oxidase C
Probable inactive 2-oxoglutarate-dependent dioxygenase AOP2
Chorismate synthase
CDP-6-deoxy-L-threo-D-glycero-4-hexulose-3-dehydrase reductase
NADPH-dependent aldehyde reductase ARI1
L-ascorbate oxidase homolog
Short-chain dehydrogenase reductase ATA1
Anaerobic sulfite reductase subunit C
FMN-dependent NADPH-azoreductase
NAD(P)H azoreductase
Dihydroanticapsin 7-dehydrogenase
Beta-carotene hydroxylase 1, chloroplastic
Beta-carotene hydroxylase 2, chloroplastic
Averufin oxidase A
Probable disulfide bond formation protein D
Disulfide bond formation protein
NADH-dependent flavin oxidoreductase
Biotin sulfoxide reductase
Anthocyanidin reductase
Beta-carotene 3-hydroxylase, chloroplastic
Disulfide bond formation protein D
Biphenyl dioxygenase ferredoxin subunit
Bile acid 7-dehydroxylase 1/3
Biphenyl 2,3-dioxygenase, ferredoxin component
Bile acid 7-dehydroxylase 2
Bile acid-inducible operon protein CD
Benzene 1,2-dioxygenase system ferredoxin subunit
Putative oxidoreductase bli-4, mitochondrial
S-adenosyl-L-methionine-dependent 2-deoxy-scyllo-inosamine dehydrogenase
Bacterioferritin
Protein bli-3
Putidaredoxin reductase
Benzil reductase
Botryococcene synthase
Botryococcus squalene synthase
Biphenyl dioxygenase system ferredoxin subunit
Carboxylic acid reductase
Protein CbrA
3-chlorobenzoate-3,4-dioxygenase reductase subunit
Carbonyl reductase family member 4
1-carboxy-3-chloro-3,4-dihydroxycyclo hexa-1,5-diene dehydrogenase
Caffeine dehydrogenase subunit gamma
Cobalt-factor III methyltransferase
Caffeine dehydrogenase subunit alpha
Protein CER1-like 2
Cilia- and flagella-associated protein 61
dTDP-4-oxo-6-deoxy-D-allose reductase
CR(VI) reductase
Protein ECERIFERUM 1
Protein CER1-like 1
Polysaccharide monooxygenase Cel61a
Conditioned medium factor receptor 1
(2R)-3-sulfolactate dehydrogenase
L-sulfolactate dehydrogenase
Cytochrome P450 3A16
Protein CREG2
Diapolycopene oxygenase
Prolycopene isomerase, chloroplastic
Non-functional NADPH-dependent codeinone reductase 2
Dehydrosqualene desaturase
Beta-carotene hydroxylase
Phytoene desaturase
Phytoene dehydrogenase
Prolycopene isomerase 2, chloroplastic
Beta-carotene ketolase
Cytochrome P450 3A11
Prolycopene isomerase 1, chloroplastic
Cytochrome b-245 light chain
Cytochrome b ascorbate-dependent protein 3
Cytochrome b5-related protein
Epimerase family protein SDR39U1
Acyl-lipid
Putative cytochrome b561
Cytochrome c mitochondrial import factor CYC2
Cholesterol 7-desaturase
Putative diflavin flavoprotein A 2
Putative diflavin flavoprotein A 4
Putative diflavin flavoprotein A 6
Hydroxysteroid 11-beta-dehydrogenase 1-like protein
Monensin polyketide synthase putative ketoacyl reductase
Corticosteroid 11-beta-dehydrogenase isozyme 2
Granaticin polyketide synthase putative ketoacyl reductase 2
Dehydrogenase/reductase SDR family member 11
Dehydrogenase/reductase SDR family member 13
Soluble hydrogenase 50 kDa subunit
2,5-diketo-D-gluconic acid reductase A
Stearoyl-CoA 9-desaturase electron transfer partner
dTDP-4-amino-4,6-dideoxy-D-glucose ammonia-lyase
Putative diflavin flavoprotein A 1
Putative diflavin flavoprotein A 3
Granaticin polyketide synthase putative ketoacyl reductase 1
Dehydrogenase/reductase SDR family member 7
Anaerobic dimethyl sulfoxide reductase chain B
Dapdiamide synthesis protein DdaC
Dihydrodiol dehydrogenase 3
Aldehyde dehydrogenase beta chain
Hydroxysteroid 11-beta-dehydrogenase 1-like protein A
Hydroxysteroid 11-beta-dehydrogenase 1-like protein B
Putative 2,5-diketo-D-gluconic acid reductase A
2,5-diketo-D-gluconic acid reductase B
Aldehyde dehydrogenase gamma chain
Dehydrogenase/reductase SDR family member 12
Actinorhodin polyketide dimerase
Putative diflavin flavoprotein A 5
Diflavin flavoprotein A 1
Dehydrogenase/reductase SDR family member on chromosome X
DYE-linked aldehyde dehydrogenase, alpha chain
Aklavinone 12-hydroxylase DnrF
Soluble hydrogenase, small subunit
DYE-linked aldehyde dehydrogenase, gamma chain
Putative dehydrogenase/reductase SDR family member 4-like 1
Dehydrogenase/reductase SDR family member 7B
Dehydrogenase/reductase SDR family member 7C
Dehydrogenase/reductase SDR family member 7C-A
Dehydrogenase/reductase SDR family member 7C-B
Sulfite reductase, dissimilatory-type subunit beta
Dehydrogenase/reductase SDR family member on chromosome X homolog
Soluble hydrogenase 42 kDa subunit
NAD-dependent decaprenylphosphoryl-D-2-keto erythropentose reductase
DNA protection during starvation protein
Mannitol dehydrogenase DSF1
Sulfite reductase, dissimilatory-type subunit alpha
Dehydrogenase/reductase SDR family member 4-like 2
Agroclavine dehydrogenase
Probable inactive dehydrogenase EasA
Hercynine oxygenase
Ethanolamine utilization protein EutG
Probable oxidoreductase EphD
Fatty acid desaturase 3
Fatty acid desaturase 6
Delta(7)-sterol 5(6)-desaturase
Coenzyme F420:L-glutamate ligase
Fatty acid desaturase 4-like 2, chloroplastic
Formate ester dehydrogenase beta chain
Probable Delta(5) fatty acid desaturase C
Enoyl-
Delta(9) fatty acid conjugase-like enzyme
Fatty acid 2-hydroxylase 2
Protein FixC
Protein FixR
Ferredoxin 1
Fatty acid desaturase 4-like 1, chloroplastic
Putative redox protein FMP46, mitochondrial
Fatty acid synthase
Formate ester dehydrogenase gamma chain
Protein FixW
Flavoredoxin
Type A flavoprotein FprA
Type A flavoprotein fprA
Bacterial non-heme ferritin
Formate dehydrogenase-O iron-sulfur subunit
Putative redox protein fmp46, mitochondrial
NAD(P)H-flavin reductase
Probable bacterial non-heme ferritin-like protein
F420-dependent NADP reductase
Ferredoxin oxidoreductase 1 subunit ForD
Major NAD(P)H-flavin oxidoreductase
FAD-dependent oxidoreductase domain-containing protein 1
Ferredoxin oxidoreductase 2 subunit ForD
Putative ferric-chelate reductase 1
Fumarate reductase flavoprotein subunit
2-keto-3-deoxy-L-fuconate dehydrogenase
Probable galactose dehydrogenase GalD
Gibberellin 20 oxidase 1-B
Probable bacterial non-heme ferritin
Protein FwdD
Fatty acid hydroxylase domain-containing protein 2
Glycosyl hydrolase family 109 protein 1
Alpha-N-acetylgalactosaminidase
Gibberellin 20 oxidase 1-D
NADPH-flavin oxidoreductase
Glycosyl hydrolase family 109 protein 2
Glycosyl hydrolase family 109 protein 5
Gibberellin 20 oxidase 2
Nitric oxide reductase
Ferric-chelate reductase 1
Gibberellin 20 oxidase 1
Gibberellin 20 oxidase 4
Glycosyl hydrolase family 109 protein 3
Glycosyl hydrolase family 109 protein
Gibberellin 20 oxidase 1-A
D-galacturonate reductase
Glycerol 2-dehydrogenase
Glucose-fructose oxidoreductase domain-containing protein 1
UDP-galactopyranose mutase
D/L-glyceraldehyde reductase
Glucose and ribitol dehydrogenase
Protein GlxC
Putative NADPH-dependent methylglyoxal reductase GRP2
General stress protein 69
Glucose and ribitol dehydrogenase homolog
Glucose and ribitol dehydrogenase homolog 2
Putative NADH dehydrogenase/NAD(P)H nitroreductase HadB
Glucose and ribitol dehydrogenase homolog 1
3-amino-4-hydroxybenzoic acid synthase
General stress protein 26
General stress protein 14
General stress protein 39
Heterodisulfide reductase subunit B-like protein
Heterodisulfide reductase subunit C-like protein
NADP-dependent 7-alpha-hydroxysteroid dehydrogenase
Polyketide synthase HetM
Heterodisulfide reductase subunit A-like protein
Hdr-like menaquinol oxidoreductase iron-sulfur subunit
4-hydroxyphenylacetate decarboxylase activating enzyme
Inactive hydroxysteroid dehydrogenase-like protein 1
Hephaestin-like protein
Ketoacyl reductase HetN
Homospermidine synthase
Formate hydrogenlyase subunit 2
Sulfhydrogenase 2 subunit beta
Oxidoreductase HTATIP2
Hydroxyacyl-thioester dehydratase type 2, mitochondrial
Sulfhydrogenase 2 subunit delta
Putative polyketide hydroxylase
Hydrogenase-4 component A
Effector protein hopAD1
Isopentenyl-diphosphate delta-isomerase
High molecular weight rubredoxin
Hydrogenase-4 component J
Isoflavone reductase homolog 1
Electron transport protein HydN
Sulfhydrogenase 1 subunit beta
Isoflavone reductase homolog
Iron-sulfur flavoprotein AF_1519
Putative inosine-5'-monophosphate dehydrogenase 1
IN2-2 protein
Sulfoacetaldehyde reductase 2
Isoflavone reductase homolog A622
Iron-sulfur flavoprotein MJ1083
Isoflavone reductase homolog 2
Isoflavone reductase homolog IRL
Protein IolS
scyllo-inositol 2-dehydrogenase
Iron-sulfur flavoprotein CD630_04720
Sulfoacetaldehyde reductase
Iron-sulfur flavoprotein AF_1436
Iron-sulfur flavoprotein MJ0731
Iron-sulfur flavoprotein AF_1896
Fruit protein pKIWI502
Kinesin-like calmodulin-binding protein homolog
6-hydroxypseudooxynicotine dehydrogenase complex subunit gamma
Iodotyrosine deiodinase 1
3-deoxy-alpha-D-manno-octulosonate 8-oxidase
6-hydroxypseudooxynicotine dehydrogenase complex subunit beta
Laccase
Lysine-specific histone demethylase 1 homolog 3
Lysine-specific histone demethylase 1 homolog 2
Linear gramicidin dehydrogenase LgrE
Lovastatin nonaketide synthase
Putative L-lactate dehydrogenase
C alpha-dehydrogenase
2,5-dichloro-2,5-cyclohexadiene-1,4-diol dehydrogenase
Putative FAD-dependent oxidoreductase LodB
Probable flavin reductase
Levodione reductase
Methylamine utilization protein MauD
L-xylo-3-hexulose reductase
4-methylaminobutanoate oxidase
Multicopper oxidase mco
Agropine synthesis reductase
Microcin B17-processing protein McbC
Methylecgonone reductase
Putative mycofactocin system heme/flavin oxidoreductase MftD
Rhizopine catabolism protein MocA
Protein MoaE
Soluble secreted antigen MPT53
Mersacidin decarboxylase
Momilactone A synthase
NAD(P)-dependent methylenetetrahydromethanopterin dehydrogenase
Mitochondrial translation optimization protein 1
F420-non-reducing hydrogenase subunit G
1,2-dihydroxy-3-keto-5-methylthiopentene dioxygenase
F420-non-reducing hydrogenase iron-sulfur subunit D
NADH oxidase
Naphthalene 1,2-dioxygenase/salicylate 5-hydroxylase systems, ferredoxin component
Probable NAD(P)H-dependent oxidoreductase 1
Assimilatory ferredoxin-dependent nitrite reductase
NADH-ubiquinone oxidoreductase 24 kDa subunit homolog C11E3.12, mitochondrial
Probable NAD(P)H-dependent oxidoreductase 2
Respiratory nitrate reductase 1 beta chain
Nicotine blue oxidoreductase
NADPH-dependent oxidoreductase
Ferredoxin--NAD(P)(+) reductase
Cytosolic Fe-S cluster assembly factor nar1
S-norcoclaurine synthase 1
External alternative NADH-ubiquinone oxidoreductase, mitochondrial
Methylxanthine N3-demethylase NdmB
Oxidoreductase NdmD
Naphthalene 1,2-dioxygenase system ferredoxin subunit
Oxygen-insensitive NADPH nitroreductase
Oxygen-insensitive NAD(P)H nitroreductase
Pyruvate-flavodoxin oxidoreductase
Methylxanthine N1-demethylase NdmA
Probable methylxanthine N7-demethylase NdmC
Nigerythrin
Norsolorinic acid reductase B
Ribosyldihydronicotinamide dehydrogenase  2)
Probable NADH dehydrogenase
NADH-ubiquinone oxidoreductase 51 kDa subunit homolog SPBC18E5.10, mitochondrial
Putative nicotine oxidoreductase
Norsolorinic acid reductase A
Protein NrfC
Short-chain dehydrogenase/reductase family member NovK
Protein NrfC homolog
Nodulation protein G
Norsolorinic acid reductase
FMN reductase
Opine oxidase subunit A
12-oxophytodienoate reductase-like protein
Probable oxidoreductase
Oxidoreductase NAD-binding domain-containing protein 1
Opine oxidase subunit B
Probable oxidoreductase OrdL
Protein MTH_152
P25 protein
Putative monooxygenase p33MONOX
Protein P18, mitochondrial
Oxidative stress-induced growth inhibitor 2
Oxidation resistance protein 1
Protein p49
Pyruvate dehydrogenase phosphatase regulatory subunit, mitochondrial
Pyruvate formate-lyase 2-activating enzyme
Pyridoxamine 5'-phosphate oxidase homolog
Pseudohemocyanin-1
Phthalate dioxygenase reductase
Perakine reductase
Pseudohemocyanin-2
Phosphonoacetaldehyde reductase
Putative pyruvate formate-lyase 3-activating enzyme
Thiosulfate reductase
Bifunctional pinoresinol-lariciresinol reductase
1-deoxy-11-beta-hydroxypentalenate dehydrogenase
Pyruvate formate-lyase 1-activating enzyme
Bifunctional pinoresinol-lariciresinol reductase 3
Phenoxybenzoate dioxygenase subunit beta
Polyol:NADP oxidoreductase
NAD(P)H-dependent pentose reductase
Phthiocerol synthesis polyketide synthase type I PpsE
Putative NAD(P)-dependent glyceraldehyde-3-phosphate dehydrogenase PS5
Flavin-dependent tryptophan halogenase PrnA
Polysulfide reductase chain A
Aminopyrrolnitrin oxygenase PrnD
Polysulfide reductase chain B
Presqualene diphosphate synthase
Delta(1)-pyrroline-2-carboxylate reductase
Protoplast secreted protein 2
Post-translational flagellin modification protein A
Pyridine nucleotide-disulfide oxidoreductase domain-containing protein 1
Pyridine nucleotide-disulfide oxidoreductase domain-containing protein 2
Delta(1)-pyrroline-2-carboxylate reductase 2
Dihydroorotate dehydrogenase B
Probable dihydroorotate dehydrogenase B
Delta(1)-pyrroline-2-carboxylate reductase 1
Putative dihydroorotate dehydrogenase B
Red chlorophyll catabolite reductase
Flavin-dependent tryptophan halogenase RebH
Rab proteins geranylgeranyltransferase component A
CDP-abequose synthase
CDP-paratose synthase
Rieske domain-containing protein
Protein RfbI
R2-like ligand binding oxidase
Putative ribonucleoside-diphosphate reductase small chain B
Putative UDP-kanosamine synthase oxidoreductase subunit
Putative rubrerythrin
Short-chain dehydrogenase/reductase family 16C member 6
Flagellar radial spoke protein 5
Rubrerythrin
Saccharopine dehydrogenase-like oxidoreductase
Short-chain dehydrogenase reductase 2a
Short-chain dehydrogenase reductase 4
Probable sulredoxin
Putative oxidoreductase SadH
Short-chain dehydrogenase reductase 3c
Sulredoxin
Short-chain dehydrogenase reductase 3b
Secoisolariciresinol dehydrogenase
Short-chain type dehydrogenase/reductase
Short-chain dehydrogenase/reductase 2b
Short-chain dehydrogenase reductase 5
NADH:riboflavin 5'-phosphate oxidoreductase
3-methyl-L-tyrosine peroxygenase
Sulfite reductase, assimilatory-type
Spore coat polysaccharide biosynthesis protein SpsL
Spore coat polysaccharide biosynthesis protein SpsK
Sepiapterin reductase
Oxidoreductase-like protein SRL4
Sorbose reductase homolog SOU2
Styryl dye vacuolar localization protein 3
Sulfatase-modifying factor 1
dTDP-6-deoxy-L-talose 4-dehydrogenase
Putative type-1 restriction enzyme MjaXP R protein
Trans-acting enoyl reductase
Protein tas
Tetracenomycin-F1 monooxygenase
Tetracenomycin polyketide synthesis hydroxylase TcmG
Rhodocoxin reductase
Trihydroxynaphthalene reductase
Terpredoxin reductase
Trifolitoxin-processing protein TfxB
Methylenetetrahydrofolate--tRNA-(uracil-5-)-methyltransferase TrmFO 2
Thylakoid lumenal 29 kDa protein, chloroplastic
Methylenetetrahydrofolate--tRNA-(uracil-5-)-methyltransferase TrmFO 1
Tropinone reductase-like 2
Tropinone reductase homolog At1g07450
Tropinone reductase homolog At2g29260, chloroplastic
Tropinone reductase homolog At2g29300
Tropinone reductase homolog At2g29330
Methylenetetrahydrofolate--tRNA-(uracil-5-)-methyltransferase TrmFO
Tropinone reductase homolog At2g29310
Tropinone reductase homolog At2g29370
Tropinone reductase-like 1
Tropinone reductase-like 3
Tropinone reductase homolog At2g29150
Tropinone reductase homolog At2g29170
Tropinone reductase homolog At2g29320
Tropinone reductase homolog At2g29360
Tropinone reductase homolog At2g30670
Sex determination protein tasselseed-2
Tyrosinase-like protein 1
Tropinone reductase homolog At1g07440
Tropinone reductase homolog At2g29290
Tropinone reductase homolog At2g29340
Tropinone reductase homolog At5g06060
L-dopachrome tautomerase
Oxidoreductase UcpA
Tyrosinase-like protein 2
Vanillate O-demethylase oxidoreductase
F420-non-reducing hydrogenase vhc iron-sulfur subunit D
F420-non-reducing hydrogenase vhu subunit G
Probable L-tryptophan oxidase VioA
UDP-N-acetylglucosamine 3-dehydrogenase
F420-non-reducing hydrogenase vhu subunit U
Veratryl alcohol oxidase
Vitopine synthase
Vanadium-binding protein 2
F420-non-reducing hydrogenase iron-sulfur subunit A
F420-non-reducing hydrogenase vhu iron-sulfur subunit D
Probable tryptophan hydroxylase VioD
Probable short-chain type dehydrogenase/reductase VdlC
WW domain-containing oxidoreductase
F420-non-reducing hydrogenase iron-sulfur subunit G
Versiconal hemiacetal acetate reductase
NAD(P)H-dependent D-xylose reductase XYR1
Vestitone reductase
F420-non-reducing hydrogenase vhc subunit G
MEMO1 family protein MTH_45
Probable NAD(P)H-dependent D-xylose reductase xyl1
UDP-2-acetamido-2,6-beta-L-arabino-hexul-4-ose reductase
NAD(P)H-dependent D-xylose reductase
Putative NADH dehydrogenase/NAD(P)H nitroreductase Caul_0018
Putative NADH dehydrogenase/NAD(P)H nitroreductase CC_0061
Putative nitroreductase MJ1384
UPF0306 protein Cj1449c
NADH-dependent D-xylose reductase
NADPH-dependent D-xylose reductase
NADPH-dependent D-xylose reductase II,III
MEMO1 family protein Pcal_0028
Putative NADH dehydrogenase/NAD(P)H nitroreductase CCNA_00059
Putative NAD(P)H nitroreductase
Protein CA_C1420
Putative NAD(P)H nitroreductase HI_1542
MEMO1 family protein Pars_0062
MEMO1 family protein Pisl_1105
UPF0306 protein HD_1359
MEMO1 family protein Cmaq_1590
NADH dehydrogenase-like protein MT1860
NADH dehydrogenase-like protein SH2010
Putative NAD(P)H nitroreductase SERP2086
Probable short-chain type dehydrogenase/reductase blr2146
MEMO1 family protein AF_2310
Putative NAD(P)H nitroreductase SAS2409
Putative NADH dehydrogenase/NAD(P)H nitroreductase SGR_2476
Putative NAD(P)H nitroreductase SAV2523
NAD(P)H-dependent D-xylose reductase I,II
Putative NADH dehydrogenase/NAD(P)H nitroreductase RSc1004
MEMO1 family protein DKAM_1357
MEMO1 family protein Mbar_A1422
Putative NADH dehydrogenase/NAD(P)H nitroreductase Reut_A1586
NAD(P)H-dependent D-xylose reductase xyl1
MEMO1 family protein SSO0066
Putative NADH dehydrogenase/NAD(P)H nitroreductase Lcho_1290
UPF0306 protein C8J_1355
MEMO1 family protein APE_1771
NADH dehydrogenase-like protein SSP1834
Putative NADH dehydrogenase/NAD(P)H nitroreductase AF_0226
Putative NADH dehydrogenase/NAD(P)H nitroreductase Bcep18194_B1060
MEMO1 family protein TON_0132
MEMO1 family protein TGAM_1726
Putative NAD(P)H nitroreductase SA2311
MEMO1 family protein Mbur_2394
Putative NAD(P)H nitroreductase MT3217
Putative NADH dehydrogenase/NAD(P)H nitroreductase Plav_3612
Putative Rieske 2Fe-2S iron-sulfur protein MT3926
UPF0306 protein YpAngola_A4021
UPF0306 protein YE0465
MEMO1 family protein TK1477
Putative oxidoreductase MT1904
MEMO1 family protein Nmar_0215
Putative NADH dehydrogenase/NAD(P)H nitroreductase AF_2267
Putative NAD(P)H nitroreductase SAB2397c
Putative NAD(P)H nitroreductase MW2443
UPF0306 protein YPDSF_3277
Putative NADH dehydrogenase/NAD(P)H nitroreductase PST_3601
UPF0306 protein YPK_3704
UPF0306 protein CKO_04548
Putative NAD(P)H nitroreductase SH0546
Probable NADP-dependent dehydrogenase HI_1430
MEMO1 family protein PF1638
MEMO1 family protein MM_1761
Protein TTE1956
Putative NAD(P)H nitroreductase SE_2073
Putative NAD(P)H nitroreductase SAUSA300_2462
Putative NAD(P)H nitroreductase SACOL2534
Putative NAD(P)H nitroreductase SAOUHSC_02829
Putative NADH dehydrogenase/NAD(P)H nitroreductase Smal_0358
Putative NAD(P)H nitroreductase SSP0379
Putative Rieske 2Fe-2S iron-sulfur protein Rv3818
Putative NADH dehydrogenase/NAD(P)H nitroreductase PXO_03909
Putative NADH dehydrogenase/NAD(P)H nitroreductase Smlt0482
Putative NADH dehydrogenase/NAD(P)H nitroreductase SCO7141
NADH dehydrogenase-like protein MW0823
UPF0306 protein YpsIP31758_3570
Putative NADH dehydrogenase/NAD(P)H nitroreductase XOO4023
MEMO1 family protein PYRAB05390
Putative NADH dehydrogenase/NAD(P)H nitroreductase XAC0554
Putative NADH dehydrogenase/NAD(P)H nitroreductase XCV0587
NADH dehydrogenase-like protein SA0802
MEMO1 family protein aq_890
Putative NADH dehydrogenase/NAD(P)H nitroreductase Atu2496
UPF0306 protein ESA_03544
Putative NADH dehydrogenase/NAD(P)H nitroreductase Rpal_4764
UPF0306 protein Spro_0510
Putative NADH dehydrogenase/NAD(P)H nitroreductase XC_0568
MEMO1 family protein MA_0601
NADH dehydrogenase-like protein SAS0811
NADH dehydrogenase-like protein SAUSA300_0844
Putative NADH dehydrogenase/NAD(P)H nitroreductase Pnuc_0932
UPF0306 protein YPA_2969
Clavaminate synthase-like protein At3g21360
Putative NADH dehydrogenase/NAD(P)H nitroreductase XCC3605
Putative NADH dehydrogenase/NAD(P)H nitroreductase XOO4267
Probable D-amino acid oxidase PA4548
NADH dehydrogenase-like protein SERP0527
UPF0306 protein KPK_0562
Putative short-chain type dehydrogenase/reductase MSMEG_6031/MSMEI_5872
NADH dehydrogenase-like protein SE_0635
Putative NAD(P)H nitroreductase Spy0809
NADH dehydrogenase-like protein SAOUHSC_00878
NADH dehydrogenase-like protein SACOL0944
Cyclic di-GMP binding protein VCA0042
UPF0306 protein YPO3467/y0717/YP_0616
UPF0306 protein KPN78578_35330
UPF0306 protein Ent638_3591
UPF0306 protein YPTB0506
UPF0306 protein YPTS_0536
Putative NADH dehydrogenase/NAD(P)H nitroreductase xcc-b100_0585
UPF0306 protein YPN_0620
MEMO1 family protein PAE0818
Putative NAD(P)H nitroreductase YdgI
Putative NAD(P)H nitroreductase YdjA
MEMO1 family protein MJ0403
Putative NADH dehydrogenase/NAD(P)H nitroreductase SCO5049
Probable NADP-dependent dehydrogenase in aabA 3'region
Putative oxidoreductase YetM
UPF0306 protein YhbP
Putative Rieske 2Fe-2S iron-sulfur protein MSMEG_6410/MSMEI_6242
NADH dehydrogenase-like protein SAR0903
UPF0744 protein C106.03
Putative monooxygenase YdhR
NADP-dependent 3-hydroxy acid dehydrogenase
NADH dehydrogenase-like protein SAB0807
Putative NADH dehydrogenase/NAD(P)H nitroreductase Rpic_0870
MEMO1 family protein MK0963
NADH dehydrogenase-like protein YjlD
Probable anaerobic dimethyl sulfoxide reductase chain YnfG
NADH dehydrogenase-like protein SAV0941
Putative oxidoreductase YceM
Oxidoreductase YdhF
Putative NAD(P)H nitroreductase YfhC
Flavoprotein-like protein YCP4
Putative dioxygenase subunit beta YeaX
Putative NAD(P)H nitroreductase YfkO
Putative electron transport protein YgfS
Putative aryl-alcohol dehydrogenase C750.01
Probable oxidoreductase YoaE
Putative oxidoreductase YdbC
Probable electron transfer flavoprotein-quinone oxidoreductase YdiS
Probable NADH-dependent flavin oxidoreductase YqiG
Putative oxidoreductase YteT
Short-chain dehydrogenase/reductase homolog YusS
Putative NAD(P)H-dependent FMN-containing oxidoreductase YwqN
Probable electron transfer flavoprotein-quinone oxidoreductase YgcN
Probable quinol monooxygenase YgiN
Short-chain dehydrogenase/reductase homolog YusR
Zerumbone synthase
Putative uncharacterized oxidoreductase C513.07
Pyridoxamine 5'-phosphate oxidase YLR456W homolog
UPF0676 protein C1494.01
NADH dehydrogenase-like protein YutJ
Putative electron transport protein YsaA
Probable NADH-dependent butanol dehydrogenase 1
Thiol-disulfide oxidoreductase YkuV
Glutathionyl-hydroquinone reductase YqjG
Probable NADH-dependent butanol dehydrogenase 2
NADH dehydrogenase-like protein YumB
Probable oxidoreductase YyaE
Putative oxidoreductase YtkK
Bacilysin biosynthesis oxidoreductase YwfH
