AH receptor-interacting protein
Actin, cytoplasmic 1
Dol-P-Man:Man(7)GlcNAc(2)-PP-Dol alpha-1,6-mannosyltransferase
Hsp90 co-chaperone AHA1
BAG family molecular chaperone regulator 1A
BAG family molecular chaperone regulator 7
BAG family molecular chaperone regulator 1B
Putative bifunctional phosphatase/peptidyl-prolyl cis-trans isomerase
Calnexin
Calnexin homolog
Calnexin homolog 2
Calreticulin
Calnexin homolog ARB_00147
Curved DNA-binding protein
Protein CAJ1
Calreticulin-3
10 kDa chaperonin 1
10 kDa chaperonin 2
10 kDa chaperonin 3
20 kDa chaperonin, chloroplastic
10 kDa chaperonin
10 kDa chaperonin 4
10 kDa chaperonin, cyanelle
10 kDa heat shock protein, mitochondrial
10 kDa chaperonin 5
60 kDa heat shock protein, mitochondrial
20 kDa chaperonin
Calmegin
CLP protease regulatory subunit CLPX3, mitochondrial
CLP protease regulatory subunit CLPX1, mitochondrial
Hsp70/Hsp90 co-chaperone cns1
CLP protease regulatory subunit CLPX2, mitochondrial
Peptidyl-prolyl cis-trans isomerase CYP19-2
Peptidyl-prolyl cis-trans isomerase CYP26-1
Peptidyl-prolyl cis-trans isomerase CYP18-2
Protein CHAPERONE-LIKE PROTEIN OF POR1, chloroplastic
Peptidyl-prolyl cis-trans isomerase CWC27 homolog
Peptidyl-prolyl cis-trans isomerase CYP26-2, chloroplastic
Peptidyl-prolyl cis-trans isomerase CYP18-1
Peptidyl-prolyl cis-trans isomerase CYP20-3, chloroplastic
Peptidyl-prolyl cis-trans isomerase CYP21-3, mitochondrial
Thioredoxin-like protein CXXS2
Probable peptidyl-prolyl cis-trans isomerase ARB_01071
Peptidyl-prolyl cis-trans isomerase
Peptidyl-prolyl cis-trans isomerase cyp15
Peptidyl-prolyl cis-trans isomerase 1
Peptidyl-prolyl cis-trans isomerase CYP63
Peptidyl-prolyl cis-trans isomerase CYP95
Peptidyl-prolyl cis-trans isomerase 9
Peptidyl-prolyl cis-trans isomerase, chloroplastic
Peptidyl-prolyl cis-trans isomerase, mitochondrial
Thioredoxin-like protein CXXS1
Peptidyl-prolyl cis-trans isomerase cyp5
Peptidyl-prolyl cis-trans isomerase cyp11
Peptidyl-prolyl cis-trans isomerase cyp6
DnaJ homolog subfamily B member 11
Chaperone protein dnaK1
Chaperone protein DnaK 2
Chaperone protein dnaK2
Chaperone protein dnaK3
Chaperone protein DnaK
Chaperone protein dnaK
Chaperone protein DnaJ 2
Chaperone protein DnaK 3
DnaJ homolog subfamily C member 7 homolog
DnaJ protein ERDJ3B
DnaJ homolog subfamily B member 4
Chaperone protein DnaK 1
Diphthamide biosynthesis protein 4
Chaperone protein DnaJ
DnaJ homolog dnj-20
DnaJ homolog subfamily B member 13
DnaJ protein homolog 1
Thiol:disulfide interchange protein DsbA
Chaperone protein DnaJ 1
Disulfide bond formation protein B 1
Disulfide bond formation protein B 2
DnAJ-like protein slr0093
Thiol:disulfide interchange protein DsbC
Probable zinc metalloprotease EGY3, chloroplastic
Thiol:disulfide interchange protein DsbG
ER degradation-enhancing alpha-mannosidase-like protein 3
Endoplasmin
ER-localized J domain-containing protein 5
Peptidyl-prolyl cis-trans isomerase FKBP15-1
Peptidyl-prolyl cis-trans isomerase FKBP17-1, chloroplastic
Peptidyl-prolyl cis-trans isomerase FKBP11
Peptidyl-prolyl cis-trans isomerase FKBP12
Peptidyl-prolyl cis-trans isomerase FKBP43
Peptidyl-prolyl cis-trans isomerase FKBP62
FKBP-type peptidyl-prolyl cis-trans isomerase FkpA
FKBP-type 22 kDa peptidyl-prolyl cis-trans isomerase
FK506-binding protein 2
FK506-binding protein 3
FK506-binding protein 4
FK506-binding protein 1
Peptidyl-prolyl cis-trans isomerase FKBP16-1, chloroplastic
12 kDa FK506-binding protein
FK506-binding protein 15
Peptidyl-prolyl cis-trans isomerase FKBP53
70 kDa peptidyl-prolyl isomerase
Putative FK506-binding protein 9-like protein
Peptidyl-prolyl cis-trans isomerase FKBP3
FK506-binding protein 5
FK506-binding protein 6
FKBP-type 16 kDa peptidyl-prolyl cis-trans isomerase
Probable FKBP-type 16 kDa peptidyl-prolyl cis-trans isomerase
Probable FKBP-type 25 kDa peptidyl-prolyl cis-trans isomerase
Thiol-specific monooxygenase
Peptidyl-prolyl cis-trans isomerase FKBP15-3
Peptidyl-prolyl cis-trans isomerase FKBP14
FK506-binding protein 1B
Inactive peptidyl-prolyl cis-trans isomerase shutdown
Peptidyl-prolyl cis-trans isomerase FKBP20-1
Peptidyl-prolyl cis-trans isomerase FKBP10
FK506-binding protein 1A
Peptidyl-prolyl cis-trans isomerase FKBP1A
FK506-binding protein 2A
39 kDa FK506-binding nuclear protein
Putative FKBP-type peptidyl-prolyl cis-trans isomerase MJ0278
Peptidyl-prolyl cis-trans isomerase FKBP5
Probable FK506-binding protein
46 kDa FK506-binding nuclear protein
Probable peptidyl-prolyl cis-trans isomerase C27F1.06c
Peptidyl-prolyl cis-trans isomerase FKBP17-2, chloroplastic
FK506-binding protein 2B
Putative FKBP-type peptidyl-prolyl cis-trans isomerase MJ0825
FK506-binding protein 39 kDa
Peptidyl-prolyl cis-trans isomerase FKBP7
FKBP-type peptidyl-prolyl cis-trans isomerase
Probable FKBP-type peptidyl-prolyl cis-trans isomerase
Flavin carrier protein 1
Peptidyl-prolyl cis-trans isomerase FKBP17-3, chloroplastic
Probable FKBP-type peptidyl-prolyl cis-trans isomerase FkpA
Peptidyl-prolyl cis-trans isomerase FKBP2
FK506-binding nuclear protein
Neutral alpha-glucosidase AB
Stress-70 protein, mitochondrial
Protein GrpE 1
GrpE protein homolog 1, mitochondrial
Protein GrpE 2
GrpE protein homolog 2, mitochondrial
GrpE protein homolog, mitochondrial
Protein GrpE
Hsp90 co-chaperone HCH1
Hsp70-binding protein 1
Chaperone protein HscA homolog
Heat shock cognate 90 kDa protein
33 kDa chaperonin
Stromal 70 kDa heat shock-related protein, chloroplastic
Heat shock 70 kDa protein, mitochondrial
Heat shock protein 90-2
Heat shock protein 90-1
Heat shock protein SSC1, mitochondrial
Heat shock 70 kDa protein cognate 5
Heat shock 70 kDa protein F, mitochondrial
Heat shock 70-related protein 1, mitochondrial
Chaperone protein HtpG
Lipase chaperone
Protein disulfide-isomerase LQY1, chloroplastic
Peptidyl-prolyl cis-trans isomerase Mip
Outer membrane protein MIP
LDLR chaperone MESD
Malectin
Mannosyl-oligosaccharide glucosidase
Macrophage infectivity potentiator
Mitochondrial zinc maintenance protein 1, mitochondrial
Protein NolC
Peptidyl-prolyl cis-trans isomerase A-like 4A
Peptidyl-prolyl cis-trans isomerase A-like 4F
Peptidyl-prolyl cis-trans isomerase A-like 4E
Peptidyl-prolyl cis-trans isomerase A-like 4C
Probable protein disulfide-isomerase A4
Protein disulfide-isomerase A6
Protein disulfide-isomerase 5-3
p53 and DNA damage-regulated protein 1
Probable prefoldin subunit 4
Prefoldin subunit 4
Probable prefoldin subunit 5
Probable prefoldin subunit 6
Prefoldin subunit 6
Prefoldin subunit alpha 1
Prefoldin subunit beta
Probable prefoldin subunit 1
Prefoldin subunit 1
Prefoldin subunit 2
Prefoldin subunit 5
Prefoldin subunit alpha
Probable prefoldin subunit 2
Prefoldin subunit alpha 2
Prohibitin-1
Probable protein disulfide-isomerase A6
Prohibitin-2
Prefoldin subunit 3
Putative prefoldin subunit alpha
Phosducin-like protein 2
Phosducin-like protein 1
Probable peptidyl-prolyl cis-trans isomerase
Putative peptidyl-prolyl cis-trans isomerase
Peptidyl-prolyl cis-trans isomerase A
Peptidyl-prolyl cis-trans isomerase B
Peptidyl-prolyl cis-trans isomerase E
Peptidyl-prolyl cis-trans isomerase H
Peptidyl-prolyl cis-trans isomerase-like 1
Peptidyl-prolyl cis-trans isomerase-like 3
Peptidyl-prolyl cis-trans isomerase B1
Peptidyl-prolyl cis-trans isomerase cyp18
Peptidyl-prolyl cis-trans isomerase-like 4
Probable peptidyl-prolyl cis-trans isomerase B
Peptidyl-prolyl cis-trans isomerase D
Peptidyl-prolyl cis-trans isomerase A2
40 kDa peptidyl-prolyl cis-trans isomerase
Foldase protein PrsA 1
Peptidyl-prolyl cis-trans isomerase A1
Foldase protein PrsA 2
Probable peptidyl-prolyl cis-trans isomerase A
Foldase protein PrsA 4
Peptidyl-prolyl cis-trans isomerase B2
Foldase protein PrsA 3
Sulfhydryl oxidase 1
Sulfhydryl oxidase 2
DnaJ-related protein rsp1
RuBisCO large subunit-binding protein subunit beta-1
Sacsin
Translocation protein sec63
Protein disulfide-isomerase-like protein EhSep2
Small glutamine-rich tetratricopeptide repeat-containing protein beta
FKBP-type peptidyl-prolyl cis-trans isomerase SlyD
J domain-containing protein spf31
Heat shock protein sti1 homolog
Protein STIP1 homolog
T-complex protein 1 subunit alpha
T-complex protein 1 subunit gamma
T-complex protein 1 subunit eta
T-complex protein 1 subunit theta
T-complex protein 1 subunit zeta-2
Tubulin-specific chaperone D
Tubulin-specific chaperone E
T-complex protein 1 subunit beta
TPR repeat-containing protein associated with Hsp90
T-complex protein 1 subunit delta
T-complex protein 1 subunit epsilon
Tubulin-specific chaperone C
T-complex protein 1 subunit zeta
Thioredoxin-3
Tubulin-specific chaperone B
Thermosome subunit 3
Thermosome subunit alpha
Thermosome subunit gamma
T-complex protein 1 subunit zeta 2
Thermosome subunit 1
Putative thioredoxin-5
Thioredoxin-T
Thermosome subunit beta
Putative thioredoxin-4
Thermosome subunit 2
Chaperone protein TorD
Thioredoxin-2
Peptidyl-prolyl cis-trans isomerase TLP20, chloroplastic
Urease accessory protein UreE 1
UDP-glucose:glycoprotein glucosyltransferase 2
Protein UXT homolog
Protein virE1
Urease accessory protein UreE
Protein wos2
DnaJ protein homolog xdj1
Putative peptidyl-prolyl cis-trans isomerase RT0383
Putative peptidyl-prolyl cis-trans isomerase RC0542
Putative peptidyl-prolyl cis-trans isomerase RP395
Putative peptidyl-prolyl cis-trans isomerase RBE_0327
Putative peptidyl-prolyl cis-trans isomerase RF_0616
Phosducin-like protein C2A9.09
DnaJ-like protein R260
