ARMADILLO BTB ARABIDOPSIS PROTEIN 1
Cyclin-dependent kinase inhibitor 1B
C-X-C motif chemokine 10
Protein disks lost
Fanconi anemia group A protein
Fanconi anemia group A protein homolog
Frizzled-5
Guanine nucleotide-binding protein-like 3
Gastrin-releasing peptide receptor
Protein jagged-1
Marginal zone B- and B1-cell-specific protein
Protein NDRG1
Protein NDRG1-B
Protein NDRG1-A
Cytosolic phospholipase A2
Sister chromatid cohesion protein PDS5 homolog B
Platelet factor 4
Protein PSY1
Putative hydrolase RBBP9
Trifunctional UDP-glucose 4,6-dehydratase/UDP-4-keto-6-deoxy-D-glucose 3,5-epimerase/UDP-4-keto-L-rhamnose-reductase RHM1
Protein S100-A11
Diamine acetyltransferase 1
Secretoglobin family 3A member 1
Protein sprouty homolog 2
Protein TIFY 4A
Tumor protein D54
