Probable low molecular weight protein-tyrosine-phosphatase AmsI
Putative tyrosine-protein phosphatase auxilin
Putative tyrosine-protein phosphatase CapC
Tyrosine-protein phosphatase CpsB
Probable tyrosine-protein phosphatase DG1060
Dual specificity protein phosphatase 4
Dual specificity protein phosphatase 5
Dual specificity protein phosphatase 18
Probable low molecular weight protein-tyrosine-phosphatase EpsP
Low molecular weight protein-tyrosine-phosphatase Etp
Effector protein hopD2
Dual specificity phosphatase ibp1
Tyrosine-protein phosphatase
Putative magnesium-dependent phosphatase P8B7.31
Magnesium-dependent phosphatase 1
M-phase inducer phosphatase 1-A
M-phase inducer phosphatase 1-B
M-phase inducer phosphatase 3
M-phase inducer phosphatase cdc-25.2
M-phase inducer phosphatase 2
M-phase inducer phosphatase cdc-25.3
Myotubularin-related protein 1
Myotubularin-related protein 3
Myotubularin-related protein 7
M-phase inducer phosphatase cdc-25.1
Myotubularin-related protein 2
Myotubularin-related protein 6
Phosphatidylinositol-3-phosphatase myotubularin-2
Putative tyrosine-protein phosphatase OCA1
Putative tyrosine-protein phosphatase OCA6
Paladin
Protein-arginine-phosphatase
Phosphoglycolate phosphatase
Low molecular weight phosphotyrosine protein phosphatase
Low molecular weight phosphotyrosine protein phosphatase 1
Low molecular weight phosphotyrosine protein phosphatase 2
Tyrosine-protein phosphatase non-receptor type 21
Tyrosine-protein phosphatase non-receptor type 7
Tyrosine-protein phosphatase 1
Tyrosine-protein phosphatase 20
Tyrosine-protein phosphatase 24
Tyrosine-protein phosphatase 4
Probable low molecular weight protein-tyrosine-phosphatase
Low molecular weight protein-tyrosine-phosphatase PtpB
Tyrosine-protein phosphatase non-receptor type 20
Tyrosine-protein phosphatase non-receptor type 5
Tyrosine-protein phosphatase non-receptor type 9
Low molecular weight protein-tyrosine-phosphatase PtpA
Tyrosine-protein phosphatase 10
Tyrosine-protein phosphatase 16
Protein-tyrosine-phosphatase PTP1
Tyrosine-protein phosphatase 23
Tyrosine phosphatase-like protein N3
Tyrosine-protein phosphatase 11
Tyrosine-protein phosphatase 14
Tyrosine-protein phosphatase 22
Tyrosine-protein phosphatase 26
Tyrosine-protein phosphatase 3
Tyrosine-protein phosphatase 7
Tyrosine-protein phosphatase 9
Tyrosine phosphatase-like protein H5
Tyrosine phosphatase-like protein J1
Tyrosine phosphatase-like protein J3
Tyrosine-protein phosphatase 8
Truncated tyrosine phosphatase D1
Probable tyrosine phosphatase protein H4
Probable tyrosine phosphatase protein N1
Receptor-type tyrosine-protein phosphatase gamma
Receptor-type tyrosine-protein phosphatase U
Receptor-type tyrosine-protein phosphatase V
Low molecular weight protein-tyrosine-phosphatase Ptp
Tyrosine-protein phosphatase 13
Tyrosine phosphatase-like protein H1
Probable tyrosine phosphatase protein J2
Probable tyrosine phosphatase protein J4
Receptor-type tyrosine-protein phosphatase R
Tyrosine-protein phosphatase 18
Tyrosine-protein phosphatase 21
Tyrosine-protein phosphatase 25
Tyrosine-protein phosphatase 12
Tyrosine-protein phosphatase 15
Tyrosine-protein phosphatase 17
Tyrosine-protein phosphatase 19
Tyrosine-protein phosphatase 27
Tyrosine-protein phosphatase 5
Tyrosine-protein phosphatase 6
Tyrosine phosphatase-like protein N2
Receptor-type tyrosine-protein phosphatase alpha
Receptor-type tyrosine-protein phosphatase C
Receptor-type tyrosine-protein phosphatase S
Protein-tyrosine phosphatase RolB
Protein-tyrosine phosphatase rolB
Tyrosine-protein phosphatase SIW14
Secreted effector protein SptP
Mitochondrial import inner membrane translocase subunit TIM50-C
Mitochondrial import inner membrane translocase subunit TIM50-A
Protein tyrosine phosphatase type IVA 2
Dual specificity protein phosphatase VP2
Low molecular weight protein-tyrosine-phosphatase Wzb
Probable tyrosine-protein phosphatase At1g05000
Putative low molecular weight protein-tyrosine-phosphatase slr0328
Putative tyrosine-protein phosphatase H16_A0669
Low molecular weight protein-tyrosine-phosphatase YfkJ
Putative tyrosine-protein phosphatase C15H7.3
Phosphoinositide 3-phosphatase
Tyrosine-protein phosphatase YopH
Yop proteins translocation protein M
Putative tyrosine-protein phosphatase B0280.11
Putative low molecular weight protein-tyrosine-phosphatase
Tyrosine-protein phosphatase YwqE
