Proteasomal ubiquitin receptor ADRM1-A
Proteasomal ubiquitin receptor ADRM1 homolog
Proteasomal ubiquitin receptor ADRM1-B
Proteasome-associated ATPase
AAA ATPase forming ring-shaped complexes
Proteasome-associated protein ECM29 homolog
Probable 26S proteasome complex subunit dss-1
Proteasomal ATPase-associated factor 1
Probable proteasomal ATPase-associated factor 1
Putative 26S protease regulatory subunit homolog MTH_1011
Probable 26S proteasome regulatory subunit rpn-6.2
Putative 26S protease regulatory subunit homolog MTBMA_c13930
Proteasome activator subunit 4
Probable proteasome inhibitor
26S proteasome non-ATPase regulatory subunit 6
Putative 26S protease regulatory subunit homolog MJ1494
26S proteasome non-ATPase regulatory subunit 12 homolog A
26S proteasome non-ATPase regulatory subunit 14
26S proteasome regulatory subunit rpn-8
26S proteasome regulatory subunit RPN2
26S proteasome regulatory subunit RPN11
26S proteasome regulatory subunit RPN8
26S proteasome regulatory subunit RPN13
26S proteasome regulatory subunit RPN3
Probable 26S proteasome complex subunit sem1-1
Putative 26S proteasome complex subunit sem-1
Probable 26S proteasome complex subunit SEM1
