14-3-3-like protein
Protein AIG1
Andropin
Actin-related protein 3
Attacin-C
Brain-specific angiogenesis inhibitor 1-associated protein 2-like protein 1
Probable glucan endo-1,3-beta-glucosidase BG3
Probable caffeoyl-CoA O-methyltransferase 2
F-actin-capping protein subunit beta
F-actin-capping protein subunit alpha
Chitotriosidase-1
Coactosin
Coronin-B
Cytochrome c oxidase subunit 5
Glucomannan 4-beta-mannosyltransferase 9
Beta-defensin 1
Defensin
Diptericin
Drosomycin
Drosocin
ER membrane protein complex subunit 10
High affinity immunoglobulin gamma Fc receptor I
Low affinity immunoglobulin gamma Fc region receptor II
Plasma alpha-L-fucosidase
Ferric reduction oxidase 2
Type-3 glutamine synthetase
Hepcidin-2
Interleukin-27 subunit alpha
Immune-induced peptides
Immune-induced peptide 23
Immune-induced peptide 4
Immune-induced peptide 3
Immune-induced peptide 1
Immune-induced peptide 18
Immune-induced peptide 2
Immune-induced peptide 14
Protein LOL2
Midkine-B
Midkine-A
Putative mitogen-activated protein kinase 14C
Midkine
Metchnikowin
Nucleoside diphosphate kinase, mitochondrial
Phosphatidylinositol 3-kinase 3
Probable pectinesterase/pectinesterase inhibitor 12
Protein pkiA
Protein phosphatase 1D
Pleiotrophin-B
Pleiotrophin-A
Disease resistance protein RFL1
Aspartate--tRNA ligase, cytoplasmic 1
V-type proton ATPase catalytic subunit A
