ATP-binding cassette sub-family F member 3
Beclin-1
CRISPR-associated protein Cas10/Csm1
CRISPR-associated protein Cas5
CRISPR-associated protein Cas7/Cst2/DevR
CRISPR system associated protein Cas8
CRISPR-associated protein Cas8a2/Csa4
CRISPR-associated protein Cas8b
CRISPR-associated protein Cas5 3
CRISPR-associated protein Cas5 2
CRISPR system aCascade subunit Cas5 1
CRISPR-associated protein Cas7
CRISPR system Cmr subunit Cmr1-1
CRISPR system Cmr subunit Cmr5
CRISPR system Cmr subunit Cmr6
CRISPR system Cmr subunit Cmr1-2
CRISPR-associated protein Cas7/Csa2 1
CRISPR locus-related putative DNA-binding protein Csa3
CRISPR-associated protein CasA/Cse1
CRISPR type III-associated protein Csm2
CRISPR type III-associated RAMP protein Csm3
CRISPR type III-associated RAMP protein Csm5
CRISPR-associated protein Cse2
CRISPR type III-associated RAMP protein Csm4
CRISPR-associated protein Csx1 1
CRISPR-associated aCascade subunit Cas7/Csa2 2
CRISPR type I-A/Apern-associated protein Csa5
CRISPR-associated protein Csx1
CRISPR system associated protein Csa5
CRISPR-associated protein Csm6
CRISPR-associated protein Csx1 2
Leaf cyclotide 1
Putative CRISPR-associated protein SSO1401
