Protein BREAST CANCER SUSCEPTIBILITY 2 homolog A
GPI-anchored wall transfer protein 1
Sexual differentiation process protein isp3
Kelch domain-containing protein 3
Central kinetochore subunit MCM21
Meiotic coiled-coil protein 2
Central kinetochore subunit MCM22
Mei4-dependent protein 6
Meiotic coiled-coil protein 3
Mei4-dependent protein 1
Meiotic expression up-regulated protein 27
Meiotic expression up-regulated protein 1/2
Central kinetochore subunit MCM16
Meiotic expression up-regulated protein 23
Meiotic expression up-regulated protein 31
Meiotic expression up-regulated protein 25
Meiotic expression up-regulated protein 24
Meiotic expression up-regulated protein 15
Meiotic PUF family protein 1
Meiotically up-regulated gene 133 protein
Putative steryl acetyl hydrolase mug81
Meiotically up-regulated gene 109 protein
Meiotically up-regulated gene 134 protein
Meiotically up-regulated gene 157 protein
Meiotically up-regulated gene 162 protein
Meiotically up-regulated gene 45 protein
Meiotically up-regulated gene 64 protein
Meiotically up-regulated gene 8 protein
Meiotically up-regulated gene 9 protein
Meiotically up-regulated gene 110 protein
Meiotically up-regulated gene 128 protein
Meiotically up-regulated gene 131 protein
Meiotically up-regulated gene 37 protein
Meiotically up-regulated gene 51 protein
Meiotically up-regulated gene 114 protein
Meiotically up-regulated gene 154 protein
Meiotically up-regulated gene 42 protein
Meiotically up-regulated gene 52 protein
Meiotically up-regulated gene 112 protein
Meiotically up-regulated gene 124 protein
Meiotically up-regulated gene 126 protein
Meiotically up-regulated gene 150 protein
Meiotically up-regulated gene 177 protein
Meiotically up-regulated gene 4 protein
Meiotically up-regulated gene 5 protein
Meiotically up-regulated gene 68 protein
Meiotically up-regulated gene 74 protein
Meiotically up-regulated gene 96 protein
Meiotically up-regulated gene 129 protein
Meiotically up-regulated gene 35 protein
Meiotically up-regulated gene 113 protein
Meiotically up-regulated gene 72 protein
Meiotically up-regulated gene 84 protein
Nitrogen permease regulator 3
Putative pachytene checkpoint protein 2
Pachytene checkpoint protein 2 homolog
Pyruvylated Gal-beta-1,3-epitope synthesis protein 5
Meiotic recombination protein REC114
Spermatogenesis-associated protein 22
Meiotically up-regulated protein PB1A10.08
Meiotically up-regulated protein PB17E12.09
