Archaetidylserine synthase
Putative lipid kinase BmrU
Phosphatidate cytidylyltransferase 1
Cardiolipin synthase
Diacylglycerol kinase
FIT family protein CG10671
Fat storage-inducing transmembrane protein 1
FIT family protein fitm-2
Glycerol-1-phosphate dehydrogenase
Digeranylgeranylglycerophospholipid reductase 2
Digeranylgeranylglycerophospholipid reductase 1
Digeranylgeranylglycerophospholipid reductase 3
Glycerol-3-phosphate 2-O-acyltransferase 6
Glycerol-3-phosphate dehydrogenase
Glycerol-3-phosphate dehydrogenase 1
Glycerol-3-phosphate dehydrogenase  1
Probable glycerol-3-phosphate dehydrogenase 2
Glycerol-3-phosphate O-acyltransferase 1
Glycerol-3-phosphate O-acyltransferase 2
Glycerol-3-phosphate dehydrogenase 2
Glycerol-3-phosphate 2-O-acyltransferase 4
Glycerol-3-phosphate dehydrogenase  2
Glycerol-3-phosphate dehydrogenase  1, chloroplastic
HRAS-like suppressor 3
Inositol-3-phosphate synthase 1-B
Probable inositol 3-phosphate synthase isozyme 3
Inositol-3-phosphate synthase
Inositol-3-phosphate synthase 1
Inositol-3-phosphate synthase 1-A
Long-chain-fatty-acid--CoA ligase
Probable 1-acylglycerol-3-phosphate O-acyltransferase
Lysophospholipid acyltransferase LPCAT4
Probable monoacyl phosphatidylinositol tetramannoside-binding protein LpqW
Lysophospholipid acyltransferase 2
Lysophospholipid acyltransferase 5
GDP-mannose-dependent alpha-mannosyltransferase
Protein OPI10
1-acylglycerophosphocholine O-acyltransferase 1
Lysophosphatidylcholine acyltransferase 2
Phosphatidate phosphatase PAH2
Lysophosphatidylcholine acyltransferase 1
Probable CDP-diacylglycerol--glycerol-3-phosphate 3-phosphatidyltransferase
CDP-diacylglycerol--glycerol-3-phosphate 3-phosphatidyltransferase 1, chloroplastic
GDP-mannose-dependent alpha-(1-6)-phosphatidylinositol monomannoside mannosyltransferase
1-acyl-sn-glycerol-3-phosphate acyltransferase
CDP-diacylglycerol--glycerol-3-phosphate 3-phosphatidyltransferase, mitochondrial
GDP-mannose-dependent alpha-(1-6)-phosphatidylinositol dimannoside mannosyltransferase
Probable CDP-diacylglycerol--inositol 3-phosphatidyltransferase 2
Glycerol-3-phosphate acyltransferase
CDP-diacylglycerol--inositol 3-phosphatidyltransferase 1
Phosphatidyl-N-methylethanolamine N-methyltransferase
Phosphatidylserine decarboxylase proenzyme
Serine incorporator 4
Probable serine incorporator
Protein SERAC1
Putative lipid kinase SP_1045
Putative lipid kinase SSP1993
Putative lipid kinase Sca_1050
Putative lipid kinase SH2167
Putative lipid kinase SA0681
Putative lipid kinase SAB0675c
Putative lipid kinase SAUSA300_0711
Putative lipid kinase SAOUHSC_00736
Putative lipid kinase SACOL0787
Putative lipid kinase SAV0726
Putative lipid kinase SERP0390
Putative lipid kinase NWMN_0695
Putative lipid kinase SAHV_0723
Putative lipid kinase SAR0780
Putative lipid kinase SAS0691
Putative lipid kinase USA300HOU_0749
Probable lipid kinase YegS
Probable lipid kinase YegS-like
Putative lipid kinase SE_0507
Putative lipid kinase MW0688
Putative lipid kinase SaurJH9_0749
FIT family protein YFT2
Putative lipid kinase SaurJH1_0766
Lipid kinase YegS
Vesicle-associated membrane protein-associated protein C16G5.05c
Putative lipid kinase YtlR
