Ankyrin repeat domain-containing protein 54
Protein BCCIP homolog
G2/mitotic-specific cyclin-B1
G1/S-specific cyclin-E2
Cyclin-I
G1/S-specific cyclin-E
PHO85 cyclin CLG1
Kinase D-interacting substrate of 220 kDa
cAMP-dependent protein kinase type I-beta regulatory subunit
cAMP-dependent protein kinase regulatory subunit
SNF1-related protein kinase regulatory subunit gamma-1
RAC family serine/threonine-protein kinase homolog
Calcium/calmodulin-dependent protein kinase kinase 2
Modulator protein MzrA
Protein smg8
Protein SMG8
Speedy protein E2
Speedy protein E4
Sucrose nonfermenting 4-like protein
Suppressor-of-stellate-like protein
Speedy protein E1
Speedy protein E3
