Aspartate aminotransferase, mitochondrial
14-3-3-like protein GF14 upsilon
Serine/threonine-protein phosphatase 2A 65 kDa regulatory subunit A beta isoform
Aldo-keto reductase family 4 member C11
Aldehyde dehydrogenase family 2 member B4, mitochondrial
Aspartic proteinase A3
Probable aldo-keto reductase 4
Probable N-acetyl-gamma-glutamyl-phosphate reductase, chloroplastic
ATP synthase subunit beta-3, mitochondrial
Probable cadmium-transporting ATPase
Caffeoyl-CoA O-methyltransferase 1
Cadmium-induced protein CadI
Cell division control protein 48 homolog D
Protein CHROMATIN REMODELING 24
Protein CLT3, chloroplastic
Protein CLT2, chloroplastic
Probable calcium-binding protein CML43
Probable cytosolic oligopeptidase A
Cation efflux system protein CzcA
Cation efflux system protein CzcB
Cytochrome b5
Cobalt-zinc-cadmium resistance protein CzcA
Cobalt-zinc-cadmium resistance protein CzcB
Cobalt-zinc-cadmium resistance protein CzcI
Cytoglobin-1
Glutamate decarboxylase 1
Bifunctional D-cysteine desulfhydrase/1-aminocyclopropane-1-carboxylate deaminase, mitochondrial
FAM10 family protein At4g22670
Glucose-6-phosphate isomerase, cytosolic
Glucose-6-phosphate 1-dehydrogenase, cytoplasmic isoform 1
Glycine dehydrogenase
Glutamine synthetase cytosolic isozyme 1-3
Hemerythrin
23.6 kDa heat shock protein, mitochondrial
Hsp70-Hsp90 organizing protein 2
Soluble inorganic pyrophosphatase 4
3-isopropylmalate dehydratase large subunit
Mannan endo-1,4-beta-mannosidase 3
Metallothionein-4
Nickel-cobalt-cadmium resistance protein NccB
Nickel-cobalt-cadmium resistance protein NccX
Glutamine-dependent NAD(+) synthetase
Nickel-cobalt-cadmium resistance protein NccA
Nickel-cobalt-cadmium resistance protein NccY
Nitrilase-like protein 2
Nitrilase 3
Probable nucleoredoxin 1
Nitrilase 2
Pyruvate dehydrogenase E1 component subunit alpha-1, mitochondrial
Glutathione gamma-glutamylcysteinyltransferase 1
Phosphoenolpyruvate carboxykinase
Protein PHOTOPERIOD-INDEPENDENT EARLY FLOWERING 1
Probable phosphoglucomutase, cytoplasmic 1
Phospholipase D beta 1
Pentatricopeptide repeat-containing protein At1g07590, mitochondrial
Patatin-like protein 2
Peroxiredoxin-2B
26S proteasome non-ATPase regulatory subunit 11 homolog
Adenylosuccinate synthetase, chloroplastic
Ras-related protein RABA1g
Phosphoserine aminotransferase 2, chloroplastic
S-formylglutathione hydrolase
Aspartate--tRNA ligase 2, cytoplasmic
Cysteine--tRNA ligase 2, cytoplasmic
Asparagine--tRNA ligase, cytoplasmic 1
Aspartate--tRNA ligase 1, cytoplasmic
Isoleucine--tRNA ligase, cytoplasmic
T-complex protein 1 subunit eta
T-complex protein 1 subunit delta
Uridine 5'-monophosphate synthase
UDP-sugar pyrophosphorylase
