Endolysin
Putative N-acetylmuramoyl-L-alanine amidase
N-acetylmuramoyl-L-alanine amidase AmiB
Lytic amidase
1,6-anhydro-N-acetylmuramyl-L-alanine amidase AmpD
Bifunctional autolysin
Germination-specific N-acetylmuramoyl-L-alanine amidase
N-acetylmuramoyl-L-alanine amidase CwlM
Probable N-acetylmuramoyl-L-alanine amidase
N-acetylmuramoyl-L-alanine amidase CwlL
N-acetylmuramoyl-L-alanine amidase A
Glycine, glutamate and proline-rich protein
Lysozyme g
Probable cell wall amidase LytH
Lysozyme g-like protein 2
Lysozyme RrrD
Probable lysozyme from lambdoid prophage Qin
Lysozyme g-like protein 1
Lysozyme G
Probable GH family 25 lysozyme 2
Lysozyme M1
N,O-diacetylmuramidase
Autolytic lysozyme
Probable T4-type lysozyme 2
Probable lysozyme
Lysozyme
N-acetylmuramoyl-L-alanine amidase LytC
Probable GH family 25 lysozyme 5
Probable T4-type lysozyme 1
Probable autolytic lysozyme
Probable GH family 25 lysozyme 4
Probable GH family 25 lysozyme 3
Membrane-bound lytic murein transglycosylase F
N-acetylmuramoyl-L-alanine amidase
Soluble lytic murein transglycosylase
Putative N-acetylmuramoyl-L-alanine amidase RC0497
Putative N-acetylmuramoyl-L-alanine amidase YrvJ
