Probable alpha-galactosidase A
Probable alpha-galactosidase B
Probable alpha-galactosidase C
Probable alpha-galactosidase D
Alpha-galactosidase
Probable alpha-galactosidase
Alpha-galactosidase 2
Alpha-galactosidase 3
Probable alpha-galactosidase G
Retaining alpha-galactosidase
Alpha-galactosidase A
Alpha-galactosidase D
Alpha-galactosidase mel1
Probable retaining alpha-galactosidase
Alpha-galactosidase 1
Alpha-galactosidase C
Putative alpha-galactosidase 8
Alpha-1,3-galactosidase A
Alpha-1,3-galactosidase B
Alpha-galactosidase 6
Alpha-galactosidase 5
