G protein-coupled receptor kinase 5
Substance-P receptor
Substance-K receptor
Neuromedin-K receptor
Neuropeptide F receptor
Tachykinins
Protachykinin
Protachykinin-1
Substance P-like peptide 1
Physalaemin
Hylambatin
Rugosauperolein-2
Tachykinin-4
Ranatachykinin-A
Tachykinin-3
Substance P
Neurokinin-A
Neuropeptide gamma
Hylambates kassinin
Kassinin-like peptide K-I
Des scyliorhinin II)
Kassinin-like peptide K-III
Tachykinin-like peptides receptor 99D
Kassinin-like peptide K-II
Tachykinin-like peptide
Uperolein
Substance P-like peptide 2
Ranakinin
Neurokinin-B
Kassinin
Scyliorhinin-2
Tachykinin-like peptides receptor 86C
