Protein COS3
Protein COS6
Protein COS12
Protein COS4
Protein COS2
Protein COS9
Protein COS10
Protein COS5
Protein COS8
Protein COS1
ESCRT-III complex subunit did4
Class E vacuolar protein-sorting machinery protein HSE1
Class E vacuolar protein-sorting machinery protein hse1
Vacuolar-sorting protein SNF7
Vacuolar-sorting protein snf7
Vacuolar-sorting protein SNF8
Vacuolar-sorting protein dot2
ESCRT-I complex subunit vps23
Putative zinc metalloprotease TRE2
Vacuolar protein sorting-associated protein 28 homolog 2
Vacuolar protein sorting-associated protein 24
Vacuolar protein sorting-associated protein 28
Vacuolar protein sorting-associated protein 22 homolog 1
Vacuolar protein sorting-associated protein 28 homolog
Inactive zinc metalloprotease C354.09c
