Probable GPI-anchored protein ANS1
Anther-specific proline-rich protein APG
Covalently-linked cell wall protein 12
Covalently-linked cell wall protein 14
Cell wall mannoprotein CIS3
Cell wall protein CWP2
Cell wall protein CWP1
Spore-wall fungal hydrophobin dewA
Proline-rich extensin-like protein EPR1
Extensin-3
Extensin-1
Extensin-2
Vegetative cell wall protein gp1
Cell wall mannoprotein HSP150
Hydrophobin-1
Hydrophobin-2
Hydrophobin A
Hydrophobin-B
Hydrophobin-3
Protein KRE1
Leucine-rich repeat extensin-like protein 6
Leucine-rich repeat extensin-like protein 3
Leucine-rich repeat extensin-like protein 7
Leucine-rich repeat extensin-like protein 4
Leucine-rich repeat extensin-like protein 5
Hydrophobin-like protein MPG1
Proline-rich receptor-like protein kinase PERK8
Pistil-specific extensin-like protein
Cell wall protein PIR5
Pollen-specific leucine-rich repeat extensin-like protein 2
Cell wall mannoprotein PIR1
Cell wall mannoprotein PIR3
Pollen-specific leucine-rich repeat extensin-like protein 3
Pollen-specific leucine-rich repeat extensin-like protein 4
Pollen-specific leucine-rich repeat extensin-like protein 1
Repetitive proline-rich cell wall protein 1
Repetitive proline-rich cell wall protein 3
Repetitive proline-rich cell wall protein 2
Proline-rich 33 kDa extensin-related protein
Repellent protein 1
Hydrophobin
Rodlet protein
Fruiting body protein SC1
Fruiting body protein SC3
Hydrophobin-6
Fruiting body protein SC4
Cell wall protein SED1
S-layer protein
Spore coat protein SP65
Hydrophobin-like protein ssgA
Temperature shock-inducible protein 1
Cold shock-induced protein TIR1
Cold shock-induced protein TIR2
Cell wall protein YLR194C
