5'-AMP-activated protein kinase subunit gamma-3
Autophagy-related protein 13
Autophagy-related protein 13 homolog
Apoptosis facilitator Bcl-2-like protein 14
Axin-like protein 1
T-cell surface glycoprotein CD8 alpha chain
G1/S-specific cyclin-D2
Centrosomal protein of 152 kDa
Cyclin-dependent kinase 1
DNA polymerase alpha catalytic subunit
Protein FAM83A
Protein FAM83C
Protein FAM83B
Protein FAM83E
G-protein coupled receptor family C group 5 member B
Glycogen  synthase, muscle
HMG box-containing protein 4
Lymphocyte transmembrane adapter 1
Mitogen-activated protein kinase kinase kinase 2
Mitogen-activated protein kinase 4
MOB kinase activator-like 3
Microtubule-associated tumor suppressor 1 homolog
Poly(A)-specific ribonuclease PARN
Interferon-inducible double-stranded RNA-dependent protein kinase activator A
Prolactin receptor
PTI1-like tyrosine-protein kinase 2
PTI1-like tyrosine-protein kinase 3
PTI1-like tyrosine-protein kinase 1
Cell cycle checkpoint control protein RAD9A
Rho-related protein rac1A
Regulating synaptic membrane exocytosis protein 1
Regulator of cell cycle RGCC
Shk1 kinase-binding protein 5
Speedy protein A
Speedy protein 1-A
Speedy protein C
Speedy protein E4A
Speedy protein 1-B
Inactive serine/threonine-protein kinase TEX14
Testis-specific serine kinase substrate
Yes-associated protein homolog 1
