Acyl-CoA-binding domain-containing protein 6
Putative NAD(P)H nitroreductase acg
Alanine aminotransferase 2, mitochondrial
Fructose-bisphosphate aldolase, cytoplasmic isozyme
Alanine aminotransferase 1, mitochondrial
Apolipoprotein L domain-containing protein 1
Type-1 angiotensin II receptor-associated protein
Calpain-2 catalytic subunit
C-C chemokine receptor type 2
60 kDa chaperonin 2
Cyclopropane mycolic acid synthase 2
Cyclic nucleotide-gated cation channel subunit A
C-X-C chemokine receptor type 4
DNA damage-inducible transcript 4 protein
Alanine dehydrogenase
Endothelin-1 receptor
Egl nine homolog 3
Egl nine homolog 2
Hypoxia-inducible factor prolyl hydroxylase
Erythropoietin
ESX-1 secretion-associated protein EspG1
Protein EXORDIUM-like 1
3-oxoacyl- synthase 2
Fungus-induced-related protein 15
FUN14 domain-containing protein 1
FUN14 domain-containing protein 1A
FUN14 domain-containing protein 1B
Two-on-two hemoglobin-3
G-protein coupled receptor 182
Hemoglobin subunit beta-1
Non-symbiotic hemoglobin 1
Hemoglobin subunit alpha
5-aminolevulinate synthase, erythroid-specific, mitochondrial
Probable endoribonuclease HigB1
Major heat shock 70 kDa protein Aa
Heat shock protein 23
Major heat shock 70 kDa protein Bbb
Hypoxic response protein 1
Interleukin-3
L-lactate dehydrogenase A chain
Low-density lipoprotein receptor
Myoglobin
Cytosolic Fe-S cluster assembly factor NARFL
Nitrate reductase-like protein NarX
Neuroglobin
Plant cysteine oxidase 2
Plant cysteine oxidase 1
Nicotinate phosphoribosyltransferase pncB2
Prolactin-4A1
Prostacyclin synthase
Presenilin-2
Advanced glycosylation end product-specific receptor
DEAD-box ATP-dependent RNA helicase 2
Probable succinyl-CoA:3-ketoacid coenzyme A transferase subunit B
ATP-binding cassette sub-family C member Sur
Transforming acidic coiled-coil-containing protein 3
T-complex protein 1 subunit delta
Mitochondrial uncoupling protein 2
Antitoxin VapB15
Fractalkine
Universal stress protein Rv2005c
Universal stress protein Rv2623
Universal stress protein Rv3134c
