V-type proton ATPase subunit a, Golgi isoform
V-type proton ATPase subunit d 1
V-type proton ATPase 16 kDa proteolipid subunit 2
V-type proton ATPase 16 kDa proteolipid subunit 1
V-type proton ATPase subunit c'
V-type proton ATPase 21 kDa proteolipid subunit
V-type proton ATPase 16 kDa proteolipid subunit 2/3
V-type proton ATPase subunit d
V-type proton ATPase subunit e
V-type proton ATPase proteolipid subunit
Probable V-type proton ATPase 20 kDa proteolipid subunit
V-type proton ATPase subunit a, vacuolar isoform
V-type proton ATPase 116 kDa subunit a isoform 4
V-type proton ATPase 16 kDa proteolipid subunit
V-type proton ATPase 116 kDa subunit a isoform 1
V-type proton ATPase 116 kDa subunit a isoform 2
Vacuolar proton translocating ATPase 100 kDa subunit
V-type proton ATPase subunit c''
V-type proton ATPase subunit a
Probable V-type proton ATPase 116 kDa subunit a
V-type proton ATPase 116 kDa subunit a isoform 3
