AT-rich interactive domain-containing protein 3B
Protein CASP
Homeobox protein CDX-1
Homeobox protein cut-like 1
Far upstream element-binding protein 1
Host cell factor 1
High mobility group protein HMG-I/HMG-Y
Homeobox protein Hox-B5
Myocyte-specific enhancer factor 2B
Homeobox protein MOX-2
Myocyte-specific enhancer factor 2
Nuclear factor erythroid 2-related factor 2
Nuclear factor of activated T-cells, cytoplasmic 1
Pair-rule protein odd-paired
Pre-B-cell leukemia transcription factor 3
Proto-oncogene c-Rel
Basic helix-loop-helix transcription factor scleraxis
Homeobox protein SIX6
Homeobox protein SIX3
TAR DNA-binding protein 43
Activated RNA polymerase II transcriptional coactivator p15
Zinc finger E-box-binding homeobox 2
