3-hydroxyanthranilate 3,4-dioxygenase 1
3-hydroxyanthranilate 3,4-dioxygenase 2
2-amino-3-carboxymuconate-6-semialdehyde decarboxylase
Tryptophan N-monooxygenase 2
Tryptophan N-monooxygenase 1
Kynurenine--oxoglutarate transaminase 1
Kynurenine 3-monooxygenase
Kynurenine 3-monooxygenase 2
Protein kintoun
Kynureninase
Kynureninase 2
Kynurenine--oxoglutarate transaminase 3
Kynureninase 1
Kynurenine 3-monooxygenase 3
Kynurenine 3-monooxygenase 1
Tryptophanase leader peptide
NAD(P)H-dependent FAD/FMN reductase GTNG_3158
12-oxophytodienoate reductase 7
Pyruvate decarboxylase isozyme 2
Pyruvate decarboxylase isozyme 1
Pyruvate decarboxylase isozyme 3
Low affinity tryptophan permease
