Battenin
Cytoplasmic dynein 1 intermediate chain 1
Dynein heavy chain, cytoplasmic
Huntingtin-associated protein 1
Kinesin-like protein unc-104
Kinesin-1 heavy chain
Protein kinase C zeta type
Kinesin-related protein 1
Lissencephaly-1 homolog
Lissencephaly-1 homolog A
Platelet-activating factor acetylhydrolase IB subunit alpha
Nuclear distribution protein nudF
Lissencephaly-1 homolog B
Dual specificity mitogen-activated protein kinase kinase 1
Nuclear distribution protein nudE homolog 1
Nuclear distribution protein nudE-like 1
Nuclear distribution protein nudE-like 1-A
Nuclear distribution protein nudE-like 1-B
Ras-related protein Rab-1A
Rho-related protein racC
WD repeat-containing protein 81
WD repeat-containing protein 43
