ABC transporter G family member 12
Acyl-CoA wax alcohol acyltransferase 2
Alkane hydroxylase MAH1
Protein ECERIFERUM 26
Protein ECERIFERUM 3
Protein ECERIFERUM 1
Fatty acyl-CoA reductase 1
Putative fatty acyl-CoA reductase CG5065
Putative fatty acyl-CoA reductase CG8303
Fatty acyl-CoA reductase 3
Putative fatty acyl-CoA reductase CG8306
Fatty acyl-CoA reductase 2
3-ketoacyl-CoA synthase 1
3-ketoacyl-CoA synthase 6
Long chain acyl-CoA synthetase 1
RNA-dependent RNA polymerase 1
Protein SUPPRESSOR OF GENE SILENCING 3
Very-long-chain enoyl-CoA reductase
O-acyltransferase WSD1
Putative diacyglycerol O-acyltransferase Rv3740c
