Beta-adducin
ATP synthase mitochondrial F1 complex assembly factor 1
F-actin-capping protein subunit alpha-1
F-actin-capping protein subunit alpha-2
Cytochrome c oxidase assembly protein COX11, mitochondrial
Heme A synthase
H-2 class II histocompatibility antigen gamma chain
Hydrogenase nickel incorporation protein HypB
Hydrogenase/urease nickel incorporation protein HypB
Probable hydrogenase nickel incorporation protein HypB
Hydrogenase isoenzymes nickel incorporation protein HypB
Membrane-associated guanylate kinase, WW and PDZ domain-containing protein 1
MAGUK p55 subfamily member 6
Nitrogenase iron-molybdenum cofactor biosynthesis protein NifE
Nitrogenase iron-molybdenum cofactor biosynthesis protein NifN
Partitioning defective 6 homolog beta
Pre-rRNA-processing protein pno1
Pre-rRNA-processing protein PNO1
Ran-binding protein 9
RalBP1-associated Eps domain-containing protein 2
SH3 domain-binding glutamic acid-rich protein
Secreted phosphoprotein 24
Sporulation-specific protein 1
Lysophosphatidylcholine acyltransferase
TRAPP-associated protein TCA17
Trafficking protein particle complex subunit 20
