DNA polymerase delta catalytic subunit
DNA polymerase delta subunit 2
DNA polymerase delta subunit 4
DNA polymerase delta subunit 3
DNA polymerase nu
DNA polymerase IV
N-acetyltransferase eso1
PCNA-associated factor
Proliferating cell nuclear antigen
Proliferating cellular nuclear antigen 1
DNA polymerase iota
DNA polymerase kappa
DNA-directed primase/polymerase protein
DNA polymerase eta
DNA repair protein REV1
Replication factor C subunit 4
Replication protein A 70 kDa DNA-binding subunit
Replication factor C subunit 5
Replication factor C subunit 1
Replication protein A 14 kDa subunit
Replication factor C subunit 2
Replication factor C subunit 3
Ubiquitin-60S ribosomal protein L40
DNA-directed RNA polymerase II subunit RPB1
Ubiquitin-40S ribosomal protein S27a
Polyubiquitin-B
DNA-dependent metalloprotease WSS1
Zinc finger and BTB domain-containing protein 1
