14-3-3 protein gamma
Serine/threonine-protein phosphatase 2A 56 kDa regulatory subunit epsilon isoform
SH3 domain-binding protein 1
Amyloid beta A4 precursor protein-binding family B member 1-interacting protein
Serine/threonine-protein phosphatase 2A 56 kDa regulatory subunit alpha isoform
Serine/threonine protein phosphatase 2A 59 kDa regulatory subunit B' eta isoform
Serine/threonine-protein phosphatase 2A 56 kDa regulatory subunit delta 2 isoform
SH3 domain-binding protein 2
SH3 domain-binding protein 5
5'-AMP-activated protein kinase subunit beta-2
Serine/threonine protein phosphatase 2A 57 kDa regulatory subunit B' iota isoform
5'-AMP-activated protein kinase subunit beta-1
Serine/threonine-protein phosphatase 2A 56 kDa regulatory subunit beta isoform
Serine/threonine protein phosphatase 2A 55 kDa regulatory subunit B' delta isoform
Serine/threonine-protein phosphatase 2A 56 kDa regulatory subunit gamma isoform
Serine/threonine protein phosphatase 2A 57 kDa regulatory subunit B' theta isoform
5-hydroxytryptamine receptor 3A
Serine/threonine protein phosphatase 2A 57 kDa regulatory subunit B' alpha isoform
Serine/threonine protein phosphatase 2A 57 kDa regulatory subunit B' beta isoform
Serine/threonine-protein phosphatase 2A 56 kDa regulatory subunit delta isoform
Serine/threonine protein phosphatase 2A 57 kDa regulatory subunit B' epsilon isoform
Arrestin domain-containing protein A
Serine/threonine protein phosphatase 2A 59 kDa regulatory subunit B' zeta isoform
Aerotaxis receptor
Disease resistance protein ADR2
Ninja-family protein AFP4
Atypical chemokine receptor 2
Arrestin domain-containing protein B
Afadin
Ninja-family protein AFP3
A-kinase anchor protein 12
RAC-beta serine/threonine-protein kinase
Actin filament-associated protein 1
Ninja-family protein AFP2
A-kinase anchor protein 5
A-kinase anchor protein 9
Arrestin domain-containing protein F
RAC-gamma serine/threonine-protein kinase
Insulin-like growth factor-binding protein complex acid labile subunit
A-kinase anchor protein 10, mitochondrial
Adhesion G protein-coupled receptor A1
Ankyrin repeat and death domain-containing protein 1A
Angiopoietin-2
Apelin
Beta-adrenergic receptor kinase 1
Beta-adrenergic receptor kinase 2
Ankyrin repeat and death domain-containing protein 1B
Arf-GAP with Rho-GAP domain, ANK repeat and PH domain-containing protein 3
Arrestin red cell isoform 2
Beta-arrestin-2
Arrestin domain-containing protein 5
Apolipoprotein L3
Arf-GAP with Rho-GAP domain, ANK repeat and PH domain-containing protein 2
Arrestin domain-containing protein 2
Artemin
Agouti-signaling protein
Serine/threonine-protein kinase atg1
Arrestin red cell isoform 3
Probable beta-arrestin
Serine/threonine-protein kinase ATG1
Serine/threonine-protein kinase apg-1
Arrestin homolog
Apoptosis-stimulating of p53 protein 2
Arrestin red cell isoform 1
Rho-GTPase-activating protein BAG7
GTPase-activating protein BEM3
Brain-specific angiogenesis inhibitor 1
5-azacytidine resistance protein azr1
Inhibitory regulator protein BUD2/CLA2
Collagen type IV alpha-3-binding protein
Calcium-binding protein 2
CD160 antigen
Calpain-5
Cdc42 effector protein 3
Calcineurin subunit B
C5a anaphylatoxin chemotactic receptor 1
Calcium-binding protein 5
Calcitonin gene-related peptide 2
Calmodulin-like protein 5
Adenylyl cyclase-associated protein 1
Eotaxin
C-C motif chemokine 18
T-cell-specific surface glycoprotein CD28
Myeloid cell surface antigen CD33
CD48 antigen
CD70 antigen
Adenylyl cyclase-associated protein 2
C-C motif chemokine 13
C-C motif chemokine 26
G1/S-specific cyclin-D3
C-C motif chemokine 23
C-C motif chemokine 4
CD40 ligand
C-C motif chemokine 24
C-C motif chemokine 7
Leukocyte surface antigen CD53
Cyclin-dependent kinase-like 2
Mitosis inducer protein kinase cdr2
Carcinoembryonic antigen-related cell adhesion molecule 1
G2/mitotic-specific cyclin cdc13
C-C motif chemokine 22
C-C motif chemokine 15
C-C motif chemokine 8
C-C chemokine receptor type 6
CD166 antigen
CD226 antigen
CD83 antigen
Mitosis inducer protein kinase cdr1
Carcinoembryonic antigen-related cell adhesion molecule 6
Cell death abnormality protein 2
CBL-interacting serine/threonine-protein kinase 4
CBL-interacting protein kinase 7
CBL-interacting protein kinase 9
Putative CBL-interacting protein kinase 27
CBL-interacting protein kinase 30
Natural killer cell receptor 2B4
GTPase-activating protein CdGAPr
CBL-interacting protein kinase 3
CBL-interacting protein kinase 4
CBL-interacting protein kinase 6
CBL-interacting serine/threonine-protein kinase 11
Putative CBL-interacting protein kinase 13
CBL-interacting protein kinase 14
CBL-interacting serine/threonine-protein kinase 18
CBL-interacting protein kinase 22
CBL-interacting serine/threonine-protein kinase 25
CBL-interacting protein kinase 31
Calcium-dependent protein kinase 9
Serine/threonine-protein kinase cds1
Serine/threonine-protein kinase cek1
CBL-interacting serine/threonine-protein kinase 10
CBL-interacting protein kinase 12
CBL-interacting protein kinase 18
CBL-interacting serine/threonine-protein kinase 20
CBL-interacting protein kinase 21
CBL-interacting serine/threonine-protein kinase 26
CBL-interacting protein kinase 33
Choriogonadotropin subunit beta
CBL-interacting serine/threonine-protein kinase 2
CBL-interacting serine/threonine-protein kinase 9
CBL-interacting serine/threonine-protein kinase 12
CBL-interacting protein kinase 15
CBL-interacting protein kinase 25
CBL-interacting protein kinase 29
N-chimaerin
CBL-interacting protein kinase 2
CBL-interacting serine/threonine-protein kinase 5
CBL-interacting serine/threonine-protein kinase 6
CBL-interacting protein kinase 11
CBL-interacting serine/threonine-protein kinase 13
CBL-interacting protein kinase 17
CBL-interacting protein kinase 19
CBL-interacting protein kinase 24
Casein kinase I homolog 3
Ciliary neurotrophic factor
Chemotaxis protein CheW
CBL-interacting serine/threonine-protein kinase 3
CBL-interacting protein kinase 5
CBL-interacting protein kinase 26
CBL-interacting protein kinase 1
CBL-interacting protein kinase 28
CBL-interacting protein kinase 32
Casein kinase I homolog 2
Collagen alpha-1(XV) chain
CBL-interacting protein kinase 8
CBL-interacting protein kinase 10
CBL-interacting protein kinase 16
CBL-interacting serine/threonine-protein kinase 19
CBL-interacting protein kinase 20
CBL-interacting serine/threonine-protein kinase 22
Protein cornichon homolog 1
Coronin-1C
Peptidyl-prolyl cis-trans isomerase CYP18-3
Peptidyl-prolyl cis-trans isomerase CYP19-1
Circularly permutated Ras protein 2
UPF0729 protein C18orf32 homolog
Probable casein kinase II subunit beta-2
UPF0729 protein C18orf32
Disease resistance-like protein CSA1
Countin-1
F-box protein COS111
Granulocyte colony-stimulating factor receptor
Caskin-1
C-X-C motif chemokine 14
Adenylate cyclase
Peptidyl-prolyl cis-trans isomerase CYP19-3
Casein kinase II subunit beta-2
Serine/threonine-protein kinase cst-1
C-X-C motif chemokine 6
Colorectal mutant cancer protein
C-X-C chemokine receptor type 2
Serine/threonine-protein kinase csk1
Casein kinase II subunit beta
C-X-C motif chemokine 9
C-X-C motif chemokine 10
Casein kinase II subunit beta-1
Protein CYR61
C-X-C motif chemokine 5
Cytokine-like protein 1
Death-associated protein kinase dapk-1
C-X-C motif chemokine 11
DENN domain-containing protein C297.05
Putative defensin-like protein 238
Defensin-like protein 242
Dual adapter for phosphotyrosine and 3-phosphotyrosine and 3-phosphoinositide
Putative defensin-like protein 231
Putative defensin-like protein 237
Defensin-like protein 226
Defensin-like protein 232
Defensin-like protein 247
Putative defensin-like protein 253
Putative defensin-like protein 225
Putative defensin-like protein 234
Putative defensin-like protein 244
Defensin-like protein 245
Defensin-like protein 229
Putative defensin-like protein 236
Putative defensin-like protein 243
Defensin-like protein 249
Diacylglycerol kinase delta
Diacylglycerol kinase gamma
Putative defensin-like protein 168
Putative defensin-like protein 227
Putative defensin-like protein 235
Defensin-like protein 246
Putative defensin-like protein 228
Putative defensin-like protein 230
Putative defensin-like protein 233
Defensin-like protein 250
Death domain-containing protein 1
HLA class II histocompatibility antigen, DO alpha chain
DCC-interacting protein 13-beta
Probable diacylglycerol pyrophosphate phosphatase 1
Protein ECM25
HLA class II histocompatibility antigen, DO beta chain
Diacylglycerol pyrophosphate phosphatase 1
Developmentally-regulated GTP-binding protein 2
Extracellular matrix protein 1
Dihydropyrimidinase-related protein 5
Ectodysplasin-A receptor-associated adapter protein
Erythropoietin receptor
Early lymphoid activation gene protein
Erythropoietin
Exocyst complex component 2
Fas-associated death domain protein
High affinity immunoglobulin epsilon receptor subunit beta
High affinity immunoglobulin gamma Fc receptor I
Protein FAM13B
High affinity immunoglobulin epsilon receptor subunit gamma
Fibrinogen alpha-2 chain
Fibrinogen alpha chain
High affinity immunoglobulin epsilon receptor subunit alpha
Fibrinogen gamma chain
Fms-related tyrosine kinase 3 ligand
Fibroblast growth factor 11
Fibrinogen alpha-1 chain
Fibrinogen beta chain
Fibrinogen gamma-B chain
Fibroblast growth factor 21
fMet-Leu-Phe receptor
Fasciculation and elongation protein zeta-2
Follistatin
Fibroblast growth factor 2
FERM and PDZ domain-containing protein 1
Rho GTPase-activating protein gacB
Rho GTPase-activating protein gacX
Probable Ras GTPase-activating protein
GTPase-activating protein and VPS9 domain-containing protein 1
FYN-binding protein
Rho GTPase-activating protein gacY
Rho GTPase-activating protein gacFF
Rho GTPase-activating protein gacG
Rho GTPase-activating protein gacH
Rho GTPase-activating protein gacL
Rho GTPase-activating protein gacQ
Rho GTPase-activating protein gacU
Ras GTPase-activating protein gap-2
N-formyl peptide receptor 3
Rho GTPase-activating protein gacC
Rho GTPase-activating protein gacE
Rho GTPase-activating protein gacGG
Rho GTPase-activating protein gacII
Rho GTPase-activating protein gacJ
Rho GTPase-activating protein gacO
Rho GTPase-activating protein gacP
Rho GTPase-activating protein gacV
SNF1 protein kinase subunit beta-3
Ras GTPase-activating protein gap-1
Receptor-type guanylate cyclase gcy-11
Receptor-type guanylate cyclase gcy-10
Receptor-type guanylate cyclase gcy-28
Soluble guanylate cyclase gcy-32
Receptor-type guanylate cyclase gcy-27
Receptor-type guanylate cyclase gcy-6
Guanylate cyclase soluble subunit alpha-1
Guanylate cyclase soluble subunit beta-1
GRB2-associated-binding protein 1
Rho GTPase-activating protein gacA
Rho GTPase-activating protein gacD
Rho GTPase-activating protein gacK
Rho GTPase-activating protein gacN
Rho GTPase-activating protein gacZ
Guanine nucleotide-binding protein subunit beta-5
Gamma-aminobutyric acid receptor subunit beta-like
Rho GTPase-activating protein gacEE
Rho GTPase-activating protein gacF
Rho GTPase-activating protein gacI
Rho GTPase-activating protein gacM
Rho GTPase-activating protein gacR
Rho GTPase-activating protein gacW
Guanylyl cyclase, membrane
Guanylate cyclase soluble subunit alpha-3
Rho GTPase-activating protein gacHH
Rho GTPase-activating protein gacJJ
Gastrin
Gamma-aminobutyric acid receptor alpha-like
Gamma-aminobutyric acid receptor subunit beta-2
Receptor-type guanylate cyclase gcy-13
Receptor-type guanylate cyclase gcy-19
Receptor-type guanylate cyclase gcy-15
Soluble guanylate cyclase gcy-35
Soluble guanylate cyclase gcy-36
Receptor-type guanylate cyclase gcy-4
Soluble guanylate cyclase 89Db
Receptor-type guanylate cyclase gcy-12
Receptor-type guanylate cyclase gcy-22
Soluble guanylate cyclase gcy-33
Guanylate cyclase soluble subunit alpha-2
Guanylate cyclase soluble subunit beta-2
G kinase-anchoring protein 1-A
Receptor-type guanylate cyclase gcy-20
Receptor-type guanylate cyclase gcy-29
Receptor-type guanylate cyclase gcy-1
Receptor-type guanylate cyclase gcy-5
Receptor-type guanylate cyclase gcy-21
Soluble guanylate cyclase 88E
G kinase-anchoring protein 1
G kinase-anchoring protein 1-B
Glycoprotein hormones alpha chain
Receptor-type guanylate cyclase gcy-14
Receptor-type guanylate cyclase gcy-2
Soluble guanylate cyclase gcy-34
Soluble guanylate cyclase gcy-37
Soluble guanylate cyclase gcy-31
Receptor-type guanylate cyclase gcy-7
Receptor-type guanylate cyclase gcy-3
Soluble guanylate cyclase 89Da
Guanine nucleotide-binding protein subunit alpha-14
Guanine nucleotide-binding protein negative regulator 1
Progonadoliberin-1
Growth factor receptor-bound protein 10
Glia maturation factor beta
Probable G-protein coupled receptor 173
G protein-coupled receptor kinase 1
Growth factor receptor-bound protein 14
Guanine nucleotide-binding protein alpha-1 subunit
Guanine nucleotide-binding protein subunit beta 1
Heterotrimeric G protein gamma subunit GPG1
Progonadoliberin-2
Guanine nucleotide-binding protein alpha-2 subunit
Guanine nucleotide-binding protein subunit beta 2
General receptor for phosphoinositides 1-associated scaffold protein
Growth-regulated alpha protein
Protein kinase gsk31
Guanylate cyclase 2G
Probable G-protein coupled receptor 27
Probable G-protein coupled receptor 85
G protein-coupled receptor kinase 4
Olfactory guanylyl cyclase GC-D
G protein-coupled receptor kinase 2
Gastrin-releasing peptide
Heat-stable enterotoxin receptor
GTPase activating protein Gyp51
PTB domain-containing engulfment adapter protein 1
28 kDa heat- and acid-stable phosphoprotein
Hepatocyte growth factor-regulated tyrosine kinase substrate
Casein kinase I homolog hhp2
Hippocalcin-like protein 4
Heme-based aerotactic transducer HemAT
Casein kinase I homolog hhp1
Histidinol-phosphatase
Heparin sulfate O-sulfotransferase
Interleukin-15 receptor subunit alpha
Islet amyloid polypeptide
Major histocompatibility complex class I-related gene protein
Hormonally up-regulated neu tumor-associated kinase
Interleukin-17 receptor D
Insulin-like growth factor-binding protein 2
Serine/threonine-protein kinase ICK
Insulin-like growth factor 1 receptor
ICOS ligand
Hyccin
Interleukin-10 receptor subunit beta
Interleukin-13 receptor subunit alpha-2
Immunoglobulin-binding protein 1
Immunoglobulin superfamily member 1
Inositol monophosphatase 1
Inositol monophosphatase 2
Interleukin-12 receptor subunit beta-1
Insulin-like growth factor-binding protein 6
Immunoglobulin-binding protein 1b
Interleukin-6 receptor subunit beta
Interleukin-1 receptor-like 1
Putative inositol monophosphatase 3
NF-kappa-B inhibitor beta
Phosphatase IMPL1, chloroplastic
Inositol polyphosphate 1-phosphatase
cAMP-dependent protein kinase inhibitor gamma
Interleukin-13
Interleukin-19
Interleukin-7 receptor subunit alpha
Interferon gamma receptor 1
Early placenta insulin-like peptide
Interleukin-18 receptor 1
Interleukin-4 receptor subunit alpha
Interleukin-1 receptor-like 2
Inositol monophosphatase 3
C-Jun-amino-terminal kinase-interacting protein 1
Interleukin-9 receptor
Interleukin-8
Probable importin c550.11
Inhibitory regulator protein IRA2
Insulin receptor substrate 4
Probable inositol 1-monophosphatase ImpA
Probable importin-7 homolog
Importin-7
Interleukin-1 receptor-associated kinase-like 2
Integrin alpha-L
Importin-8
Interleukin-1 receptor-associated kinase 1
Tyrosine-protein kinase JAK2
Casein kinase I isoform alpha
Casein kinase I isoform gamma-3
Calcium/calmodulin-dependent protein kinase type 1
Calcium/calmodulin-dependent protein kinase type IV
Inhibitory regulator protein IRA1
Calcium/calmodulin-dependent protein kinase II
cAMP-dependent protein kinase regulatory subunit
Killer cell immunoglobulin-like receptor 3DL1
cGMP-dependent protein kinase 1
Kinesin-associated protein 3
Casein kinase I isoform epsilon
Protein kinase C epsilon type
Protein kinase C eta type
T-cell surface glycoprotein YE1/48
Calcium/calmodulin-dependent protein kinase I
KiSS-1 receptor
Ribosomal protein S6 kinase delta-1
Serine/threonine-protein kinase ksg1
Kinesin-like protein KIF13B
Killer cell immunoglobulin-like receptor 3DS1
Leptin
Killer cell immunoglobulin-like receptor 2DS5
Probable serine/threonine-protein kinase C70.05c
Serine/threonine-protein kinase ksp1
Galectin-1
Leucine-rich repeat and immunoglobulin-like domain-containing nogo receptor-interacting protein 1-B
Acyl-homoserine-lactone synthase
Disease resistance protein LAZ5
Galectin-3-binding protein
Leukocyte immunoglobulin-like receptor subfamily B member 1
Leukocyte immunoglobulin-like receptor subfamily A member 2
Leukocyte immunoglobulin-like receptor subfamily B member 2
Lipid phosphate phosphatase-related protein type 2
Lipid phosphate phosphatase-related protein type 3
Lipid phosphate phosphatase-related protein type 4
Lipid phosphate phosphatase-related protein type 1
Lipid phosphate phosphatase-related protein type 5
Leucine-rich repeat and immunoglobulin-like domain-containing nogo receptor-interacting protein 1
Putative lipid phosphate phosphatase 3, chloroplastic
Lipoprotein LprA
Leukotriene B4 receptor 2
Leukocyte immunoglobulin-like receptor subfamily B member 4
Lipid phosphate phosphatase 1
Leukocyte immunoglobulin-like receptor subfamily A member 3
Probable lipid phosphate phosphatase 4
Phosphorelay protein LuxU
Mucosal addressin cell adhesion molecule 1
Phosphatidylinositol 4-kinase lsb6
Low-density lipoprotein receptor-related protein 12
Lutropin subunit beta
Mitochondrial antiviral-signaling protein
Leucine-rich repeat and death domain-containing protein 1
Leucine-rich repeat neuronal protein 2
Membrane-associated guanylate kinase, WW and PDZ domain-containing protein 3
Microtubule-associated protein RP/EB family member 2
Leukotriene B4 receptor 1
Mitogen-activated protein kinase 2
Hepatocyte growth factor receptor
Mental retardation GTPase activating protein homolog 4
Sporulation protein kinase mde3
Biofilm architecture maintenance protein MbaA
Mental retardation GTPase activating protein homolog 1
MAP kinase kinase MKK2/SSP33
Muskelin
Mitogen-activated protein kinase 6
MAP kinase kinase MKK1/SSP32
Mental retardation GTPase activating protein homolog 3
MOB kinase activator-like 1
Maintenance of ploidy protein mob2
Midkine
Mediator of replication checkpoint protein 1
MAGUK p55 subfamily member 2
Protein MTH1
MAGUK p55 subfamily member 3
Myelin protein zero-like protein 1
MAPK/MAK/MRK overlapping kinase
Serine/threonine-protein kinase MRCK beta
Sialomucin core protein 24
Protein phosphatase 1 regulatory subunit 12A
Unconventional myosin-X
Meiotically up-regulated gene 80 protein
Natural cytotoxicity triggering receptor 1
Protein phosphatase 1 regulatory subunit 12B
NACHT, LRR and PYD domains-containing protein 12
Protein NDRG1
Protein NDRG2
Protein NDRG3
Neural cell adhesion molecule L1-like protein
NKG2-D type II integral membrane protein
Neuromedin-B
Ninja-family protein Os07g0602900
Ninja-family protein 5
Ninja-family protein 1
Ninja-family protein 3
Ninja-family protein 4
Ninja-family protein 7
Protein NDRG4
Probable Ras GTPase-activating-like protein ngap
Ninja-family protein 2
Ninja-family protein mc410
Ninja-family protein 8
Nostrin
Neurofibromin-A
Nonsense-mediated mRNA decay protein 5
Ninja-family protein Os03g0419100
Ninja-family protein Os03g0214200
Ninja-family protein 6
Neuronal pentraxin receptor
Olfactory receptor 51B5
Olfactory receptor 51G2
Olfactory receptor 51S1
Olfactory receptor 52A4
Olfactory receptor 52B2
Olfactory receptor 52D1
Olfactory receptor 52E6
Olfactory receptor 52I2
Olfactory receptor 52K2
Putative olfactory receptor 52P1
Olfactory receptor 52W1
Olfactory receptor 56A3
Olfactory receptor 51A2
Olfactory receptor 51A7
Olfactory receptor 51B6
Olfactory receptor 51I2
Olfactory receptor 51M1
Olfactory receptor 51T1
Olfactory receptor 52B4
Olfactory receptor 52E8
Olfactory receptor 52J3
Olfactory receptor 52L1
Olfactory receptor 52N2
Olfactory receptor 52Z1
Serine/threonine-protein kinase oca2
Olfactory receptor 688
Olfactory receptor 1F1
Olfactory receptor 3A3
Olfactory receptor 6A2
Olfactory receptor 51F2
Olfactory receptor 51I1
Olfactory receptor 51L1
Olfactory receptor 51Q1
Olfactory receptor 52A5
Olfactory receptor 52E1
Olfactory receptor 52E4
Olfactory receptor 52H1
Olfactory receptor 52K1
Olfactory receptor 52M1
Olfactory receptor 52N5
Olfactory receptor 5I1
Serine/threonine-protein kinase orb6
Olfactory receptor 51B4
Olfactory receptor 51E1
Olfactory receptor 51G1
Olfactory receptor 52R1
Olfactory receptor 56B4
Olfactory receptor 2F1
Olfactory receptor 3A2
Olfactory receptor 51A4
Olfactory receptor 51B2
Olfactory receptor 51D1
Olfactory receptor 51H1
Olfactory receptor 51V1
Olfactory receptor 52B6
Olfactory receptor 52E2
Olfactory receptor 52E5
Olfactory receptor 52I1
Putative olfactory receptor 52L2
Olfactory receptor 52N1
Olfactory receptor 52N4
Putative olfactory receptor 56B2
Oligophrenin-1
Olfactory receptor 3A1
Protein PHLOEM PROTEIN 2-LIKE A5
PAB-dependent poly(A)-specific ribonuclease subunit pan3
Osteoclast-stimulating factor 1
Phosphatidylinositol 3-kinase regulatory subunit alpha
pH-response transcription factor pacC/RIM101
UDP-N-acetylglucosamine--peptide N-acetylglucosaminyltransferase 110 kDa subunit
Protein PHLOEM PROTEIN 2-LIKE A8
cAMP-independent regulatory protein pac2
cAMP and cAMP-inhibited cGMP 3',5'-cyclic phosphodiesterase 10A
cAMP-specific 3',5'-cyclic phosphodiesterase 4B
cGMP-specific 3',5'-cyclic phosphodiesterase
Protein PHLOEM PROTEIN 2-LIKE A6
Dual 3',5'-cyclic-AMP and -GMP phosphodiesterase 11A
Calcium/calmodulin-dependent 3',5'-cyclic nucleotide phosphodiesterase 1A
Calcium/calmodulin-dependent 3',5'-cyclic nucleotide phosphodiesterase 1C
High affinity cAMP-specific and IBMX-insensitive 3',5'-cyclic phosphodiesterase 8A
High affinity cGMP-specific 3',5'-cyclic phosphodiesterase 9A
52 kDa repressor of the inhibitor of the protein kinase
cAMP-specific 3',5'-cyclic phosphodiesterase 7B
Platelet endothelial cell adhesion molecule
cGMP-specific 3',5'-cGMP phosphodiesterase 3
cAMP-specific 3',5'-cyclic phosphodiesterase 4A
 kinase, mitochondrial
Protein kinase C and casein kinase substrate in neurons protein 2
Calcium/calmodulin-dependent 3',5'-cyclic nucleotide phosphodiesterase 1B
Probable 3',5'-cyclic phosphodiesterase pde-2
Probable 3',5'-cyclic phosphodiesterase pde-3
cGMP-inhibited 3',5'-cyclic phosphodiesterase B
cAMP-specific 3',5'-cyclic phosphodiesterase 4C
Probable 3',5'-cyclic phosphodiesterase pde-6
High affinity cAMP-specific 3',5'-cyclic phosphodiesterase 7A
Probable 3',5'-cyclic phosphodiesterase pde-1
Leucine-rich repeat receptor-like protein kinase PEPR1
Peroxisomal membrane protein PMP27
Peroxisomal membrane protein 11 homolog
Phosphoprotein associated with glycosphingolipid-enriched microdomains 1
Programmed cell death protein 1
Dual 3',5'-cyclic-AMP and -GMP phosphodiesterase 11
Probable 3',5'-cyclic phosphodiesterase pde-5
cGMP-dependent 3',5'-cGMP phosphodiesterase A
Sporulation protein kinase pit1
Cytoplasmic phosphatidylinositol transfer protein 1
Pleckstrin homology domain-containing family H member 3
1-phosphatidylinositol 4,5-bisphosphate phosphodiesterase beta-1
p53-induced death domain-containing protein 1
Phosphatidylinositol 4-kinase pik1
Pleckstrin homology domain-containing family G member 5
1-phosphatidylinositol 4,5-bisphosphate phosphodiesterase 1
Serine/threonine-protein kinase N3
Phospholipid phosphatase 4
Phosphatidylinositol 4-kinase beta
Phospholipase A-2-activating protein
1-phosphatidylinositol 4,5-bisphosphate phosphodiesterase gamma-1
Protein phosphatase 1 regulatory subunit 14C
Minor serine/threonine-protein phosphatase PP2A-1 catalytic subunit
Serine/threonine-protein kinase ppk15
Serine/threonine-protein kinase ppk22
Serine/threonine-protein kinase ppk34
1-phosphatidylinositol 4,5-bisphosphate phosphodiesterase delta-4
Phospholipid phosphatase 5
Low molecular weight phosphotyrosine protein phosphatase
Serine/threonine-protein kinase ppk24, mitochondrial
Protein kinase domain-containing protein ppk2
Serine/threonine-protein kinase ppk6
Serine/threonine-protein phosphatase 4 regulatory subunit 1
Serine/threonine-protein kinase ppk16
Serine/threonine-protein kinase ppk19
Serine/threonine-protein kinase ppk21
Serine/threonine-protein kinase ppk31
Protein kinase domain-containing protein ppk38
Serine/threonine-protein kinase ppk5
Protein kinase domain-containing protein ppk9
Serine/threonine-protein kinase ppk14
Serine/threonine-protein kinase ppk25
Serine/threonine-protein kinase ppk30
Serine/threonine-protein phosphatase PP1-1
Serine/threonine-protein kinase ppk1
Serine/threonine-protein kinase ppk23
Protein kinase domain-containing protein ppk32
Protein phosphatase 1A
Serine/threonine-protein kinase ppk13
Serine/threonine-protein kinase ppk27
Protein phosphatase 1 regulatory subunit 1A
Protein phosphatase 1 regulatory subunit 1B
Major serine/threonine-protein phosphatase PP2A-2 catalytic subunit
Serine/threonine-protein kinase ppk33
Serine/threonine-protein kinase ppk8
Protein phosphatase 1 regulatory subunit 1C
Serine/threonine-protein phosphatase T
PH and SEC7 domain-containing protein 1
Phytosulfokine receptor 2
Peroxisomal membrane protein 11B
Serine/threonine-protein kinase psk1
Phytosulfokine receptor 1
Peroxisomal membrane protein 11A
Tyrosine-protein phosphatase 3
Peroxisomal membrane protein PMP30B
Ran GTPase-activating protein 1
Ras-associating and dilute domain-containing protein
Ras association domain-containing protein 3
Ras association domain-containing protein 4
Ras association domain-containing protein 6
Ras association domain-containing protein 8
Peroxisomal membrane protein PMP30A
Protein qutG
Ras association domain-containing protein 7
Ras-associated and pleckstrin homology domains-containing protein 1
Retinoic acid-induced protein 3
Ras-related protein Rap-2b
Ran GTPase-activating protein
Ras association domain-containing protein 2
RAS protein activator like-3
Probable Rho-GTPase-activating protein 6
Rho GTPase-activating protein 2
Prorelaxin H1
Rho GTPase-activating protein REN1
Rho GTPase-activating protein 6
Regulator of G-protein signaling 1
Rho GTPase-activating protein 21-A
Rho GTPase-activating protein 26
Rho GTPase-activating protein 33
Rho GTPase-activating protein 36
Rhophilin-2
Probable Rho-type GTPase-activating protein 2
Probable Rho-GTPase-activating protein 7
Rho GTPase-activating protein 40
Rhophilin-2-A
Guanine nucleotide exchange factor SRM1
Rho GTPase-activating protein 5
Rho GTPase-activating protein 39
Rho GTPase-activating protein 42
Rhophilin-2-B
Rhophilin-1
RGM domain family member B
Regulator of G-protein signaling 3
Regulator of G-protein signaling 5
Rho GTPase-activating protein 12
Rho GTPase-activating protein 17
Rho GTPase-activating protein 19
Rho GTPase-activating protein 20
Rho GTPase-activating protein 21
Rho GTPase-activating protein 25
Rho GTPase-activating protein 27
Rho GTPase-activating protein 28
Rho GTPase-activating protein 11A
Rho GTPase-activating protein 21-B
Rho GTPase-activating protein 7
Rho GTPase-activating protein 32
Rho GTPase-activating protein 44
Ras and Rab interactor 1
Ras and Rab interactor 2
Rho GTPase-activating protein 1
Rho GTPase-activating protein 3
Rho GTPase-activating protein 8
Rho GTPase-activating protein 10
Rho GTPase-activating protein 15
Rho GTPase-activating protein 23
Rho GTPase-activating protein 30
Rho-GTPase-activating protein 5
Rho GTPase-activating protein 4
Rhomboid-related protein 1
Rho GTPase-activating protein 24
Ras and Rab interactor 3
Disease resistance protein RLM3
RalA-binding protein 1
Disease resistance protein RML1B
Receptor-mediated endocytosis protein 6 homolog
Disease resistance protein RML1A
Receptor-mediated endocytosis protein 6
Probable serine/threonine-protein kinase roco9
Probable inactive serine/threonine-protein kinase roco10
Rap1 GTPase-activating protein 1
Probable disease resistance protein RPP1
Ribosomal protein S6 kinase-like 1
GTPase-activating protein rrc-1
Disease resistance protein RPP4
Disease resistance protein RPS4
Inactive disease resistance protein RPS4
Disease resistance protein RPP5
Disease resistance protein RPS6
Ras suppressor protein 1
Tyrosine-protein kinase Dnt
Rhotekin
Adenosine 3'-phospho 5'-phosphosulfate transporter 1
Rhotekin-2
GTPase-activating protein SAC7
Defensin-like protein A
Defensin-like protein b
Importin beta-like SAD2 homolog
Secreted and transmembrane protein 1A
Protein phosphatase 1 regulatory subunit SDS22
Tyrosine-protein kinase Drl
Protein S100-A11
Defensin-like protein a
Importin beta-like SAD2
Sterile alpha and TIR motif-containing protein tir-1
SH2B adapter protein 2
Endophilin-A2
Sterile alpha and TIR motif-containing protein 1
Defensin-like SRCA-homolog protein
Secreted and transmembrane protein 1
Single Ig IL-1-related receptor
Signal-regulatory protein beta-1
Signaling threshold-regulating transmembrane adapter 1
Src kinase-associated phosphoprotein 2
Secreted and transmembrane protein 1b
SPARC-related modular calcium-binding protein 1
Sorting nexin-17
Sorting nexin-27
SMAD5 antisense gene protein 1
SPARC-related modular calcium-binding protein 2
SNF1-like protein kinase ssp2
Vacuolar-sorting protein SNF7
Endophilin-A3
SNF1 protein kinase subunit beta-2
SPARC
Mitogen-activated protein kinase SLT2/MPK1
Suppressor of cytokine signaling 3
Protein SLM4
Suppressor of Mek1
Small aggregate formation protein
Secretion-regulating guanine nucleotide exchange factor
SLIT-ROBO Rho GTPase-activating protein 3
Leucine-rich repeat-containing protein SOG2
Leucine-rich repeat-containing protein sog2
Protein sprint
StAR-related lipid transfer protein 13
SPARC-like protein 1
Serine/threonine-protein kinase ssp1
Signal transducing adapter molecule 1
Stomatin-like protein 3
Inositol-1-monophosphatase
Cell cycle protein kinase spo4
SLIT-ROBO Rho GTPase-activating protein 2
Seven transmembrane protein 1
Importin beta SMX1
SH3 and cysteine-rich domain-containing protein
StAR-related lipid transfer protein 8
Serine/threonine-protein kinase 4
Protein SST2
Inositol-1-monophosphatase SuhB
Protein SYG1
Protein SYG1 homolog
Teneurin-3
Teneurin-4
Disease resistance protein TAO1
Putative teratocarcinoma-derived growth factor 3
Protein TFG
T-cell activation Rho GTPase-activating protein
WW domain-containing protein tag-325
Testican-2
Testican-3
Testican-1
Protein tirC
Transmembrane protein 102
Transmembrane protein 9B
Protein tirA
Toll/interleukin-1 receptor-like protein
Transmembrane protein 101
Toll-interacting protein
Type 2A phosphatase activator TIP41
Toll-like receptor 12
Transmembrane emp24 domain-containing protein 4
TMV resistance protein N
Tumor necrosis factor ligand superfamily member 10
TOM1-like protein 2
Serine/threonine-protein kinase TOR2
TOM1-like protein 1
Transmembrane emp24 domain-containing protein 1
Transmembrane and immunoglobulin domain-containing protein 2
Transmembrane regulatory protein ToxS
Putative tyrosine-protein phosphatase TPTE
Serine/threonine-protein kinase tricorner
Tumor necrosis factor ligand superfamily member 8
Phosphatidylinositol 3-kinase tor2
Rho1 guanine nucleotide exchange factor TUS1
TYRO protein tyrosine kinase-binding protein
UPF0729 protein F18A11.3
Tuberin
Tumor necrosis factor-inducible gene 6 protein
Serine/threonine-protein kinase ULK2
Netrin receptor UNC5B-b
UNC5C-like protein
Netrin receptor UNC5B
Uteroglobin
Netrin receptor UNC5D
Uroplakin-1a
Vesicle-associated protein 1-4
Netrin receptor UNC5B-a
Adapter protein unc-53
Serine/threonine-protein kinase ULK1
Wnt inhibitory factor 1
WNT1-inducible-signaling pathway protein 1
Protein Wnt-5b
WNT1-inducible-signaling pathway protein 2
Cytokine SCM-1 beta
Protein Wnt-2b
Lymphotactin
Protein VARIATION IN COMPOUND TRIGGERED ROOT growth response
Inositol-phosphate phosphatase
Protein Wnt-6
Putative phosphatidate phosphatase
WNT1-inducible-signaling pathway protein 3
Protein Wnt-8b
Proto-oncogene Wnt-3
pH-sensitive adenylate cyclase Rv1264
PA-phosphatase related-family protein DDB_G0284367
Putative disease resistance protein At4g11170
PA-phosphatase related-family protein DDB_G0275547
PA-phosphatase related-family protein DDB_G0271516
PH domain-containing protein DDB_G0287875
Putative Rho GTPase-activating protein C1565.02c
Probable tyrosine-protein phosphatase C17A3.03c
Type 1 phosphatases regulator ypi1
Protein YLS9
Putative GTPase-activating protein C1620.12c
Putative serine/threonine-protein phosphatase C26H8.05c
Protein zds1
