Probable acyl-CoA desaturase
Acyl-CoA desaturase 1
Delta-9 desaturase-like 3 protein
Acyl-CoA desaturase
Delta-9 desaturase-like 4 protein
Probable lipid desaturase ADS3.2, chloroplastic
Magnesium-protoporphyrin IX monomethyl ester  cyclase
Delta-9 desaturase-like 1 protein
Delta-9 desaturase-like 2 protein
Delta-9 desaturase-like 5 protein
Palmitoyl-monogalactosyldiacylglycerol delta-7 desaturase, chloroplastic
Acyl-lipid
Acyl-lipid 8-desaturase
Peroxisomal 2,4-dienoyl-CoA reductase
Delta(12)-fatty-acid desaturase
Divinyl chlorophyllide a 8-vinyl-reductase, chloroplastic
Probable fatty acid desaturase DES1
Fatty acid desaturase DES3
Sphingolipid delta(4)-desaturase DES1
Fatty acid desaturase DES2
Trans-2-decenoyl- isomerase
Delta(12) fatty acid desaturase
Temperature-sensitive omega-3 fatty acid desaturase, chloroplastic
Fatty acid desaturase 4, chloroplastic
Fatty acid desaturase 2
Bifunctional fatty acid conjugase/Delta(12)-oleate desaturase
3-hydroxydecanoyl- isomerase)
Omega-3 fatty acid desaturase, chloroplastic
Omega-6 fatty acid desaturase, chloroplastic
Fatty acid desaturase 1
Fatty acid desaturase 3
Delta(12) acyl-lipid conjugase
Omega-3 fatty acid desaturase fat-1
Delta(5) fatty acid desaturase fat-4
Bifunctional desaturase/conjugase FADX
Omega-3 fatty acid desaturase, endoplasmic reticulum
Omega-6 fatty acid desaturase, endoplasmic reticulum
Delta(12) fatty acid desaturase fat-2
Delta(6)-fatty-acid desaturase fat-3
Delta(12)-fatty-acid desaturase FAD2
Omega-6 fatty acid desaturase, endoplasmic reticulum isozyme 1
Phosphatidylcholine 12-monooxygenase
Delta(12) fatty acid dehydrogenase
Delta(12)-oleate desaturase
Delta(12)-acyl-lipid-desaturase
Delta(5) fatty acid desaturase A
Omega-6 fatty acid desaturase, endoplasmic reticulum isozyme 2
Fatty acid desaturase 2-like protein FADS2P1
Putative fatty acid desaturase 2-like protein FADS2P1
Protein GnsB
3-oxoacyl- synthase II, chloroplastic
2-C-methyl-D-erythritol 2,4-cyclodiphosphate synthase, chloroplastic
Stearoyl-CoA desaturase 5
Palmitoyl- 9-desaturase 2)
Serine/threonine-protein kinase SRK2E
UPF0603 protein Os05g0401100, chloroplastic
