Putative peptidyl-prolyl cis-trans isomerase Cbf2
Peptidyl-prolyl cis-trans isomerase FKBP5
70 kDa peptidyl-prolyl isomerase
Peptidyl-prolyl cis-trans isomerase FKBP4
Probable FKBP-type peptidyl-prolyl cis-trans isomerase 2, chloroplastic
FKBP-type peptidyl-prolyl cis-trans isomerase, chloroplastic
Putative peptidyl-prolyl cis-trans isomerase NifM
Peptidyl-prolyl cis-trans isomerase PIN4
Peptidyl-prolyl cis-trans isomerase Pin1
Peptidyl-prolyl cis-trans isomerase pin1
Peptidyl-prolyl cis-trans isomerase pin4
Parvulin-like PPIase
Buparvaquone-resistant peptidyl-prolyl cis-trans isomerase NIMA-interacting 1
Peptidyl-prolyl cis-trans isomerase NIMA-interacting 1
Probable parvulin-type peptidyl-prolyl cis-trans isomerase
Peptidyl-prolyl cis-trans isomerase C
Peptidyl-prolyl cis-trans isomerase
Peptidyl-prolyl cis-trans isomerase D
Peptidyl-prolyl cis-trans isomerase, microsomal
Putative peptidyl-prolyl cis-trans isomerase HP_0175
Putative peptidyl-prolyl cis-trans isomerase jhp_0161
Putative peptidyl-prolyl cis-trans isomerase YacD
