Inner membrane protein ALBINO3, chloroplastic
ATP synthase delta chain, chloroplastic
Cytochrome c biogenesis protein CCS1, chloroplastic
Probable zinc metalloprotease EGY1, chloroplastic
Fructose-1,6-bisphosphatase, chloroplastic
ATP-dependent zinc metalloprotease FTSH 2, chloroplastic
ATP-dependent zinc metalloprotease FTSH 1, chloroplastic
ATP-dependent zinc metalloprotease FTSH 5, chloroplastic
Probable monogalactosyldiacylglycerol synthase 1, chloroplastic
Monogalactosyldiacylglycerol synthase 1, chloroplastic
Thioredoxin reductase NTRC
GTP-binding protein OBGC, chloroplastic
Probable GTP-binding protein OBGC1, chloroplastic
Probable protein phosphatase 2C 26
Probable protein phosphatase 2C 1
Chloroplast processing peptidase
Ribosome-recycling factor, chloroplastic
Preprotein translocase subunit SCY1, chloroplastic
Probable inactive shikimate kinase like 1, chloroplastic
Preprotein translocase subunit SECY, chloroplastic
Sec-independent protein translocase protein TATC, chloroplastic
Protein THYLAKOID FORMATION 1, chloroplastic
Thylakoid membrane protein TERC, chloroplastic
Thylakoidal processing peptidase 1, chloroplastic
Probable thylakoidal processing peptidase 2, chloroplastic
