Chromatin assembly factor 1 subunit FAS2 homolog
Chromatin assembly factor 1 subunit FAS1
Chromatin assembly factor 1 subunit FAS2
Zinc finger protein GIS2
GLABRA2 expression modulator
Zinc finger protein GIS
Glycerophosphodiester phosphodiesterase GDPDL4
Glycerophosphodiester phosphodiesterase GDPDL3
Histone-binding protein MSI1
Histone-binding protein MSI1 homolog
Transcription factor MYB82
Transcription factor MYB23
Cyclin-dependent protein kinase inhibitor SIM
Protein STICHEL
DNA topoisomerase 6 subunit B
Transcription factor TT8
Protein TRANSPARENT TESTA GLABRA 1
Zinc finger protein 6
Zinc finger protein 5
Zinc finger protein 8
