Glutamine synthetase root isozyme 1
Glutamine synthetase, chloroplastic
Glutamine synthetase cytosolic isozyme
Glutamine synthetase cytosolic isozyme 1-2
Glutamine synthetase cytosolic isozyme 2
Glutamine synthetase root isozyme 4
Glutamine synthetase cytosolic isozyme 1
Glutamine synthetase 2
Probable glutamine synthetase
Glutamine synthetase
Glutamine synthetase root isozyme 5
Glutamate--methylamine ligase
Glutamine synthetase root isozyme 2
Probable glutamine synthetase 2
Glutamine synthetase root isozyme 3
Type-1 glutamine synthetase 2
Glutamine synthetase leaf isozyme, chloroplastic
Putative glutamine synthetase
Glutamine synthetase cytosolic isozyme 1-1
Glutamate--isopropylamine ligase
Lengsin
