CMP-sialic acid transporter 2
CMP-sialic acid transporter 3
CMP-sialic acid transporter 5
CMP-sialic acid transporter 1
CMP-sialic acid transporter 4
UDP-galactose transporter
High-affinity gluconate transporter
Heat-responsive suppressor HrsA
2-keto-3-deoxygluconate permease 1
2-keto-3-deoxygluconate permease 2
Lactose permease
Putative sialic acid transporter
Polyol transporter 5
PTS system fructose-specific EIIBC component
PTS system fructose-specific EIIABC component
PTS system mannose-specific EIIBCA component
PTS system fructose-specific EIIBBC component
Fructose permease IIC component
Fructose-like permease IIC component 2
Fructose-like PTS system EIIBC component
Probable UDP-sugar transporter protein SLC35A4
Probable UDP-sugar transporter protein SLC35A5
CMP-sialic acid transporter
UDP-N-acetylglucosamine transporter
UDP-galactose translocator
UDP-galactose/UDP-N-acetylglucosamine transporter srf-3
UDP-galactose translocator 1
