Serine/threonine-protein phosphatase 2A 56 kDa regulatory subunit delta 1 isoform
Serine/threonine-protein phosphatase 2A 56 kDa regulatory subunit delta isoform
Protein phosphatase PP2A regulatory subunit A
Prospore formation at selected spindle poles protein 1
Spindle pole component BBP1
Mitotic check point protein BFA1
Nuclear fusion protein BIK1
Bud site selection protein 6
Mitotic check point protein BUB2
Centromere DNA-binding protein complex CBF3 subunit A
Probable cell cycle serine/threonine-protein kinase CDC5 homolog
Tyrosine-protein phosphatase CDC14
Spindle pole body-associated protein CIK1
G2/mitotic-specific cyclin-2
Cell cycle protein kinase DBF2
Serine/threonine-protein kinase DBF20
Dynein heavy chain, cytoplasmic
Separin
Kinesin-like protein KAR3
Karyogamy protein KAR9
Serine/threonine-protein kinase KIN4
Spindle pole body component KRE28
Kinesin-like motor protein 9
DBF2 kinase activator protein MOB1
Mitotic-spindle organizing protein 1
Pheromone-regulated membrane protein 3
Peptidyl-prolyl cis-trans isomerase cyp3
Ras GTPase-activating-like protein rng2
Kinetochore protein SLK19
Spindle pole body component 110
Spindle pole body component SPC42
Tubulin gamma chain
Protein TEM1
Spindle pole body-associated protein VIK1
Exportin-1
Nuclear envelope protein YPR174C
