ADP-ribosylation factor-like protein 13B
B9 domain-containing protein 1
Bardet-Biedl syndrome 7 protein homolog
Brother of CDO
Coiled-coil and C2 domain-containing protein 2A
Cell adhesion molecule-related/down-regulated by oncogenes
Clusterin-associated protein 1
Protein C21orf2 homolog
Protein dispatched homolog 1
Protein dispatched homolog 2
Ellis-van Creveld syndrome protein
Exostosin-3
Exostosin-2
Ellis-van Creveld syndrome protein homolog
Peptidyl-prolyl cis-trans isomerase FKBP8
WD repeat-containing and planar cell polarity effector protein fritz homolog
Serine/threonine-protein kinase fused
Glypican-2
G protein-coupled receptor kinase 2
Protein-cysteine N-palmitoyltransferase HHAT
Intraflagellar transport protein 27 homolog
Intraflagellar transport protein 46 homolog
Intraflagellar transport protein 56
Interference hedgehog
Intraflagellar transport protein 80 homolog
Intraflagellar transport protein 25 homolog
Intraflagellar transport protein 52 homolog
IQ and ubiquitin-like domain-containing protein
Limbin
Bifunctional heparan sulfate N-deacetylase/N-sulfotransferase 1
Patched domain-containing protein 1
Protein patched homolog 1
Patched domain-containing protein 2
Protein tyrosine phosphatase domain-containing protein 1
60 kDa SS-A/Ro ribonucleoprotein
Smoothened homolog
SCL-interrupting locus protein
SCL-interrupting locus protein homolog
TALPID3 protein
Protein TALPID3
Tectonic-3
Tectonic-2
Protein tumorous imaginal discs, mitochondrial
Transmembrane protein 17B
Transmembrane protein 17A
Transmembrane protein 231
Transmembrane protein 17
Tau-tubulin kinase 2
UDP-glucose 6-dehydrogenase
Protein Wnt-10b
