Long-chain-fatty-acid--CoA ligase ACSBG2
Disintegrin and metalloproteinase domain-containing protein 18
Adenylate cyclase type 10
Adenosine deaminase domain-containing protein 1
Phosphoacetylglucosamine mutase
Androgenic gland hormone
RNA demethylase ALKBH5
Adhesion G-protein coupled receptor G2
A-kinase anchor protein 14
A-kinase anchor protein 9
Ankyrin repeat domain-containing protein 49
Protein asunder
Ankyrin repeat, SAM and basic leucine zipper domain-containing protein 1
Sodium/potassium-transporting ATPase subunit alpha-4
Activin receptor type-2A
Plasma membrane calcium-transporting ATPase 4
Bcl-2-like protein 2
Beta-1,4 N-acetylgalactosaminyltransferase 1
Bcl-2-interacting killer
Anion exchange protein 2
B-cell receptor-associated protein 31
Breast cancer type 2 susceptibility protein homolog
Bcl-2-like protein 10
Breast cancer type 2 susceptibility protein
Bax inhibitor 1
Calcium-binding and spermatid-specific protein 1
Protein boule
Calreticulin-3
Protein boule-like
Calicin
Protein BTG1
Cadherin-8
Coiled-coil domain-containing protein 33
Cyclin-I
Cathepsin L2
Cyclin-A1
CUGBP Elav-like family member 3
Centrin-2
Cathepsin B
G1/S-specific cyclin-D2
Protein CIP2A
Testis-specific chromodomain protein Y 1
Cadherin EGF LAG seven-pass G-type receptor 2
ATP-dependent RNA helicase cgh-1
60 kDa heat shock protein homolog 2, mitochondrial
Testis-specific chromodomain protein Y 2
Calmegin
Cannabinoid receptor 1
Cyclic nucleotide-binding domain-containing protein 2
Calcium and integrin-binding protein 1
Clusterin
Cyclin N-terminal domain-containing protein 1
Cytoplasmic polyadenylation element-binding protein 1
Centrosomal protein of 131 kDa
Cartilage-associated protein
Cation channel sperm-associated protein subunit gamma
Protein cueball
Cysteine-rich secretory protein 3
Cation channel sperm-associated protein subunit delta
Chromosome transmission fidelity protein 18 homolog
Cation channel sperm-associated protein subunit gamma 2
Beta-defensin 118
Deleted in azoospermia-like
Deleted in azoospermia protein 2
Probable ATP-dependent RNA helicase DDX4
DAZ-associated protein 1
Deleted in azoospermia protein 4
Protein diaphanous homolog 3
Deleted in azoospermia protein 3
Dynein regulatory complex subunit 7
Sperm-specific protein Don juan
Dual specificity protein phosphatase 13 isoform B
DNA
Dynein heavy chain 9, axonemal
Zinc finger protein DZIP1
Maternal protein exuperantia
Sex-determination protein fem-3
Protein FAM50A
Sperm vesicle fusion protein fer-1
Transmembrane GTPase fzo
Galactosylceramide sulfotransferase
Guanidinoacetate N-methyltransferase
Farnesyl pyrophosphate synthase
Gametogenetin-binding protein 2
Putative gametogenetin-binding protein 1
Gametogenetin-binding protein 1
Putative germ cell-less protein-like 1-like
Germ cell-less protein-like 1
Hydroxyacylglutathione hydrolase, mitochondrial
Phospholipid hydroperoxide glutathione peroxidase, nuclear
Phospholipid hydroperoxide glutathione peroxidase, mitochondrial
Solute carrier family 2, facilitated glucose transporter member 14
Histone H1.1
Sperm-specific H1/protamine-like protein type 1
Sperm-specific protein PHI-2B
Sperm-specific protein PL-I
Histone H1t
Golgin subfamily A member 3
Glutathione reductase
Sperm-specific H1/protamine-like protein type 2
Histone H2AX
Homocysteine-responsive endoplasmic reticulum-resident ubiquitin-like domain member 2 protein
Sperm-specific protein PHI-2B/PHI-3
Probable ATP-dependent DNA helicase HFM1
Sperm protamine P1
Sperm histone
Sperm protamine P3
Haptoglobin
Sperm protamine P1-type
Sperm protamine P2
Sperm histone P2b
Type II inositol 1,4,5-trisphosphate 5-phosphatase
Cysteine-rich protamine
Serine protease HTRA2, mitochondrial
Hypoxanthine-guanine phosphoribosyltransferase
Sperm protamine P4
Sperm protamine P5
Insulin-like peptide INSL6
Insulin-like 3
Plasma serine protease inhibitor
Serine protease inhibitor Kazal-type 2
Adenylate kinase 7
Katanin p60 ATPase-containing subunit A-like 1
Leucine-rich repeat and guanylate kinase domain-containing protein
Meiosis 1 arrest protein
Protein maelstrom homolog
Putative helicase Mov10l1
Proto-oncogene Mas
Male-enhanced antigen 1
Meiosis expressed gene 1 protein homolog
Mitochondria-eating protein
MICAL C-terminal-like protein
Meiosis-expressed gene 1 protein
Meiosis-specific nuclear structural protein 1
M-phase inducer phosphatase 3
Male-specific sperm protein Mst84Db
Proto-oncogene serine/threonine-protein kinase mos
Male-specific sperm protein Mst84Da
Tesmin
Myotubularin-related protein 5
Male-specific sperm protein Mst84Dd
DNA mismatch repair protein Msh2
Male-specific sperm protein Mst84Dc
NACHT, LRR and PYD domains-containing protein 14
Serine/threonine-protein kinase Nek1
Protein NDRG3
Protein naked cuticle homolog 1
Nuclear pore-associated protein 1
Nephrocystin-1
Outer dense fiber protein 4
Ornithine decarboxylase antizyme 3
Outer dense fiber protein 3
Outer dense fiber protein 1
Outer dense fiber protein 2
Olfactory receptor 7C1
Platelet-activating factor acetylhydrolase IB subunit beta
Platelet-activating factor acetylhydrolase IB subunit gamma
Protocadherin gamma-A4
Choline-phosphate cytidylyltransferase B
Protein disulfide-isomerase-like protein of the testis
Protein pelota
Mitochondrial prohibitin complex protein 2
Sperm-specific protein Phi-0
Piwi-like protein 2
Piwi-like protein 4
Sperm-specific protein Phi-3
Piwi-like protein 3
Sperm-specific protein Phi-1
Mitochondrial prohibitin complex protein 1
Piwi-like protein 1
Pleckstrin homology domain-containing family A member 1
Membrane-associated tyrosine- and threonine-specific cdc2-inhibitory kinase wee-1.3
Protamine-2
Protamine-3
Sperm histone P2a
Prokineticin-2
Protamine TP17
Protamine-2C
Sperm protamine R3 isoform 2
Protamine-A
Protamine CIII
Protamine-Z1
Peroxiredoxin-4
Serine protease 44
Protamine TP16
Sperm protamine R3 isoform 1
Protamine
Protamine-2A
Sperm protamine alpha isoform 2
Protamine-3A
Protamine-Z1/Z2
Protamine Z3
Protamine-1B
Protamine-2B
Spermatid-specific protein T2
Protamine-B
Protamine-1A
Sperm protamine alpha isoform 1
Protamine S4
Protamine-YII
Protamine-Z
Serine protease 42
Protamine PTP4
Protamine-Y1/Y2
Protamine TP14
Protamine-1
Spermatid-specific protein T1
Protamine-M6/M7
Protamine-YI
Protamine Z2
Peroxisomal testis-specific protein 1
UV excision repair protein RAD23 homolog B
Regulator of G-protein signaling 2
GTPase-activating protein RacGAP84C
RNA-binding motif protein, Y chromosome, family 1 member B
RNA-binding motif protein, Y chromosome, family 1 member F/J
Prorelaxin 1
Ropporin-1B
Probable splicing factor, arginine/serine-rich 2
Radial spoke head 1 homolog
Spermatogenesis-associated protein 31A7
Spermatogenesis-associated protein 31A6
Spermatogenesis-associated protein 31D1
Probable splicing factor, arginine/serine-rich 1
Spermatogenesis-associated protein 31A3
Sperm acrosome membrane-associated protein 1
Spindle assembly abnormal protein 6 homolog
Solute carrier family 22 member 16
Putative spermatogenesis-associated protein 31B1
Putative spermatogenesis-associated protein 31D4
Spermatogenesis-associated protein 31E1
Spermatogenesis-associated protein 31A1
Spermatogenesis-associated protein 31C2
Putative spermatogenesis-associated protein 31D3
Spermatogenesis-associated protein 31A5
Spermatogenesis-associated protein 31C1
Sperm-associated antigen 11B
Spermatid-specific manchette-related protein 1
Spermatogenesis-associated protein 2
Spermatogenesis-associated protein 6
Spermatogenesis-associated protein 7 homolog
Sodium/hydrogen exchanger 10
Sperm surface protein Sp17
Sperm flagellar protein 2
Probable ATP-dependent RNA helicase spindle-E
Protein slowmo
Solute carrier organic anion transporter family member 4C1
Spermatogenesis-associated protein 9
Sperm protein associated with the nucleus on the X chromosome A
Spermatid maturation protein 1
Spermatogenesis-associated protein 20
Spermatogenesis-associated protein 32
Probable serine/threonine-protein kinase spe-6
Spermatogenesis-associated protein 19, mitochondrial
Smoothened homolog
Spermatogenesis-associated protein 5
Spermatocyte protein spe-11
Spermatogenesis-associated protein 16
Spermatogenesis-associated protein 25
Nuclear transition protein 2
Spermatid nuclear transition protein 4
Somatostatin receptor type 2
Spermatid-specific protein S2
Spermatid nuclear transition protein 3
Spermatid perinuclear RNA-binding protein
Spermatid nuclear transition protein 1
SUN domain-containing protein 5
Spermatogenesis-associated protein 31
Spermatid-specific protein S1
Somatostatin receptor type 1
Serine/threonine/tyrosine-interacting protein
Somatostatin receptor type 3
Protein TBATA
Translationally-controlled tumor protein
Tudor domain-containing protein 6
Tudor domain-containing protein 7
Putative ATP-dependent RNA helicase TDRD9
Tudor and KH domain-containing protein
Dual specificity testis-specific protein kinase 2
Putative ATP-dependent RNA helicase TDRD12
Testis development-related protein
Testisin
Testis-expressed sequence 40 protein
Tudor domain-containing protein 1
Dual specificity testis-specific protein kinase 1
Testicular haploid expressed gene protein
T-complex protein 11
T-complex protein 11 homolog
Metalloproteinase inhibitor 2
Testis-expressed sequence 19 protein
Serine/threonine-protein kinase tousled-like 2
Transmembrane protein 119
Sex-determining transformer protein 2
Transmembrane protein 203
Sex-determining transformer protein 1
Transformer-2 sex-determining protein
Tudor domain-containing protein 7A
Translin-associated protein X
Testis-specific Y-encoded protein 4
Transcription-associated protein 1
Testis-specific Y-encoded protein 10
Thioredoxin domain-containing protein 3
Tudor domain-containing protein 7B
Testis-specific gene 10 protein
Testis-specific Y-encoded protein 1
Testis-specific serine/threonine-protein kinase 3
Tubulin glycylase 3B
Testis-specific Y-encoded protein 2
Testis-specific serine/threonine-protein kinase 4
Thioredoxin domain-containing protein 3 homolog
Testis-specific serine/threonine-protein kinase 5
Testis-expressed protein 19.2
Translin-associated factor X-interacting protein 1
Testis-specific Y-encoded protein 8
Testis-specific Y-encoded protein 3
Testis-specific serine/threonine-protein kinase 1
Transcription termination factor 2
Urokinase-type plasminogen activator
U3 small nucleolar RNA-associated protein 14 homolog B
U3 small nucleolar RNA-associated protein 14 homolog C
Variable charge X-linked protein 1
pre-mRNA 3' end processing protein WDR33
Testis-specific basic protein Y 2
WD repeat-containing protein 48
WAS/WASL-interacting protein family member 3
WAP four-disulfide core domain protein 2
Protein xmas-2
Protein xmas-1
