13 kDa protein
13.2 kDa protein
Probable copper-transporting ATPase PacS
Copper-exporting P-type ATPase A
Corticosteroid 11-beta-dehydrogenase isozyme 1
Acylcarnitine hydrolase
Protein FAM72C
Protein FAM72B
Protein FAM72D
Heat shock 70 kDa protein 13
Phospholemman-like protein
Serine/threonine-protein phosphatase 6 regulatory subunit 2
Presenilin-like protein At1g08700
Presenilin-like protein At2g29900
Sterile alpha motif domain-containing protein 9
SAYSvFN domain-containing protein 1
UDP-glucuronosyltransferase 2B31
Putative UDP-glucuronosyltransferase ugt-48
Putative UDP-glucuronosyltransferase ugt-58
UDP-glucuronosyltransferase 3A1
UDP-glucuronosyltransferase 3A2
Putative UDP-glucuronosyltransferase ugt-46
Putative UDP-glucuronosyltransferase ugt-55
UDP-glucuronosyltransferase 2A3
UDP-glucuronosyltransferase 2B37
Putative UDP-glucuronosyltransferase ugt-56
Putative UDP-glucuronosyltransferase ugt-47
UDP-glucuronosyltransferase 2B7
Putative UDP-glucuronosyltransferase ugt-50
Putative UDP-glucuronosyltransferase ugt-60
UDP-glucuronosyltransferase 2B2
