Dystroglycan
Dystrophin-like protein 1
Junctophilin-1
Myosin regulatory light chain 2, skeletal muscle isoform
Myomesin-2
Myosin light chain 5
Myosin-1
Myosin-11
Myosin-4
Myotilin
Myosin-8
Myosin light chain 1/3, skeletal muscle isoform
Myosin light polypeptide 6
Myosin regulatory light polypeptide 9
Myosin heavy chain, muscle
Nebulin
Myosin-binding protein H
Myosin-binding protein C, fast-type
Nexilin
Plectin
Smoothelin
Sorbin and SH3 domain-containing protein 2
Telethonin
Tropomyosin beta chain
Transmembrane protein 47
Tropomyosin alpha-4 chain
