5'-AMP-activated protein kinase subunit gamma-1
ADM2
5'-AMP-activated protein kinase catalytic subunit alpha-1
Mitochondrial inner membrane protease ATP23 homolog
Serine/threonine-protein kinase CAK1
Cyclin-dependent kinase 1
Calcium-dependent protein kinase 2
Calcium-dependent protein kinase 3
Cyclin-dependent kinase 17
Cyclin-dependent kinase-like 1
Casein kinase II subunit beta'
Putative uncharacterized protein C19orf35
Eukaryotic elongation factor 2 kinase
Mitogen-activated protein kinase FUS3
Glycerate kinase
G protein-coupled receptor kinase 6
Sensor histidine kinase component HK1
Inositol hexakisphosphate kinase 3
Circadian clock protein KaiA
cAMP-dependent protein kinase type 2
cAMP-dependent protein kinase catalytic subunit beta
Calcium/calmodulin-dependent protein kinase type II
Calcium/calmodulin-dependent protein kinase
cAMP-dependent protein kinase type I-beta regulatory subunit
Calcium/calmodulin-dependent protein kinase type 1G
Calcium/calmodulin-dependent protein kinase type IV
Calcium/calmodulin-dependent protein kinase kinase 2
Probable phosphorylase b kinase regulatory subunit alpha
cAMP-dependent protein kinase type 3
Phosphorylase b kinase regulatory subunit alpha, liver isoform
Phosphorylase b kinase regulatory subunit beta
KH domain-containing protein 3
Probable phosphorylase b kinase regulatory subunit beta
Calcium/calmodulin-dependent protein kinase kinase 1
Phosphorylase b kinase regulatory subunit alpha, skeletal muscle isoform
Serine/threonine-protein kinase D3
Mitogen-activated protein kinase 6
Mixed lineage kinase domain-like protein
Mitogen-activated protein kinase 7
Mitogen-activated protein kinase mpkC
Mitogen-activated protein kinase 2
Probable myosin light chain kinase DDB_G0284661
Nitrogen permease regulator 2-like protein
Nuclear receptor-binding protein
Oocyte-expressed protein homolog
Phosphatidylinositol 4-kinase alpha 1
Oocyte-expressed protein
Protein-associating with the carboxyl-terminal domain of ezrin
Phosphorylase b kinase gamma catalytic chain, liver/testis isoform
DNA-dependent protein kinase catalytic subunit
Phosphoserine phosphatase RsbU
Tyrosine-protein kinase SgK223
TBC domain-containing protein kinase-like protein
Two-component system protein B
Wee1-like protein kinase
Glycosaminoglycan xylosylkinase homolog
Probable sensor-like histidine kinase YedV
