Arf-GAP with coiled-coil, ANK repeat and PH domain-containing protein 2
Alpha-actinin-1
Protein ALEX
Arf-GAP with SH3 domain, ANK repeat and PH domain-containing protein 3
Brain-specific angiogenesis inhibitor 1-associated protein 2
Protein cordon-bleu
Cofilin-1A
Cytohesin-3
Cytohesin-2
FERM domain-containing protein 4B
Growth arrest-specific protein 7
72 kDa inositol polyphosphate 5-phosphatase
Kelch-like protein 2
Layilin
LMBR1 domain-containing protein 2 homolog B
Merlin
Muskelin
Myotubularin
Myeloid-associated differentiation marker
Unconventional myosin-IXb
Myosin-K heavy chain
Myotubularin-related protein 14
Nucleoside diphosphate kinase
Unconventional myosin-X
Nucleoside diphosphate kinase B
Na(+)/H(+) exchange regulatory cofactor NHE-RF1
Palladin
Phosphatidylinositol 4,5-bisphosphate 5-phosphatase A
Podocalyxin
PH and SEC7 domain-containing protein 1
Ras-related protein Rab-22A
Ras and Rab interactor-like protein
Rho-associated protein kinase 1
Protein S100-A11
SAM domain-containing protein SAMSN-1
Src substrate protein p85
Src substrate cortactin
Transient receptor potential cation channel subfamily M member 7
V-type proton ATPase subunit B, brain isoform
Villin-1
Wiskott-Aldrich syndrome protein family member 2
WAS/WASL-interacting protein family member 1
