3-hydroxybenzoate 6-hydroxylase
Acyl-CoA dehydrogenase fadE12
Probable acyl-CoA dehydrogenase fadE25
Glutaryl-CoA dehydrogenase
Probable acyl-CoA dehydrogenase YngJ
Acyl-CoA dehydrogenase
Acyl-CoA dehydrogenase, short-chain specific
Anthranilate 1,2-dioxygenase system ferredoxin--NAD(+) reductase component
Benzene 1,2-dioxygenase system ferredoxin--NAD(+) reductase component
Biphenyl dioxygenase system ferredoxin--NAD(+) reductase component
Biphenyl 2,3-dioxygenase, ferredoxin reductase component
Benzene 1,2-dioxygenase system ferredoxin--NAD(+) reductase subunit
Crotonobetainyl-CoA dehydrogenase
Baeyer-Villiger monooxygenase
Protein CbrA
Probable acyl-CoA dehydrogenase
Acyl-coenzyme A dehydrogenase
Ferredoxin--NADP reductase 1
Ferredoxin--NADP reductase 2
Ferredoxin--NADP reductase 3
Putative flavin-containing monooxygenase 2
Putative flavin-containing monooxygenase FMO GS-OX-like 10
Flavin-containing monooxygenase FMO GS-OX-like 5
Flavin-containing monooxygenase FMO GS-OX-like 9
Flavin-containing monooxygenase FMO GS-OX-like 1
Flavin-containing monooxygenase FMO GS-OX-like 8
Flavin-containing monooxygenase FMO GS-OX-like 6
3-phenylpropionate/cinnamic acid dioxygenase ferredoxin--NAD(+) reductase component
Flavin-containing monooxygenase FMO GS-OX-like 3
Putative flavin-containing monooxygenase FMO GS-OX-like 11
4-hydroxyacetophenone monooxygenase
Flavin-containing monooxygenase FMO GS-OX-like 7
NAD(P)H dehydrogenase
Acyl- dehydrogenase MbtN
N-methyl-L-tryptophan oxidase
NADH oxidase
Probable NADH oxidase
NADH peroxidase
L-aspartate oxidase
Putative NADH oxidase
Dibenzothiophene desulfurization enzyme C
Soluble pyridine nucleotide transhydrogenase
Probable soluble pyridine nucleotide transhydrogenase
Probable acyl-CoA dehydrogenase FadE10
Probable acyl-CoA dehydrogenase YdiO
Putative acyl-CoA dehydrogenase YdbM
Indole-3-pyruvate monooxygenase YUCCA6
