Angiotensin-converting enzyme inhibitor
Venom metalloproteinase inhibitor DM43
Antihemorrhagic factor jMSF
Antihemorrhagic factor cMSF
Antihemorrhagic factor cHLP-A
Antihemorrhagic factor HSF
Antihemorrhagic factor cHLP-B
Carboxypeptidase A inhibitor
Metalloproteinase inhibitor
Metalloproteinase inhibitor 1
Latexin
Metallocarboxypeptidase inhibitor b
Venom nerve growth factor
NTR domain-containing protein
Venom nerve growth factor Bco12
Ovary-derived ACE interactive factor
Poly-His-poly-Gly peptide 1
Poly-His-poly-Gly peptide 2
Metalloproteinase inhibitor 2
Metalloproteinase inhibitor 4
