Phycobiliprotein ApcE
Allophycocyanin subunit beta-18
Bacterial rhodopsin CSR3
Cruxhalorhodopsin-1
Halorhodopsin
Sensory rhodopsin-1
Bilin-binding protein
Bacteriochlorophyll a protein
Sensory rhodopsin II
Sensory rhodopsin-2
Bacteriorhodopsin-II-like protein
Cruxhalorhodopsin-3
Sensory rhodopsin I
Sensory rhodopsin III
Chlorophyll a-b binding protein 1B-20, chloroplastic
Chlorophyll a-b binding protein of LHCII type I, chloroplastic
Chlorophyll a-b binding protein 1, chloroplastic
Chlorophyll a-b binding protein of LHCII type III, chloroplastic
Chlorophyll a-b binding protein 3, chloroplastic
Chlorophyll a-b binding protein type 1 member F3, chloroplastic
Chlorophyll a-b binding protein P4, chloroplastic
Chlorophyll a-b binding protein 40, chloroplastic
Chlorophyll a-b binding protein 7, chloroplastic
Chlorophyll a-b binding protein 13, chloroplastic
Chlorophyll a-b binding of LHCII type 1 protein
Chlorophyll a-b binding protein, chloroplastic
Chlorophyll a-b binding protein of LHCII type 1
Chlorophyll a-b binding protein AB80, chloroplastic
Chlorophyll a-b binding protein 36, chloroplastic
Chlorophyll a-b binding protein 4, chloroplastic
Chlorophyll a-b binding protein 91R, chloroplastic
Chlorophyll a-b binding protein 37, chloroplastic
Chlorophyll a-b binding protein type 2 member 1A, chloroplastic
Chlorophyll a-b binding protein 1B, chloroplastic
Chlorophyll a-b binding protein 1A, chloroplastic
Chlorophyll a-b binding protein 3B, chloroplastic
Chlorophyll a-b binding protein 151, chloroplastic
Chlorophyll a-b binding protein AB96
Chlorophyll a-b binding protein 16, chloroplastic
Chlorophyll a-b binding protein 22L, chloroplastic
Chlorophyll a-b binding protein 2, chloroplastic
Chlorophyll a-b binding protein C, chloroplastic
Chlorophyll a-b binding protein 22R, chloroplastic
Chlorophyll a-b binding protein 25, chloroplastic
Chlorophyll a-b binding protein 50, chloroplastic
Chlorophyll a-b binding protein 3C, chloroplastic
Chlorophyll a-b binding protein 48, chloroplastic
Chlorophyll a-b binding protein CP24 10A, chloroplastic
Chlorophyll a-b binding protein 1B-21, chloroplastic
Chlorophyll a-b binding protein 215, chloroplastic
Caroteno-chlorophyll a-c-binding protein
Chlorophyll a-b binding protein 8, chloroplastic
Chlorophyll a-b binding protein 3c, chloroplastic
Chlorophyll a-b binding protein E, chloroplastic
Chlorophyll a-b binding protein 5, chloroplastic
Chlorophyll a-b binding protein M9, chloroplastic
Chlorophyll a-b binding protein type 2 member 1B, chloroplastic
Chlorophyll a-b binding protein 1C, chloroplastic
Chlorophyll a-b binding protein 1D
Chlorophyll a-b binding protein CP24 10B, chloroplastic
Chlorophyll a-b binding protein 6A, chloroplastic
Chlorophyll a-b binding protein type I, chloroplastic
Chlorophyll a-b binding protein 22, chloroplastic
Chlorophyll a-b binding protein type 2 member 2
Chlorophyll a-b binding protein 21, chloroplastic
Chlorophyll a-b binding protein 3A, chloroplastic
Chlorophyll a-b binding protein AB10, chloroplastic
Chlorophyll a-b binding protein CP24, chloroplastic
Cryptochrome-1
Cryptochrome DASH, chloroplastic/mitochondrial
Chlorosome protein C
Orange carotenoid-binding domain-containing protein
Putative cryptochrome DASH
Bacteriochlorophyll e-binding protein
Bacteriochlorophyll c-binding protein
Chlorosome envelope protein B
Cryptochrome-like protein cry2
Putative cryptochrome DASH, mitochondrial
Chlorosome envelope protein F
Chlorosome protein E
Cryptochrome DASH
Fucoxanthin-chlorophyll a-c binding protein A, chloroplastic
Fucoxanthin-chlorophyll a-c binding protein C, chloroplastic
Fucoxanthin-chlorophyll a-c binding protein, chloroplastic
Fucoxanthin-chlorophyll a-c binding protein F, chloroplastic
Fucoxanthin-chlorophyll a-c binding protein B, chloroplastic
Fucoxanthin-chlorophyll a-c binding protein D, chloroplastic
Fucoxanthin-chlorophyll a-c binding protein E, chloroplastic
GFP-like fluorescent chromoprotein dsFP483
GFP-like fluorescent chromoprotein FP538
GFP-like fluorescent chromoprotein amFP486
GFP-like fluorescent chromoprotein FP506
GFP-like fluorescent chromoprotein cFP484
Green fluorescent protein
Sensory rhodopsin II transducer
Sensory rhodopsin I transducer
Insecticyanin-A
Ig alpha-1 chain C region
Chlorophyll a-b binding protein L1818, chloroplastic
Light-harvesting protein B800/850/890 alpha-1 chain
Light-harvesting protein B-870 alpha chain
Light-harvesting polypeptide B-885 alpha-1 chain
Light-harvesting protein B-800/850 alpha chain
Light-harvesting protein B-800-850 alpha chain C
Light-harvesting protein B-800-850 alpha chain D
Light-harvesting protein B-1015 alpha chain
Light-harvesting protein B800/830/1020 beta-1 chain
Light-harvesting polypeptide B-885 beta-1 chain
Light-harvesting protein B-800/820 beta-1 chain
Light-harvesting protein B-800/850 beta chain
Light-harvesting protein B-880 beta chain
Light-harvesting protein B-870 beta chain
Light-harvesting protein B800/830/1020 alpha-1 chain
Light-harvesting protein B-875 alpha chain
Light-harvesting protein B-800/820 alpha chain
Light-harvesting protein B800/850/890 alpha-3 chain
Light-harvesting protein B-880 alpha chain
Light-harvesting protein B-808/866 alpha chain
Light-harvesting protein B-875 beta chain
Light-harvesting protein B-800/850 beta 1 chain
Light-harvesting protein B-800-850 beta chain A
Light-harvesting protein B-800/850 beta 2 chain
Light-harvesting polypeptide B-885 beta-2 chain
Light-harvesting protein B-800-850 beta chain D
Light-harvesting protein B800/850/890 alpha-2 chain
Light-harvesting protein B-800-850 alpha chain E
Light-harvesting polypeptide B-800/860 alpha chain
Light-harvesting protein B-800/820 beta-2 chain
Light-harvesting protein B-808/866 beta chain
Blue-light-activated histidine kinase
Blue-light-activated protein
Light-harvesting polypeptide B-885 alpha-2 chain
Light-harvesting protein B800/850/890 beta-1 chain
Light-harvesting protein B-800/820 beta chain
Light-harvesting protein B-800-850 beta chain C
Light-harvesting protein B800/850/890 beta-2 chain
Light-harvesting protein B-800-850 beta chain B
Light-harvesting polypeptide B-800/860 beta chain
Light-harvesting protein B800/830/1020 beta-2 chain
Light-harvesting protein B-1015 beta chain
Blue-light-activated histidine kinase 1
Light-harvesting protein B-800-850 alpha chain A
Light-harvesting protein B800/830/1020 alpha-2 chain
Light-harvesting protein B-800-850 alpha chain B
Blue-light-activated histidine kinase 2
GFP-like non-fluorescent chromoprotein
GFP-like non-fluorescent chromoprotein FP595
Vertebrate ancient opsin
Opsin-VA
Opsin, blue-sensitive
Opsin-3
Peridinin-chlorophyll a-binding protein 1, chloroplastic
Photoactivated adenylate cyclase subunit alpha
Peridinin-chlorophyll a-binding protein, chloroplastic
Photoactivated adenylate cyclase subunit beta
Peridinin-chlorophyll a-binding protein 2, chloroplastic
Peridinin-chlorophyll a-binding protein 3
Phycocyanin-645 beta chain
Allophycocyanin alpha chain
Allophycocyanin alpha subunit
Allophycocyanin beta chain
Allophycocyanin subunit alpha-B
C-phycocyanin-1 alpha chain
C-phycocyanin-2 alpha chain
C-phycocyanin alpha chain
R-phycocyanin-1 subunit alpha
R-phycocyanin alpha chain
C-phycocyanin-1 beta chain
C-phycocyanin beta chain
R-phycocyanin beta chain
C-phycocyanin subunit beta
C-phycoerythrin class 1 subunit alpha
R-phycoerythrin alpha chain
C-phycoerythrin class 1 subunit beta
R-phycoerythrin subunit beta
R-phycoerythrin gamma chain, chloroplastic
R-phycocyanin-2 subunit alpha
Deoxyribodipyrimidine photo-lyase
Phycoerythrin alpha-3 chain, chloroplastic
C-phycoerythrin class 2 subunit alpha
B-phycoerythrin alpha chain
C-phycoerythrin class 2 subunit beta
R-phycoerythrin beta chain
C-phycoerythrin beta chain
Allophycocyanin subunit alpha 1
Allophycocyanin alpha-B chain
C-phycocyanin-2 beta chain
Phycoerythrocyanin beta chain
Phycoerythrin class 2 subunit gamma, linker polypeptide
Blue-light photoreceptor PHR2
Phototropin-1B
Phycoerythrocyanin alpha chain
B-phycoerythrin beta chain
R-phycocyanin-2 beta chain
Deoxyribodipyrimidine photo-lyase, mitochondrial
Phototropin-1A
Phycocyanin-645 alpha-2 chain
Allophycocyanin alpha chain 2
Phycocyanin-645 alpha-1 chain
C-phycocyanin-3 beta chain
C-phycoerythrin alpha chain
Phycoerythrocyanin subunit beta
Putative allophycocyanin subunit alpha 2
Allophycocyanin subunit beta
C-phycocyanin-3 alpha chain
Phycoerythrin alpha-1 chain
(6-4) photolyase
Polyketide synthase 4
Allophycocyanin alpha chain 1
Allophycocyanin beta subunit
Phycobiliprotein beta chain
C-phycocyanin subunit alpha
R-phycocyanin-1 beta chain
Phycoerythrin alpha-2 chain, chloroplastic
R-phycoerythrin gamma-1 chain, chloroplastic
Photosystem I P700 chlorophyll a apoprotein A1
Photosystem I P700 chlorophyll a apoprotein A2
Photosystem II CP47 reaction center protein
Photosystem II CP43 reaction center protein
Photosystem II D2 protein
Reaction center protein H chain
Reaction center protein L chain
Reaction center protein M chain
Red fluorescent protein drFP583
Red fluorescent protein eqFP611
Protein TWIN LOV 1
