UDP-glucose 4-epimerase
UTP--glucose-1-phosphate uridylyltransferase
Glycogen synthase
UDP-galactopyranose mutase
GDP-mannose 4,6-dehydratase
Protein HtrL
2-dehydro-3-deoxyphosphooctonate aldolase
3-deoxy-manno-octulosonate cytidylyltransferase
Lipid A biosynthesis lauroyltransferase
Acyl---UDP-N-acetylglucosamine O-acyltransferase
O-antigen biosynthesis protein RfbC
CDP-paratose 2-epimerase
dTDP-glucose 4,6-dehydratase
dTDP-4-dehydrorhamnose 3,5-epimerase
dTDP-4-dehydrorhamnose reductase
Succinyl-CoA:3-ketoacid coenzyme A transferase subunit B
Succinyl-CoA:3-ketoacid coenzyme A transferase subunit A
UDP-glucose 6-dehydrogenase
Putative UDP-glucose 6-dehydrogenase
dTDP-4-amino-4,6-dideoxy-D-glucose transaminase
Putative UDP-N-acetylglucosamine 2-epimerase
