Erythroid protein 4.1
Actin-like protein 7A
Adenylate cyclase type 4
Ubiquitin-like protein ATG12
Barttin
Calcium-binding protein 1
Beige protein homolog 1
Coiled-coil domain-containing protein 113
Chromatin assembly factor 1 subunit A
CRISPR system Cascade subunit CasC
Cytochrome c-type biogenesis CcmH-like mitochondrial protein
CRISPR system Cascade subunit CasD
CRISPR system Cascade subunit CasE
Centrosomal protein of 97 kDa
60 kDa heat shock protein, mitochondrial
Coronin-like protein crn1
CRISPR system Cascade subunit CasB
Dixin
Dihydropyrimidinase-related protein 5
DNA polymerase subunit gamma-1
Diphthine methyltransferase
Protein efr3
Proteasome component ecm29
Erlin-2
Nuclease EXOG, mitochondrial
Hsc70-interacting protein 2
Erlin-1
ESAT-6-like protein EsxR
Multiple exostoses homolog 1
Flap endonuclease 1
Exostosin-2
Protein FAM186B
Mitochondria fission 1 protein
Hsc70-interacting protein 1
Glycerophosphodiester phosphodiesterase gde1
Glucose-insensitive transcription protein 7
GPN-loop GTPase 3
Heterogeneous nuclear ribonucleoprotein C
Hexokinase-3
Interleukin-1 receptor accessory protein
Kinesin light chain 2
Kinesin-like protein KIF24
Lipoprotein-releasing system transmembrane protein LolE
Meiotic fizzy-related protein 2
Melanoregulin
Myosin regulatory light chain 12B
Meiotically up-regulated gene 93 protein
N-acetyltransferase 9
Oncomodulin
Probable propionyl-CoA carboxylase beta chain 5
Pleckstrin homology domain-containing family A member 2
Podocin
Peroxisomal membrane protein 2
Regulator of G-protein signaling 4
Ring assembly protein 3
Putative ribosomal RNA-processing protein 12
RNA polymerase II assembly factor rtp1
Syndecan-3
NASP-related protein sim3
Protein SET
Endophilin-B1
SPATS2-like protein
WD repeat-containing protein srw1
Stress-induced-phosphoprotein 1
Transducin-like enhancer protein 6
UBA domain-containing protein 7
WD repeat-containing protein 6
TPR repeat-containing protein C19B12.01
Ankyrin repeat-containing protein P1E11.10
Putative cargo-transport protein ypp1
