C-type lectin domain family 18 member C
C-type lectin domain family 4 member G
C-type lectin domain family 18 member A
Arabinogalactan endo-beta-1,4-galactanase
Major extracellular endoglucanase
Endoglucanase E-2
Endoglucanase CelA
Endoglucanase D
Endoglucanase E-5
Endoglucanase A
Exoglucanase B
Exoglucanase A
Endoglucanase E1
Endoglucanase 1
Putative beta-hexosaminidase
Beta-hexosaminidase B
PLASMODESMATA CALLOSE-BINDING PROTEIN 5
PLASMODESMATA CALLOSE-BINDING PROTEIN 4
PLASMODESMATA CALLOSE-BINDING PROTEIN 3
PLASMODESMATA CALLOSE-BINDING PROTEIN 1
Alpha-L-arabinofuranosidase C
