Annexin A6
Coronin-1B
Calponin-2
Disheveled-associated activator of morphogenesis 1
Dystonin
FH1/FH2 domain-containing protein 1
Fascin
Filamin-B
GAS2-like protein 2
Kelch-like protein 2
Myosin regulatory light chain 12B
Myosin regulatory light chain 2, smooth muscle major isoform
Melanophilin
Myosin regulatory light chain 12A
Myosin regulatory light chain RLC-A
Myosin phosphatase Rho-interacting protein
Myosin-9
Myosin regulatory light polypeptide 9
Phosphoglucomutase-like protein 5
Plastin-2
Septin-11
Septin-7
Septin-9
SH2B adapter protein 2
Septin-12
Protein Shroom4
Synaptopodin
Tropomyosin alpha-3 chain
Tropomyosin alpha-4 chain
