Protein AATF
Homeobox protein abdominal-A homolog
AF4/FMR2 family member 1
SRY-related protein AMA3
SRY-related protein AMA2
Homeotic protein antennapedia
Ankyrin repeat domain-containing protein 30A
Cyclic AMP-dependent transcription factor ATF-4
Beta-amylase 8
Bacteriocin UviA
Broad-complex core protein isoforms 1/2/3/4/5
Beta-amylase 7
Regulatory protein brlA
TATA-binding protein-associated factor 172
Zinc finger CCCH domain-containing protein 39
Zinc finger CCCH domain-containing protein 20
Zinc finger CCCH domain-containing protein 66
Broad-complex core protein isoform 6
Protein BUD31 homolog
RNA polymerase sigma factor CarQ
Zinc finger CCCH domain-containing protein 28
Zinc finger CCCH domain-containing protein 29
Zinc finger CCCH domain-containing protein 47
Zinc finger CCCH domain-containing protein 23
Zinc finger CCCH domain-containing protein 52
Zinc finger CCCH domain-containing protein 56
Zinc finger CCCH domain-containing protein 12
Zinc finger CCCH domain-containing protein 30
Zinc finger CCCH domain-containing protein 36
Zinc finger CCCH domain-containing protein 49
Zinc finger CCCH domain-containing protein 61
Curved DNA-binding protein
SRY-related protein CH4
SRY-related protein CH32
Homeobox protein CDX-1
SRY-related protein CH1
SRY-related protein CH3
SRY-related protein CH2
SRY-related protein CH7
Cbp/p300-interacting transactivator 2
Probable cytosolic iron-sulfur protein assembly protein CIAO1
RNA polymerase sigma factor CnrH
Type III pantothenate kinase
Deoxyribonucleoside regulator
Doublesex- and mab-3-related transcription factor A2
Homeobox protein DLX-6
DNA polymerase IV
ERBB-3 BINDING PROTEIN 1
ECF RNA polymerase sigma factor EcfG
Protein ELYS
Homeobox even-skipped homolog protein 1
Protein FD
Transforming protein v-Fos/v-Fox
Probable RNA polymerase sigma factor FecI
p55-v-Fos-transforming protein
Forkhead box protein A2
Ferric uptake regulation protein homolog
SWIRM domain-containing protein FUN19
Growth arrest-specific protein 7
Zinc finger protein GLI4
Glutamate-ammonia-ligase adenylyltransferase
Probable helicase with zinc finger domain
Homeobox protein goosecoid-2
Homeobox protein CHOX-CAD2
Probable transcription factor HMS2
RNA polymerase principal sigma factor HrdC
Homeobox protein ceh-8
Homeobox protein ceh-10
Homeobox protein ceh-33
Homeobox protein ceh-43
High mobility group B protein 14
High mobility group B protein 3
Homeobox protein ceh-18
High mobility group B protein 13
Homeobox protein ceh-12
High mobility group B protein 4
High mobility group B protein 6
Bifunctional protein HldE
Homeobox protein ceh-13
Homeobox protein CHOX-CAD
High mobility group B protein 2
High mobility group B protein 5
RNA polymerase principal sigma factor HrdD
RNA polymerase sigma factor HrpL
Homeobox protein ceh-32
Homeobox protein ceh-40
High mobility group B protein 7
Homeotic protein proboscipedia
RNA polymerase principal sigma factor HrdA
Zinc finger protein JAGGED
Probable inactive lysine-specific demethylase JMJ19
Putative lysine-specific demethylase JMJD5
Karyogamy protein KAR4
Homeobox protein knotted-1-like 3
Krueppel homolog 1
Homeobox protein knotted-1-like 2
Homeobox protein knotted-1-like 4
Homeobox protein knotted-1-like 5
Homeobox protein knotted-1-like 6
RNA polymerase sigma factor for flagellar operon
Homeobox protein lin-39
Leucine-zipper-like transcriptional regulator 1
Homeobox protein mab-5
Protein L-Myc-1-A
Protein L-Myc-1a
MDS1 and EVI1 complex locus protein MDS1
Protein L-Myc-1-B
Protein male abnormal 3
Protein L-Myc-1b
Protein MGA1
MKL/myocardin-like protein 2
Molybdenum transport protein ModE
Molybdenum-pterin-binding protein MopA
Myelin regulatory factor-like protein
Molybdenum-pterin-binding protein MopB
N-myc protein
Viral myc transforming protein
N-myc 2 proto-oncogene protein
N-myc proto-oncogene protein
Putative myc-like protein MYCLP1
Protein B-Myc
Protein L-Myc
Protein S-Myc
Transcription factor MYB39
RNA polymerase sigma factor NccH
p135Gag-Myb-Ets-transforming protein
Transcriptional regulator NRG1
Homeobox protein Nkx-2.5
Transcription termination/antitermination protein NusA
Octopamine receptor beta-2R
Probable UPF0122 protein
Homeobox protein OTX1
Homeobox protein OTX2-A
Zinc finger protein OZF
Protein OVEREXPRESSOR OF CATIONIC PEROXIDASE 3
Homeobox protein OTX1 A
Homeobox protein OTX1 B
Homeobox protein OTX2-B
Positive control factor
Pancreas/duodenum homeobox protein 1
PiggyBac transposable element-derived protein 1
Pituitary homeobox 2
Pituitary homeobox x
Prefoldin subunit 1
Bifunctional phosphonoacetaldehyde hydrolase/aminoethylphosphonate transaminase
Proliferation-associated protein A
POU domain, class 3, transcription factor 2
POU domain protein 1
Paired mesoderm homeobox protein 2
Transforming protein Qin
RNA-directed DNA methylation 4
Protein Rev
RNA exonuclease 4
Calcipressin-1
Proto-oncogene c-Rel
Transforming protein rel polyprotein
Probable RNA polymerase sigma factor RfaY
RFX-like DNA-binding protein RFX1
Riboflavin kinase
DNA-binding protein RFX7
Rab11 family-interacting protein 4A
Regulatory factor X-associated protein
RNA polymerase sigma-54 factor
RNA polymerase sigma-28 factor
RNA polymerase sigma GP34 factor
RNA polymerase sigma-35 factor
Right origin-binding protein
ECF RNA polymerase sigma-E factor
RNA polymerase sigma-F factor
RNA polymerase sigma-D factor
Putative RNA polymerase sigma-G factor
RNA polymerase sigma-54 factor 2
ECF RNA polymerase sigma factor SigD
RNA polymerase sigma-E factor
RNA polymerase sigma-G factor
RNA polymerase sigma-54 factor 1
RNA polymerase sigma-B factor
ECF RNA polymerase sigma factor SigC
RNA polymerase sigma-H factor
RNA polymerase sigma-C factor
Putative RNA polymerase sigma-54 factor
RNA polymerase sigma factor RpoD
ECF RNA polymerase sigma factor RpoE
RNA polymerase sigma factor SigB
Probable RNA polymerase sigma-C factor
RNA polymerase sigma factor WhiG
RNA polymerase sigma-K factor
SCAN domain-containing protein 1
Homeotic protein Sex combs reduced
RNA polymerase sigma factor sigC
RNA polymerase sigma factor sigE, chloroplastic/mitochondrial
RNA polymerase sigma factor SigF
Probable ECF RNA polymerase sigma factor SigI
ECF RNA polymerase sigma factor SigK
RNA polymerase sigma factor SigS
RNA polymerase sigma factor SigZ
Putative SCAN domain-containing protein SCAND2P
SCAN domain-containing protein 3
RNA polymerase sigma factor sigD, chloroplastic
ECF RNA polymerase sigma factor SigE
ECF RNA polymerase sigma factor SigG
ECF RNA polymerase sigma factor SigH
ECF RNA polymerase sigma factor SigJ
ECF RNA polymerase sigma factor SigR
RNA polymerase sigma factor SigA3
RNA polymerase sigma factor sigB
ECF RNA polymerase sigma factor SigW
RNA polymerase sigma factor SigM
RNA polymerase sigma factor SigY
RNA polymerase sigma factor SigA2
RNA polymerase sigma factor SigK
RNA polymerase sigma factor SigA
RNA polymerase sigma factor SigI
RNA polymerase sigma factor SigO
RNA polymerase sigma factor SigV
ECF RNA polymerase sigma factor SigL
ECF RNA polymerase sigma factor SigM
RNA polymerase sigma factor SigX
RNA polymerase sigma factor SigA4
RNA polymerase sigma factor sigA
RNA polymerase sigma factor sigF, chloroplastic
Nucleoid occlusion factor SlmA
Homeobox protein SMOX-1
Striatin-3
Protein SOX-15
Protein SUPPRESSOR OF FRI 4
Serrate RNA effector molecule
Transcriptional regulator STP3
Homeobox protein SHOOT MERISTEMLESS
TSC22 domain family protein 3
Transmembrane protein 229A
TATA-box-binding protein 3
TATA-box-binding protein D
Protein tesmin/TSO1-like CXC 7
TATA-box-binding protein 2
TATA-box-binding protein F
TSC22 domain family protein 2
TATA-box-binding protein
TATA-box-binding protein 1
TATA-box-binding protein E
TATA box-binding protein-like protein 2
Protein tesmin/TSO1-like CXC 5
Protein tesmin/TSO1-like CXC 8
TATA-box-binding protein B
TATA-box-binding protein C
DNA-binding protein Tfx
Tubby-like F-box protein 10
Protein tesmin/TSO1-like CXC 4
TGACG-sequence-specific DNA-binding protein TGA-1B
Tubby-like F-box protein 11
Zinc finger protein 36, C3H1 type-like 2
Tubby-like F-box protein 6
Tubby-like F-box protein 1
Tubby-like F-box protein 5
Tubby-like F-box protein 9
Tubby-like F-box protein 2
Ubinuclein-2
CRC domain-containing protein TSO1
Tubby-related protein 4
VIRF-1
UPF0122 protein SA1079
UPF0122 protein LAR_1089
UPF0122 protein SGO_1122
UPF0122 protein SAS1170
UPF0122 protein SEQ_1180
UPF0122 protein SPN23F11830
UPF0122 protein SAR1212
UPF0122 protein CLL_A1244
UPF0122 protein CTC_01247
UPF0122 protein SaurJH1_1320
Probable serine/threonine-protein kinase WNK10
UPF0122 protein Sez_1013
UPF0122 protein MW1119
UPF0122 protein spr1167
UPF0122 protein SPy_1201/M5005_Spy0916
UPF0122 protein SAV1236
UPF0251 protein PYRAB12660
UPF0251 protein CT1277
UPF0251 protein ASA_1331
Putative HTH-type transcriptional regulator NMB1378
UPF0122 protein CKL_1400
UPF0122 protein SPH_1429
UPF0251 protein MM_1448
Probable RNA polymerase sigma factor HI_1459
UPF0122 protein TTE1463
UPF0251 protein Cphamn1_1487
UPF0122 protein UUR10_0158
UPF0122 protein SAB1100
UPF0122 protein Lreu_1156
UPF0122 protein LAF_1235
UPF0122 protein CKR_1296
Putative transcriptional regulatory protein PYRAB13000
UPF0122 protein LACR_1522
UPF0122 protein LSEI_1603
UPF0122 protein LCABL_18170
UPF0122 protein CLK_1827
UPF0251 protein TTE1845
UPF0122 protein Exig_1902
UPF0122 protein lin1916
UPF0122 protein MGAS10750_Spy1065
UPF0122 protein GWCH70_1086
UPF0122 protein SPG_1182
UPF0122 protein SP_1288
UPF0251 protein DehaBAV1_0135
UPF0122 protein FN1394
UPF0122 protein UU142
UPF0251 protein CLJ_B1488
Putative transcriptional regulatory protein MJ0173
UPF0251 protein Hore_18270
UPF0251 protein Athe_2281
UPF0251 protein Daud_0090
UPF0122 protein gbs1018
UPF0122 protein MGAS10270_Spy1030
UPF0122 protein llmg_1069
UPF0122 protein SAUSA300_1129
UPF0122 protein SAOUHSC_01206
UPF0251 protein MJ1243
UPF0251 protein CLB_1397
UPF0251 protein Amet_1463
UPF0122 protein UPA3_0148
UPF0122 protein CPF_1968
UPF0251 protein Dhaf_1981
UPF0122 protein CLB_2314
UPF0122 protein Bcer98_2498
UPF0122 protein CLJ_B2675
UPF0251 protein Sfum_2819
UPF0251 protein MA_1017
UPF0122 protein spyM18_1152
UPF0122 protein GK1195
UPF0122 protein SPCG_1251
UPF0122 protein SACOL1252
UPF0251 protein CBO1373/CLC_1408
UPF0122 protein STH1464
UPF0251 protein NT01CX_1491
UPF0122 protein RBAM_015800
UPF0122 protein CPR_1686
UPF0122 protein LMOf2365_1829
Putative transcriptional regulatory protein MMP0086
UPF0122 protein MGAS9429_Spy1018
UPF0122 protein SMU_1061
Putative transcriptional regulatory protein Mevan_1098
UPF0122 protein SPD_1143
UPF0251 protein Teth514_1147
UPF0122 protein Cbei_1174
UPF0251 protein MTH_1178
UPF0122 protein CLH_1195
UPF0122 protein BCG9842_B1298
UPF0122 protein SP70585_1353
UPF0251 protein CLI_1469
UPF0122 protein BPUM_1495
UPF0251 protein CLM_1546
UPF0251 protein MA_0157
UPF0122 protein SH1678
UPF0122 protein Teth514_1714
UPF0122 protein Aflv_1766
UPF0122 protein Lm4b_01818
UPF0251 protein MM_2090
Putative transcriptional regulatory protein TK2151
UPF0251 protein DET0218
UPF0122 protein ABC2295
UPF0251 protein Cbei_2962
UPF0122 protein BCE33L3605
UPF0251 protein Ssed_3913
UPF0122 protein NWMN_1146
UPF0122 protein SPJ_1203
UPF0122 protein SAHV_1226
UPF0122 protein Teth39_1278
UPF0122 protein SaurJH9_1295
UPF0122 protein SPP_1327
UPF0122 protein EUBREC_1504
UPF0122 protein EF_1701
UPF0122 protein CA_C1753
UPF0122 protein Dred_2057
UPF0122 protein CLI_2506
UPF0122 protein BcerKBAB4_3669
UPF0122 protein BCAH187_A3894
UPF0251 protein VPA0321
UPF0251 protein Teth39_0655
UPF0122 protein OB1530
UPF0122 protein SSP1533
Putative HTH-type transcriptional regulator NMA1593
UPF0122 protein lp_1634
UPF0251 protein Dole_1957
UPF0122 protein CLM_2743
UPF0122 protein BT9727_3587
UPF0122 protein BCQ_3631
UPF0122 protein BC_3844
UPF0122 protein BCE_3888
UPF0122 protein BCB4264_A3945
UPF0122 protein BA_3984/GBAA_3984/BAS3697
UPF0251 protein PF0620
Putative transcriptional regulatory protein PH0763
UPF0122 protein stu0888
UPF0122 protein CPE1714
UPF0122 protein lmo1802
UPF0122 protein lwe1821
Putative transcriptional regulatory protein rrnAC0199
UPF0251 protein Csac_0224
UPF0122 protein BH2485
UPF0122 protein EAT1b_2891
UPF0251 protein DSY3441
UPF0122 protein BALH_3477
Putative HTH-type transcriptional regulator HI_0379
UPF0251 protein Ctha_0452
UPF0122 protein BAMEG_0647
UPF0122 protein LCA_0713
UPF0122 protein PEPE_0845
UPF0122 protein SE_0911
UPF0251 protein cbdbA217
UPF0122 protein CLD_2190
UPF0122 protein NT01CX_2214
UPF0122 protein BLi01817/BL02321
UPF0251 protein Nther_2417
UPF0122 protein CBO2450/CLC_2298
UPF0251 protein CLD_3165
UPF0122 protein BCAH820_3860
UPF0122 protein BCA_3946
UPF0122 protein MYPE4850
UPF0122 protein SSU05_0875
UPF0122 protein MGAS2096_Spy0975
Axial regulator YABBY 1
UPF0122 protein MCAP_0480
Axial regulator YABBY 5
UPF0251 protein Sbal_3699
Putative transcriptional regulatory protein PF0535
UPF0251 protein AF_0666
UPF0251 protein CLK_0815
UPF0122 protein SPT_0939
Axial regulator YABBY 3
UPF0122 protein BAA_4008
UPF0122 protein MPN_424
UPF0251 protein TK0562
UPF0251 protein PTH_0588
UPF0122 protein LSL_0628
UPF0122 protein SERP0802
UPF0251 protein PH0803
UPF0122 protein SpyM3_0842
UPF0122 protein str0888
UPF0122 protein STER_0914
UPF0122 protein Cthe_0771
UPF0122 protein SPs1042
UPF0122 protein Sca_0859
UPF0122 protein SSU98_0878
UPF0122 protein M28_Spy0888
UPF0122 protein Spy49_0946c
UPF0122 protein SpyM50882
UPF0122 protein M6_Spy0905
UPF0122 protein SAG0983
UPF0122 protein LVIS_0949
UPF0251 protein CT0950
Putative axial regulator YABBY 2
Axial regulator YABBY 4
Protein YABBY 7
RNA polymerase sigma factor YlaC
UPF0122 protein YofM
Putative HTH-type transcriptional regulator ORF2
Yemanuclein-alpha
Zinc finger protein 26
Zinc finger protein 691
Putative uncharacterized zinc finger protein 814
UPF0122 protein YlxM
SWIRM domain-containing protein YOR338W
Zinc finger protein 14
Zinc finger protein ZIC 5
Zinc finger protein 880
Zinc finger protein 354C
Zinc finger protein 587B
Zinc finger protein 13
Zinc finger protein 2
Zinc finger protein 59
Zinc finger protein 60
Zinc finger protein 11
Zinc finger protein 551
