Protein AF1q
DNA-(apurinic or apyrimidinic site) lyase, chloroplastic
Zinc finger CCCH domain-containing protein 14
Chlorophyllide a oxygenase, chloroplastic
Cytokine receptor-like factor 3
Fibroblast growth factor receptor 1
Protein GlcT
Major viral transcription factor ICP4 homolog
Hyaluronan synthase 3
Anti-adapter protein IraM
Interleukin-5
Anti-adapter protein IraD
Anti-adapter protein IraP
Protein lingerer
Microtubule-associated protein RP/EB family member 3
N-acetyltransferase 14
NIF3-like protein 1
Protein NirI
Regulatory factor X-associated protein
Regulator of sigma-E protease RseP
Sugar fermentation stimulation protein A
SWI/SNF-related matrix-associated actin-dependent regulator of chromatin subfamily A member 5
Toxin coregulated pilus biosynthesis protein P
Putative ATP-dependent RNA helicase CG14443
