5-epi-aristolochene synthase 2
5-epiaristolochene synthase
5-epi-aristolochene synthase
5-epi-aristolochene synthase 3
5-epi-aristolochene synthase 1
Probable 5-epi-aristolochene synthase 4
Alpha-farnesene synthase
(-)-alpha-terpineol synthase
Alpha-terpineol synthase, chloroplastic
Bicyclogermacrene synthase
Alpha-zingiberene synthase
Beta-cubebene synthase
Cytochrome P450 82G1
1,8-cineole synthase 2, chloroplastic
Copal-8-ol diphosphate hydratase, chloroplastic
1,8-cineole synthase 1, chloroplastic
(+)-delta-cadinene synthase isozyme XC14
(+)-delta-cadinene synthase isozyme A
(+)-delta-cadinene synthase isozyme XC1
Delta-guaiene synthase 2
(+)-delta-cadinene synthase isozyme C2
Delta-guaiene synthase 1
Delta-guaiene synthase 3
1-deoxy-D-xylulose 5-phosphate reductoisomerase 2
1-deoxy-D-xylulose 5-phosphate reductoisomerase 1
Epi-cedrol synthase
(E)-beta-farnesene synthase
(-)-endo-fenchol synthase, chloroplastic
Germacrene A synthase long form
Germacrene A synthase short form
(Z)-gamma-bisabolene synthase 1
Gamma-cadinene synthase
Geranylgeranyl pyrophosphate synthase
(+)-gamma-cadinene synthase
Geraniol synthase, chloroplastic
Germacrene-D synthase
Gamma-terpinene synthase, chloroplastic
Putative 2-C-methyl-D-erythritol 4-phosphate cytidylyltransferase 2
Bifunctional enzyme IspD/IspF
2-C-methyl-D-erythritol 4-phosphate cytidylyltransferase
4-diphosphocytidyl-2-C-methyl-D-erythritol kinase
2-C-methyl-D-erythritol 2,4-cyclodiphosphate synthase
4-hydroxy-3-methylbut-2-en-1-yl diphosphate synthase
2-C-methyl-D-erythritol 4-phosphate cytidylyltransferase 1
4-hydroxy-3-methylbut-2-enyl diphosphate reductase 2
4-hydroxy-3-methylbut-2-enyl diphosphate reductase
2-C-methyl-D-erythritol 4-phosphate cytidylyltransferase 2
4-diphosphocytidyl-2-C-methyl-D-erythritol kinase, chloroplastic/chromoplastic
2-C-methyl-D-erythritol 2,4-cyclodiphosphate synthase, chloroplastic
4-hydroxy-3-methylbut-2-enyl diphosphate reductase 1
4-diphosphocytidyl-2-C-methyl-D-erythritol kinase, chloroplastic
R-linalool synthase QH1, chloroplastic
S-(+)-linalool synthase, chloroplastic
R-linalool synthase QH5, chloroplastic
R-linalool synthase, chloroplastic
(E)-2-epi-beta-caryophyllene synthase
(3S,6E)-nerolidol synthase
Microbial Terpene synthase-like protein 1
(+)-germacrene D synthase
Beta-myrcene synthase, chloroplastic
(3S,6E)-nerolidol synthase 1
(3S,6E)-nerolidol synthase 2, chloroplastic/mitochondrial
Beta-myrcene/(E)-beta-ocimene synthase 2, chloroplastic
(3S,6E)-nerolidol synthase 1, chloroplastic
(E)-beta-ocimene synthase, chloroplastic
(-)-alpha-pinene synthase
Delta(6)-protoilludene synthase
(-)-beta-pinene synthase, chloroplastic
Selinene synthase
Sesquiterpene synthase 2
Sesquiterpene synthase 1
Putative ribitol-5-phosphate cytidylyltransferase
Terpenoid synthase 15
Bifunctional sesquiterpene synthase 1
Zingiberene synthase
Terpenoid synthase 22
(13E)-labda-7,13-dien-15-ol synthase
Copalyl diphosphate synthase 1
Germacrene C synthase
Patchoulol synthase
Germacrene D synthase 2
Terpenoid synthase 6
Alpha-isocomene synthase
Terpenoid synthase 30
Tricyclene synthase 1e20, chloroplastic
7-epi-sesquithujene synthase
Inactive sesquithujene synthase
Cis-muuroladiene synthase
Terpenoid synthase 29
Beta-sesquiphellandrene synthase
Germacrene-A synthase
Inactive sesquithujene synthase B
Beta-eudesmol synthase
(-)-germacrene D synthase
Terpenoid synthase 1
Putative terpenoid synthase 7
(S)-beta-macrocarpene synthase
Terpenoid synthase 20
Terpenoid synthase 26
Tricyclene synthase EBOS, chloroplastic
Viridiflorene synthase
Inactive 7-epi-sesquithujene synthase
Sesquithujene synthase A
Terpenoid synthase 9
Tricyclene synthase Oc15, chloroplastic
Germacrene D synthase 1
Terpenoid synthase 18
Tricyclene synthase 0e23, chloroplastic
(-)-camphene/tricyclene synthase, chloroplastic
Tricyclene synthase TPS4, chloroplastic
Beta-caryophyllene synthase
Trans-alpha-bergamotene synthase
(E,E)-germacrene B synthase
Valencene synthase
Germacrene A synthase
Copalyl diphosphate synthase 2
Putative terpenoid synthase 16
Terpenoid synthase 19
Terpenoid synthase 28
Beta-farnesene synthase
Gamma-curcumene synthase
Terpinolene synthase, chloroplastic
Putative terpenoid synthase 5
Terpenoid synthase 8
Terpenoid synthase 17
(-)-beta-caryophyllene synthase
Terpenoid synthase 25
