Amelogenin
Amelogenin, Y isoform
Amelogenin-like protein
Amelotin
Amelogenin, X isoform
Alpha-L-arabinofuranosidase 2
Arylsulfatase
Asporin
ADAMTS-like protein 4
A disintegrin and metalloproteinase with thrombospondin motifs 5
Basic blue protein
Transforming growth factor-beta-induced protein ig-h3
Fibril-forming collagen alpha chain
Procardosin-B
Cardosin-H
Bone morphogenetic protein 4
Probable beta-D-xylosidase 5
Coiled-coil domain-containing protein 80
Procardosin-A
Cardosin-E
Cardosin-G
Collagen EMF1-alpha
Cardosin-F
Short-chain collagen C4
Endosialin
Galectin-3
Chondroadherin
Galectin-2
Galectin-1
Chondroadherin-like protein
Cartilage intermediate layer protein 1
Collagen alpha-1(I) chain
Cartilage intermediate layer protein 2
Collagen alpha-6(VI) chain
Collagen alpha-1(IX) chain
Collagen alpha-1(X) chain
Collagen alpha-2(I) chain
Collagen alpha-1(II) chain
Collagen alpha-2(IX) chain
Collagen alpha-3(IX) chain
Collagen alpha-1(III) chain
Collagen alpha-1(V) chain
Collagen alpha-1(VI) chain
Collagen alpha-1(XI) chain
Collagen alpha-1(XII) chain
Collagen alpha-1(XXI) chain
Collagen alpha-5(VI) chain
Inner ear-specific collagen
Collagen alpha-1(XIV) chain
Cartilage oligomeric matrix protein
Collagen alpha-2(VI) chain
Collagen alpha-4(VI) chain
Collagen alpha-2(XI) chain
Cartilage acidic protein 1
Collagen alpha-1(XVI) chain
Collagen alpha-1(XXVI) chain
Collagen alpha-1(XXII) chain
Collagen alpha-1(XXIV) chain
Versican core protein
Collagen triple helix repeat-containing protein 1
Cartilage-associated protein
Dromaiocalcin-1
Protein DGCR6
Dromaiocalcin-2
Dermatopontin
Very-long-chain 3-oxoacyl-CoA reductase
Mesocentin
Dentin matrix acidic phosphoprotein 1
Dentin sialophosphoprotein
Extracellular matrix protein 2
Epidermal growth factor-like protein 6
Elastin
EMILIN-2
Enamelin
Epiphycan
EMI domain-containing protein 1
EMILIN-1
EMILIN-3
Exogastrula-inducing polypeptide
GDSL esterase/lipase EXL4
GDSL esterase/lipase EXL6
Fibulin-2
EGF-containing fibulin-like extracellular matrix protein 2
Fibulin-5
Fibulin-7
Fibrillin-1
Fibulin-1
Fibromodulin
Glucose-fructose oxidoreductase domain-containing protein 2
Gliomedin
Glypican-1
Glypican-2
Glypican-6
Glypican-3
Glypican-4
Glypican-5
Glycine-rich protein 3 short isoform
Hyaluronan and proteoglycan link protein 1
Inactive heparanase-2
Hyalin
Interleukin-1 receptor-like 1
Keratocan
Leukocyte cell-derived chemotaxin 1
Protein lethal(2) giant larvae
Laminin subunit B
Abnormal cell lineage protein 44
N16.5 matrix protein
Lysyl oxidase homolog 1
N16.2 matrix protein
N16.1 matrix protein
Matrilin-3
MAM domain-containing protein 2
Nacrein
Nacrein-like protein P2
N16.3 matrix protein
Conchiolin protein p20
Cartilage matrix protein
N14 matrix protein
Nacrein-like protein C1
N66 matrix protein
Nacrein-like protein M
Nacrein-like protein C2
Nacrein-like protein F
Perlin matrix protein
Nacrein-like protein P1
Mimecan
Protein MATERNALLY EXPRESSED GENE 1
Microfibril-associated glycoprotein 4
Microfibrillar-associated protein 5
Microfibrillar-associated protein 1
Interstitial collagenase
Mucin-2
Neural cell adhesion molecule L1-like protein
Netrin-3
Nephrocan
Netrin-4
Nidogen-2
Nephronectin
Olfactomedin-like protein 2A
Ovocalyxin-32
Opticin
Olfactomedin-like protein 2B
Osteocalcin
Aggrecan core protein
Brevican core protein
Basement membrane-specific heparan sulfate proteoglycan core protein
Decorin
Perphorin-2
Biglycan
Perphorin-1
Protein PIF
Podocan
Phosphatidylinositol-glycan-specific phospholipase D
Prolargin
Podocan-like protein 1
Pelovaterin
Rheacalcin-1
Rheacalcin-2
RELT-like protein 2
Repetin
Struthiocalcin-1
Struthiocalcin-2
Bone sialoprotein 2
Protein SERAC1
Sclerostin
Spondin-1
Spondin-2
Tenascin
Tenascin-N
Trefoil factor 3
Beta-tectorin
Tenascin-R
Thrombospondin type-1 domain-containing protein 4
Metalloproteinase inhibitor 3
Thrombospondin-2
Unique cartilage matrix-associated protein
Vitrin
von Willebrand factor
Protein Wnt-10a
Protein Wnt-2
Protein Wnt-3a
Protein Wnt-4
Protein Wnt-5(II)
Protein Wnt-5a
Protein Wnt-7a
Protein Wnt-8
Protein Wnt-9
Protein Wnt-9a
Protein Wnt-11b-1
Protein Wnt-6
Protein Wnt-7b
Protein Wnt-7c
Protein Wnt-2b-B
Protein Wnt-16
Protein Wnt-3b
Protein Wnt-5b
Protein Wnt-7(II)
von Willebrand factor A domain-containing protein 1
Protein Wnt-10b
Protein Wnt-2b-A
Protein Wnt-1
Protein Wnt-3
Protein Wnt-5(I)
Protein Wnt-8b
Protein Wnt-10
Protein Wnt-2b
Protein Wnt-4a
Protein Wnt-7(I)
Protein Wnt-8a
Protein Wnt-5(III)
