Cytoplasmic dynein 2 light intermediate chain 1
Dynactin subunit 2
Dynein intermediate chain 1, axonemal
Dynein light chain 4, axonemal
Dynein heavy chain-like protein PF11_0240
Dynein 18 kDa light chain, flagellar outer arm
Cytoplasmic dynein intermediate light chain DYN3
Dynein intermediate chain 3, ciliary
Dynein light chain LC6, flagellar outer arm
Dynein 11 kDa light chain, flagellar outer arm
Dynein, 78 kDa intermediate chain, flagellar outer arm
Dynein heavy chain
Probable dynein light chain 2, cytoplasmic
Dynein intermediate chain 2, ciliary
Dynein 8 kDa light chain, flagellar outer arm
Cytoplasmic dynein 1 intermediate chain
Dynein light chain 1, cytoplasmic
Dynein light chain 2, cytoplasmic
Dynein light chain Tctex-type
Dynactin, 150 kDa isoform
Dynein light chain, cytoplasmic
Flagellar L-ring protein
Flagellar L-ring protein 1
Flagellar L-ring protein 2
33 kDa inner dynein arm light chain, axonemal
Axonemal dynein light intermediate polypeptide 1
Putative inner dynein arm light chain, axonemal
28 kDa inner dynein arm light chain, axonemal
Kinesin-like protein Klp68D
