Probable 4-coumarate--CoA ligase 2
6-phosphogluconate dehydrogenase, decarboxylating 2, chloroplastic
Long-chain-fatty-acid--CoA ligase 5
Asparagine synthetase  1
Calvin cycle protein CP12-2, chloroplastic
Calvin cycle protein CP12-1, chloroplastic
Cold-regulated 413 plasma membrane protein 4
Gibberellin-regulated protein 6
Glutamine--fructose-6-phosphate aminotransferase  1
Ferredoxin-dependent glutamate synthase 1, chloroplastic/mitochondrial
Glycogen  synthase
Heptahelical transmembrane protein 3
Heptahelical transmembrane protein 2
Heptahelical transmembrane protein 1
Heptahelical transmembrane protein 4
Heptahelical transmembrane protein 5
Isovaleryl-CoA dehydrogenase, mitochondrial
SNF1-related protein kinase regulatory subunit beta-2
SNF1-related protein kinase regulatory subunit beta-1
SNF1-related protein kinase regulatory subunit beta-3
Methylcrotonoyl-CoA carboxylase subunit alpha, mitochondrial
2-oxoisovalerate dehydrogenase subunit alpha 1, mitochondrial
Origin of replication complex subunit 4
2-oxoisovalerate dehydrogenase subunit beta 2, mitochondrial
Origin of replication complex subunit 3
Origin of replication complex subunit 1
Pyrophosphate--fructose 6-phosphate 1-phosphotransferase subunit alpha 1
Pumilio homolog 23
Probable UDP-arabinopyranose mutase 2
