Calcium-transporting ATPase 9, plasma membrane-type
Acrosin
Receptor-like protein kinase ANXUR1
Receptor-like protein kinase ANXUR2
Carbohydrate-binding protein AQN-1
Carbohydrate-binding protein AQN-3
Carbohydrate-binding protein AWN
CD9 antigen
Protein EGG APPARATUS-1
Egg-lysin
Epididymal sperm-binding protein 1
Fetuin-B
Receptor-like protein kinase FERONIA
Glucosamine-6-phosphate isomerase 1
Protein HAPLESS 2-B
Protein HAPLESS 2-A
Axonemal dynein light intermediate polypeptide 1
Hyaluronidase PH-20
Inositol 1,4,5-trisphosphate receptor
Protein kinase C-like 3
Epididymal-specific lipocalin-6
Membrane cofactor protein
Lactadherin
Nucleoplasmin-2
Olfactory receptor 10J1
Olfactory receptor 1D2
Partitioning defective protein 6
Protein deglycase DJ-1
Partitioning defective protein 3
DNA replication inhibitor plutonium
Major seminal plasma glycoprotein PSP-I
Major seminal plasma glycoprotein PSP-II
Inactive ribonuclease-like protein 10
SEC23-interacting protein
Seminal plasma protein PDC-109
Seminal plasma protein BSP-30 kDa
Sperm transmembrane protein 9
Spermadhesin-1
Sperm-associated antigen 1
Protein SPACA7
Seminal plasma sperm motility inhibitor
UBX domain-containing protein 8
Uromodulin-like 1
Vitelline coat lysin
Testis-specific XK-related protein, Y-linked
Zona pellucida sperm-binding protein 4
Zona pellucida sperm-binding protein 1
Zona pellucida sperm-binding protein 2
Zona pellucida sperm-binding protein 3
Spermadhesin Z13
