ADP-ribosylation factor GTPase-activating protein AGD3
Auxin response factor 12
Auxin response factor 5
Serine/threonine-protein kinase BRI1-like 2
Cullin-associated NEDD8-dissociated protein 1
Dynamin-related protein 1A
Probable galacturonosyltransferase-like 1
Auxin-responsive protein IAA12
Type IV inositol polyphosphate 5-phosphatase 6
Transcription repressor KAN1
Mitogen-activated protein kinase kinase 2
Microtubule-associated protein 70-5
Microtubule-associated protein 70-1
Mitogen-activated protein kinase 10
Microtubule-associated protein 70-4
Auxin efflux carrier component 1
Peptide POLARIS
24-methylenesterol C-methyltransferase 2
Protein TOPLESS
3-oxo-Delta(4,5)-steroid 5-beta-reductase
