Cytosol aminopeptidase
Putative L-asparaginase
N(4)-(Beta-N-acetylglucosaminyl)-L-asparaginase
N(4)-(beta-N-acetylglucosaminyl)-L-asparaginase
Putative N(4)-(beta-N-acetylglucosaminyl)-L-asparaginase
Cellulose biosynthesis protein BcsE
Capsule biosynthesis protein CapD
Caspase-14
Cilia- and flagella-associated protein 46
Structural protein
Desumoylating isopeptidase 1
Desumoylating isopeptidase 2
Probable di- and tripeptidase DUG2
Fibrinolytic enzyme
Venom prothrombin activator notanarin-D
Protein FrxA
General stress protein 18
Embryonic stem cell-specific 5-hydroxymethylcytosine-binding protein
Cysteine protease IpaJ
Kyphoscoliosis peptidase
L-amino acid amidase
Linocin-M18
Maritimacin
MPN domain-containing protein CG4751
N-acetylated-alpha-linked acidic dipeptidase-like protein
Probable carboxypeptidase PM20D1
Probable carboxypeptidase ARB_01041
Probable carboxypeptidase CPC735_001200
Probable carboxypeptidase PM20D1.2
Probable carboxypeptidase BDCG_03757
Probable carboxypeptidase MGYG_04702
Probable carboxypeptidase PAAG_00768
Probable carboxypeptidase TRV_02791
Probable carboxypeptidase PM20D1.1
Probable carboxypeptidase HCBG_00059
Probable carboxypeptidase MCYG_07204
Probable carboxypeptidase PADG_04062
Probable carboxypeptidase BDBG_01803
Probable carboxypeptidase PABG_01461
Probable carboxypeptidase CPSG_08841
Intracellular protease 1
Xaa-Pro dipeptidase
DeSI-like protein At4g17486
Proteinase L5
Collagenase
Peptidoglycan endopeptidase RipA
Putative Rz endopeptidase from lambdoid prophage Rac
Putative Rz endopeptidase from lambdoid prophage DLP12
DeSI-like protein sdu1
Signal peptidase complex subunit 1
Cysteine-rich venom protein
Mu-like prophage FluMu I protein
Snake venom metalloproteinase catroxase
Putative prohead protease
Putative peptidase YMR114C
Putative SOS response-associated peptidase YobE
Putative SOS response-associated peptidase yoqW
Putative SOS response-associated peptidase YedK
Putative SOS response-associated peptidase YoaM
Putative cysteine protease YraA
Putative SOS response-associated peptidase YoqW
