Putative acyl-activating enzyme 19
Phosphoglycerate mutase-like protein AT74H
DNA base-flipping protein
Branched-chain-amino-acid aminotransferase-like protein 1
Branched-chain-amino-acid aminotransferase-like protein 2
Malonyl- O-methyltransferase
CWF19-like protein 2
CWF19-like protein 1 homolog
CWF19-like protein 2 homolog
CWF19-like protein 1
Photosystem I biogenesis protein BtpA
Putative uncharacterized protein encoded by LINC00614
Dapdiamide synthesis protein DdaD
Spore wall maturation protein DIT1
Dehydrogenase/reductase SDR family member 4
Autonomous glycyl radical cofactor
Histidine triad nucleotide-binding protein 1
Protein hit
Protein HitA
Isochorismatase family protein 1A
Isochorismatase domain-containing protein 1
Isochorismatase domain-containing protein 2
Isochorismatase family protein 2A
Isochorismatase family protein 2B
Isochorismatase family protein 1B
LanC-like protein 3
Methylated protein MJ0556
Cyclic pyranopterin monophosphate synthase accessory protein
NifS-like protein
Probable inactive nicotinamidase At3g16190
Probable phenolic acid decarboxylase
Phosphoglycerate mutase-like protein 4
Lipopolysaccharide biosynthesis protein RfbH
Putative sgc region protein SgcQ
Spore coat polysaccharide biosynthesis protein SpsC
Spore coat polysaccharide biosynthesis protein SpsE
Violacein biosynthesis protein VioB
UPF0271 protein cgR_1095
UPF0271 protein ACICU_01267
UPF0425 pyridoxal phosphate-dependent protein MMP0002
UPF0271 protein azo0043
UPF0271 protein Csal_1029
UPF0271 protein GK1502
UPF0271 protein NWMN_1506
UPF0271 protein SAS1541
UPF0271 protein SAV1605
WD repeat-containing protein on Y chromosome
UPF0271 protein rni3
UPF0271 protein Arth_0093
UPF0271 protein Cgl1004/cg1141
UPF0271 protein TON_1051
UPF0271 protein YPN_1188
UPF0271 protein PF1272
UPF0425 pyridoxal phosphate-dependent protein MJ0158
UPF0271 protein USA300HOU_1605
UPF0271 protein SERP1168
UPF0271 protein SE_1287
UPF0271 protein AB57_1453
UPF0271 protein SAB1476c
UPF0271 protein SACOL1660
UPF0271 protein SAOUHSC_01708
UPF0271 protein JJD26997_1899
UPF0271 protein Sca_2038
UPF0271 protein RSc2169
UPF0271 protein TT_P0137
UPF0271 protein CHY_2450
UPF0271 protein Rmet_0064
UPF0271 protein CE1066
UPF0271 protein A1S_1267
Putative csd-like protein HI_1343
UPF0271 protein Mflv_1451
UPF0271 protein MCCL_1488
UPF0271 protein Cj1541
UPF0271 protein SAUSA300_1562
UPF0271 protein SAHV_1592
UPF0271 protein NTHI2036
UPF0271 protein ESA_02634
UPF0271 protein PPA0282
UPF0271 protein DR_A0284
UPF0271 protein RPE_3039
UPF0271 protein HS_0027
UPF0271 protein RALTA_A0068
UPF0271 protein SSP1157
UPF0271 protein Chy400_1437
UPF0271 protein BAMEG_1513
UPF0271 protein COPRO5265_1531
UPF0271 protein MW1555
UPF0271 protein GOX0211
UPF0271 protein CKR_2481
UPF0271 protein RPA2681
UPF0271 protein BA_3095/GBAA_3095/BAS2880
UPF0271 protein BCAH820_3100
UPF0271 protein BAA_3146
UPF0271 protein BCA_3156
UPF0271 protein Sfum_3392
UPF0271 protein SPO3659
UPF0271 protein KPK_3846
UPF0271 protein Reut_A0089
UPF0271 protein Helmi_10660
UPF0271 protein YpsIP31758_1117
UPF0271 protein Nther_1143
UPF0271 protein PC1_1228
UPF0271 protein Spro_1257
UPF0271 protein Caur_1315
UPF0271 protein GTNG_1353
UPF0271 protein Pfl01_1405
UPF0348 protein EUBREC_1493
UPF0271 protein CJJ81176_1526
UPF0271 protein TTE1608
UPF0271 protein LAF_1612
UPF0271 protein CJE1712
UPF0271 protein BH1821
UPF0271 protein Tola_1858
UPF0271 protein ETA_23140
UPF0271 protein Rpic_2372
UPF0271 protein CKO_02455
UPF0271 protein BBR47_26550
UPF0271 protein YPO2700/y1276/YP_2504
UPF0271 protein Cbei_2759
UPF0271 protein BT9727_2847
UPF0271 protein Bphy_2905
UPF0271 protein Amet_2977
UPF0271 protein Bamb_3084
UPF0271 protein VV2_0273
UPF0271 protein RBAM_004280
UPF0271 protein PA4511
UPF0271 protein YPK_1169
UPF0271 protein H16_A0126
UPF0271 protein SH1314
UPF0271 protein CD630_13840
UPF0271 protein C8J_1440
UPF0271 protein Nwi_1503
UPF0271 protein YPDSF_1571
UPF0271 protein SaurJH9_1662
UPF0425 pyridoxal phosphate-dependent protein MTH_1914
UPF0271 protein HSM_1920
UPF0271 protein Cagg_1958
UPF0271 protein Bmul_3034/BMULJ_00198
UPF0271 protein Nham_2042
UPF0271 protein ABBFA_002265
UPF0271 protein BTH_I0228
UPF0271 protein STH2522
UPF0271 protein YPTB2908
UPF0271 protein Bcenmc03_3058
UPF0271 protein BCAH187_A3118
UPF0271 protein BCE_3119
UPF0271 protein CV_3173
UPF0271 protein Bxeno_A4200
UPF0271 protein FN0439
UPF0271 protein VVA0778
UPF0271 protein MAP_0486c
UPF0271 protein NFA_56540
UPF0271 protein Bcep18194_A6386
UPF0271 protein SA1433
UPF0271 protein BP0150
UPF0271 protein PFL_1513
UPF0271 protein SaurJH1_1696
UPF0348 protein LEUM_1734
UPF0271 protein NMCC_1916
UPF0271 protein Bcer98_2060
UPF0271 protein KRH_21120
UPF0271 protein NMC0227
UPF0271 protein ABAYE2441
UPF0271 protein TTHB195
UPF0271 protein CKL_2790
UPF0271 protein BCE33L2808
UPF0271 protein YpAngola_A3591
UPF0271 protein Atu3910
UPF0271 protein MUL_4152
UPF0348 protein PEPE_0710
UPF0271 protein Rfer_0870
UPF0271 protein SAR1684
UPF0271 protein HI_1729
UPF0271 protein CGSHiGG_02380
UPF0271 protein ACIAD2520
UPF0271 protein OB2677
UPF0271 protein RPB_2834
UPF0271 protein PP_2920
UPF0271 protein BCB4264_A3086
UPF0271 protein Bcep1808_3124
UPF0271 protein ML0333
Protein Mb3436c
UPF0271 protein VC_A0776
UPF0178 protein AZC_4000
UPF0271 protein BPP4006
UPF0271 protein PP_4577
UPF0271 protein BMASAVP1_A2978
UPF0271 protein PSPTO_5378
UPF0271 protein PH0986
UPF0271 protein PA2112
UPF0271 protein YPA_2432
UPF0271 protein BcerKBAB4_2872
UPF0271 protein BCQ_2904
UPF0271 protein PSPTO_2917
UPF0271 protein Rpal_2956
UPF0271 protein YPTS_3021
UPF0271 protein BC_3066
UPF0271 protein BMA3309
UPF0271 protein MLBr00333
UPF0271 protein Aave_3513
UPF0271 protein Bphyt_3743
UPF0271 protein ABC3770
UPF0271 protein Atu4277
UPF0271 protein BB4479
UPF0271 protein MCA0476
Putative uncharacterized transketolase family protein y4mN
UPF0348 protein Sca_0752
UPF0348 protein Swol_0766
UPF0271 protein PYRAB09930
UPF0271 protein YbgL
UPF0271 protein BPSL0257
UPF0271 protein RPC_2622
UPF0271 protein RPD_2634
UPF0271 protein PSPTO_2936
UPF0271 protein BamMC406_2950
UPF0271 protein YE2953
UPF0271 protein SGR_3193
Protein MT3510
UPF0271 protein jk0407
UPF0271 protein SCO0441
UPF0271 protein ECA4486
UPF0271 protein blr4568
UPF0271 protein BB4725
UPF0271 protein VPA0877
UPF0271 protein BLi00498/BL02806
UPF0348 protein LSL_0505
UPF0425 pyridoxal phosphate-dependent protein MK0620
UPF0271 protein SAV_6939
UPF0271 protein TK0336
UPF0271 protein CGSHiEE_03400
UPF0271 protein VCM66_A0735
UPF0271 protein blr3634
UPF0271 protein BPUM_0379
UPF0271 protein BPSS0198
UPF0271 protein PA0492
UPF0271 protein KPN78578_07060
UPF0271 protein AZC_4074
UPF0271 protein plu4304
UPF0271 protein BMA10229_A2113
UPF0271 protein RSp0936
UPF0271 protein MMAR_5076
UPF0271 protein MAV_0580
PP2C-like domain-containing protein CG9801
UPF0271 protein Krad_0535
UPF0271 protein VIBHAR_05795
UPF0271 protein BMA10247_3370
UPF0758 protein PFL_6051
UPF0271 protein VC0395_0716/VC395_A0539
UPF0271 protein YcsF
UPF0271 protein TSIB_0730
Putative uncharacterized protein YgeQ
CBS domain-containing protein YhcV
HIT-like protein CPn_0488/CP_0266/CPj0488/CpB0508
14 kDa zinc-binding protein
