Beta-galactosidase 12
Beta-galactosidase 14
Beta-galactosidase 3
Beta-galactosidase 6
Beta-galactosidase 11
Beta-galactosidase 2
Beta-galactosidase 5
Beta-galactosidase 4
Beta-galactosidase 7
Beta-galactosidase 16
Beta-galactosidase 8
Beta-galactosidase 13
Probable beta-galactosidase 2
Dirigent protein 21
ESAT-6-like protein EsxI
ESX-1 secretion-associated protein EspF
Pseudogermin
Probable polygalacturonase non-catalytic subunit JP630
Probable polygalacturonase non-catalytic subunit JP650
Protein PafC
Polygalacturonase inhibitor
DNA repair protein RecN
DNA repair protein RecO
UPF0047 protein Rv2556c
Laccase domain protein Rv2149c
Probable polygalacturonase non-catalytic subunit At1g60390
