Aliphatic amidase
Formamidase
Copper-containing nitrite reductase
Biotinidase
Cyanide hydratase
N-carbamoyl-D-amino acid hydrolase
NAD-specific glutamate dehydrogenase
Glutamine synthetase
Type-1 glutamine synthetase 1
Lactam utilization protein lamB
Hydrolase MtnU
Putative nitrilase-like protein NIT1
Probable hydrolase NIT2
Nitrilase 2
Arylacetonitrilase
Nitrilase homolog 2
Nitrilase
Nitrite reductase
Nitrilase homolog 1
Probable hydrolase NIT3
Nitrilase 3
Aliphatic nitrilase
Nitrilase, arylacetone-specific
Nitrate reductase
Bifunctional nitrilase/nitrile hydratase NIT4B
Protein pyrABCN
(R)-stereoselective amidase
Symplectin
Urease accessory protein UreD 2
Urease accessory protein UreD 3
Urease accessory protein UreF 2
Urease accessory protein UreG 1
Urease accessory protein UreG 2
Urease accessory protein UreH
Urease accessory protein UreD 1
Urease accessory protein D
Urease accessory protein UreD
Urease accessory protein UreF 1
Putative urease accessory protein UreD homolog
Urease accessory protein UreF
Urease accessory protein UreG 3
Urease accessory protein G
Urease accessory protein UreG
Putative urease accessory protein UreD
Vanin-like protein 2
Vanin-like protein 3
Vanin-like protein 1
Hydrolase MT0498
Hydrolase sll0601
Hydrolase in agr operon
Putative hydrolase YbeM
Hydrolase Rv0480c
Hydrolase YbeM
Hydrolase YafV
Hydrolase YhcX
Putative nitrilase-like protein YIL165C
Hydrolase in pqqF 5'region
