D-amino acid dehydrogenase
Probable potassium transporter 11
Probable potassium transporter 13
Probable potassium transporter 14
Probable potassium transporter 17
Potassium transporter 21
Potassium transporter 24
Potassium transporter 26
Probable potassium transporter 3
Potassium transporter 6
Probable potassium transporter 9
Putative potassium transporter 12
Probable potassium transporter 16
High affinity potassium transporter
Potassium transporter 20
Potassium transporter 23
Potassium transporter 25
Probable potassium transporter 2
Potassium transporter 5
Potassium transporter 7
Potassium transporter 19
Potassium transporter 22
Potassium transporter 27
Probable potassium transporter 4
Putative potassium transporter 8
Probable potassium transporter 15
Potassium transporter 18
Probable potassium transport system protein kup 1
Putative potassium transport system protein kup 1
Probable potassium transport system protein kup 2
Probable potassium transport system protein kup 3
Probable potassium transport system protein kup 4
Potassium transporter 9
Pheromone-regulated membrane protein 6
Potassium transporter 11
Trk system potassium uptake protein trkA homolog 1
Trk system potassium uptake protein TrkA homolog
Trk system potassium uptake protein TrkA homolog 2
High-affinity potassium transport protein
Trk system potassium uptake protein TrkA homolog 1
Trk system potassium uptake protein TrkA
