Putative tyrosine phosphatase 123R
Dual specificity protein phosphatase CDC14C
Dual specificity protein phosphatase CDC14B
Cyclin-dependent kinase inhibitor 3
Dual specificity protein phosphatase 13 isoform B
Dual specificity phosphatase DUPD1
Dual specificity protein phosphatase 14
Dual specificity protein phosphatase 18
Dual specificity phosphatase 28
Dual specificity protein phosphatase 3
Dual specificity protein phosphatase 8
Dual specificity protein phosphatase 13 isoform A
RNA/RNP complex-1-interacting phosphatase
Dual specificity protein phosphatase 12
Dual specificity protein phosphatase 26
Dual specificity protein phosphatase 4
Probable dual specificity protein phosphatase DDB_G0271350
Dual specificity protein phosphatase 16
Probable dual specificity protein phosphatase DDB_G0269404
Dual specificity protein phosphatase 22
Dual specificity protein phosphatase 23
Putative dual specificity protein phosphatase DSP8
Dual specificity phosphatase 21
Inactive dual specificity phosphatase 27
Dual specificity protein phosphatase 7
Dual specificity protein phosphatase 21
Probable dual specificity protein phosphatase DDB_G0281963
Dual specificity protein phosphatase 1
Dual specificity protein phosphatase 2
Probable dual specificity protein phosphatase DDB_G0283417
mRNA-capping enzyme
MAP kinase phosphatase with leucine-rich repeats protein 3
MAP kinase phosphatase with leucine-rich repeats protein 2
Dual specificity protein phosphatase PPS1
Protein tyrosine phosphatase domain-containing protein 1
Phosphatidylglycerophosphatase and protein-tyrosine phosphatase 1
Tyrosine-protein phosphatase
Probable tyrosine-protein phosphatase F54C8.4
Phosphatidylinositol 3,4,5-trisphosphate 3-phosphatase and protein-tyrosine-phosphatase PTEN1
Putative tyrosine-protein phosphatase 1
Putative tyrosine-protein phosphatase R622
Putative tyrosine-protein phosphatase AMV078
Probable tyrosine-protein phosphatase
Tyrosine-protein phosphatase 2
Dual specificity protein phosphatase
Dual-specificity protein phosphatase SDP1
Protein phosphatase Slingshot homolog
Serine/threonine/tyrosine-interacting-like protein 1
Serine/threonine/tyrosine-interacting protein B
Serine/threonine/tyrosine-interacting protein A
Probable phosphatidylinositol 3,4,5-trisphosphate 3-phosphatase TEP1
Probable protein tyrosine phosphatase type IVA B
Probable protein tyrosine phosphatase type IVA A
Phosphatidylinositol 3,4,5-trisphosphate 3-phosphatase TPTE2
Putative tyrosine phosphatase 067L
Putative tyrosine phosphatase 197R
