UPF0735 ACT domain-containing protein LSEI_1046
UPF0735 ACT domain-containing protein BH1214
UPF0735 ACT domain-containing protein SE_1326
UPF0735 ACT domain-containing protein SSP1116
UPF0735 ACT domain-containing protein CTC_00116
UPF0735 ACT domain-containing protein Cbei_1295
UPF0735 ACT domain-containing protein Cthe_1377
UPF0735 ACT domain-containing protein PTH_1602
UPF0735 ACT domain-containing protein USA300HOU_1642
UPF0735 ACT domain-containing protein FN1487
UPF0735 ACT domain-containing protein ABC1543
UPF0735 ACT domain-containing protein NWMN_1545
UPF0735 ACT domain-containing protein SAOUHSC_01752
UPF0735 ACT domain-containing protein Clos_1956
UPF0735 ACT domain-containing protein LCABL_12100
UPF0735 ACT domain-containing protein Ldb1351
UPF0735 ACT domain-containing protein CPE1414
UPF0735 ACT domain-containing protein Teth514_2312
UPF0735 ACT domain-containing protein SERP1207
UPF0735 ACT domain-containing protein CA_C1234
UPF0735 ACT domain-containing protein LBUL_1260
UPF0735 ACT domain-containing protein SH1278
UPF0735 ACT domain-containing protein CLD_1535
UPF0735 ACT domain-containing protein MW1593
UPF0735 ACT domain-containing protein DSY2247
UPF0735 ACT domain-containing protein CLL_A2896
UPF0735 ACT domain-containing protein CLI_3063
UPF0735 ACT domain-containing protein SAS1579
UPF0735 ACT domain-containing protein NT01CX_1681
UPF0735 ACT domain-containing protein CHY_1913
UPF0735 ACT domain-containing protein CBO3010/CLC_2906
UPF0735 ACT domain-containing protein Dred_1164
UPF0735 ACT domain-containing protein SAHV_1630
UPF0735 ACT domain-containing protein Teth39_0139
UPF0735 ACT domain-containing protein CPF_1668
UPF0735 ACT domain-containing protein SaurJH9_1700
UPF0735 ACT domain-containing protein Helmi_18680
UPF0735 ACT domain-containing protein BPUM_2431
UPF0735 ACT domain-containing protein CPR_1404
UPF0735 ACT domain-containing protein SA1469
UPF0735 ACT domain-containing protein SAB1512c
UPF0735 ACT domain-containing protein SAUSA300_1599
UPF0735 ACT domain-containing protein SAV1643
UPF0735 ACT domain-containing protein SACOL1698
UPF0735 ACT domain-containing protein CKL_0858
UPF0735 ACT domain-containing protein SAR1723
UPF0735 ACT domain-containing protein SaurJH1_1733
UPF0735 ACT domain-containing protein RBAM_024960
UPF0735 ACT domain-containing protein GK2605
UPF0735 ACT domain-containing protein BLi02918/BL01157
UPF0735 ACT domain-containing protein CLK_2394
UPF0735 ACT domain-containing protein GTNG_2535
UPF0735 ACT domain-containing protein CLH_2637
UPF0735 ACT domain-containing protein TTE2621
UPF0735 ACT domain-containing protein CLB_3034
UPF0735 ACT domain-containing protein Cphy_3604
UPF0735 ACT domain-containing protein Bsph_3944
UPF0735 ACT domain-containing protein Amet_0565
UPF0735 ACT domain-containing protein Csac_0995
UPF0735 ACT domain-containing protein YszB
