Bax inhibitor 1
Probable Bax inhibitor 1
Chaperone protein ClpB
Probable derlin-2 homolog
DnaJ homolog subfamily B member 5
DnaJ homolog subfamily C member 3 homolog
Derlin-1
Probable derlin-1 homolog
DnaJ homolog subfamily C member 3
Eukaryotic translation initiation factor 2-alpha kinase
ER degradation-enhancing alpha-mannosidase-like protein 3
Endoplasmic reticulum resident protein 44
FAS-associated factor 2
F-box only protein 6
78 kDa glucose-regulated protein homolog
Homocysteine-responsive endoplasmic reticulum-resident ubiquitin-like domain member 2 protein
Heat shock 70 kDa protein 1A
Heat shock 70 kDa protein 4L
Heat shock protein 105 kDa
Heat shock 70 kDa protein 4
Major heat shock 70 kDa protein Ba
Heat shock protein beta-7
Major heat shock 70 kDa protein Bc
Major heat shock 70 kDa protein Bb
Major heat shock 70 kDa protein Ab
Heat shock protein beta-2
Heat shock protein beta-3
Heat shock 70 kDa protein 1B
Heat shock protein 83
Mesencephalic astrocyte-derived neurotrophic factor
Mitofusin-2
Protein ORM2
Protein ORM1
Mono  polymerase 16)
DnaJ-related protein SCJ1
Dolichyl-diphosphooligosaccharide--protein glycosyltransferase subunit STT3B
E3 ubiquitin-protein ligase TM129
Torsin-1B
UBX domain-containing protein 4
