AP-2 complex subunit beta
Centriolin
DAN domain family member 5
C-X-C chemokine receptor type 4
Dynactin subunit 5
Dynamin-2
Fibroblast growth factor receptor substrate 2
E3 ubiquitin-protein ligase HECTD1
Homeobox protein Hox-A13
Leucine zipper protein 1
Latent-transforming growth factor beta-binding protein 1
Nitrogen permease regulator 3-like protein
cGMP-dependent 3',5'-cyclic phosphodiesterase
PR domain zinc finger protein 1
Roundabout homolog 1
Sal-like protein 1
Sal-like protein 4
Transcription activator BRG1
Suppressor of fused homolog
T-box transcription factor TBX5
Thyroid receptor-interacting protein 11
Xin actin-binding repeat-containing protein 2
