1-aminocyclopropane-1-carboxylate oxidase 4
Alpha-galactosidase 2
Serine/threonine-protein kinase BIK1
Acidic mammalian chitinase
G-type lectin S-receptor-like serine/threonine-protein kinase CES101
Probable endochitinase
Endochitinase At2g43580
Cyclic nucleotide-gated ion channel 11
Probable cyclic nucleotide-gated ion channel 12
RPW8-like protein 2
RPW8-like protein 3
RPW8-like protein 1
MLO-like protein 2
Peptidylglycine alpha-hydroxylating monooxygenase
Probable pectinesterase/pectinesterase inhibitor 41
Probable pectinesterase/pectinesterase inhibitor 17
Plant UBX domain-containing protein 2
Protein SUPPRESSOR OF NIM1 1
Protein spaetzle
Protein PMR5
Wall-associated receptor kinase-like 22
