Aldehyde reductase 2
D-arabinitol 4-dehydrogenase
Protein ocs
GDP-mannose 3,5-epimerase 1
Octopine dehydrogenase
Opine dehydrogenase
Protein Rcp
UDP-sulfoquinovose synthase, chloroplastic
GDP-6-deoxy-D-talose 4-dehydrogenase
Epimerase family protein SH2119
Epimerase family protein slr1223
Epimerase family protein HI_1208
Epimerase family protein Mb2239
Epimerase family protein MT2273
Epimerase family protein SERP0438
Epimerase family protein MW0731
Epimerase family protein SAUSA300_0753
Epimerase family protein SAOUHSC_00792
Epimerase family protein SSP1921
Epimerase family protein SA0724
Epimerase family protein SAV0769
Epimerase family protein SAB0724c
Epimerase family protein SAS0734
Epimerase family protein YfcH
Epimerase family protein SACOL0834
Epimerase family protein ML0860
Epimerase family protein SE_0553
Epimerase family protein SAR0825
Epimerase family protein YfhF
