Coagulation factor VIII
Dolichyl pyrophosphate Man9GlcNAc2 alpha-1,3-glucosyltransferase
Dol-P-Glc:Glc(2)Man(9)GlcNAc(2)-PP-Dol alpha-1,2-glucosyltransferase
Alpha-1,2-mannosyltransferase ALG9
Putative Dol-P-Glc:Glc(2)Man(9)GlcNAc(2)-PP-Dol alpha-1,2-glucosyltransferase
GDP-Man:Man(3)GlcNAc(2)-PP-Dol alpha-1,2-mannosyltransferase
Putative bifunctional UDP-N-acetylglucosamine transferase and deubiquitinase ALG13
Probable dolichyl pyrophosphate Glc1Man9GlcNAc2 alpha-1,3-glucosyltransferase
Serine/threonine-protein phosphatase 6 regulatory ankyrin repeat subunit A
cTAGE family member 5
Derlin-3
Dolichyldiphosphatase 1
Dolichol kinase
Coagulation factor V
Galactoside 3(4)-L-fucosyltransferase
Tissue alpha-L-fucosidase
Glutamine--fructose-6-phosphate aminotransferase  2
Glutamine--fructose-6-phosphate aminotransferase  1
Glucosamine 6-phosphate N-acetyltransferase
Bifunctional UDP-N-acetylglucosamine 2-epimerase/N-acetylmannosamine kinase
Mannose-1-phosphate guanyltransferase alpha
Mannose-1-phosphate guanyltransferase beta
Alpha-1,6-glucosyltransferase
Keratinocyte-associated protein 2
Mannosyl-oligosaccharide 1,2-alpha-mannosidase IC
Glycoprotein endo-alpha-1,2-mannosidase
Mannosyl-oligosaccharide 1,2-alpha-mannosidase IA
Alpha-1,6-mannosyl-glycoprotein 2-beta-N-acetylglucosaminyltransferase
Alpha-1,3-mannosyl-glycoprotein 4-beta-N-acetylglucosaminyltransferase B
Alpha-1,3-mannosyl-glycoprotein 4-beta-N-acetylglucosaminyltransferase C
Alpha-1,3-mannosyl-glycoprotein 4-beta-N-acetylglucosaminyltransferase-like protein MGAT4E
Alpha-1,3-mannosyl-glycoprotein 4-beta-N-acetylglucosaminyltransferase A
Alpha-1,3-mannosyl-glycoprotein 4-beta-N-acetylglucosaminyltransferase-like protein MGAT4D
Alpha-1,6-mannosylglycoprotein 6-beta-N-acetylglucosaminyltransferase A
Beta-1,4-mannosyl-glycoprotein 4-beta-N-acetylglucosaminyltransferase
N-acylneuraminate-9-phosphatase
N-acylneuraminate cytidylyltransferase
UDP-glucose:protein N-beta-glucosyltransferase
N-acetylneuraminate lyase
Dolichyl-diphosphooligosaccharide--protein glycosyltransferase 48 kDa subunit
Dolichyl-diphosphooligosaccharide--protein glycosyltransferase subunit 1
Dolichyl-diphosphooligosaccharide--protein glycosyltransferase subunit 1A
Oligosaccharyltransferase complex subunit OSTC
GalNAc(5)-diNAcBac-PP-undecaprenol beta-1,3-glucosyltransferase
Protein glycosylation K
Phosphomannomutase 1
Protein RFT1 homolog
Sialic acid synthase
Dolichyl-diphosphooligosaccharide--protein glycosyltransferase subunit STT3A
Dolichyl-diphosphooligosaccharide--protein glycosyltransferase subunit stt-3
Protransforming growth factor alpha
Trafficking protein particle complex subunit 3
Trafficking protein particle complex subunit 5
Trafficking protein particle complex subunit 6A
Trafficking protein particle complex subunit 2-like protein
Trafficking protein particle complex subunit 6B
Trafficking protein particle complex subunit 1
Tumor suppressor candidate 3
UDP-N-acetylhexosamine pyrophosphorylase
