DNA polymerase processivity factor component A20
ORC1-type DNA replication protein 3
ORC1-type DNA replication protein 7
ORC1-type DNA replication protein 17
ORC1-type DNA replication protein 2
ORC1-type DNA replication protein 10
ORC1-type DNA replication protein 8
ORC1-type DNA replication protein 13
Putative ORC1-type DNA replication protein 1
ORC1-type DNA replication protein 5
ORC1-type DNA replication protein 6
ORC1-type DNA replication protein 1
ORC1-type DNA replication protein 4
ORC1-type DNA replication protein 9
ORC1-type DNA replication protein 11
ORC1-type DNA replication protein 14
ORC1-type DNA replication protein 15
Protein cop
Single-stranded DNA-binding protein gp2.5
DNA replication protein
DNA polymerase accessory protein 62
DNA polymerase accessory protein 44
Double-stranded DNA-binding protein
DNA-Binding protein G5P
Protein IncC
DNA ligase B
MCM domain-containing protein 2
Phasyl DNA replicon protein arp
Replication-associated recombination protein A
DNA replication protein repEB
Replication factor C large subunit
Putative replication factor C small subunit R395
Protein RepA
Putative replication protein C
DNA replication protein repEA
Positive regulator of RepFIC repA1 expression
Replicating protein
Replication initiation protein
Replication initiator protein
Putative replication factor C small subunit L510
Protein RepS
Putative replication factor C large subunit
Putative replication factor C small subunit L478
Putative replication factor C small subunit L499
Protein RepR
Replication protein repL
Putative replication protein XF_b0001
Putative replication protein PDa0002
15 kDa RNA polymerase-binding protein
Protein SPHAR
Single-strand-binding protein
Terminal protein
DNA helicase/primase complex protein
Recombination and repair protein
Gene 1.2 protein
Early protein GP17
Probable DNA helicase II homolog
Early protein GP6
Replicative DNA helicase
Replication gene B protein
Putative DNA ligase 205R
Putative DNA ligase 052L
DNA replication protein gp18
Replication protein 15
DNA polymerase processivity factor
Helix-destabilizing protein
Initiation-control protein YabA
Putative replication protein B
SPBc2 prophage-derived uncharacterized protein YorI
