6-hydroxynicotinate 3-monooxygenase
Probable FAD-dependent monooxygenase
Oxidoreductase AflX
Cheilanthifoline synthase
Baeyer-Villiger monooxygenase
Monocyclic monoterpene ketone monooxygenase
(S)-stylopine synthase 2
Berbamunine synthase
(S)-canadine synthase
Baeyer-Villiger flavin-containing monooxygenase
(S)-stylopine synthase 1
Ketocytochalasin monooxygenase
Cytochrome P450 1A1
Cytochrome P450-RR1
Cytochrome P450 4A10
Cytochrome P450 3A21
Cytochrome P450 3A24
Cytochrome P450 3A29
Cytochrome P450 4A12A
Cytochrome P450 3A6
Cytochrome P450 3A8
Hercynine oxygenase
Elongation factor P hydroxylase
Heme-degrading monooxygenase
Heme oxygenase
Heme-degrading monooxygenase HmoB
Heme-degrading monooxygenase HmoA
Noranthrone monooxygenase
Putative epoxidase LasC
Methane monooxygenase regulatory protein B
Methane monooxygenase component D
Putative FAD-containing monooxygenase MymA
Salicylate 5-hydroxylase, small oxygenase component
2-oxo-Delta(3)-4,5,5-trimethylcyclopentenylacetyl-CoA monooxygenase
Para-nitrophenol 4-monooxygenase
Particulate methane monooxygenase alpha subunit
Monodechloroaminopyrrolnitrin halogenase PrnC
L-ornithine N(5)-monooxygenase
2'-hydroxybiphenyl-2-sulfinate desulfinase
Styrene monooxygenase StyA
Toluene-4-sulfonate monooxygenase system reductase subunit TsaB1
Putative toluene-4-sulfonate monooxygenase system reductase subunit TsaB2
Putative tyrosinase-like protein tyr-3
Putative tyrosinase-like protein tyr-1
Probable monooxygenase VioC
Putative monooxygenase Rv0793
