Anoctamin-1
Chloride channel protein
Voltage-gated ClC-type chloride channel ClcB
Chloride channel protein D
Putative chloride channel-like protein CLC-g
Chloride channel protein ClC-Ka
Chloride channel protein ClC-Kb
Chloride channel protein 1
Chloride channel protein 2
H(+)/Cl(-) exchange transporter 4
H(+)/Cl(-) exchange transporter 5
Chloride channel protein E
Chloride channel protein F
Putative chloride channel protein ClcB-like
H(+)/Cl(-) exchange transporter 3
Chloride channel protein clh-3
Chloride intracellular channel protein 1
H(+)/Cl(-) exchange transporter ClcA
Chloride channel protein C
Chloride channel protein CLC-b
Chloride channel protein B
Chloride channel protein A
Chloride channel protein CLC-e
Chloride channel protein CLC-f
Chloride transport protein 6
H(+)/Cl(-) exchange transporter 7
Chloride channel protein CLC-a
Chloride channel protein CLC-d
Probable chloride channel protein UM03490-D
Chloride channel protein CLC-c
Chloride/fluoride channel protein
Anion/proton exchange transporter GEF1
Putative ion-transport protein YfeO
Putative anion/proton exchange transporter C19C7.11
