Adenylyl-sulfate kinase 1, chloroplastic
Adenylyl-sulfate kinase 4, chloroplastic
ATP-sulfurylase 3, chloroplastic
ATP sulfurylase 1, chloroplastic
Adenylyl-sulfate kinase 2, chloroplastic
ATP sulfurylase 4, chloroplastic
Adenylyl-sulfate kinase 3
ATP sulfurylase 2
Thioredoxin-like protein CDSP32, chloroplastic
Probable adenylyl-sulfate kinase
Adenylyl-sulfate kinase
Sulfate adenylyltransferase subunit 1
3'(2'),5'-bisphosphate nucleotidase CysQ
Bifunctional enzyme CysN/CysC
3'-phosphoadenosine 5'-phosphate phosphatase
3'(2'),5'-bisphosphate nucleotidase
3'(2'),5'-bisphosphate nucleotidase 2
Adenylyl-sulfate kinase, chloroplastic
Sulfate adenylyltransferase
Siroheme biosynthesis protein met8
Siroheme biosynthesis protein MET8
Bifunctional enzyme NodQ
Bifunctional 3'-phosphoadenosine 5'-phosphosulfate synthase 1
Bifunctional 3'-phosphoadenosine 5'-phosphosulfate synthase 2
Serine acetyltransferase 2
Probable bifunctional SAT/APS kinase 2
Probable sulfate adenylyltransferase
Selenium-binding protein 1
Probable bifunctional SAT/APS kinase
Probable bifunctional SAT/APS kinase 1
Serine acetyltransferase 4
Sulfotransferase family cytosolic 2B member 1
Sulfotransferase 1 family member D1
Thioredoxin, mitochondrial
Thioredoxin-like protein slr0233
Probable thioredoxin-2
Thioredoxin
Thioredoxin-like protein slr1139
Thiol:disulfide interchange protein TlpA
Thioredoxin-1
Thioredoxin M5, chloroplastic
Thioredoxin domain-containing protein 8
Thioredoxin H1
Thioredoxin domain-containing protein 2
Thioredoxin-like protein 1
