Protein 60A
N-acetyl-gamma-glutamyl-phosphate reductase
Arginine biosynthesis bifunctional protein ArgJ
3-dehydroquinate dehydratase
Carbamoyl-phosphate synthase small chain
Dephospho-CoA kinase
DNA polymerase III subunit gamma/tau
Protein DVR-1 homolog
ESX-3 secretion-associated protein EspG3
Growth/differentiation factor 6-B
Growth/differentiation factor 7
L-aspartate oxidase
Nodal homolog 3-A
Nodal homolog 3-B
Nodal homolog 3-C
Glutamate 5-kinase
N5-carboxyaminoimidazole ribonucleotide mutase
Peptidoglycan endopeptidase RipA
dTDP-4-dehydrorhamnose 3,5-epimerase
dTDP-glucose 4,6-dehydratase
Univin
UPF0109 protein Rv2908c
Putative uncharacterized protein Rv2628
