5'-deoxynucleotidase CKO_00504
5'-deoxynucleotidase YfbR
5'-deoxynucleotidase KPK_1466
5'-deoxynucleotidase KPN78578_26370
5'-deoxynucleotidase PBPRA2627
5'-deoxynucleotidase SO_2484
5'-deoxynucleotidase YpsIP31758_1449
5'-deoxynucleotidase YPO2559
5'-deoxynucleotidase YPK_1557
Arsenate reductase 2.1
5'-deoxynucleotidase plu3092
5'-deoxynucleotidase VC_1978
5'-deoxynucleotidase VV1113
5'-deoxynucleotidase YPTS_2685
5'-deoxynucleotidase YPN_2153
5'-deoxynucleotidase YPTB2590
5'-deoxynucleotidase PC1_2775
5'-deoxynucleotidase yfbR
5'-deoxynucleotidase YE1340
5'-deoxynucleotidase YpAngola_A1820
5'-deoxynucleotidase YPDSF_1968
5'-deoxynucleotidase ESA_00928
5'-deoxynucleotidase Ent638_2835
5'-deoxynucleotidase PM0747
5'-deoxynucleotidase VP0926
5'-deoxynucleotidase VS_2195
5'-deoxynucleotidase YPA_2050
5'-deoxynucleotidase ETA_12010
5'-deoxynucleotidase ECA3034
5'-deoxynucleotidase VV1_0013
Arsenate reductase 2.2
Lipopolysaccharide core heptose(II)-phosphate phosphatase
5''-phosphoribostamycin phosphatase
Protein CicA
HMP-PP phosphatase
Putative HMP-PP phosphatase
mRNA-decapping protein D10
D-glycero-alpha-D-manno-heptose-1,7-bisphosphate 7-phosphatase
D-glycero-beta-D-manno-heptose-1,7-bisphosphate 7-phosphatase
Probable glycerol-3-phosphate acyltransferase 2
Probable glycerol-3-phosphate acyltransferase 3
Probable glycerol-3-phosphate acyltransferase 8
Glycerol-3-phosphate acyltransferase 7
Imidazoleglycerol-phosphate dehydratase
Inhibition of morphological differentiation protein
Inositol phosphate phosphatase IpgD
Lipid A 1-phosphatase
Mannosylfructose-phosphate phosphatase
Enolase-phosphatase E1
Bifunctional enzyme MtnB/MtnX
Kanosamine-6-phosphate phosphatase
Probable phosphatase phospho2
Low molecular weight phosphotyrosine protein phosphatase
Pdp3-interacting factor 1
Inositol phosphate phosphatase SopB
Probable fructose-2,6-bisphosphatase TIGAR A
Protein UBASH3A homolog
Putative hydrolase Mb0517c
Putative hydrolase MT0526
Putative hydrolase ML2424
Putative nucleotidase CA_C3379
Putative phosphatase YcsE
Probable phosphatase SPAC5H10.03
Flavin mononucleotide phosphatase YigB
Probable phosphatase SPAC513.02
Probable phosphatase C1687.21
6-phosphogluconate phosphatase
Putative NipSnap protein K02D10.1
Putative metallophosphoesterase YNL217W
Fructose-1-phosphate phosphatase YqaB
Broad-specificity phosphatase YOR283W
Probable phosphatase C1620.13
Putative nucleotidase YqfW
