Disintegrin and metalloproteinase domain-containing protein 11
Disintegrin and metalloproteinase domain-containing protein B
Achromolysin
Membrane metalloprotease ARASP, chloroplastic
Probable membrane metalloprotease ARASP2, chloroplastic
Mitochondrial inner membrane protease ATP23 homolog
Zinc metalloproteinase aureolysin
Peptidyl-dipeptidase dcp
Dictomallein-2
Dictomallein-1
Dictomallein-4
Dictomallein-like protein
Dictomallein-3
Dictomallein-5
Probable zinc metalloprotease EGY2, chloroplastic
Extracellular protease
CAAX prenyl protease 2
CAAX prenyl protease 1 homolog
CAAX prenyl protease 2 homolog
ATP-dependent zinc metalloprotease FTSH, chloroplastic
ATP-dependent zinc metalloprotease FTSH 1, chloroplastic
ATP-dependent zinc metalloprotease FTSH 2, chloroplastic
ATP-dependent zinc metalloprotease FTSH 6, chloroplastic
ATP-dependent zinc metalloprotease FtsH homolog
Gelatinase
Leishmanolysin
Leishmanolysin C1
Zinc metalloprotease
Membrane-bound transcription factor site-2 protease
Neutral protease 2 homolog mep20
Membrane metallo-endopeptidase-like 1
Zinc metalloproteinase MspA
Neprilysin-1
Neutral protease 2 homolog AN3393
Neutral protease NprE
Neutral protease 2 homolog MGG_10927
Neutral protease 2 homolog NFIA_031120
Neutral protease 2 homolog SNOG_10522
Neutral protease 2 homolog UREG_03761
Bacillolysin
Neutral protease B
Neutral protease 2 homolog ATEG_04941
Neutral protease 2 homolog AN7962
Neutral protease 2 homolog PADG_00776
Neutral protease 2 homolog SS1G_13741
Thermostable neutral protease NprT
Neutral protease 2 homolog BDBG_03102
Neutral protease 2 homolog AFLA_119780
Neutral protease 2 homolog SNOG_02177
Neutral protease 2 homolog UREG_02006
Neutral protease 2 homolog AFLA_065450
Neutral protease 2 homolog PABG_02362
Neutral protease 2 homolog UREG_01255
Nardilysin
Neutral protease 2 homolog BDCG_00922
Neutral protease 2 homolog ACLA_052720
Neutral protease 2 homolog AO090001000135
Neutral protease 2 homolog BDBG_02110
Neutral protease 2 homolog NFIA_102630
Oligopeptidase A
Oligoendopeptidase F, plasmid
Oligoendopeptidase F homolog
Neutral endopeptidase
Group B oligopeptidase PepB
Oligoendopeptidase F, chromosomal
Peptidyl-Lys metalloendopeptidase
Penicillolysin
Probable zinc protease PqqL
Beta-lytic metalloendopeptidase
Extracellular metalloprotease
Zinc metalloproteinase
Protease PrtS
Sporozoite developmental protein
Extracellular elastase
Extracellular minor metalloprotease
Probable CAAX prenyl protease 1
Thermolysin
Snake venom metalloproteinase BpMP-1
Snake venom metalloproteinase Ac1
Snake venom metalloproteinase BnP1
Snake venom metalloproteinase crotalin
Zinc metalloproteinase/disintegrin
Zinc metalloproteinase-disintegrin salmosin-3
Zinc metalloproteinase-disintegrin-like alternagin
Zinc metalloproteinase-disintegrin-like ammodytagin
Disintegrin-like halysetin
Zinc metalloproteinase-disintegrin-like viristiarin
Zinc metalloproteinase-disintegrin-like batroxstatin-1
Zinc metalloproteinase-disintegrin-like crotastatin
Zinc metalloproteinase recombinant fibrinogenase II
Zinc metalloproteinase-disintegrin-like bothrojarin-2
Disintegrin-like leberagin-C
Zinc metalloproteinase barnettlysin-1
Snake venom metalloproteinase BnP2
Snake venom metalloproteinase fibrolase
Zinc metalloproteinase-disintegrin-like lachestatin-1
Zinc metalloproteinase-disintegrin-like brevilysin H2b
Zinc metalloproteinase-disintegrin-like batroxstatin-2
Zinc metalloproteinase-disintegrin-like batroxstatin-3
Venom metalloproteinase antarease-like TpachMP_A
Venom metalloproteinase antarease-like TtrivMP_A
Venom metalloproteinase antarease-like TserMP_B
Snake venom metalloproteinase jararafibrase-4
Zinc metalloproteinase-disintegrin bilitoxin-1
Zinc metalloproteinase-disintegrin-like scutiarin
Snake venom metalloproteinase adamalysin-2
Snake venom metalloproteinase BmooMPalpha-I
Snake venom metalloproteinase HF-1
Snake venom metalloproteinase HT-2
Snake venom metalloproteinase lebetase-4
Snake venom metalloproteinase trimerelysin-2
Snake venom metalloproteinase BpirMP
Venom metalloproteinase 1
Venom metalloproteinase antarease-like TpachMP_B
Venom metalloproteinase 2
Venom metalloproteinase antarease TserMP_A
Snake venom metalloproteinase atroxase
Snake venom metalloproteinase hemorrhagic factor 2
Snake venom metalloproteinase neuwiedase
Zinc metalloproteinase-disintegrin jararin
Zinc metalloproteinase-disintegrin-like brevilysin H2a
Zinc metalloproteinase-disintegrin-like lachestatin-2
Zinc metalloproteinase-disintegrin-like atrolysin-A
Zinc metalloproteinase-disintegrin-like bothrojarin-1
Zinc metalloproteinase-disintegrin-like bothrojarin-3
Zinc metalloproteinase-disintegrin-like catroriarin
Hemorrhagic metalloproteinase-disintegrin-like kaouthiagin
Venom metalloproteinase 3
Venom metalloproteinase antarease-like TfasMP_A
Protein Ycf2
ATP-dependent zinc metalloprotease YME1 homolog
Putative zinc metalloproteinase R519
Putative zinc metalloproteinase in scaA 5'region
