Serine/threonine-protein kinase BCK1/SLK1/SSP31
Serine/threonine-protein kinase BLUS1
Cell division control protein 15
Cell division control protein 7
Serine/threonine-protein kinase CLA4
Serine/threonine-protein kinase cst-1
Protein Daple
Daple-like protein
Serine/threonine-protein kinase dst2
Serine/threonine-protein kinase dst4
Serine/threonine-protein kinase dst3
Serine/threonine-protein kinase dst1
ERBB receptor feedback inhibitor 1
Serine/threonine-protein kinase flr-4
Serine/threonine-protein kinase fray1
GDNF family receptor alpha-like
Germinal center kinase 3
Germinal center kinase 1
Serine/threonine-protein kinase hippo
Serine/threonine-protein kinase KIC1
Calcium/calmodulin-dependent protein kinase type II
Mitogen-activated protein kinase kinase kinase 8
Peroxide stress-activated histidine kinase mak1
Mitogen-activated protein kinase kinase kinase 6
Mitogen-activated protein kinase kinase kinase kinase 5
Mitogen-activated protein kinase kinase 5
Mitogen-activated protein kinase kinase 8
Mitogen-activated protein kinase kinase kinase kinase 3
Mitogen-activated protein kinase kinase kinase kinase 4
MAP3K epsilon protein kinase 1
Mitogen-activated protein kinase kinase 4
Mitogen-activated protein kinase kinase kinase 14
Mitogen-activated protein kinase kinase kinase kinase 1
Mitogen-activated protein kinase kinase 9
Response regulator mcs4
Peroxide stress-activated histidine kinase mak3
Serine/threonine-protein kinase mig-15
Probable serine/threonine-protein kinase mkcA
Probable serine/threonine-protein kinase mkcE
Probable serine/threonine-protein kinase mkcD
Probable serine/threonine-protein kinase mkcB
Probable serine/threonine-protein kinase mkcF
Mitogen-activated protein kinase MKC1
Probable serine/threonine-protein kinase mkcC
MAP kinase kinase kinase mkh1
Dual specificity mitogen-activated protein kinase kinase 3
Serine/threonine-protein kinase nak1
Serine/threonine-protein kinase Nek4
Nik-related protein kinase
Serine/threonine-protein kinase OSR1
Serine/threonine-protein kinase PAK 2
Serine/threonine-protein kinase PAK 3
Serine/threonine-protein kinase PAK 6
Serine/threonine-protein kinase PAK 7
Serine/threonine-protein kinase pakC
Serine/threonine-protein kinase pakB
Serine/threonine-protein kinase pakF
Serine/threonine-protein kinase PAK mbt
Serine/threonine-protein kinase pakA
Serine/threonine-protein kinase pakG
Serine/threonine-protein kinase pakH
Serine/threonine-protein kinase PAK 4
Serine/threonine-protein kinase pakE
Serine/threonine-protein kinase pak-1
Serine/threonine-protein kinase pak-2
Serine/threonine-protein kinase ppk11
Serine/threonine-protein kinase SBK2
Serine/threonine-protein kinase sepA
Serine/threonine-protein kinase shk2
STE20-like serine/threonine-protein kinase
Stress-activated map kinase-interacting protein 1
Serine/threonine-protein kinase sid1
Serine/threonine-protein kinase SKM1
Serine/threonine-protein kinase 24
Serine/threonine-protein kinase 25
Serine/threonine-protein kinase 3
Serine/threonine-protein kinase srk1
Serine/threonine-protein kinase STE7
Serine/threonine-protein kinase 10
Serine/threonine-protein kinase 26
Serine/threonine-protein kinase 4 homolog A
Serine/threonine-protein kinase shk1/pak1
STE20/SPS1-related proline-alanine-rich protein kinase
STE20-related kinase adapter protein beta
Sporulation-specific protein 1
Serine/threonine-protein kinase 4
Putative serine/threonine-protein kinase STE20-like
STE20-related kinase adapter protein alpha
Serine/threonine-protein kinase STE20
Serine/threonine-protein kinase SULU
Serine/threonine-protein kinase CST20
Serine/threonine-protein kinase 4 homolog B
Serine/threonine-protein kinase svkA
Serine/threonine-protein kinase TAO3
Serine/threonine-protein kinase TAO1
Serine/threonine-protein kinase TAO2
Traf2 and NCK-interacting protein kinase
MAP kinase kinase kinase wis4
MAP kinase kinase kinase win1
Probable serine/threonine-protein kinase DDB_G0270146
Probable serine/threonine-protein kinase DDB_G0291918
Probable inactive serine/threonine-protein kinase DDB_G0293184
Probable serine/threonine-protein kinase DDB_G0292350
Probable serine/threonine-protein kinase DDB_G0284251
Probable serine/threonine-protein kinase DDB_G0278901
Putative serine/threonine-protein kinase C01C4.3
Putative tyrosine-protein kinase C03B1.5
