F-box protein AFR
COP9 signalosome complex subunit 2
COP9 signalosome complex subunit 3
COP9 signalosome complex subunit 7
COP9 signalosome complex subunit 4
COP9 signalosome complex subunit 5b
COP9 signalosome complex subunit 6a
COP9 signalosome complex subunit 6b
COP9 signalosome complex subunit 1
COP9 signalosome complex subunit 5a
COP9 signalosome complex subunit 8
DNA damage-binding protein 1a
Light-mediated development protein DET1
DNA damage-binding protein 1b
DNA damage-binding protein 1
Nucleoside diphosphate kinase 1
Protein PHYTOCHROME KINASE SUBSTRATE 2
Protein PHYTOCHROME KINASE SUBSTRATE 4
Protein PHYTOCHROME KINASE SUBSTRATE 3
Protein SPA1-RELATED 3
Protein SPA1-RELATED 4
Protein SPA1-RELATED 2
