Alpha-amylase
Alpha-amylase 3, chloroplastic
Glucan 1,4-alpha-maltohexaosidase
Glucan 1,4-alpha-maltotetraohydrolase
Beta-amylase 3, chloroplastic
Inactive beta-amylase 4, chloroplastic
Beta-amylase 1, chloroplastic
Beta-amylase 5
4-alpha-glucanotransferase DPE1, chloroplastic/amyloplastic
4-alpha-glucanotransferase DPE2
Alpha-glucan water dikinase 1, chloroplastic
Isoamylase 3, chloroplastic
Alpha-amylase MalA
Maltose excess protein 1, chloroplastic
Maltase-glucoamylase, intestinal
Pullulanase 1, chloroplastic
Phosphoglucan, water dikinase, chloroplastic
Outer membrane protein SusE
Alpha-amylase SusG
Glucan 1,4-alpha-glucosidase SusB
Neopullulanase SusA
