Acid-sensing ion channel 3
Sodium/potassium-transporting ATPase subunit gamma
ATP synthase subunit delta, sodium ion specific
ATP synthase subunit b, sodium ion specific
ATP synthase gamma chain, sodium ion specific
ATP synthase subunit a, sodium ion specific
ATP synthase epsilon chain, sodium ion specific
ATP synthase subunit alpha, sodium ion specific
ATP synthase subunit beta, sodium ion specific
ATP synthase subunit c, sodium ion specific
ATP synthase protein I, sodium ion specific
Bicarbonate transporter BicA
Cation/calcium exchanger 2
Cation/calcium exchanger 5
Cation/calcium exchanger 4
Cation/H(+) antiporter 23, chloroplastic
Calcineurin B homologous protein 2
CBL-interacting serine/threonine-protein kinase 16
Cation/H(+) antiporter 21
Citrate carrier
Oxaloacetate decarboxylase alpha chain
Dicarboxylate transporter 2, chloroplastic
Dicarboxylate transporter 1, chloroplastic
Dicarboxylate transporter 2.1, chloroplastic
Glutaconyl-CoA decarboxylase subunit alpha
Glutaconyl-CoA decarboxylase subunit gamma
Glutaconyl-CoA decarboxylase subunit beta
Glutamate receptor 1.1
Sodium transporter HKT1
Multidrug resistance protein HmrM
Putative K(+)-stimulated pyrophosphate-energized sodium pump
Cation transporter HKT1
Cation transporter HKT2
K(+)-stimulated pyrophosphate-energized sodium pump
Cation transporter HKT4
Cation transporter HKT8
Carboxybiotin decarboxylase
Sodium/calcium exchanger MaX1
Multidrug resistance protein MdtK
Na(+)/H(+) antiporter subunit A1
Na(+)/H(+) antiporter subunit B1
Na(+)/H(+) antiporter subunit C1
Na(+)/H(+) antiporter subunit D1
Na+/H+-antiporter, MnhD subunit
Na(+)/H(+) antiporter subunit E1
Na(+)/H(+) antiporter subunit F1
Na(+)/H(+) antiporter subunit G1
Malate-2H(+)/Na(+)-lactate antiporter
Na(+)/H(+) antiporter subunit B
Na(+)/H(+) antiporter subunit C
Na(+)/H(+) antiporter subunit G
Na(+)/H(+) antiporter subunit F
Na(+)/H(+) antiporter subunit E
Na(+)/H(+) antiporter subunit A
Na(+)/H(+) antiporter subunit D
Sodium/calcium exchanger 1
Sodium channel protein Nach
ABC transporter ATP-binding protein NatA
Putative Na(+)/H(+) antiporter NhaA homolog
Na(+)/H(+) antiporter NhaC
Na(+)/H(+) antiporter NhaA
ABC transporter permease protein NatB
Na(+)/H(+) antiporter NhaD
Putative sodium/calcium exchanger 6
Bumetanide-sensitive sodium-(potassium)-chloride cotransporter
Putative sodium/calcium exchanger 7
Multidrug resistance protein NorM
Na(+)-translocating NADH-quinone reductase subunit A
Na(+)-translocating NADH-quinone reductase subunit C
Na(+)-translocating NADH-quinone reductase subunit D
Na(+)-translocating NADH-quinone reductase subunit E
Na(+)-translocating NADH-quinone reductase subunit F
Na(+)-translocating NADH-quinone reductase subunit B
Ileal sodium/bile acid cotransporter
V-type sodium ATPase catalytic subunit A
V-type sodium ATPase subunit G
Oxaloacetate decarboxylase beta chain 2
Probable oxaloacetate decarboxylase beta chain
V-type sodium ATPase subunit K
Oxaloacetate decarboxylase beta chain 1
Probable oxaloacetate decarboxylase gamma chain 1
V-type sodium ATPase subunit F
V-type sodium ATPase subunit C
V-type sodium ATPase subunit E
V-type sodium ATPase subunit B
Potassium/sodium uptake protein NtpJ
V-type sodium ATPase subunit I
V-type sodium ATPase subunit D
Probable oxaloacetate decarboxylase gamma chain 2
Pickpocket protein 11
Pickpocket protein 19
Pickpocket protein 28
Serine protease 30
Pyruvate carboxylase subunit B
Solute carrier family 12 member 3
Putative sodium-coupled neutral amino acid transporter 11
Putative sodium-coupled neutral amino acid transporter 8
Putative sodium-coupled neutral amino acid transporter 10
Putative sodium-coupled neutral amino acid transporter 7
Probable sodium-coupled neutral amino acid transporter 6
Amiloride-sensitive sodium channel subunit alpha
Amiloride-sensitive sodium channel subunit gamma
Solute carrier family 12 member 1
Solute carrier family 12 member 2
Trafficking protein particle complex subunit 10
L-tartrate/succinate antiporter
