Indole-3-acetaldehyde oxidase
Aclacinomycin-N/aclacinomycin-A oxidase
Probable aldehyde oxidase 2
Aldehyde oxidase 1
Aldehyde oxidase 2
Probable aldehyde oxidase 1
Aldehyde oxidase 4
Probable aldehyde oxidase 3
Aldehyde oxidase 3
Probable aldehyde oxidase 4
Cannabidiolic acid synthase
Cannabidiolic acid synthase-like 2
Cannabidiolic acid synthase-like 1
Caffeine dehydrogenase subunit beta
Cytokinin dehydrogenase 2
Cytokinin dehydrogenase 8
Cytokinin dehydrogenase 6
Cytokinin dehydrogenase 11
Cytokinin dehydrogenase 3
Cytokinin dehydrogenase 7
Cytokinin dehydrogenase 1
Cytokinin dehydrogenase 4
Cytokinin dehydrogenase 9
Cytokinin dehydrogenase 5
Cytokinin dehydrogenase 10
D-2-hydroxyglutarate dehydrogenase, mitochondrial
Carbon monoxide dehydrogenase medium chain
Probable D-2-hydroxyglutarate dehydrogenase, mitochondrial
4-cresol dehydrogenase  flavoprotein subunit
Glucose dehydrogenase
Delta(24)-sterol reductase
Flavin-dependent oxidoreductase FOX4
Flavin-dependent oxidoreductase FOX5
Flavin-dependent oxidoreductase FOX2
Flavin-dependent oxidoreductase FOX3
6-hydroxy-D-nicotine oxidase
4-hydroxybenzoyl-CoA reductase subunit beta
Possible hemolysin C
Hemolysin C homolog
Protein HOTHEAD
6-hydroxypseudooxynicotine dehydrogenase complex subunit alpha
(R)-mandelonitrile lyase 2
(R)-mandelonitrile lyase-like
(R)-mandelonitrile lyase 1
Nicotinate dehydrogenase FAD-subunit
Quinohemoprotein ethanol dehydrogenase type-1
L-sorbose 1-dehydrogenase
Tetrahydrocannabinolic acid synthase
Inactive tetrahydrocannabinolic acid synthase
Putative dehydrogenase XoxF
Aldo-keto reductase yakc
FAD-linked oxidoreductase DDB_G0289697
Putative GMC-type oxidoreductase L128
Putative truncated GMC-type inactive oxidoreductase R832
Putative truncated GMC-type inactive oxidoreductase R833
