Alpha trans-inducing factor
Tegument protein BKRF4
Tegument protein BRRF2
Tegument protein BLRF2
Single-stranded DNA-binding protein
Major DNA-binding protein
DNA polymerase processivity factor BMRF1
Major viral transcription factor ICP4
mRNA export factor ICP27 homolog
Major viral transcription factor ICP4 homolog
Transcriptional regulator ICP22 homolog
Thymidine kinase
Serine/threonine-protein kinase BGLF4
Large tegument protein deneddylase
Membrane protein UL43 homolog
Major tegument protein
Protein ORF45
Tegument protein ORF52
Protein ORF75
Large structural phosphoprotein
Tegument protein ORF48
DNA polymerase processivity factor
Phosphoprotein 85
Protein pp71
71 kDa phosphoprotein
65 kDa phosphoprotein
Tegument protein pp150
Tegument protein UL14
Tegument protein UL21 homolog
Tegument protein UL47
Tegument protein UL47 homolog
Tegument protein UL51 homolog
Tegument protein UL46
Tegument protein UL14 homolog
Tegument protein UL21
Tegument protein UL55
Gene 55 protein
Tegument protein UL46 homolog
Tegument protein UL55 homolog
Tegument protein ORF55
Virion egress protein UL7 homolog
Serine/threonine-protein kinase UL13
Capsid-binding protein UL16 homolog
Tegument protein UL26
Protein UL49
Protein U33
Serine/threonine-protein kinase UL13 homolog
Tegument protein UL35
Capsid assembly protein UL37 homolog
Tegument protein US23
Capsid-binding protein UL16
Tegument protein UL43
Protein ORF66
Serine/threonine-protein kinase US3
Protein US23
Tegument protein UL23
Protein UL35
Capsid assembly protein UL37
Envelope protein US9 homolog
Tegument protein US24
Tegument protein VP16 homolog
Tegument protein VP22
Probable membrane antigen 3
Protein UL24
Early nuclear protein HWLF1
Probable tegument protein antigen 3
Tegument protein US22
Probable membrane antigen 75
Tegument protein VP16
Tegument protein UL24
