Beta-adrenergic receptor kinase 1
C-C motif chemokine 2
C-X-C chemokine receptor type 6
S-adenosylmethionine decarboxylase proenzyme 1
Protein DEK
DNA polymerase
DNA helicase/primase complex-associated protein
HIV Tat-specific factor 1
Late expression factor 3
Late expression factor 1
Ragulator complex protein LAMTOR5 homolog
Nuclear factor 1 A-type
Non-structural protein 2
Non-structural protein 5
Non-structural protein NS1
Phosphoprotein
RNA-directed RNA polymerase beta chain
RNA-directed RNA polymerase VP1
RNA-directed RNA polymerase subunit beta
RNA-directed RNA polymerase VP2
Protein Rep52
Protein Rep40
Trans-activating transcriptional regulatory protein
Transitional endoplasmic reticulum ATPase
Upstream-binding protein 1
ATP-dependent DNA helicase P143
Non-capsid protein NS-1
DNA polymerase processivity factor
Replication protein E1
Putative non-capsid protein NS-1
Protein X
Protein U94
Putative X-Core fused protein
