Probable N-acetylmuramidase
Lysozyme B
Lysozyme C I
Lysozyme C, spleen isozyme
Lysozyme C-3
Lysozyme C-1/C-2
Lysozyme 1
Lysozyme A/C
Lysozyme c-1
Lysozyme C-1
Lysozyme C-2
Lysozyme-like protein 1
Lysozyme-like protein 6
Lysozyme 3
Lysozyme C
Lysozyme-like peptide
Lysozyme S
B-enzyme
Lysozyme
Putative peptidoglycan hydrolase Rv2525c
Lysozyme P
Lysozyme-like protein 2
Sperm acrosome-associated protein 5
Lysozyme C, milk isozyme
Lysozyme X
Lysozyme-like protein 4
Putative lysozyme C-2
Lysozyme C, non-stomach isozyme
Lysozyme 2
Lysozyme C II
Lysozyme C, kidney isozyme
Lysozyme C, tracheal isozyme
Lysozyme C, intestinal isozyme
Lysozyme D
Muramidase-2
Sperm acrosome membrane-associated protein 3
Probable endopeptidase YddH
